1.0659 	WARNING 	We strongly recommend you activate the PTB sound engine in PsychoPy prefs as the preferred audio engine. Its timing is vastly superior. Your prefs are currently set to use ['sounddevice', 'PTB', 'pyo', 'pygame'] (in that order).
4.5317 	WARNING 	User requested fullscreen with size [1024  768], but screen is actually [1440, 900]. Using actual size
5.8336 	WARNING 	Couldn't measure a consistent frame rate!
  - Is your graphics card set to sync to vertical blank?
  - Are you running other processes on your computer?

5.8345 	EXP 	Created window1 = Window(allowGUI=True, allowStencil=False, autoLog=True, backendConf=UNKNOWN, bitsMode=UNKNOWN, blendMode='avg', bpc=(8, 8, 8), color=array([0, 0, 0]), colorSpace='rgb', depthBits=8, fullscr=<method-wrapper '__getattribute__' of attributeSetter object at 0x7fb51c5eac40>, gamma=None, gammaErrorPolicy='raise', lms=UNKNOWN, monitor=<psychopy.monitors.calibTools.Monitor object at 0x7fb4da88e5e0>, multiSample=False, name='window1', numSamples=2, pos=[360.0, 225.0], screen=0, size=array([2880, 1800]), stencilBits=0, stereo=False, units='height', useFBO=True, useRetina=True, viewOri=0.0, viewPos=None, viewScale=None, waitBlanking=True, winType='pyglet')
5.8349 	EXP 	window1: mouseVisible = True
5.8362 	EXP 	window1: mouseVisible = False
5.8363 	EXP 	window1: Attempting to measure frame rate of screen (0) ...
5.8363 	EXP 	window1: recordFrameIntervals = False
5.9170 	EXP 	window1: recordFrameIntervals = True
6.7558 	WARNING 	Couldn't measure a consistent frame rate!
  - Is your graphics card set to sync to vertical blank?
  - Are you running other processes on your computer?

8.7185 	EXP 	Created fix_rand = TextStim(__class__=<class 'psychopy.visual.text.TextStim'>, alignHoriz=method-wrapper(...), alignText='center', alignVert=method-wrapper(...), anchorHoriz='center', anchorVert='center', antialias=True, autoDraw=False, autoLog=True, bold=False, color=array([1, 1, 1]), colorSpace='rgb', contrast=1.0, depth=0.0, flipHoriz=False, flipVert=False, font='Open Sans', fontFiles=[], height=0.1, italic=False, languageStyle='LTR', name='fix_rand', opacity=1.0, ori=0.0, pos=array([0., 0.]), rgb=UNKNOWN, text='', units='height', win=Window(...), wrapWidth=1)
8.7244 	EXP 	Created Stimulus = ImageStim(__class__=<class 'psychopy.visual.image.ImageStim'>, anchor=('center', 'center'), autoLog=True, color=array([1, 1, 1]), colorSpace='rgb', contrast=1.0, depth=0.0, flipHoriz=False, flipVert=False, image='sin', interpolate=True, mask=None, maskParams=None, name='Stimulus', opacity=1.0, ori=0.0, pos=array([0., 0.]), size=array([1., 1.]), texRes=128.0, units='height', win=Window(...))
8.7377 	EXP 	Imported StimList.xlsx as conditions, 80 conditions, 2 params
8.7402 	EXP 	Created sequence: random, trialTypes=80, nReps=5, seed=None
8.7404 	EXP 	New trial (rep=0, index=0): {'face': '/Users/jantzek/Documents/Easy_BCI/PsychoPy Examples/N170/Stim/White Men/12.jpg', 'trigger': 2}
8.7731 	WARNING 	t of last frame was 2017.71ms (=1/0)
8.7731 	EXP 	fix_rand: height = 0.1
8.7731 	EXP 	fix_rand: height = 0.1
8.7731 	EXP 	fix_rand: height = 0.1
8.7731 	EXP 	fix_rand: text = '+'
8.7731 	EXP 	fix_rand: autoDraw = True
10.0083 	WARNING 	t of last frame was 141.70ms (=1/7)
10.0083 	EXP 	fix_rand: autoDraw = False
10.0083 	EXP 	fix_rand: autoDraw = False
10.0083 	EXP 	Stimulus: image = '/Users/jantzek/Documents/Easy_BCI/PsychoPy Examples/N170/Stim/White Men/12.jpg'
10.0083 	EXP 	Stimulus: autoDraw = True
10.1230 	EXP 	New trial (rep=0, index=1): {'face': '/Users/jantzek/Documents/Easy_BCI/PsychoPy Examples/N170/Stim/shoes/mens/79.jpg', 'trigger': 1}
10.1328 	EXP 	Stimulus: autoDraw = False
10.1328 	EXP 	fix_rand: text = '+'
10.1328 	EXP 	fix_rand: autoDraw = True
11.2830 	WARNING 	t of last frame was 27.34ms (=1/36)
11.2830 	EXP 	fix_rand: autoDraw = False
11.2830 	EXP 	fix_rand: autoDraw = False
11.2830 	EXP 	Stimulus: image = '/Users/jantzek/Documents/Easy_BCI/PsychoPy Examples/N170/Stim/shoes/mens/79.jpg'
11.2830 	EXP 	Stimulus: autoDraw = True
11.5075 	EXP 	New trial (rep=0, index=2): {'face': '/Users/jantzek/Documents/Easy_BCI/PsychoPy Examples/N170/Stim/White Men/39.jpg', 'trigger': 2}
11.5163 	EXP 	Stimulus: autoDraw = False
11.5163 	EXP 	fix_rand: text = '+'
11.5163 	EXP 	fix_rand: autoDraw = True
12.7611 	WARNING 	t of last frame was 94.50ms (=1/10)
12.7611 	EXP 	fix_rand: autoDraw = False
12.7611 	EXP 	fix_rand: autoDraw = False
12.7611 	EXP 	Stimulus: image = '/Users/jantzek/Documents/Easy_BCI/PsychoPy Examples/N170/Stim/White Men/39.jpg'
12.7611 	EXP 	Stimulus: autoDraw = True
12.9233 	EXP 	New trial (rep=0, index=3): {'face': '/Users/jantzek/Documents/Easy_BCI/PsychoPy Examples/N170/Stim/White Men/17.jpg', 'trigger': 2}
12.9329 	EXP 	Stimulus: autoDraw = False
12.9329 	EXP 	fix_rand: text = '+'
12.9329 	EXP 	fix_rand: autoDraw = True
14.1057 	WARNING 	Multiple dropped frames have occurred - I'll stop bothering you about them!
14.1057 	EXP 	fix_rand: autoDraw = False
14.1057 	EXP 	fix_rand: autoDraw = False
14.1057 	EXP 	Stimulus: image = '/Users/jantzek/Documents/Easy_BCI/PsychoPy Examples/N170/Stim/White Men/17.jpg'
14.1057 	EXP 	Stimulus: autoDraw = True
14.2913 	EXP 	New trial (rep=0, index=4): {'face': '/Users/jantzek/Documents/Easy_BCI/PsychoPy Examples/N170/Stim/shoes/mens/64.jpg', 'trigger': 1}
14.2994 	EXP 	Stimulus: autoDraw = False
14.2994 	EXP 	fix_rand: text = '+'
14.2994 	EXP 	fix_rand: autoDraw = True
15.3991 	EXP 	fix_rand: autoDraw = False
15.3991 	EXP 	fix_rand: autoDraw = False
15.3991 	EXP 	Stimulus: image = '/Users/jantzek/Documents/Easy_BCI/PsychoPy Examples/N170/Stim/shoes/mens/64.jpg'
15.3991 	EXP 	Stimulus: autoDraw = True
15.6238 	EXP 	New trial (rep=0, index=5): {'face': '/Users/jantzek/Documents/Easy_BCI/PsychoPy Examples/N170/Stim/White Men/16.jpg', 'trigger': 2}
15.6329 	EXP 	Stimulus: autoDraw = False
15.6329 	EXP 	fix_rand: text = '+'
15.6329 	EXP 	fix_rand: autoDraw = True
16.8314 	EXP 	fix_rand: autoDraw = False
16.8314 	EXP 	fix_rand: autoDraw = False
16.8314 	EXP 	Stimulus: image = '/Users/jantzek/Documents/Easy_BCI/PsychoPy Examples/N170/Stim/White Men/16.jpg'
16.8314 	EXP 	Stimulus: autoDraw = True
17.0166 	EXP 	New trial (rep=0, index=6): {'face': '/Users/jantzek/Documents/Easy_BCI/PsychoPy Examples/N170/Stim/shoes/mens/67.jpg', 'trigger': 1}
17.0218 	EXP 	Stimulus: autoDraw = False
17.0218 	EXP 	fix_rand: text = '+'
17.0218 	EXP 	fix_rand: autoDraw = True
18.1356 	EXP 	fix_rand: autoDraw = False
18.1356 	EXP 	fix_rand: autoDraw = False
18.1356 	EXP 	Stimulus: image = '/Users/jantzek/Documents/Easy_BCI/PsychoPy Examples/N170/Stim/shoes/mens/67.jpg'
18.1356 	EXP 	Stimulus: autoDraw = True
18.3576 	EXP 	New trial (rep=0, index=7): {'face': '/Users/jantzek/Documents/Easy_BCI/PsychoPy Examples/N170/Stim/shoes/mens/55.jpg', 'trigger': 1}
18.3662 	EXP 	Stimulus: autoDraw = False
18.3662 	EXP 	fix_rand: text = '+'
18.3662 	EXP 	fix_rand: autoDraw = True
19.4726 	EXP 	fix_rand: autoDraw = False
19.4726 	EXP 	fix_rand: autoDraw = False
19.4726 	EXP 	Stimulus: image = '/Users/jantzek/Documents/Easy_BCI/PsychoPy Examples/N170/Stim/shoes/mens/55.jpg'
19.4726 	EXP 	Stimulus: autoDraw = True
19.7081 	EXP 	New trial (rep=0, index=8): {'face': '/Users/jantzek/Documents/Easy_BCI/PsychoPy Examples/N170/Stim/White Men/7.jpg', 'trigger': 2}
19.7162 	EXP 	Stimulus: autoDraw = False
19.7162 	EXP 	fix_rand: text = '+'
19.7162 	EXP 	fix_rand: autoDraw = True
20.9289 	EXP 	fix_rand: autoDraw = False
20.9289 	EXP 	fix_rand: autoDraw = False
20.9289 	EXP 	Stimulus: image = '/Users/jantzek/Documents/Easy_BCI/PsychoPy Examples/N170/Stim/White Men/7.jpg'
20.9289 	EXP 	Stimulus: autoDraw = True
21.1067 	EXP 	New trial (rep=0, index=9): {'face': '/Users/jantzek/Documents/Easy_BCI/PsychoPy Examples/N170/Stim/White Men/21.jpg', 'trigger': 2}
21.1163 	EXP 	Stimulus: autoDraw = False
21.1163 	EXP 	fix_rand: text = '+'
21.1163 	EXP 	fix_rand: autoDraw = True
22.3347 	EXP 	fix_rand: autoDraw = False
22.3347 	EXP 	fix_rand: autoDraw = False
22.3347 	EXP 	Stimulus: image = '/Users/jantzek/Documents/Easy_BCI/PsychoPy Examples/N170/Stim/White Men/21.jpg'
22.3347 	EXP 	Stimulus: autoDraw = True
22.5334 	EXP 	New trial (rep=0, index=10): {'face': '/Users/jantzek/Documents/Easy_BCI/PsychoPy Examples/N170/Stim/White Men/9.jpg', 'trigger': 2}
22.5389 	EXP 	Stimulus: autoDraw = False
22.5389 	EXP 	fix_rand: text = '+'
22.5389 	EXP 	fix_rand: autoDraw = True
23.8408 	EXP 	fix_rand: autoDraw = False
23.8408 	EXP 	fix_rand: autoDraw = False
23.8408 	EXP 	Stimulus: image = '/Users/jantzek/Documents/Easy_BCI/PsychoPy Examples/N170/Stim/White Men/9.jpg'
23.8408 	EXP 	Stimulus: autoDraw = True
24.0401 	EXP 	New trial (rep=0, index=11): {'face': '/Users/jantzek/Documents/Easy_BCI/PsychoPy Examples/N170/Stim/shoes/mens/48.jpg', 'trigger': 1}
24.0497 	EXP 	Stimulus: autoDraw = False
24.0497 	EXP 	fix_rand: text = '+'
24.0497 	EXP 	fix_rand: autoDraw = True
25.1855 	EXP 	fix_rand: autoDraw = False
25.1855 	EXP 	fix_rand: autoDraw = False
25.1855 	EXP 	Stimulus: image = '/Users/jantzek/Documents/Easy_BCI/PsychoPy Examples/N170/Stim/shoes/mens/48.jpg'
25.1855 	EXP 	Stimulus: autoDraw = True
25.4168 	EXP 	New trial (rep=0, index=12): {'face': '/Users/jantzek/Documents/Easy_BCI/PsychoPy Examples/N170/Stim/White Men/26.jpg', 'trigger': 2}
25.4240 	EXP 	Stimulus: autoDraw = False
25.4240 	EXP 	fix_rand: text = '+'
25.4240 	EXP 	fix_rand: autoDraw = True
26.5724 	EXP 	fix_rand: autoDraw = False
26.5724 	EXP 	fix_rand: autoDraw = False
26.5724 	EXP 	Stimulus: image = '/Users/jantzek/Documents/Easy_BCI/PsychoPy Examples/N170/Stim/White Men/26.jpg'
26.5724 	EXP 	Stimulus: autoDraw = True
26.7571 	EXP 	New trial (rep=0, index=13): {'face': '/Users/jantzek/Documents/Easy_BCI/PsychoPy Examples/N170/Stim/White Men/8.jpg', 'trigger': 2}
26.7663 	EXP 	Stimulus: autoDraw = False
26.7663 	EXP 	fix_rand: text = '+'
26.7663 	EXP 	fix_rand: autoDraw = True
27.9014 	EXP 	fix_rand: autoDraw = False
27.9014 	EXP 	fix_rand: autoDraw = False
27.9014 	EXP 	Stimulus: image = '/Users/jantzek/Documents/Easy_BCI/PsychoPy Examples/N170/Stim/White Men/8.jpg'
27.9014 	EXP 	Stimulus: autoDraw = True
28.1002 	EXP 	New trial (rep=0, index=14): {'face': '/Users/jantzek/Documents/Easy_BCI/PsychoPy Examples/N170/Stim/White Men/1.jpg', 'trigger': 2}
28.1057 	EXP 	Stimulus: autoDraw = False
28.1057 	EXP 	fix_rand: text = '+'
28.1057 	EXP 	fix_rand: autoDraw = True
29.1964 	EXP 	fix_rand: autoDraw = False
29.1964 	EXP 	fix_rand: autoDraw = False
29.1964 	EXP 	Stimulus: image = '/Users/jantzek/Documents/Easy_BCI/PsychoPy Examples/N170/Stim/White Men/1.jpg'
29.1964 	EXP 	Stimulus: autoDraw = True
29.3904 	EXP 	New trial (rep=0, index=15): {'face': '/Users/jantzek/Documents/Easy_BCI/PsychoPy Examples/N170/Stim/shoes/mens/50.jpg', 'trigger': 1}
29.3998 	EXP 	Stimulus: autoDraw = False
29.3998 	EXP 	fix_rand: text = '+'
29.3998 	EXP 	fix_rand: autoDraw = True
30.5438 	EXP 	fix_rand: autoDraw = False
30.5438 	EXP 	fix_rand: autoDraw = False
30.5438 	EXP 	Stimulus: image = '/Users/jantzek/Documents/Easy_BCI/PsychoPy Examples/N170/Stim/shoes/mens/50.jpg'
30.5438 	EXP 	Stimulus: autoDraw = True
30.7745 	EXP 	New trial (rep=0, index=16): {'face': '/Users/jantzek/Documents/Easy_BCI/PsychoPy Examples/N170/Stim/shoes/mens/58.jpg', 'trigger': 1}
30.7829 	EXP 	Stimulus: autoDraw = False
30.7829 	EXP 	fix_rand: text = '+'
30.7829 	EXP 	fix_rand: autoDraw = True
32.0551 	EXP 	fix_rand: autoDraw = False
32.0551 	EXP 	fix_rand: autoDraw = False
32.0551 	EXP 	Stimulus: image = '/Users/jantzek/Documents/Easy_BCI/PsychoPy Examples/N170/Stim/shoes/mens/58.jpg'
32.0551 	EXP 	Stimulus: autoDraw = True
32.2906 	EXP 	New trial (rep=0, index=17): {'face': '/Users/jantzek/Documents/Easy_BCI/PsychoPy Examples/N170/Stim/shoes/mens/69.jpg', 'trigger': 1}
32.2996 	EXP 	Stimulus: autoDraw = False
32.2996 	EXP 	fix_rand: text = '+'
32.2996 	EXP 	fix_rand: autoDraw = True
33.4221 	EXP 	fix_rand: autoDraw = False
33.4221 	EXP 	fix_rand: autoDraw = False
33.4221 	EXP 	Stimulus: image = '/Users/jantzek/Documents/Easy_BCI/PsychoPy Examples/N170/Stim/shoes/mens/69.jpg'
33.4221 	EXP 	Stimulus: autoDraw = True
33.6572 	EXP 	New trial (rep=0, index=18): {'face': '/Users/jantzek/Documents/Easy_BCI/PsychoPy Examples/N170/Stim/shoes/mens/51.jpg', 'trigger': 1}
33.6664 	EXP 	Stimulus: autoDraw = False
33.6664 	EXP 	fix_rand: text = '+'
33.6664 	EXP 	fix_rand: autoDraw = True
34.7605 	EXP 	fix_rand: autoDraw = False
34.7605 	EXP 	fix_rand: autoDraw = False
34.7605 	EXP 	Stimulus: image = '/Users/jantzek/Documents/Easy_BCI/PsychoPy Examples/N170/Stim/shoes/mens/51.jpg'
34.7605 	EXP 	Stimulus: autoDraw = True
34.9911 	EXP 	New trial (rep=0, index=19): {'face': '/Users/jantzek/Documents/Easy_BCI/PsychoPy Examples/N170/Stim/White Men/29.jpg', 'trigger': 2}
34.9997 	EXP 	Stimulus: autoDraw = False
34.9997 	EXP 	fix_rand: text = '+'
34.9997 	EXP 	fix_rand: autoDraw = True
36.1041 	EXP 	fix_rand: autoDraw = False
36.1041 	EXP 	fix_rand: autoDraw = False
36.1041 	EXP 	Stimulus: image = '/Users/jantzek/Documents/Easy_BCI/PsychoPy Examples/N170/Stim/White Men/29.jpg'
36.1041 	EXP 	Stimulus: autoDraw = True
36.2751 	EXP 	New trial (rep=0, index=20): {'face': '/Users/jantzek/Documents/Easy_BCI/PsychoPy Examples/N170/Stim/White Men/18.jpg', 'trigger': 2}
36.2827 	EXP 	Stimulus: autoDraw = False
36.2827 	EXP 	fix_rand: text = '+'
36.2827 	EXP 	fix_rand: autoDraw = True
37.4166 	EXP 	fix_rand: autoDraw = False
37.4166 	EXP 	fix_rand: autoDraw = False
37.4166 	EXP 	Stimulus: image = '/Users/jantzek/Documents/Easy_BCI/PsychoPy Examples/N170/Stim/White Men/18.jpg'
37.4166 	EXP 	Stimulus: autoDraw = True
37.6071 	EXP 	New trial (rep=0, index=21): {'face': '/Users/jantzek/Documents/Easy_BCI/PsychoPy Examples/N170/Stim/White Men/35.jpg', 'trigger': 2}
37.6165 	EXP 	Stimulus: autoDraw = False
37.6165 	EXP 	fix_rand: text = '+'
37.6165 	EXP 	fix_rand: autoDraw = True
38.7422 	EXP 	fix_rand: autoDraw = False
38.7422 	EXP 	fix_rand: autoDraw = False
38.7422 	EXP 	Stimulus: image = '/Users/jantzek/Documents/Easy_BCI/PsychoPy Examples/N170/Stim/White Men/35.jpg'
38.7422 	EXP 	Stimulus: autoDraw = True
38.9405 	EXP 	New trial (rep=0, index=22): {'face': '/Users/jantzek/Documents/Easy_BCI/PsychoPy Examples/N170/Stim/shoes/mens/75.jpg', 'trigger': 1}
38.9498 	EXP 	Stimulus: autoDraw = False
38.9498 	EXP 	fix_rand: text = '+'
38.9498 	EXP 	fix_rand: autoDraw = True
40.1980 	EXP 	fix_rand: autoDraw = False
40.1980 	EXP 	fix_rand: autoDraw = False
40.1980 	EXP 	Stimulus: image = '/Users/jantzek/Documents/Easy_BCI/PsychoPy Examples/N170/Stim/shoes/mens/75.jpg'
40.1980 	EXP 	Stimulus: autoDraw = True
40.4247 	EXP 	New trial (rep=0, index=23): {'face': '/Users/jantzek/Documents/Easy_BCI/PsychoPy Examples/N170/Stim/White Men/3.jpg', 'trigger': 2}
40.4330 	EXP 	Stimulus: autoDraw = False
40.4330 	EXP 	fix_rand: text = '+'
40.4330 	EXP 	fix_rand: autoDraw = True
41.6140 	EXP 	fix_rand: autoDraw = False
41.6140 	EXP 	fix_rand: autoDraw = False
41.6140 	EXP 	Stimulus: image = '/Users/jantzek/Documents/Easy_BCI/PsychoPy Examples/N170/Stim/White Men/3.jpg'
41.6140 	EXP 	Stimulus: autoDraw = True
41.8002 	EXP 	New trial (rep=0, index=24): {'face': '/Users/jantzek/Documents/Easy_BCI/PsychoPy Examples/N170/Stim/shoes/mens/70.jpg', 'trigger': 1}
41.8053 	EXP 	Stimulus: autoDraw = False
41.8053 	EXP 	fix_rand: text = '+'
41.8053 	EXP 	fix_rand: autoDraw = True
42.8961 	EXP 	fix_rand: autoDraw = False
42.8961 	EXP 	fix_rand: autoDraw = False
42.8961 	EXP 	Stimulus: image = '/Users/jantzek/Documents/Easy_BCI/PsychoPy Examples/N170/Stim/shoes/mens/70.jpg'
42.8961 	EXP 	Stimulus: autoDraw = True
43.1244 	EXP 	New trial (rep=0, index=25): {'face': '/Users/jantzek/Documents/Easy_BCI/PsychoPy Examples/N170/Stim/shoes/mens/57.jpg', 'trigger': 1}
43.1330 	EXP 	Stimulus: autoDraw = False
43.1330 	EXP 	fix_rand: text = '+'
43.1330 	EXP 	fix_rand: autoDraw = True
44.2220 	EXP 	fix_rand: autoDraw = False
44.2220 	EXP 	fix_rand: autoDraw = False
44.2220 	EXP 	Stimulus: image = '/Users/jantzek/Documents/Easy_BCI/PsychoPy Examples/N170/Stim/shoes/mens/57.jpg'
44.2220 	EXP 	Stimulus: autoDraw = True
44.4577 	EXP 	New trial (rep=0, index=26): {'face': '/Users/jantzek/Documents/Easy_BCI/PsychoPy Examples/N170/Stim/shoes/mens/65.jpg', 'trigger': 1}
44.4664 	EXP 	Stimulus: autoDraw = False
44.4664 	EXP 	fix_rand: text = '+'
44.4664 	EXP 	fix_rand: autoDraw = True
45.6095 	EXP 	fix_rand: autoDraw = False
45.6095 	EXP 	fix_rand: autoDraw = False
45.6095 	EXP 	Stimulus: image = '/Users/jantzek/Documents/Easy_BCI/PsychoPy Examples/N170/Stim/shoes/mens/65.jpg'
45.6095 	EXP 	Stimulus: autoDraw = True
45.8414 	EXP 	New trial (rep=0, index=27): {'face': '/Users/jantzek/Documents/Easy_BCI/PsychoPy Examples/N170/Stim/shoes/mens/73.jpg', 'trigger': 1}
45.8499 	EXP 	Stimulus: autoDraw = False
45.8499 	EXP 	fix_rand: text = '+'
45.8499 	EXP 	fix_rand: autoDraw = True
46.9045 	EXP 	fix_rand: autoDraw = False
46.9045 	EXP 	fix_rand: autoDraw = False
46.9045 	EXP 	Stimulus: image = '/Users/jantzek/Documents/Easy_BCI/PsychoPy Examples/N170/Stim/shoes/mens/73.jpg'
46.9045 	EXP 	Stimulus: autoDraw = True
47.1404 	EXP 	New trial (rep=0, index=28): {'face': '/Users/jantzek/Documents/Easy_BCI/PsychoPy Examples/N170/Stim/White Men/4.jpg', 'trigger': 2}
47.1497 	EXP 	Stimulus: autoDraw = False
47.1497 	EXP 	fix_rand: text = '+'
47.1497 	EXP 	fix_rand: autoDraw = True
48.3485 	EXP 	fix_rand: autoDraw = False
48.3485 	EXP 	fix_rand: autoDraw = False
48.3485 	EXP 	Stimulus: image = '/Users/jantzek/Documents/Easy_BCI/PsychoPy Examples/N170/Stim/White Men/4.jpg'
48.3485 	EXP 	Stimulus: autoDraw = True
48.5335 	EXP 	New trial (rep=0, index=29): {'face': '/Users/jantzek/Documents/Easy_BCI/PsychoPy Examples/N170/Stim/White Men/30.jpg', 'trigger': 2}
48.5384 	EXP 	Stimulus: autoDraw = False
48.5384 	EXP 	fix_rand: text = '+'
48.5384 	EXP 	fix_rand: autoDraw = True
49.7665 	EXP 	fix_rand: autoDraw = False
49.7665 	EXP 	fix_rand: autoDraw = False
49.7665 	EXP 	Stimulus: image = '/Users/jantzek/Documents/Easy_BCI/PsychoPy Examples/N170/Stim/White Men/30.jpg'
49.7665 	EXP 	Stimulus: autoDraw = True
49.9670 	EXP 	New trial (rep=0, index=30): {'face': '/Users/jantzek/Documents/Easy_BCI/PsychoPy Examples/N170/Stim/White Men/6.jpg', 'trigger': 2}
49.9724 	EXP 	Stimulus: autoDraw = False
49.9724 	EXP 	fix_rand: text = '+'
49.9724 	EXP 	fix_rand: autoDraw = True
51.1950 	EXP 	fix_rand: autoDraw = False
51.1950 	EXP 	fix_rand: autoDraw = False
51.1950 	EXP 	Stimulus: image = '/Users/jantzek/Documents/Easy_BCI/PsychoPy Examples/N170/Stim/White Men/6.jpg'
51.1950 	EXP 	Stimulus: autoDraw = True
51.4001 	EXP 	New trial (rep=0, index=31): {'face': '/Users/jantzek/Documents/Easy_BCI/PsychoPy Examples/N170/Stim/shoes/mens/46.jpg', 'trigger': 1}
51.4055 	EXP 	Stimulus: autoDraw = False
51.4055 	EXP 	fix_rand: text = '+'
51.4055 	EXP 	fix_rand: autoDraw = True
52.6737 	EXP 	fix_rand: autoDraw = False
52.6737 	EXP 	fix_rand: autoDraw = False
52.6737 	EXP 	Stimulus: image = '/Users/jantzek/Documents/Easy_BCI/PsychoPy Examples/N170/Stim/shoes/mens/46.jpg'
52.6737 	EXP 	Stimulus: autoDraw = True
52.9006 	EXP 	New trial (rep=0, index=32): {'face': '/Users/jantzek/Documents/Easy_BCI/PsychoPy Examples/N170/Stim/shoes/mens/41.jpg', 'trigger': 1}
52.9071 	EXP 	Stimulus: autoDraw = False
52.9071 	EXP 	fix_rand: text = '+'
52.9071 	EXP 	fix_rand: autoDraw = True
54.0579 	EXP 	fix_rand: autoDraw = False
54.0579 	EXP 	fix_rand: autoDraw = False
54.0579 	EXP 	Stimulus: image = '/Users/jantzek/Documents/Easy_BCI/PsychoPy Examples/N170/Stim/shoes/mens/41.jpg'
54.0579 	EXP 	Stimulus: autoDraw = True
54.2916 	EXP 	New trial (rep=0, index=33): {'face': '/Users/jantzek/Documents/Easy_BCI/PsychoPy Examples/N170/Stim/shoes/mens/71.jpg', 'trigger': 1}
54.2997 	EXP 	Stimulus: autoDraw = False
54.2997 	EXP 	fix_rand: text = '+'
54.2997 	EXP 	fix_rand: autoDraw = True
55.3433 	EXP 	fix_rand: autoDraw = False
55.3433 	EXP 	fix_rand: autoDraw = False
55.3433 	EXP 	Stimulus: image = '/Users/jantzek/Documents/Easy_BCI/PsychoPy Examples/N170/Stim/shoes/mens/71.jpg'
55.3433 	EXP 	Stimulus: autoDraw = True
55.5740 	EXP 	New trial (rep=0, index=34): {'face': '/Users/jantzek/Documents/Easy_BCI/PsychoPy Examples/N170/Stim/White Men/10.jpg', 'trigger': 2}
55.5830 	EXP 	Stimulus: autoDraw = False
55.5830 	EXP 	fix_rand: text = '+'
55.5830 	EXP 	fix_rand: autoDraw = True
56.8179 	EXP 	fix_rand: autoDraw = False
56.8179 	EXP 	fix_rand: autoDraw = False
56.8179 	EXP 	Stimulus: image = '/Users/jantzek/Documents/Easy_BCI/PsychoPy Examples/N170/Stim/White Men/10.jpg'
56.8179 	EXP 	Stimulus: autoDraw = True
57.0002 	EXP 	New trial (rep=0, index=35): {'face': '/Users/jantzek/Documents/Easy_BCI/PsychoPy Examples/N170/Stim/shoes/mens/66.jpg', 'trigger': 1}
57.0052 	EXP 	Stimulus: autoDraw = False
57.0052 	EXP 	fix_rand: text = '+'
57.0052 	EXP 	fix_rand: autoDraw = True
58.1437 	EXP 	fix_rand: autoDraw = False
58.1437 	EXP 	fix_rand: autoDraw = False
58.1437 	EXP 	Stimulus: image = '/Users/jantzek/Documents/Easy_BCI/PsychoPy Examples/N170/Stim/shoes/mens/66.jpg'
58.1437 	EXP 	Stimulus: autoDraw = True
58.3743 	EXP 	New trial (rep=0, index=36): {'face': '/Users/jantzek/Documents/Easy_BCI/PsychoPy Examples/N170/Stim/shoes/mens/43.jpg', 'trigger': 1}
58.3827 	EXP 	Stimulus: autoDraw = False
58.3827 	EXP 	fix_rand: text = '+'
58.3827 	EXP 	fix_rand: autoDraw = True
59.5389 	EXP 	fix_rand: autoDraw = False
59.5389 	EXP 	fix_rand: autoDraw = False
59.5389 	EXP 	Stimulus: image = '/Users/jantzek/Documents/Easy_BCI/PsychoPy Examples/N170/Stim/shoes/mens/43.jpg'
59.5389 	EXP 	Stimulus: autoDraw = True
59.7734 	EXP 	New trial (rep=0, index=37): {'face': '/Users/jantzek/Documents/Easy_BCI/PsychoPy Examples/N170/Stim/shoes/mens/76.jpg', 'trigger': 1}
59.7834 	EXP 	Stimulus: autoDraw = False
59.7834 	EXP 	fix_rand: text = '+'
59.7834 	EXP 	fix_rand: autoDraw = True
60.9986 	EXP 	fix_rand: autoDraw = False
60.9986 	EXP 	fix_rand: autoDraw = False
60.9986 	EXP 	Stimulus: image = '/Users/jantzek/Documents/Easy_BCI/PsychoPy Examples/N170/Stim/shoes/mens/76.jpg'
60.9986 	EXP 	Stimulus: autoDraw = True
61.2242 	EXP 	New trial (rep=0, index=38): {'face': '/Users/jantzek/Documents/Easy_BCI/PsychoPy Examples/N170/Stim/shoes/mens/77.jpg', 'trigger': 1}
61.2326 	EXP 	Stimulus: autoDraw = False
61.2326 	EXP 	fix_rand: text = '+'
61.2326 	EXP 	fix_rand: autoDraw = True
62.4302 	EXP 	fix_rand: autoDraw = False
62.4302 	EXP 	fix_rand: autoDraw = False
62.4302 	EXP 	Stimulus: image = '/Users/jantzek/Documents/Easy_BCI/PsychoPy Examples/N170/Stim/shoes/mens/77.jpg'
62.4302 	EXP 	Stimulus: autoDraw = True
62.6585 	EXP 	New trial (rep=0, index=39): {'face': '/Users/jantzek/Documents/Easy_BCI/PsychoPy Examples/N170/Stim/shoes/mens/42.jpg', 'trigger': 1}
62.6659 	EXP 	Stimulus: autoDraw = False
62.6659 	EXP 	fix_rand: text = '+'
62.6659 	EXP 	fix_rand: autoDraw = True
63.7803 	EXP 	fix_rand: autoDraw = False
63.7803 	EXP 	fix_rand: autoDraw = False
63.7803 	EXP 	Stimulus: image = '/Users/jantzek/Documents/Easy_BCI/PsychoPy Examples/N170/Stim/shoes/mens/42.jpg'
63.7803 	EXP 	Stimulus: autoDraw = True
64.0174 	EXP 	New trial (rep=0, index=40): {'face': '/Users/jantzek/Documents/Easy_BCI/PsychoPy Examples/N170/Stim/White Men/2.jpg', 'trigger': 2}
64.0236 	EXP 	Stimulus: autoDraw = False
64.0236 	EXP 	fix_rand: text = '+'
64.0236 	EXP 	fix_rand: autoDraw = True
65.2892 	EXP 	fix_rand: autoDraw = False
65.2892 	EXP 	fix_rand: autoDraw = False
65.2892 	EXP 	Stimulus: image = '/Users/jantzek/Documents/Easy_BCI/PsychoPy Examples/N170/Stim/White Men/2.jpg'
65.2892 	EXP 	Stimulus: autoDraw = True
65.4670 	EXP 	New trial (rep=0, index=41): {'face': '/Users/jantzek/Documents/Easy_BCI/PsychoPy Examples/N170/Stim/White Men/22.jpg', 'trigger': 2}
65.4720 	EXP 	Stimulus: autoDraw = False
65.4720 	EXP 	fix_rand: text = '+'
65.4720 	EXP 	fix_rand: autoDraw = True
66.6020 	EXP 	fix_rand: autoDraw = False
66.6020 	EXP 	fix_rand: autoDraw = False
66.6020 	EXP 	Stimulus: image = '/Users/jantzek/Documents/Easy_BCI/PsychoPy Examples/N170/Stim/White Men/22.jpg'
66.6020 	EXP 	Stimulus: autoDraw = True
66.7904 	EXP 	New trial (rep=0, index=42): {'face': '/Users/jantzek/Documents/Easy_BCI/PsychoPy Examples/N170/Stim/White Men/24.jpg', 'trigger': 2}
66.7999 	EXP 	Stimulus: autoDraw = False
66.7999 	EXP 	fix_rand: text = '+'
66.7999 	EXP 	fix_rand: autoDraw = True
67.9604 	EXP 	fix_rand: autoDraw = False
67.9604 	EXP 	fix_rand: autoDraw = False
67.9604 	EXP 	Stimulus: image = '/Users/jantzek/Documents/Easy_BCI/PsychoPy Examples/N170/Stim/White Men/24.jpg'
67.9604 	EXP 	Stimulus: autoDraw = True
68.1567 	EXP 	New trial (rep=0, index=43): {'face': '/Users/jantzek/Documents/Easy_BCI/PsychoPy Examples/N170/Stim/shoes/mens/52.jpg', 'trigger': 1}
68.1667 	EXP 	Stimulus: autoDraw = False
68.1667 	EXP 	fix_rand: text = '+'
68.1667 	EXP 	fix_rand: autoDraw = True
69.2686 	EXP 	fix_rand: autoDraw = False
69.2686 	EXP 	fix_rand: autoDraw = False
69.2686 	EXP 	Stimulus: image = '/Users/jantzek/Documents/Easy_BCI/PsychoPy Examples/N170/Stim/shoes/mens/52.jpg'
69.2686 	EXP 	Stimulus: autoDraw = True
69.4915 	EXP 	New trial (rep=0, index=44): {'face': '/Users/jantzek/Documents/Easy_BCI/PsychoPy Examples/N170/Stim/White Men/40.jpg', 'trigger': 2}
69.4998 	EXP 	Stimulus: autoDraw = False
69.4998 	EXP 	fix_rand: text = '+'
69.4998 	EXP 	fix_rand: autoDraw = True
70.6784 	EXP 	fix_rand: autoDraw = False
70.6784 	EXP 	fix_rand: autoDraw = False
70.6784 	EXP 	Stimulus: image = '/Users/jantzek/Documents/Easy_BCI/PsychoPy Examples/N170/Stim/White Men/40.jpg'
70.6784 	EXP 	Stimulus: autoDraw = True
70.8572 	EXP 	New trial (rep=0, index=45): {'face': '/Users/jantzek/Documents/Easy_BCI/PsychoPy Examples/N170/Stim/White Men/38.jpg', 'trigger': 2}
70.8666 	EXP 	Stimulus: autoDraw = False
70.8666 	EXP 	fix_rand: text = '+'
70.8666 	EXP 	fix_rand: autoDraw = True
71.9642 	EXP 	fix_rand: autoDraw = False
71.9642 	EXP 	fix_rand: autoDraw = False
71.9642 	EXP 	Stimulus: image = '/Users/jantzek/Documents/Easy_BCI/PsychoPy Examples/N170/Stim/White Men/38.jpg'
71.9642 	EXP 	Stimulus: autoDraw = True
72.1672 	EXP 	New trial (rep=0, index=46): {'face': '/Users/jantzek/Documents/Easy_BCI/PsychoPy Examples/N170/Stim/shoes/mens/74.jpg', 'trigger': 1}
72.1727 	EXP 	Stimulus: autoDraw = False
72.1727 	EXP 	fix_rand: text = '+'
72.1727 	EXP 	fix_rand: autoDraw = True
73.3063 	EXP 	fix_rand: autoDraw = False
73.3063 	EXP 	fix_rand: autoDraw = False
73.3063 	EXP 	Stimulus: image = '/Users/jantzek/Documents/Easy_BCI/PsychoPy Examples/N170/Stim/shoes/mens/74.jpg'
73.3063 	EXP 	Stimulus: autoDraw = True
73.5341 	EXP 	New trial (rep=0, index=47): {'face': '/Users/jantzek/Documents/Easy_BCI/PsychoPy Examples/N170/Stim/shoes/mens/45.jpg', 'trigger': 1}
73.5404 	EXP 	Stimulus: autoDraw = False
73.5404 	EXP 	fix_rand: text = '+'
73.5404 	EXP 	fix_rand: autoDraw = True
74.6058 	EXP 	fix_rand: autoDraw = False
74.6058 	EXP 	fix_rand: autoDraw = False
74.6058 	EXP 	Stimulus: image = '/Users/jantzek/Documents/Easy_BCI/PsychoPy Examples/N170/Stim/shoes/mens/45.jpg'
74.6058 	EXP 	Stimulus: autoDraw = True
74.8407 	EXP 	New trial (rep=0, index=48): {'face': '/Users/jantzek/Documents/Easy_BCI/PsychoPy Examples/N170/Stim/shoes/mens/56.jpg', 'trigger': 1}
74.8499 	EXP 	Stimulus: autoDraw = False
74.8499 	EXP 	fix_rand: text = '+'
74.8499 	EXP 	fix_rand: autoDraw = True
75.9570 	EXP 	fix_rand: autoDraw = False
75.9570 	EXP 	fix_rand: autoDraw = False
75.9570 	EXP 	Stimulus: image = '/Users/jantzek/Documents/Easy_BCI/PsychoPy Examples/N170/Stim/shoes/mens/56.jpg'
75.9570 	EXP 	Stimulus: autoDraw = True
76.1903 	EXP 	New trial (rep=0, index=49): {'face': '/Users/jantzek/Documents/Easy_BCI/PsychoPy Examples/N170/Stim/shoes/mens/54.jpg', 'trigger': 1}
76.2002 	EXP 	Stimulus: autoDraw = False
76.2002 	EXP 	fix_rand: text = '+'
76.2002 	EXP 	fix_rand: autoDraw = True
77.3595 	EXP 	fix_rand: autoDraw = False
77.3595 	EXP 	fix_rand: autoDraw = False
77.3595 	EXP 	Stimulus: image = '/Users/jantzek/Documents/Easy_BCI/PsychoPy Examples/N170/Stim/shoes/mens/54.jpg'
77.3595 	EXP 	Stimulus: autoDraw = True
77.5913 	EXP 	New trial (rep=0, index=50): {'face': '/Users/jantzek/Documents/Easy_BCI/PsychoPy Examples/N170/Stim/White Men/32.jpg', 'trigger': 2}
77.6002 	EXP 	Stimulus: autoDraw = False
77.6002 	EXP 	fix_rand: text = '+'
77.6002 	EXP 	fix_rand: autoDraw = True
78.7251 	EXP 	fix_rand: autoDraw = False
78.7251 	EXP 	fix_rand: autoDraw = False
78.7251 	EXP 	Stimulus: image = '/Users/jantzek/Documents/Easy_BCI/PsychoPy Examples/N170/Stim/White Men/32.jpg'
78.7251 	EXP 	Stimulus: autoDraw = True
78.8905 	EXP 	New trial (rep=0, index=51): {'face': '/Users/jantzek/Documents/Easy_BCI/PsychoPy Examples/N170/Stim/White Men/27.jpg', 'trigger': 2}
78.9000 	EXP 	Stimulus: autoDraw = False
78.9000 	EXP 	fix_rand: text = '+'
78.9000 	EXP 	fix_rand: autoDraw = True
80.1549 	EXP 	fix_rand: autoDraw = False
80.1549 	EXP 	fix_rand: autoDraw = False
80.1549 	EXP 	Stimulus: image = '/Users/jantzek/Documents/Easy_BCI/PsychoPy Examples/N170/Stim/White Men/27.jpg'
80.1549 	EXP 	Stimulus: autoDraw = True
80.3408 	EXP 	New trial (rep=0, index=52): {'face': '/Users/jantzek/Documents/Easy_BCI/PsychoPy Examples/N170/Stim/White Men/33.jpg', 'trigger': 2}
80.3501 	EXP 	Stimulus: autoDraw = False
80.3501 	EXP 	fix_rand: text = '+'
80.3501 	EXP 	fix_rand: autoDraw = True
81.5170 	EXP 	fix_rand: autoDraw = False
81.5170 	EXP 	fix_rand: autoDraw = False
81.5170 	EXP 	Stimulus: image = '/Users/jantzek/Documents/Easy_BCI/PsychoPy Examples/N170/Stim/White Men/33.jpg'
81.5170 	EXP 	Stimulus: autoDraw = True
81.7078 	EXP 	New trial (rep=0, index=53): {'face': '/Users/jantzek/Documents/Easy_BCI/PsychoPy Examples/N170/Stim/White Men/5.jpg', 'trigger': 2}
81.7167 	EXP 	Stimulus: autoDraw = False
81.7167 	EXP 	fix_rand: text = '+'
81.7167 	EXP 	fix_rand: autoDraw = True
82.8306 	EXP 	fix_rand: autoDraw = False
82.8306 	EXP 	fix_rand: autoDraw = False
82.8306 	EXP 	Stimulus: image = '/Users/jantzek/Documents/Easy_BCI/PsychoPy Examples/N170/Stim/White Men/5.jpg'
82.8306 	EXP 	Stimulus: autoDraw = True
83.0336 	EXP 	New trial (rep=0, index=54): {'face': '/Users/jantzek/Documents/Easy_BCI/PsychoPy Examples/N170/Stim/shoes/mens/78.jpg', 'trigger': 1}
83.0391 	EXP 	Stimulus: autoDraw = False
83.0391 	EXP 	fix_rand: text = '+'
83.0391 	EXP 	fix_rand: autoDraw = True
84.1864 	EXP 	fix_rand: autoDraw = False
84.1864 	EXP 	fix_rand: autoDraw = False
84.1864 	EXP 	Stimulus: image = '/Users/jantzek/Documents/Easy_BCI/PsychoPy Examples/N170/Stim/shoes/mens/78.jpg'
84.1864 	EXP 	Stimulus: autoDraw = True
84.4080 	EXP 	New trial (rep=0, index=55): {'face': '/Users/jantzek/Documents/Easy_BCI/PsychoPy Examples/N170/Stim/shoes/mens/53.jpg', 'trigger': 1}
84.4166 	EXP 	Stimulus: autoDraw = False
84.4166 	EXP 	fix_rand: text = '+'
84.4166 	EXP 	fix_rand: autoDraw = True
85.5417 	EXP 	fix_rand: autoDraw = False
85.5417 	EXP 	fix_rand: autoDraw = False
85.5417 	EXP 	Stimulus: image = '/Users/jantzek/Documents/Easy_BCI/PsychoPy Examples/N170/Stim/shoes/mens/53.jpg'
85.5417 	EXP 	Stimulus: autoDraw = True
85.7755 	EXP 	New trial (rep=0, index=56): {'face': '/Users/jantzek/Documents/Easy_BCI/PsychoPy Examples/N170/Stim/shoes/mens/63.jpg', 'trigger': 1}
85.7824 	EXP 	Stimulus: autoDraw = False
85.7824 	EXP 	fix_rand: text = '+'
85.7824 	EXP 	fix_rand: autoDraw = True
86.8792 	EXP 	fix_rand: autoDraw = False
86.8792 	EXP 	fix_rand: autoDraw = False
86.8792 	EXP 	Stimulus: image = '/Users/jantzek/Documents/Easy_BCI/PsychoPy Examples/N170/Stim/shoes/mens/63.jpg'
86.8792 	EXP 	Stimulus: autoDraw = True
87.1172 	EXP 	New trial (rep=0, index=57): {'face': '/Users/jantzek/Documents/Easy_BCI/PsychoPy Examples/N170/Stim/White Men/23.jpg', 'trigger': 2}
87.1235 	EXP 	Stimulus: autoDraw = False
87.1235 	EXP 	fix_rand: text = '+'
87.1235 	EXP 	fix_rand: autoDraw = True
88.2474 	EXP 	fix_rand: autoDraw = False
88.2474 	EXP 	fix_rand: autoDraw = False
88.2474 	EXP 	Stimulus: image = '/Users/jantzek/Documents/Easy_BCI/PsychoPy Examples/N170/Stim/White Men/23.jpg'
88.2474 	EXP 	Stimulus: autoDraw = True
88.4338 	EXP 	New trial (rep=0, index=58): {'face': '/Users/jantzek/Documents/Easy_BCI/PsychoPy Examples/N170/Stim/White Men/14.jpg', 'trigger': 2}
88.4390 	EXP 	Stimulus: autoDraw = False
88.4390 	EXP 	fix_rand: text = '+'
88.4390 	EXP 	fix_rand: autoDraw = True
89.5844 	EXP 	fix_rand: autoDraw = False
89.5844 	EXP 	fix_rand: autoDraw = False
89.5844 	EXP 	Stimulus: image = '/Users/jantzek/Documents/Easy_BCI/PsychoPy Examples/N170/Stim/White Men/14.jpg'
89.5844 	EXP 	Stimulus: autoDraw = True
89.7837 	EXP 	New trial (rep=0, index=59): {'face': '/Users/jantzek/Documents/Easy_BCI/PsychoPy Examples/N170/Stim/White Men/11.jpg', 'trigger': 2}
89.7891 	EXP 	Stimulus: autoDraw = False
89.7891 	EXP 	fix_rand: text = '+'
89.7891 	EXP 	fix_rand: autoDraw = True
90.8921 	EXP 	fix_rand: autoDraw = False
90.8921 	EXP 	fix_rand: autoDraw = False
90.8921 	EXP 	Stimulus: image = '/Users/jantzek/Documents/Easy_BCI/PsychoPy Examples/N170/Stim/White Men/11.jpg'
90.8921 	EXP 	Stimulus: autoDraw = True
91.0908 	EXP 	New trial (rep=0, index=60): {'face': '/Users/jantzek/Documents/Easy_BCI/PsychoPy Examples/N170/Stim/shoes/mens/47.jpg', 'trigger': 1}
91.1001 	EXP 	Stimulus: autoDraw = False
91.1001 	EXP 	fix_rand: text = '+'
91.1001 	EXP 	fix_rand: autoDraw = True
92.2534 	EXP 	fix_rand: autoDraw = False
92.2534 	EXP 	fix_rand: autoDraw = False
92.2534 	EXP 	Stimulus: image = '/Users/jantzek/Documents/Easy_BCI/PsychoPy Examples/N170/Stim/shoes/mens/47.jpg'
92.2534 	EXP 	Stimulus: autoDraw = True
92.4753 	EXP 	New trial (rep=0, index=61): {'face': '/Users/jantzek/Documents/Easy_BCI/PsychoPy Examples/N170/Stim/White Men/37.jpg', 'trigger': 2}
92.4834 	EXP 	Stimulus: autoDraw = False
92.4834 	EXP 	fix_rand: text = '+'
92.4834 	EXP 	fix_rand: autoDraw = True
93.6231 	EXP 	fix_rand: autoDraw = False
93.6231 	EXP 	fix_rand: autoDraw = False
93.6231 	EXP 	Stimulus: image = '/Users/jantzek/Documents/Easy_BCI/PsychoPy Examples/N170/Stim/White Men/37.jpg'
93.6231 	EXP 	Stimulus: autoDraw = True
93.8073 	EXP 	New trial (rep=0, index=62): {'face': '/Users/jantzek/Documents/Easy_BCI/PsychoPy Examples/N170/Stim/shoes/mens/61.jpg', 'trigger': 1}
93.8168 	EXP 	Stimulus: autoDraw = False
93.8168 	EXP 	fix_rand: text = '+'
93.8168 	EXP 	fix_rand: autoDraw = True
94.9471 	EXP 	fix_rand: autoDraw = False
94.9471 	EXP 	fix_rand: autoDraw = False
94.9471 	EXP 	Stimulus: image = '/Users/jantzek/Documents/Easy_BCI/PsychoPy Examples/N170/Stim/shoes/mens/61.jpg'
94.9471 	EXP 	Stimulus: autoDraw = True
95.1741 	EXP 	New trial (rep=0, index=63): {'face': '/Users/jantzek/Documents/Easy_BCI/PsychoPy Examples/N170/Stim/shoes/mens/60.jpg', 'trigger': 1}
95.1834 	EXP 	Stimulus: autoDraw = False
95.1834 	EXP 	fix_rand: text = '+'
95.1834 	EXP 	fix_rand: autoDraw = True
96.3718 	EXP 	fix_rand: autoDraw = False
96.3718 	EXP 	fix_rand: autoDraw = False
96.3718 	EXP 	Stimulus: image = '/Users/jantzek/Documents/Easy_BCI/PsychoPy Examples/N170/Stim/shoes/mens/60.jpg'
96.3718 	EXP 	Stimulus: autoDraw = True
96.6089 	EXP 	New trial (rep=0, index=64): {'face': '/Users/jantzek/Documents/Easy_BCI/PsychoPy Examples/N170/Stim/White Men/15.jpg', 'trigger': 2}
96.6168 	EXP 	Stimulus: autoDraw = False
96.6168 	EXP 	fix_rand: text = '+'
96.6168 	EXP 	fix_rand: autoDraw = True
97.7707 	EXP 	fix_rand: autoDraw = False
97.7707 	EXP 	fix_rand: autoDraw = False
97.7707 	EXP 	Stimulus: image = '/Users/jantzek/Documents/Easy_BCI/PsychoPy Examples/N170/Stim/White Men/15.jpg'
97.7707 	EXP 	Stimulus: autoDraw = True
97.9505 	EXP 	New trial (rep=0, index=65): {'face': '/Users/jantzek/Documents/Easy_BCI/PsychoPy Examples/N170/Stim/White Men/31.jpg', 'trigger': 2}
97.9557 	EXP 	Stimulus: autoDraw = False
97.9557 	EXP 	fix_rand: text = '+'
97.9557 	EXP 	fix_rand: autoDraw = True
99.0335 	EXP 	fix_rand: autoDraw = False
99.0335 	EXP 	fix_rand: autoDraw = False
99.0335 	EXP 	Stimulus: image = '/Users/jantzek/Documents/Easy_BCI/PsychoPy Examples/N170/Stim/White Men/31.jpg'
99.0335 	EXP 	Stimulus: autoDraw = True
99.2340 	EXP 	New trial (rep=0, index=66): {'face': '/Users/jantzek/Documents/Easy_BCI/PsychoPy Examples/N170/Stim/White Men/25.jpg', 'trigger': 2}
99.2394 	EXP 	Stimulus: autoDraw = False
99.2394 	EXP 	fix_rand: text = '+'
99.2394 	EXP 	fix_rand: autoDraw = True
100.4063 	EXP 	fix_rand: autoDraw = False
100.4063 	EXP 	fix_rand: autoDraw = False
100.4063 	EXP 	Stimulus: image = '/Users/jantzek/Documents/Easy_BCI/PsychoPy Examples/N170/Stim/White Men/25.jpg'
100.4063 	EXP 	Stimulus: autoDraw = True
100.6073 	EXP 	New trial (rep=0, index=67): {'face': '/Users/jantzek/Documents/Easy_BCI/PsychoPy Examples/N170/Stim/White Men/28.jpg', 'trigger': 2}
100.6169 	EXP 	Stimulus: autoDraw = False
100.6169 	EXP 	fix_rand: text = '+'
100.6169 	EXP 	fix_rand: autoDraw = True
101.7592 	EXP 	fix_rand: autoDraw = False
101.7592 	EXP 	fix_rand: autoDraw = False
101.7592 	EXP 	Stimulus: image = '/Users/jantzek/Documents/Easy_BCI/PsychoPy Examples/N170/Stim/White Men/28.jpg'
101.7592 	EXP 	Stimulus: autoDraw = True
101.9576 	EXP 	New trial (rep=0, index=68): {'face': '/Users/jantzek/Documents/Easy_BCI/PsychoPy Examples/N170/Stim/White Men/13.jpg', 'trigger': 2}
101.9668 	EXP 	Stimulus: autoDraw = False
101.9668 	EXP 	fix_rand: text = '+'
101.9668 	EXP 	fix_rand: autoDraw = True
103.1465 	EXP 	fix_rand: autoDraw = False
103.1465 	EXP 	fix_rand: autoDraw = False
103.1465 	EXP 	Stimulus: image = '/Users/jantzek/Documents/Easy_BCI/PsychoPy Examples/N170/Stim/White Men/13.jpg'
103.1465 	EXP 	Stimulus: autoDraw = True
103.3508 	EXP 	New trial (rep=0, index=69): {'face': '/Users/jantzek/Documents/Easy_BCI/PsychoPy Examples/N170/Stim/White Men/19.jpg', 'trigger': 2}
103.3562 	EXP 	Stimulus: autoDraw = False
103.3562 	EXP 	fix_rand: text = '+'
103.3562 	EXP 	fix_rand: autoDraw = True
104.6100 	EXP 	fix_rand: autoDraw = False
104.6100 	EXP 	fix_rand: autoDraw = False
104.6100 	EXP 	Stimulus: image = '/Users/jantzek/Documents/Easy_BCI/PsychoPy Examples/N170/Stim/White Men/19.jpg'
104.6100 	EXP 	Stimulus: autoDraw = True
104.8073 	EXP 	New trial (rep=0, index=70): {'face': '/Users/jantzek/Documents/Easy_BCI/PsychoPy Examples/N170/Stim/shoes/mens/68.jpg', 'trigger': 1}
104.8169 	EXP 	Stimulus: autoDraw = False
104.8169 	EXP 	fix_rand: text = '+'
104.8169 	EXP 	fix_rand: autoDraw = True
105.9688 	EXP 	fix_rand: autoDraw = False
105.9688 	EXP 	fix_rand: autoDraw = False
105.9688 	EXP 	Stimulus: image = '/Users/jantzek/Documents/Easy_BCI/PsychoPy Examples/N170/Stim/shoes/mens/68.jpg'
105.9688 	EXP 	Stimulus: autoDraw = True
106.1925 	EXP 	New trial (rep=0, index=71): {'face': '/Users/jantzek/Documents/Easy_BCI/PsychoPy Examples/N170/Stim/shoes/mens/59.jpg', 'trigger': 1}
106.1996 	EXP 	Stimulus: autoDraw = False
106.1996 	EXP 	fix_rand: text = '+'
106.1996 	EXP 	fix_rand: autoDraw = True
107.2729 	EXP 	fix_rand: autoDraw = False
107.2729 	EXP 	fix_rand: autoDraw = False
107.2729 	EXP 	Stimulus: image = '/Users/jantzek/Documents/Easy_BCI/PsychoPy Examples/N170/Stim/shoes/mens/59.jpg'
107.2729 	EXP 	Stimulus: autoDraw = True
107.5076 	EXP 	New trial (rep=0, index=72): {'face': '/Users/jantzek/Documents/Easy_BCI/PsychoPy Examples/N170/Stim/shoes/mens/44.jpg', 'trigger': 1}
107.5171 	EXP 	Stimulus: autoDraw = False
107.5171 	EXP 	fix_rand: text = '+'
107.5171 	EXP 	fix_rand: autoDraw = True
108.6880 	EXP 	fix_rand: autoDraw = False
108.6880 	EXP 	fix_rand: autoDraw = False
108.6880 	EXP 	Stimulus: image = '/Users/jantzek/Documents/Easy_BCI/PsychoPy Examples/N170/Stim/shoes/mens/44.jpg'
108.6880 	EXP 	Stimulus: autoDraw = True
108.9245 	EXP 	New trial (rep=0, index=73): {'face': '/Users/jantzek/Documents/Easy_BCI/PsychoPy Examples/N170/Stim/shoes/mens/80.jpg', 'trigger': 1}
108.9334 	EXP 	Stimulus: autoDraw = False
108.9334 	EXP 	fix_rand: text = '+'
108.9334 	EXP 	fix_rand: autoDraw = True
109.9981 	EXP 	fix_rand: autoDraw = False
109.9981 	EXP 	fix_rand: autoDraw = False
109.9981 	EXP 	Stimulus: image = '/Users/jantzek/Documents/Easy_BCI/PsychoPy Examples/N170/Stim/shoes/mens/80.jpg'
109.9981 	EXP 	Stimulus: autoDraw = True
110.2246 	EXP 	New trial (rep=0, index=74): {'face': '/Users/jantzek/Documents/Easy_BCI/PsychoPy Examples/N170/Stim/White Men/36.jpg', 'trigger': 2}
110.2334 	EXP 	Stimulus: autoDraw = False
110.2334 	EXP 	fix_rand: text = '+'
110.2334 	EXP 	fix_rand: autoDraw = True
111.3495 	EXP 	fix_rand: autoDraw = False
111.3495 	EXP 	fix_rand: autoDraw = False
111.3495 	EXP 	Stimulus: image = '/Users/jantzek/Documents/Easy_BCI/PsychoPy Examples/N170/Stim/White Men/36.jpg'
111.3495 	EXP 	Stimulus: autoDraw = True
111.5241 	EXP 	New trial (rep=0, index=75): {'face': '/Users/jantzek/Documents/Easy_BCI/PsychoPy Examples/N170/Stim/shoes/mens/49.jpg', 'trigger': 1}
111.5336 	EXP 	Stimulus: autoDraw = False
111.5336 	EXP 	fix_rand: text = '+'
111.5336 	EXP 	fix_rand: autoDraw = True
112.6457 	EXP 	fix_rand: autoDraw = False
112.6457 	EXP 	fix_rand: autoDraw = False
112.6457 	EXP 	Stimulus: image = '/Users/jantzek/Documents/Easy_BCI/PsychoPy Examples/N170/Stim/shoes/mens/49.jpg'
112.6457 	EXP 	Stimulus: autoDraw = True
112.8744 	EXP 	New trial (rep=0, index=76): {'face': '/Users/jantzek/Documents/Easy_BCI/PsychoPy Examples/N170/Stim/shoes/mens/72.jpg', 'trigger': 1}
112.8835 	EXP 	Stimulus: autoDraw = False
112.8835 	EXP 	fix_rand: text = '+'
112.8835 	EXP 	fix_rand: autoDraw = True
114.0625 	EXP 	fix_rand: autoDraw = False
114.0625 	EXP 	fix_rand: autoDraw = False
114.0625 	EXP 	Stimulus: image = '/Users/jantzek/Documents/Easy_BCI/PsychoPy Examples/N170/Stim/shoes/mens/72.jpg'
114.0625 	EXP 	Stimulus: autoDraw = True
114.2918 	EXP 	New trial (rep=0, index=77): {'face': '/Users/jantzek/Documents/Easy_BCI/PsychoPy Examples/N170/Stim/White Men/20.jpg', 'trigger': 2}
114.2993 	EXP 	Stimulus: autoDraw = False
114.2993 	EXP 	fix_rand: text = '+'
114.2993 	EXP 	fix_rand: autoDraw = True
115.4584 	EXP 	fix_rand: autoDraw = False
115.4584 	EXP 	fix_rand: autoDraw = False
115.4584 	EXP 	Stimulus: image = '/Users/jantzek/Documents/Easy_BCI/PsychoPy Examples/N170/Stim/White Men/20.jpg'
115.4584 	EXP 	Stimulus: autoDraw = True
115.6407 	EXP 	New trial (rep=0, index=78): {'face': '/Users/jantzek/Documents/Easy_BCI/PsychoPy Examples/N170/Stim/shoes/mens/62.jpg', 'trigger': 1}
115.6502 	EXP 	Stimulus: autoDraw = False
115.6502 	EXP 	fix_rand: text = '+'
115.6502 	EXP 	fix_rand: autoDraw = True
116.8169 	EXP 	fix_rand: autoDraw = False
116.8169 	EXP 	fix_rand: autoDraw = False
116.8169 	EXP 	Stimulus: image = '/Users/jantzek/Documents/Easy_BCI/PsychoPy Examples/N170/Stim/shoes/mens/62.jpg'
116.8169 	EXP 	Stimulus: autoDraw = True
117.0417 	EXP 	New trial (rep=0, index=79): {'face': '/Users/jantzek/Documents/Easy_BCI/PsychoPy Examples/N170/Stim/White Men/34.jpg', 'trigger': 2}
117.0501 	EXP 	Stimulus: autoDraw = False
117.0501 	EXP 	fix_rand: text = '+'
117.0501 	EXP 	fix_rand: autoDraw = True
118.2708 	EXP 	fix_rand: autoDraw = False
118.2708 	EXP 	fix_rand: autoDraw = False
118.2708 	EXP 	Stimulus: image = '/Users/jantzek/Documents/Easy_BCI/PsychoPy Examples/N170/Stim/White Men/34.jpg'
118.2708 	EXP 	Stimulus: autoDraw = True
118.4506 	EXP 	New trial (rep=1, index=0): {'face': '/Users/jantzek/Documents/Easy_BCI/PsychoPy Examples/N170/Stim/shoes/mens/73.jpg', 'trigger': 1}
118.4556 	EXP 	Stimulus: autoDraw = False
118.4556 	EXP 	fix_rand: text = '+'
118.4556 	EXP 	fix_rand: autoDraw = True
119.5712 	EXP 	fix_rand: autoDraw = False
119.5712 	EXP 	fix_rand: autoDraw = False
119.5712 	EXP 	Stimulus: image = '/Users/jantzek/Documents/Easy_BCI/PsychoPy Examples/N170/Stim/shoes/mens/73.jpg'
119.5712 	EXP 	Stimulus: autoDraw = True
119.7920 	EXP 	New trial (rep=1, index=1): {'face': '/Users/jantzek/Documents/Easy_BCI/PsychoPy Examples/N170/Stim/shoes/mens/45.jpg', 'trigger': 1}
119.8002 	EXP 	Stimulus: autoDraw = False
119.8002 	EXP 	fix_rand: text = '+'
119.8002 	EXP 	fix_rand: autoDraw = True
120.9285 	EXP 	fix_rand: autoDraw = False
120.9285 	EXP 	fix_rand: autoDraw = False
120.9285 	EXP 	Stimulus: image = '/Users/jantzek/Documents/Easy_BCI/PsychoPy Examples/N170/Stim/shoes/mens/45.jpg'
120.9285 	EXP 	Stimulus: autoDraw = True
121.1673 	EXP 	New trial (rep=1, index=2): {'face': '/Users/jantzek/Documents/Easy_BCI/PsychoPy Examples/N170/Stim/shoes/mens/68.jpg', 'trigger': 1}
121.1734 	EXP 	Stimulus: autoDraw = False
121.1734 	EXP 	fix_rand: text = '+'
121.1734 	EXP 	fix_rand: autoDraw = True
122.2290 	EXP 	fix_rand: autoDraw = False
122.2290 	EXP 	fix_rand: autoDraw = False
122.2290 	EXP 	Stimulus: image = '/Users/jantzek/Documents/Easy_BCI/PsychoPy Examples/N170/Stim/shoes/mens/68.jpg'
122.2290 	EXP 	Stimulus: autoDraw = True
122.4580 	EXP 	New trial (rep=1, index=3): {'face': '/Users/jantzek/Documents/Easy_BCI/PsychoPy Examples/N170/Stim/shoes/mens/53.jpg', 'trigger': 1}
122.4669 	EXP 	Stimulus: autoDraw = False
122.4669 	EXP 	fix_rand: text = '+'
122.4669 	EXP 	fix_rand: autoDraw = True
123.5736 	EXP 	fix_rand: autoDraw = False
123.5736 	EXP 	fix_rand: autoDraw = False
123.5736 	EXP 	Stimulus: image = '/Users/jantzek/Documents/Easy_BCI/PsychoPy Examples/N170/Stim/shoes/mens/53.jpg'
123.5736 	EXP 	Stimulus: autoDraw = True
123.8084 	EXP 	New trial (rep=1, index=4): {'face': '/Users/jantzek/Documents/Easy_BCI/PsychoPy Examples/N170/Stim/White Men/11.jpg', 'trigger': 2}
123.8170 	EXP 	Stimulus: autoDraw = False
123.8170 	EXP 	fix_rand: text = '+'
123.8170 	EXP 	fix_rand: autoDraw = True
125.0695 	EXP 	fix_rand: autoDraw = False
125.0695 	EXP 	fix_rand: autoDraw = False
125.0695 	EXP 	Stimulus: image = '/Users/jantzek/Documents/Easy_BCI/PsychoPy Examples/N170/Stim/White Men/11.jpg'
125.0695 	EXP 	Stimulus: autoDraw = True
125.2407 	EXP 	New trial (rep=1, index=5): {'face': '/Users/jantzek/Documents/Easy_BCI/PsychoPy Examples/N170/Stim/shoes/mens/59.jpg', 'trigger': 1}
125.2503 	EXP 	Stimulus: autoDraw = False
125.2503 	EXP 	fix_rand: text = '+'
125.2503 	EXP 	fix_rand: autoDraw = True
126.3860 	EXP 	fix_rand: autoDraw = False
126.3860 	EXP 	fix_rand: autoDraw = False
126.3860 	EXP 	Stimulus: image = '/Users/jantzek/Documents/Easy_BCI/PsychoPy Examples/N170/Stim/shoes/mens/59.jpg'
126.3860 	EXP 	Stimulus: autoDraw = True
126.6073 	EXP 	New trial (rep=1, index=6): {'face': '/Users/jantzek/Documents/Easy_BCI/PsychoPy Examples/N170/Stim/White Men/18.jpg', 'trigger': 2}
126.6171 	EXP 	Stimulus: autoDraw = False
126.6171 	EXP 	fix_rand: text = '+'
126.6171 	EXP 	fix_rand: autoDraw = True
127.7954 	EXP 	fix_rand: autoDraw = False
127.7954 	EXP 	fix_rand: autoDraw = False
127.7954 	EXP 	Stimulus: image = '/Users/jantzek/Documents/Easy_BCI/PsychoPy Examples/N170/Stim/White Men/18.jpg'
127.7954 	EXP 	Stimulus: autoDraw = True
127.9742 	EXP 	New trial (rep=1, index=7): {'face': '/Users/jantzek/Documents/Easy_BCI/PsychoPy Examples/N170/Stim/White Men/3.jpg', 'trigger': 2}
127.9837 	EXP 	Stimulus: autoDraw = False
127.9837 	EXP 	fix_rand: text = '+'
127.9837 	EXP 	fix_rand: autoDraw = True
129.0860 	EXP 	fix_rand: autoDraw = False
129.0860 	EXP 	fix_rand: autoDraw = False
129.0860 	EXP 	Stimulus: image = '/Users/jantzek/Documents/Easy_BCI/PsychoPy Examples/N170/Stim/White Men/3.jpg'
129.0860 	EXP 	Stimulus: autoDraw = True
129.2838 	EXP 	New trial (rep=1, index=8): {'face': '/Users/jantzek/Documents/Easy_BCI/PsychoPy Examples/N170/Stim/White Men/15.jpg', 'trigger': 2}
129.2898 	EXP 	Stimulus: autoDraw = False
129.2898 	EXP 	fix_rand: text = '+'
129.2898 	EXP 	fix_rand: autoDraw = True
130.4146 	EXP 	fix_rand: autoDraw = False
130.4146 	EXP 	fix_rand: autoDraw = False
130.4146 	EXP 	Stimulus: image = '/Users/jantzek/Documents/Easy_BCI/PsychoPy Examples/N170/Stim/White Men/15.jpg'
130.4146 	EXP 	Stimulus: autoDraw = True
130.6173 	EXP 	New trial (rep=1, index=9): {'face': '/Users/jantzek/Documents/Easy_BCI/PsychoPy Examples/N170/Stim/shoes/mens/70.jpg', 'trigger': 1}
130.6227 	EXP 	Stimulus: autoDraw = False
130.6227 	EXP 	fix_rand: text = '+'
130.6227 	EXP 	fix_rand: autoDraw = True
131.6961 	EXP 	fix_rand: autoDraw = False
131.6961 	EXP 	fix_rand: autoDraw = False
131.6961 	EXP 	Stimulus: image = '/Users/jantzek/Documents/Easy_BCI/PsychoPy Examples/N170/Stim/shoes/mens/70.jpg'
131.6961 	EXP 	Stimulus: autoDraw = True
131.9246 	EXP 	New trial (rep=1, index=10): {'face': '/Users/jantzek/Documents/Easy_BCI/PsychoPy Examples/N170/Stim/White Men/8.jpg', 'trigger': 2}
131.9329 	EXP 	Stimulus: autoDraw = False
131.9329 	EXP 	fix_rand: text = '+'
131.9329 	EXP 	fix_rand: autoDraw = True
133.1384 	EXP 	fix_rand: autoDraw = False
133.1384 	EXP 	fix_rand: autoDraw = False
133.1384 	EXP 	Stimulus: image = '/Users/jantzek/Documents/Easy_BCI/PsychoPy Examples/N170/Stim/White Men/8.jpg'
133.1384 	EXP 	Stimulus: autoDraw = True
133.3174 	EXP 	New trial (rep=1, index=11): {'face': '/Users/jantzek/Documents/Easy_BCI/PsychoPy Examples/N170/Stim/White Men/1.jpg', 'trigger': 2}
133.3225 	EXP 	Stimulus: autoDraw = False
133.3225 	EXP 	fix_rand: text = '+'
133.3225 	EXP 	fix_rand: autoDraw = True
134.5645 	EXP 	window1: mouseVisible = True
