1.2093 	WARNING 	We strongly recommend you activate the PTB sound engine in PsychoPy prefs as the preferred audio engine. Its timing is vastly superior. Your prefs are currently set to use ['sounddevice', 'PTB', 'pyo', 'pygame'] (in that order).
7.1102 	WARNING 	User requested fullscreen with size [1024  768], but screen is actually [1440, 900]. Using actual size
8.4511 	WARNING 	Couldn't measure a consistent frame rate!
  - Is your graphics card set to sync to vertical blank?
  - Are you running other processes on your computer?

8.4530 	EXP 	Created window1 = Window(allowGUI=True, allowStencil=False, autoLog=True, backendConf=UNKNOWN, bitsMode=UNKNOWN, blendMode='avg', bpc=(8, 8, 8), color=array([0, 0, 0]), colorSpace='rgb', depthBits=8, fullscr=<method-wrapper '__getattribute__' of attributeSetter object at 0x7fa9a8d0bc10>, gamma=None, gammaErrorPolicy='raise', lms=UNKNOWN, monitor=<psychopy.monitors.calibTools.Monitor object at 0x7fa97b5dc8e0>, multiSample=False, name='window1', numSamples=2, pos=[360.0, 225.0], screen=0, size=array([2880, 1800]), stencilBits=0, stereo=False, units='height', useFBO=True, useRetina=True, viewOri=0.0, viewPos=None, viewScale=None, waitBlanking=True, winType='pyglet')
8.4535 	EXP 	window1: mouseVisible = True
8.4548 	EXP 	window1: mouseVisible = False
8.4548 	EXP 	window1: Attempting to measure frame rate of screen (0) ...
8.4549 	EXP 	window1: recordFrameIntervals = False
8.5338 	EXP 	window1: recordFrameIntervals = True
9.2770 	WARNING 	t of last frame was 26.55ms (=1/37)
9.4341 	WARNING 	Couldn't measure a consistent frame rate!
  - Is your graphics card set to sync to vertical blank?
  - Are you running other processes on your computer?

11.3910 	EXP 	Created fix_rand = TextStim(__class__=<class 'psychopy.visual.text.TextStim'>, alignHoriz=method-wrapper(...), alignText='center', alignVert=method-wrapper(...), anchorHoriz='center', anchorVert='center', antialias=True, autoDraw=False, autoLog=True, bold=False, color=array([1, 1, 1]), colorSpace='rgb', contrast=1.0, depth=0.0, flipHoriz=False, flipVert=False, font='Open Sans', fontFiles=[], height=0.1, italic=False, languageStyle='LTR', name='fix_rand', opacity=1.0, ori=0.0, pos=array([0., 0.]), rgb=UNKNOWN, text='', units='height', win=Window(...), wrapWidth=1)
11.4008 	EXP 	Created Stimulus = ImageStim(__class__=<class 'psychopy.visual.image.ImageStim'>, anchor=('center', 'center'), autoLog=True, color=array([1, 1, 1]), colorSpace='rgb', contrast=1.0, depth=0.0, flipHoriz=False, flipVert=False, image='sin', interpolate=True, mask=None, maskParams=None, name='Stimulus', opacity=1.0, ori=0.0, pos=array([0., 0.]), size=array([0.5, 0.5]), texRes=128.0, units='height', win=Window(...))
11.4025 	DEPRECATION 	'ted' is not a valid rgb color
11.4082 	EXP 	Created fixation = ShapeStim(__class__=<class 'psychopy.visual.shape.ShapeStim'>, anchor=('center', 'center'), autoDraw=False, autoLog=True, closeShape=True, color=method-wrapper(...), colorSpace='rgb', contrast=None, depth=-1.0, fillColor=array([ 1, -1, -1]), fillColorSpace='rgb', fillRGB=array([ 1, -1, -1]), interpolate=True, lineColor=array([0, 0, 0]), lineColorSpace='rgb', lineRGB=array([0, 0, 0]), lineWidth=1.0, name='fixation', opacity=0.5, ori=0.0, pos=array([0., 0.]), size=array([0.1, 0.1]), units='height', vertices=ndarray(...), win=Window(...), windingRule=None)
11.4176 	EXP 	Imported /Users/jantzek/Documents/Easy_BCI/PsychoPy Examples/N170/StimList.xlsx as conditions, 80 conditions, 2 params
11.4199 	EXP 	Created sequence: random, trialTypes=80, nReps=5, seed=None
11.4202 	EXP 	New trial (rep=0, index=0): {'face': '/Users/jantzek/Library/CloudStorage/OneDrive-WesternWashingtonUniversity/HCND_BACKUP/Software_Repository/LAB_STIMULATION_SOFTWARE/MATLAB/Rapid Oddball/Sarah Thesis Images/control_BW_images/cars/52.jpg', 'trigger': 1}
11.4513 	WARNING 	t of last frame was 2017.43ms (=1/0)
11.4513 	EXP 	fix_rand: height = 0.1
11.4513 	EXP 	fix_rand: height = 0.1
11.4513 	EXP 	fix_rand: height = 0.1
11.4513 	EXP 	fix_rand: text = '+'
11.4513 	EXP 	fix_rand: autoDraw = True
12.5362 	DEPRECATION 	Found file '/Users/jantzek/Library/CloudStorage/OneDrive-WesternWashingtonUniversity/HCND_BACKUP/Software_Repository/LAB_STIMULATION_SOFTWARE/MATLAB/Rapid Oddball/Sarah Thesis Images/control_BW_images/cars/52.jpg', failed to load as an image
12.5687 	EXP 	window1: mouseVisible = True
