1.2409 	WARNING 	We strongly recommend you activate the PTB sound engine in PsychoPy prefs as the preferred audio engine. Its timing is vastly superior. Your prefs are currently set to use ['sounddevice', 'PTB', 'pyo', 'pygame'] (in that order).
8.0817 	WARNING 	User requested fullscreen with size [1024  768], but screen is actually [1440, 900]. Using actual size
9.3219 	WARNING 	Couldn't measure a consistent frame rate!
  - Is your graphics card set to sync to vertical blank?
  - Are you running other processes on your computer?

9.3228 	EXP 	Created window1 = Window(allowGUI=True, allowStencil=False, autoLog=True, backendConf=UNKNOWN, bitsMode=UNKNOWN, blendMode='avg', bpc=(8, 8, 8), color=array([0, 0, 0]), colorSpace='rgb', depthBits=8, fullscr=<method-wrapper '__getattribute__' of attributeSetter object at 0x7fb0e41dbbb0>, gamma=None, gammaErrorPolicy='raise', lms=UNKNOWN, monitor=<psychopy.monitors.calibTools.Monitor object at 0x7fb0e63ab5e0>, multiSample=False, name='window1', numSamples=2, pos=[360.0, 225.0], screen=0, size=array([2880, 1800]), stencilBits=0, stereo=False, units='height', useFBO=True, useRetina=True, viewOri=0.0, viewPos=None, viewScale=None, waitBlanking=True, winType='pyglet')
9.3233 	EXP 	window1: mouseVisible = True
9.3242 	EXP 	window1: mouseVisible = False
9.3243 	EXP 	window1: Attempting to measure frame rate of screen (0) ...
9.3243 	EXP 	window1: recordFrameIntervals = False
9.4051 	EXP 	window1: recordFrameIntervals = True
10.2448 	WARNING 	Couldn't measure a consistent frame rate!
  - Is your graphics card set to sync to vertical blank?
  - Are you running other processes on your computer?

12.2017 	EXP 	Created fix_rand = TextStim(__class__=<class 'psychopy.visual.text.TextStim'>, alignHoriz=method-wrapper(...), alignText='center', alignVert=method-wrapper(...), anchorHoriz='center', anchorVert='center', antialias=True, autoDraw=False, autoLog=True, bold=False, color=array([1, 1, 1]), colorSpace='rgb', contrast=1.0, depth=0.0, flipHoriz=False, flipVert=False, font='Open Sans', fontFiles=[], height=0.1, italic=False, languageStyle='LTR', name='fix_rand', opacity=1.0, ori=0.0, pos=array([0., 0.]), rgb=UNKNOWN, text='', units='height', win=Window(...), wrapWidth=1)
12.2077 	EXP 	Created Stimulus = ImageStim(__class__=<class 'psychopy.visual.image.ImageStim'>, anchor=('center', 'center'), autoLog=True, color=array([1, 1, 1]), colorSpace='rgb', contrast=1.0, depth=0.0, flipHoriz=False, flipVert=False, image='sin', interpolate=True, mask=None, maskParams=None, name='Stimulus', opacity=1.0, ori=0.0, pos=array([0., 0.]), size=array([0.5, 0.5]), texRes=128.0, units='height', win=Window(...))
12.2193 	EXP 	Imported StimList.xlsx as conditions, 80 conditions, 2 params
12.2206 	EXP 	Created sequence: random, trialTypes=80, nReps=5, seed=None
12.2209 	EXP 	New trial (rep=0, index=0): {'face': '/Users/jantzek/Documents/Easy_BCI/PsychoPy Examples/N170/Stim/cars/61.jpg', 'trigger': 1}
12.2491 	WARNING 	t of last frame was 2004.51ms (=1/0)
12.2491 	EXP 	fix_rand: height = 0.1
12.2491 	EXP 	fix_rand: height = 0.1
12.2491 	EXP 	fix_rand: height = 0.1
12.2491 	EXP 	fix_rand: text = '+'
12.2491 	EXP 	fix_rand: autoDraw = True
13.3999 	WARNING 	t of last frame was 55.19ms (=1/18)
13.3999 	EXP 	fix_rand: autoDraw = False
13.3999 	EXP 	fix_rand: autoDraw = False
13.3999 	EXP 	Stimulus: image = '/Users/jantzek/Documents/Easy_BCI/PsychoPy Examples/N170/Stim/cars/61.jpg'
13.3999 	EXP 	Stimulus: autoDraw = True
13.4210 	WARNING 	t of last frame was 21.09ms (=1/47)
13.6054 	EXP 	New trial (rep=0, index=1): {'face': '/Users/jantzek/Documents/Easy_BCI/PsychoPy Examples/N170/Stim/cars/77.jpg', 'trigger': 1}
13.6128 	EXP 	Stimulus: autoDraw = False
13.6128 	EXP 	fix_rand: text = '+'
13.6128 	EXP 	fix_rand: autoDraw = True
14.6998 	WARNING 	t of last frame was 37.56ms (=1/26)
14.6998 	EXP 	fix_rand: autoDraw = False
14.6998 	EXP 	fix_rand: autoDraw = False
14.6998 	EXP 	Stimulus: image = '/Users/jantzek/Documents/Easy_BCI/PsychoPy Examples/N170/Stim/cars/77.jpg'
14.6998 	EXP 	Stimulus: autoDraw = True
14.7211 	WARNING 	Multiple dropped frames have occurred - I'll stop bothering you about them!
14.9221 	EXP 	New trial (rep=0, index=2): {'face': '/Users/jantzek/Documents/Easy_BCI/PsychoPy Examples/N170/Stim/White Men/28.jpg', 'trigger': 2}
14.9295 	EXP 	Stimulus: autoDraw = False
14.9295 	EXP 	fix_rand: text = '+'
14.9295 	EXP 	fix_rand: autoDraw = True
16.1413 	EXP 	fix_rand: autoDraw = False
16.1413 	EXP 	fix_rand: autoDraw = False
16.1413 	EXP 	Stimulus: image = '/Users/jantzek/Documents/Easy_BCI/PsychoPy Examples/N170/Stim/White Men/28.jpg'
16.1413 	EXP 	Stimulus: autoDraw = True
16.2880 	EXP 	New trial (rep=0, index=3): {'face': '/Users/jantzek/Documents/Easy_BCI/PsychoPy Examples/N170/Stim/White Men/4.jpg', 'trigger': 2}
16.2936 	EXP 	Stimulus: autoDraw = False
16.2936 	EXP 	fix_rand: text = '+'
16.2936 	EXP 	fix_rand: autoDraw = True
17.4644 	EXP 	fix_rand: autoDraw = False
17.4644 	EXP 	fix_rand: autoDraw = False
17.4644 	EXP 	Stimulus: image = '/Users/jantzek/Documents/Easy_BCI/PsychoPy Examples/N170/Stim/White Men/4.jpg'
17.4644 	EXP 	Stimulus: autoDraw = True
17.6443 	EXP 	New trial (rep=0, index=4): {'face': '/Users/jantzek/Documents/Easy_BCI/PsychoPy Examples/N170/Stim/cars/85.jpg', 'trigger': 1}
17.6544 	EXP 	Stimulus: autoDraw = False
17.6544 	EXP 	fix_rand: text = '+'
17.6544 	EXP 	fix_rand: autoDraw = True
18.7699 	EXP 	fix_rand: autoDraw = False
18.7699 	EXP 	fix_rand: autoDraw = False
18.7699 	EXP 	Stimulus: image = '/Users/jantzek/Documents/Easy_BCI/PsychoPy Examples/N170/Stim/cars/85.jpg'
18.7699 	EXP 	Stimulus: autoDraw = True
19.0056 	EXP 	New trial (rep=0, index=5): {'face': '/Users/jantzek/Documents/Easy_BCI/PsychoPy Examples/N170/Stim/cars/76.jpg', 'trigger': 1}
19.0136 	EXP 	Stimulus: autoDraw = False
19.0136 	EXP 	fix_rand: text = '+'
19.0136 	EXP 	fix_rand: autoDraw = True
20.1587 	EXP 	fix_rand: autoDraw = False
20.1587 	EXP 	fix_rand: autoDraw = False
20.1587 	EXP 	Stimulus: image = '/Users/jantzek/Documents/Easy_BCI/PsychoPy Examples/N170/Stim/cars/76.jpg'
20.1587 	EXP 	Stimulus: autoDraw = True
20.3959 	EXP 	New trial (rep=0, index=6): {'face': '/Users/jantzek/Documents/Easy_BCI/PsychoPy Examples/N170/Stim/cars/89.jpg', 'trigger': 1}
20.4044 	EXP 	Stimulus: autoDraw = False
20.4044 	EXP 	fix_rand: text = '+'
20.4044 	EXP 	fix_rand: autoDraw = True
21.5101 	EXP 	fix_rand: autoDraw = False
21.5101 	EXP 	fix_rand: autoDraw = False
21.5101 	EXP 	Stimulus: image = '/Users/jantzek/Documents/Easy_BCI/PsychoPy Examples/N170/Stim/cars/89.jpg'
21.5101 	EXP 	Stimulus: autoDraw = True
21.7452 	EXP 	New trial (rep=0, index=7): {'face': '/Users/jantzek/Documents/Easy_BCI/PsychoPy Examples/N170/Stim/White Men/37.jpg', 'trigger': 2}
21.7543 	EXP 	Stimulus: autoDraw = False
21.7543 	EXP 	fix_rand: text = '+'
21.7543 	EXP 	fix_rand: autoDraw = True
22.9406 	EXP 	fix_rand: autoDraw = False
22.9406 	EXP 	fix_rand: autoDraw = False
22.9406 	EXP 	Stimulus: image = '/Users/jantzek/Documents/Easy_BCI/PsychoPy Examples/N170/Stim/White Men/37.jpg'
22.9406 	EXP 	Stimulus: autoDraw = True
23.1169 	EXP 	New trial (rep=0, index=8): {'face': '/Users/jantzek/Documents/Easy_BCI/PsychoPy Examples/N170/Stim/cars/67.jpg', 'trigger': 1}
23.1229 	EXP 	Stimulus: autoDraw = False
23.1229 	EXP 	fix_rand: text = '+'
23.1229 	EXP 	fix_rand: autoDraw = True
24.2863 	EXP 	fix_rand: autoDraw = False
24.2863 	EXP 	fix_rand: autoDraw = False
24.2863 	EXP 	Stimulus: image = '/Users/jantzek/Documents/Easy_BCI/PsychoPy Examples/N170/Stim/cars/67.jpg'
24.2863 	EXP 	Stimulus: autoDraw = True
24.5118 	EXP 	New trial (rep=0, index=9): {'face': '/Users/jantzek/Documents/Easy_BCI/PsychoPy Examples/N170/Stim/cars/78.jpg', 'trigger': 1}
24.5209 	EXP 	Stimulus: autoDraw = False
24.5209 	EXP 	fix_rand: text = '+'
24.5209 	EXP 	fix_rand: autoDraw = True
25.5931 	EXP 	fix_rand: autoDraw = False
25.5931 	EXP 	fix_rand: autoDraw = False
25.5931 	EXP 	Stimulus: image = '/Users/jantzek/Documents/Easy_BCI/PsychoPy Examples/N170/Stim/cars/78.jpg'
25.5931 	EXP 	Stimulus: autoDraw = True
25.8295 	EXP 	New trial (rep=0, index=10): {'face': '/Users/jantzek/Documents/Easy_BCI/PsychoPy Examples/N170/Stim/White Men/10.jpg', 'trigger': 2}
25.8383 	EXP 	Stimulus: autoDraw = False
25.8383 	EXP 	fix_rand: text = '+'
25.8383 	EXP 	fix_rand: autoDraw = True
26.9452 	EXP 	fix_rand: autoDraw = False
26.9452 	EXP 	fix_rand: autoDraw = False
26.9452 	EXP 	Stimulus: image = '/Users/jantzek/Documents/Easy_BCI/PsychoPy Examples/N170/Stim/White Men/10.jpg'
26.9452 	EXP 	Stimulus: autoDraw = True
27.1457 	EXP 	New trial (rep=0, index=11): {'face': '/Users/jantzek/Documents/Easy_BCI/PsychoPy Examples/N170/Stim/White Men/16.jpg', 'trigger': 2}
27.1543 	EXP 	Stimulus: autoDraw = False
27.1543 	EXP 	fix_rand: text = '+'
27.1543 	EXP 	fix_rand: autoDraw = True
28.2243 	EXP 	fix_rand: autoDraw = False
28.2243 	EXP 	fix_rand: autoDraw = False
28.2243 	EXP 	Stimulus: image = '/Users/jantzek/Documents/Easy_BCI/PsychoPy Examples/N170/Stim/White Men/16.jpg'
28.2243 	EXP 	Stimulus: autoDraw = True
28.4127 	EXP 	New trial (rep=0, index=12): {'face': '/Users/jantzek/Documents/Easy_BCI/PsychoPy Examples/N170/Stim/White Men/40.jpg', 'trigger': 2}
28.4210 	EXP 	Stimulus: autoDraw = False
28.4210 	EXP 	fix_rand: text = '+'
28.4210 	EXP 	fix_rand: autoDraw = True
29.5619 	EXP 	fix_rand: autoDraw = False
29.5619 	EXP 	fix_rand: autoDraw = False
29.5619 	EXP 	Stimulus: image = '/Users/jantzek/Documents/Easy_BCI/PsychoPy Examples/N170/Stim/White Men/40.jpg'
29.5619 	EXP 	Stimulus: autoDraw = True
29.7621 	EXP 	New trial (rep=0, index=13): {'face': '/Users/jantzek/Documents/Easy_BCI/PsychoPy Examples/N170/Stim/cars/63.jpg', 'trigger': 1}
29.7713 	EXP 	Stimulus: autoDraw = False
29.7713 	EXP 	fix_rand: text = '+'
29.7713 	EXP 	fix_rand: autoDraw = True
30.8207 	EXP 	fix_rand: autoDraw = False
30.8207 	EXP 	fix_rand: autoDraw = False
30.8207 	EXP 	Stimulus: image = '/Users/jantzek/Documents/Easy_BCI/PsychoPy Examples/N170/Stim/cars/63.jpg'
30.8207 	EXP 	Stimulus: autoDraw = True
31.0560 	EXP 	New trial (rep=0, index=14): {'face': '/Users/jantzek/Documents/Easy_BCI/PsychoPy Examples/N170/Stim/cars/57.jpg', 'trigger': 1}
31.0637 	EXP 	Stimulus: autoDraw = False
31.0637 	EXP 	fix_rand: text = '+'
31.0637 	EXP 	fix_rand: autoDraw = True
32.1667 	EXP 	fix_rand: autoDraw = False
32.1667 	EXP 	fix_rand: autoDraw = False
32.1667 	EXP 	Stimulus: image = '/Users/jantzek/Documents/Easy_BCI/PsychoPy Examples/N170/Stim/cars/57.jpg'
32.1667 	EXP 	Stimulus: autoDraw = True
32.3959 	EXP 	New trial (rep=0, index=15): {'face': '/Users/jantzek/Documents/Easy_BCI/PsychoPy Examples/N170/Stim/White Men/31.jpg', 'trigger': 2}
32.4045 	EXP 	Stimulus: autoDraw = False
32.4045 	EXP 	fix_rand: text = '+'
32.4045 	EXP 	fix_rand: autoDraw = True
33.5303 	EXP 	fix_rand: autoDraw = False
33.5303 	EXP 	fix_rand: autoDraw = False
33.5303 	EXP 	Stimulus: image = '/Users/jantzek/Documents/Easy_BCI/PsychoPy Examples/N170/Stim/White Men/31.jpg'
33.5303 	EXP 	Stimulus: autoDraw = True
33.7105 	EXP 	New trial (rep=0, index=16): {'face': '/Users/jantzek/Documents/Easy_BCI/PsychoPy Examples/N170/Stim/White Men/18.jpg', 'trigger': 2}
33.7212 	EXP 	Stimulus: autoDraw = False
33.7212 	EXP 	fix_rand: text = '+'
33.7212 	EXP 	fix_rand: autoDraw = True
34.8178 	EXP 	fix_rand: autoDraw = False
34.8178 	EXP 	fix_rand: autoDraw = False
34.8178 	EXP 	Stimulus: image = '/Users/jantzek/Documents/Easy_BCI/PsychoPy Examples/N170/Stim/White Men/18.jpg'
34.8178 	EXP 	Stimulus: autoDraw = True
35.0115 	EXP 	New trial (rep=0, index=17): {'face': '/Users/jantzek/Documents/Easy_BCI/PsychoPy Examples/N170/Stim/cars/56.jpg', 'trigger': 1}
35.0213 	EXP 	Stimulus: autoDraw = False
35.0213 	EXP 	fix_rand: text = '+'
35.0213 	EXP 	fix_rand: autoDraw = True
36.1233 	EXP 	fix_rand: autoDraw = False
36.1233 	EXP 	fix_rand: autoDraw = False
36.1233 	EXP 	Stimulus: image = '/Users/jantzek/Documents/Easy_BCI/PsychoPy Examples/N170/Stim/cars/56.jpg'
36.1233 	EXP 	Stimulus: autoDraw = True
36.3556 	EXP 	New trial (rep=0, index=18): {'face': '/Users/jantzek/Documents/Easy_BCI/PsychoPy Examples/N170/Stim/White Men/21.jpg', 'trigger': 2}
36.3627 	EXP 	Stimulus: autoDraw = False
36.3627 	EXP 	fix_rand: text = '+'
36.3627 	EXP 	fix_rand: autoDraw = True
37.5163 	EXP 	fix_rand: autoDraw = False
37.5163 	EXP 	fix_rand: autoDraw = False
37.5163 	EXP 	Stimulus: image = '/Users/jantzek/Documents/Easy_BCI/PsychoPy Examples/N170/Stim/White Men/21.jpg'
37.5163 	EXP 	Stimulus: autoDraw = True
37.7052 	EXP 	New trial (rep=0, index=19): {'face': '/Users/jantzek/Documents/Easy_BCI/PsychoPy Examples/N170/Stim/cars/59.jpg', 'trigger': 1}
37.7122 	EXP 	Stimulus: autoDraw = False
37.7122 	EXP 	fix_rand: text = '+'
37.7122 	EXP 	fix_rand: autoDraw = True
38.9550 	EXP 	fix_rand: autoDraw = False
38.9550 	EXP 	fix_rand: autoDraw = False
38.9550 	EXP 	Stimulus: image = '/Users/jantzek/Documents/Easy_BCI/PsychoPy Examples/N170/Stim/cars/59.jpg'
38.9550 	EXP 	Stimulus: autoDraw = True
39.1887 	EXP 	New trial (rep=0, index=20): {'face': '/Users/jantzek/Documents/Easy_BCI/PsychoPy Examples/N170/Stim/cars/73.jpg', 'trigger': 1}
39.1959 	EXP 	Stimulus: autoDraw = False
39.1959 	EXP 	fix_rand: text = '+'
39.1959 	EXP 	fix_rand: autoDraw = True
40.4165 	EXP 	fix_rand: autoDraw = False
40.4165 	EXP 	fix_rand: autoDraw = False
40.4165 	EXP 	Stimulus: image = '/Users/jantzek/Documents/Easy_BCI/PsychoPy Examples/N170/Stim/cars/73.jpg'
40.4165 	EXP 	Stimulus: autoDraw = True
40.6556 	EXP 	New trial (rep=0, index=21): {'face': '/Users/jantzek/Documents/Easy_BCI/PsychoPy Examples/N170/Stim/White Men/13.jpg', 'trigger': 2}
40.6630 	EXP 	Stimulus: autoDraw = False
40.6630 	EXP 	fix_rand: text = '+'
40.6630 	EXP 	fix_rand: autoDraw = True
41.7683 	EXP 	fix_rand: autoDraw = False
41.7683 	EXP 	fix_rand: autoDraw = False
41.7683 	EXP 	Stimulus: image = '/Users/jantzek/Documents/Easy_BCI/PsychoPy Examples/N170/Stim/White Men/13.jpg'
41.7683 	EXP 	Stimulus: autoDraw = True
41.9553 	EXP 	New trial (rep=0, index=22): {'face': '/Users/jantzek/Documents/Easy_BCI/PsychoPy Examples/N170/Stim/White Men/12.jpg', 'trigger': 2}
41.9618 	EXP 	Stimulus: autoDraw = False
41.9618 	EXP 	fix_rand: text = '+'
41.9618 	EXP 	fix_rand: autoDraw = True
43.1231 	EXP 	fix_rand: autoDraw = False
43.1231 	EXP 	fix_rand: autoDraw = False
43.1231 	EXP 	Stimulus: image = '/Users/jantzek/Documents/Easy_BCI/PsychoPy Examples/N170/Stim/White Men/12.jpg'
43.1231 	EXP 	Stimulus: autoDraw = True
43.3218 	EXP 	New trial (rep=0, index=23): {'face': '/Users/jantzek/Documents/Easy_BCI/PsychoPy Examples/N170/Stim/cars/74.jpg', 'trigger': 1}
43.3289 	EXP 	Stimulus: autoDraw = False
43.3289 	EXP 	fix_rand: text = '+'
43.3289 	EXP 	fix_rand: autoDraw = True
44.4352 	EXP 	fix_rand: autoDraw = False
44.4352 	EXP 	fix_rand: autoDraw = False
44.4352 	EXP 	Stimulus: image = '/Users/jantzek/Documents/Easy_BCI/PsychoPy Examples/N170/Stim/cars/74.jpg'
44.4352 	EXP 	Stimulus: autoDraw = True
44.6618 	EXP 	New trial (rep=0, index=24): {'face': '/Users/jantzek/Documents/Easy_BCI/PsychoPy Examples/N170/Stim/cars/83.jpg', 'trigger': 1}
44.6713 	EXP 	Stimulus: autoDraw = False
44.6713 	EXP 	fix_rand: text = '+'
44.6713 	EXP 	fix_rand: autoDraw = True
45.7438 	EXP 	fix_rand: autoDraw = False
45.7438 	EXP 	fix_rand: autoDraw = False
45.7438 	EXP 	Stimulus: image = '/Users/jantzek/Documents/Easy_BCI/PsychoPy Examples/N170/Stim/cars/83.jpg'
45.7438 	EXP 	Stimulus: autoDraw = True
45.9781 	EXP 	New trial (rep=0, index=25): {'face': '/Users/jantzek/Documents/Easy_BCI/PsychoPy Examples/N170/Stim/cars/54.jpg', 'trigger': 1}
45.9882 	EXP 	Stimulus: autoDraw = False
45.9882 	EXP 	fix_rand: text = '+'
45.9882 	EXP 	fix_rand: autoDraw = True
47.0987 	EXP 	fix_rand: autoDraw = False
47.0987 	EXP 	fix_rand: autoDraw = False
47.0987 	EXP 	Stimulus: image = '/Users/jantzek/Documents/Easy_BCI/PsychoPy Examples/N170/Stim/cars/54.jpg'
47.0987 	EXP 	Stimulus: autoDraw = True
47.3394 	EXP 	New trial (rep=0, index=26): {'face': '/Users/jantzek/Documents/Easy_BCI/PsychoPy Examples/N170/Stim/White Men/30.jpg', 'trigger': 2}
47.3473 	EXP 	Stimulus: autoDraw = False
47.3473 	EXP 	fix_rand: text = '+'
47.3473 	EXP 	fix_rand: autoDraw = True
48.5170 	EXP 	fix_rand: autoDraw = False
48.5170 	EXP 	fix_rand: autoDraw = False
48.5170 	EXP 	Stimulus: image = '/Users/jantzek/Documents/Easy_BCI/PsychoPy Examples/N170/Stim/White Men/30.jpg'
48.5170 	EXP 	Stimulus: autoDraw = True
48.7051 	EXP 	New trial (rep=0, index=27): {'face': '/Users/jantzek/Documents/Easy_BCI/PsychoPy Examples/N170/Stim/cars/70.jpg', 'trigger': 1}
48.7117 	EXP 	Stimulus: autoDraw = False
48.7117 	EXP 	fix_rand: text = '+'
48.7117 	EXP 	fix_rand: autoDraw = True
49.9045 	EXP 	fix_rand: autoDraw = False
49.9045 	EXP 	fix_rand: autoDraw = False
49.9045 	EXP 	Stimulus: image = '/Users/jantzek/Documents/Easy_BCI/PsychoPy Examples/N170/Stim/cars/70.jpg'
49.9045 	EXP 	Stimulus: autoDraw = True
50.1282 	EXP 	New trial (rep=0, index=28): {'face': '/Users/jantzek/Documents/Easy_BCI/PsychoPy Examples/N170/Stim/White Men/23.jpg', 'trigger': 2}
50.1378 	EXP 	Stimulus: autoDraw = False
50.1378 	EXP 	fix_rand: text = '+'
50.1378 	EXP 	fix_rand: autoDraw = True
51.2945 	EXP 	fix_rand: autoDraw = False
51.2945 	EXP 	fix_rand: autoDraw = False
51.2945 	EXP 	Stimulus: image = '/Users/jantzek/Documents/Easy_BCI/PsychoPy Examples/N170/Stim/White Men/23.jpg'
51.2945 	EXP 	Stimulus: autoDraw = True
51.4718 	EXP 	New trial (rep=0, index=29): {'face': '/Users/jantzek/Documents/Easy_BCI/PsychoPy Examples/N170/Stim/White Men/6.jpg', 'trigger': 2}
51.4779 	EXP 	Stimulus: autoDraw = False
51.4779 	EXP 	fix_rand: text = '+'
51.4779 	EXP 	fix_rand: autoDraw = True
52.6241 	EXP 	fix_rand: autoDraw = False
52.6241 	EXP 	fix_rand: autoDraw = False
52.6241 	EXP 	Stimulus: image = '/Users/jantzek/Documents/Easy_BCI/PsychoPy Examples/N170/Stim/White Men/6.jpg'
52.6241 	EXP 	Stimulus: autoDraw = True
52.8222 	EXP 	New trial (rep=0, index=30): {'face': '/Users/jantzek/Documents/Easy_BCI/PsychoPy Examples/N170/Stim/White Men/38.jpg', 'trigger': 2}
52.8289 	EXP 	Stimulus: autoDraw = False
52.8289 	EXP 	fix_rand: text = '+'
52.8289 	EXP 	fix_rand: autoDraw = True
54.0024 	EXP 	fix_rand: autoDraw = False
54.0024 	EXP 	fix_rand: autoDraw = False
54.0024 	EXP 	Stimulus: image = '/Users/jantzek/Documents/Easy_BCI/PsychoPy Examples/N170/Stim/White Men/38.jpg'
54.0024 	EXP 	Stimulus: autoDraw = True
54.2053 	EXP 	New trial (rep=0, index=31): {'face': '/Users/jantzek/Documents/Easy_BCI/PsychoPy Examples/N170/Stim/White Men/19.jpg', 'trigger': 2}
54.2121 	EXP 	Stimulus: autoDraw = False
54.2121 	EXP 	fix_rand: text = '+'
54.2121 	EXP 	fix_rand: autoDraw = True
55.2940 	EXP 	fix_rand: autoDraw = False
55.2940 	EXP 	fix_rand: autoDraw = False
55.2940 	EXP 	Stimulus: image = '/Users/jantzek/Documents/Easy_BCI/PsychoPy Examples/N170/Stim/White Men/19.jpg'
55.2940 	EXP 	Stimulus: autoDraw = True
55.4946 	EXP 	New trial (rep=0, index=32): {'face': '/Users/jantzek/Documents/Easy_BCI/PsychoPy Examples/N170/Stim/cars/86.jpg', 'trigger': 1}
55.5051 	EXP 	Stimulus: autoDraw = False
55.5051 	EXP 	fix_rand: text = '+'
55.5051 	EXP 	fix_rand: autoDraw = True
56.5996 	EXP 	fix_rand: autoDraw = False
56.5996 	EXP 	fix_rand: autoDraw = False
56.5996 	EXP 	Stimulus: image = '/Users/jantzek/Documents/Easy_BCI/PsychoPy Examples/N170/Stim/cars/86.jpg'
56.5996 	EXP 	Stimulus: autoDraw = True
56.8284 	EXP 	New trial (rep=0, index=33): {'face': '/Users/jantzek/Documents/Easy_BCI/PsychoPy Examples/N170/Stim/cars/66.jpg', 'trigger': 1}
56.8381 	EXP 	Stimulus: autoDraw = False
56.8381 	EXP 	fix_rand: text = '+'
56.8381 	EXP 	fix_rand: autoDraw = True
57.8656 	EXP 	fix_rand: autoDraw = False
57.8656 	EXP 	fix_rand: autoDraw = False
57.8656 	EXP 	Stimulus: image = '/Users/jantzek/Documents/Easy_BCI/PsychoPy Examples/N170/Stim/cars/66.jpg'
57.8656 	EXP 	Stimulus: autoDraw = True
58.1057 	EXP 	New trial (rep=0, index=34): {'face': '/Users/jantzek/Documents/Easy_BCI/PsychoPy Examples/N170/Stim/cars/51.jpg', 'trigger': 1}
58.1137 	EXP 	Stimulus: autoDraw = False
58.1137 	EXP 	fix_rand: text = '+'
58.1137 	EXP 	fix_rand: autoDraw = True
59.1592 	EXP 	fix_rand: autoDraw = False
59.1592 	EXP 	fix_rand: autoDraw = False
59.1592 	EXP 	Stimulus: image = '/Users/jantzek/Documents/Easy_BCI/PsychoPy Examples/N170/Stim/cars/51.jpg'
59.1592 	EXP 	Stimulus: autoDraw = True
59.3955 	EXP 	New trial (rep=0, index=35): {'face': '/Users/jantzek/Documents/Easy_BCI/PsychoPy Examples/N170/Stim/cars/88.jpg', 'trigger': 1}
59.4046 	EXP 	Stimulus: autoDraw = False
59.4046 	EXP 	fix_rand: text = '+'
59.4046 	EXP 	fix_rand: autoDraw = True
60.4813 	EXP 	fix_rand: autoDraw = False
60.4813 	EXP 	fix_rand: autoDraw = False
60.4813 	EXP 	Stimulus: image = '/Users/jantzek/Documents/Easy_BCI/PsychoPy Examples/N170/Stim/cars/88.jpg'
60.4813 	EXP 	Stimulus: autoDraw = True
60.7226 	EXP 	New trial (rep=0, index=36): {'face': '/Users/jantzek/Documents/Easy_BCI/PsychoPy Examples/N170/Stim/cars/79.jpg', 'trigger': 1}
60.7305 	EXP 	Stimulus: autoDraw = False
60.7305 	EXP 	fix_rand: text = '+'
60.7305 	EXP 	fix_rand: autoDraw = True
61.9151 	EXP 	fix_rand: autoDraw = False
61.9151 	EXP 	fix_rand: autoDraw = False
61.9151 	EXP 	Stimulus: image = '/Users/jantzek/Documents/Easy_BCI/PsychoPy Examples/N170/Stim/cars/79.jpg'
61.9151 	EXP 	Stimulus: autoDraw = True
62.1555 	EXP 	New trial (rep=0, index=37): {'face': '/Users/jantzek/Documents/Easy_BCI/PsychoPy Examples/N170/Stim/cars/60.jpg', 'trigger': 1}
62.1629 	EXP 	Stimulus: autoDraw = False
62.1629 	EXP 	fix_rand: text = '+'
62.1629 	EXP 	fix_rand: autoDraw = True
63.2652 	EXP 	fix_rand: autoDraw = False
63.2652 	EXP 	fix_rand: autoDraw = False
63.2652 	EXP 	Stimulus: image = '/Users/jantzek/Documents/Easy_BCI/PsychoPy Examples/N170/Stim/cars/60.jpg'
63.2652 	EXP 	Stimulus: autoDraw = True
63.4959 	EXP 	New trial (rep=0, index=38): {'face': '/Users/jantzek/Documents/Easy_BCI/PsychoPy Examples/N170/Stim/White Men/34.jpg', 'trigger': 2}
63.5046 	EXP 	Stimulus: autoDraw = False
63.5046 	EXP 	fix_rand: text = '+'
63.5046 	EXP 	fix_rand: autoDraw = True
64.6243 	EXP 	fix_rand: autoDraw = False
64.6243 	EXP 	fix_rand: autoDraw = False
64.6243 	EXP 	Stimulus: image = '/Users/jantzek/Documents/Easy_BCI/PsychoPy Examples/N170/Stim/White Men/34.jpg'
64.6243 	EXP 	Stimulus: autoDraw = True
64.8054 	EXP 	New trial (rep=0, index=39): {'face': '/Users/jantzek/Documents/Easy_BCI/PsychoPy Examples/N170/Stim/cars/71.jpg', 'trigger': 1}
64.8118 	EXP 	Stimulus: autoDraw = False
64.8118 	EXP 	fix_rand: text = '+'
64.8118 	EXP 	fix_rand: autoDraw = True
66.0175 	EXP 	fix_rand: autoDraw = False
66.0175 	EXP 	fix_rand: autoDraw = False
66.0175 	EXP 	Stimulus: image = '/Users/jantzek/Documents/Easy_BCI/PsychoPy Examples/N170/Stim/cars/71.jpg'
66.0175 	EXP 	Stimulus: autoDraw = True
66.2391 	EXP 	New trial (rep=0, index=40): {'face': '/Users/jantzek/Documents/Easy_BCI/PsychoPy Examples/N170/Stim/White Men/1.jpg', 'trigger': 2}
66.2468 	EXP 	Stimulus: autoDraw = False
66.2468 	EXP 	fix_rand: text = '+'
66.2468 	EXP 	fix_rand: autoDraw = True
67.3863 	EXP 	fix_rand: autoDraw = False
67.3863 	EXP 	fix_rand: autoDraw = False
67.3863 	EXP 	Stimulus: image = '/Users/jantzek/Documents/Easy_BCI/PsychoPy Examples/N170/Stim/White Men/1.jpg'
67.3863 	EXP 	Stimulus: autoDraw = True
67.5718 	EXP 	New trial (rep=0, index=41): {'face': '/Users/jantzek/Documents/Easy_BCI/PsychoPy Examples/N170/Stim/cars/90.jpg', 'trigger': 1}
67.5775 	EXP 	Stimulus: autoDraw = False
67.5775 	EXP 	fix_rand: text = '+'
67.5775 	EXP 	fix_rand: autoDraw = True
68.7740 	EXP 	fix_rand: autoDraw = False
68.7740 	EXP 	fix_rand: autoDraw = False
68.7740 	EXP 	Stimulus: image = '/Users/jantzek/Documents/Easy_BCI/PsychoPy Examples/N170/Stim/cars/90.jpg'
68.7740 	EXP 	Stimulus: autoDraw = True
69.0057 	EXP 	New trial (rep=0, index=42): {'face': '/Users/jantzek/Documents/Easy_BCI/PsychoPy Examples/N170/Stim/White Men/14.jpg', 'trigger': 2}
69.0128 	EXP 	Stimulus: autoDraw = False
69.0128 	EXP 	fix_rand: text = '+'
69.0128 	EXP 	fix_rand: autoDraw = True
70.2809 	EXP 	fix_rand: autoDraw = False
70.2809 	EXP 	fix_rand: autoDraw = False
70.2809 	EXP 	Stimulus: image = '/Users/jantzek/Documents/Easy_BCI/PsychoPy Examples/N170/Stim/White Men/14.jpg'
70.2809 	EXP 	Stimulus: autoDraw = True
70.4609 	EXP 	New trial (rep=0, index=43): {'face': '/Users/jantzek/Documents/Easy_BCI/PsychoPy Examples/N170/Stim/White Men/8.jpg', 'trigger': 2}
70.4714 	EXP 	Stimulus: autoDraw = False
70.4714 	EXP 	fix_rand: text = '+'
70.4714 	EXP 	fix_rand: autoDraw = True
71.5887 	EXP 	fix_rand: autoDraw = False
71.5887 	EXP 	fix_rand: autoDraw = False
71.5887 	EXP 	Stimulus: image = '/Users/jantzek/Documents/Easy_BCI/PsychoPy Examples/N170/Stim/White Men/8.jpg'
71.5887 	EXP 	Stimulus: autoDraw = True
71.7890 	EXP 	New trial (rep=0, index=44): {'face': '/Users/jantzek/Documents/Easy_BCI/PsychoPy Examples/N170/Stim/White Men/24.jpg', 'trigger': 2}
71.7957 	EXP 	Stimulus: autoDraw = False
71.7957 	EXP 	fix_rand: text = '+'
71.7957 	EXP 	fix_rand: autoDraw = True
73.0013 	EXP 	fix_rand: autoDraw = False
73.0013 	EXP 	fix_rand: autoDraw = False
73.0013 	EXP 	Stimulus: image = '/Users/jantzek/Documents/Easy_BCI/PsychoPy Examples/N170/Stim/White Men/24.jpg'
73.0013 	EXP 	Stimulus: autoDraw = True
73.2056 	EXP 	New trial (rep=0, index=45): {'face': '/Users/jantzek/Documents/Easy_BCI/PsychoPy Examples/N170/Stim/White Men/25.jpg', 'trigger': 2}
73.2130 	EXP 	Stimulus: autoDraw = False
73.2130 	EXP 	fix_rand: text = '+'
73.2130 	EXP 	fix_rand: autoDraw = True
74.3388 	EXP 	fix_rand: autoDraw = False
74.3388 	EXP 	fix_rand: autoDraw = False
74.3388 	EXP 	Stimulus: image = '/Users/jantzek/Documents/Easy_BCI/PsychoPy Examples/N170/Stim/White Men/25.jpg'
74.3388 	EXP 	Stimulus: autoDraw = True
74.5391 	EXP 	New trial (rep=0, index=46): {'face': '/Users/jantzek/Documents/Easy_BCI/PsychoPy Examples/N170/Stim/White Men/33.jpg', 'trigger': 2}
74.5459 	EXP 	Stimulus: autoDraw = False
74.5459 	EXP 	fix_rand: text = '+'
74.5459 	EXP 	fix_rand: autoDraw = True
75.6197 	EXP 	fix_rand: autoDraw = False
75.6197 	EXP 	fix_rand: autoDraw = False
75.6197 	EXP 	Stimulus: image = '/Users/jantzek/Documents/Easy_BCI/PsychoPy Examples/N170/Stim/White Men/33.jpg'
75.6197 	EXP 	Stimulus: autoDraw = True
75.8224 	EXP 	New trial (rep=0, index=47): {'face': '/Users/jantzek/Documents/Easy_BCI/PsychoPy Examples/N170/Stim/cars/52.jpg', 'trigger': 1}
75.8297 	EXP 	Stimulus: autoDraw = False
75.8297 	EXP 	fix_rand: text = '+'
75.8297 	EXP 	fix_rand: autoDraw = True
76.8988 	EXP 	fix_rand: autoDraw = False
76.8988 	EXP 	fix_rand: autoDraw = False
76.8988 	EXP 	Stimulus: image = '/Users/jantzek/Documents/Easy_BCI/PsychoPy Examples/N170/Stim/cars/52.jpg'
76.8988 	EXP 	Stimulus: autoDraw = True
77.1296 	EXP 	New trial (rep=0, index=48): {'face': '/Users/jantzek/Documents/Easy_BCI/PsychoPy Examples/N170/Stim/White Men/7.jpg', 'trigger': 2}
77.1380 	EXP 	Stimulus: autoDraw = False
77.1380 	EXP 	fix_rand: text = '+'
77.1380 	EXP 	fix_rand: autoDraw = True
78.4293 	EXP 	fix_rand: autoDraw = False
78.4293 	EXP 	fix_rand: autoDraw = False
78.4293 	EXP 	Stimulus: image = '/Users/jantzek/Documents/Easy_BCI/PsychoPy Examples/N170/Stim/White Men/7.jpg'
78.4293 	EXP 	Stimulus: autoDraw = True
78.6108 	EXP 	New trial (rep=0, index=49): {'face': '/Users/jantzek/Documents/Easy_BCI/PsychoPy Examples/N170/Stim/cars/80.jpg', 'trigger': 1}
78.6215 	EXP 	Stimulus: autoDraw = False
78.6215 	EXP 	fix_rand: text = '+'
78.6215 	EXP 	fix_rand: autoDraw = True
79.6494 	EXP 	fix_rand: autoDraw = False
79.6494 	EXP 	fix_rand: autoDraw = False
79.6494 	EXP 	Stimulus: image = '/Users/jantzek/Documents/Easy_BCI/PsychoPy Examples/N170/Stim/cars/80.jpg'
79.6494 	EXP 	Stimulus: autoDraw = True
79.8728 	EXP 	New trial (rep=0, index=50): {'face': '/Users/jantzek/Documents/Easy_BCI/PsychoPy Examples/N170/Stim/cars/65.jpg', 'trigger': 1}
79.8801 	EXP 	Stimulus: autoDraw = False
79.8801 	EXP 	fix_rand: text = '+'
79.8801 	EXP 	fix_rand: autoDraw = True
80.9605 	EXP 	fix_rand: autoDraw = False
80.9605 	EXP 	fix_rand: autoDraw = False
80.9605 	EXP 	Stimulus: image = '/Users/jantzek/Documents/Easy_BCI/PsychoPy Examples/N170/Stim/cars/65.jpg'
80.9605 	EXP 	Stimulus: autoDraw = True
81.1956 	EXP 	New trial (rep=0, index=51): {'face': '/Users/jantzek/Documents/Easy_BCI/PsychoPy Examples/N170/Stim/cars/53.jpg', 'trigger': 1}
81.2048 	EXP 	Stimulus: autoDraw = False
81.2048 	EXP 	fix_rand: text = '+'
81.2048 	EXP 	fix_rand: autoDraw = True
82.4422 	EXP 	fix_rand: autoDraw = False
82.4422 	EXP 	fix_rand: autoDraw = False
82.4422 	EXP 	Stimulus: image = '/Users/jantzek/Documents/Easy_BCI/PsychoPy Examples/N170/Stim/cars/53.jpg'
82.4422 	EXP 	Stimulus: autoDraw = True
82.6783 	EXP 	New trial (rep=0, index=52): {'face': '/Users/jantzek/Documents/Easy_BCI/PsychoPy Examples/N170/Stim/White Men/2.jpg', 'trigger': 2}
82.6883 	EXP 	Stimulus: autoDraw = False
82.6883 	EXP 	fix_rand: text = '+'
82.6883 	EXP 	fix_rand: autoDraw = True
83.7833 	EXP 	fix_rand: autoDraw = False
83.7833 	EXP 	fix_rand: autoDraw = False
83.7833 	EXP 	Stimulus: image = '/Users/jantzek/Documents/Easy_BCI/PsychoPy Examples/N170/Stim/White Men/2.jpg'
83.7833 	EXP 	Stimulus: autoDraw = True
83.9555 	EXP 	New trial (rep=0, index=53): {'face': '/Users/jantzek/Documents/Easy_BCI/PsychoPy Examples/N170/Stim/cars/75.jpg', 'trigger': 1}
83.9612 	EXP 	Stimulus: autoDraw = False
83.9612 	EXP 	fix_rand: text = '+'
83.9612 	EXP 	fix_rand: autoDraw = True
85.0736 	EXP 	fix_rand: autoDraw = False
85.0736 	EXP 	fix_rand: autoDraw = False
85.0736 	EXP 	Stimulus: image = '/Users/jantzek/Documents/Easy_BCI/PsychoPy Examples/N170/Stim/cars/75.jpg'
85.0736 	EXP 	Stimulus: autoDraw = True
85.2956 	EXP 	New trial (rep=0, index=54): {'face': '/Users/jantzek/Documents/Easy_BCI/PsychoPy Examples/N170/Stim/White Men/3.jpg', 'trigger': 2}
85.3047 	EXP 	Stimulus: autoDraw = False
85.3047 	EXP 	fix_rand: text = '+'
85.3047 	EXP 	fix_rand: autoDraw = True
86.4267 	EXP 	fix_rand: autoDraw = False
86.4267 	EXP 	fix_rand: autoDraw = False
86.4267 	EXP 	Stimulus: image = '/Users/jantzek/Documents/Easy_BCI/PsychoPy Examples/N170/Stim/White Men/3.jpg'
86.4267 	EXP 	Stimulus: autoDraw = True
86.6114 	EXP 	New trial (rep=0, index=55): {'face': '/Users/jantzek/Documents/Easy_BCI/PsychoPy Examples/N170/Stim/cars/62.jpg', 'trigger': 1}
86.6215 	EXP 	Stimulus: autoDraw = False
86.6215 	EXP 	fix_rand: text = '+'
86.6215 	EXP 	fix_rand: autoDraw = True
87.7320 	EXP 	fix_rand: autoDraw = False
87.7320 	EXP 	fix_rand: autoDraw = False
87.7320 	EXP 	Stimulus: image = '/Users/jantzek/Documents/Easy_BCI/PsychoPy Examples/N170/Stim/cars/62.jpg'
87.7320 	EXP 	Stimulus: autoDraw = True
87.9620 	EXP 	New trial (rep=0, index=56): {'face': '/Users/jantzek/Documents/Easy_BCI/PsychoPy Examples/N170/Stim/cars/84.jpg', 'trigger': 1}
87.9714 	EXP 	Stimulus: autoDraw = False
87.9714 	EXP 	fix_rand: text = '+'
87.9714 	EXP 	fix_rand: autoDraw = True
89.2160 	EXP 	fix_rand: autoDraw = False
89.2160 	EXP 	fix_rand: autoDraw = False
89.2160 	EXP 	Stimulus: image = '/Users/jantzek/Documents/Easy_BCI/PsychoPy Examples/N170/Stim/cars/84.jpg'
89.2160 	EXP 	Stimulus: autoDraw = True
89.4449 	EXP 	New trial (rep=0, index=57): {'face': '/Users/jantzek/Documents/Easy_BCI/PsychoPy Examples/N170/Stim/White Men/27.jpg', 'trigger': 2}
89.4553 	EXP 	Stimulus: autoDraw = False
89.4553 	EXP 	fix_rand: text = '+'
89.4553 	EXP 	fix_rand: autoDraw = True
90.6343 	EXP 	fix_rand: autoDraw = False
90.6343 	EXP 	fix_rand: autoDraw = False
90.6343 	EXP 	Stimulus: image = '/Users/jantzek/Documents/Easy_BCI/PsychoPy Examples/N170/Stim/White Men/27.jpg'
90.6343 	EXP 	Stimulus: autoDraw = True
90.8220 	EXP 	New trial (rep=0, index=58): {'face': '/Users/jantzek/Documents/Easy_BCI/PsychoPy Examples/N170/Stim/cars/72.jpg', 'trigger': 1}
90.8286 	EXP 	Stimulus: autoDraw = False
90.8286 	EXP 	fix_rand: text = '+'
90.8286 	EXP 	fix_rand: autoDraw = True
91.8749 	EXP 	fix_rand: autoDraw = False
91.8749 	EXP 	fix_rand: autoDraw = False
91.8749 	EXP 	Stimulus: image = '/Users/jantzek/Documents/Easy_BCI/PsychoPy Examples/N170/Stim/cars/72.jpg'
91.8749 	EXP 	Stimulus: autoDraw = True
92.1059 	EXP 	New trial (rep=0, index=59): {'face': '/Users/jantzek/Documents/Easy_BCI/PsychoPy Examples/N170/Stim/White Men/17.jpg', 'trigger': 2}
92.1131 	EXP 	Stimulus: autoDraw = False
92.1131 	EXP 	fix_rand: text = '+'
92.1131 	EXP 	fix_rand: autoDraw = True
93.2009 	EXP 	fix_rand: autoDraw = False
93.2009 	EXP 	fix_rand: autoDraw = False
93.2009 	EXP 	Stimulus: image = '/Users/jantzek/Documents/Easy_BCI/PsychoPy Examples/N170/Stim/White Men/17.jpg'
93.2009 	EXP 	Stimulus: autoDraw = True
93.3887 	EXP 	New trial (rep=0, index=60): {'face': '/Users/jantzek/Documents/Easy_BCI/PsychoPy Examples/N170/Stim/White Men/29.jpg', 'trigger': 2}
93.3947 	EXP 	Stimulus: autoDraw = False
93.3947 	EXP 	fix_rand: text = '+'
93.3947 	EXP 	fix_rand: autoDraw = True
94.4999 	EXP 	fix_rand: autoDraw = False
94.4999 	EXP 	fix_rand: autoDraw = False
94.4999 	EXP 	Stimulus: image = '/Users/jantzek/Documents/Easy_BCI/PsychoPy Examples/N170/Stim/White Men/29.jpg'
94.4999 	EXP 	Stimulus: autoDraw = True
94.6946 	EXP 	New trial (rep=0, index=61): {'face': '/Users/jantzek/Documents/Easy_BCI/PsychoPy Examples/N170/Stim/White Men/36.jpg', 'trigger': 2}
94.7052 	EXP 	Stimulus: autoDraw = False
94.7052 	EXP 	fix_rand: text = '+'
94.7052 	EXP 	fix_rand: autoDraw = True
95.8281 	EXP 	fix_rand: autoDraw = False
95.8281 	EXP 	fix_rand: autoDraw = False
95.8281 	EXP 	Stimulus: image = '/Users/jantzek/Documents/Easy_BCI/PsychoPy Examples/N170/Stim/White Men/36.jpg'
95.8281 	EXP 	Stimulus: autoDraw = True
96.0286 	EXP 	New trial (rep=0, index=62): {'face': '/Users/jantzek/Documents/Easy_BCI/PsychoPy Examples/N170/Stim/cars/58.jpg', 'trigger': 1}
96.0385 	EXP 	Stimulus: autoDraw = False
96.0385 	EXP 	fix_rand: text = '+'
96.0385 	EXP 	fix_rand: autoDraw = True
96.3263 	DATA 	Keypress: escape
96.6909 	EXP 	window1: mouseVisible = True
