1.4599 	WARNING 	We strongly recommend you activate the PTB sound engine in PsychoPy prefs as the preferred audio engine. Its timing is vastly superior. Your prefs are currently set to use ['sounddevice', 'PTB', 'pyo', 'pygame'] (in that order).
7.0782 	WARNING 	User requested fullscreen with size [1024  768], but screen is actually [1440, 900]. Using actual size
8.4109 	WARNING 	Couldn't measure a consistent frame rate!
  - Is your graphics card set to sync to vertical blank?
  - Are you running other processes on your computer?

8.4121 	EXP 	Created window1 = Window(allowGUI=True, allowStencil=False, autoLog=True, backendConf=UNKNOWN, bitsMode=UNKNOWN, blendMode='avg', bpc=(8, 8, 8), color=array([0, 0, 0]), colorSpace='rgb', depthBits=8, fullscr=<method-wrapper '__getattribute__' of attributeSetter object at 0x7fda19b94c10>, gamma=None, gammaErrorPolicy='raise', lms=UNKNOWN, monitor=<psychopy.monitors.calibTools.Monitor object at 0x7fda2e4eb850>, multiSample=False, name='window1', numSamples=2, pos=[360.0, 225.0], screen=0, size=array([2880, 1800]), stencilBits=0, stereo=False, units='height', useFBO=True, useRetina=True, viewOri=0.0, viewPos=None, viewScale=None, waitBlanking=True, winType='pyglet')
8.4125 	EXP 	window1: mouseVisible = True
8.4136 	EXP 	window1: mouseVisible = False
8.4136 	EXP 	window1: Attempting to measure frame rate of screen (0) ...
8.4137 	EXP 	window1: recordFrameIntervals = False
8.4937 	EXP 	window1: recordFrameIntervals = True
9.3275 	WARNING 	Couldn't measure a consistent frame rate!
  - Is your graphics card set to sync to vertical blank?
  - Are you running other processes on your computer?

11.2954 	EXP 	Created fix_rand = TextStim(__class__=<class 'psychopy.visual.text.TextStim'>, alignHoriz=method-wrapper(...), alignText='center', alignVert=method-wrapper(...), anchorHoriz='center', anchorVert='center', antialias=True, autoDraw=False, autoLog=True, bold=False, color=array([1, 1, 1]), colorSpace='rgb', contrast=1.0, depth=0.0, flipHoriz=False, flipVert=False, font='Open Sans', fontFiles=[], height=0.1, italic=False, languageStyle='LTR', name='fix_rand', opacity=1.0, ori=0.0, pos=array([0., 0.]), rgb=UNKNOWN, text='', units='height', win=Window(...), wrapWidth=1)
11.3037 	EXP 	Created Stimulus = ImageStim(__class__=<class 'psychopy.visual.image.ImageStim'>, anchor=('center', 'center'), autoLog=True, color=array([1, 1, 1]), colorSpace='rgb', contrast=1.0, depth=0.0, flipHoriz=False, flipVert=False, image='sin', interpolate=True, mask=None, maskParams=None, name='Stimulus', opacity=1.0, ori=0.0, pos=array([0., 0.]), size=array([1., 1.]), texRes=128.0, units='height', win=Window(...))
11.3242 	EXP 	Imported StimList.xlsx as conditions, 80 conditions, 2 params
11.3289 	EXP 	Created sequence: random, trialTypes=80, nReps=5, seed=None
11.3296 	EXP 	New trial (rep=0, index=0): {'face': '/Users/jantzek/Documents/Easy_BCI/PsychoPy Examples/N170/Stim/shoes/mens/75.jpg', 'trigger': 1}
11.3637 	WARNING 	t of last frame was 2036.52ms (=1/0)
11.3637 	EXP 	fix_rand: height = 0.1
11.3637 	EXP 	fix_rand: height = 0.1
11.3637 	EXP 	fix_rand: height = 0.1
11.3637 	EXP 	fix_rand: text = '+'
11.3637 	EXP 	fix_rand: autoDraw = True
12.5574 	WARNING 	t of last frame was 37.21ms (=1/26)
12.5574 	EXP 	fix_rand: autoDraw = False
12.5574 	EXP 	fix_rand: autoDraw = False
12.5574 	EXP 	Stimulus: image = '/Users/jantzek/Documents/Easy_BCI/PsychoPy Examples/N170/Stim/shoes/mens/75.jpg'
12.5574 	EXP 	Stimulus: autoDraw = True
12.7775 	EXP 	New trial (rep=0, index=1): {'face': '/Users/jantzek/Documents/Easy_BCI/PsychoPy Examples/N170/Stim/shoes/mens/45.jpg', 'trigger': 1}
12.7869 	EXP 	Stimulus: autoDraw = False
12.7869 	EXP 	fix_rand: text = '+'
12.7869 	EXP 	fix_rand: autoDraw = True
13.8918 	WARNING 	t of last frame was 21.61ms (=1/46)
13.8918 	EXP 	fix_rand: autoDraw = False
13.8918 	EXP 	fix_rand: autoDraw = False
13.8918 	EXP 	Stimulus: image = '/Users/jantzek/Documents/Easy_BCI/PsychoPy Examples/N170/Stim/shoes/mens/45.jpg'
13.8918 	EXP 	Stimulus: autoDraw = True
14.1287 	EXP 	New trial (rep=0, index=2): {'face': '/Users/jantzek/Documents/Easy_BCI/PsychoPy Examples/N170/Stim/White Men/25.jpg', 'trigger': 2}
14.1370 	EXP 	Stimulus: autoDraw = False
14.1370 	EXP 	fix_rand: text = '+'
14.1370 	EXP 	fix_rand: autoDraw = True
15.2924 	WARNING 	t of last frame was 105.50ms (=1/9)
15.2924 	EXP 	fix_rand: autoDraw = False
15.2924 	EXP 	fix_rand: autoDraw = False
15.2924 	EXP 	Stimulus: image = '/Users/jantzek/Documents/Easy_BCI/PsychoPy Examples/N170/Stim/White Men/25.jpg'
15.2924 	EXP 	Stimulus: autoDraw = True
15.4436 	EXP 	New trial (rep=0, index=3): {'face': '/Users/jantzek/Documents/Easy_BCI/PsychoPy Examples/N170/Stim/shoes/mens/67.jpg', 'trigger': 1}
15.4536 	EXP 	Stimulus: autoDraw = False
15.4536 	EXP 	fix_rand: text = '+'
15.4536 	EXP 	fix_rand: autoDraw = True
16.5344 	WARNING 	Multiple dropped frames have occurred - I'll stop bothering you about them!
16.5344 	EXP 	fix_rand: autoDraw = False
16.5344 	EXP 	fix_rand: autoDraw = False
16.5344 	EXP 	Stimulus: image = '/Users/jantzek/Documents/Easy_BCI/PsychoPy Examples/N170/Stim/shoes/mens/67.jpg'
16.5344 	EXP 	Stimulus: autoDraw = True
16.7617 	EXP 	New trial (rep=0, index=4): {'face': '/Users/jantzek/Documents/Easy_BCI/PsychoPy Examples/N170/Stim/shoes/mens/65.jpg', 'trigger': 1}
16.7703 	EXP 	Stimulus: autoDraw = False
16.7703 	EXP 	fix_rand: text = '+'
16.7703 	EXP 	fix_rand: autoDraw = True
17.8178 	EXP 	fix_rand: autoDraw = False
17.8178 	EXP 	fix_rand: autoDraw = False
17.8178 	EXP 	Stimulus: image = '/Users/jantzek/Documents/Easy_BCI/PsychoPy Examples/N170/Stim/shoes/mens/65.jpg'
17.8178 	EXP 	Stimulus: autoDraw = True
18.0548 	EXP 	New trial (rep=0, index=5): {'face': '/Users/jantzek/Documents/Easy_BCI/PsychoPy Examples/N170/Stim/shoes/mens/70.jpg', 'trigger': 1}
18.0604 	EXP 	Stimulus: autoDraw = False
18.0604 	EXP 	Stimulus: autoDraw = False
18.0604 	EXP 	fix_rand: text = '+'
18.0604 	EXP 	fix_rand: autoDraw = True
19.1506 	EXP 	fix_rand: autoDraw = False
19.1506 	EXP 	fix_rand: autoDraw = False
19.1506 	EXP 	Stimulus: image = '/Users/jantzek/Documents/Easy_BCI/PsychoPy Examples/N170/Stim/shoes/mens/70.jpg'
19.1506 	EXP 	Stimulus: autoDraw = True
19.3881 	EXP 	New trial (rep=0, index=6): {'face': '/Users/jantzek/Documents/Easy_BCI/PsychoPy Examples/N170/Stim/shoes/mens/53.jpg', 'trigger': 1}
19.3945 	EXP 	Stimulus: autoDraw = False
19.3945 	EXP 	Stimulus: autoDraw = False
19.3945 	EXP 	fix_rand: text = '+'
19.3945 	EXP 	fix_rand: autoDraw = True
20.4693 	EXP 	fix_rand: autoDraw = False
20.4693 	EXP 	fix_rand: autoDraw = False
20.4693 	EXP 	Stimulus: image = '/Users/jantzek/Documents/Easy_BCI/PsychoPy Examples/N170/Stim/shoes/mens/53.jpg'
20.4693 	EXP 	Stimulus: autoDraw = True
20.7045 	EXP 	New trial (rep=0, index=7): {'face': '/Users/jantzek/Documents/Easy_BCI/PsychoPy Examples/N170/Stim/shoes/mens/43.jpg', 'trigger': 1}
20.7099 	EXP 	Stimulus: autoDraw = False
20.7099 	EXP 	Stimulus: autoDraw = False
20.7099 	EXP 	fix_rand: text = '+'
20.7099 	EXP 	fix_rand: autoDraw = True
21.7393 	EXP 	fix_rand: autoDraw = False
21.7393 	EXP 	fix_rand: autoDraw = False
21.7393 	EXP 	Stimulus: image = '/Users/jantzek/Documents/Easy_BCI/PsychoPy Examples/N170/Stim/shoes/mens/43.jpg'
21.7393 	EXP 	Stimulus: autoDraw = True
21.9716 	EXP 	New trial (rep=0, index=8): {'face': '/Users/jantzek/Documents/Easy_BCI/PsychoPy Examples/N170/Stim/White Men/20.jpg', 'trigger': 2}
21.9794 	EXP 	Stimulus: autoDraw = False
21.9794 	EXP 	fix_rand: text = '+'
21.9794 	EXP 	fix_rand: autoDraw = True
23.2495 	EXP 	fix_rand: autoDraw = False
23.2495 	EXP 	fix_rand: autoDraw = False
23.2495 	EXP 	Stimulus: image = '/Users/jantzek/Documents/Easy_BCI/PsychoPy Examples/N170/Stim/White Men/20.jpg'
23.2495 	EXP 	Stimulus: autoDraw = True
23.4109 	EXP 	New trial (rep=0, index=9): {'face': '/Users/jantzek/Documents/Easy_BCI/PsychoPy Examples/N170/Stim/shoes/mens/42.jpg', 'trigger': 1}
23.4203 	EXP 	Stimulus: autoDraw = False
23.4203 	EXP 	fix_rand: text = '+'
23.4203 	EXP 	fix_rand: autoDraw = True
24.5272 	EXP 	fix_rand: autoDraw = False
24.5272 	EXP 	fix_rand: autoDraw = False
24.5272 	EXP 	Stimulus: image = '/Users/jantzek/Documents/Easy_BCI/PsychoPy Examples/N170/Stim/shoes/mens/42.jpg'
24.5272 	EXP 	Stimulus: autoDraw = True
24.7541 	EXP 	New trial (rep=0, index=10): {'face': '/Users/jantzek/Documents/Easy_BCI/PsychoPy Examples/N170/Stim/shoes/mens/48.jpg', 'trigger': 1}
24.7623 	EXP 	Stimulus: autoDraw = False
24.7623 	EXP 	fix_rand: text = '+'
24.7623 	EXP 	fix_rand: autoDraw = True
25.8919 	EXP 	fix_rand: autoDraw = False
25.8919 	EXP 	fix_rand: autoDraw = False
25.8919 	EXP 	Stimulus: image = '/Users/jantzek/Documents/Easy_BCI/PsychoPy Examples/N170/Stim/shoes/mens/48.jpg'
25.8919 	EXP 	Stimulus: autoDraw = True
26.1281 	EXP 	New trial (rep=0, index=11): {'face': '/Users/jantzek/Documents/Easy_BCI/PsychoPy Examples/N170/Stim/White Men/31.jpg', 'trigger': 2}
26.1369 	EXP 	Stimulus: autoDraw = False
26.1369 	EXP 	fix_rand: text = '+'
26.1369 	EXP 	fix_rand: autoDraw = True
27.2752 	EXP 	fix_rand: autoDraw = False
27.2752 	EXP 	fix_rand: autoDraw = False
27.2752 	EXP 	Stimulus: image = '/Users/jantzek/Documents/Easy_BCI/PsychoPy Examples/N170/Stim/White Men/31.jpg'
27.2752 	EXP 	Stimulus: autoDraw = True
27.4540 	EXP 	New trial (rep=0, index=12): {'face': '/Users/jantzek/Documents/Easy_BCI/PsychoPy Examples/N170/Stim/shoes/mens/50.jpg', 'trigger': 1}
27.4597 	EXP 	Stimulus: autoDraw = False
27.4597 	EXP 	fix_rand: text = '+'
27.4597 	EXP 	fix_rand: autoDraw = True
28.5434 	EXP 	fix_rand: autoDraw = False
28.5434 	EXP 	fix_rand: autoDraw = False
28.5434 	EXP 	Stimulus: image = '/Users/jantzek/Documents/Easy_BCI/PsychoPy Examples/N170/Stim/shoes/mens/50.jpg'
28.5434 	EXP 	Stimulus: autoDraw = True
28.7708 	EXP 	New trial (rep=0, index=13): {'face': '/Users/jantzek/Documents/Easy_BCI/PsychoPy Examples/N170/Stim/White Men/8.jpg', 'trigger': 2}
28.7770 	EXP 	Stimulus: autoDraw = False
28.7770 	EXP 	fix_rand: text = '+'
28.7770 	EXP 	fix_rand: autoDraw = True
29.9490 	EXP 	fix_rand: autoDraw = False
29.9490 	EXP 	fix_rand: autoDraw = False
29.9490 	EXP 	Stimulus: image = '/Users/jantzek/Documents/Easy_BCI/PsychoPy Examples/N170/Stim/White Men/8.jpg'
29.9490 	EXP 	Stimulus: autoDraw = True
30.1275 	EXP 	New trial (rep=0, index=14): {'face': '/Users/jantzek/Documents/Easy_BCI/PsychoPy Examples/N170/Stim/White Men/12.jpg', 'trigger': 2}
30.1370 	EXP 	Stimulus: autoDraw = False
30.1370 	EXP 	fix_rand: text = '+'
30.1370 	EXP 	fix_rand: autoDraw = True
31.3091 	EXP 	fix_rand: autoDraw = False
31.3091 	EXP 	fix_rand: autoDraw = False
31.3091 	EXP 	Stimulus: image = '/Users/jantzek/Documents/Easy_BCI/PsychoPy Examples/N170/Stim/White Men/12.jpg'
31.3091 	EXP 	Stimulus: autoDraw = True
31.4943 	EXP 	New trial (rep=0, index=15): {'face': '/Users/jantzek/Documents/Easy_BCI/PsychoPy Examples/N170/Stim/shoes/mens/49.jpg', 'trigger': 1}
31.5036 	EXP 	Stimulus: autoDraw = False
31.5036 	EXP 	fix_rand: text = '+'
31.5036 	EXP 	fix_rand: autoDraw = True
32.6486 	EXP 	fix_rand: autoDraw = False
32.6486 	EXP 	fix_rand: autoDraw = False
32.6486 	EXP 	Stimulus: image = '/Users/jantzek/Documents/Easy_BCI/PsychoPy Examples/N170/Stim/shoes/mens/49.jpg'
32.6486 	EXP 	Stimulus: autoDraw = True
32.8707 	EXP 	New trial (rep=0, index=16): {'face': '/Users/jantzek/Documents/Easy_BCI/PsychoPy Examples/N170/Stim/shoes/mens/62.jpg', 'trigger': 1}
32.8775 	EXP 	Stimulus: autoDraw = False
32.8775 	EXP 	fix_rand: text = '+'
32.8775 	EXP 	fix_rand: autoDraw = True
33.9502 	EXP 	fix_rand: autoDraw = False
33.9502 	EXP 	fix_rand: autoDraw = False
33.9502 	EXP 	Stimulus: image = '/Users/jantzek/Documents/Easy_BCI/PsychoPy Examples/N170/Stim/shoes/mens/62.jpg'
33.9502 	EXP 	Stimulus: autoDraw = True
34.1879 	EXP 	New trial (rep=0, index=17): {'face': '/Users/jantzek/Documents/Easy_BCI/PsychoPy Examples/N170/Stim/White Men/9.jpg', 'trigger': 2}
34.1949 	EXP 	Stimulus: autoDraw = False
34.1949 	EXP 	fix_rand: text = '+'
34.1949 	EXP 	fix_rand: autoDraw = True
35.2837 	EXP 	fix_rand: autoDraw = False
35.2837 	EXP 	fix_rand: autoDraw = False
35.2837 	EXP 	Stimulus: image = '/Users/jantzek/Documents/Easy_BCI/PsychoPy Examples/N170/Stim/White Men/9.jpg'
35.2837 	EXP 	Stimulus: autoDraw = True
35.4608 	EXP 	New trial (rep=0, index=18): {'face': '/Users/jantzek/Documents/Easy_BCI/PsychoPy Examples/N170/Stim/White Men/39.jpg', 'trigger': 2}
35.4704 	EXP 	Stimulus: autoDraw = False
35.4704 	EXP 	fix_rand: text = '+'
35.4704 	EXP 	fix_rand: autoDraw = True
36.6242 	EXP 	fix_rand: autoDraw = False
36.6242 	EXP 	fix_rand: autoDraw = False
36.6242 	EXP 	Stimulus: image = '/Users/jantzek/Documents/Easy_BCI/PsychoPy Examples/N170/Stim/White Men/39.jpg'
36.6242 	EXP 	Stimulus: autoDraw = True
36.8112 	EXP 	New trial (rep=0, index=19): {'face': '/Users/jantzek/Documents/Easy_BCI/PsychoPy Examples/N170/Stim/shoes/mens/59.jpg', 'trigger': 1}
36.8205 	EXP 	Stimulus: autoDraw = False
36.8205 	EXP 	fix_rand: text = '+'
36.8205 	EXP 	fix_rand: autoDraw = True
37.9214 	EXP 	fix_rand: autoDraw = False
37.9214 	EXP 	fix_rand: autoDraw = False
37.9214 	EXP 	Stimulus: image = '/Users/jantzek/Documents/Easy_BCI/PsychoPy Examples/N170/Stim/shoes/mens/59.jpg'
37.9214 	EXP 	Stimulus: autoDraw = True
38.1462 	EXP 	New trial (rep=0, index=20): {'face': '/Users/jantzek/Documents/Easy_BCI/PsychoPy Examples/N170/Stim/White Men/1.jpg', 'trigger': 2}
38.1539 	EXP 	Stimulus: autoDraw = False
38.1539 	EXP 	fix_rand: text = '+'
38.1539 	EXP 	fix_rand: autoDraw = True
39.2937 	EXP 	fix_rand: autoDraw = False
39.2937 	EXP 	fix_rand: autoDraw = False
39.2937 	EXP 	Stimulus: image = '/Users/jantzek/Documents/Easy_BCI/PsychoPy Examples/N170/Stim/White Men/1.jpg'
39.2937 	EXP 	Stimulus: autoDraw = True
39.4776 	EXP 	New trial (rep=0, index=21): {'face': '/Users/jantzek/Documents/Easy_BCI/PsychoPy Examples/N170/Stim/White Men/37.jpg', 'trigger': 2}
39.4870 	EXP 	Stimulus: autoDraw = False
39.4870 	EXP 	fix_rand: text = '+'
39.4870 	EXP 	fix_rand: autoDraw = True
40.6156 	EXP 	fix_rand: autoDraw = False
40.6156 	EXP 	fix_rand: autoDraw = False
40.6156 	EXP 	Stimulus: image = '/Users/jantzek/Documents/Easy_BCI/PsychoPy Examples/N170/Stim/White Men/37.jpg'
40.6156 	EXP 	Stimulus: autoDraw = True
40.8109 	EXP 	New trial (rep=0, index=22): {'face': '/Users/jantzek/Documents/Easy_BCI/PsychoPy Examples/N170/Stim/shoes/mens/64.jpg', 'trigger': 1}
40.8205 	EXP 	Stimulus: autoDraw = False
40.8205 	EXP 	fix_rand: text = '+'
40.8205 	EXP 	fix_rand: autoDraw = True
41.9384 	EXP 	fix_rand: autoDraw = False
41.9384 	EXP 	fix_rand: autoDraw = False
41.9384 	EXP 	Stimulus: image = '/Users/jantzek/Documents/Easy_BCI/PsychoPy Examples/N170/Stim/shoes/mens/64.jpg'
41.9384 	EXP 	Stimulus: autoDraw = True
42.1619 	EXP 	New trial (rep=0, index=23): {'face': '/Users/jantzek/Documents/Easy_BCI/PsychoPy Examples/N170/Stim/White Men/34.jpg', 'trigger': 2}
42.1703 	EXP 	Stimulus: autoDraw = False
42.1703 	EXP 	fix_rand: text = '+'
42.1703 	EXP 	fix_rand: autoDraw = True
43.3689 	EXP 	fix_rand: autoDraw = False
43.3689 	EXP 	fix_rand: autoDraw = False
43.3689 	EXP 	Stimulus: image = '/Users/jantzek/Documents/Easy_BCI/PsychoPy Examples/N170/Stim/White Men/34.jpg'
43.3689 	EXP 	Stimulus: autoDraw = True
43.5441 	EXP 	New trial (rep=0, index=24): {'face': '/Users/jantzek/Documents/Easy_BCI/PsychoPy Examples/N170/Stim/shoes/mens/47.jpg', 'trigger': 1}
43.5536 	EXP 	Stimulus: autoDraw = False
43.5536 	EXP 	fix_rand: text = '+'
43.5536 	EXP 	fix_rand: autoDraw = True
44.6710 	EXP 	fix_rand: autoDraw = False
44.6710 	EXP 	fix_rand: autoDraw = False
44.6710 	EXP 	Stimulus: image = '/Users/jantzek/Documents/Easy_BCI/PsychoPy Examples/N170/Stim/shoes/mens/47.jpg'
44.6710 	EXP 	Stimulus: autoDraw = True
44.9047 	EXP 	New trial (rep=0, index=25): {'face': '/Users/jantzek/Documents/Easy_BCI/PsychoPy Examples/N170/Stim/White Men/38.jpg', 'trigger': 2}
44.9119 	EXP 	Stimulus: autoDraw = False
44.9119 	EXP 	fix_rand: text = '+'
44.9119 	EXP 	fix_rand: autoDraw = True
46.0953 	EXP 	fix_rand: autoDraw = False
46.0953 	EXP 	fix_rand: autoDraw = False
46.0953 	EXP 	Stimulus: image = '/Users/jantzek/Documents/Easy_BCI/PsychoPy Examples/N170/Stim/White Men/38.jpg'
46.0953 	EXP 	Stimulus: autoDraw = True
46.2777 	EXP 	New trial (rep=0, index=26): {'face': '/Users/jantzek/Documents/Easy_BCI/PsychoPy Examples/N170/Stim/White Men/24.jpg', 'trigger': 2}
46.2871 	EXP 	Stimulus: autoDraw = False
46.2871 	EXP 	fix_rand: text = '+'
46.2871 	EXP 	fix_rand: autoDraw = True
47.3817 	EXP 	fix_rand: autoDraw = False
47.3817 	EXP 	fix_rand: autoDraw = False
47.3817 	EXP 	Stimulus: image = '/Users/jantzek/Documents/Easy_BCI/PsychoPy Examples/N170/Stim/White Men/24.jpg'
47.3817 	EXP 	Stimulus: autoDraw = True
47.5783 	EXP 	New trial (rep=0, index=27): {'face': '/Users/jantzek/Documents/Easy_BCI/PsychoPy Examples/N170/Stim/White Men/21.jpg', 'trigger': 2}
47.5871 	EXP 	Stimulus: autoDraw = False
47.5871 	EXP 	fix_rand: text = '+'
47.5871 	EXP 	fix_rand: autoDraw = True
48.7372 	EXP 	fix_rand: autoDraw = False
48.7372 	EXP 	fix_rand: autoDraw = False
48.7372 	EXP 	Stimulus: image = '/Users/jantzek/Documents/Easy_BCI/PsychoPy Examples/N170/Stim/White Men/21.jpg'
48.7372 	EXP 	Stimulus: autoDraw = True
48.9374 	EXP 	New trial (rep=0, index=28): {'face': '/Users/jantzek/Documents/Easy_BCI/PsychoPy Examples/N170/Stim/shoes/mens/68.jpg', 'trigger': 1}
48.9436 	EXP 	Stimulus: autoDraw = False
48.9436 	EXP 	fix_rand: text = '+'
48.9436 	EXP 	fix_rand: autoDraw = True
50.0739 	EXP 	fix_rand: autoDraw = False
50.0739 	EXP 	fix_rand: autoDraw = False
50.0739 	EXP 	Stimulus: image = '/Users/jantzek/Documents/Easy_BCI/PsychoPy Examples/N170/Stim/shoes/mens/68.jpg'
50.0739 	EXP 	Stimulus: autoDraw = True
50.3044 	EXP 	New trial (rep=0, index=29): {'face': '/Users/jantzek/Documents/Easy_BCI/PsychoPy Examples/N170/Stim/shoes/mens/44.jpg', 'trigger': 1}
50.3119 	EXP 	Stimulus: autoDraw = False
50.3119 	EXP 	fix_rand: text = '+'
50.3119 	EXP 	fix_rand: autoDraw = True
51.3502 	EXP 	fix_rand: autoDraw = False
51.3502 	EXP 	fix_rand: autoDraw = False
51.3502 	EXP 	Stimulus: image = '/Users/jantzek/Documents/Easy_BCI/PsychoPy Examples/N170/Stim/shoes/mens/44.jpg'
51.3502 	EXP 	Stimulus: autoDraw = True
51.5879 	EXP 	New trial (rep=0, index=30): {'face': '/Users/jantzek/Documents/Easy_BCI/PsychoPy Examples/N170/Stim/White Men/22.jpg', 'trigger': 2}
51.5955 	EXP 	Stimulus: autoDraw = False
51.5955 	EXP 	fix_rand: text = '+'
51.5955 	EXP 	fix_rand: autoDraw = True
52.7803 	EXP 	fix_rand: autoDraw = False
52.7803 	EXP 	fix_rand: autoDraw = False
52.7803 	EXP 	Stimulus: image = '/Users/jantzek/Documents/Easy_BCI/PsychoPy Examples/N170/Stim/White Men/22.jpg'
52.7803 	EXP 	Stimulus: autoDraw = True
52.9542 	EXP 	New trial (rep=0, index=31): {'face': '/Users/jantzek/Documents/Easy_BCI/PsychoPy Examples/N170/Stim/White Men/4.jpg', 'trigger': 2}
52.9600 	EXP 	Stimulus: autoDraw = False
52.9600 	EXP 	fix_rand: text = '+'
52.9600 	EXP 	fix_rand: autoDraw = True
54.2447 	EXP 	fix_rand: autoDraw = False
54.2447 	EXP 	fix_rand: autoDraw = False
54.2447 	EXP 	Stimulus: image = '/Users/jantzek/Documents/Easy_BCI/PsychoPy Examples/N170/Stim/White Men/4.jpg'
54.2447 	EXP 	Stimulus: autoDraw = True
54.4374 	EXP 	New trial (rep=0, index=32): {'face': '/Users/jantzek/Documents/Easy_BCI/PsychoPy Examples/N170/Stim/White Men/33.jpg', 'trigger': 2}
54.4434 	EXP 	Stimulus: autoDraw = False
54.4434 	EXP 	fix_rand: text = '+'
54.4434 	EXP 	fix_rand: autoDraw = True
55.6856 	EXP 	fix_rand: autoDraw = False
55.6856 	EXP 	fix_rand: autoDraw = False
55.6856 	EXP 	Stimulus: image = '/Users/jantzek/Documents/Easy_BCI/PsychoPy Examples/N170/Stim/White Men/33.jpg'
55.6856 	EXP 	Stimulus: autoDraw = True
55.8778 	EXP 	New trial (rep=0, index=33): {'face': '/Users/jantzek/Documents/Easy_BCI/PsychoPy Examples/N170/Stim/White Men/18.jpg', 'trigger': 2}
55.8871 	EXP 	Stimulus: autoDraw = False
55.8871 	EXP 	fix_rand: text = '+'
55.8871 	EXP 	fix_rand: autoDraw = True
57.0174 	EXP 	fix_rand: autoDraw = False
57.0174 	EXP 	fix_rand: autoDraw = False
57.0174 	EXP 	Stimulus: image = '/Users/jantzek/Documents/Easy_BCI/PsychoPy Examples/N170/Stim/White Men/18.jpg'
57.0174 	EXP 	Stimulus: autoDraw = True
57.2298 	EXP 	New trial (rep=0, index=34): {'face': '/Users/jantzek/Documents/Easy_BCI/PsychoPy Examples/N170/Stim/White Men/17.jpg', 'trigger': 2}
57.2371 	EXP 	Stimulus: autoDraw = False
57.2371 	EXP 	fix_rand: text = '+'
57.2371 	EXP 	fix_rand: autoDraw = True
58.3614 	EXP 	fix_rand: autoDraw = False
58.3614 	EXP 	fix_rand: autoDraw = False
58.3614 	EXP 	Stimulus: image = '/Users/jantzek/Documents/Easy_BCI/PsychoPy Examples/N170/Stim/White Men/17.jpg'
58.3614 	EXP 	Stimulus: autoDraw = True
58.5543 	EXP 	New trial (rep=0, index=35): {'face': '/Users/jantzek/Documents/Easy_BCI/PsychoPy Examples/N170/Stim/White Men/40.jpg', 'trigger': 2}
58.5605 	EXP 	Stimulus: autoDraw = False
58.5605 	EXP 	fix_rand: text = '+'
58.5605 	EXP 	fix_rand: autoDraw = True
59.7508 	EXP 	fix_rand: autoDraw = False
59.7508 	EXP 	fix_rand: autoDraw = False
59.7508 	EXP 	Stimulus: image = '/Users/jantzek/Documents/Easy_BCI/PsychoPy Examples/N170/Stim/White Men/40.jpg'
59.7508 	EXP 	Stimulus: autoDraw = True
59.9445 	EXP 	New trial (rep=0, index=36): {'face': '/Users/jantzek/Documents/Easy_BCI/PsychoPy Examples/N170/Stim/shoes/mens/55.jpg', 'trigger': 1}
59.9539 	EXP 	Stimulus: autoDraw = False
59.9539 	EXP 	fix_rand: text = '+'
59.9539 	EXP 	fix_rand: autoDraw = True
61.0954 	EXP 	fix_rand: autoDraw = False
61.0954 	EXP 	fix_rand: autoDraw = False
61.0954 	EXP 	Stimulus: image = '/Users/jantzek/Documents/Easy_BCI/PsychoPy Examples/N170/Stim/shoes/mens/55.jpg'
61.0954 	EXP 	Stimulus: autoDraw = True
61.3131 	EXP 	New trial (rep=0, index=37): {'face': '/Users/jantzek/Documents/Easy_BCI/PsychoPy Examples/N170/Stim/White Men/2.jpg', 'trigger': 2}
61.3209 	EXP 	Stimulus: autoDraw = False
61.3209 	EXP 	fix_rand: text = '+'
61.3209 	EXP 	fix_rand: autoDraw = True
62.4009 	EXP 	fix_rand: autoDraw = False
62.4009 	EXP 	fix_rand: autoDraw = False
62.4009 	EXP 	Stimulus: image = '/Users/jantzek/Documents/Easy_BCI/PsychoPy Examples/N170/Stim/White Men/2.jpg'
62.4009 	EXP 	Stimulus: autoDraw = True
62.5875 	EXP 	New trial (rep=0, index=38): {'face': '/Users/jantzek/Documents/Easy_BCI/PsychoPy Examples/N170/Stim/White Men/13.jpg', 'trigger': 2}
62.5934 	EXP 	Stimulus: autoDraw = False
62.5934 	EXP 	fix_rand: text = '+'
62.5934 	EXP 	fix_rand: autoDraw = True
63.7484 	EXP 	fix_rand: autoDraw = False
63.7484 	EXP 	fix_rand: autoDraw = False
63.7484 	EXP 	Stimulus: image = '/Users/jantzek/Documents/Easy_BCI/PsychoPy Examples/N170/Stim/White Men/13.jpg'
63.7484 	EXP 	Stimulus: autoDraw = True
63.9445 	EXP 	New trial (rep=0, index=39): {'face': '/Users/jantzek/Documents/Easy_BCI/PsychoPy Examples/N170/Stim/shoes/mens/58.jpg', 'trigger': 1}
63.9540 	EXP 	Stimulus: autoDraw = False
63.9540 	EXP 	fix_rand: text = '+'
63.9540 	EXP 	fix_rand: autoDraw = True
65.1248 	EXP 	fix_rand: autoDraw = False
65.1248 	EXP 	fix_rand: autoDraw = False
65.1248 	EXP 	Stimulus: image = '/Users/jantzek/Documents/Easy_BCI/PsychoPy Examples/N170/Stim/shoes/mens/58.jpg'
65.1248 	EXP 	Stimulus: autoDraw = True
65.3543 	EXP 	New trial (rep=0, index=40): {'face': '/Users/jantzek/Documents/Easy_BCI/PsychoPy Examples/N170/Stim/White Men/19.jpg', 'trigger': 2}
65.3615 	EXP 	Stimulus: autoDraw = False
65.3615 	EXP 	fix_rand: text = '+'
65.3615 	EXP 	fix_rand: autoDraw = True
66.6121 	EXP 	fix_rand: autoDraw = False
66.6121 	EXP 	fix_rand: autoDraw = False
66.6121 	EXP 	Stimulus: image = '/Users/jantzek/Documents/Easy_BCI/PsychoPy Examples/N170/Stim/White Men/19.jpg'
66.6121 	EXP 	Stimulus: autoDraw = True
66.7945 	EXP 	New trial (rep=0, index=41): {'face': '/Users/jantzek/Documents/Easy_BCI/PsychoPy Examples/N170/Stim/shoes/mens/69.jpg', 'trigger': 1}
66.8039 	EXP 	Stimulus: autoDraw = False
66.8039 	EXP 	fix_rand: text = '+'
66.8039 	EXP 	fix_rand: autoDraw = True
67.9581 	EXP 	fix_rand: autoDraw = False
67.9581 	EXP 	fix_rand: autoDraw = False
67.9581 	EXP 	Stimulus: image = '/Users/jantzek/Documents/Easy_BCI/PsychoPy Examples/N170/Stim/shoes/mens/69.jpg'
67.9581 	EXP 	Stimulus: autoDraw = True
68.1878 	EXP 	New trial (rep=0, index=42): {'face': '/Users/jantzek/Documents/Easy_BCI/PsychoPy Examples/N170/Stim/White Men/6.jpg', 'trigger': 2}
68.1955 	EXP 	Stimulus: autoDraw = False
68.1955 	EXP 	fix_rand: text = '+'
68.1955 	EXP 	fix_rand: autoDraw = True
69.3501 	EXP 	fix_rand: autoDraw = False
69.3501 	EXP 	fix_rand: autoDraw = False
69.3501 	EXP 	Stimulus: image = '/Users/jantzek/Documents/Easy_BCI/PsychoPy Examples/N170/Stim/White Men/6.jpg'
69.3501 	EXP 	Stimulus: autoDraw = True
69.5368 	EXP 	New trial (rep=0, index=43): {'face': '/Users/jantzek/Documents/Easy_BCI/PsychoPy Examples/N170/Stim/shoes/mens/57.jpg', 'trigger': 1}
69.5425 	EXP 	Stimulus: autoDraw = False
69.5425 	EXP 	fix_rand: text = '+'
69.5425 	EXP 	fix_rand: autoDraw = True
70.7046 	EXP 	fix_rand: autoDraw = False
70.7046 	EXP 	fix_rand: autoDraw = False
70.7046 	EXP 	Stimulus: image = '/Users/jantzek/Documents/Easy_BCI/PsychoPy Examples/N170/Stim/shoes/mens/57.jpg'
70.7046 	EXP 	Stimulus: autoDraw = True
70.9289 	EXP 	New trial (rep=0, index=44): {'face': '/Users/jantzek/Documents/Easy_BCI/PsychoPy Examples/N170/Stim/White Men/28.jpg', 'trigger': 2}
70.9371 	EXP 	Stimulus: autoDraw = False
70.9371 	EXP 	fix_rand: text = '+'
70.9371 	EXP 	fix_rand: autoDraw = True
72.0945 	EXP 	fix_rand: autoDraw = False
72.0945 	EXP 	fix_rand: autoDraw = False
72.0945 	EXP 	Stimulus: image = '/Users/jantzek/Documents/Easy_BCI/PsychoPy Examples/N170/Stim/White Men/28.jpg'
72.0945 	EXP 	Stimulus: autoDraw = True
72.2777 	EXP 	New trial (rep=0, index=45): {'face': '/Users/jantzek/Documents/Easy_BCI/PsychoPy Examples/N170/Stim/shoes/mens/71.jpg', 'trigger': 1}
72.2872 	EXP 	Stimulus: autoDraw = False
72.2872 	EXP 	fix_rand: text = '+'
72.2872 	EXP 	fix_rand: autoDraw = True
73.4190 	EXP 	fix_rand: autoDraw = False
73.4190 	EXP 	fix_rand: autoDraw = False
73.4190 	EXP 	Stimulus: image = '/Users/jantzek/Documents/Easy_BCI/PsychoPy Examples/N170/Stim/shoes/mens/71.jpg'
73.4190 	EXP 	Stimulus: autoDraw = True
73.6456 	EXP 	New trial (rep=0, index=46): {'face': '/Users/jantzek/Documents/Easy_BCI/PsychoPy Examples/N170/Stim/White Men/29.jpg', 'trigger': 2}
73.6538 	EXP 	Stimulus: autoDraw = False
73.6538 	EXP 	fix_rand: text = '+'
73.6538 	EXP 	fix_rand: autoDraw = True
74.9299 	EXP 	fix_rand: autoDraw = False
74.9299 	EXP 	fix_rand: autoDraw = False
74.9299 	EXP 	Stimulus: image = '/Users/jantzek/Documents/Easy_BCI/PsychoPy Examples/N170/Stim/White Men/29.jpg'
74.9299 	EXP 	Stimulus: autoDraw = True
75.1113 	EXP 	New trial (rep=0, index=47): {'face': '/Users/jantzek/Documents/Easy_BCI/PsychoPy Examples/N170/Stim/shoes/mens/78.jpg', 'trigger': 1}
75.1205 	EXP 	Stimulus: autoDraw = False
75.1205 	EXP 	fix_rand: text = '+'
75.1205 	EXP 	fix_rand: autoDraw = True
76.2848 	EXP 	fix_rand: autoDraw = False
76.2848 	EXP 	fix_rand: autoDraw = False
76.2848 	EXP 	Stimulus: image = '/Users/jantzek/Documents/Easy_BCI/PsychoPy Examples/N170/Stim/shoes/mens/78.jpg'
76.2848 	EXP 	Stimulus: autoDraw = True
76.5115 	EXP 	New trial (rep=0, index=48): {'face': '/Users/jantzek/Documents/Easy_BCI/PsychoPy Examples/N170/Stim/White Men/15.jpg', 'trigger': 2}
76.5207 	EXP 	Stimulus: autoDraw = False
76.5207 	EXP 	fix_rand: text = '+'
76.5207 	EXP 	fix_rand: autoDraw = True
77.6388 	EXP 	fix_rand: autoDraw = False
77.6388 	EXP 	fix_rand: autoDraw = False
77.6388 	EXP 	Stimulus: image = '/Users/jantzek/Documents/Easy_BCI/PsychoPy Examples/N170/Stim/White Men/15.jpg'
77.6388 	EXP 	Stimulus: autoDraw = True
77.8209 	EXP 	New trial (rep=0, index=49): {'face': '/Users/jantzek/Documents/Easy_BCI/PsychoPy Examples/N170/Stim/shoes/mens/63.jpg', 'trigger': 1}
77.8269 	EXP 	Stimulus: autoDraw = False
77.8269 	EXP 	fix_rand: text = '+'
77.8269 	EXP 	fix_rand: autoDraw = True
78.9579 	EXP 	fix_rand: autoDraw = False
78.9579 	EXP 	fix_rand: autoDraw = False
78.9579 	EXP 	Stimulus: image = '/Users/jantzek/Documents/Easy_BCI/PsychoPy Examples/N170/Stim/shoes/mens/63.jpg'
78.9579 	EXP 	Stimulus: autoDraw = True
79.1793 	EXP 	New trial (rep=0, index=50): {'face': '/Users/jantzek/Documents/Easy_BCI/PsychoPy Examples/N170/Stim/shoes/mens/74.jpg', 'trigger': 1}
79.1872 	EXP 	Stimulus: autoDraw = False
79.1872 	EXP 	fix_rand: text = '+'
79.1872 	EXP 	fix_rand: autoDraw = True
80.2332 	EXP 	fix_rand: autoDraw = False
80.2332 	EXP 	fix_rand: autoDraw = False
80.2332 	EXP 	Stimulus: image = '/Users/jantzek/Documents/Easy_BCI/PsychoPy Examples/N170/Stim/shoes/mens/74.jpg'
80.2332 	EXP 	Stimulus: autoDraw = True
80.4710 	EXP 	New trial (rep=0, index=51): {'face': '/Users/jantzek/Documents/Easy_BCI/PsychoPy Examples/N170/Stim/White Men/3.jpg', 'trigger': 2}
80.4782 	EXP 	Stimulus: autoDraw = False
80.4782 	EXP 	fix_rand: text = '+'
80.4782 	EXP 	fix_rand: autoDraw = True
81.7118 	EXP 	fix_rand: autoDraw = False
81.7118 	EXP 	fix_rand: autoDraw = False
81.7118 	EXP 	Stimulus: image = '/Users/jantzek/Documents/Easy_BCI/PsychoPy Examples/N170/Stim/White Men/3.jpg'
81.7118 	EXP 	Stimulus: autoDraw = True
81.8947 	EXP 	New trial (rep=0, index=52): {'face': '/Users/jantzek/Documents/Easy_BCI/PsychoPy Examples/N170/Stim/White Men/10.jpg', 'trigger': 2}
81.9039 	EXP 	Stimulus: autoDraw = False
81.9039 	EXP 	fix_rand: text = '+'
81.9039 	EXP 	fix_rand: autoDraw = True
83.0550 	EXP 	fix_rand: autoDraw = False
83.0550 	EXP 	fix_rand: autoDraw = False
83.0550 	EXP 	Stimulus: image = '/Users/jantzek/Documents/Easy_BCI/PsychoPy Examples/N170/Stim/White Men/10.jpg'
83.0550 	EXP 	Stimulus: autoDraw = True
83.2377 	EXP 	New trial (rep=0, index=53): {'face': '/Users/jantzek/Documents/Easy_BCI/PsychoPy Examples/N170/Stim/White Men/16.jpg', 'trigger': 2}
83.2436 	EXP 	Stimulus: autoDraw = False
83.2436 	EXP 	fix_rand: text = '+'
83.2436 	EXP 	fix_rand: autoDraw = True
84.3571 	EXP 	fix_rand: autoDraw = False
84.3571 	EXP 	fix_rand: autoDraw = False
84.3571 	EXP 	Stimulus: image = '/Users/jantzek/Documents/Easy_BCI/PsychoPy Examples/N170/Stim/White Men/16.jpg'
84.3571 	EXP 	Stimulus: autoDraw = True
84.5544 	EXP 	New trial (rep=0, index=54): {'face': '/Users/jantzek/Documents/Easy_BCI/PsychoPy Examples/N170/Stim/White Men/26.jpg', 'trigger': 2}
84.5606 	EXP 	Stimulus: autoDraw = False
84.5606 	EXP 	fix_rand: text = '+'
84.5606 	EXP 	fix_rand: autoDraw = True
85.7453 	EXP 	fix_rand: autoDraw = False
85.7453 	EXP 	fix_rand: autoDraw = False
85.7453 	EXP 	Stimulus: image = '/Users/jantzek/Documents/Easy_BCI/PsychoPy Examples/N170/Stim/White Men/26.jpg'
85.7453 	EXP 	Stimulus: autoDraw = True
85.9452 	EXP 	New trial (rep=0, index=55): {'face': '/Users/jantzek/Documents/Easy_BCI/PsychoPy Examples/N170/Stim/shoes/mens/61.jpg', 'trigger': 1}
85.9539 	EXP 	Stimulus: autoDraw = False
85.9539 	EXP 	fix_rand: text = '+'
85.9539 	EXP 	fix_rand: autoDraw = True
87.1041 	EXP 	fix_rand: autoDraw = False
87.1041 	EXP 	fix_rand: autoDraw = False
87.1041 	EXP 	Stimulus: image = '/Users/jantzek/Documents/Easy_BCI/PsychoPy Examples/N170/Stim/shoes/mens/61.jpg'
87.1041 	EXP 	Stimulus: autoDraw = True
87.3279 	EXP 	New trial (rep=0, index=56): {'face': '/Users/jantzek/Documents/Easy_BCI/PsychoPy Examples/N170/Stim/White Men/27.jpg', 'trigger': 2}
87.3371 	EXP 	Stimulus: autoDraw = False
87.3371 	EXP 	fix_rand: text = '+'
87.3371 	EXP 	fix_rand: autoDraw = True
88.4547 	EXP 	fix_rand: autoDraw = False
88.4547 	EXP 	fix_rand: autoDraw = False
88.4547 	EXP 	Stimulus: image = '/Users/jantzek/Documents/Easy_BCI/PsychoPy Examples/N170/Stim/White Men/27.jpg'
88.4547 	EXP 	Stimulus: autoDraw = True
88.6377 	EXP 	New trial (rep=0, index=57): {'face': '/Users/jantzek/Documents/Easy_BCI/PsychoPy Examples/N170/Stim/White Men/32.jpg', 'trigger': 2}
88.6431 	EXP 	Stimulus: autoDraw = False
88.6431 	EXP 	fix_rand: text = '+'
88.6431 	EXP 	fix_rand: autoDraw = True
89.7862 	EXP 	fix_rand: autoDraw = False
89.7862 	EXP 	fix_rand: autoDraw = False
89.7862 	EXP 	Stimulus: image = '/Users/jantzek/Documents/Easy_BCI/PsychoPy Examples/N170/Stim/White Men/32.jpg'
89.7862 	EXP 	Stimulus: autoDraw = True
89.9780 	EXP 	New trial (rep=0, index=58): {'face': '/Users/jantzek/Documents/Easy_BCI/PsychoPy Examples/N170/Stim/shoes/mens/77.jpg', 'trigger': 1}
89.9873 	EXP 	Stimulus: autoDraw = False
89.9873 	EXP 	fix_rand: text = '+'
89.9873 	EXP 	fix_rand: autoDraw = True
91.0543 	EXP 	fix_rand: autoDraw = False
91.0543 	EXP 	fix_rand: autoDraw = False
91.0543 	EXP 	Stimulus: image = '/Users/jantzek/Documents/Easy_BCI/PsychoPy Examples/N170/Stim/shoes/mens/77.jpg'
91.0543 	EXP 	Stimulus: autoDraw = True
91.2880 	EXP 	New trial (rep=0, index=59): {'face': '/Users/jantzek/Documents/Easy_BCI/PsychoPy Examples/N170/Stim/shoes/mens/79.jpg', 'trigger': 1}
91.2957 	EXP 	Stimulus: autoDraw = False
91.2957 	EXP 	fix_rand: text = '+'
91.2957 	EXP 	fix_rand: autoDraw = True
92.5445 	EXP 	fix_rand: autoDraw = False
92.5445 	EXP 	fix_rand: autoDraw = False
92.5445 	EXP 	Stimulus: image = '/Users/jantzek/Documents/Easy_BCI/PsychoPy Examples/N170/Stim/shoes/mens/79.jpg'
92.5445 	EXP 	Stimulus: autoDraw = True
92.7781 	EXP 	New trial (rep=0, index=60): {'face': '/Users/jantzek/Documents/Easy_BCI/PsychoPy Examples/N170/Stim/White Men/11.jpg', 'trigger': 2}
92.7872 	EXP 	Stimulus: autoDraw = False
92.7872 	EXP 	fix_rand: text = '+'
92.7872 	EXP 	fix_rand: autoDraw = True
93.9337 	EXP 	fix_rand: autoDraw = False
93.9337 	EXP 	fix_rand: autoDraw = False
93.9337 	EXP 	Stimulus: image = '/Users/jantzek/Documents/Easy_BCI/PsychoPy Examples/N170/Stim/White Men/11.jpg'
93.9337 	EXP 	Stimulus: autoDraw = True
94.1111 	EXP 	New trial (rep=0, index=61): {'face': '/Users/jantzek/Documents/Easy_BCI/PsychoPy Examples/N170/Stim/White Men/36.jpg', 'trigger': 2}
94.1208 	EXP 	Stimulus: autoDraw = False
94.1208 	EXP 	fix_rand: text = '+'
94.1208 	EXP 	fix_rand: autoDraw = True
95.3857 	EXP 	fix_rand: autoDraw = False
95.3857 	EXP 	fix_rand: autoDraw = False
95.3857 	EXP 	Stimulus: image = '/Users/jantzek/Documents/Easy_BCI/PsychoPy Examples/N170/Stim/White Men/36.jpg'
95.3857 	EXP 	Stimulus: autoDraw = True
95.5611 	EXP 	New trial (rep=0, index=62): {'face': '/Users/jantzek/Documents/Easy_BCI/PsychoPy Examples/N170/Stim/White Men/35.jpg', 'trigger': 2}
95.5706 	EXP 	Stimulus: autoDraw = False
95.5706 	EXP 	fix_rand: text = '+'
95.5706 	EXP 	fix_rand: autoDraw = True
96.6958 	EXP 	fix_rand: autoDraw = False
96.6958 	EXP 	fix_rand: autoDraw = False
96.6958 	EXP 	Stimulus: image = '/Users/jantzek/Documents/Easy_BCI/PsychoPy Examples/N170/Stim/White Men/35.jpg'
96.6958 	EXP 	Stimulus: autoDraw = True
96.9125 	EXP 	New trial (rep=0, index=63): {'face': '/Users/jantzek/Documents/Easy_BCI/PsychoPy Examples/N170/Stim/shoes/mens/46.jpg', 'trigger': 1}
96.9203 	EXP 	Stimulus: autoDraw = False
96.9203 	EXP 	fix_rand: text = '+'
96.9203 	EXP 	fix_rand: autoDraw = True
98.1008 	EXP 	fix_rand: autoDraw = False
98.1008 	EXP 	fix_rand: autoDraw = False
98.1008 	EXP 	Stimulus: image = '/Users/jantzek/Documents/Easy_BCI/PsychoPy Examples/N170/Stim/shoes/mens/46.jpg'
98.1008 	EXP 	Stimulus: autoDraw = True
98.3210 	EXP 	New trial (rep=0, index=64): {'face': '/Users/jantzek/Documents/Easy_BCI/PsychoPy Examples/N170/Stim/White Men/5.jpg', 'trigger': 2}
98.3281 	EXP 	Stimulus: autoDraw = False
98.3281 	EXP 	fix_rand: text = '+'
98.3281 	EXP 	fix_rand: autoDraw = True
99.5467 	EXP 	fix_rand: autoDraw = False
99.5467 	EXP 	fix_rand: autoDraw = False
99.5467 	EXP 	Stimulus: image = '/Users/jantzek/Documents/Easy_BCI/PsychoPy Examples/N170/Stim/White Men/5.jpg'
99.5467 	EXP 	Stimulus: autoDraw = True
99.7277 	EXP 	New trial (rep=0, index=65): {'face': '/Users/jantzek/Documents/Easy_BCI/PsychoPy Examples/N170/Stim/White Men/7.jpg', 'trigger': 2}
99.7373 	EXP 	Stimulus: autoDraw = False
99.7373 	EXP 	fix_rand: text = '+'
99.7373 	EXP 	fix_rand: autoDraw = True
100.9583 	EXP 	fix_rand: autoDraw = False
100.9583 	EXP 	fix_rand: autoDraw = False
100.9583 	EXP 	Stimulus: image = '/Users/jantzek/Documents/Easy_BCI/PsychoPy Examples/N170/Stim/White Men/7.jpg'
100.9583 	EXP 	Stimulus: autoDraw = True
101.1460 	EXP 	New trial (rep=0, index=66): {'face': '/Users/jantzek/Documents/Easy_BCI/PsychoPy Examples/N170/Stim/shoes/mens/56.jpg', 'trigger': 1}
101.1533 	EXP 	Stimulus: autoDraw = False
101.1533 	EXP 	fix_rand: text = '+'
101.1533 	EXP 	fix_rand: autoDraw = True
102.2669 	EXP 	fix_rand: autoDraw = False
102.2669 	EXP 	fix_rand: autoDraw = False
102.2669 	EXP 	Stimulus: image = '/Users/jantzek/Documents/Easy_BCI/PsychoPy Examples/N170/Stim/shoes/mens/56.jpg'
102.2669 	EXP 	Stimulus: autoDraw = True
102.4797 	EXP 	New trial (rep=0, index=67): {'face': '/Users/jantzek/Documents/Easy_BCI/PsychoPy Examples/N170/Stim/White Men/14.jpg', 'trigger': 2}
102.4874 	EXP 	Stimulus: autoDraw = False
102.4874 	EXP 	fix_rand: text = '+'
102.4874 	EXP 	fix_rand: autoDraw = True
103.7155 	EXP 	fix_rand: autoDraw = False
103.7155 	EXP 	fix_rand: autoDraw = False
103.7155 	EXP 	Stimulus: image = '/Users/jantzek/Documents/Easy_BCI/PsychoPy Examples/N170/Stim/White Men/14.jpg'
103.7155 	EXP 	Stimulus: autoDraw = True
103.8778 	EXP 	New trial (rep=0, index=68): {'face': '/Users/jantzek/Documents/Easy_BCI/PsychoPy Examples/N170/Stim/White Men/30.jpg', 'trigger': 2}
103.8874 	EXP 	Stimulus: autoDraw = False
103.8874 	EXP 	fix_rand: text = '+'
103.8874 	EXP 	fix_rand: autoDraw = True
105.0467 	EXP 	fix_rand: autoDraw = False
105.0467 	EXP 	fix_rand: autoDraw = False
105.0467 	EXP 	Stimulus: image = '/Users/jantzek/Documents/Easy_BCI/PsychoPy Examples/N170/Stim/White Men/30.jpg'
105.0467 	EXP 	Stimulus: autoDraw = True
105.2548 	EXP 	New trial (rep=0, index=69): {'face': '/Users/jantzek/Documents/Easy_BCI/PsychoPy Examples/N170/Stim/shoes/mens/73.jpg', 'trigger': 1}
105.2724 	EXP 	Stimulus: autoDraw = False
105.2724 	EXP 	fix_rand: text = '+'
105.2724 	EXP 	fix_rand: autoDraw = True
106.5676 	EXP 	fix_rand: autoDraw = False
106.5676 	EXP 	fix_rand: autoDraw = False
106.5676 	EXP 	Stimulus: image = '/Users/jantzek/Documents/Easy_BCI/PsychoPy Examples/N170/Stim/shoes/mens/73.jpg'
106.5676 	EXP 	Stimulus: autoDraw = True
106.7962 	EXP 	New trial (rep=0, index=70): {'face': '/Users/jantzek/Documents/Easy_BCI/PsychoPy Examples/N170/Stim/shoes/mens/52.jpg', 'trigger': 1}
106.8038 	EXP 	Stimulus: autoDraw = False
106.8038 	EXP 	fix_rand: text = '+'
106.8038 	EXP 	fix_rand: autoDraw = True
107.8897 	EXP 	fix_rand: autoDraw = False
107.8897 	EXP 	fix_rand: autoDraw = False
107.8897 	EXP 	Stimulus: image = '/Users/jantzek/Documents/Easy_BCI/PsychoPy Examples/N170/Stim/shoes/mens/52.jpg'
107.8897 	EXP 	Stimulus: autoDraw = True
108.1214 	EXP 	New trial (rep=0, index=71): {'face': '/Users/jantzek/Documents/Easy_BCI/PsychoPy Examples/N170/Stim/shoes/mens/51.jpg', 'trigger': 1}
108.1286 	EXP 	Stimulus: autoDraw = False
108.1286 	EXP 	fix_rand: text = '+'
108.1286 	EXP 	fix_rand: autoDraw = True
109.2773 	EXP 	fix_rand: autoDraw = False
109.2773 	EXP 	fix_rand: autoDraw = False
109.2773 	EXP 	Stimulus: image = '/Users/jantzek/Documents/Easy_BCI/PsychoPy Examples/N170/Stim/shoes/mens/51.jpg'
109.2773 	EXP 	Stimulus: autoDraw = True
109.5123 	EXP 	New trial (rep=0, index=72): {'face': '/Users/jantzek/Documents/Easy_BCI/PsychoPy Examples/N170/Stim/shoes/mens/72.jpg', 'trigger': 1}
109.5206 	EXP 	Stimulus: autoDraw = False
109.5206 	EXP 	fix_rand: text = '+'
109.5206 	EXP 	fix_rand: autoDraw = True
110.6609 	EXP 	fix_rand: autoDraw = False
110.6609 	EXP 	fix_rand: autoDraw = False
110.6609 	EXP 	Stimulus: image = '/Users/jantzek/Documents/Easy_BCI/PsychoPy Examples/N170/Stim/shoes/mens/72.jpg'
110.6609 	EXP 	Stimulus: autoDraw = True
110.8945 	EXP 	New trial (rep=0, index=73): {'face': '/Users/jantzek/Documents/Easy_BCI/PsychoPy Examples/N170/Stim/shoes/mens/41.jpg', 'trigger': 1}
110.9038 	EXP 	Stimulus: autoDraw = False
110.9038 	EXP 	fix_rand: text = '+'
110.9038 	EXP 	fix_rand: autoDraw = True
112.0158 	EXP 	fix_rand: autoDraw = False
112.0158 	EXP 	fix_rand: autoDraw = False
112.0158 	EXP 	Stimulus: image = '/Users/jantzek/Documents/Easy_BCI/PsychoPy Examples/N170/Stim/shoes/mens/41.jpg'
112.0158 	EXP 	Stimulus: autoDraw = True
112.2453 	EXP 	New trial (rep=0, index=74): {'face': '/Users/jantzek/Documents/Easy_BCI/PsychoPy Examples/N170/Stim/shoes/mens/54.jpg', 'trigger': 1}
112.2539 	EXP 	Stimulus: autoDraw = False
112.2539 	EXP 	fix_rand: text = '+'
112.2539 	EXP 	fix_rand: autoDraw = True
113.5209 	EXP 	fix_rand: autoDraw = False
113.5209 	EXP 	fix_rand: autoDraw = False
113.5209 	EXP 	Stimulus: image = '/Users/jantzek/Documents/Easy_BCI/PsychoPy Examples/N170/Stim/shoes/mens/54.jpg'
113.5209 	EXP 	Stimulus: autoDraw = True
113.7400 	EXP 	New trial (rep=0, index=75): {'face': '/Users/jantzek/Documents/Easy_BCI/PsychoPy Examples/N170/Stim/shoes/mens/80.jpg', 'trigger': 1}
113.7480 	EXP 	Stimulus: autoDraw = False
113.7480 	EXP 	fix_rand: text = '+'
113.7480 	EXP 	fix_rand: autoDraw = True
114.7765 	EXP 	fix_rand: autoDraw = False
114.7765 	EXP 	fix_rand: autoDraw = False
114.7765 	EXP 	Stimulus: image = '/Users/jantzek/Documents/Easy_BCI/PsychoPy Examples/N170/Stim/shoes/mens/80.jpg'
114.7765 	EXP 	Stimulus: autoDraw = True
115.0112 	EXP 	New trial (rep=0, index=76): {'face': '/Users/jantzek/Documents/Easy_BCI/PsychoPy Examples/N170/Stim/shoes/mens/76.jpg', 'trigger': 1}
115.0209 	EXP 	Stimulus: autoDraw = False
115.0209 	EXP 	fix_rand: text = '+'
115.0209 	EXP 	fix_rand: autoDraw = True
116.1321 	EXP 	fix_rand: autoDraw = False
116.1321 	EXP 	fix_rand: autoDraw = False
116.1321 	EXP 	Stimulus: image = '/Users/jantzek/Documents/Easy_BCI/PsychoPy Examples/N170/Stim/shoes/mens/76.jpg'
116.1321 	EXP 	Stimulus: autoDraw = True
116.3623 	EXP 	New trial (rep=0, index=77): {'face': '/Users/jantzek/Documents/Easy_BCI/PsychoPy Examples/N170/Stim/shoes/mens/60.jpg', 'trigger': 1}
116.3705 	EXP 	Stimulus: autoDraw = False
116.3705 	EXP 	fix_rand: text = '+'
116.3705 	EXP 	fix_rand: autoDraw = True
117.5150 	EXP 	fix_rand: autoDraw = False
117.5150 	EXP 	fix_rand: autoDraw = False
117.5150 	EXP 	Stimulus: image = '/Users/jantzek/Documents/Easy_BCI/PsychoPy Examples/N170/Stim/shoes/mens/60.jpg'
117.5150 	EXP 	Stimulus: autoDraw = True
117.7547 	EXP 	New trial (rep=0, index=78): {'face': '/Users/jantzek/Documents/Easy_BCI/PsychoPy Examples/N170/Stim/shoes/mens/66.jpg', 'trigger': 1}
117.7625 	EXP 	Stimulus: autoDraw = False
117.7625 	EXP 	fix_rand: text = '+'
117.7625 	EXP 	fix_rand: autoDraw = True
118.8432 	EXP 	fix_rand: autoDraw = False
118.8432 	EXP 	fix_rand: autoDraw = False
118.8432 	EXP 	Stimulus: image = '/Users/jantzek/Documents/Easy_BCI/PsychoPy Examples/N170/Stim/shoes/mens/66.jpg'
118.8432 	EXP 	Stimulus: autoDraw = True
119.0788 	EXP 	New trial (rep=0, index=79): {'face': '/Users/jantzek/Documents/Easy_BCI/PsychoPy Examples/N170/Stim/White Men/23.jpg', 'trigger': 2}
119.0873 	EXP 	Stimulus: autoDraw = False
119.0873 	EXP 	fix_rand: text = '+'
119.0873 	EXP 	fix_rand: autoDraw = True
120.3210 	EXP 	fix_rand: autoDraw = False
120.3210 	EXP 	fix_rand: autoDraw = False
120.3210 	EXP 	Stimulus: image = '/Users/jantzek/Documents/Easy_BCI/PsychoPy Examples/N170/Stim/White Men/23.jpg'
120.3210 	EXP 	Stimulus: autoDraw = True
120.5045 	EXP 	New trial (rep=1, index=0): {'face': '/Users/jantzek/Documents/Easy_BCI/PsychoPy Examples/N170/Stim/White Men/27.jpg', 'trigger': 2}
120.5105 	EXP 	Stimulus: autoDraw = False
120.5105 	EXP 	fix_rand: text = '+'
120.5105 	EXP 	fix_rand: autoDraw = True
121.7754 	EXP 	fix_rand: autoDraw = False
121.7754 	EXP 	fix_rand: autoDraw = False
121.7754 	EXP 	Stimulus: image = '/Users/jantzek/Documents/Easy_BCI/PsychoPy Examples/N170/Stim/White Men/27.jpg'
121.7754 	EXP 	Stimulus: autoDraw = True
121.9709 	EXP 	New trial (rep=1, index=1): {'face': '/Users/jantzek/Documents/Easy_BCI/PsychoPy Examples/N170/Stim/White Men/11.jpg', 'trigger': 2}
121.9771 	EXP 	Stimulus: autoDraw = False
121.9771 	EXP 	fix_rand: text = '+'
121.9771 	EXP 	fix_rand: autoDraw = True
123.1318 	EXP 	fix_rand: autoDraw = False
123.1318 	EXP 	fix_rand: autoDraw = False
123.1318 	EXP 	Stimulus: image = '/Users/jantzek/Documents/Easy_BCI/PsychoPy Examples/N170/Stim/White Men/11.jpg'
123.1318 	EXP 	Stimulus: autoDraw = True
123.3448 	EXP 	New trial (rep=1, index=2): {'face': '/Users/jantzek/Documents/Easy_BCI/PsychoPy Examples/N170/Stim/White Men/28.jpg', 'trigger': 2}
123.3540 	EXP 	Stimulus: autoDraw = False
123.3540 	EXP 	fix_rand: text = '+'
123.3540 	EXP 	fix_rand: autoDraw = True
124.5473 	EXP 	fix_rand: autoDraw = False
124.5473 	EXP 	fix_rand: autoDraw = False
124.5473 	EXP 	Stimulus: image = '/Users/jantzek/Documents/Easy_BCI/PsychoPy Examples/N170/Stim/White Men/28.jpg'
124.5473 	EXP 	Stimulus: autoDraw = True
124.7446 	EXP 	New trial (rep=1, index=3): {'face': '/Users/jantzek/Documents/Easy_BCI/PsychoPy Examples/N170/Stim/shoes/mens/67.jpg', 'trigger': 1}
124.7541 	EXP 	Stimulus: autoDraw = False
124.7541 	EXP 	fix_rand: text = '+'
124.7541 	EXP 	fix_rand: autoDraw = True
125.8570 	EXP 	fix_rand: autoDraw = False
125.8570 	EXP 	fix_rand: autoDraw = False
125.8570 	EXP 	Stimulus: image = '/Users/jantzek/Documents/Easy_BCI/PsychoPy Examples/N170/Stim/shoes/mens/67.jpg'
125.8570 	EXP 	Stimulus: autoDraw = True
126.0878 	EXP 	New trial (rep=1, index=4): {'face': '/Users/jantzek/Documents/Easy_BCI/PsychoPy Examples/N170/Stim/White Men/12.jpg', 'trigger': 2}
126.0945 	EXP 	Stimulus: autoDraw = False
126.0945 	EXP 	fix_rand: text = '+'
126.0945 	EXP 	fix_rand: autoDraw = True
127.3295 	EXP 	fix_rand: autoDraw = False
127.3295 	EXP 	fix_rand: autoDraw = False
127.3295 	EXP 	Stimulus: image = '/Users/jantzek/Documents/Easy_BCI/PsychoPy Examples/N170/Stim/White Men/12.jpg'
127.3295 	EXP 	Stimulus: autoDraw = True
127.5111 	EXP 	New trial (rep=1, index=5): {'face': '/Users/jantzek/Documents/Easy_BCI/PsychoPy Examples/N170/Stim/White Men/2.jpg', 'trigger': 2}
127.5207 	EXP 	Stimulus: autoDraw = False
127.5207 	EXP 	fix_rand: text = '+'
127.5207 	EXP 	fix_rand: autoDraw = True
128.6207 	EXP 	fix_rand: autoDraw = False
128.6207 	EXP 	fix_rand: autoDraw = False
128.6207 	EXP 	Stimulus: image = '/Users/jantzek/Documents/Easy_BCI/PsychoPy Examples/N170/Stim/White Men/2.jpg'
128.6207 	EXP 	Stimulus: autoDraw = True
128.8212 	EXP 	New trial (rep=1, index=6): {'face': '/Users/jantzek/Documents/Easy_BCI/PsychoPy Examples/N170/Stim/shoes/mens/46.jpg', 'trigger': 1}
128.8274 	EXP 	Stimulus: autoDraw = False
128.8274 	EXP 	fix_rand: text = '+'
128.8274 	EXP 	fix_rand: autoDraw = True
129.9063 	EXP 	window1: mouseVisible = True
