1.2354 	WARNING 	We strongly recommend you activate the PTB sound engine in PsychoPy prefs as the preferred audio engine. Its timing is vastly superior. Your prefs are currently set to use ['sounddevice', 'PTB', 'pyo', 'pygame'] (in that order).
6.6026 	WARNING 	User requested fullscreen with size [1024  768], but screen is actually [1440, 900]. Using actual size
7.8700 	WARNING 	Couldn't measure a consistent frame rate!
  - Is your graphics card set to sync to vertical blank?
  - Are you running other processes on your computer?

7.8720 	EXP 	Created window1 = Window(allowGUI=True, allowStencil=False, autoLog=True, backendConf=UNKNOWN, bitsMode=UNKNOWN, blendMode='avg', bpc=(8, 8, 8), color=array([0, 0, 0]), colorSpace='rgb', depthBits=8, fullscr=<method-wrapper '__getattribute__' of attributeSetter object at 0x7fac0c8fbbe0>, gamma=None, gammaErrorPolicy='raise', lms=UNKNOWN, monitor=<psychopy.monitors.calibTools.Monitor object at 0x7fabbd7bb5e0>, multiSample=False, name='window1', numSamples=2, pos=[360.0, 225.0], screen=0, size=array([2880, 1800]), stencilBits=0, stereo=False, units='height', useFBO=True, useRetina=True, viewOri=0.0, viewPos=None, viewScale=None, waitBlanking=True, winType='pyglet')
7.8730 	EXP 	window1: mouseVisible = True
7.8744 	EXP 	window1: mouseVisible = False
7.8744 	EXP 	window1: Attempting to measure frame rate of screen (0) ...
7.8745 	EXP 	window1: recordFrameIntervals = False
7.9533 	EXP 	window1: recordFrameIntervals = True
8.7867 	WARNING 	Couldn't measure a consistent frame rate!
  - Is your graphics card set to sync to vertical blank?
  - Are you running other processes on your computer?

10.7411 	EXP 	Created fix_rand = TextStim(__class__=<class 'psychopy.visual.text.TextStim'>, alignHoriz=method-wrapper(...), alignText='center', alignVert=method-wrapper(...), anchorHoriz='center', anchorVert='center', antialias=True, autoDraw=False, autoLog=True, bold=False, color=array([1, 1, 1]), colorSpace='rgb', contrast=1.0, depth=0.0, flipHoriz=False, flipVert=False, font='Open Sans', fontFiles=[], height=0.1, italic=False, languageStyle='LTR', name='fix_rand', opacity=1.0, ori=0.0, pos=array([0., 0.]), rgb=UNKNOWN, text='', units='height', win=Window(...), wrapWidth=1)
10.7499 	EXP 	Created Stimulus = ImageStim(__class__=<class 'psychopy.visual.image.ImageStim'>, anchor=('center', 'center'), autoLog=True, color=array([1, 1, 1]), colorSpace='rgb', contrast=1.0, depth=0.0, flipHoriz=False, flipVert=False, image='sin', interpolate=True, mask=None, maskParams=None, name='Stimulus', opacity=1.0, ori=0.0, pos=array([0., 0.]), size=array([0.5, 0.5]), texRes=128.0, units='height', win=Window(...))
10.7623 	EXP 	Imported StimList.xlsx as conditions, 80 conditions, 2 params
10.7648 	EXP 	Created sequence: random, trialTypes=80, nReps=5, seed=None
10.7651 	EXP 	New trial (rep=0, index=0): {'face': '/Users/jantzek/Documents/Easy_BCI/PsychoPy Examples/N170/Stim/White Men/18.jpg', 'trigger': 2}
10.7939 	WARNING 	t of last frame was 2007.64ms (=1/0)
10.7939 	EXP 	fix_rand: height = 0.1
10.7939 	EXP 	fix_rand: height = 0.1
10.7939 	EXP 	fix_rand: height = 0.1
10.7939 	EXP 	fix_rand: text = '+'
10.7939 	EXP 	fix_rand: autoDraw = True
11.9351 	WARNING 	t of last frame was 132.35ms (=1/7)
11.9351 	EXP 	fix_rand: autoDraw = False
11.9351 	EXP 	fix_rand: autoDraw = False
11.9351 	EXP 	Stimulus: image = '/Users/jantzek/Documents/Easy_BCI/PsychoPy Examples/N170/Stim/White Men/18.jpg'
11.9351 	EXP 	Stimulus: autoDraw = True
12.0587 	EXP 	New trial (rep=0, index=1): {'face': '/Users/jantzek/Documents/Easy_BCI/PsychoPy Examples/N170/Stim/White Men/38.jpg', 'trigger': 2}
12.0692 	EXP 	Stimulus: autoDraw = False
12.0692 	EXP 	fix_rand: text = '+'
12.0692 	EXP 	fix_rand: autoDraw = True
13.2598 	WARNING 	t of last frame was 73.50ms (=1/13)
13.2598 	EXP 	fix_rand: autoDraw = False
13.2598 	EXP 	fix_rand: autoDraw = False
13.2598 	EXP 	Stimulus: image = '/Users/jantzek/Documents/Easy_BCI/PsychoPy Examples/N170/Stim/White Men/38.jpg'
13.2598 	EXP 	Stimulus: autoDraw = True
13.4423 	EXP 	New trial (rep=0, index=2): {'face': '/Users/jantzek/Documents/Easy_BCI/PsychoPy Examples/N170/Stim/cars/62.jpg', 'trigger': 1}
13.4525 	EXP 	Stimulus: autoDraw = False
13.4525 	EXP 	fix_rand: text = '+'
13.4525 	EXP 	fix_rand: autoDraw = True
14.1207 	WARNING 	t of last frame was 25.59ms (=1/39)
14.4979 	WARNING 	Multiple dropped frames have occurred - I'll stop bothering you about them!
14.4979 	EXP 	fix_rand: autoDraw = False
14.4979 	EXP 	fix_rand: autoDraw = False
14.4979 	EXP 	Stimulus: image = '/Users/jantzek/Documents/Easy_BCI/PsychoPy Examples/N170/Stim/cars/62.jpg'
14.4979 	EXP 	Stimulus: autoDraw = True
14.7202 	EXP 	New trial (rep=0, index=3): {'face': '/Users/jantzek/Documents/Easy_BCI/PsychoPy Examples/N170/Stim/White Men/10.jpg', 'trigger': 2}
14.7280 	EXP 	Stimulus: autoDraw = False
14.7280 	EXP 	fix_rand: text = '+'
14.7280 	EXP 	fix_rand: autoDraw = True
16.0530 	EXP 	fix_rand: autoDraw = False
16.0530 	EXP 	fix_rand: autoDraw = False
16.0530 	EXP 	Stimulus: image = '/Users/jantzek/Documents/Easy_BCI/PsychoPy Examples/N170/Stim/White Men/10.jpg'
16.0530 	EXP 	Stimulus: autoDraw = True
16.2362 	EXP 	New trial (rep=0, index=4): {'face': '/Users/jantzek/Documents/Easy_BCI/PsychoPy Examples/N170/Stim/cars/83.jpg', 'trigger': 1}
16.2421 	EXP 	Stimulus: autoDraw = False
16.2421 	EXP 	fix_rand: text = '+'
16.2421 	EXP 	fix_rand: autoDraw = True
17.3695 	EXP 	fix_rand: autoDraw = False
17.3695 	EXP 	fix_rand: autoDraw = False
17.3695 	EXP 	Stimulus: image = '/Users/jantzek/Documents/Easy_BCI/PsychoPy Examples/N170/Stim/cars/83.jpg'
17.3695 	EXP 	Stimulus: autoDraw = True
17.5935 	EXP 	New trial (rep=0, index=5): {'face': '/Users/jantzek/Documents/Easy_BCI/PsychoPy Examples/N170/Stim/White Men/28.jpg', 'trigger': 2}
17.6025 	EXP 	Stimulus: autoDraw = False
17.6025 	EXP 	fix_rand: text = '+'
17.6025 	EXP 	fix_rand: autoDraw = True
18.8388 	EXP 	fix_rand: autoDraw = False
18.8388 	EXP 	fix_rand: autoDraw = False
18.8388 	EXP 	Stimulus: image = '/Users/jantzek/Documents/Easy_BCI/PsychoPy Examples/N170/Stim/White Men/28.jpg'
18.8388 	EXP 	Stimulus: autoDraw = True
19.0083 	EXP 	New trial (rep=0, index=6): {'face': '/Users/jantzek/Documents/Easy_BCI/PsychoPy Examples/N170/Stim/cars/85.jpg', 'trigger': 1}
19.0192 	EXP 	Stimulus: autoDraw = False
19.0192 	EXP 	fix_rand: text = '+'
19.0192 	EXP 	fix_rand: autoDraw = True
20.1813 	EXP 	fix_rand: autoDraw = False
20.1813 	EXP 	fix_rand: autoDraw = False
20.1813 	EXP 	Stimulus: image = '/Users/jantzek/Documents/Easy_BCI/PsychoPy Examples/N170/Stim/cars/85.jpg'
20.1813 	EXP 	Stimulus: autoDraw = True
20.4106 	EXP 	New trial (rep=0, index=7): {'face': '/Users/jantzek/Documents/Easy_BCI/PsychoPy Examples/N170/Stim/cars/57.jpg', 'trigger': 1}
20.4191 	EXP 	Stimulus: autoDraw = False
20.4191 	EXP 	fix_rand: text = '+'
20.4191 	EXP 	fix_rand: autoDraw = True
21.4968 	EXP 	fix_rand: autoDraw = False
21.4968 	EXP 	fix_rand: autoDraw = False
21.4968 	EXP 	Stimulus: image = '/Users/jantzek/Documents/Easy_BCI/PsychoPy Examples/N170/Stim/cars/57.jpg'
21.4968 	EXP 	Stimulus: autoDraw = True
21.7270 	EXP 	New trial (rep=0, index=8): {'face': '/Users/jantzek/Documents/Easy_BCI/PsychoPy Examples/N170/Stim/White Men/5.jpg', 'trigger': 2}
21.7358 	EXP 	Stimulus: autoDraw = False
21.7358 	EXP 	fix_rand: text = '+'
21.7358 	EXP 	fix_rand: autoDraw = True
22.9669 	EXP 	fix_rand: autoDraw = False
22.9669 	EXP 	fix_rand: autoDraw = False
22.9669 	EXP 	Stimulus: image = '/Users/jantzek/Documents/Easy_BCI/PsychoPy Examples/N170/Stim/White Men/5.jpg'
22.9669 	EXP 	Stimulus: autoDraw = True
23.1532 	EXP 	New trial (rep=0, index=9): {'face': '/Users/jantzek/Documents/Easy_BCI/PsychoPy Examples/N170/Stim/White Men/12.jpg', 'trigger': 2}
23.1599 	EXP 	Stimulus: autoDraw = False
23.1599 	EXP 	fix_rand: text = '+'
23.1599 	EXP 	fix_rand: autoDraw = True
24.2411 	EXP 	fix_rand: autoDraw = False
24.2411 	EXP 	fix_rand: autoDraw = False
24.2411 	EXP 	Stimulus: image = '/Users/jantzek/Documents/Easy_BCI/PsychoPy Examples/N170/Stim/White Men/12.jpg'
24.2411 	EXP 	Stimulus: autoDraw = True
24.4365 	EXP 	New trial (rep=0, index=10): {'face': '/Users/jantzek/Documents/Easy_BCI/PsychoPy Examples/N170/Stim/White Men/16.jpg', 'trigger': 2}
24.4433 	EXP 	Stimulus: autoDraw = False
24.4433 	EXP 	fix_rand: text = '+'
24.4433 	EXP 	fix_rand: autoDraw = True
25.5362 	EXP 	fix_rand: autoDraw = False
25.5362 	EXP 	fix_rand: autoDraw = False
25.5362 	EXP 	Stimulus: image = '/Users/jantzek/Documents/Easy_BCI/PsychoPy Examples/N170/Stim/White Men/16.jpg'
25.5362 	EXP 	Stimulus: autoDraw = True
25.7365 	EXP 	New trial (rep=0, index=11): {'face': '/Users/jantzek/Documents/Easy_BCI/PsychoPy Examples/N170/Stim/White Men/4.jpg', 'trigger': 2}
25.7429 	EXP 	Stimulus: autoDraw = False
25.7429 	EXP 	fix_rand: text = '+'
25.7429 	EXP 	fix_rand: autoDraw = True
26.8120 	EXP 	fix_rand: autoDraw = False
26.8120 	EXP 	fix_rand: autoDraw = False
26.8120 	EXP 	Stimulus: image = '/Users/jantzek/Documents/Easy_BCI/PsychoPy Examples/N170/Stim/White Men/4.jpg'
26.8120 	EXP 	Stimulus: autoDraw = True
27.0095 	EXP 	New trial (rep=0, index=12): {'face': '/Users/jantzek/Documents/Easy_BCI/PsychoPy Examples/N170/Stim/cars/78.jpg', 'trigger': 1}
27.0192 	EXP 	Stimulus: autoDraw = False
27.0192 	EXP 	fix_rand: text = '+'
27.0192 	EXP 	fix_rand: autoDraw = True
28.0803 	EXP 	fix_rand: autoDraw = False
28.0803 	EXP 	fix_rand: autoDraw = False
28.0803 	EXP 	Stimulus: image = '/Users/jantzek/Documents/Easy_BCI/PsychoPy Examples/N170/Stim/cars/78.jpg'
28.0803 	EXP 	Stimulus: autoDraw = True
28.3102 	EXP 	New trial (rep=0, index=13): {'face': '/Users/jantzek/Documents/Easy_BCI/PsychoPy Examples/N170/Stim/White Men/27.jpg', 'trigger': 2}
28.3194 	EXP 	Stimulus: autoDraw = False
28.3194 	EXP 	fix_rand: text = '+'
28.3194 	EXP 	fix_rand: autoDraw = True
29.4758 	EXP 	fix_rand: autoDraw = False
29.4758 	EXP 	fix_rand: autoDraw = False
29.4758 	EXP 	Stimulus: image = '/Users/jantzek/Documents/Easy_BCI/PsychoPy Examples/N170/Stim/White Men/27.jpg'
29.4758 	EXP 	Stimulus: autoDraw = True
29.6419 	EXP 	New trial (rep=0, index=14): {'face': '/Users/jantzek/Documents/Easy_BCI/PsychoPy Examples/N170/Stim/cars/75.jpg', 'trigger': 1}
29.6526 	EXP 	Stimulus: autoDraw = False
29.6526 	EXP 	fix_rand: text = '+'
29.6526 	EXP 	fix_rand: autoDraw = True
30.7379 	EXP 	fix_rand: autoDraw = False
30.7379 	EXP 	fix_rand: autoDraw = False
30.7379 	EXP 	Stimulus: image = '/Users/jantzek/Documents/Easy_BCI/PsychoPy Examples/N170/Stim/cars/75.jpg'
30.7379 	EXP 	Stimulus: autoDraw = True
30.9702 	EXP 	New trial (rep=0, index=15): {'face': '/Users/jantzek/Documents/Easy_BCI/PsychoPy Examples/N170/Stim/White Men/36.jpg', 'trigger': 2}
30.9772 	EXP 	Stimulus: autoDraw = False
30.9772 	EXP 	fix_rand: text = '+'
30.9772 	EXP 	fix_rand: autoDraw = True
32.0725 	EXP 	fix_rand: autoDraw = False
32.0725 	EXP 	fix_rand: autoDraw = False
32.0725 	EXP 	Stimulus: image = '/Users/jantzek/Documents/Easy_BCI/PsychoPy Examples/N170/Stim/White Men/36.jpg'
32.0725 	EXP 	Stimulus: autoDraw = True
32.2530 	EXP 	New trial (rep=0, index=16): {'face': '/Users/jantzek/Documents/Easy_BCI/PsychoPy Examples/N170/Stim/White Men/29.jpg', 'trigger': 2}
32.2589 	EXP 	Stimulus: autoDraw = False
32.2589 	EXP 	fix_rand: text = '+'
32.2589 	EXP 	fix_rand: autoDraw = True
33.3373 	EXP 	fix_rand: autoDraw = False
33.3373 	EXP 	fix_rand: autoDraw = False
33.3373 	EXP 	Stimulus: image = '/Users/jantzek/Documents/Easy_BCI/PsychoPy Examples/N170/Stim/White Men/29.jpg'
33.3373 	EXP 	Stimulus: autoDraw = True
33.5264 	EXP 	New trial (rep=0, index=17): {'face': '/Users/jantzek/Documents/Easy_BCI/PsychoPy Examples/N170/Stim/White Men/14.jpg', 'trigger': 2}
33.5364 	EXP 	Stimulus: autoDraw = False
33.5364 	EXP 	fix_rand: text = '+'
33.5364 	EXP 	fix_rand: autoDraw = True
34.6032 	EXP 	fix_rand: autoDraw = False
34.6032 	EXP 	fix_rand: autoDraw = False
34.6032 	EXP 	Stimulus: image = '/Users/jantzek/Documents/Easy_BCI/PsychoPy Examples/N170/Stim/White Men/14.jpg'
34.6032 	EXP 	Stimulus: autoDraw = True
34.8033 	EXP 	New trial (rep=0, index=18): {'face': '/Users/jantzek/Documents/Easy_BCI/PsychoPy Examples/N170/Stim/cars/87.jpg', 'trigger': 1}
34.8102 	EXP 	Stimulus: autoDraw = False
34.8102 	EXP 	fix_rand: text = '+'
34.8102 	EXP 	fix_rand: autoDraw = True
36.0117 	EXP 	fix_rand: autoDraw = False
36.0117 	EXP 	fix_rand: autoDraw = False
36.0117 	EXP 	Stimulus: image = '/Users/jantzek/Documents/Easy_BCI/PsychoPy Examples/N170/Stim/cars/87.jpg'
36.0117 	EXP 	Stimulus: autoDraw = True
36.2535 	EXP 	New trial (rep=0, index=19): {'face': '/Users/jantzek/Documents/Easy_BCI/PsychoPy Examples/N170/Stim/cars/90.jpg', 'trigger': 1}
36.2610 	EXP 	Stimulus: autoDraw = False
36.2610 	EXP 	fix_rand: text = '+'
36.2610 	EXP 	fix_rand: autoDraw = True
37.4705 	EXP 	fix_rand: autoDraw = False
37.4705 	EXP 	fix_rand: autoDraw = False
37.4705 	EXP 	Stimulus: image = '/Users/jantzek/Documents/Easy_BCI/PsychoPy Examples/N170/Stim/cars/90.jpg'
37.4705 	EXP 	Stimulus: autoDraw = True
37.7096 	EXP 	New trial (rep=0, index=20): {'face': '/Users/jantzek/Documents/Easy_BCI/PsychoPy Examples/N170/Stim/cars/58.jpg', 'trigger': 1}
37.7195 	EXP 	Stimulus: autoDraw = False
37.7195 	EXP 	fix_rand: text = '+'
37.7195 	EXP 	fix_rand: autoDraw = True
38.7741 	EXP 	fix_rand: autoDraw = False
38.7741 	EXP 	fix_rand: autoDraw = False
38.7741 	EXP 	Stimulus: image = '/Users/jantzek/Documents/Easy_BCI/PsychoPy Examples/N170/Stim/cars/58.jpg'
38.7741 	EXP 	Stimulus: autoDraw = True
39.0099 	EXP 	New trial (rep=0, index=21): {'face': '/Users/jantzek/Documents/Easy_BCI/PsychoPy Examples/N170/Stim/cars/60.jpg', 'trigger': 1}
39.0194 	EXP 	Stimulus: autoDraw = False
39.0194 	EXP 	fix_rand: text = '+'
39.0194 	EXP 	fix_rand: autoDraw = True
40.0652 	EXP 	fix_rand: autoDraw = False
40.0652 	EXP 	fix_rand: autoDraw = False
40.0652 	EXP 	Stimulus: image = '/Users/jantzek/Documents/Easy_BCI/PsychoPy Examples/N170/Stim/cars/60.jpg'
40.0652 	EXP 	Stimulus: autoDraw = True
40.3034 	EXP 	New trial (rep=0, index=22): {'face': '/Users/jantzek/Documents/Easy_BCI/PsychoPy Examples/N170/Stim/cars/84.jpg', 'trigger': 1}
40.3088 	EXP 	Stimulus: autoDraw = False
40.3088 	EXP 	Stimulus: autoDraw = False
40.3088 	EXP 	fix_rand: text = '+'
40.3088 	EXP 	fix_rand: autoDraw = True
41.3514 	EXP 	fix_rand: autoDraw = False
41.3514 	EXP 	fix_rand: autoDraw = False
41.3514 	EXP 	Stimulus: image = '/Users/jantzek/Documents/Easy_BCI/PsychoPy Examples/N170/Stim/cars/84.jpg'
41.3514 	EXP 	Stimulus: autoDraw = True
41.5871 	EXP 	New trial (rep=0, index=23): {'face': '/Users/jantzek/Documents/Easy_BCI/PsychoPy Examples/N170/Stim/White Men/30.jpg', 'trigger': 2}
41.5939 	EXP 	Stimulus: autoDraw = False
41.5939 	EXP 	Stimulus: autoDraw = False
41.5939 	EXP 	fix_rand: text = '+'
41.5939 	EXP 	fix_rand: autoDraw = True
42.8380 	EXP 	fix_rand: autoDraw = False
42.8380 	EXP 	fix_rand: autoDraw = False
42.8380 	EXP 	Stimulus: image = '/Users/jantzek/Documents/Easy_BCI/PsychoPy Examples/N170/Stim/White Men/30.jpg'
42.8380 	EXP 	Stimulus: autoDraw = True
43.0362 	EXP 	New trial (rep=0, index=24): {'face': '/Users/jantzek/Documents/Easy_BCI/PsychoPy Examples/N170/Stim/White Men/37.jpg', 'trigger': 2}
43.0409 	EXP 	Stimulus: autoDraw = False
43.0409 	EXP 	fix_rand: text = '+'
43.0409 	EXP 	fix_rand: autoDraw = True
44.1150 	EXP 	fix_rand: autoDraw = False
44.1150 	EXP 	fix_rand: autoDraw = False
44.1150 	EXP 	Stimulus: image = '/Users/jantzek/Documents/Easy_BCI/PsychoPy Examples/N170/Stim/White Men/37.jpg'
44.1150 	EXP 	Stimulus: autoDraw = True
44.3201 	EXP 	New trial (rep=0, index=25): {'face': '/Users/jantzek/Documents/Easy_BCI/PsychoPy Examples/N170/Stim/cars/63.jpg', 'trigger': 1}
44.3260 	EXP 	Stimulus: autoDraw = False
44.3260 	EXP 	fix_rand: text = '+'
44.3260 	EXP 	fix_rand: autoDraw = True
45.3932 	EXP 	fix_rand: autoDraw = False
45.3932 	EXP 	fix_rand: autoDraw = False
45.3932 	EXP 	Stimulus: image = '/Users/jantzek/Documents/Easy_BCI/PsychoPy Examples/N170/Stim/cars/63.jpg'
45.3932 	EXP 	Stimulus: autoDraw = True
45.6370 	EXP 	New trial (rep=0, index=26): {'face': '/Users/jantzek/Documents/Easy_BCI/PsychoPy Examples/N170/Stim/White Men/24.jpg', 'trigger': 2}
45.6434 	EXP 	Stimulus: autoDraw = False
45.6434 	EXP 	fix_rand: text = '+'
45.6434 	EXP 	fix_rand: autoDraw = True
46.7665 	EXP 	fix_rand: autoDraw = False
46.7665 	EXP 	fix_rand: autoDraw = False
46.7665 	EXP 	Stimulus: image = '/Users/jantzek/Documents/Easy_BCI/PsychoPy Examples/N170/Stim/White Men/24.jpg'
46.7665 	EXP 	Stimulus: autoDraw = True
46.9605 	EXP 	New trial (rep=0, index=27): {'face': '/Users/jantzek/Documents/Easy_BCI/PsychoPy Examples/N170/Stim/cars/70.jpg', 'trigger': 1}
46.9699 	EXP 	Stimulus: autoDraw = False
46.9699 	EXP 	fix_rand: text = '+'
46.9699 	EXP 	fix_rand: autoDraw = True
48.1417 	EXP 	fix_rand: autoDraw = False
48.1417 	EXP 	fix_rand: autoDraw = False
48.1417 	EXP 	Stimulus: image = '/Users/jantzek/Documents/Easy_BCI/PsychoPy Examples/N170/Stim/cars/70.jpg'
48.1417 	EXP 	Stimulus: autoDraw = True
48.3868 	EXP 	New trial (rep=0, index=28): {'face': '/Users/jantzek/Documents/Easy_BCI/PsychoPy Examples/N170/Stim/cars/69.jpg', 'trigger': 1}
48.3936 	EXP 	Stimulus: autoDraw = False
48.3936 	EXP 	fix_rand: text = '+'
48.3936 	EXP 	fix_rand: autoDraw = True
49.5446 	EXP 	fix_rand: autoDraw = False
49.5446 	EXP 	fix_rand: autoDraw = False
49.5446 	EXP 	Stimulus: image = '/Users/jantzek/Documents/Easy_BCI/PsychoPy Examples/N170/Stim/cars/69.jpg'
49.5446 	EXP 	Stimulus: autoDraw = True
49.7864 	EXP 	New trial (rep=0, index=29): {'face': '/Users/jantzek/Documents/Easy_BCI/PsychoPy Examples/N170/Stim/cars/54.jpg', 'trigger': 1}
49.7922 	EXP 	Stimulus: autoDraw = False
49.7922 	EXP 	fix_rand: text = '+'
49.7922 	EXP 	fix_rand: autoDraw = True
50.8487 	EXP 	fix_rand: autoDraw = False
50.8487 	EXP 	fix_rand: autoDraw = False
50.8487 	EXP 	Stimulus: image = '/Users/jantzek/Documents/Easy_BCI/PsychoPy Examples/N170/Stim/cars/54.jpg'
50.8487 	EXP 	Stimulus: autoDraw = True
51.0875 	EXP 	New trial (rep=0, index=30): {'face': '/Users/jantzek/Documents/Easy_BCI/PsychoPy Examples/N170/Stim/cars/73.jpg', 'trigger': 1}
51.0937 	EXP 	Stimulus: autoDraw = False
51.0937 	EXP 	Stimulus: autoDraw = False
51.0937 	EXP 	fix_rand: text = '+'
51.0937 	EXP 	fix_rand: autoDraw = True
52.1510 	EXP 	fix_rand: autoDraw = False
52.1510 	EXP 	fix_rand: autoDraw = False
52.1510 	EXP 	Stimulus: image = '/Users/jantzek/Documents/Easy_BCI/PsychoPy Examples/N170/Stim/cars/73.jpg'
52.1510 	EXP 	Stimulus: autoDraw = True
52.3875 	EXP 	New trial (rep=0, index=31): {'face': '/Users/jantzek/Documents/Easy_BCI/PsychoPy Examples/N170/Stim/White Men/21.jpg', 'trigger': 2}
52.3943 	EXP 	Stimulus: autoDraw = False
52.3943 	EXP 	Stimulus: autoDraw = False
52.3943 	EXP 	fix_rand: text = '+'
52.3943 	EXP 	fix_rand: autoDraw = True
53.5431 	EXP 	fix_rand: autoDraw = False
53.5431 	EXP 	fix_rand: autoDraw = False
53.5431 	EXP 	Stimulus: image = '/Users/jantzek/Documents/Easy_BCI/PsychoPy Examples/N170/Stim/White Men/21.jpg'
53.5431 	EXP 	Stimulus: autoDraw = True
53.7249 	EXP 	New trial (rep=0, index=32): {'face': '/Users/jantzek/Documents/Easy_BCI/PsychoPy Examples/N170/Stim/cars/56.jpg', 'trigger': 1}
53.7360 	EXP 	Stimulus: autoDraw = False
53.7360 	EXP 	fix_rand: text = '+'
53.7360 	EXP 	fix_rand: autoDraw = True
54.8781 	EXP 	fix_rand: autoDraw = False
54.8781 	EXP 	fix_rand: autoDraw = False
54.8781 	EXP 	Stimulus: image = '/Users/jantzek/Documents/Easy_BCI/PsychoPy Examples/N170/Stim/cars/56.jpg'
54.8781 	EXP 	Stimulus: autoDraw = True
55.1100 	EXP 	New trial (rep=0, index=33): {'face': '/Users/jantzek/Documents/Easy_BCI/PsychoPy Examples/N170/Stim/cars/51.jpg', 'trigger': 1}
55.1200 	EXP 	Stimulus: autoDraw = False
55.1200 	EXP 	fix_rand: text = '+'
55.1200 	EXP 	fix_rand: autoDraw = True
56.1818 	EXP 	fix_rand: autoDraw = False
56.1818 	EXP 	fix_rand: autoDraw = False
56.1818 	EXP 	Stimulus: image = '/Users/jantzek/Documents/Easy_BCI/PsychoPy Examples/N170/Stim/cars/51.jpg'
56.1818 	EXP 	Stimulus: autoDraw = True
56.4206 	EXP 	New trial (rep=0, index=34): {'face': '/Users/jantzek/Documents/Easy_BCI/PsychoPy Examples/N170/Stim/White Men/33.jpg', 'trigger': 2}
56.4270 	EXP 	Stimulus: autoDraw = False
56.4270 	EXP 	Stimulus: autoDraw = False
56.4270 	EXP 	fix_rand: text = '+'
56.4270 	EXP 	fix_rand: autoDraw = True
57.5960 	EXP 	fix_rand: autoDraw = False
57.5960 	EXP 	fix_rand: autoDraw = False
57.5960 	EXP 	Stimulus: image = '/Users/jantzek/Documents/Easy_BCI/PsychoPy Examples/N170/Stim/White Men/33.jpg'
57.5960 	EXP 	Stimulus: autoDraw = True
57.7922 	EXP 	New trial (rep=0, index=35): {'face': '/Users/jantzek/Documents/Easy_BCI/PsychoPy Examples/N170/Stim/White Men/11.jpg', 'trigger': 2}
57.8031 	EXP 	Stimulus: autoDraw = False
57.8031 	EXP 	fix_rand: text = '+'
57.8031 	EXP 	fix_rand: autoDraw = True
58.9300 	EXP 	fix_rand: autoDraw = False
58.9300 	EXP 	fix_rand: autoDraw = False
58.9300 	EXP 	Stimulus: image = '/Users/jantzek/Documents/Easy_BCI/PsychoPy Examples/N170/Stim/White Men/11.jpg'
58.9300 	EXP 	Stimulus: autoDraw = True
59.1436 	EXP 	New trial (rep=0, index=36): {'face': '/Users/jantzek/Documents/Easy_BCI/PsychoPy Examples/N170/Stim/White Men/3.jpg', 'trigger': 2}
59.1526 	EXP 	Stimulus: autoDraw = False
59.1526 	EXP 	fix_rand: text = '+'
59.1526 	EXP 	fix_rand: autoDraw = True
60.3449 	EXP 	fix_rand: autoDraw = False
60.3449 	EXP 	fix_rand: autoDraw = False
60.3449 	EXP 	Stimulus: image = '/Users/jantzek/Documents/Easy_BCI/PsychoPy Examples/N170/Stim/White Men/3.jpg'
60.3449 	EXP 	Stimulus: autoDraw = True
60.5457 	EXP 	New trial (rep=0, index=37): {'face': '/Users/jantzek/Documents/Easy_BCI/PsychoPy Examples/N170/Stim/White Men/26.jpg', 'trigger': 2}
60.5538 	EXP 	Stimulus: autoDraw = False
60.5538 	EXP 	fix_rand: text = '+'
60.5538 	EXP 	fix_rand: autoDraw = True
61.7829 	EXP 	fix_rand: autoDraw = False
61.7829 	EXP 	fix_rand: autoDraw = False
61.7829 	EXP 	Stimulus: image = '/Users/jantzek/Documents/Easy_BCI/PsychoPy Examples/N170/Stim/White Men/26.jpg'
61.7829 	EXP 	Stimulus: autoDraw = True
61.9946 	EXP 	New trial (rep=0, index=38): {'face': '/Users/jantzek/Documents/Easy_BCI/PsychoPy Examples/N170/Stim/cars/89.jpg', 'trigger': 1}
62.0032 	EXP 	Stimulus: autoDraw = False
62.0032 	EXP 	fix_rand: text = '+'
62.0032 	EXP 	fix_rand: autoDraw = True
63.1097 	EXP 	fix_rand: autoDraw = False
63.1097 	EXP 	fix_rand: autoDraw = False
63.1097 	EXP 	Stimulus: image = '/Users/jantzek/Documents/Easy_BCI/PsychoPy Examples/N170/Stim/cars/89.jpg'
63.1097 	EXP 	Stimulus: autoDraw = True
63.3438 	EXP 	New trial (rep=0, index=39): {'face': '/Users/jantzek/Documents/Easy_BCI/PsychoPy Examples/N170/Stim/cars/76.jpg', 'trigger': 1}
63.3529 	EXP 	Stimulus: autoDraw = False
63.3529 	EXP 	Stimulus: autoDraw = False
63.3529 	EXP 	fix_rand: text = '+'
63.3529 	EXP 	fix_rand: autoDraw = True
64.4836 	EXP 	fix_rand: autoDraw = False
64.4836 	EXP 	fix_rand: autoDraw = False
64.4836 	EXP 	Stimulus: image = '/Users/jantzek/Documents/Easy_BCI/PsychoPy Examples/N170/Stim/cars/76.jpg'
64.4836 	EXP 	Stimulus: autoDraw = True
64.7210 	EXP 	New trial (rep=0, index=40): {'face': '/Users/jantzek/Documents/Easy_BCI/PsychoPy Examples/N170/Stim/cars/65.jpg', 'trigger': 1}
64.7273 	EXP 	Stimulus: autoDraw = False
64.7273 	EXP 	Stimulus: autoDraw = False
64.7273 	EXP 	fix_rand: text = '+'
64.7273 	EXP 	fix_rand: autoDraw = True
65.8158 	EXP 	fix_rand: autoDraw = False
65.8158 	EXP 	fix_rand: autoDraw = False
65.8158 	EXP 	Stimulus: image = '/Users/jantzek/Documents/Easy_BCI/PsychoPy Examples/N170/Stim/cars/65.jpg'
65.8158 	EXP 	Stimulus: autoDraw = True
66.0444 	EXP 	New trial (rep=0, index=41): {'face': '/Users/jantzek/Documents/Easy_BCI/PsychoPy Examples/N170/Stim/White Men/31.jpg', 'trigger': 2}
66.0528 	EXP 	Stimulus: autoDraw = False
66.0528 	EXP 	fix_rand: text = '+'
66.0528 	EXP 	fix_rand: autoDraw = True
67.2981 	EXP 	fix_rand: autoDraw = False
67.2981 	EXP 	fix_rand: autoDraw = False
67.2981 	EXP 	Stimulus: image = '/Users/jantzek/Documents/Easy_BCI/PsychoPy Examples/N170/Stim/White Men/31.jpg'
67.2981 	EXP 	Stimulus: autoDraw = True
67.5033 	EXP 	New trial (rep=0, index=42): {'face': '/Users/jantzek/Documents/Easy_BCI/PsychoPy Examples/N170/Stim/White Men/19.jpg', 'trigger': 2}
67.5103 	EXP 	Stimulus: autoDraw = False
67.5103 	EXP 	fix_rand: text = '+'
67.5103 	EXP 	fix_rand: autoDraw = True
68.6105 	EXP 	fix_rand: autoDraw = False
68.6105 	EXP 	fix_rand: autoDraw = False
68.6105 	EXP 	Stimulus: image = '/Users/jantzek/Documents/Easy_BCI/PsychoPy Examples/N170/Stim/White Men/19.jpg'
68.6105 	EXP 	Stimulus: autoDraw = True
68.8100 	EXP 	New trial (rep=0, index=43): {'face': '/Users/jantzek/Documents/Easy_BCI/PsychoPy Examples/N170/Stim/cars/52.jpg', 'trigger': 1}
68.8197 	EXP 	Stimulus: autoDraw = False
68.8197 	EXP 	fix_rand: text = '+'
68.8197 	EXP 	fix_rand: autoDraw = True
69.9080 	EXP 	fix_rand: autoDraw = False
69.9080 	EXP 	fix_rand: autoDraw = False
69.9080 	EXP 	Stimulus: image = '/Users/jantzek/Documents/Easy_BCI/PsychoPy Examples/N170/Stim/cars/52.jpg'
69.9080 	EXP 	Stimulus: autoDraw = True
70.1440 	EXP 	New trial (rep=0, index=44): {'face': '/Users/jantzek/Documents/Easy_BCI/PsychoPy Examples/N170/Stim/cars/71.jpg', 'trigger': 1}
70.1526 	EXP 	Stimulus: autoDraw = False
70.1526 	EXP 	fix_rand: text = '+'
70.1526 	EXP 	fix_rand: autoDraw = True
71.3561 	EXP 	fix_rand: autoDraw = False
71.3561 	EXP 	fix_rand: autoDraw = False
71.3561 	EXP 	Stimulus: image = '/Users/jantzek/Documents/Easy_BCI/PsychoPy Examples/N170/Stim/cars/71.jpg'
71.3561 	EXP 	Stimulus: autoDraw = True
71.5935 	EXP 	New trial (rep=0, index=45): {'face': '/Users/jantzek/Documents/Easy_BCI/PsychoPy Examples/N170/Stim/White Men/15.jpg', 'trigger': 2}
71.6029 	EXP 	Stimulus: autoDraw = False
71.6029 	EXP 	Stimulus: autoDraw = False
71.6029 	EXP 	fix_rand: text = '+'
71.6029 	EXP 	fix_rand: autoDraw = True
72.8297 	EXP 	fix_rand: autoDraw = False
72.8297 	EXP 	fix_rand: autoDraw = False
72.8297 	EXP 	Stimulus: image = '/Users/jantzek/Documents/Easy_BCI/PsychoPy Examples/N170/Stim/White Men/15.jpg'
72.8297 	EXP 	Stimulus: autoDraw = True
73.0258 	EXP 	New trial (rep=0, index=46): {'face': '/Users/jantzek/Documents/Easy_BCI/PsychoPy Examples/N170/Stim/cars/86.jpg', 'trigger': 1}
73.0363 	EXP 	Stimulus: autoDraw = False
73.0363 	EXP 	fix_rand: text = '+'
73.0363 	EXP 	fix_rand: autoDraw = True
74.1881 	EXP 	fix_rand: autoDraw = False
74.1881 	EXP 	fix_rand: autoDraw = False
74.1881 	EXP 	Stimulus: image = '/Users/jantzek/Documents/Easy_BCI/PsychoPy Examples/N170/Stim/cars/86.jpg'
74.1881 	EXP 	Stimulus: autoDraw = True
74.4268 	EXP 	New trial (rep=0, index=47): {'face': '/Users/jantzek/Documents/Easy_BCI/PsychoPy Examples/N170/Stim/cars/80.jpg', 'trigger': 1}
74.4365 	EXP 	Stimulus: autoDraw = False
74.4365 	EXP 	fix_rand: text = '+'
74.4365 	EXP 	fix_rand: autoDraw = True
75.5238 	EXP 	fix_rand: autoDraw = False
75.5238 	EXP 	fix_rand: autoDraw = False
75.5238 	EXP 	Stimulus: image = '/Users/jantzek/Documents/Easy_BCI/PsychoPy Examples/N170/Stim/cars/80.jpg'
75.5238 	EXP 	Stimulus: autoDraw = True
75.7596 	EXP 	New trial (rep=0, index=48): {'face': '/Users/jantzek/Documents/Easy_BCI/PsychoPy Examples/N170/Stim/White Men/2.jpg', 'trigger': 2}
75.7699 	EXP 	Stimulus: autoDraw = False
75.7699 	EXP 	Stimulus: autoDraw = False
75.7699 	EXP 	fix_rand: text = '+'
75.7699 	EXP 	fix_rand: autoDraw = True
77.0845 	EXP 	fix_rand: autoDraw = False
77.0845 	EXP 	fix_rand: autoDraw = False
77.0845 	EXP 	Stimulus: image = '/Users/jantzek/Documents/Easy_BCI/PsychoPy Examples/N170/Stim/White Men/2.jpg'
77.0845 	EXP 	Stimulus: autoDraw = True
77.2770 	EXP 	New trial (rep=0, index=49): {'face': '/Users/jantzek/Documents/Easy_BCI/PsychoPy Examples/N170/Stim/White Men/22.jpg', 'trigger': 2}
77.2863 	EXP 	Stimulus: autoDraw = False
77.2863 	EXP 	fix_rand: text = '+'
77.2863 	EXP 	fix_rand: autoDraw = True
78.4880 	EXP 	fix_rand: autoDraw = False
78.4880 	EXP 	fix_rand: autoDraw = False
78.4880 	EXP 	Stimulus: image = '/Users/jantzek/Documents/Easy_BCI/PsychoPy Examples/N170/Stim/White Men/22.jpg'
78.4880 	EXP 	Stimulus: autoDraw = True
78.6939 	EXP 	New trial (rep=0, index=50): {'face': '/Users/jantzek/Documents/Easy_BCI/PsychoPy Examples/N170/Stim/White Men/8.jpg', 'trigger': 2}
78.7032 	EXP 	Stimulus: autoDraw = False
78.7032 	EXP 	fix_rand: text = '+'
78.7032 	EXP 	fix_rand: autoDraw = True
79.7975 	EXP 	fix_rand: autoDraw = False
79.7975 	EXP 	fix_rand: autoDraw = False
79.7975 	EXP 	Stimulus: image = '/Users/jantzek/Documents/Easy_BCI/PsychoPy Examples/N170/Stim/White Men/8.jpg'
79.7975 	EXP 	Stimulus: autoDraw = True
80.0204 	EXP 	New trial (rep=0, index=51): {'face': '/Users/jantzek/Documents/Easy_BCI/PsychoPy Examples/N170/Stim/cars/82.jpg', 'trigger': 1}
80.0261 	EXP 	Stimulus: autoDraw = False
80.0261 	EXP 	fix_rand: text = '+'
80.0261 	EXP 	fix_rand: autoDraw = True
81.0403 	EXP 	fix_rand: autoDraw = False
81.0403 	EXP 	fix_rand: autoDraw = False
81.0403 	EXP 	Stimulus: image = '/Users/jantzek/Documents/Easy_BCI/PsychoPy Examples/N170/Stim/cars/82.jpg'
81.0403 	EXP 	Stimulus: autoDraw = True
81.2766 	EXP 	New trial (rep=0, index=52): {'face': '/Users/jantzek/Documents/Easy_BCI/PsychoPy Examples/N170/Stim/White Men/13.jpg', 'trigger': 2}
81.2863 	EXP 	Stimulus: autoDraw = False
81.2863 	EXP 	fix_rand: text = '+'
81.2863 	EXP 	fix_rand: autoDraw = True
82.4494 	EXP 	fix_rand: autoDraw = False
82.4494 	EXP 	fix_rand: autoDraw = False
82.4494 	EXP 	Stimulus: image = '/Users/jantzek/Documents/Easy_BCI/PsychoPy Examples/N170/Stim/White Men/13.jpg'
82.4494 	EXP 	Stimulus: autoDraw = True
82.6530 	EXP 	New trial (rep=0, index=53): {'face': '/Users/jantzek/Documents/Easy_BCI/PsychoPy Examples/N170/Stim/cars/88.jpg', 'trigger': 1}
82.6581 	EXP 	Stimulus: autoDraw = False
82.6581 	EXP 	fix_rand: text = '+'
82.6581 	EXP 	fix_rand: autoDraw = True
83.7028 	EXP 	fix_rand: autoDraw = False
83.7028 	EXP 	fix_rand: autoDraw = False
83.7028 	EXP 	Stimulus: image = '/Users/jantzek/Documents/Easy_BCI/PsychoPy Examples/N170/Stim/cars/88.jpg'
83.7028 	EXP 	Stimulus: autoDraw = True
83.9377 	EXP 	New trial (rep=0, index=54): {'face': '/Users/jantzek/Documents/Easy_BCI/PsychoPy Examples/N170/Stim/White Men/1.jpg', 'trigger': 2}
83.9448 	EXP 	Stimulus: autoDraw = False
83.9448 	EXP 	Stimulus: autoDraw = False
83.9448 	EXP 	fix_rand: text = '+'
83.9448 	EXP 	fix_rand: autoDraw = True
85.0569 	EXP 	fix_rand: autoDraw = False
85.0569 	EXP 	fix_rand: autoDraw = False
85.0569 	EXP 	Stimulus: image = '/Users/jantzek/Documents/Easy_BCI/PsychoPy Examples/N170/Stim/White Men/1.jpg'
85.0569 	EXP 	Stimulus: autoDraw = True
85.2425 	EXP 	New trial (rep=0, index=55): {'face': '/Users/jantzek/Documents/Easy_BCI/PsychoPy Examples/N170/Stim/cars/81.jpg', 'trigger': 1}
85.2529 	EXP 	Stimulus: autoDraw = False
85.2529 	EXP 	fix_rand: text = '+'
85.2529 	EXP 	fix_rand: autoDraw = True
86.3998 	EXP 	fix_rand: autoDraw = False
86.3998 	EXP 	fix_rand: autoDraw = False
86.3998 	EXP 	Stimulus: image = '/Users/jantzek/Documents/Easy_BCI/PsychoPy Examples/N170/Stim/cars/81.jpg'
86.3998 	EXP 	Stimulus: autoDraw = True
86.6267 	EXP 	New trial (rep=0, index=56): {'face': '/Users/jantzek/Documents/Easy_BCI/PsychoPy Examples/N170/Stim/White Men/39.jpg', 'trigger': 2}
86.6361 	EXP 	Stimulus: autoDraw = False
86.6361 	EXP 	fix_rand: text = '+'
86.6361 	EXP 	fix_rand: autoDraw = True
87.5626 	EXP 	window1: mouseVisible = True
