1.4459 	WARNING 	We strongly recommend you activate the PTB sound engine in PsychoPy prefs as the preferred audio engine. Its timing is vastly superior. Your prefs are currently set to use ['sounddevice', 'PTB', 'pyo', 'pygame'] (in that order).
5.5906 	WARNING 	User requested fullscreen with size [1024  768], but screen is actually [1440, 900]. Using actual size
6.9421 	WARNING 	Couldn't measure a consistent frame rate!
  - Is your graphics card set to sync to vertical blank?
  - Are you running other processes on your computer?

6.9443 	EXP 	Created window1 = Window(allowGUI=True, allowStencil=False, autoLog=True, backendConf=UNKNOWN, bitsMode=UNKNOWN, blendMode='avg', bpc=(8, 8, 8), color=array([0, 0, 0]), colorSpace='rgb', depthBits=8, fullscr=<method-wrapper '__getattribute__' of attributeSetter object at 0x7f9a8c752bb0>, gamma=None, gammaErrorPolicy='raise', lms=UNKNOWN, monitor=<psychopy.monitors.calibTools.Monitor object at 0x7f9a8f925490>, multiSample=False, name='window1', numSamples=2, pos=[360.0, 225.0], screen=0, size=array([2880, 1800]), stencilBits=0, stereo=False, units='height', useFBO=True, useRetina=True, viewOri=0.0, viewPos=None, viewScale=None, waitBlanking=True, winType='pyglet')
6.9449 	EXP 	window1: mouseVisible = True
6.9462 	EXP 	window1: mouseVisible = False
6.9463 	EXP 	window1: Attempting to measure frame rate of screen (0) ...
6.9463 	EXP 	window1: recordFrameIntervals = False
7.0983 	EXP 	window1: recordFrameIntervals = True
7.9316 	WARNING 	Couldn't measure a consistent frame rate!
  - Is your graphics card set to sync to vertical blank?
  - Are you running other processes on your computer?

9.8927 	EXP 	Created fix_rand = TextStim(__class__=<class 'psychopy.visual.text.TextStim'>, alignHoriz=method-wrapper(...), alignText='center', alignVert=method-wrapper(...), anchorHoriz='center', anchorVert='center', antialias=True, autoDraw=False, autoLog=True, bold=False, color=array([1, 1, 1]), colorSpace='rgb', contrast=1.0, depth=0.0, flipHoriz=False, flipVert=False, font='Open Sans', fontFiles=[], height=0.1, italic=False, languageStyle='LTR', name='fix_rand', opacity=1.0, ori=0.0, pos=array([0., 0.]), rgb=UNKNOWN, text='', units='height', win=Window(...), wrapWidth=1)
9.9002 	EXP 	Created Stimulus = ImageStim(__class__=<class 'psychopy.visual.image.ImageStim'>, anchor=('center', 'center'), autoLog=True, color=array([1, 1, 1]), colorSpace='rgb', contrast=1.0, depth=0.0, flipHoriz=False, flipVert=False, image='sin', interpolate=True, mask=None, maskParams=None, name='Stimulus', opacity=1.0, ori=0.0, pos=array([0., 0.]), size=array([1., 1.]), texRes=128.0, units='height', win=Window(...))
9.9118 	EXP 	Imported StimList.xlsx as conditions, 80 conditions, 2 params
9.9140 	EXP 	Created sequence: random, trialTypes=80, nReps=5, seed=None
9.9143 	EXP 	New trial (rep=0, index=0): {'face': '/Users/jantzek/Documents/Easy_BCI/PsychoPy Examples/N170/Stim/cars/74.jpg', 'trigger': 1}
9.9461 	WARNING 	t of last frame was 2014.80ms (=1/0)
9.9461 	EXP 	fix_rand: height = 0.1
9.9461 	EXP 	fix_rand: height = 0.1
9.9461 	EXP 	fix_rand: height = 0.1
9.9461 	EXP 	fix_rand: text = '+'
9.9461 	EXP 	fix_rand: autoDraw = True
11.0916 	WARNING 	t of last frame was 66.76ms (=1/14)
11.0916 	EXP 	fix_rand: autoDraw = False
11.0916 	EXP 	fix_rand: autoDraw = False
11.0916 	EXP 	Stimulus: image = '/Users/jantzek/Documents/Easy_BCI/PsychoPy Examples/N170/Stim/cars/74.jpg'
11.0916 	EXP 	Stimulus: autoDraw = True
11.2826 	EXP 	New trial (rep=0, index=1): {'face': '/Users/jantzek/Documents/Easy_BCI/PsychoPy Examples/N170/Stim/cars/70.jpg', 'trigger': 1}
11.2904 	EXP 	Stimulus: autoDraw = False
11.2904 	EXP 	fix_rand: text = '+'
11.2904 	EXP 	fix_rand: autoDraw = True
12.4067 	WARNING 	t of last frame was 40.90ms (=1/24)
12.4067 	EXP 	fix_rand: autoDraw = False
12.4067 	EXP 	fix_rand: autoDraw = False
12.4067 	EXP 	Stimulus: image = '/Users/jantzek/Documents/Easy_BCI/PsychoPy Examples/N170/Stim/cars/70.jpg'
12.4067 	EXP 	Stimulus: autoDraw = True
12.5244 	WARNING 	t of last frame was 21.36ms (=1/46)
12.6250 	EXP 	New trial (rep=0, index=2): {'face': '/Users/jantzek/Documents/Easy_BCI/PsychoPy Examples/N170/Stim/cars/84.jpg', 'trigger': 1}
12.6320 	EXP 	Stimulus: autoDraw = False
12.6320 	EXP 	fix_rand: text = '+'
12.6320 	EXP 	fix_rand: autoDraw = True
13.7384 	WARNING 	Multiple dropped frames have occurred - I'll stop bothering you about them!
13.7384 	EXP 	fix_rand: autoDraw = False
13.7384 	EXP 	fix_rand: autoDraw = False
13.7384 	EXP 	Stimulus: image = '/Users/jantzek/Documents/Easy_BCI/PsychoPy Examples/N170/Stim/cars/84.jpg'
13.7384 	EXP 	Stimulus: autoDraw = True
13.9666 	EXP 	New trial (rep=0, index=3): {'face': '/Users/jantzek/Documents/Easy_BCI/PsychoPy Examples/N170/Stim/cars/54.jpg', 'trigger': 1}
13.9746 	EXP 	Stimulus: autoDraw = False
13.9746 	EXP 	fix_rand: text = '+'
13.9746 	EXP 	fix_rand: autoDraw = True
15.0464 	EXP 	fix_rand: autoDraw = False
15.0464 	EXP 	fix_rand: autoDraw = False
15.0464 	EXP 	Stimulus: image = '/Users/jantzek/Documents/Easy_BCI/PsychoPy Examples/N170/Stim/cars/54.jpg'
15.0464 	EXP 	Stimulus: autoDraw = True
15.2764 	EXP 	New trial (rep=0, index=4): {'face': '/Users/jantzek/Documents/Easy_BCI/PsychoPy Examples/N170/Stim/White Men/21.jpg', 'trigger': 2}
15.2844 	EXP 	Stimulus: autoDraw = False
15.2844 	EXP 	fix_rand: text = '+'
15.2844 	EXP 	fix_rand: autoDraw = True
16.5002 	EXP 	fix_rand: autoDraw = False
16.5002 	EXP 	fix_rand: autoDraw = False
16.5002 	EXP 	Stimulus: image = '/Users/jantzek/Documents/Easy_BCI/PsychoPy Examples/N170/Stim/White Men/21.jpg'
16.5002 	EXP 	Stimulus: autoDraw = True
16.6244 	EXP 	New trial (rep=0, index=5): {'face': '/Users/jantzek/Documents/Easy_BCI/PsychoPy Examples/N170/Stim/cars/81.jpg', 'trigger': 1}
16.6297 	EXP 	Stimulus: autoDraw = False
16.6297 	EXP 	fix_rand: text = '+'
16.6297 	EXP 	fix_rand: autoDraw = True
17.7736 	EXP 	fix_rand: autoDraw = False
17.7736 	EXP 	fix_rand: autoDraw = False
17.7736 	EXP 	Stimulus: image = '/Users/jantzek/Documents/Easy_BCI/PsychoPy Examples/N170/Stim/cars/81.jpg'
17.7736 	EXP 	Stimulus: autoDraw = True
18.0005 	EXP 	New trial (rep=0, index=6): {'face': '/Users/jantzek/Documents/Easy_BCI/PsychoPy Examples/N170/Stim/White Men/24.jpg', 'trigger': 2}
18.0078 	EXP 	Stimulus: autoDraw = False
18.0078 	EXP 	fix_rand: text = '+'
18.0078 	EXP 	fix_rand: autoDraw = True
19.2141 	EXP 	fix_rand: autoDraw = False
19.2141 	EXP 	fix_rand: autoDraw = False
19.2141 	EXP 	Stimulus: image = '/Users/jantzek/Documents/Easy_BCI/PsychoPy Examples/N170/Stim/White Men/24.jpg'
19.2141 	EXP 	Stimulus: autoDraw = True
19.3815 	EXP 	New trial (rep=0, index=7): {'face': '/Users/jantzek/Documents/Easy_BCI/PsychoPy Examples/N170/Stim/cars/63.jpg', 'trigger': 1}
19.3912 	EXP 	Stimulus: autoDraw = False
19.3912 	EXP 	fix_rand: text = '+'
19.3912 	EXP 	fix_rand: autoDraw = True
20.5913 	EXP 	fix_rand: autoDraw = False
20.5913 	EXP 	fix_rand: autoDraw = False
20.5913 	EXP 	Stimulus: image = '/Users/jantzek/Documents/Easy_BCI/PsychoPy Examples/N170/Stim/cars/63.jpg'
20.5913 	EXP 	Stimulus: autoDraw = True
20.8160 	EXP 	New trial (rep=0, index=8): {'face': '/Users/jantzek/Documents/Easy_BCI/PsychoPy Examples/N170/Stim/White Men/39.jpg', 'trigger': 2}
20.8244 	EXP 	Stimulus: autoDraw = False
20.8244 	EXP 	fix_rand: text = '+'
20.8244 	EXP 	fix_rand: autoDraw = True
21.8998 	EXP 	fix_rand: autoDraw = False
21.8998 	EXP 	fix_rand: autoDraw = False
21.8998 	EXP 	Stimulus: image = '/Users/jantzek/Documents/Easy_BCI/PsychoPy Examples/N170/Stim/White Men/39.jpg'
21.8998 	EXP 	Stimulus: autoDraw = True
22.0817 	EXP 	New trial (rep=0, index=9): {'face': '/Users/jantzek/Documents/Easy_BCI/PsychoPy Examples/N170/Stim/cars/86.jpg', 'trigger': 1}
22.0911 	EXP 	Stimulus: autoDraw = False
22.0911 	EXP 	fix_rand: text = '+'
22.0911 	EXP 	fix_rand: autoDraw = True
23.2195 	EXP 	fix_rand: autoDraw = False
23.2195 	EXP 	fix_rand: autoDraw = False
23.2195 	EXP 	Stimulus: image = '/Users/jantzek/Documents/Easy_BCI/PsychoPy Examples/N170/Stim/cars/86.jpg'
23.2195 	EXP 	Stimulus: autoDraw = True
23.4492 	EXP 	New trial (rep=0, index=10): {'face': '/Users/jantzek/Documents/Easy_BCI/PsychoPy Examples/N170/Stim/cars/78.jpg', 'trigger': 1}
23.4577 	EXP 	Stimulus: autoDraw = False
23.4577 	EXP 	fix_rand: text = '+'
23.4577 	EXP 	fix_rand: autoDraw = True
24.5385 	EXP 	fix_rand: autoDraw = False
24.5385 	EXP 	fix_rand: autoDraw = False
24.5385 	EXP 	Stimulus: image = '/Users/jantzek/Documents/Easy_BCI/PsychoPy Examples/N170/Stim/cars/78.jpg'
24.5385 	EXP 	Stimulus: autoDraw = True
24.7664 	EXP 	New trial (rep=0, index=11): {'face': '/Users/jantzek/Documents/Easy_BCI/PsychoPy Examples/N170/Stim/White Men/28.jpg', 'trigger': 2}
24.7744 	EXP 	Stimulus: autoDraw = False
24.7744 	EXP 	fix_rand: text = '+'
24.7744 	EXP 	fix_rand: autoDraw = True
25.8960 	EXP 	fix_rand: autoDraw = False
25.8960 	EXP 	fix_rand: autoDraw = False
25.8960 	EXP 	Stimulus: image = '/Users/jantzek/Documents/Easy_BCI/PsychoPy Examples/N170/Stim/White Men/28.jpg'
25.8960 	EXP 	Stimulus: autoDraw = True
26.0749 	EXP 	New trial (rep=0, index=12): {'face': '/Users/jantzek/Documents/Easy_BCI/PsychoPy Examples/N170/Stim/cars/87.jpg', 'trigger': 1}
26.0808 	EXP 	Stimulus: autoDraw = False
26.0808 	EXP 	fix_rand: text = '+'
26.0808 	EXP 	fix_rand: autoDraw = True
27.2062 	EXP 	fix_rand: autoDraw = False
27.2062 	EXP 	fix_rand: autoDraw = False
27.2062 	EXP 	Stimulus: image = '/Users/jantzek/Documents/Easy_BCI/PsychoPy Examples/N170/Stim/cars/87.jpg'
27.2062 	EXP 	Stimulus: autoDraw = True
27.4321 	EXP 	New trial (rep=0, index=13): {'face': '/Users/jantzek/Documents/Easy_BCI/PsychoPy Examples/N170/Stim/White Men/34.jpg', 'trigger': 2}
27.4411 	EXP 	Stimulus: autoDraw = False
27.4411 	EXP 	fix_rand: text = '+'
27.4411 	EXP 	fix_rand: autoDraw = True
28.5721 	EXP 	fix_rand: autoDraw = False
28.5721 	EXP 	fix_rand: autoDraw = False
28.5721 	EXP 	Stimulus: image = '/Users/jantzek/Documents/Easy_BCI/PsychoPy Examples/N170/Stim/White Men/34.jpg'
28.5721 	EXP 	Stimulus: autoDraw = True
28.7482 	EXP 	New trial (rep=0, index=14): {'face': '/Users/jantzek/Documents/Easy_BCI/PsychoPy Examples/N170/Stim/White Men/6.jpg', 'trigger': 2}
28.7578 	EXP 	Stimulus: autoDraw = False
28.7578 	EXP 	fix_rand: text = '+'
28.7578 	EXP 	fix_rand: autoDraw = True
29.8947 	EXP 	fix_rand: autoDraw = False
29.8947 	EXP 	fix_rand: autoDraw = False
29.8947 	EXP 	Stimulus: image = '/Users/jantzek/Documents/Easy_BCI/PsychoPy Examples/N170/Stim/White Men/6.jpg'
29.8947 	EXP 	Stimulus: autoDraw = True
30.0913 	EXP 	New trial (rep=0, index=15): {'face': '/Users/jantzek/Documents/Easy_BCI/PsychoPy Examples/N170/Stim/cars/64.jpg', 'trigger': 1}
30.0975 	EXP 	Stimulus: autoDraw = False
30.0975 	EXP 	fix_rand: text = '+'
30.0975 	EXP 	fix_rand: autoDraw = True
31.2356 	EXP 	fix_rand: autoDraw = False
31.2356 	EXP 	fix_rand: autoDraw = False
31.2356 	EXP 	Stimulus: image = '/Users/jantzek/Documents/Easy_BCI/PsychoPy Examples/N170/Stim/cars/64.jpg'
31.2356 	EXP 	Stimulus: autoDraw = True
31.4658 	EXP 	New trial (rep=0, index=16): {'face': '/Users/jantzek/Documents/Easy_BCI/PsychoPy Examples/N170/Stim/White Men/20.jpg', 'trigger': 2}
31.4744 	EXP 	Stimulus: autoDraw = False
31.4744 	EXP 	fix_rand: text = '+'
31.4744 	EXP 	fix_rand: autoDraw = True
32.5577 	EXP 	fix_rand: autoDraw = False
32.5577 	EXP 	fix_rand: autoDraw = False
32.5577 	EXP 	Stimulus: image = '/Users/jantzek/Documents/Easy_BCI/PsychoPy Examples/N170/Stim/White Men/20.jpg'
32.5577 	EXP 	Stimulus: autoDraw = True
32.7416 	EXP 	New trial (rep=0, index=17): {'face': '/Users/jantzek/Documents/Easy_BCI/PsychoPy Examples/N170/Stim/White Men/5.jpg', 'trigger': 2}
32.7475 	EXP 	Stimulus: autoDraw = False
32.7475 	EXP 	fix_rand: text = '+'
32.7475 	EXP 	fix_rand: autoDraw = True
33.9784 	EXP 	fix_rand: autoDraw = False
33.9784 	EXP 	fix_rand: autoDraw = False
33.9784 	EXP 	Stimulus: image = '/Users/jantzek/Documents/Easy_BCI/PsychoPy Examples/N170/Stim/White Men/5.jpg'
33.9784 	EXP 	Stimulus: autoDraw = True
34.1749 	EXP 	New trial (rep=0, index=18): {'face': '/Users/jantzek/Documents/Easy_BCI/PsychoPy Examples/N170/Stim/White Men/8.jpg', 'trigger': 2}
34.1811 	EXP 	Stimulus: autoDraw = False
34.1811 	EXP 	fix_rand: text = '+'
34.1811 	EXP 	fix_rand: autoDraw = True
35.3859 	EXP 	fix_rand: autoDraw = False
35.3859 	EXP 	fix_rand: autoDraw = False
35.3859 	EXP 	Stimulus: image = '/Users/jantzek/Documents/Easy_BCI/PsychoPy Examples/N170/Stim/White Men/8.jpg'
35.3859 	EXP 	Stimulus: autoDraw = True
35.5821 	EXP 	New trial (rep=0, index=19): {'face': '/Users/jantzek/Documents/Easy_BCI/PsychoPy Examples/N170/Stim/cars/51.jpg', 'trigger': 1}
35.5913 	EXP 	Stimulus: autoDraw = False
35.5913 	EXP 	fix_rand: text = '+'
35.5913 	EXP 	fix_rand: autoDraw = True
36.6773 	EXP 	fix_rand: autoDraw = False
36.6773 	EXP 	fix_rand: autoDraw = False
36.6773 	EXP 	Stimulus: image = '/Users/jantzek/Documents/Easy_BCI/PsychoPy Examples/N170/Stim/cars/51.jpg'
36.6773 	EXP 	Stimulus: autoDraw = True
36.9086 	EXP 	New trial (rep=0, index=20): {'face': '/Users/jantzek/Documents/Easy_BCI/PsychoPy Examples/N170/Stim/cars/69.jpg', 'trigger': 1}
36.9163 	EXP 	Stimulus: autoDraw = False
36.9163 	EXP 	fix_rand: text = '+'
36.9163 	EXP 	fix_rand: autoDraw = True
38.0049 	EXP 	fix_rand: autoDraw = False
38.0049 	EXP 	fix_rand: autoDraw = False
38.0049 	EXP 	Stimulus: image = '/Users/jantzek/Documents/Easy_BCI/PsychoPy Examples/N170/Stim/cars/69.jpg'
38.0049 	EXP 	Stimulus: autoDraw = True
38.2417 	EXP 	New trial (rep=0, index=21): {'face': '/Users/jantzek/Documents/Easy_BCI/PsychoPy Examples/N170/Stim/cars/65.jpg', 'trigger': 1}
38.2486 	EXP 	Stimulus: autoDraw = False
38.2486 	EXP 	fix_rand: text = '+'
38.2486 	EXP 	fix_rand: autoDraw = True
39.4810 	EXP 	fix_rand: autoDraw = False
39.4810 	EXP 	fix_rand: autoDraw = False
39.4810 	EXP 	Stimulus: image = '/Users/jantzek/Documents/Easy_BCI/PsychoPy Examples/N170/Stim/cars/65.jpg'
39.4810 	EXP 	Stimulus: autoDraw = True
39.7154 	EXP 	New trial (rep=0, index=22): {'face': '/Users/jantzek/Documents/Easy_BCI/PsychoPy Examples/N170/Stim/cars/52.jpg', 'trigger': 1}
39.7244 	EXP 	Stimulus: autoDraw = False
39.7244 	EXP 	fix_rand: text = '+'
39.7244 	EXP 	fix_rand: autoDraw = True
40.8015 	EXP 	fix_rand: autoDraw = False
40.8015 	EXP 	fix_rand: autoDraw = False
40.8015 	EXP 	Stimulus: image = '/Users/jantzek/Documents/Easy_BCI/PsychoPy Examples/N170/Stim/cars/52.jpg'
40.8015 	EXP 	Stimulus: autoDraw = True
41.0421 	EXP 	New trial (rep=0, index=23): {'face': '/Users/jantzek/Documents/Easy_BCI/PsychoPy Examples/N170/Stim/cars/80.jpg', 'trigger': 1}
41.0492 	EXP 	Stimulus: autoDraw = False
41.0492 	EXP 	fix_rand: text = '+'
41.0492 	EXP 	fix_rand: autoDraw = True
42.1137 	EXP 	fix_rand: autoDraw = False
42.1137 	EXP 	fix_rand: autoDraw = False
42.1137 	EXP 	Stimulus: image = '/Users/jantzek/Documents/Easy_BCI/PsychoPy Examples/N170/Stim/cars/80.jpg'
42.1137 	EXP 	Stimulus: autoDraw = True
42.3503 	EXP 	New trial (rep=0, index=24): {'face': '/Users/jantzek/Documents/Easy_BCI/PsychoPy Examples/N170/Stim/cars/83.jpg', 'trigger': 1}
42.3577 	EXP 	Stimulus: autoDraw = False
42.3577 	EXP 	fix_rand: text = '+'
42.3577 	EXP 	fix_rand: autoDraw = True
43.4435 	EXP 	fix_rand: autoDraw = False
43.4435 	EXP 	fix_rand: autoDraw = False
43.4435 	EXP 	Stimulus: image = '/Users/jantzek/Documents/Easy_BCI/PsychoPy Examples/N170/Stim/cars/83.jpg'
43.4435 	EXP 	Stimulus: autoDraw = True
43.6751 	EXP 	New trial (rep=0, index=25): {'face': '/Users/jantzek/Documents/Easy_BCI/PsychoPy Examples/N170/Stim/White Men/35.jpg', 'trigger': 2}
43.6818 	EXP 	Stimulus: autoDraw = False
43.6818 	EXP 	fix_rand: text = '+'
43.6818 	EXP 	fix_rand: autoDraw = True
44.8883 	EXP 	fix_rand: autoDraw = False
44.8883 	EXP 	fix_rand: autoDraw = False
44.8883 	EXP 	Stimulus: image = '/Users/jantzek/Documents/Easy_BCI/PsychoPy Examples/N170/Stim/White Men/35.jpg'
44.8883 	EXP 	Stimulus: autoDraw = True
45.0577 	EXP 	New trial (rep=0, index=26): {'face': '/Users/jantzek/Documents/Easy_BCI/PsychoPy Examples/N170/Stim/White Men/12.jpg', 'trigger': 2}
45.0633 	EXP 	Stimulus: autoDraw = False
45.0633 	EXP 	fix_rand: text = '+'
45.0633 	EXP 	fix_rand: autoDraw = True
46.3244 	EXP 	fix_rand: autoDraw = False
46.3244 	EXP 	fix_rand: autoDraw = False
46.3244 	EXP 	Stimulus: image = '/Users/jantzek/Documents/Easy_BCI/PsychoPy Examples/N170/Stim/White Men/12.jpg'
46.3244 	EXP 	Stimulus: autoDraw = True
46.5152 	EXP 	New trial (rep=0, index=27): {'face': '/Users/jantzek/Documents/Easy_BCI/PsychoPy Examples/N170/Stim/cars/67.jpg', 'trigger': 1}
46.5246 	EXP 	Stimulus: autoDraw = False
46.5246 	EXP 	fix_rand: text = '+'
46.5246 	EXP 	fix_rand: autoDraw = True
47.6262 	EXP 	fix_rand: autoDraw = False
47.6262 	EXP 	fix_rand: autoDraw = False
47.6262 	EXP 	Stimulus: image = '/Users/jantzek/Documents/Easy_BCI/PsychoPy Examples/N170/Stim/cars/67.jpg'
47.6262 	EXP 	Stimulus: autoDraw = True
47.8503 	EXP 	New trial (rep=0, index=28): {'face': '/Users/jantzek/Documents/Easy_BCI/PsychoPy Examples/N170/Stim/White Men/7.jpg', 'trigger': 2}
47.8580 	EXP 	Stimulus: autoDraw = False
47.8580 	EXP 	fix_rand: text = '+'
47.8580 	EXP 	fix_rand: autoDraw = True
48.9341 	EXP 	fix_rand: autoDraw = False
48.9341 	EXP 	fix_rand: autoDraw = False
48.9341 	EXP 	Stimulus: image = '/Users/jantzek/Documents/Easy_BCI/PsychoPy Examples/N170/Stim/White Men/7.jpg'
48.9341 	EXP 	Stimulus: autoDraw = True
49.1153 	EXP 	New trial (rep=0, index=29): {'face': '/Users/jantzek/Documents/Easy_BCI/PsychoPy Examples/N170/Stim/cars/72.jpg', 'trigger': 1}
49.1246 	EXP 	Stimulus: autoDraw = False
49.1246 	EXP 	fix_rand: text = '+'
49.1246 	EXP 	fix_rand: autoDraw = True
50.2994 	EXP 	fix_rand: autoDraw = False
50.2994 	EXP 	fix_rand: autoDraw = False
50.2994 	EXP 	Stimulus: image = '/Users/jantzek/Documents/Easy_BCI/PsychoPy Examples/N170/Stim/cars/72.jpg'
50.2994 	EXP 	Stimulus: autoDraw = True
50.5251 	EXP 	New trial (rep=0, index=30): {'face': '/Users/jantzek/Documents/Easy_BCI/PsychoPy Examples/N170/Stim/White Men/10.jpg', 'trigger': 2}
50.5316 	EXP 	Stimulus: autoDraw = False
50.5316 	EXP 	fix_rand: text = '+'
50.5316 	EXP 	fix_rand: autoDraw = True
51.6696 	EXP 	fix_rand: autoDraw = False
51.6696 	EXP 	fix_rand: autoDraw = False
51.6696 	EXP 	Stimulus: image = '/Users/jantzek/Documents/Easy_BCI/PsychoPy Examples/N170/Stim/White Men/10.jpg'
51.6696 	EXP 	Stimulus: autoDraw = True
51.8484 	EXP 	New trial (rep=0, index=31): {'face': '/Users/jantzek/Documents/Easy_BCI/PsychoPy Examples/N170/Stim/White Men/25.jpg', 'trigger': 2}
51.8580 	EXP 	Stimulus: autoDraw = False
51.8580 	EXP 	fix_rand: text = '+'
51.8580 	EXP 	fix_rand: autoDraw = True
53.0222 	EXP 	fix_rand: autoDraw = False
53.0222 	EXP 	fix_rand: autoDraw = False
53.0222 	EXP 	Stimulus: image = '/Users/jantzek/Documents/Easy_BCI/PsychoPy Examples/N170/Stim/White Men/25.jpg'
53.0222 	EXP 	Stimulus: autoDraw = True
53.2154 	EXP 	New trial (rep=0, index=32): {'face': '/Users/jantzek/Documents/Easy_BCI/PsychoPy Examples/N170/Stim/cars/90.jpg', 'trigger': 1}
53.2247 	EXP 	Stimulus: autoDraw = False
53.2247 	EXP 	fix_rand: text = '+'
53.2247 	EXP 	fix_rand: autoDraw = True
54.3040 	EXP 	fix_rand: autoDraw = False
54.3040 	EXP 	fix_rand: autoDraw = False
54.3040 	EXP 	Stimulus: image = '/Users/jantzek/Documents/Easy_BCI/PsychoPy Examples/N170/Stim/cars/90.jpg'
54.3040 	EXP 	Stimulus: autoDraw = True
54.5324 	EXP 	New trial (rep=0, index=33): {'face': '/Users/jantzek/Documents/Easy_BCI/PsychoPy Examples/N170/Stim/cars/57.jpg', 'trigger': 1}
54.5410 	EXP 	Stimulus: autoDraw = False
54.5410 	EXP 	fix_rand: text = '+'
54.5410 	EXP 	fix_rand: autoDraw = True
55.6820 	EXP 	fix_rand: autoDraw = False
55.6820 	EXP 	fix_rand: autoDraw = False
55.6820 	EXP 	Stimulus: image = '/Users/jantzek/Documents/Easy_BCI/PsychoPy Examples/N170/Stim/cars/57.jpg'
55.6820 	EXP 	Stimulus: autoDraw = True
55.9161 	EXP 	New trial (rep=0, index=34): {'face': '/Users/jantzek/Documents/Easy_BCI/PsychoPy Examples/N170/Stim/White Men/17.jpg', 'trigger': 2}
55.9245 	EXP 	Stimulus: autoDraw = False
55.9245 	EXP 	fix_rand: text = '+'
55.9245 	EXP 	fix_rand: autoDraw = True
57.1108 	EXP 	fix_rand: autoDraw = False
57.1108 	EXP 	fix_rand: autoDraw = False
57.1108 	EXP 	Stimulus: image = '/Users/jantzek/Documents/Easy_BCI/PsychoPy Examples/N170/Stim/White Men/17.jpg'
57.1108 	EXP 	Stimulus: autoDraw = True
57.2917 	EXP 	New trial (rep=0, index=35): {'face': '/Users/jantzek/Documents/Easy_BCI/PsychoPy Examples/N170/Stim/White Men/31.jpg', 'trigger': 2}
57.2977 	EXP 	Stimulus: autoDraw = False
57.2977 	EXP 	fix_rand: text = '+'
57.2977 	EXP 	fix_rand: autoDraw = True
58.3792 	EXP 	fix_rand: autoDraw = False
58.3792 	EXP 	fix_rand: autoDraw = False
58.3792 	EXP 	Stimulus: image = '/Users/jantzek/Documents/Easy_BCI/PsychoPy Examples/N170/Stim/White Men/31.jpg'
58.3792 	EXP 	Stimulus: autoDraw = True
58.5751 	EXP 	New trial (rep=0, index=36): {'face': '/Users/jantzek/Documents/Easy_BCI/PsychoPy Examples/N170/Stim/cars/76.jpg', 'trigger': 1}
58.5813 	EXP 	Stimulus: autoDraw = False
58.5813 	EXP 	fix_rand: text = '+'
58.5813 	EXP 	fix_rand: autoDraw = True
59.6720 	EXP 	fix_rand: autoDraw = False
59.6720 	EXP 	fix_rand: autoDraw = False
59.6720 	EXP 	Stimulus: image = '/Users/jantzek/Documents/Easy_BCI/PsychoPy Examples/N170/Stim/cars/76.jpg'
59.6720 	EXP 	Stimulus: autoDraw = True
59.9008 	EXP 	New trial (rep=0, index=37): {'face': '/Users/jantzek/Documents/Easy_BCI/PsychoPy Examples/N170/Stim/White Men/36.jpg', 'trigger': 2}
59.9085 	EXP 	Stimulus: autoDraw = False
59.9085 	EXP 	fix_rand: text = '+'
59.9085 	EXP 	fix_rand: autoDraw = True
61.0126 	EXP 	fix_rand: autoDraw = False
61.0126 	EXP 	fix_rand: autoDraw = False
61.0126 	EXP 	Stimulus: image = '/Users/jantzek/Documents/Easy_BCI/PsychoPy Examples/N170/Stim/White Men/36.jpg'
61.0126 	EXP 	Stimulus: autoDraw = True
61.1810 	EXP 	New trial (rep=0, index=38): {'face': '/Users/jantzek/Documents/Easy_BCI/PsychoPy Examples/N170/Stim/cars/62.jpg', 'trigger': 1}
61.1913 	EXP 	Stimulus: autoDraw = False
61.1913 	EXP 	fix_rand: text = '+'
61.1913 	EXP 	fix_rand: autoDraw = True
62.2437 	EXP 	fix_rand: autoDraw = False
62.2437 	EXP 	fix_rand: autoDraw = False
62.2437 	EXP 	Stimulus: image = '/Users/jantzek/Documents/Easy_BCI/PsychoPy Examples/N170/Stim/cars/62.jpg'
62.2437 	EXP 	Stimulus: autoDraw = True
62.4753 	EXP 	New trial (rep=0, index=39): {'face': '/Users/jantzek/Documents/Easy_BCI/PsychoPy Examples/N170/Stim/cars/60.jpg', 'trigger': 1}
62.4822 	EXP 	Stimulus: autoDraw = False
62.4822 	EXP 	fix_rand: text = '+'
62.4822 	EXP 	fix_rand: autoDraw = True
63.7479 	EXP 	fix_rand: autoDraw = False
63.7479 	EXP 	fix_rand: autoDraw = False
63.7479 	EXP 	Stimulus: image = '/Users/jantzek/Documents/Easy_BCI/PsychoPy Examples/N170/Stim/cars/60.jpg'
63.7479 	EXP 	Stimulus: autoDraw = True
63.9828 	EXP 	New trial (rep=0, index=40): {'face': '/Users/jantzek/Documents/Easy_BCI/PsychoPy Examples/N170/Stim/cars/68.jpg', 'trigger': 1}
63.9912 	EXP 	Stimulus: autoDraw = False
63.9912 	EXP 	fix_rand: text = '+'
63.9912 	EXP 	fix_rand: autoDraw = True
65.2458 	EXP 	fix_rand: autoDraw = False
65.2458 	EXP 	fix_rand: autoDraw = False
65.2458 	EXP 	Stimulus: image = '/Users/jantzek/Documents/Easy_BCI/PsychoPy Examples/N170/Stim/cars/68.jpg'
65.2458 	EXP 	Stimulus: autoDraw = True
65.4751 	EXP 	New trial (rep=0, index=41): {'face': '/Users/jantzek/Documents/Easy_BCI/PsychoPy Examples/N170/Stim/White Men/26.jpg', 'trigger': 2}
65.4818 	EXP 	Stimulus: autoDraw = False
65.4818 	EXP 	fix_rand: text = '+'
65.4818 	EXP 	fix_rand: autoDraw = True
66.5738 	EXP 	fix_rand: autoDraw = False
66.5738 	EXP 	fix_rand: autoDraw = False
66.5738 	EXP 	Stimulus: image = '/Users/jantzek/Documents/Easy_BCI/PsychoPy Examples/N170/Stim/White Men/26.jpg'
66.5738 	EXP 	Stimulus: autoDraw = True
66.7488 	EXP 	New trial (rep=0, index=42): {'face': '/Users/jantzek/Documents/Easy_BCI/PsychoPy Examples/N170/Stim/White Men/33.jpg', 'trigger': 2}
66.7580 	EXP 	Stimulus: autoDraw = False
66.7580 	EXP 	fix_rand: text = '+'
66.7580 	EXP 	fix_rand: autoDraw = True
67.9397 	EXP 	fix_rand: autoDraw = False
67.9397 	EXP 	fix_rand: autoDraw = False
67.9397 	EXP 	Stimulus: image = '/Users/jantzek/Documents/Easy_BCI/PsychoPy Examples/N170/Stim/White Men/33.jpg'
67.9397 	EXP 	Stimulus: autoDraw = True
68.1322 	EXP 	New trial (rep=0, index=43): {'face': '/Users/jantzek/Documents/Easy_BCI/PsychoPy Examples/N170/Stim/White Men/15.jpg', 'trigger': 2}
68.1414 	EXP 	Stimulus: autoDraw = False
68.1414 	EXP 	fix_rand: text = '+'
68.1414 	EXP 	fix_rand: autoDraw = True
69.2802 	EXP 	fix_rand: autoDraw = False
69.2802 	EXP 	fix_rand: autoDraw = False
69.2802 	EXP 	Stimulus: image = '/Users/jantzek/Documents/Easy_BCI/PsychoPy Examples/N170/Stim/White Men/15.jpg'
69.2802 	EXP 	Stimulus: autoDraw = True
69.4750 	EXP 	New trial (rep=0, index=44): {'face': '/Users/jantzek/Documents/Easy_BCI/PsychoPy Examples/N170/Stim/cars/58.jpg', 'trigger': 1}
69.4811 	EXP 	Stimulus: autoDraw = False
69.4811 	EXP 	fix_rand: text = '+'
69.4811 	EXP 	fix_rand: autoDraw = True
70.6049 	EXP 	fix_rand: autoDraw = False
70.6049 	EXP 	fix_rand: autoDraw = False
70.6049 	EXP 	Stimulus: image = '/Users/jantzek/Documents/Easy_BCI/PsychoPy Examples/N170/Stim/cars/58.jpg'
70.6049 	EXP 	Stimulus: autoDraw = True
70.8324 	EXP 	New trial (rep=0, index=45): {'face': '/Users/jantzek/Documents/Easy_BCI/PsychoPy Examples/N170/Stim/cars/85.jpg', 'trigger': 1}
70.8412 	EXP 	Stimulus: autoDraw = False
70.8412 	EXP 	fix_rand: text = '+'
70.8412 	EXP 	fix_rand: autoDraw = True
72.0497 	EXP 	fix_rand: autoDraw = False
72.0497 	EXP 	fix_rand: autoDraw = False
72.0497 	EXP 	Stimulus: image = '/Users/jantzek/Documents/Easy_BCI/PsychoPy Examples/N170/Stim/cars/85.jpg'
72.0497 	EXP 	Stimulus: autoDraw = True
72.2834 	EXP 	New trial (rep=0, index=46): {'face': '/Users/jantzek/Documents/Easy_BCI/PsychoPy Examples/N170/Stim/White Men/18.jpg', 'trigger': 2}
72.2911 	EXP 	Stimulus: autoDraw = False
72.2911 	EXP 	fix_rand: text = '+'
72.2911 	EXP 	fix_rand: autoDraw = True
73.5055 	EXP 	fix_rand: autoDraw = False
73.5055 	EXP 	fix_rand: autoDraw = False
73.5055 	EXP 	Stimulus: image = '/Users/jantzek/Documents/Easy_BCI/PsychoPy Examples/N170/Stim/White Men/18.jpg'
73.5055 	EXP 	Stimulus: autoDraw = True
73.6819 	EXP 	New trial (rep=0, index=47): {'face': '/Users/jantzek/Documents/Easy_BCI/PsychoPy Examples/N170/Stim/cars/55.jpg', 'trigger': 1}
73.6913 	EXP 	Stimulus: autoDraw = False
73.6913 	EXP 	fix_rand: text = '+'
73.6913 	EXP 	fix_rand: autoDraw = True
74.7468 	EXP 	fix_rand: autoDraw = False
74.7468 	EXP 	fix_rand: autoDraw = False
74.7468 	EXP 	Stimulus: image = '/Users/jantzek/Documents/Easy_BCI/PsychoPy Examples/N170/Stim/cars/55.jpg'
74.7468 	EXP 	Stimulus: autoDraw = True
74.9754 	EXP 	New trial (rep=0, index=48): {'face': '/Users/jantzek/Documents/Easy_BCI/PsychoPy Examples/N170/Stim/White Men/32.jpg', 'trigger': 2}
74.9821 	EXP 	Stimulus: autoDraw = False
74.9821 	EXP 	fix_rand: text = '+'
74.9821 	EXP 	fix_rand: autoDraw = True
76.2682 	EXP 	fix_rand: autoDraw = False
76.2682 	EXP 	fix_rand: autoDraw = False
76.2682 	EXP 	Stimulus: image = '/Users/jantzek/Documents/Easy_BCI/PsychoPy Examples/N170/Stim/White Men/32.jpg'
76.2682 	EXP 	Stimulus: autoDraw = True
76.4484 	EXP 	New trial (rep=0, index=49): {'face': '/Users/jantzek/Documents/Easy_BCI/PsychoPy Examples/N170/Stim/White Men/13.jpg', 'trigger': 2}
76.4581 	EXP 	Stimulus: autoDraw = False
76.4581 	EXP 	fix_rand: text = '+'
76.4581 	EXP 	fix_rand: autoDraw = True
77.5696 	EXP 	fix_rand: autoDraw = False
77.5696 	EXP 	fix_rand: autoDraw = False
77.5696 	EXP 	Stimulus: image = '/Users/jantzek/Documents/Easy_BCI/PsychoPy Examples/N170/Stim/White Men/13.jpg'
77.5696 	EXP 	Stimulus: autoDraw = True
77.7654 	EXP 	New trial (rep=0, index=50): {'face': '/Users/jantzek/Documents/Easy_BCI/PsychoPy Examples/N170/Stim/White Men/29.jpg', 'trigger': 2}
77.7748 	EXP 	Stimulus: autoDraw = False
77.7748 	EXP 	fix_rand: text = '+'
77.7748 	EXP 	fix_rand: autoDraw = True
78.9065 	EXP 	fix_rand: autoDraw = False
78.9065 	EXP 	fix_rand: autoDraw = False
78.9065 	EXP 	Stimulus: image = '/Users/jantzek/Documents/Easy_BCI/PsychoPy Examples/N170/Stim/White Men/29.jpg'
78.9065 	EXP 	Stimulus: autoDraw = True
79.1085 	EXP 	New trial (rep=0, index=51): {'face': '/Users/jantzek/Documents/Easy_BCI/PsychoPy Examples/N170/Stim/White Men/37.jpg', 'trigger': 2}
79.1151 	EXP 	Stimulus: autoDraw = False
79.1151 	EXP 	fix_rand: text = '+'
79.1151 	EXP 	fix_rand: autoDraw = True
80.4206 	EXP 	fix_rand: autoDraw = False
80.4206 	EXP 	fix_rand: autoDraw = False
80.4206 	EXP 	Stimulus: image = '/Users/jantzek/Documents/Easy_BCI/PsychoPy Examples/N170/Stim/White Men/37.jpg'
80.4206 	EXP 	Stimulus: autoDraw = True
80.6157 	EXP 	New trial (rep=0, index=52): {'face': '/Users/jantzek/Documents/Easy_BCI/PsychoPy Examples/N170/Stim/White Men/11.jpg', 'trigger': 2}
80.6250 	EXP 	Stimulus: autoDraw = False
80.6250 	EXP 	fix_rand: text = '+'
80.6250 	EXP 	fix_rand: autoDraw = True
81.8217 	EXP 	fix_rand: autoDraw = False
81.8217 	EXP 	fix_rand: autoDraw = False
81.8217 	EXP 	Stimulus: image = '/Users/jantzek/Documents/Easy_BCI/PsychoPy Examples/N170/Stim/White Men/11.jpg'
81.8217 	EXP 	Stimulus: autoDraw = True
82.0085 	EXP 	New trial (rep=0, index=53): {'face': '/Users/jantzek/Documents/Easy_BCI/PsychoPy Examples/N170/Stim/White Men/30.jpg', 'trigger': 2}
82.0143 	EXP 	Stimulus: autoDraw = False
82.0143 	EXP 	fix_rand: text = '+'
82.0143 	EXP 	fix_rand: autoDraw = True
83.1729 	EXP 	fix_rand: autoDraw = False
83.1729 	EXP 	fix_rand: autoDraw = False
83.1729 	EXP 	Stimulus: image = '/Users/jantzek/Documents/Easy_BCI/PsychoPy Examples/N170/Stim/White Men/30.jpg'
83.1729 	EXP 	Stimulus: autoDraw = True
83.3746 	EXP 	New trial (rep=0, index=54): {'face': '/Users/jantzek/Documents/Easy_BCI/PsychoPy Examples/N170/Stim/cars/89.jpg', 'trigger': 1}
83.3808 	EXP 	Stimulus: autoDraw = False
83.3808 	EXP 	fix_rand: text = '+'
83.3808 	EXP 	fix_rand: autoDraw = True
84.5109 	EXP 	fix_rand: autoDraw = False
84.5109 	EXP 	fix_rand: autoDraw = False
84.5109 	EXP 	Stimulus: image = '/Users/jantzek/Documents/Easy_BCI/PsychoPy Examples/N170/Stim/cars/89.jpg'
84.5109 	EXP 	Stimulus: autoDraw = True
84.7323 	EXP 	New trial (rep=0, index=55): {'face': '/Users/jantzek/Documents/Easy_BCI/PsychoPy Examples/N170/Stim/White Men/1.jpg', 'trigger': 2}
84.7416 	EXP 	Stimulus: autoDraw = False
84.7416 	EXP 	fix_rand: text = '+'
84.7416 	EXP 	fix_rand: autoDraw = True
85.8566 	EXP 	fix_rand: autoDraw = False
85.8566 	EXP 	fix_rand: autoDraw = False
85.8566 	EXP 	Stimulus: image = '/Users/jantzek/Documents/Easy_BCI/PsychoPy Examples/N170/Stim/White Men/1.jpg'
85.8566 	EXP 	Stimulus: autoDraw = True
86.0420 	EXP 	New trial (rep=0, index=56): {'face': '/Users/jantzek/Documents/Easy_BCI/PsychoPy Examples/N170/Stim/cars/53.jpg', 'trigger': 1}
86.0479 	EXP 	Stimulus: autoDraw = False
86.0479 	EXP 	fix_rand: text = '+'
86.0479 	EXP 	fix_rand: autoDraw = True
87.1926 	EXP 	fix_rand: autoDraw = False
87.1926 	EXP 	fix_rand: autoDraw = False
87.1926 	EXP 	Stimulus: image = '/Users/jantzek/Documents/Easy_BCI/PsychoPy Examples/N170/Stim/cars/53.jpg'
87.1926 	EXP 	Stimulus: autoDraw = True
87.4164 	EXP 	New trial (rep=0, index=57): {'face': '/Users/jantzek/Documents/Easy_BCI/PsychoPy Examples/N170/Stim/White Men/22.jpg', 'trigger': 2}
87.4247 	EXP 	Stimulus: autoDraw = False
87.4247 	EXP 	fix_rand: text = '+'
87.4247 	EXP 	fix_rand: autoDraw = True
88.5839 	EXP 	fix_rand: autoDraw = False
88.5839 	EXP 	fix_rand: autoDraw = False
88.5839 	EXP 	Stimulus: image = '/Users/jantzek/Documents/Easy_BCI/PsychoPy Examples/N170/Stim/White Men/22.jpg'
88.5839 	EXP 	Stimulus: autoDraw = True
88.7652 	EXP 	New trial (rep=0, index=58): {'face': '/Users/jantzek/Documents/Easy_BCI/PsychoPy Examples/N170/Stim/White Men/16.jpg', 'trigger': 2}
88.7748 	EXP 	Stimulus: autoDraw = False
88.7748 	EXP 	fix_rand: text = '+'
88.7748 	EXP 	fix_rand: autoDraw = True
89.9280 	EXP 	fix_rand: autoDraw = False
89.9280 	EXP 	fix_rand: autoDraw = False
89.9280 	EXP 	Stimulus: image = '/Users/jantzek/Documents/Easy_BCI/PsychoPy Examples/N170/Stim/White Men/16.jpg'
89.9280 	EXP 	Stimulus: autoDraw = True
90.1167 	EXP 	New trial (rep=0, index=59): {'face': '/Users/jantzek/Documents/Easy_BCI/PsychoPy Examples/N170/Stim/cars/79.jpg', 'trigger': 1}
90.1246 	EXP 	Stimulus: autoDraw = False
90.1246 	EXP 	fix_rand: text = '+'
90.1246 	EXP 	fix_rand: autoDraw = True
91.2650 	EXP 	fix_rand: autoDraw = False
91.2650 	EXP 	fix_rand: autoDraw = False
91.2650 	EXP 	Stimulus: image = '/Users/jantzek/Documents/Easy_BCI/PsychoPy Examples/N170/Stim/cars/79.jpg'
91.2650 	EXP 	Stimulus: autoDraw = True
91.4832 	EXP 	New trial (rep=0, index=60): {'face': '/Users/jantzek/Documents/Easy_BCI/PsychoPy Examples/N170/Stim/cars/59.jpg', 'trigger': 1}
91.4913 	EXP 	Stimulus: autoDraw = False
91.4913 	EXP 	fix_rand: text = '+'
91.4913 	EXP 	fix_rand: autoDraw = True
92.5737 	EXP 	fix_rand: autoDraw = False
92.5737 	EXP 	fix_rand: autoDraw = False
92.5737 	EXP 	Stimulus: image = '/Users/jantzek/Documents/Easy_BCI/PsychoPy Examples/N170/Stim/cars/59.jpg'
92.5737 	EXP 	Stimulus: autoDraw = True
92.8003 	EXP 	New trial (rep=0, index=61): {'face': '/Users/jantzek/Documents/Easy_BCI/PsychoPy Examples/N170/Stim/White Men/3.jpg', 'trigger': 2}
92.8081 	EXP 	Stimulus: autoDraw = False
92.8081 	EXP 	fix_rand: text = '+'
92.8081 	EXP 	fix_rand: autoDraw = True
94.0501 	EXP 	fix_rand: autoDraw = False
94.0501 	EXP 	fix_rand: autoDraw = False
94.0501 	EXP 	Stimulus: image = '/Users/jantzek/Documents/Easy_BCI/PsychoPy Examples/N170/Stim/White Men/3.jpg'
94.0501 	EXP 	Stimulus: autoDraw = True
94.2313 	EXP 	New trial (rep=0, index=62): {'face': '/Users/jantzek/Documents/Easy_BCI/PsychoPy Examples/N170/Stim/White Men/4.jpg', 'trigger': 2}
94.2416 	EXP 	Stimulus: autoDraw = False
94.2416 	EXP 	fix_rand: text = '+'
94.2416 	EXP 	fix_rand: autoDraw = True
95.4036 	EXP 	fix_rand: autoDraw = False
95.4036 	EXP 	fix_rand: autoDraw = False
95.4036 	EXP 	Stimulus: image = '/Users/jantzek/Documents/Easy_BCI/PsychoPy Examples/N170/Stim/White Men/4.jpg'
95.4036 	EXP 	Stimulus: autoDraw = True
95.5986 	EXP 	New trial (rep=0, index=63): {'face': '/Users/jantzek/Documents/Easy_BCI/PsychoPy Examples/N170/Stim/cars/75.jpg', 'trigger': 1}
95.6083 	EXP 	Stimulus: autoDraw = False
95.6083 	EXP 	fix_rand: text = '+'
95.6083 	EXP 	fix_rand: autoDraw = True
96.7220 	EXP 	fix_rand: autoDraw = False
96.7220 	EXP 	fix_rand: autoDraw = False
96.7220 	EXP 	Stimulus: image = '/Users/jantzek/Documents/Easy_BCI/PsychoPy Examples/N170/Stim/cars/75.jpg'
96.7220 	EXP 	Stimulus: autoDraw = True
96.9497 	EXP 	New trial (rep=0, index=64): {'face': '/Users/jantzek/Documents/Easy_BCI/PsychoPy Examples/N170/Stim/White Men/9.jpg', 'trigger': 2}
96.9580 	EXP 	Stimulus: autoDraw = False
96.9580 	EXP 	fix_rand: text = '+'
96.9580 	EXP 	fix_rand: autoDraw = True
98.0906 	EXP 	fix_rand: autoDraw = False
98.0906 	EXP 	fix_rand: autoDraw = False
98.0906 	EXP 	Stimulus: image = '/Users/jantzek/Documents/Easy_BCI/PsychoPy Examples/N170/Stim/White Men/9.jpg'
98.0906 	EXP 	Stimulus: autoDraw = True
98.2749 	EXP 	New trial (rep=0, index=65): {'face': '/Users/jantzek/Documents/Easy_BCI/PsychoPy Examples/N170/Stim/White Men/23.jpg', 'trigger': 2}
98.2808 	EXP 	Stimulus: autoDraw = False
98.2808 	EXP 	fix_rand: text = '+'
98.2808 	EXP 	fix_rand: autoDraw = True
99.5434 	EXP 	fix_rand: autoDraw = False
99.5434 	EXP 	fix_rand: autoDraw = False
99.5434 	EXP 	Stimulus: image = '/Users/jantzek/Documents/Easy_BCI/PsychoPy Examples/N170/Stim/White Men/23.jpg'
99.5434 	EXP 	Stimulus: autoDraw = True
99.7321 	EXP 	New trial (rep=0, index=66): {'face': '/Users/jantzek/Documents/Easy_BCI/PsychoPy Examples/N170/Stim/cars/66.jpg', 'trigger': 1}
99.7415 	EXP 	Stimulus: autoDraw = False
99.7415 	EXP 	fix_rand: text = '+'
99.7415 	EXP 	fix_rand: autoDraw = True
100.8480 	EXP 	fix_rand: autoDraw = False
100.8480 	EXP 	fix_rand: autoDraw = False
100.8480 	EXP 	Stimulus: image = '/Users/jantzek/Documents/Easy_BCI/PsychoPy Examples/N170/Stim/cars/66.jpg'
100.8480 	EXP 	Stimulus: autoDraw = True
101.0756 	EXP 	New trial (rep=0, index=67): {'face': '/Users/jantzek/Documents/Easy_BCI/PsychoPy Examples/N170/Stim/cars/77.jpg', 'trigger': 1}
101.0834 	EXP 	Stimulus: autoDraw = False
101.0834 	EXP 	fix_rand: text = '+'
101.0834 	EXP 	fix_rand: autoDraw = True
102.1643 	EXP 	fix_rand: autoDraw = False
102.1643 	EXP 	fix_rand: autoDraw = False
102.1643 	EXP 	Stimulus: image = '/Users/jantzek/Documents/Easy_BCI/PsychoPy Examples/N170/Stim/cars/77.jpg'
102.1643 	EXP 	Stimulus: autoDraw = True
102.3993 	EXP 	New trial (rep=0, index=68): {'face': '/Users/jantzek/Documents/Easy_BCI/PsychoPy Examples/N170/Stim/cars/73.jpg', 'trigger': 1}
102.4077 	EXP 	Stimulus: autoDraw = False
102.4077 	EXP 	fix_rand: text = '+'
102.4077 	EXP 	fix_rand: autoDraw = True
103.5540 	EXP 	fix_rand: autoDraw = False
103.5540 	EXP 	fix_rand: autoDraw = False
103.5540 	EXP 	Stimulus: image = '/Users/jantzek/Documents/Easy_BCI/PsychoPy Examples/N170/Stim/cars/73.jpg'
103.5540 	EXP 	Stimulus: autoDraw = True
103.7919 	EXP 	New trial (rep=0, index=69): {'face': '/Users/jantzek/Documents/Easy_BCI/PsychoPy Examples/N170/Stim/cars/88.jpg', 'trigger': 1}
103.7993 	EXP 	Stimulus: autoDraw = False
103.7993 	EXP 	fix_rand: text = '+'
103.7993 	EXP 	fix_rand: autoDraw = True
104.9040 	EXP 	fix_rand: autoDraw = False
104.9040 	EXP 	fix_rand: autoDraw = False
104.9040 	EXP 	Stimulus: image = '/Users/jantzek/Documents/Easy_BCI/PsychoPy Examples/N170/Stim/cars/88.jpg'
104.9040 	EXP 	Stimulus: autoDraw = True
105.1335 	EXP 	New trial (rep=0, index=70): {'face': '/Users/jantzek/Documents/Easy_BCI/PsychoPy Examples/N170/Stim/White Men/14.jpg', 'trigger': 2}
105.1415 	EXP 	Stimulus: autoDraw = False
105.1415 	EXP 	fix_rand: text = '+'
105.1415 	EXP 	fix_rand: autoDraw = True
106.3897 	EXP 	fix_rand: autoDraw = False
106.3897 	EXP 	fix_rand: autoDraw = False
106.3897 	EXP 	Stimulus: image = '/Users/jantzek/Documents/Easy_BCI/PsychoPy Examples/N170/Stim/White Men/14.jpg'
106.3897 	EXP 	Stimulus: autoDraw = True
106.5753 	EXP 	New trial (rep=0, index=71): {'face': '/Users/jantzek/Documents/Easy_BCI/PsychoPy Examples/N170/Stim/cars/82.jpg', 'trigger': 1}
106.5812 	EXP 	Stimulus: autoDraw = False
106.5812 	EXP 	fix_rand: text = '+'
106.5812 	EXP 	fix_rand: autoDraw = True
107.6281 	EXP 	fix_rand: autoDraw = False
107.6281 	EXP 	fix_rand: autoDraw = False
107.6281 	EXP 	Stimulus: image = '/Users/jantzek/Documents/Easy_BCI/PsychoPy Examples/N170/Stim/cars/82.jpg'
107.6281 	EXP 	Stimulus: autoDraw = True
107.8590 	EXP 	New trial (rep=0, index=72): {'face': '/Users/jantzek/Documents/Easy_BCI/PsychoPy Examples/N170/Stim/White Men/2.jpg', 'trigger': 2}
107.8663 	EXP 	Stimulus: autoDraw = False
107.8663 	EXP 	fix_rand: text = '+'
107.8663 	EXP 	fix_rand: autoDraw = True
109.0060 	EXP 	fix_rand: autoDraw = False
109.0060 	EXP 	fix_rand: autoDraw = False
109.0060 	EXP 	Stimulus: image = '/Users/jantzek/Documents/Easy_BCI/PsychoPy Examples/N170/Stim/White Men/2.jpg'
109.0060 	EXP 	Stimulus: autoDraw = True
109.1919 	EXP 	New trial (rep=0, index=73): {'face': '/Users/jantzek/Documents/Easy_BCI/PsychoPy Examples/N170/Stim/cars/71.jpg', 'trigger': 1}
109.1978 	EXP 	Stimulus: autoDraw = False
109.1978 	EXP 	fix_rand: text = '+'
109.1978 	EXP 	fix_rand: autoDraw = True
110.3189 	EXP 	fix_rand: autoDraw = False
110.3189 	EXP 	fix_rand: autoDraw = False
110.3189 	EXP 	Stimulus: image = '/Users/jantzek/Documents/Easy_BCI/PsychoPy Examples/N170/Stim/cars/71.jpg'
110.3189 	EXP 	Stimulus: autoDraw = True
110.5499 	EXP 	New trial (rep=0, index=74): {'face': '/Users/jantzek/Documents/Easy_BCI/PsychoPy Examples/N170/Stim/White Men/38.jpg', 'trigger': 2}
110.5580 	EXP 	Stimulus: autoDraw = False
110.5580 	EXP 	fix_rand: text = '+'
110.5580 	EXP 	fix_rand: autoDraw = True
111.6737 	EXP 	fix_rand: autoDraw = False
111.6737 	EXP 	fix_rand: autoDraw = False
111.6737 	EXP 	Stimulus: image = '/Users/jantzek/Documents/Easy_BCI/PsychoPy Examples/N170/Stim/White Men/38.jpg'
111.6737 	EXP 	Stimulus: autoDraw = True
111.8587 	EXP 	New trial (rep=0, index=75): {'face': '/Users/jantzek/Documents/Easy_BCI/PsychoPy Examples/N170/Stim/White Men/27.jpg', 'trigger': 2}
111.8646 	EXP 	Stimulus: autoDraw = False
111.8646 	EXP 	fix_rand: text = '+'
111.8646 	EXP 	fix_rand: autoDraw = True
113.0879 	EXP 	fix_rand: autoDraw = False
113.0879 	EXP 	fix_rand: autoDraw = False
113.0879 	EXP 	Stimulus: image = '/Users/jantzek/Documents/Easy_BCI/PsychoPy Examples/N170/Stim/White Men/27.jpg'
113.0879 	EXP 	Stimulus: autoDraw = True
113.2822 	EXP 	New trial (rep=0, index=76): {'face': '/Users/jantzek/Documents/Easy_BCI/PsychoPy Examples/N170/Stim/cars/56.jpg', 'trigger': 1}
113.2916 	EXP 	Stimulus: autoDraw = False
113.2916 	EXP 	fix_rand: text = '+'
113.2916 	EXP 	fix_rand: autoDraw = True
114.4227 	EXP 	fix_rand: autoDraw = False
114.4227 	EXP 	fix_rand: autoDraw = False
114.4227 	EXP 	Stimulus: image = '/Users/jantzek/Documents/Easy_BCI/PsychoPy Examples/N170/Stim/cars/56.jpg'
114.4227 	EXP 	Stimulus: autoDraw = True
114.6502 	EXP 	New trial (rep=0, index=77): {'face': '/Users/jantzek/Documents/Easy_BCI/PsychoPy Examples/N170/Stim/cars/61.jpg', 'trigger': 1}
114.6582 	EXP 	Stimulus: autoDraw = False
114.6582 	EXP 	fix_rand: text = '+'
114.6582 	EXP 	fix_rand: autoDraw = True
115.7705 	EXP 	fix_rand: autoDraw = False
115.7705 	EXP 	fix_rand: autoDraw = False
115.7705 	EXP 	Stimulus: image = '/Users/jantzek/Documents/Easy_BCI/PsychoPy Examples/N170/Stim/cars/61.jpg'
115.7705 	EXP 	Stimulus: autoDraw = True
116.0090 	EXP 	New trial (rep=0, index=78): {'face': '/Users/jantzek/Documents/Easy_BCI/PsychoPy Examples/N170/Stim/White Men/40.jpg', 'trigger': 2}
116.0164 	EXP 	Stimulus: autoDraw = False
116.0164 	EXP 	fix_rand: text = '+'
116.0164 	EXP 	fix_rand: autoDraw = True
117.1663 	EXP 	fix_rand: autoDraw = False
117.1663 	EXP 	fix_rand: autoDraw = False
117.1663 	EXP 	Stimulus: image = '/Users/jantzek/Documents/Easy_BCI/PsychoPy Examples/N170/Stim/White Men/40.jpg'
117.1663 	EXP 	Stimulus: autoDraw = True
117.3489 	EXP 	New trial (rep=0, index=79): {'face': '/Users/jantzek/Documents/Easy_BCI/PsychoPy Examples/N170/Stim/White Men/19.jpg', 'trigger': 2}
117.3583 	EXP 	Stimulus: autoDraw = False
117.3583 	EXP 	fix_rand: text = '+'
117.3583 	EXP 	fix_rand: autoDraw = True
118.4115 	EXP 	fix_rand: autoDraw = False
118.4115 	EXP 	fix_rand: autoDraw = False
118.4115 	EXP 	Stimulus: image = '/Users/jantzek/Documents/Easy_BCI/PsychoPy Examples/N170/Stim/White Men/19.jpg'
118.4115 	EXP 	Stimulus: autoDraw = True
118.6084 	EXP 	New trial (rep=1, index=0): {'face': '/Users/jantzek/Documents/Easy_BCI/PsychoPy Examples/N170/Stim/White Men/38.jpg', 'trigger': 2}
118.6149 	EXP 	Stimulus: autoDraw = False
118.6149 	EXP 	fix_rand: text = '+'
118.6149 	EXP 	fix_rand: autoDraw = True
119.9428 	EXP 	fix_rand: autoDraw = False
119.9428 	EXP 	fix_rand: autoDraw = False
119.9428 	EXP 	Stimulus: image = '/Users/jantzek/Documents/Easy_BCI/PsychoPy Examples/N170/Stim/White Men/38.jpg'
119.9428 	EXP 	Stimulus: autoDraw = True
120.1419 	EXP 	New trial (rep=1, index=1): {'face': '/Users/jantzek/Documents/Easy_BCI/PsychoPy Examples/N170/Stim/White Men/23.jpg', 'trigger': 2}
120.1483 	EXP 	Stimulus: autoDraw = False
120.1483 	EXP 	fix_rand: text = '+'
120.1483 	EXP 	fix_rand: autoDraw = True
121.3256 	EXP 	fix_rand: autoDraw = False
121.3256 	EXP 	fix_rand: autoDraw = False
121.3256 	EXP 	Stimulus: image = '/Users/jantzek/Documents/Easy_BCI/PsychoPy Examples/N170/Stim/White Men/23.jpg'
121.3256 	EXP 	Stimulus: autoDraw = True
121.5252 	EXP 	New trial (rep=1, index=2): {'face': '/Users/jantzek/Documents/Easy_BCI/PsychoPy Examples/N170/Stim/cars/61.jpg', 'trigger': 1}
121.5315 	EXP 	Stimulus: autoDraw = False
121.5315 	EXP 	fix_rand: text = '+'
121.5315 	EXP 	fix_rand: autoDraw = True
122.6908 	EXP 	fix_rand: autoDraw = False
122.6908 	EXP 	fix_rand: autoDraw = False
122.6908 	EXP 	Stimulus: image = '/Users/jantzek/Documents/Easy_BCI/PsychoPy Examples/N170/Stim/cars/61.jpg'
122.6908 	EXP 	Stimulus: autoDraw = True
122.9159 	EXP 	New trial (rep=1, index=3): {'face': '/Users/jantzek/Documents/Easy_BCI/PsychoPy Examples/N170/Stim/White Men/34.jpg', 'trigger': 2}
122.9246 	EXP 	Stimulus: autoDraw = False
122.9246 	EXP 	fix_rand: text = '+'
122.9246 	EXP 	fix_rand: autoDraw = True
124.1023 	EXP 	fix_rand: autoDraw = False
124.1023 	EXP 	fix_rand: autoDraw = False
124.1023 	EXP 	Stimulus: image = '/Users/jantzek/Documents/Easy_BCI/PsychoPy Examples/N170/Stim/White Men/34.jpg'
124.1023 	EXP 	Stimulus: autoDraw = True
124.2821 	EXP 	New trial (rep=1, index=4): {'face': '/Users/jantzek/Documents/Easy_BCI/PsychoPy Examples/N170/Stim/White Men/28.jpg', 'trigger': 2}
124.2917 	EXP 	Stimulus: autoDraw = False
124.2917 	EXP 	fix_rand: text = '+'
124.2917 	EXP 	fix_rand: autoDraw = True
124.5728 	DATA 	Keypress: escape
125.2468 	EXP 	window1: mouseVisible = True
