1.2742 	WARNING 	We strongly recommend you activate the PTB sound engine in PsychoPy prefs as the preferred audio engine. Its timing is vastly superior. Your prefs are currently set to use ['sounddevice', 'PTB', 'pyo', 'pygame'] (in that order).
6.0111 	WARNING 	User requested fullscreen with size [1024  768], but screen is actually [1440, 900]. Using actual size
7.3468 	WARNING 	Couldn't measure a consistent frame rate!
  - Is your graphics card set to sync to vertical blank?
  - Are you running other processes on your computer?

7.3483 	EXP 	Created window1 = Window(allowGUI=True, allowStencil=False, autoLog=True, backendConf=UNKNOWN, bitsMode=UNKNOWN, blendMode='avg', bpc=(8, 8, 8), color=array([0, 0, 0]), colorSpace='rgb', depthBits=8, fullscr=<method-wrapper '__getattribute__' of attributeSetter object at 0x7fde105d3bb0>, gamma=None, gammaErrorPolicy='raise', lms=UNKNOWN, monitor=<psychopy.monitors.calibTools.Monitor object at 0x7fddc2503580>, multiSample=False, name='window1', numSamples=2, pos=[360.0, 225.0], screen=0, size=array([2880, 1800]), stencilBits=0, stereo=False, units='height', useFBO=True, useRetina=True, viewOri=0.0, viewPos=None, viewScale=None, waitBlanking=True, winType='pyglet')
7.3489 	EXP 	window1: mouseVisible = True
7.3503 	EXP 	window1: mouseVisible = False
7.3504 	EXP 	window1: Attempting to measure frame rate of screen (0) ...
7.3504 	EXP 	window1: recordFrameIntervals = False
7.4302 	EXP 	window1: recordFrameIntervals = True
8.2636 	WARNING 	Couldn't measure a consistent frame rate!
  - Is your graphics card set to sync to vertical blank?
  - Are you running other processes on your computer?

10.2150 	EXP 	Created fix_rand = TextStim(__class__=<class 'psychopy.visual.text.TextStim'>, alignHoriz=method-wrapper(...), alignText='center', alignVert=method-wrapper(...), anchorHoriz='center', anchorVert='center', antialias=True, autoDraw=False, autoLog=True, bold=False, color=array([1, 1, 1]), colorSpace='rgb', contrast=1.0, depth=0.0, flipHoriz=False, flipVert=False, font='Open Sans', fontFiles=[], height=0.1, italic=False, languageStyle='LTR', name='fix_rand', opacity=1.0, ori=0.0, pos=array([0., 0.]), rgb=UNKNOWN, text='', units='height', win=Window(...), wrapWidth=1)
10.2229 	EXP 	Created Stimulus = ImageStim(__class__=<class 'psychopy.visual.image.ImageStim'>, anchor=('center', 'center'), autoLog=True, color=array([1, 1, 1]), colorSpace='rgb', contrast=1.0, depth=0.0, flipHoriz=False, flipVert=False, image='sin', interpolate=True, mask=None, maskParams=None, name='Stimulus', opacity=1.0, ori=0.0, pos=array([0., 0.]), size=array([0.5, 0.5]), texRes=128.0, units='height', win=Window(...))
10.2351 	EXP 	Imported StimList.xlsx as conditions, 80 conditions, 2 params
10.2376 	EXP 	Created sequence: random, trialTypes=80, nReps=5, seed=None
10.2378 	EXP 	New trial (rep=0, index=0): {'face': '/Users/jantzek/Documents/Easy_BCI/PsychoPy Examples/N170/Stim/cars/59.jpg', 'trigger': 1}
10.2674 	WARNING 	t of last frame was 2004.09ms (=1/0)
10.2674 	EXP 	fix_rand: height = 0.1
10.2674 	EXP 	fix_rand: height = 0.1
10.2674 	EXP 	fix_rand: height = 0.1
10.2674 	EXP 	fix_rand: text = '+'
10.2674 	EXP 	fix_rand: autoDraw = True
11.4381 	WARNING 	t of last frame was 58.63ms (=1/17)
11.4381 	EXP 	fix_rand: autoDraw = False
11.4381 	EXP 	fix_rand: autoDraw = False
11.4381 	EXP 	Stimulus: image = '/Users/jantzek/Documents/Easy_BCI/PsychoPy Examples/N170/Stim/cars/59.jpg'
11.4381 	EXP 	Stimulus: autoDraw = True
11.6357 	EXP 	New trial (rep=0, index=1): {'face': '/Users/jantzek/Documents/Easy_BCI/PsychoPy Examples/N170/Stim/cars/72.jpg', 'trigger': 1}
11.6463 	EXP 	Stimulus: autoDraw = False
11.6463 	EXP 	fix_rand: text = '+'
11.6463 	EXP 	fix_rand: autoDraw = True
12.8364 	WARNING 	t of last frame was 33.24ms (=1/30)
12.8364 	EXP 	fix_rand: autoDraw = False
12.8364 	EXP 	fix_rand: autoDraw = False
12.8364 	EXP 	Stimulus: image = '/Users/jantzek/Documents/Easy_BCI/PsychoPy Examples/N170/Stim/cars/72.jpg'
12.8364 	EXP 	Stimulus: autoDraw = True
13.0637 	EXP 	New trial (rep=0, index=2): {'face': '/Users/jantzek/Documents/Easy_BCI/PsychoPy Examples/N170/Stim/cars/51.jpg', 'trigger': 1}
13.0718 	EXP 	Stimulus: autoDraw = False
13.0718 	EXP 	fix_rand: text = '+'
13.0718 	EXP 	fix_rand: autoDraw = True
14.3004 	WARNING 	t of last frame was 30.71ms (=1/32)
14.3004 	EXP 	fix_rand: autoDraw = False
14.3004 	EXP 	fix_rand: autoDraw = False
14.3004 	EXP 	Stimulus: image = '/Users/jantzek/Documents/Easy_BCI/PsychoPy Examples/N170/Stim/cars/51.jpg'
14.3004 	EXP 	Stimulus: autoDraw = True
14.5301 	EXP 	New trial (rep=0, index=3): {'face': '/Users/jantzek/Documents/Easy_BCI/PsychoPy Examples/N170/Stim/cars/67.jpg', 'trigger': 1}
14.5373 	EXP 	Stimulus: autoDraw = False
14.5373 	EXP 	fix_rand: text = '+'
14.5373 	EXP 	fix_rand: autoDraw = True
15.6082 	WARNING 	Multiple dropped frames have occurred - I'll stop bothering you about them!
15.6081 	EXP 	fix_rand: autoDraw = False
15.6081 	EXP 	fix_rand: autoDraw = False
15.6081 	EXP 	Stimulus: image = '/Users/jantzek/Documents/Easy_BCI/PsychoPy Examples/N170/Stim/cars/67.jpg'
15.6081 	EXP 	Stimulus: autoDraw = True
15.8380 	EXP 	New trial (rep=0, index=4): {'face': '/Users/jantzek/Documents/Easy_BCI/PsychoPy Examples/N170/Stim/White Men/12.jpg', 'trigger': 2}
15.8460 	EXP 	Stimulus: autoDraw = False
15.8460 	EXP 	fix_rand: text = '+'
15.8460 	EXP 	fix_rand: autoDraw = True
17.0334 	EXP 	fix_rand: autoDraw = False
17.0334 	EXP 	fix_rand: autoDraw = False
17.0334 	EXP 	Stimulus: image = '/Users/jantzek/Documents/Easy_BCI/PsychoPy Examples/N170/Stim/White Men/12.jpg'
17.0334 	EXP 	Stimulus: autoDraw = True
17.1518 	EXP 	New trial (rep=0, index=5): {'face': '/Users/jantzek/Documents/Easy_BCI/PsychoPy Examples/N170/Stim/White Men/18.jpg', 'trigger': 2}
17.1626 	EXP 	Stimulus: autoDraw = False
17.1626 	EXP 	fix_rand: text = '+'
17.1626 	EXP 	fix_rand: autoDraw = True
18.4246 	EXP 	fix_rand: autoDraw = False
18.4246 	EXP 	fix_rand: autoDraw = False
18.4246 	EXP 	Stimulus: image = '/Users/jantzek/Documents/Easy_BCI/PsychoPy Examples/N170/Stim/White Men/18.jpg'
18.4246 	EXP 	Stimulus: autoDraw = True
18.5964 	EXP 	New trial (rep=0, index=6): {'face': '/Users/jantzek/Documents/Easy_BCI/PsychoPy Examples/N170/Stim/White Men/30.jpg', 'trigger': 2}
18.6028 	EXP 	Stimulus: autoDraw = False
18.6028 	EXP 	fix_rand: text = '+'
18.6028 	EXP 	fix_rand: autoDraw = True
19.8281 	EXP 	fix_rand: autoDraw = False
19.8281 	EXP 	fix_rand: autoDraw = False
19.8281 	EXP 	Stimulus: image = '/Users/jantzek/Documents/Easy_BCI/PsychoPy Examples/N170/Stim/White Men/30.jpg'
19.8281 	EXP 	Stimulus: autoDraw = True
20.0203 	EXP 	New trial (rep=0, index=7): {'face': '/Users/jantzek/Documents/Easy_BCI/PsychoPy Examples/N170/Stim/White Men/2.jpg', 'trigger': 2}
20.0291 	EXP 	Stimulus: autoDraw = False
20.0291 	EXP 	fix_rand: text = '+'
20.0291 	EXP 	fix_rand: autoDraw = True
21.1240 	EXP 	fix_rand: autoDraw = False
21.1240 	EXP 	fix_rand: autoDraw = False
21.1240 	EXP 	Stimulus: image = '/Users/jantzek/Documents/Easy_BCI/PsychoPy Examples/N170/Stim/White Men/2.jpg'
21.1240 	EXP 	Stimulus: autoDraw = True
21.3301 	EXP 	New trial (rep=0, index=8): {'face': '/Users/jantzek/Documents/Easy_BCI/PsychoPy Examples/N170/Stim/White Men/16.jpg', 'trigger': 2}
21.3362 	EXP 	Stimulus: autoDraw = False
21.3362 	EXP 	fix_rand: text = '+'
21.3362 	EXP 	fix_rand: autoDraw = True
22.4419 	EXP 	fix_rand: autoDraw = False
22.4419 	EXP 	fix_rand: autoDraw = False
22.4419 	EXP 	Stimulus: image = '/Users/jantzek/Documents/Easy_BCI/PsychoPy Examples/N170/Stim/White Men/16.jpg'
22.4419 	EXP 	Stimulus: autoDraw = True
22.6369 	EXP 	New trial (rep=0, index=9): {'face': '/Users/jantzek/Documents/Easy_BCI/PsychoPy Examples/N170/Stim/cars/85.jpg', 'trigger': 1}
22.6459 	EXP 	Stimulus: autoDraw = False
22.6459 	EXP 	fix_rand: text = '+'
22.6459 	EXP 	fix_rand: autoDraw = True
23.7789 	EXP 	fix_rand: autoDraw = False
23.7789 	EXP 	fix_rand: autoDraw = False
23.7789 	EXP 	Stimulus: image = '/Users/jantzek/Documents/Easy_BCI/PsychoPy Examples/N170/Stim/cars/85.jpg'
23.7789 	EXP 	Stimulus: autoDraw = True
24.0048 	EXP 	New trial (rep=0, index=10): {'face': '/Users/jantzek/Documents/Easy_BCI/PsychoPy Examples/N170/Stim/White Men/40.jpg', 'trigger': 2}
24.0131 	EXP 	Stimulus: autoDraw = False
24.0131 	EXP 	fix_rand: text = '+'
24.0131 	EXP 	fix_rand: autoDraw = True
25.1467 	EXP 	fix_rand: autoDraw = False
25.1467 	EXP 	fix_rand: autoDraw = False
25.1467 	EXP 	Stimulus: image = '/Users/jantzek/Documents/Easy_BCI/PsychoPy Examples/N170/Stim/White Men/40.jpg'
25.1467 	EXP 	Stimulus: autoDraw = True
25.3187 	EXP 	New trial (rep=0, index=11): {'face': '/Users/jantzek/Documents/Easy_BCI/PsychoPy Examples/N170/Stim/cars/63.jpg', 'trigger': 1}
25.3294 	EXP 	Stimulus: autoDraw = False
25.3294 	EXP 	fix_rand: text = '+'
25.3294 	EXP 	fix_rand: autoDraw = True
26.3822 	EXP 	fix_rand: autoDraw = False
26.3822 	EXP 	fix_rand: autoDraw = False
26.3822 	EXP 	Stimulus: image = '/Users/jantzek/Documents/Easy_BCI/PsychoPy Examples/N170/Stim/cars/63.jpg'
26.3822 	EXP 	Stimulus: autoDraw = True
26.6138 	EXP 	New trial (rep=0, index=12): {'face': '/Users/jantzek/Documents/Easy_BCI/PsychoPy Examples/N170/Stim/White Men/35.jpg', 'trigger': 2}
26.6216 	EXP 	Stimulus: autoDraw = False
26.6216 	EXP 	fix_rand: text = '+'
26.6216 	EXP 	fix_rand: autoDraw = True
27.7765 	EXP 	fix_rand: autoDraw = False
27.7765 	EXP 	fix_rand: autoDraw = False
27.7765 	EXP 	Stimulus: image = '/Users/jantzek/Documents/Easy_BCI/PsychoPy Examples/N170/Stim/White Men/35.jpg'
27.7765 	EXP 	Stimulus: autoDraw = True
27.9632 	EXP 	New trial (rep=0, index=13): {'face': '/Users/jantzek/Documents/Easy_BCI/PsychoPy Examples/N170/Stim/White Men/29.jpg', 'trigger': 2}
27.9687 	EXP 	Stimulus: autoDraw = False
27.9687 	EXP 	fix_rand: text = '+'
27.9687 	EXP 	fix_rand: autoDraw = True
29.0608 	EXP 	fix_rand: autoDraw = False
29.0608 	EXP 	fix_rand: autoDraw = False
29.0608 	EXP 	Stimulus: image = '/Users/jantzek/Documents/Easy_BCI/PsychoPy Examples/N170/Stim/White Men/29.jpg'
29.0608 	EXP 	Stimulus: autoDraw = True
29.2636 	EXP 	New trial (rep=0, index=14): {'face': '/Users/jantzek/Documents/Easy_BCI/PsychoPy Examples/N170/Stim/cars/54.jpg', 'trigger': 1}
29.2704 	EXP 	Stimulus: autoDraw = False
29.2704 	EXP 	fix_rand: text = '+'
29.2704 	EXP 	fix_rand: autoDraw = True
30.4272 	EXP 	fix_rand: autoDraw = False
30.4272 	EXP 	fix_rand: autoDraw = False
30.4272 	EXP 	Stimulus: image = '/Users/jantzek/Documents/Easy_BCI/PsychoPy Examples/N170/Stim/cars/54.jpg'
30.4272 	EXP 	Stimulus: autoDraw = True
30.6541 	EXP 	New trial (rep=0, index=15): {'face': '/Users/jantzek/Documents/Easy_BCI/PsychoPy Examples/N170/Stim/White Men/1.jpg', 'trigger': 2}
30.6625 	EXP 	Stimulus: autoDraw = False
30.6625 	EXP 	fix_rand: text = '+'
30.6625 	EXP 	fix_rand: autoDraw = True
31.8920 	EXP 	fix_rand: autoDraw = False
31.8920 	EXP 	fix_rand: autoDraw = False
31.8920 	EXP 	Stimulus: image = '/Users/jantzek/Documents/Easy_BCI/PsychoPy Examples/N170/Stim/White Men/1.jpg'
31.8920 	EXP 	Stimulus: autoDraw = True
32.0798 	EXP 	New trial (rep=0, index=16): {'face': '/Users/jantzek/Documents/Easy_BCI/PsychoPy Examples/N170/Stim/White Men/25.jpg', 'trigger': 2}
32.0860 	EXP 	Stimulus: autoDraw = False
32.0860 	EXP 	fix_rand: text = '+'
32.0860 	EXP 	fix_rand: autoDraw = True
33.2644 	EXP 	fix_rand: autoDraw = False
33.2644 	EXP 	fix_rand: autoDraw = False
33.2644 	EXP 	Stimulus: image = '/Users/jantzek/Documents/Easy_BCI/PsychoPy Examples/N170/Stim/White Men/25.jpg'
33.2644 	EXP 	Stimulus: autoDraw = True
33.4542 	EXP 	New trial (rep=0, index=17): {'face': '/Users/jantzek/Documents/Easy_BCI/PsychoPy Examples/N170/Stim/cars/68.jpg', 'trigger': 1}
33.4626 	EXP 	Stimulus: autoDraw = False
33.4626 	EXP 	fix_rand: text = '+'
33.4626 	EXP 	fix_rand: autoDraw = True
34.6594 	EXP 	fix_rand: autoDraw = False
34.6594 	EXP 	fix_rand: autoDraw = False
34.6594 	EXP 	Stimulus: image = '/Users/jantzek/Documents/Easy_BCI/PsychoPy Examples/N170/Stim/cars/68.jpg'
34.6594 	EXP 	Stimulus: autoDraw = True
34.8870 	EXP 	New trial (rep=0, index=18): {'face': '/Users/jantzek/Documents/Easy_BCI/PsychoPy Examples/N170/Stim/cars/60.jpg', 'trigger': 1}
34.8959 	EXP 	Stimulus: autoDraw = False
34.8959 	EXP 	fix_rand: text = '+'
34.8959 	EXP 	fix_rand: autoDraw = True
36.0333 	EXP 	fix_rand: autoDraw = False
36.0333 	EXP 	fix_rand: autoDraw = False
36.0333 	EXP 	Stimulus: image = '/Users/jantzek/Documents/Easy_BCI/PsychoPy Examples/N170/Stim/cars/60.jpg'
36.0333 	EXP 	Stimulus: autoDraw = True
36.2695 	EXP 	New trial (rep=0, index=19): {'face': '/Users/jantzek/Documents/Easy_BCI/PsychoPy Examples/N170/Stim/White Men/14.jpg', 'trigger': 2}
36.2792 	EXP 	Stimulus: autoDraw = False
36.2792 	EXP 	fix_rand: text = '+'
36.2792 	EXP 	fix_rand: autoDraw = True
37.3886 	EXP 	fix_rand: autoDraw = False
37.3886 	EXP 	fix_rand: autoDraw = False
37.3886 	EXP 	Stimulus: image = '/Users/jantzek/Documents/Easy_BCI/PsychoPy Examples/N170/Stim/White Men/14.jpg'
37.3886 	EXP 	Stimulus: autoDraw = True
37.5687 	EXP 	New trial (rep=0, index=20): {'face': '/Users/jantzek/Documents/Easy_BCI/PsychoPy Examples/N170/Stim/cars/74.jpg', 'trigger': 1}
37.5794 	EXP 	Stimulus: autoDraw = False
37.5794 	EXP 	fix_rand: text = '+'
37.5794 	EXP 	fix_rand: autoDraw = True
38.7025 	EXP 	fix_rand: autoDraw = False
38.7025 	EXP 	fix_rand: autoDraw = False
38.7025 	EXP 	Stimulus: image = '/Users/jantzek/Documents/Easy_BCI/PsychoPy Examples/N170/Stim/cars/74.jpg'
38.7025 	EXP 	Stimulus: autoDraw = True
38.9303 	EXP 	New trial (rep=0, index=21): {'face': '/Users/jantzek/Documents/Easy_BCI/PsychoPy Examples/N170/Stim/cars/58.jpg', 'trigger': 1}
38.9376 	EXP 	Stimulus: autoDraw = False
38.9376 	EXP 	fix_rand: text = '+'
38.9376 	EXP 	fix_rand: autoDraw = True
40.0756 	EXP 	fix_rand: autoDraw = False
40.0756 	EXP 	fix_rand: autoDraw = False
40.0756 	EXP 	Stimulus: image = '/Users/jantzek/Documents/Easy_BCI/PsychoPy Examples/N170/Stim/cars/58.jpg'
40.0756 	EXP 	Stimulus: autoDraw = True
40.3136 	EXP 	New trial (rep=0, index=22): {'face': '/Users/jantzek/Documents/Easy_BCI/PsychoPy Examples/N170/Stim/cars/80.jpg', 'trigger': 1}
40.3216 	EXP 	Stimulus: autoDraw = False
40.3216 	EXP 	fix_rand: text = '+'
40.3216 	EXP 	fix_rand: autoDraw = True
41.3861 	EXP 	fix_rand: autoDraw = False
41.3861 	EXP 	fix_rand: autoDraw = False
41.3861 	EXP 	Stimulus: image = '/Users/jantzek/Documents/Easy_BCI/PsychoPy Examples/N170/Stim/cars/80.jpg'
41.3861 	EXP 	Stimulus: autoDraw = True
41.6206 	EXP 	New trial (rep=0, index=23): {'face': '/Users/jantzek/Documents/Easy_BCI/PsychoPy Examples/N170/Stim/cars/87.jpg', 'trigger': 1}
41.6296 	EXP 	Stimulus: autoDraw = False
41.6296 	EXP 	fix_rand: text = '+'
41.6296 	EXP 	fix_rand: autoDraw = True
42.8248 	EXP 	fix_rand: autoDraw = False
42.8248 	EXP 	fix_rand: autoDraw = False
42.8248 	EXP 	Stimulus: image = '/Users/jantzek/Documents/Easy_BCI/PsychoPy Examples/N170/Stim/cars/87.jpg'
42.8248 	EXP 	Stimulus: autoDraw = True
43.0637 	EXP 	New trial (rep=0, index=24): {'face': '/Users/jantzek/Documents/Easy_BCI/PsychoPy Examples/N170/Stim/cars/55.jpg', 'trigger': 1}
43.0711 	EXP 	Stimulus: autoDraw = False
43.0711 	EXP 	fix_rand: text = '+'
43.0711 	EXP 	fix_rand: autoDraw = True
44.2112 	EXP 	fix_rand: autoDraw = False
44.2112 	EXP 	fix_rand: autoDraw = False
44.2112 	EXP 	Stimulus: image = '/Users/jantzek/Documents/Easy_BCI/PsychoPy Examples/N170/Stim/cars/55.jpg'
44.2112 	EXP 	Stimulus: autoDraw = True
44.4374 	EXP 	New trial (rep=0, index=25): {'face': '/Users/jantzek/Documents/Easy_BCI/PsychoPy Examples/N170/Stim/White Men/38.jpg', 'trigger': 2}
44.4458 	EXP 	Stimulus: autoDraw = False
44.4458 	EXP 	fix_rand: text = '+'
44.4458 	EXP 	fix_rand: autoDraw = True
45.6562 	EXP 	fix_rand: autoDraw = False
45.6562 	EXP 	fix_rand: autoDraw = False
45.6562 	EXP 	Stimulus: image = '/Users/jantzek/Documents/Easy_BCI/PsychoPy Examples/N170/Stim/White Men/38.jpg'
45.6562 	EXP 	Stimulus: autoDraw = True
45.8299 	EXP 	New trial (rep=0, index=26): {'face': '/Users/jantzek/Documents/Easy_BCI/PsychoPy Examples/N170/Stim/White Men/17.jpg', 'trigger': 2}
45.8364 	EXP 	Stimulus: autoDraw = False
45.8364 	EXP 	fix_rand: text = '+'
45.8364 	EXP 	fix_rand: autoDraw = True
46.9670 	EXP 	fix_rand: autoDraw = False
46.9670 	EXP 	fix_rand: autoDraw = False
46.9670 	EXP 	Stimulus: image = '/Users/jantzek/Documents/Easy_BCI/PsychoPy Examples/N170/Stim/White Men/17.jpg'
46.9670 	EXP 	Stimulus: autoDraw = True
47.1634 	EXP 	New trial (rep=0, index=27): {'face': '/Users/jantzek/Documents/Easy_BCI/PsychoPy Examples/N170/Stim/cars/81.jpg', 'trigger': 1}
47.1695 	EXP 	Stimulus: autoDraw = False
47.1695 	EXP 	fix_rand: text = '+'
47.1695 	EXP 	fix_rand: autoDraw = True
48.2986 	EXP 	fix_rand: autoDraw = False
48.2986 	EXP 	fix_rand: autoDraw = False
48.2986 	EXP 	Stimulus: image = '/Users/jantzek/Documents/Easy_BCI/PsychoPy Examples/N170/Stim/cars/81.jpg'
48.2986 	EXP 	Stimulus: autoDraw = True
48.5304 	EXP 	New trial (rep=0, index=28): {'face': '/Users/jantzek/Documents/Easy_BCI/PsychoPy Examples/N170/Stim/White Men/8.jpg', 'trigger': 2}
48.5377 	EXP 	Stimulus: autoDraw = False
48.5377 	EXP 	fix_rand: text = '+'
48.5377 	EXP 	fix_rand: autoDraw = True
49.6697 	EXP 	fix_rand: autoDraw = False
49.6697 	EXP 	fix_rand: autoDraw = False
49.6697 	EXP 	Stimulus: image = '/Users/jantzek/Documents/Easy_BCI/PsychoPy Examples/N170/Stim/White Men/8.jpg'
49.6697 	EXP 	Stimulus: autoDraw = True
49.8521 	EXP 	New trial (rep=0, index=29): {'face': '/Users/jantzek/Documents/Easy_BCI/PsychoPy Examples/N170/Stim/White Men/34.jpg', 'trigger': 2}
49.8626 	EXP 	Stimulus: autoDraw = False
49.8626 	EXP 	fix_rand: text = '+'
49.8626 	EXP 	fix_rand: autoDraw = True
51.0447 	EXP 	fix_rand: autoDraw = False
51.0447 	EXP 	fix_rand: autoDraw = False
51.0447 	EXP 	Stimulus: image = '/Users/jantzek/Documents/Easy_BCI/PsychoPy Examples/N170/Stim/White Men/34.jpg'
51.0447 	EXP 	Stimulus: autoDraw = True
51.2358 	EXP 	New trial (rep=0, index=30): {'face': '/Users/jantzek/Documents/Easy_BCI/PsychoPy Examples/N170/Stim/White Men/32.jpg', 'trigger': 2}
51.2464 	EXP 	Stimulus: autoDraw = False
51.2464 	EXP 	fix_rand: text = '+'
51.2464 	EXP 	fix_rand: autoDraw = True
52.3758 	EXP 	fix_rand: autoDraw = False
52.3758 	EXP 	fix_rand: autoDraw = False
52.3758 	EXP 	Stimulus: image = '/Users/jantzek/Documents/Easy_BCI/PsychoPy Examples/N170/Stim/White Men/32.jpg'
52.3758 	EXP 	Stimulus: autoDraw = True
52.5709 	EXP 	New trial (rep=0, index=31): {'face': '/Users/jantzek/Documents/Easy_BCI/PsychoPy Examples/N170/Stim/cars/57.jpg', 'trigger': 1}
52.5791 	EXP 	Stimulus: autoDraw = False
52.5791 	EXP 	fix_rand: text = '+'
52.5791 	EXP 	fix_rand: autoDraw = True
53.6799 	EXP 	fix_rand: autoDraw = False
53.6799 	EXP 	fix_rand: autoDraw = False
53.6799 	EXP 	Stimulus: image = '/Users/jantzek/Documents/Easy_BCI/PsychoPy Examples/N170/Stim/cars/57.jpg'
53.6799 	EXP 	Stimulus: autoDraw = True
53.9136 	EXP 	New trial (rep=0, index=32): {'face': '/Users/jantzek/Documents/Easy_BCI/PsychoPy Examples/N170/Stim/White Men/37.jpg', 'trigger': 2}
53.9216 	EXP 	Stimulus: autoDraw = False
53.9216 	EXP 	fix_rand: text = '+'
53.9216 	EXP 	fix_rand: autoDraw = True
55.0921 	EXP 	fix_rand: autoDraw = False
55.0921 	EXP 	fix_rand: autoDraw = False
55.0921 	EXP 	Stimulus: image = '/Users/jantzek/Documents/Easy_BCI/PsychoPy Examples/N170/Stim/White Men/37.jpg'
55.0921 	EXP 	Stimulus: autoDraw = True
55.2798 	EXP 	New trial (rep=0, index=33): {'face': '/Users/jantzek/Documents/Easy_BCI/PsychoPy Examples/N170/Stim/White Men/39.jpg', 'trigger': 2}
55.2862 	EXP 	Stimulus: autoDraw = False
55.2862 	EXP 	fix_rand: text = '+'
55.2862 	EXP 	fix_rand: autoDraw = True
56.3721 	EXP 	fix_rand: autoDraw = False
56.3721 	EXP 	fix_rand: autoDraw = False
56.3721 	EXP 	Stimulus: image = '/Users/jantzek/Documents/Easy_BCI/PsychoPy Examples/N170/Stim/White Men/39.jpg'
56.3721 	EXP 	Stimulus: autoDraw = True
56.5661 	EXP 	New trial (rep=0, index=34): {'face': '/Users/jantzek/Documents/Easy_BCI/PsychoPy Examples/N170/Stim/White Men/28.jpg', 'trigger': 2}
56.5799 	EXP 	Stimulus: autoDraw = False
56.5799 	EXP 	fix_rand: text = '+'
56.5799 	EXP 	fix_rand: autoDraw = True
57.7111 	EXP 	fix_rand: autoDraw = False
57.7111 	EXP 	fix_rand: autoDraw = False
57.7111 	EXP 	Stimulus: image = '/Users/jantzek/Documents/Easy_BCI/PsychoPy Examples/N170/Stim/White Men/28.jpg'
57.7111 	EXP 	Stimulus: autoDraw = True
57.9133 	EXP 	New trial (rep=0, index=35): {'face': '/Users/jantzek/Documents/Easy_BCI/PsychoPy Examples/N170/Stim/cars/61.jpg', 'trigger': 1}
57.9191 	EXP 	Stimulus: autoDraw = False
57.9191 	EXP 	fix_rand: text = '+'
57.9191 	EXP 	fix_rand: autoDraw = True
59.0918 	EXP 	fix_rand: autoDraw = False
59.0918 	EXP 	fix_rand: autoDraw = False
59.0918 	EXP 	Stimulus: image = '/Users/jantzek/Documents/Easy_BCI/PsychoPy Examples/N170/Stim/cars/61.jpg'
59.0918 	EXP 	Stimulus: autoDraw = True
59.3196 	EXP 	New trial (rep=0, index=36): {'face': '/Users/jantzek/Documents/Easy_BCI/PsychoPy Examples/N170/Stim/cars/88.jpg', 'trigger': 1}
59.3297 	EXP 	Stimulus: autoDraw = False
59.3297 	EXP 	fix_rand: text = '+'
59.3297 	EXP 	fix_rand: autoDraw = True
60.4678 	EXP 	fix_rand: autoDraw = False
60.4678 	EXP 	fix_rand: autoDraw = False
60.4678 	EXP 	Stimulus: image = '/Users/jantzek/Documents/Easy_BCI/PsychoPy Examples/N170/Stim/cars/88.jpg'
60.4678 	EXP 	Stimulus: autoDraw = True
60.7030 	EXP 	New trial (rep=0, index=37): {'face': '/Users/jantzek/Documents/Easy_BCI/PsychoPy Examples/N170/Stim/White Men/20.jpg', 'trigger': 2}
60.7129 	EXP 	Stimulus: autoDraw = False
60.7129 	EXP 	fix_rand: text = '+'
60.7129 	EXP 	fix_rand: autoDraw = True
61.8241 	EXP 	fix_rand: autoDraw = False
61.8241 	EXP 	fix_rand: autoDraw = False
61.8241 	EXP 	Stimulus: image = '/Users/jantzek/Documents/Easy_BCI/PsychoPy Examples/N170/Stim/White Men/20.jpg'
61.8241 	EXP 	Stimulus: autoDraw = True
62.0134 	EXP 	New trial (rep=0, index=38): {'face': '/Users/jantzek/Documents/Easy_BCI/PsychoPy Examples/N170/Stim/White Men/23.jpg', 'trigger': 2}
62.0199 	EXP 	Stimulus: autoDraw = False
62.0199 	EXP 	fix_rand: text = '+'
62.0199 	EXP 	fix_rand: autoDraw = True
63.1566 	EXP 	fix_rand: autoDraw = False
63.1566 	EXP 	fix_rand: autoDraw = False
63.1566 	EXP 	Stimulus: image = '/Users/jantzek/Documents/Easy_BCI/PsychoPy Examples/N170/Stim/White Men/23.jpg'
63.1566 	EXP 	Stimulus: autoDraw = True
63.3537 	EXP 	New trial (rep=0, index=39): {'face': '/Users/jantzek/Documents/Easy_BCI/PsychoPy Examples/N170/Stim/White Men/11.jpg', 'trigger': 2}
63.3626 	EXP 	Stimulus: autoDraw = False
63.3626 	EXP 	fix_rand: text = '+'
63.3626 	EXP 	fix_rand: autoDraw = True
65.0272 	EXP 	fix_rand: autoDraw = False
65.0272 	EXP 	fix_rand: autoDraw = False
65.0272 	EXP 	Stimulus: image = '/Users/jantzek/Documents/Easy_BCI/PsychoPy Examples/N170/Stim/White Men/11.jpg'
65.0272 	EXP 	Stimulus: autoDraw = True
65.2130 	EXP 	New trial (rep=0, index=40): {'face': '/Users/jantzek/Documents/Easy_BCI/PsychoPy Examples/N170/Stim/cars/86.jpg', 'trigger': 1}
65.2196 	EXP 	Stimulus: autoDraw = False
65.2196 	EXP 	fix_rand: text = '+'
65.2196 	EXP 	fix_rand: autoDraw = True
66.3108 	EXP 	fix_rand: autoDraw = False
66.3108 	EXP 	fix_rand: autoDraw = False
66.3108 	EXP 	Stimulus: image = '/Users/jantzek/Documents/Easy_BCI/PsychoPy Examples/N170/Stim/cars/86.jpg'
66.3108 	EXP 	Stimulus: autoDraw = True
66.5213 	EXP 	New trial (rep=0, index=41): {'face': '/Users/jantzek/Documents/Easy_BCI/PsychoPy Examples/N170/Stim/White Men/24.jpg', 'trigger': 2}
66.5293 	EXP 	Stimulus: autoDraw = False
66.5293 	EXP 	fix_rand: text = '+'
66.5293 	EXP 	fix_rand: autoDraw = True
67.6285 	EXP 	fix_rand: autoDraw = False
67.6285 	EXP 	fix_rand: autoDraw = False
67.6285 	EXP 	Stimulus: image = '/Users/jantzek/Documents/Easy_BCI/PsychoPy Examples/N170/Stim/White Men/24.jpg'
67.6285 	EXP 	Stimulus: autoDraw = True
67.8130 	EXP 	New trial (rep=0, index=42): {'face': '/Users/jantzek/Documents/Easy_BCI/PsychoPy Examples/N170/Stim/White Men/7.jpg', 'trigger': 2}
67.8188 	EXP 	Stimulus: autoDraw = False
67.8188 	EXP 	fix_rand: text = '+'
67.8188 	EXP 	fix_rand: autoDraw = True
68.9779 	EXP 	fix_rand: autoDraw = False
68.9779 	EXP 	fix_rand: autoDraw = False
68.9779 	EXP 	Stimulus: image = '/Users/jantzek/Documents/Easy_BCI/PsychoPy Examples/N170/Stim/White Men/7.jpg'
68.9779 	EXP 	Stimulus: autoDraw = True
69.1701 	EXP 	New trial (rep=0, index=43): {'face': '/Users/jantzek/Documents/Easy_BCI/PsychoPy Examples/N170/Stim/White Men/19.jpg', 'trigger': 2}
69.1794 	EXP 	Stimulus: autoDraw = False
69.1794 	EXP 	fix_rand: text = '+'
69.1794 	EXP 	fix_rand: autoDraw = True
70.2628 	EXP 	fix_rand: autoDraw = False
70.2628 	EXP 	fix_rand: autoDraw = False
70.2628 	EXP 	Stimulus: image = '/Users/jantzek/Documents/Easy_BCI/PsychoPy Examples/N170/Stim/White Men/19.jpg'
70.2628 	EXP 	Stimulus: autoDraw = True
70.4635 	EXP 	New trial (rep=0, index=44): {'face': '/Users/jantzek/Documents/Easy_BCI/PsychoPy Examples/N170/Stim/cars/52.jpg', 'trigger': 1}
70.4702 	EXP 	Stimulus: autoDraw = False
70.4702 	EXP 	fix_rand: text = '+'
70.4702 	EXP 	fix_rand: autoDraw = True
71.5589 	EXP 	fix_rand: autoDraw = False
71.5589 	EXP 	fix_rand: autoDraw = False
71.5589 	EXP 	Stimulus: image = '/Users/jantzek/Documents/Easy_BCI/PsychoPy Examples/N170/Stim/cars/52.jpg'
71.5589 	EXP 	Stimulus: autoDraw = True
71.7867 	EXP 	New trial (rep=0, index=45): {'face': '/Users/jantzek/Documents/Easy_BCI/PsychoPy Examples/N170/Stim/White Men/3.jpg', 'trigger': 2}
71.7959 	EXP 	Stimulus: autoDraw = False
71.7959 	EXP 	fix_rand: text = '+'
71.7959 	EXP 	fix_rand: autoDraw = True
72.9590 	EXP 	fix_rand: autoDraw = False
72.9590 	EXP 	fix_rand: autoDraw = False
72.9590 	EXP 	Stimulus: image = '/Users/jantzek/Documents/Easy_BCI/PsychoPy Examples/N170/Stim/White Men/3.jpg'
72.9590 	EXP 	Stimulus: autoDraw = True
73.1467 	EXP 	New trial (rep=0, index=46): {'face': '/Users/jantzek/Documents/Easy_BCI/PsychoPy Examples/N170/Stim/cars/76.jpg', 'trigger': 1}
73.1531 	EXP 	Stimulus: autoDraw = False
73.1531 	EXP 	fix_rand: text = '+'
73.1531 	EXP 	fix_rand: autoDraw = True
74.2146 	EXP 	fix_rand: autoDraw = False
74.2146 	EXP 	fix_rand: autoDraw = False
74.2146 	EXP 	Stimulus: image = '/Users/jantzek/Documents/Easy_BCI/PsychoPy Examples/N170/Stim/cars/76.jpg'
74.2146 	EXP 	Stimulus: autoDraw = True
74.4363 	EXP 	New trial (rep=0, index=47): {'face': '/Users/jantzek/Documents/Easy_BCI/PsychoPy Examples/N170/Stim/White Men/13.jpg', 'trigger': 2}
74.4461 	EXP 	Stimulus: autoDraw = False
74.4461 	EXP 	fix_rand: text = '+'
74.4461 	EXP 	fix_rand: autoDraw = True
75.5232 	EXP 	fix_rand: autoDraw = False
75.5232 	EXP 	fix_rand: autoDraw = False
75.5232 	EXP 	Stimulus: image = '/Users/jantzek/Documents/Easy_BCI/PsychoPy Examples/N170/Stim/White Men/13.jpg'
75.5232 	EXP 	Stimulus: autoDraw = True
75.7024 	EXP 	New trial (rep=0, index=48): {'face': '/Users/jantzek/Documents/Easy_BCI/PsychoPy Examples/N170/Stim/White Men/31.jpg', 'trigger': 2}
75.7127 	EXP 	Stimulus: autoDraw = False
75.7127 	EXP 	fix_rand: text = '+'
75.7127 	EXP 	fix_rand: autoDraw = True
76.8758 	EXP 	fix_rand: autoDraw = False
76.8758 	EXP 	fix_rand: autoDraw = False
76.8758 	EXP 	Stimulus: image = '/Users/jantzek/Documents/Easy_BCI/PsychoPy Examples/N170/Stim/White Men/31.jpg'
76.8758 	EXP 	Stimulus: autoDraw = True
77.0689 	EXP 	New trial (rep=0, index=49): {'face': '/Users/jantzek/Documents/Easy_BCI/PsychoPy Examples/N170/Stim/White Men/5.jpg', 'trigger': 2}
77.0794 	EXP 	Stimulus: autoDraw = False
77.0794 	EXP 	fix_rand: text = '+'
77.0794 	EXP 	fix_rand: autoDraw = True
78.2425 	EXP 	fix_rand: autoDraw = False
78.2425 	EXP 	fix_rand: autoDraw = False
78.2425 	EXP 	Stimulus: image = '/Users/jantzek/Documents/Easy_BCI/PsychoPy Examples/N170/Stim/White Men/5.jpg'
78.2425 	EXP 	Stimulus: autoDraw = True
78.4466 	EXP 	New trial (rep=0, index=50): {'face': '/Users/jantzek/Documents/Easy_BCI/PsychoPy Examples/N170/Stim/cars/66.jpg', 'trigger': 1}
78.4527 	EXP 	Stimulus: autoDraw = False
78.4527 	EXP 	fix_rand: text = '+'
78.4527 	EXP 	fix_rand: autoDraw = True
79.5403 	EXP 	fix_rand: autoDraw = False
79.5403 	EXP 	fix_rand: autoDraw = False
79.5403 	EXP 	Stimulus: image = '/Users/jantzek/Documents/Easy_BCI/PsychoPy Examples/N170/Stim/cars/66.jpg'
79.5403 	EXP 	Stimulus: autoDraw = True
79.7695 	EXP 	New trial (rep=0, index=51): {'face': '/Users/jantzek/Documents/Easy_BCI/PsychoPy Examples/N170/Stim/cars/89.jpg', 'trigger': 1}
79.7795 	EXP 	Stimulus: autoDraw = False
79.7795 	EXP 	fix_rand: text = '+'
79.7795 	EXP 	fix_rand: autoDraw = True
80.9358 	EXP 	fix_rand: autoDraw = False
80.9358 	EXP 	fix_rand: autoDraw = False
80.9358 	EXP 	Stimulus: image = '/Users/jantzek/Documents/Easy_BCI/PsychoPy Examples/N170/Stim/cars/89.jpg'
80.9358 	EXP 	Stimulus: autoDraw = True
81.1679 	EXP 	New trial (rep=0, index=52): {'face': '/Users/jantzek/Documents/Easy_BCI/PsychoPy Examples/N170/Stim/White Men/21.jpg', 'trigger': 2}
81.1791 	EXP 	Stimulus: autoDraw = False
81.1791 	EXP 	fix_rand: text = '+'
81.1791 	EXP 	fix_rand: autoDraw = True
82.4320 	EXP 	fix_rand: autoDraw = False
82.4320 	EXP 	fix_rand: autoDraw = False
82.4320 	EXP 	Stimulus: image = '/Users/jantzek/Documents/Easy_BCI/PsychoPy Examples/N170/Stim/White Men/21.jpg'
82.4320 	EXP 	Stimulus: autoDraw = True
82.6020 	EXP 	New trial (rep=0, index=53): {'face': '/Users/jantzek/Documents/Easy_BCI/PsychoPy Examples/N170/Stim/cars/65.jpg', 'trigger': 1}
82.6128 	EXP 	Stimulus: autoDraw = False
82.6128 	EXP 	fix_rand: text = '+'
82.6128 	EXP 	fix_rand: autoDraw = True
83.6478 	EXP 	fix_rand: autoDraw = False
83.6478 	EXP 	fix_rand: autoDraw = False
83.6478 	EXP 	Stimulus: image = '/Users/jantzek/Documents/Easy_BCI/PsychoPy Examples/N170/Stim/cars/65.jpg'
83.6478 	EXP 	Stimulus: autoDraw = True
83.8804 	EXP 	New trial (rep=0, index=54): {'face': '/Users/jantzek/Documents/Easy_BCI/PsychoPy Examples/N170/Stim/White Men/6.jpg', 'trigger': 2}
83.8882 	EXP 	Stimulus: autoDraw = False
83.8882 	EXP 	fix_rand: text = '+'
83.8882 	EXP 	fix_rand: autoDraw = True
85.0243 	EXP 	fix_rand: autoDraw = False
85.0243 	EXP 	fix_rand: autoDraw = False
85.0243 	EXP 	Stimulus: image = '/Users/jantzek/Documents/Easy_BCI/PsychoPy Examples/N170/Stim/White Men/6.jpg'
85.0243 	EXP 	Stimulus: autoDraw = True
85.2134 	EXP 	New trial (rep=0, index=55): {'face': '/Users/jantzek/Documents/Easy_BCI/PsychoPy Examples/N170/Stim/cars/84.jpg', 'trigger': 1}
85.2199 	EXP 	Stimulus: autoDraw = False
85.2199 	EXP 	fix_rand: text = '+'
85.2199 	EXP 	fix_rand: autoDraw = True
86.3757 	EXP 	fix_rand: autoDraw = False
86.3757 	EXP 	fix_rand: autoDraw = False
86.3757 	EXP 	Stimulus: image = '/Users/jantzek/Documents/Easy_BCI/PsychoPy Examples/N170/Stim/cars/84.jpg'
86.3757 	EXP 	Stimulus: autoDraw = True
86.6031 	EXP 	New trial (rep=0, index=56): {'face': '/Users/jantzek/Documents/Easy_BCI/PsychoPy Examples/N170/Stim/White Men/10.jpg', 'trigger': 2}
86.6125 	EXP 	Stimulus: autoDraw = False
86.6125 	EXP 	fix_rand: text = '+'
86.6125 	EXP 	fix_rand: autoDraw = True
87.7783 	EXP 	fix_rand: autoDraw = False
87.7783 	EXP 	fix_rand: autoDraw = False
87.7783 	EXP 	Stimulus: image = '/Users/jantzek/Documents/Easy_BCI/PsychoPy Examples/N170/Stim/White Men/10.jpg'
87.7783 	EXP 	Stimulus: autoDraw = True
87.9632 	EXP 	New trial (rep=0, index=57): {'face': '/Users/jantzek/Documents/Easy_BCI/PsychoPy Examples/N170/Stim/cars/83.jpg', 'trigger': 1}
87.9697 	EXP 	Stimulus: autoDraw = False
87.9697 	EXP 	fix_rand: text = '+'
87.9697 	EXP 	fix_rand: autoDraw = True
89.0167 	EXP 	fix_rand: autoDraw = False
89.0167 	EXP 	fix_rand: autoDraw = False
89.0167 	EXP 	Stimulus: image = '/Users/jantzek/Documents/Easy_BCI/PsychoPy Examples/N170/Stim/cars/83.jpg'
89.0167 	EXP 	Stimulus: autoDraw = True
89.2473 	EXP 	New trial (rep=0, index=58): {'face': '/Users/jantzek/Documents/Easy_BCI/PsychoPy Examples/N170/Stim/cars/69.jpg', 'trigger': 1}
89.2554 	EXP 	Stimulus: autoDraw = False
89.2554 	EXP 	fix_rand: text = '+'
89.2554 	EXP 	fix_rand: autoDraw = True
90.3574 	EXP 	fix_rand: autoDraw = False
90.3574 	EXP 	fix_rand: autoDraw = False
90.3574 	EXP 	Stimulus: image = '/Users/jantzek/Documents/Easy_BCI/PsychoPy Examples/N170/Stim/cars/69.jpg'
90.3574 	EXP 	Stimulus: autoDraw = True
90.5970 	EXP 	New trial (rep=0, index=59): {'face': '/Users/jantzek/Documents/Easy_BCI/PsychoPy Examples/N170/Stim/cars/73.jpg', 'trigger': 1}
90.6043 	EXP 	Stimulus: autoDraw = False
90.6043 	EXP 	fix_rand: text = '+'
90.6043 	EXP 	fix_rand: autoDraw = True
91.7170 	EXP 	fix_rand: autoDraw = False
91.7170 	EXP 	fix_rand: autoDraw = False
91.7170 	EXP 	Stimulus: image = '/Users/jantzek/Documents/Easy_BCI/PsychoPy Examples/N170/Stim/cars/73.jpg'
91.7170 	EXP 	Stimulus: autoDraw = True
91.9538 	EXP 	New trial (rep=0, index=60): {'face': '/Users/jantzek/Documents/Easy_BCI/PsychoPy Examples/N170/Stim/White Men/36.jpg', 'trigger': 2}
91.9625 	EXP 	Stimulus: autoDraw = False
91.9625 	EXP 	fix_rand: text = '+'
91.9625 	EXP 	fix_rand: autoDraw = True
93.1690 	EXP 	fix_rand: autoDraw = False
93.1690 	EXP 	fix_rand: autoDraw = False
93.1690 	EXP 	Stimulus: image = '/Users/jantzek/Documents/Easy_BCI/PsychoPy Examples/N170/Stim/White Men/36.jpg'
93.1690 	EXP 	Stimulus: autoDraw = True
93.3523 	EXP 	New trial (rep=0, index=61): {'face': '/Users/jantzek/Documents/Easy_BCI/PsychoPy Examples/N170/Stim/cars/77.jpg', 'trigger': 1}
93.3628 	EXP 	Stimulus: autoDraw = False
93.3628 	EXP 	fix_rand: text = '+'
93.3628 	EXP 	fix_rand: autoDraw = True
94.4427 	EXP 	fix_rand: autoDraw = False
94.4427 	EXP 	fix_rand: autoDraw = False
94.4427 	EXP 	Stimulus: image = '/Users/jantzek/Documents/Easy_BCI/PsychoPy Examples/N170/Stim/cars/77.jpg'
94.4427 	EXP 	Stimulus: autoDraw = True
94.6701 	EXP 	New trial (rep=0, index=62): {'face': '/Users/jantzek/Documents/Easy_BCI/PsychoPy Examples/N170/Stim/White Men/27.jpg', 'trigger': 2}
94.6792 	EXP 	Stimulus: autoDraw = False
94.6792 	EXP 	fix_rand: text = '+'
94.6792 	EXP 	fix_rand: autoDraw = True
95.9152 	EXP 	fix_rand: autoDraw = False
95.9152 	EXP 	fix_rand: autoDraw = False
95.9152 	EXP 	Stimulus: image = '/Users/jantzek/Documents/Easy_BCI/PsychoPy Examples/N170/Stim/White Men/27.jpg'
95.9152 	EXP 	Stimulus: autoDraw = True
96.0965 	EXP 	New trial (rep=0, index=63): {'face': '/Users/jantzek/Documents/Easy_BCI/PsychoPy Examples/N170/Stim/cars/62.jpg', 'trigger': 1}
96.1031 	EXP 	Stimulus: autoDraw = False
96.1031 	EXP 	fix_rand: text = '+'
96.1031 	EXP 	fix_rand: autoDraw = True
97.2434 	EXP 	fix_rand: autoDraw = False
97.2434 	EXP 	fix_rand: autoDraw = False
97.2434 	EXP 	Stimulus: image = '/Users/jantzek/Documents/Easy_BCI/PsychoPy Examples/N170/Stim/cars/62.jpg'
97.2434 	EXP 	Stimulus: autoDraw = True
97.4695 	EXP 	New trial (rep=0, index=64): {'face': '/Users/jantzek/Documents/Easy_BCI/PsychoPy Examples/N170/Stim/cars/90.jpg', 'trigger': 1}
97.4795 	EXP 	Stimulus: autoDraw = False
97.4795 	EXP 	fix_rand: text = '+'
97.4795 	EXP 	fix_rand: autoDraw = True
98.5578 	EXP 	fix_rand: autoDraw = False
98.5578 	EXP 	fix_rand: autoDraw = False
98.5578 	EXP 	Stimulus: image = '/Users/jantzek/Documents/Easy_BCI/PsychoPy Examples/N170/Stim/cars/90.jpg'
98.5578 	EXP 	Stimulus: autoDraw = True
98.7971 	EXP 	New trial (rep=0, index=65): {'face': '/Users/jantzek/Documents/Easy_BCI/PsychoPy Examples/N170/Stim/cars/79.jpg', 'trigger': 1}
98.8049 	EXP 	Stimulus: autoDraw = False
98.8049 	EXP 	fix_rand: text = '+'
98.8049 	EXP 	fix_rand: autoDraw = True
99.9743 	EXP 	fix_rand: autoDraw = False
99.9743 	EXP 	fix_rand: autoDraw = False
99.9743 	EXP 	Stimulus: image = '/Users/jantzek/Documents/Easy_BCI/PsychoPy Examples/N170/Stim/cars/79.jpg'
99.9743 	EXP 	Stimulus: autoDraw = True
100.2135 	EXP 	New trial (rep=0, index=66): {'face': '/Users/jantzek/Documents/Easy_BCI/PsychoPy Examples/N170/Stim/cars/78.jpg', 'trigger': 1}
100.2207 	EXP 	Stimulus: autoDraw = False
100.2207 	EXP 	fix_rand: text = '+'
100.2207 	EXP 	fix_rand: autoDraw = True
101.4227 	EXP 	fix_rand: autoDraw = False
101.4227 	EXP 	fix_rand: autoDraw = False
101.4227 	EXP 	Stimulus: image = '/Users/jantzek/Documents/Easy_BCI/PsychoPy Examples/N170/Stim/cars/78.jpg'
101.4227 	EXP 	Stimulus: autoDraw = True
101.6636 	EXP 	New trial (rep=0, index=67): {'face': '/Users/jantzek/Documents/Easy_BCI/PsychoPy Examples/N170/Stim/cars/75.jpg', 'trigger': 1}
101.6709 	EXP 	Stimulus: autoDraw = False
101.6709 	EXP 	fix_rand: text = '+'
101.6709 	EXP 	fix_rand: autoDraw = True
102.7396 	EXP 	fix_rand: autoDraw = False
102.7396 	EXP 	fix_rand: autoDraw = False
102.7396 	EXP 	Stimulus: image = '/Users/jantzek/Documents/Easy_BCI/PsychoPy Examples/N170/Stim/cars/75.jpg'
102.7396 	EXP 	Stimulus: autoDraw = True
102.9802 	EXP 	New trial (rep=0, index=68): {'face': '/Users/jantzek/Documents/Easy_BCI/PsychoPy Examples/N170/Stim/White Men/15.jpg', 'trigger': 2}
102.9881 	EXP 	Stimulus: autoDraw = False
102.9881 	EXP 	fix_rand: text = '+'
102.9881 	EXP 	fix_rand: autoDraw = True
104.1386 	EXP 	fix_rand: autoDraw = False
104.1386 	EXP 	fix_rand: autoDraw = False
104.1386 	EXP 	Stimulus: image = '/Users/jantzek/Documents/Easy_BCI/PsychoPy Examples/N170/Stim/White Men/15.jpg'
104.1386 	EXP 	Stimulus: autoDraw = True
104.3190 	EXP 	New trial (rep=0, index=69): {'face': '/Users/jantzek/Documents/Easy_BCI/PsychoPy Examples/N170/Stim/White Men/26.jpg', 'trigger': 2}
104.3296 	EXP 	Stimulus: autoDraw = False
104.3296 	EXP 	fix_rand: text = '+'
104.3296 	EXP 	fix_rand: autoDraw = True
105.4367 	EXP 	fix_rand: autoDraw = False
105.4367 	EXP 	fix_rand: autoDraw = False
105.4367 	EXP 	Stimulus: image = '/Users/jantzek/Documents/Easy_BCI/PsychoPy Examples/N170/Stim/White Men/26.jpg'
105.4367 	EXP 	Stimulus: autoDraw = True
105.6298 	EXP 	New trial (rep=0, index=70): {'face': '/Users/jantzek/Documents/Easy_BCI/PsychoPy Examples/N170/Stim/White Men/4.jpg', 'trigger': 2}
105.6366 	EXP 	Stimulus: autoDraw = False
105.6366 	EXP 	fix_rand: text = '+'
105.6366 	EXP 	fix_rand: autoDraw = True
106.7774 	EXP 	fix_rand: autoDraw = False
106.7774 	EXP 	fix_rand: autoDraw = False
106.7774 	EXP 	Stimulus: image = '/Users/jantzek/Documents/Easy_BCI/PsychoPy Examples/N170/Stim/White Men/4.jpg'
106.7774 	EXP 	Stimulus: autoDraw = True
106.9700 	EXP 	New trial (rep=0, index=71): {'face': '/Users/jantzek/Documents/Easy_BCI/PsychoPy Examples/N170/Stim/cars/82.jpg', 'trigger': 1}
106.9794 	EXP 	Stimulus: autoDraw = False
106.9794 	EXP 	fix_rand: text = '+'
106.9794 	EXP 	fix_rand: autoDraw = True
108.0800 	EXP 	fix_rand: autoDraw = False
108.0800 	EXP 	fix_rand: autoDraw = False
108.0800 	EXP 	Stimulus: image = '/Users/jantzek/Documents/Easy_BCI/PsychoPy Examples/N170/Stim/cars/82.jpg'
108.0800 	EXP 	Stimulus: autoDraw = True
108.3135 	EXP 	New trial (rep=0, index=72): {'face': '/Users/jantzek/Documents/Easy_BCI/PsychoPy Examples/N170/Stim/cars/71.jpg', 'trigger': 1}
108.3207 	EXP 	Stimulus: autoDraw = False
108.3207 	EXP 	fix_rand: text = '+'
108.3207 	EXP 	fix_rand: autoDraw = True
109.3849 	EXP 	fix_rand: autoDraw = False
109.3849 	EXP 	fix_rand: autoDraw = False
109.3849 	EXP 	Stimulus: image = '/Users/jantzek/Documents/Easy_BCI/PsychoPy Examples/N170/Stim/cars/71.jpg'
109.3849 	EXP 	Stimulus: autoDraw = True
109.6195 	EXP 	New trial (rep=0, index=73): {'face': '/Users/jantzek/Documents/Easy_BCI/PsychoPy Examples/N170/Stim/White Men/22.jpg', 'trigger': 2}
109.6295 	EXP 	Stimulus: autoDraw = False
109.6295 	EXP 	fix_rand: text = '+'
109.6295 	EXP 	fix_rand: autoDraw = True
110.7593 	EXP 	fix_rand: autoDraw = False
110.7593 	EXP 	fix_rand: autoDraw = False
110.7593 	EXP 	Stimulus: image = '/Users/jantzek/Documents/Easy_BCI/PsychoPy Examples/N170/Stim/White Men/22.jpg'
110.7593 	EXP 	Stimulus: autoDraw = True
110.9464 	EXP 	New trial (rep=0, index=74): {'face': '/Users/jantzek/Documents/Easy_BCI/PsychoPy Examples/N170/Stim/cars/53.jpg', 'trigger': 1}
110.9528 	EXP 	Stimulus: autoDraw = False
110.9528 	EXP 	fix_rand: text = '+'
110.9528 	EXP 	fix_rand: autoDraw = True
112.1312 	EXP 	fix_rand: autoDraw = False
112.1312 	EXP 	fix_rand: autoDraw = False
112.1312 	EXP 	Stimulus: image = '/Users/jantzek/Documents/Easy_BCI/PsychoPy Examples/N170/Stim/cars/53.jpg'
112.1312 	EXP 	Stimulus: autoDraw = True
112.3640 	EXP 	New trial (rep=0, index=75): {'face': '/Users/jantzek/Documents/Easy_BCI/PsychoPy Examples/N170/Stim/White Men/9.jpg', 'trigger': 2}
112.3713 	EXP 	Stimulus: autoDraw = False
112.3713 	EXP 	fix_rand: text = '+'
112.3713 	EXP 	fix_rand: autoDraw = True
113.5266 	EXP 	fix_rand: autoDraw = False
113.5266 	EXP 	fix_rand: autoDraw = False
113.5266 	EXP 	Stimulus: image = '/Users/jantzek/Documents/Easy_BCI/PsychoPy Examples/N170/Stim/White Men/9.jpg'
113.5266 	EXP 	Stimulus: autoDraw = True
113.7132 	EXP 	New trial (rep=0, index=76): {'face': '/Users/jantzek/Documents/Easy_BCI/PsychoPy Examples/N170/Stim/cars/70.jpg', 'trigger': 1}
113.7192 	EXP 	Stimulus: autoDraw = False
113.7192 	EXP 	fix_rand: text = '+'
113.7192 	EXP 	fix_rand: autoDraw = True
114.9986 	EXP 	fix_rand: autoDraw = False
114.9986 	EXP 	fix_rand: autoDraw = False
114.9986 	EXP 	Stimulus: image = '/Users/jantzek/Documents/Easy_BCI/PsychoPy Examples/N170/Stim/cars/70.jpg'
114.9986 	EXP 	Stimulus: autoDraw = True
115.2305 	EXP 	New trial (rep=0, index=77): {'face': '/Users/jantzek/Documents/Easy_BCI/PsychoPy Examples/N170/Stim/cars/64.jpg', 'trigger': 1}
115.2387 	EXP 	Stimulus: autoDraw = False
115.2387 	EXP 	fix_rand: text = '+'
115.2387 	EXP 	fix_rand: autoDraw = True
116.3672 	EXP 	fix_rand: autoDraw = False
116.3672 	EXP 	fix_rand: autoDraw = False
116.3672 	EXP 	Stimulus: image = '/Users/jantzek/Documents/Easy_BCI/PsychoPy Examples/N170/Stim/cars/64.jpg'
116.3672 	EXP 	Stimulus: autoDraw = True
116.6028 	EXP 	New trial (rep=0, index=78): {'face': '/Users/jantzek/Documents/Easy_BCI/PsychoPy Examples/N170/Stim/cars/56.jpg', 'trigger': 1}
116.6130 	EXP 	Stimulus: autoDraw = False
116.6130 	EXP 	fix_rand: text = '+'
116.6130 	EXP 	fix_rand: autoDraw = True
117.6734 	EXP 	fix_rand: autoDraw = False
117.6734 	EXP 	fix_rand: autoDraw = False
117.6734 	EXP 	Stimulus: image = '/Users/jantzek/Documents/Easy_BCI/PsychoPy Examples/N170/Stim/cars/56.jpg'
117.6734 	EXP 	Stimulus: autoDraw = True
117.9038 	EXP 	New trial (rep=0, index=79): {'face': '/Users/jantzek/Documents/Easy_BCI/PsychoPy Examples/N170/Stim/White Men/33.jpg', 'trigger': 2}
117.9126 	EXP 	Stimulus: autoDraw = False
117.9126 	EXP 	fix_rand: text = '+'
117.9126 	EXP 	fix_rand: autoDraw = True
119.0276 	EXP 	fix_rand: autoDraw = False
119.0276 	EXP 	fix_rand: autoDraw = False
119.0276 	EXP 	Stimulus: image = '/Users/jantzek/Documents/Easy_BCI/PsychoPy Examples/N170/Stim/White Men/33.jpg'
119.0276 	EXP 	Stimulus: autoDraw = True
119.2131 	EXP 	New trial (rep=1, index=0): {'face': '/Users/jantzek/Documents/Easy_BCI/PsychoPy Examples/N170/Stim/cars/83.jpg', 'trigger': 1}
119.2190 	EXP 	Stimulus: autoDraw = False
119.2190 	EXP 	fix_rand: text = '+'
119.2190 	EXP 	fix_rand: autoDraw = True
120.4123 	EXP 	fix_rand: autoDraw = False
120.4123 	EXP 	fix_rand: autoDraw = False
120.4123 	EXP 	Stimulus: image = '/Users/jantzek/Documents/Easy_BCI/PsychoPy Examples/N170/Stim/cars/83.jpg'
120.4123 	EXP 	Stimulus: autoDraw = True
120.6368 	EXP 	New trial (rep=1, index=1): {'face': '/Users/jantzek/Documents/Easy_BCI/PsychoPy Examples/N170/Stim/cars/85.jpg', 'trigger': 1}
120.6459 	EXP 	Stimulus: autoDraw = False
120.6459 	EXP 	fix_rand: text = '+'
120.6459 	EXP 	fix_rand: autoDraw = True
121.8608 	EXP 	fix_rand: autoDraw = False
121.8608 	EXP 	fix_rand: autoDraw = False
121.8608 	EXP 	Stimulus: image = '/Users/jantzek/Documents/Easy_BCI/PsychoPy Examples/N170/Stim/cars/85.jpg'
121.8608 	EXP 	Stimulus: autoDraw = True
122.0972 	EXP 	New trial (rep=1, index=2): {'face': '/Users/jantzek/Documents/Easy_BCI/PsychoPy Examples/N170/Stim/White Men/7.jpg', 'trigger': 2}
122.1051 	EXP 	Stimulus: autoDraw = False
122.1051 	EXP 	fix_rand: text = '+'
122.1051 	EXP 	fix_rand: autoDraw = True
123.2314 	EXP 	fix_rand: autoDraw = False
123.2314 	EXP 	fix_rand: autoDraw = False
123.2314 	EXP 	Stimulus: image = '/Users/jantzek/Documents/Easy_BCI/PsychoPy Examples/N170/Stim/White Men/7.jpg'
123.2314 	EXP 	Stimulus: autoDraw = True
123.4131 	EXP 	New trial (rep=1, index=3): {'face': '/Users/jantzek/Documents/Easy_BCI/PsychoPy Examples/N170/Stim/cars/55.jpg', 'trigger': 1}
123.4197 	EXP 	Stimulus: autoDraw = False
123.4197 	EXP 	fix_rand: text = '+'
123.4197 	EXP 	fix_rand: autoDraw = True
124.5759 	EXP 	fix_rand: autoDraw = False
124.5759 	EXP 	fix_rand: autoDraw = False
124.5759 	EXP 	Stimulus: image = '/Users/jantzek/Documents/Easy_BCI/PsychoPy Examples/N170/Stim/cars/55.jpg'
124.5759 	EXP 	Stimulus: autoDraw = True
124.8026 	EXP 	New trial (rep=1, index=4): {'face': '/Users/jantzek/Documents/Easy_BCI/PsychoPy Examples/N170/Stim/White Men/4.jpg', 'trigger': 2}
124.8131 	EXP 	Stimulus: autoDraw = False
124.8131 	EXP 	fix_rand: text = '+'
124.8131 	EXP 	fix_rand: autoDraw = True
126.0512 	EXP 	fix_rand: autoDraw = False
126.0512 	EXP 	fix_rand: autoDraw = False
126.0512 	EXP 	Stimulus: image = '/Users/jantzek/Documents/Easy_BCI/PsychoPy Examples/N170/Stim/White Men/4.jpg'
126.0512 	EXP 	Stimulus: autoDraw = True
126.2298 	EXP 	New trial (rep=1, index=5): {'face': '/Users/jantzek/Documents/Easy_BCI/PsychoPy Examples/N170/Stim/White Men/10.jpg', 'trigger': 2}
126.2355 	EXP 	Stimulus: autoDraw = False
126.2355 	EXP 	fix_rand: text = '+'
126.2355 	EXP 	fix_rand: autoDraw = True
127.3679 	EXP 	fix_rand: autoDraw = False
127.3679 	EXP 	fix_rand: autoDraw = False
127.3679 	EXP 	Stimulus: image = '/Users/jantzek/Documents/Easy_BCI/PsychoPy Examples/N170/Stim/White Men/10.jpg'
127.3679 	EXP 	Stimulus: autoDraw = True
127.5632 	EXP 	New trial (rep=1, index=6): {'face': '/Users/jantzek/Documents/Easy_BCI/PsychoPy Examples/N170/Stim/cars/81.jpg', 'trigger': 1}
127.5703 	EXP 	Stimulus: autoDraw = False
127.5703 	EXP 	fix_rand: text = '+'
127.5703 	EXP 	fix_rand: autoDraw = True
128.6566 	EXP 	fix_rand: autoDraw = False
128.6566 	EXP 	fix_rand: autoDraw = False
128.6566 	EXP 	Stimulus: image = '/Users/jantzek/Documents/Easy_BCI/PsychoPy Examples/N170/Stim/cars/81.jpg'
128.6566 	EXP 	Stimulus: autoDraw = True
128.8870 	EXP 	New trial (rep=1, index=7): {'face': '/Users/jantzek/Documents/Easy_BCI/PsychoPy Examples/N170/Stim/cars/63.jpg', 'trigger': 1}
128.8958 	EXP 	Stimulus: autoDraw = False
128.8958 	EXP 	fix_rand: text = '+'
128.8958 	EXP 	fix_rand: autoDraw = True
130.0348 	EXP 	fix_rand: autoDraw = False
130.0348 	EXP 	fix_rand: autoDraw = False
130.0348 	EXP 	Stimulus: image = '/Users/jantzek/Documents/Easy_BCI/PsychoPy Examples/N170/Stim/cars/63.jpg'
130.0348 	EXP 	Stimulus: autoDraw = True
130.2694 	EXP 	New trial (rep=1, index=8): {'face': '/Users/jantzek/Documents/Easy_BCI/PsychoPy Examples/N170/Stim/cars/74.jpg', 'trigger': 1}
130.2796 	EXP 	Stimulus: autoDraw = False
130.2796 	EXP 	fix_rand: text = '+'
130.2796 	EXP 	fix_rand: autoDraw = True
131.4340 	EXP 	fix_rand: autoDraw = False
131.4340 	EXP 	fix_rand: autoDraw = False
131.4340 	EXP 	Stimulus: image = '/Users/jantzek/Documents/Easy_BCI/PsychoPy Examples/N170/Stim/cars/74.jpg'
131.4340 	EXP 	Stimulus: autoDraw = True
131.6713 	EXP 	New trial (rep=1, index=9): {'face': '/Users/jantzek/Documents/Easy_BCI/PsychoPy Examples/N170/Stim/White Men/17.jpg', 'trigger': 2}
131.6792 	EXP 	Stimulus: autoDraw = False
131.6792 	EXP 	fix_rand: text = '+'
131.6792 	EXP 	fix_rand: autoDraw = True
132.8627 	EXP 	fix_rand: autoDraw = False
132.8627 	EXP 	fix_rand: autoDraw = False
132.8627 	EXP 	Stimulus: image = '/Users/jantzek/Documents/Easy_BCI/PsychoPy Examples/N170/Stim/White Men/17.jpg'
132.8627 	EXP 	Stimulus: autoDraw = True
133.0463 	EXP 	New trial (rep=1, index=10): {'face': '/Users/jantzek/Documents/Easy_BCI/PsychoPy Examples/N170/Stim/White Men/22.jpg', 'trigger': 2}
133.0524 	EXP 	Stimulus: autoDraw = False
133.0524 	EXP 	fix_rand: text = '+'
133.0524 	EXP 	fix_rand: autoDraw = True
134.2645 	EXP 	fix_rand: autoDraw = False
134.2645 	EXP 	fix_rand: autoDraw = False
134.2645 	EXP 	Stimulus: image = '/Users/jantzek/Documents/Easy_BCI/PsychoPy Examples/N170/Stim/White Men/22.jpg'
134.2645 	EXP 	Stimulus: autoDraw = True
134.4529 	EXP 	New trial (rep=1, index=11): {'face': '/Users/jantzek/Documents/Easy_BCI/PsychoPy Examples/N170/Stim/cars/62.jpg', 'trigger': 1}
134.4628 	EXP 	Stimulus: autoDraw = False
134.4628 	EXP 	fix_rand: text = '+'
134.4628 	EXP 	fix_rand: autoDraw = True
135.4995 	EXP 	fix_rand: autoDraw = False
135.4995 	EXP 	fix_rand: autoDraw = False
135.4995 	EXP 	Stimulus: image = '/Users/jantzek/Documents/Easy_BCI/PsychoPy Examples/N170/Stim/cars/62.jpg'
135.4995 	EXP 	Stimulus: autoDraw = True
135.7140 	EXP 	New trial (rep=1, index=12): {'face': '/Users/jantzek/Documents/Easy_BCI/PsychoPy Examples/N170/Stim/White Men/40.jpg', 'trigger': 2}
135.7213 	EXP 	Stimulus: autoDraw = False
135.7213 	EXP 	fix_rand: text = '+'
135.7213 	EXP 	fix_rand: autoDraw = True
136.8923 	EXP 	fix_rand: autoDraw = False
136.8923 	EXP 	fix_rand: autoDraw = False
136.8923 	EXP 	Stimulus: image = '/Users/jantzek/Documents/Easy_BCI/PsychoPy Examples/N170/Stim/White Men/40.jpg'
136.8923 	EXP 	Stimulus: autoDraw = True
137.0798 	EXP 	New trial (rep=1, index=13): {'face': '/Users/jantzek/Documents/Easy_BCI/PsychoPy Examples/N170/Stim/cars/79.jpg', 'trigger': 1}
137.0863 	EXP 	Stimulus: autoDraw = False
137.0863 	EXP 	fix_rand: text = '+'
137.0863 	EXP 	fix_rand: autoDraw = True
138.1301 	EXP 	fix_rand: autoDraw = False
138.1301 	EXP 	fix_rand: autoDraw = False
138.1301 	EXP 	Stimulus: image = '/Users/jantzek/Documents/Easy_BCI/PsychoPy Examples/N170/Stim/cars/79.jpg'
138.1301 	EXP 	Stimulus: autoDraw = True
138.3636 	EXP 	New trial (rep=1, index=14): {'face': '/Users/jantzek/Documents/Easy_BCI/PsychoPy Examples/N170/Stim/White Men/20.jpg', 'trigger': 2}
138.3712 	EXP 	Stimulus: autoDraw = False
138.3712 	EXP 	fix_rand: text = '+'
138.3712 	EXP 	fix_rand: autoDraw = True
139.4803 	EXP 	fix_rand: autoDraw = False
139.4803 	EXP 	fix_rand: autoDraw = False
139.4803 	EXP 	Stimulus: image = '/Users/jantzek/Documents/Easy_BCI/PsychoPy Examples/N170/Stim/White Men/20.jpg'
139.4803 	EXP 	Stimulus: autoDraw = True
139.6634 	EXP 	New trial (rep=1, index=15): {'face': '/Users/jantzek/Documents/Easy_BCI/PsychoPy Examples/N170/Stim/White Men/32.jpg', 'trigger': 2}
139.6702 	EXP 	Stimulus: autoDraw = False
139.6702 	EXP 	fix_rand: text = '+'
139.6702 	EXP 	fix_rand: autoDraw = True
140.7412 	EXP 	fix_rand: autoDraw = False
140.7412 	EXP 	fix_rand: autoDraw = False
140.7412 	EXP 	Stimulus: image = '/Users/jantzek/Documents/Easy_BCI/PsychoPy Examples/N170/Stim/White Men/32.jpg'
140.7412 	EXP 	Stimulus: autoDraw = True
140.9362 	EXP 	New trial (rep=1, index=16): {'face': '/Users/jantzek/Documents/Easy_BCI/PsychoPy Examples/N170/Stim/White Men/39.jpg', 'trigger': 2}
140.9463 	EXP 	Stimulus: autoDraw = False
140.9463 	EXP 	fix_rand: text = '+'
140.9463 	EXP 	fix_rand: autoDraw = True
142.0190 	EXP 	fix_rand: autoDraw = False
142.0190 	EXP 	fix_rand: autoDraw = False
142.0190 	EXP 	Stimulus: image = '/Users/jantzek/Documents/Easy_BCI/PsychoPy Examples/N170/Stim/White Men/39.jpg'
142.0190 	EXP 	Stimulus: autoDraw = True
142.2196 	EXP 	New trial (rep=1, index=17): {'face': '/Users/jantzek/Documents/Easy_BCI/PsychoPy Examples/N170/Stim/cars/51.jpg', 'trigger': 1}
142.2294 	EXP 	Stimulus: autoDraw = False
142.2294 	EXP 	fix_rand: text = '+'
142.2294 	EXP 	fix_rand: autoDraw = True
143.4331 	EXP 	fix_rand: autoDraw = False
143.4331 	EXP 	fix_rand: autoDraw = False
143.4331 	EXP 	Stimulus: image = '/Users/jantzek/Documents/Easy_BCI/PsychoPy Examples/N170/Stim/cars/51.jpg'
143.4331 	EXP 	Stimulus: autoDraw = True
143.6638 	EXP 	New trial (rep=1, index=18): {'face': '/Users/jantzek/Documents/Easy_BCI/PsychoPy Examples/N170/Stim/White Men/6.jpg', 'trigger': 2}
143.6715 	EXP 	Stimulus: autoDraw = False
143.6715 	EXP 	fix_rand: text = '+'
143.6715 	EXP 	fix_rand: autoDraw = True
144.7752 	EXP 	fix_rand: autoDraw = False
144.7752 	EXP 	fix_rand: autoDraw = False
144.7752 	EXP 	Stimulus: image = '/Users/jantzek/Documents/Easy_BCI/PsychoPy Examples/N170/Stim/White Men/6.jpg'
144.7752 	EXP 	Stimulus: autoDraw = True
144.9631 	EXP 	New trial (rep=1, index=19): {'face': '/Users/jantzek/Documents/Easy_BCI/PsychoPy Examples/N170/Stim/cars/57.jpg', 'trigger': 1}
144.9691 	EXP 	Stimulus: autoDraw = False
144.9691 	EXP 	fix_rand: text = '+'
144.9691 	EXP 	fix_rand: autoDraw = True
146.1589 	EXP 	fix_rand: autoDraw = False
146.1589 	EXP 	fix_rand: autoDraw = False
146.1589 	EXP 	Stimulus: image = '/Users/jantzek/Documents/Easy_BCI/PsychoPy Examples/N170/Stim/cars/57.jpg'
146.1589 	EXP 	Stimulus: autoDraw = True
146.3873 	EXP 	New trial (rep=1, index=20): {'face': '/Users/jantzek/Documents/Easy_BCI/PsychoPy Examples/N170/Stim/White Men/5.jpg', 'trigger': 2}
146.3959 	EXP 	Stimulus: autoDraw = False
146.3959 	EXP 	fix_rand: text = '+'
146.3959 	EXP 	fix_rand: autoDraw = True
147.6517 	EXP 	fix_rand: autoDraw = False
147.6517 	EXP 	fix_rand: autoDraw = False
147.6517 	EXP 	Stimulus: image = '/Users/jantzek/Documents/Easy_BCI/PsychoPy Examples/N170/Stim/White Men/5.jpg'
147.6517 	EXP 	Stimulus: autoDraw = True
147.8355 	EXP 	New trial (rep=1, index=21): {'face': '/Users/jantzek/Documents/Easy_BCI/PsychoPy Examples/N170/Stim/cars/80.jpg', 'trigger': 1}
147.8460 	EXP 	Stimulus: autoDraw = False
147.8460 	EXP 	fix_rand: text = '+'
147.8460 	EXP 	fix_rand: autoDraw = True
149.0146 	EXP 	fix_rand: autoDraw = False
149.0146 	EXP 	fix_rand: autoDraw = False
149.0146 	EXP 	Stimulus: image = '/Users/jantzek/Documents/Easy_BCI/PsychoPy Examples/N170/Stim/cars/80.jpg'
149.0146 	EXP 	Stimulus: autoDraw = True
149.2470 	EXP 	New trial (rep=1, index=22): {'face': '/Users/jantzek/Documents/Easy_BCI/PsychoPy Examples/N170/Stim/White Men/37.jpg', 'trigger': 2}
149.2550 	EXP 	Stimulus: autoDraw = False
149.2550 	EXP 	fix_rand: text = '+'
149.2550 	EXP 	fix_rand: autoDraw = True
150.4109 	EXP 	fix_rand: autoDraw = False
150.4109 	EXP 	fix_rand: autoDraw = False
150.4109 	EXP 	Stimulus: image = '/Users/jantzek/Documents/Easy_BCI/PsychoPy Examples/N170/Stim/White Men/37.jpg'
150.4109 	EXP 	Stimulus: autoDraw = True
150.5964 	EXP 	New trial (rep=1, index=23): {'face': '/Users/jantzek/Documents/Easy_BCI/PsychoPy Examples/N170/Stim/White Men/9.jpg', 'trigger': 2}
150.6030 	EXP 	Stimulus: autoDraw = False
150.6030 	EXP 	fix_rand: text = '+'
150.6030 	EXP 	fix_rand: autoDraw = True
152.2552 	EXP 	window1: mouseVisible = True
