1.2561 	WARNING 	We strongly recommend you activate the PTB sound engine in PsychoPy prefs as the preferred audio engine. Its timing is vastly superior. Your prefs are currently set to use ['sounddevice', 'PTB', 'pyo', 'pygame'] (in that order).
5.2558 	WARNING 	User requested fullscreen with size [1024  768], but screen is actually [1440, 900]. Using actual size
6.6045 	WARNING 	Couldn't measure a consistent frame rate!
  - Is your graphics card set to sync to vertical blank?
  - Are you running other processes on your computer?

6.6085 	EXP 	Created window1 = Window(allowGUI=True, allowStencil=False, autoLog=True, backendConf=UNKNOWN, bitsMode=UNKNOWN, blendMode='avg', bpc=(8, 8, 8), color=array([0, 0, 0]), colorSpace='rgb', depthBits=8, fullscr=<method-wrapper '__getattribute__' of attributeSetter object at 0x7f898d16bbe0>, gamma=None, gammaErrorPolicy='raise', lms=UNKNOWN, monitor=<psychopy.monitors.calibTools.Monitor object at 0x7f892b693640>, multiSample=False, name='window1', numSamples=2, pos=[360.0, 225.0], screen=0, size=array([2880, 1800]), stencilBits=0, stereo=False, units='height', useFBO=True, useRetina=True, viewOri=0.0, viewPos=None, viewScale=None, waitBlanking=True, winType='pyglet')
6.6090 	EXP 	window1: mouseVisible = True
6.6105 	EXP 	window1: mouseVisible = False
6.6106 	EXP 	window1: Attempting to measure frame rate of screen (0) ...
6.6106 	EXP 	window1: recordFrameIntervals = False
6.7107 	EXP 	window1: recordFrameIntervals = True
7.5445 	WARNING 	Couldn't measure a consistent frame rate!
  - Is your graphics card set to sync to vertical blank?
  - Are you running other processes on your computer?

9.5001 	EXP 	Created fix_rand = TextStim(__class__=<class 'psychopy.visual.text.TextStim'>, alignHoriz=method-wrapper(...), alignText='center', alignVert=method-wrapper(...), anchorHoriz='center', anchorVert='center', antialias=True, autoDraw=False, autoLog=True, bold=False, color=array([1, 1, 1]), colorSpace='rgb', contrast=1.0, depth=0.0, flipHoriz=False, flipVert=False, font='Open Sans', fontFiles=[], height=0.1, italic=False, languageStyle='LTR', name='fix_rand', opacity=1.0, ori=0.0, pos=array([0., 0.]), rgb=UNKNOWN, text='', units='height', win=Window(...), wrapWidth=1)
9.5076 	EXP 	Created Stimulus = ImageStim(__class__=<class 'psychopy.visual.image.ImageStim'>, anchor=('center', 'center'), autoLog=True, color=array([1, 1, 1]), colorSpace='rgb', contrast=1.0, depth=0.0, flipHoriz=False, flipVert=False, image='sin', interpolate=True, mask=None, maskParams=None, name='Stimulus', opacity=1.0, ori=0.0, pos=array([0., 0.]), size=array([0.5, 0.5]), texRes=128.0, units='height', win=Window(...))
9.5196 	EXP 	Imported StimList.xlsx as conditions, 80 conditions, 2 params
9.5220 	EXP 	Created sequence: random, trialTypes=80, nReps=5, seed=None
9.5222 	EXP 	New trial (rep=0, index=0): {'face': '/Users/jantzek/Documents/Easy_BCI/PsychoPy Examples/N170/Stim/White Men/12.jpg', 'trigger': 2}
9.5514 	WARNING 	t of last frame was 2007.26ms (=1/0)
9.5514 	EXP 	fix_rand: height = 0.1
9.5514 	EXP 	fix_rand: height = 0.1
9.5514 	EXP 	fix_rand: height = 0.1
9.5514 	EXP 	fix_rand: text = '+'
9.5514 	EXP 	fix_rand: autoDraw = True
10.7364 	WARNING 	t of last frame was 125.42ms (=1/7)
10.7364 	EXP 	fix_rand: autoDraw = False
10.7364 	EXP 	fix_rand: autoDraw = False
10.7364 	EXP 	Stimulus: image = '/Users/jantzek/Documents/Easy_BCI/PsychoPy Examples/N170/Stim/White Men/12.jpg'
10.7364 	EXP 	Stimulus: autoDraw = True
10.8706 	EXP 	New trial (rep=0, index=1): {'face': '/Users/jantzek/Documents/Easy_BCI/PsychoPy Examples/N170/Stim/White Men/1.jpg', 'trigger': 2}
10.8763 	EXP 	Stimulus: autoDraw = False
10.8763 	EXP 	fix_rand: text = '+'
10.8763 	EXP 	fix_rand: autoDraw = True
12.0058 	WARNING 	t of last frame was 68.32ms (=1/14)
12.0058 	EXP 	fix_rand: autoDraw = False
12.0058 	EXP 	fix_rand: autoDraw = False
12.0058 	EXP 	Stimulus: image = '/Users/jantzek/Documents/Easy_BCI/PsychoPy Examples/N170/Stim/White Men/1.jpg'
12.0058 	EXP 	Stimulus: autoDraw = True
12.1948 	EXP 	New trial (rep=0, index=2): {'face': '/Users/jantzek/Documents/Easy_BCI/PsychoPy Examples/N170/Stim/White Men/16.jpg', 'trigger': 2}
12.2035 	EXP 	Stimulus: autoDraw = False
12.2035 	EXP 	fix_rand: text = '+'
12.2035 	EXP 	fix_rand: autoDraw = True
13.3175 	WARNING 	t of last frame was 63.41ms (=1/15)
13.3175 	EXP 	fix_rand: autoDraw = False
13.3175 	EXP 	fix_rand: autoDraw = False
13.3175 	EXP 	Stimulus: image = '/Users/jantzek/Documents/Easy_BCI/PsychoPy Examples/N170/Stim/White Men/16.jpg'
13.3175 	EXP 	Stimulus: autoDraw = True
13.5102 	EXP 	New trial (rep=0, index=3): {'face': '/Users/jantzek/Documents/Easy_BCI/PsychoPy Examples/N170/Stim/White Men/26.jpg', 'trigger': 2}
13.5206 	EXP 	Stimulus: autoDraw = False
13.5206 	EXP 	fix_rand: text = '+'
13.5206 	EXP 	fix_rand: autoDraw = True
14.6436 	WARNING 	Multiple dropped frames have occurred - I'll stop bothering you about them!
14.6435 	EXP 	fix_rand: autoDraw = False
14.6435 	EXP 	fix_rand: autoDraw = False
14.6435 	EXP 	Stimulus: image = '/Users/jantzek/Documents/Easy_BCI/PsychoPy Examples/N170/Stim/White Men/26.jpg'
14.6435 	EXP 	Stimulus: autoDraw = True
14.8377 	EXP 	New trial (rep=0, index=4): {'face': '/Users/jantzek/Documents/Easy_BCI/PsychoPy Examples/N170/Stim/White Men/29.jpg', 'trigger': 2}
14.8446 	EXP 	Stimulus: autoDraw = False
14.8446 	EXP 	fix_rand: text = '+'
14.8446 	EXP 	fix_rand: autoDraw = True
16.0299 	EXP 	fix_rand: autoDraw = False
16.0299 	EXP 	fix_rand: autoDraw = False
16.0299 	EXP 	Stimulus: image = '/Users/jantzek/Documents/Easy_BCI/PsychoPy Examples/N170/Stim/White Men/29.jpg'
16.0299 	EXP 	Stimulus: autoDraw = True
16.2275 	EXP 	New trial (rep=0, index=5): {'face': '/Users/jantzek/Documents/Easy_BCI/PsychoPy Examples/N170/Stim/cars/74.jpg', 'trigger': 1}
16.2375 	EXP 	Stimulus: autoDraw = False
16.2375 	EXP 	fix_rand: text = '+'
16.2375 	EXP 	fix_rand: autoDraw = True
17.2972 	EXP 	fix_rand: autoDraw = False
17.2972 	EXP 	fix_rand: autoDraw = False
17.2972 	EXP 	Stimulus: image = '/Users/jantzek/Documents/Easy_BCI/PsychoPy Examples/N170/Stim/cars/74.jpg'
17.2972 	EXP 	Stimulus: autoDraw = True
17.5215 	EXP 	New trial (rep=0, index=6): {'face': '/Users/jantzek/Documents/Easy_BCI/PsychoPy Examples/N170/Stim/cars/70.jpg', 'trigger': 1}
17.5296 	EXP 	Stimulus: autoDraw = False
17.5296 	EXP 	fix_rand: text = '+'
17.5296 	EXP 	fix_rand: autoDraw = True
18.5817 	EXP 	fix_rand: autoDraw = False
18.5817 	EXP 	fix_rand: autoDraw = False
18.5817 	EXP 	Stimulus: image = '/Users/jantzek/Documents/Easy_BCI/PsychoPy Examples/N170/Stim/cars/70.jpg'
18.5817 	EXP 	Stimulus: autoDraw = True
18.8218 	EXP 	New trial (rep=0, index=7): {'face': '/Users/jantzek/Documents/Easy_BCI/PsychoPy Examples/N170/Stim/White Men/35.jpg', 'trigger': 2}
18.8288 	EXP 	Stimulus: autoDraw = False
18.8288 	EXP 	fix_rand: text = '+'
18.8288 	EXP 	fix_rand: autoDraw = True
19.9291 	EXP 	fix_rand: autoDraw = False
19.9291 	EXP 	fix_rand: autoDraw = False
19.9291 	EXP 	Stimulus: image = '/Users/jantzek/Documents/Easy_BCI/PsychoPy Examples/N170/Stim/White Men/35.jpg'
19.9291 	EXP 	Stimulus: autoDraw = True
20.1108 	EXP 	New trial (rep=0, index=8): {'face': '/Users/jantzek/Documents/Easy_BCI/PsychoPy Examples/N170/Stim/White Men/15.jpg', 'trigger': 2}
20.1208 	EXP 	Stimulus: autoDraw = False
20.1208 	EXP 	fix_rand: text = '+'
20.1208 	EXP 	fix_rand: autoDraw = True
21.2394 	EXP 	fix_rand: autoDraw = False
21.2394 	EXP 	fix_rand: autoDraw = False
21.2394 	EXP 	Stimulus: image = '/Users/jantzek/Documents/Easy_BCI/PsychoPy Examples/N170/Stim/White Men/15.jpg'
21.2394 	EXP 	Stimulus: autoDraw = True
21.4377 	EXP 	New trial (rep=0, index=9): {'face': '/Users/jantzek/Documents/Easy_BCI/PsychoPy Examples/N170/Stim/cars/76.jpg', 'trigger': 1}
21.4445 	EXP 	Stimulus: autoDraw = False
21.4445 	EXP 	fix_rand: text = '+'
21.4445 	EXP 	fix_rand: autoDraw = True
22.6653 	EXP 	fix_rand: autoDraw = False
22.6653 	EXP 	fix_rand: autoDraw = False
22.6653 	EXP 	Stimulus: image = '/Users/jantzek/Documents/Easy_BCI/PsychoPy Examples/N170/Stim/cars/76.jpg'
22.6653 	EXP 	Stimulus: autoDraw = True
22.8936 	EXP 	New trial (rep=0, index=10): {'face': '/Users/jantzek/Documents/Easy_BCI/PsychoPy Examples/N170/Stim/cars/65.jpg', 'trigger': 1}
22.9044 	EXP 	Stimulus: autoDraw = False
22.9044 	EXP 	fix_rand: text = '+'
22.9044 	EXP 	fix_rand: autoDraw = True
23.9923 	EXP 	fix_rand: autoDraw = False
23.9923 	EXP 	fix_rand: autoDraw = False
23.9923 	EXP 	Stimulus: image = '/Users/jantzek/Documents/Easy_BCI/PsychoPy Examples/N170/Stim/cars/65.jpg'
23.9923 	EXP 	Stimulus: autoDraw = True
24.2274 	EXP 	New trial (rep=0, index=11): {'face': '/Users/jantzek/Documents/Easy_BCI/PsychoPy Examples/N170/Stim/cars/68.jpg', 'trigger': 1}
24.2373 	EXP 	Stimulus: autoDraw = False
24.2373 	EXP 	fix_rand: text = '+'
24.2373 	EXP 	fix_rand: autoDraw = True
25.3235 	EXP 	fix_rand: autoDraw = False
25.3235 	EXP 	fix_rand: autoDraw = False
25.3235 	EXP 	Stimulus: image = '/Users/jantzek/Documents/Easy_BCI/PsychoPy Examples/N170/Stim/cars/68.jpg'
25.3235 	EXP 	Stimulus: autoDraw = True
25.5614 	EXP 	New trial (rep=0, index=12): {'face': '/Users/jantzek/Documents/Easy_BCI/PsychoPy Examples/N170/Stim/cars/83.jpg', 'trigger': 1}
25.5702 	EXP 	Stimulus: autoDraw = False
25.5702 	EXP 	fix_rand: text = '+'
25.5702 	EXP 	fix_rand: autoDraw = True
26.5968 	EXP 	fix_rand: autoDraw = False
26.5968 	EXP 	fix_rand: autoDraw = False
26.5968 	EXP 	Stimulus: image = '/Users/jantzek/Documents/Easy_BCI/PsychoPy Examples/N170/Stim/cars/83.jpg'
26.5968 	EXP 	Stimulus: autoDraw = True
26.8283 	EXP 	New trial (rep=0, index=13): {'face': '/Users/jantzek/Documents/Easy_BCI/PsychoPy Examples/N170/Stim/White Men/25.jpg', 'trigger': 2}
26.8370 	EXP 	Stimulus: autoDraw = False
26.8370 	EXP 	fix_rand: text = '+'
26.8370 	EXP 	fix_rand: autoDraw = True
27.9331 	EXP 	fix_rand: autoDraw = False
27.9331 	EXP 	fix_rand: autoDraw = False
27.9331 	EXP 	Stimulus: image = '/Users/jantzek/Documents/Easy_BCI/PsychoPy Examples/N170/Stim/White Men/25.jpg'
27.9331 	EXP 	Stimulus: autoDraw = True
28.1099 	EXP 	New trial (rep=0, index=14): {'face': '/Users/jantzek/Documents/Easy_BCI/PsychoPy Examples/N170/Stim/White Men/17.jpg', 'trigger': 2}
28.1205 	EXP 	Stimulus: autoDraw = False
28.1205 	EXP 	fix_rand: text = '+'
28.1205 	EXP 	fix_rand: autoDraw = True
29.3532 	EXP 	fix_rand: autoDraw = False
29.3532 	EXP 	fix_rand: autoDraw = False
29.3532 	EXP 	Stimulus: image = '/Users/jantzek/Documents/Easy_BCI/PsychoPy Examples/N170/Stim/White Men/17.jpg'
29.3532 	EXP 	Stimulus: autoDraw = True
29.5440 	EXP 	New trial (rep=0, index=15): {'face': '/Users/jantzek/Documents/Easy_BCI/PsychoPy Examples/N170/Stim/White Men/23.jpg', 'trigger': 2}
29.5538 	EXP 	Stimulus: autoDraw = False
29.5538 	EXP 	fix_rand: text = '+'
29.5538 	EXP 	fix_rand: autoDraw = True
30.9403 	EXP 	fix_rand: autoDraw = False
30.9403 	EXP 	fix_rand: autoDraw = False
30.9403 	EXP 	Stimulus: image = '/Users/jantzek/Documents/Easy_BCI/PsychoPy Examples/N170/Stim/White Men/23.jpg'
30.9403 	EXP 	Stimulus: autoDraw = True
31.1380 	EXP 	New trial (rep=0, index=16): {'face': '/Users/jantzek/Documents/Easy_BCI/PsychoPy Examples/N170/Stim/White Men/2.jpg', 'trigger': 2}
31.1448 	EXP 	Stimulus: autoDraw = False
31.1448 	EXP 	fix_rand: text = '+'
31.1448 	EXP 	fix_rand: autoDraw = True
32.4225 	EXP 	fix_rand: autoDraw = False
32.4225 	EXP 	fix_rand: autoDraw = False
32.4225 	EXP 	Stimulus: image = '/Users/jantzek/Documents/Easy_BCI/PsychoPy Examples/N170/Stim/White Men/2.jpg'
32.4225 	EXP 	Stimulus: autoDraw = True
32.6209 	EXP 	New trial (rep=0, index=17): {'face': '/Users/jantzek/Documents/Easy_BCI/PsychoPy Examples/N170/Stim/White Men/39.jpg', 'trigger': 2}
32.6278 	EXP 	Stimulus: autoDraw = False
32.6278 	EXP 	fix_rand: text = '+'
32.6278 	EXP 	fix_rand: autoDraw = True
33.6965 	EXP 	fix_rand: autoDraw = False
33.6965 	EXP 	fix_rand: autoDraw = False
33.6965 	EXP 	Stimulus: image = '/Users/jantzek/Documents/Easy_BCI/PsychoPy Examples/N170/Stim/White Men/39.jpg'
33.6965 	EXP 	Stimulus: autoDraw = True
33.8934 	EXP 	New trial (rep=0, index=18): {'face': '/Users/jantzek/Documents/Easy_BCI/PsychoPy Examples/N170/Stim/White Men/33.jpg', 'trigger': 2}
33.9042 	EXP 	Stimulus: autoDraw = False
33.9042 	EXP 	fix_rand: text = '+'
33.9042 	EXP 	fix_rand: autoDraw = True
34.9971 	EXP 	fix_rand: autoDraw = False
34.9971 	EXP 	fix_rand: autoDraw = False
34.9971 	EXP 	Stimulus: image = '/Users/jantzek/Documents/Easy_BCI/PsychoPy Examples/N170/Stim/White Men/33.jpg'
34.9971 	EXP 	Stimulus: autoDraw = True
35.1938 	EXP 	New trial (rep=0, index=19): {'face': '/Users/jantzek/Documents/Easy_BCI/PsychoPy Examples/N170/Stim/cars/62.jpg', 'trigger': 1}
35.2039 	EXP 	Stimulus: autoDraw = False
35.2039 	EXP 	fix_rand: text = '+'
35.2039 	EXP 	fix_rand: autoDraw = True
36.4896 	EXP 	fix_rand: autoDraw = False
36.4896 	EXP 	fix_rand: autoDraw = False
36.4896 	EXP 	Stimulus: image = '/Users/jantzek/Documents/Easy_BCI/PsychoPy Examples/N170/Stim/cars/62.jpg'
36.4896 	EXP 	Stimulus: autoDraw = True
36.7214 	EXP 	New trial (rep=0, index=20): {'face': '/Users/jantzek/Documents/Easy_BCI/PsychoPy Examples/N170/Stim/cars/88.jpg', 'trigger': 1}
36.7284 	EXP 	Stimulus: autoDraw = False
36.7284 	EXP 	fix_rand: text = '+'
36.7284 	EXP 	fix_rand: autoDraw = True
37.7758 	EXP 	fix_rand: autoDraw = False
37.7758 	EXP 	fix_rand: autoDraw = False
37.7758 	EXP 	Stimulus: image = '/Users/jantzek/Documents/Easy_BCI/PsychoPy Examples/N170/Stim/cars/88.jpg'
37.7758 	EXP 	Stimulus: autoDraw = True
38.0113 	EXP 	New trial (rep=0, index=21): {'face': '/Users/jantzek/Documents/Easy_BCI/PsychoPy Examples/N170/Stim/White Men/8.jpg', 'trigger': 2}
38.0204 	EXP 	Stimulus: autoDraw = False
38.0204 	EXP 	fix_rand: text = '+'
38.0204 	EXP 	fix_rand: autoDraw = True
39.1152 	EXP 	fix_rand: autoDraw = False
39.1152 	EXP 	fix_rand: autoDraw = False
39.1152 	EXP 	Stimulus: image = '/Users/jantzek/Documents/Easy_BCI/PsychoPy Examples/N170/Stim/White Men/8.jpg'
39.1152 	EXP 	Stimulus: autoDraw = True
39.2930 	EXP 	New trial (rep=0, index=22): {'face': '/Users/jantzek/Documents/Easy_BCI/PsychoPy Examples/N170/Stim/White Men/6.jpg', 'trigger': 2}
39.3038 	EXP 	Stimulus: autoDraw = False
39.3038 	EXP 	fix_rand: text = '+'
39.3038 	EXP 	fix_rand: autoDraw = True
40.5144 	EXP 	fix_rand: autoDraw = False
40.5144 	EXP 	fix_rand: autoDraw = False
40.5144 	EXP 	Stimulus: image = '/Users/jantzek/Documents/Easy_BCI/PsychoPy Examples/N170/Stim/White Men/6.jpg'
40.5144 	EXP 	Stimulus: autoDraw = True
40.7043 	EXP 	New trial (rep=0, index=23): {'face': '/Users/jantzek/Documents/Easy_BCI/PsychoPy Examples/N170/Stim/cars/57.jpg', 'trigger': 1}
40.7103 	EXP 	Stimulus: autoDraw = False
40.7103 	EXP 	fix_rand: text = '+'
40.7103 	EXP 	fix_rand: autoDraw = True
41.7731 	EXP 	fix_rand: autoDraw = False
41.7731 	EXP 	fix_rand: autoDraw = False
41.7731 	EXP 	Stimulus: image = '/Users/jantzek/Documents/Easy_BCI/PsychoPy Examples/N170/Stim/cars/57.jpg'
41.7731 	EXP 	Stimulus: autoDraw = True
42.0048 	EXP 	New trial (rep=0, index=24): {'face': '/Users/jantzek/Documents/Easy_BCI/PsychoPy Examples/N170/Stim/cars/53.jpg', 'trigger': 1}
42.0120 	EXP 	Stimulus: autoDraw = False
42.0120 	EXP 	fix_rand: text = '+'
42.0120 	EXP 	fix_rand: autoDraw = True
43.0464 	EXP 	fix_rand: autoDraw = False
43.0464 	EXP 	fix_rand: autoDraw = False
43.0464 	EXP 	Stimulus: image = '/Users/jantzek/Documents/Easy_BCI/PsychoPy Examples/N170/Stim/cars/53.jpg'
43.0464 	EXP 	Stimulus: autoDraw = True
43.2776 	EXP 	New trial (rep=0, index=25): {'face': '/Users/jantzek/Documents/Easy_BCI/PsychoPy Examples/N170/Stim/cars/86.jpg', 'trigger': 1}
43.2874 	EXP 	Stimulus: autoDraw = False
43.2874 	EXP 	fix_rand: text = '+'
43.2874 	EXP 	fix_rand: autoDraw = True
44.3908 	EXP 	fix_rand: autoDraw = False
44.3908 	EXP 	fix_rand: autoDraw = False
44.3908 	EXP 	Stimulus: image = '/Users/jantzek/Documents/Easy_BCI/PsychoPy Examples/N170/Stim/cars/86.jpg'
44.3908 	EXP 	Stimulus: autoDraw = True
44.6275 	EXP 	New trial (rep=0, index=26): {'face': '/Users/jantzek/Documents/Easy_BCI/PsychoPy Examples/N170/Stim/cars/60.jpg', 'trigger': 1}
44.6372 	EXP 	Stimulus: autoDraw = False
44.6372 	EXP 	fix_rand: text = '+'
44.6372 	EXP 	fix_rand: autoDraw = True
45.6654 	EXP 	fix_rand: autoDraw = False
45.6654 	EXP 	fix_rand: autoDraw = False
45.6654 	EXP 	Stimulus: image = '/Users/jantzek/Documents/Easy_BCI/PsychoPy Examples/N170/Stim/cars/60.jpg'
45.6654 	EXP 	Stimulus: autoDraw = True
45.9049 	EXP 	New trial (rep=0, index=27): {'face': '/Users/jantzek/Documents/Easy_BCI/PsychoPy Examples/N170/Stim/White Men/7.jpg', 'trigger': 2}
45.9124 	EXP 	Stimulus: autoDraw = False
45.9124 	EXP 	fix_rand: text = '+'
45.9124 	EXP 	fix_rand: autoDraw = True
47.0396 	EXP 	fix_rand: autoDraw = False
47.0396 	EXP 	fix_rand: autoDraw = False
47.0396 	EXP 	Stimulus: image = '/Users/jantzek/Documents/Easy_BCI/PsychoPy Examples/N170/Stim/White Men/7.jpg'
47.0396 	EXP 	Stimulus: autoDraw = True
47.2209 	EXP 	New trial (rep=0, index=28): {'face': '/Users/jantzek/Documents/Easy_BCI/PsychoPy Examples/N170/Stim/cars/69.jpg', 'trigger': 1}
47.2268 	EXP 	Stimulus: autoDraw = False
47.2268 	EXP 	fix_rand: text = '+'
47.2268 	EXP 	fix_rand: autoDraw = True
48.2836 	EXP 	fix_rand: autoDraw = False
48.2836 	EXP 	fix_rand: autoDraw = False
48.2836 	EXP 	Stimulus: image = '/Users/jantzek/Documents/Easy_BCI/PsychoPy Examples/N170/Stim/cars/69.jpg'
48.2836 	EXP 	Stimulus: autoDraw = True
48.5114 	EXP 	New trial (rep=0, index=29): {'face': '/Users/jantzek/Documents/Easy_BCI/PsychoPy Examples/N170/Stim/White Men/24.jpg', 'trigger': 2}
48.5205 	EXP 	Stimulus: autoDraw = False
48.5205 	EXP 	fix_rand: text = '+'
48.5205 	EXP 	fix_rand: autoDraw = True
49.7142 	EXP 	fix_rand: autoDraw = False
49.7142 	EXP 	fix_rand: autoDraw = False
49.7142 	EXP 	Stimulus: image = '/Users/jantzek/Documents/Easy_BCI/PsychoPy Examples/N170/Stim/White Men/24.jpg'
49.7142 	EXP 	Stimulus: autoDraw = True
49.8940 	EXP 	New trial (rep=0, index=30): {'face': '/Users/jantzek/Documents/Easy_BCI/PsychoPy Examples/N170/Stim/White Men/28.jpg', 'trigger': 2}
49.9039 	EXP 	Stimulus: autoDraw = False
49.9039 	EXP 	fix_rand: text = '+'
49.9039 	EXP 	fix_rand: autoDraw = True
51.1009 	EXP 	fix_rand: autoDraw = False
51.1009 	EXP 	fix_rand: autoDraw = False
51.1009 	EXP 	Stimulus: image = '/Users/jantzek/Documents/Easy_BCI/PsychoPy Examples/N170/Stim/White Men/28.jpg'
51.1009 	EXP 	Stimulus: autoDraw = True
51.2940 	EXP 	New trial (rep=0, index=31): {'face': '/Users/jantzek/Documents/Easy_BCI/PsychoPy Examples/N170/Stim/White Men/27.jpg', 'trigger': 2}
51.3041 	EXP 	Stimulus: autoDraw = False
51.3041 	EXP 	fix_rand: text = '+'
51.3041 	EXP 	fix_rand: autoDraw = True
52.4334 	EXP 	fix_rand: autoDraw = False
52.4334 	EXP 	fix_rand: autoDraw = False
52.4334 	EXP 	Stimulus: image = '/Users/jantzek/Documents/Easy_BCI/PsychoPy Examples/N170/Stim/White Men/27.jpg'
52.4334 	EXP 	Stimulus: autoDraw = True
52.6378 	EXP 	New trial (rep=0, index=32): {'face': '/Users/jantzek/Documents/Easy_BCI/PsychoPy Examples/N170/Stim/White Men/31.jpg', 'trigger': 2}
52.6445 	EXP 	Stimulus: autoDraw = False
52.6445 	EXP 	fix_rand: text = '+'
52.6445 	EXP 	fix_rand: autoDraw = True
53.8726 	EXP 	fix_rand: autoDraw = False
53.8726 	EXP 	fix_rand: autoDraw = False
53.8726 	EXP 	Stimulus: image = '/Users/jantzek/Documents/Easy_BCI/PsychoPy Examples/N170/Stim/White Men/31.jpg'
53.8726 	EXP 	Stimulus: autoDraw = True
54.0712 	EXP 	New trial (rep=0, index=33): {'face': '/Users/jantzek/Documents/Easy_BCI/PsychoPy Examples/N170/Stim/cars/58.jpg', 'trigger': 1}
54.0780 	EXP 	Stimulus: autoDraw = False
54.0780 	EXP 	fix_rand: text = '+'
54.0780 	EXP 	fix_rand: autoDraw = True
55.1888 	EXP 	fix_rand: autoDraw = False
55.1888 	EXP 	fix_rand: autoDraw = False
55.1888 	EXP 	Stimulus: image = '/Users/jantzek/Documents/Easy_BCI/PsychoPy Examples/N170/Stim/cars/58.jpg'
55.1888 	EXP 	Stimulus: autoDraw = True
55.4216 	EXP 	New trial (rep=0, index=34): {'face': '/Users/jantzek/Documents/Easy_BCI/PsychoPy Examples/N170/Stim/White Men/18.jpg', 'trigger': 2}
55.4286 	EXP 	Stimulus: autoDraw = False
55.4286 	EXP 	fix_rand: text = '+'
55.4286 	EXP 	fix_rand: autoDraw = True
56.6620 	EXP 	fix_rand: autoDraw = False
56.6620 	EXP 	fix_rand: autoDraw = False
56.6620 	EXP 	Stimulus: image = '/Users/jantzek/Documents/Easy_BCI/PsychoPy Examples/N170/Stim/White Men/18.jpg'
56.6620 	EXP 	Stimulus: autoDraw = True
56.8376 	EXP 	New trial (rep=0, index=35): {'face': '/Users/jantzek/Documents/Easy_BCI/PsychoPy Examples/N170/Stim/cars/63.jpg', 'trigger': 1}
56.8434 	EXP 	Stimulus: autoDraw = False
56.8434 	EXP 	fix_rand: text = '+'
56.8434 	EXP 	fix_rand: autoDraw = True
57.8822 	EXP 	fix_rand: autoDraw = False
57.8822 	EXP 	fix_rand: autoDraw = False
57.8822 	EXP 	Stimulus: image = '/Users/jantzek/Documents/Easy_BCI/PsychoPy Examples/N170/Stim/cars/63.jpg'
57.8822 	EXP 	Stimulus: autoDraw = True
58.1121 	EXP 	New trial (rep=0, index=36): {'face': '/Users/jantzek/Documents/Easy_BCI/PsychoPy Examples/N170/Stim/White Men/13.jpg', 'trigger': 2}
58.1204 	EXP 	Stimulus: autoDraw = False
58.1204 	EXP 	fix_rand: text = '+'
58.1204 	EXP 	fix_rand: autoDraw = True
59.3228 	EXP 	fix_rand: autoDraw = False
59.3228 	EXP 	fix_rand: autoDraw = False
59.3228 	EXP 	Stimulus: image = '/Users/jantzek/Documents/Easy_BCI/PsychoPy Examples/N170/Stim/White Men/13.jpg'
59.3228 	EXP 	Stimulus: autoDraw = True
59.5047 	EXP 	New trial (rep=0, index=37): {'face': '/Users/jantzek/Documents/Easy_BCI/PsychoPy Examples/N170/Stim/cars/67.jpg', 'trigger': 1}
59.5112 	EXP 	Stimulus: autoDraw = False
59.5112 	EXP 	fix_rand: text = '+'
59.5112 	EXP 	fix_rand: autoDraw = True
60.6524 	EXP 	fix_rand: autoDraw = False
60.6524 	EXP 	fix_rand: autoDraw = False
60.6524 	EXP 	Stimulus: image = '/Users/jantzek/Documents/Easy_BCI/PsychoPy Examples/N170/Stim/cars/67.jpg'
60.6524 	EXP 	Stimulus: autoDraw = True
60.8776 	EXP 	New trial (rep=0, index=38): {'face': '/Users/jantzek/Documents/Easy_BCI/PsychoPy Examples/N170/Stim/cars/89.jpg', 'trigger': 1}
60.8874 	EXP 	Stimulus: autoDraw = False
60.8874 	EXP 	fix_rand: text = '+'
60.8874 	EXP 	fix_rand: autoDraw = True
62.0266 	EXP 	fix_rand: autoDraw = False
62.0266 	EXP 	fix_rand: autoDraw = False
62.0266 	EXP 	Stimulus: image = '/Users/jantzek/Documents/Easy_BCI/PsychoPy Examples/N170/Stim/cars/89.jpg'
62.0266 	EXP 	Stimulus: autoDraw = True
62.2614 	EXP 	New trial (rep=0, index=39): {'face': '/Users/jantzek/Documents/Easy_BCI/PsychoPy Examples/N170/Stim/cars/75.jpg', 'trigger': 1}
62.2705 	EXP 	Stimulus: autoDraw = False
62.2705 	EXP 	fix_rand: text = '+'
62.2705 	EXP 	fix_rand: autoDraw = True
63.3358 	EXP 	fix_rand: autoDraw = False
63.3358 	EXP 	fix_rand: autoDraw = False
63.3358 	EXP 	Stimulus: image = '/Users/jantzek/Documents/Easy_BCI/PsychoPy Examples/N170/Stim/cars/75.jpg'
63.3358 	EXP 	Stimulus: autoDraw = True
63.5720 	EXP 	New trial (rep=0, index=40): {'face': '/Users/jantzek/Documents/Easy_BCI/PsychoPy Examples/N170/Stim/White Men/38.jpg', 'trigger': 2}
63.5799 	EXP 	Stimulus: autoDraw = False
63.5799 	EXP 	fix_rand: text = '+'
63.5799 	EXP 	fix_rand: autoDraw = True
64.8632 	EXP 	fix_rand: autoDraw = False
64.8632 	EXP 	fix_rand: autoDraw = False
64.8632 	EXP 	Stimulus: image = '/Users/jantzek/Documents/Easy_BCI/PsychoPy Examples/N170/Stim/White Men/38.jpg'
64.8632 	EXP 	Stimulus: autoDraw = True
65.0441 	EXP 	New trial (rep=0, index=41): {'face': '/Users/jantzek/Documents/Easy_BCI/PsychoPy Examples/N170/Stim/White Men/32.jpg', 'trigger': 2}
65.0542 	EXP 	Stimulus: autoDraw = False
65.0542 	EXP 	fix_rand: text = '+'
65.0542 	EXP 	fix_rand: autoDraw = True
66.1060 	EXP 	fix_rand: autoDraw = False
66.1060 	EXP 	fix_rand: autoDraw = False
66.1060 	EXP 	Stimulus: image = '/Users/jantzek/Documents/Easy_BCI/PsychoPy Examples/N170/Stim/White Men/32.jpg'
66.1060 	EXP 	Stimulus: autoDraw = True
66.3048 	EXP 	New trial (rep=0, index=42): {'face': '/Users/jantzek/Documents/Easy_BCI/PsychoPy Examples/N170/Stim/cars/56.jpg', 'trigger': 1}
66.3117 	EXP 	Stimulus: autoDraw = False
66.3117 	EXP 	fix_rand: text = '+'
66.3117 	EXP 	fix_rand: autoDraw = True
67.4873 	EXP 	fix_rand: autoDraw = False
67.4873 	EXP 	fix_rand: autoDraw = False
67.4873 	EXP 	Stimulus: image = '/Users/jantzek/Documents/Easy_BCI/PsychoPy Examples/N170/Stim/cars/56.jpg'
67.4873 	EXP 	Stimulus: autoDraw = True
67.7220 	EXP 	New trial (rep=0, index=43): {'face': '/Users/jantzek/Documents/Easy_BCI/PsychoPy Examples/N170/Stim/cars/52.jpg', 'trigger': 1}
67.7302 	EXP 	Stimulus: autoDraw = False
67.7302 	EXP 	fix_rand: text = '+'
67.7302 	EXP 	fix_rand: autoDraw = True
68.7749 	EXP 	fix_rand: autoDraw = False
68.7749 	EXP 	fix_rand: autoDraw = False
68.7749 	EXP 	Stimulus: image = '/Users/jantzek/Documents/Easy_BCI/PsychoPy Examples/N170/Stim/cars/52.jpg'
68.7749 	EXP 	Stimulus: autoDraw = True
69.0125 	EXP 	New trial (rep=0, index=44): {'face': '/Users/jantzek/Documents/Easy_BCI/PsychoPy Examples/N170/Stim/White Men/19.jpg', 'trigger': 2}
69.0207 	EXP 	Stimulus: autoDraw = False
69.0207 	EXP 	fix_rand: text = '+'
69.0207 	EXP 	fix_rand: autoDraw = True
70.1379 	EXP 	fix_rand: autoDraw = False
70.1379 	EXP 	fix_rand: autoDraw = False
70.1379 	EXP 	Stimulus: image = '/Users/jantzek/Documents/Easy_BCI/PsychoPy Examples/N170/Stim/White Men/19.jpg'
70.1379 	EXP 	Stimulus: autoDraw = True
70.3214 	EXP 	New trial (rep=0, index=45): {'face': '/Users/jantzek/Documents/Easy_BCI/PsychoPy Examples/N170/Stim/White Men/11.jpg', 'trigger': 2}
70.3280 	EXP 	Stimulus: autoDraw = False
70.3280 	EXP 	fix_rand: text = '+'
70.3280 	EXP 	fix_rand: autoDraw = True
71.3999 	EXP 	fix_rand: autoDraw = False
71.3999 	EXP 	fix_rand: autoDraw = False
71.3999 	EXP 	Stimulus: image = '/Users/jantzek/Documents/Easy_BCI/PsychoPy Examples/N170/Stim/White Men/11.jpg'
71.3999 	EXP 	Stimulus: autoDraw = True
71.5952 	EXP 	New trial (rep=0, index=46): {'face': '/Users/jantzek/Documents/Easy_BCI/PsychoPy Examples/N170/Stim/White Men/14.jpg', 'trigger': 2}
71.6039 	EXP 	Stimulus: autoDraw = False
71.6039 	EXP 	fix_rand: text = '+'
71.6039 	EXP 	fix_rand: autoDraw = True
72.7841 	EXP 	fix_rand: autoDraw = False
72.7841 	EXP 	fix_rand: autoDraw = False
72.7841 	EXP 	Stimulus: image = '/Users/jantzek/Documents/Easy_BCI/PsychoPy Examples/N170/Stim/White Men/14.jpg'
72.7841 	EXP 	Stimulus: autoDraw = True
72.9879 	EXP 	New trial (rep=0, index=47): {'face': '/Users/jantzek/Documents/Easy_BCI/PsychoPy Examples/N170/Stim/cars/55.jpg', 'trigger': 1}
72.9947 	EXP 	Stimulus: autoDraw = False
72.9947 	EXP 	fix_rand: text = '+'
72.9947 	EXP 	fix_rand: autoDraw = True
74.0805 	EXP 	fix_rand: autoDraw = False
74.0805 	EXP 	fix_rand: autoDraw = False
74.0805 	EXP 	Stimulus: image = '/Users/jantzek/Documents/Easy_BCI/PsychoPy Examples/N170/Stim/cars/55.jpg'
74.0805 	EXP 	Stimulus: autoDraw = True
74.3111 	EXP 	New trial (rep=0, index=48): {'face': '/Users/jantzek/Documents/Easy_BCI/PsychoPy Examples/N170/Stim/White Men/40.jpg', 'trigger': 2}
74.3206 	EXP 	Stimulus: autoDraw = False
74.3206 	EXP 	fix_rand: text = '+'
74.3206 	EXP 	fix_rand: autoDraw = True
75.5684 	EXP 	fix_rand: autoDraw = False
75.5684 	EXP 	fix_rand: autoDraw = False
75.5684 	EXP 	Stimulus: image = '/Users/jantzek/Documents/Easy_BCI/PsychoPy Examples/N170/Stim/White Men/40.jpg'
75.5684 	EXP 	Stimulus: autoDraw = True
75.7546 	EXP 	New trial (rep=0, index=49): {'face': '/Users/jantzek/Documents/Easy_BCI/PsychoPy Examples/N170/Stim/White Men/5.jpg', 'trigger': 2}
75.7600 	EXP 	Stimulus: autoDraw = False
75.7600 	EXP 	fix_rand: text = '+'
75.7600 	EXP 	fix_rand: autoDraw = True
76.8281 	EXP 	fix_rand: autoDraw = False
76.8281 	EXP 	fix_rand: autoDraw = False
76.8281 	EXP 	Stimulus: image = '/Users/jantzek/Documents/Easy_BCI/PsychoPy Examples/N170/Stim/White Men/5.jpg'
76.8281 	EXP 	Stimulus: autoDraw = True
77.0215 	EXP 	New trial (rep=0, index=50): {'face': '/Users/jantzek/Documents/Easy_BCI/PsychoPy Examples/N170/Stim/White Men/21.jpg', 'trigger': 2}
77.0280 	EXP 	Stimulus: autoDraw = False
77.0280 	EXP 	fix_rand: text = '+'
77.0280 	EXP 	fix_rand: autoDraw = True
78.1049 	EXP 	fix_rand: autoDraw = False
78.1049 	EXP 	fix_rand: autoDraw = False
78.1049 	EXP 	Stimulus: image = '/Users/jantzek/Documents/Easy_BCI/PsychoPy Examples/N170/Stim/White Men/21.jpg'
78.1049 	EXP 	Stimulus: autoDraw = True
78.2952 	EXP 	New trial (rep=0, index=51): {'face': '/Users/jantzek/Documents/Easy_BCI/PsychoPy Examples/N170/Stim/cars/84.jpg', 'trigger': 1}
78.3039 	EXP 	Stimulus: autoDraw = False
78.3039 	EXP 	fix_rand: text = '+'
78.3039 	EXP 	fix_rand: autoDraw = True
79.5233 	EXP 	fix_rand: autoDraw = False
79.5233 	EXP 	fix_rand: autoDraw = False
79.5233 	EXP 	Stimulus: image = '/Users/jantzek/Documents/Easy_BCI/PsychoPy Examples/N170/Stim/cars/84.jpg'
79.5233 	EXP 	Stimulus: autoDraw = True
79.7550 	EXP 	New trial (rep=0, index=52): {'face': '/Users/jantzek/Documents/Easy_BCI/PsychoPy Examples/N170/Stim/cars/80.jpg', 'trigger': 1}
79.7621 	EXP 	Stimulus: autoDraw = False
79.7621 	EXP 	fix_rand: text = '+'
79.7621 	EXP 	fix_rand: autoDraw = True
80.7896 	EXP 	fix_rand: autoDraw = False
80.7896 	EXP 	fix_rand: autoDraw = False
80.7896 	EXP 	Stimulus: image = '/Users/jantzek/Documents/Easy_BCI/PsychoPy Examples/N170/Stim/cars/80.jpg'
80.7896 	EXP 	Stimulus: autoDraw = True
81.0221 	EXP 	New trial (rep=0, index=53): {'face': '/Users/jantzek/Documents/Easy_BCI/PsychoPy Examples/N170/Stim/cars/79.jpg', 'trigger': 1}
81.0296 	EXP 	Stimulus: autoDraw = False
81.0296 	EXP 	fix_rand: text = '+'
81.0296 	EXP 	fix_rand: autoDraw = True
82.2682 	EXP 	fix_rand: autoDraw = False
82.2682 	EXP 	fix_rand: autoDraw = False
82.2682 	EXP 	Stimulus: image = '/Users/jantzek/Documents/Easy_BCI/PsychoPy Examples/N170/Stim/cars/79.jpg'
82.2682 	EXP 	Stimulus: autoDraw = True
82.4952 	EXP 	New trial (rep=0, index=54): {'face': '/Users/jantzek/Documents/Easy_BCI/PsychoPy Examples/N170/Stim/cars/87.jpg', 'trigger': 1}
82.5040 	EXP 	Stimulus: autoDraw = False
82.5040 	EXP 	fix_rand: text = '+'
82.5040 	EXP 	fix_rand: autoDraw = True
83.6770 	EXP 	fix_rand: autoDraw = False
83.6770 	EXP 	fix_rand: autoDraw = False
83.6770 	EXP 	Stimulus: image = '/Users/jantzek/Documents/Easy_BCI/PsychoPy Examples/N170/Stim/cars/87.jpg'
83.6770 	EXP 	Stimulus: autoDraw = True
83.9110 	EXP 	New trial (rep=0, index=55): {'face': '/Users/jantzek/Documents/Easy_BCI/PsychoPy Examples/N170/Stim/cars/72.jpg', 'trigger': 1}
83.9209 	EXP 	Stimulus: autoDraw = False
83.9209 	EXP 	fix_rand: text = '+'
83.9209 	EXP 	fix_rand: autoDraw = True
85.0152 	EXP 	fix_rand: autoDraw = False
85.0152 	EXP 	fix_rand: autoDraw = False
85.0152 	EXP 	Stimulus: image = '/Users/jantzek/Documents/Easy_BCI/PsychoPy Examples/N170/Stim/cars/72.jpg'
85.0152 	EXP 	Stimulus: autoDraw = True
85.2551 	EXP 	New trial (rep=0, index=56): {'face': '/Users/jantzek/Documents/Easy_BCI/PsychoPy Examples/N170/Stim/cars/61.jpg', 'trigger': 1}
85.2632 	EXP 	Stimulus: autoDraw = False
85.2632 	EXP 	fix_rand: text = '+'
85.2632 	EXP 	fix_rand: autoDraw = True
86.4093 	EXP 	fix_rand: autoDraw = False
86.4093 	EXP 	fix_rand: autoDraw = False
86.4093 	EXP 	Stimulus: image = '/Users/jantzek/Documents/Easy_BCI/PsychoPy Examples/N170/Stim/cars/61.jpg'
86.4093 	EXP 	Stimulus: autoDraw = True
86.6453 	EXP 	New trial (rep=0, index=57): {'face': '/Users/jantzek/Documents/Easy_BCI/PsychoPy Examples/N170/Stim/cars/85.jpg', 'trigger': 1}
86.6541 	EXP 	Stimulus: autoDraw = False
86.6541 	EXP 	fix_rand: text = '+'
86.6541 	EXP 	fix_rand: autoDraw = True
87.8263 	EXP 	fix_rand: autoDraw = False
87.8263 	EXP 	fix_rand: autoDraw = False
87.8263 	EXP 	Stimulus: image = '/Users/jantzek/Documents/Easy_BCI/PsychoPy Examples/N170/Stim/cars/85.jpg'
87.8263 	EXP 	Stimulus: autoDraw = True
88.0610 	EXP 	New trial (rep=0, index=58): {'face': '/Users/jantzek/Documents/Easy_BCI/PsychoPy Examples/N170/Stim/cars/82.jpg', 'trigger': 1}
88.0709 	EXP 	Stimulus: autoDraw = False
88.0709 	EXP 	fix_rand: text = '+'
88.0709 	EXP 	fix_rand: autoDraw = True
89.1666 	EXP 	fix_rand: autoDraw = False
89.1666 	EXP 	fix_rand: autoDraw = False
89.1666 	EXP 	Stimulus: image = '/Users/jantzek/Documents/Easy_BCI/PsychoPy Examples/N170/Stim/cars/82.jpg'
89.1666 	EXP 	Stimulus: autoDraw = True
89.4051 	EXP 	New trial (rep=0, index=59): {'face': '/Users/jantzek/Documents/Easy_BCI/PsychoPy Examples/N170/Stim/White Men/36.jpg', 'trigger': 2}
89.4131 	EXP 	Stimulus: autoDraw = False
89.4131 	EXP 	fix_rand: text = '+'
89.4131 	EXP 	fix_rand: autoDraw = True
90.6109 	EXP 	fix_rand: autoDraw = False
90.6109 	EXP 	fix_rand: autoDraw = False
90.6109 	EXP 	Stimulus: image = '/Users/jantzek/Documents/Easy_BCI/PsychoPy Examples/N170/Stim/White Men/36.jpg'
90.6109 	EXP 	Stimulus: autoDraw = True
90.7767 	EXP 	New trial (rep=0, index=60): {'face': '/Users/jantzek/Documents/Easy_BCI/PsychoPy Examples/N170/Stim/White Men/10.jpg', 'trigger': 2}
90.7876 	EXP 	Stimulus: autoDraw = False
90.7876 	EXP 	fix_rand: text = '+'
90.7876 	EXP 	fix_rand: autoDraw = True
91.9220 	EXP 	fix_rand: autoDraw = False
91.9220 	EXP 	fix_rand: autoDraw = False
91.9220 	EXP 	Stimulus: image = '/Users/jantzek/Documents/Easy_BCI/PsychoPy Examples/N170/Stim/White Men/10.jpg'
91.9220 	EXP 	Stimulus: autoDraw = True
92.1113 	EXP 	New trial (rep=0, index=61): {'face': '/Users/jantzek/Documents/Easy_BCI/PsychoPy Examples/N170/Stim/cars/66.jpg', 'trigger': 1}
92.1209 	EXP 	Stimulus: autoDraw = False
92.1209 	EXP 	fix_rand: text = '+'
92.1209 	EXP 	fix_rand: autoDraw = True
92.7965 	EXP 	window1: mouseVisible = True
