1.2779 	WARNING 	We strongly recommend you activate the PTB sound engine in PsychoPy prefs as the preferred audio engine. Its timing is vastly superior. Your prefs are currently set to use ['sounddevice', 'PTB', 'pyo', 'pygame'] (in that order).
6.5286 	WARNING 	User requested fullscreen with size [1024  768], but screen is actually [1440, 900]. Using actual size
7.9172 	WARNING 	Couldn't measure a consistent frame rate!
  - Is your graphics card set to sync to vertical blank?
  - Are you running other processes on your computer?

7.9192 	EXP 	Created window1 = Window(allowGUI=True, allowStencil=False, autoLog=True, backendConf=UNKNOWN, bitsMode=UNKNOWN, blendMode='avg', bpc=(8, 8, 8), color=array([0, 0, 0]), colorSpace='rgb', depthBits=8, fullscr=<method-wrapper '__getattribute__' of attributeSetter object at 0x7fad84b26880>, gamma=None, gammaErrorPolicy='raise', lms=UNKNOWN, monitor=<psychopy.monitors.calibTools.Monitor object at 0x7fad2beb03a0>, multiSample=False, name='window1', numSamples=2, pos=[360.0, 225.0], screen=0, size=array([2880, 1800]), stencilBits=0, stereo=False, units='height', useFBO=True, useRetina=True, viewOri=0.0, viewPos=None, viewScale=None, waitBlanking=True, winType='pyglet')
7.9197 	EXP 	window1: mouseVisible = True
7.9208 	EXP 	window1: mouseVisible = False
7.9209 	EXP 	window1: Attempting to measure frame rate of screen (0) ...
7.9209 	EXP 	window1: recordFrameIntervals = False
8.0031 	EXP 	window1: recordFrameIntervals = True
8.8334 	WARNING 	Couldn't measure a consistent frame rate!
  - Is your graphics card set to sync to vertical blank?
  - Are you running other processes on your computer?

11.1944 	EXP 	Created stimulus = ShapeStim(__class__=<class 'psychopy.visual.shape.ShapeStim'>, anchor=('center', 'center'), autoDraw=False, autoLog=True, closeShape=True, color=method-wrapper(...), colorSpace='rgb', contrast=None, depth=0.0, fillColor=array([1, 1, 1]), fillColorSpace='rgb', fillRGB=array([1, 1, 1]), interpolate=True, lineColor=array([1, 1, 1]), lineColorSpace='rgb', lineRGB=array([1, 1, 1]), lineWidth=1.0, name='stimulus', opacity=1.0, ori=0.0, pos=array([0., 0.]), size=array([0.5, 0.5]), units='height', vertices=ndarray(...), win=Window(...), windingRule=None)
11.1979 	EXP 	Created blank = ShapeStim(__class__=<class 'psychopy.visual.shape.ShapeStim'>, anchor=('center', 'center'), autoDraw=False, autoLog=True, closeShape=True, color=method-wrapper(...), colorSpace='rgb', contrast=None, depth=0.0, fillColor=array([0.00392157, 0.00392157, 0.00392157]), fillColorSpace='rgb', fillRGB=array([0.00392157, 0.00392157, 0.00392157]), interpolate=True, lineColor=array([0.00392157, 0.00392157, 0.00392157]), lineColorSpace='rgb', lineRGB=array([0.00392157, 0.00392157, 0.00392157]), lineWidth=1.0, name='blank', opacity=1.0, ori=0.0, pos=array([0., 0.]), size=array([0.5, 0.5]), units='height', vertices=ndarray(...), win=Window(...), windingRule=None)
11.2044 	EXP 	Imported StimList.xlsx as conditions, 8 conditions, 2 params
11.2064 	EXP 	Created sequence: random, trialTypes=8, nReps=10, seed=None
11.2066 	EXP 	New trial (rep=0, index=0): {'color': 'white', 'trigger': 1}
11.2171 	WARNING 	t of last frame was 2384.06ms (=1/0)
11.2171 	EXP 	stimulus: fillColor = <psychopy.colors.Color: white, alpha=1.0>
11.2171 	EXP 	stimulus: borderColor = <psychopy.colors.Color: white, alpha=1.0>
11.2171 	EXP 	stimulus: autoDraw = True
11.4608 	EXP 	stimulus: autoDraw = False
11.4608 	EXP 	blank: autoDraw = True
12.4458 	EXP 	New trial (rep=0, index=1): {'color': 'white', 'trigger': 1}
12.4510 	EXP 	blank: autoDraw = False
12.4510 	EXP 	blank: autoDraw = False
12.4510 	EXP 	stimulus: fillColor = <psychopy.colors.Color: white, alpha=1.0>
12.4510 	EXP 	stimulus: borderColor = <psychopy.colors.Color: white, alpha=1.0>
12.4510 	EXP 	stimulus: autoDraw = True
12.6940 	EXP 	stimulus: autoDraw = False
12.6940 	EXP 	stimulus: autoDraw = False
12.6940 	EXP 	blank: autoDraw = True
13.6787 	EXP 	New trial (rep=0, index=2): {'color': 'white', 'trigger': 1}
13.6854 	EXP 	blank: autoDraw = False
13.6854 	EXP 	blank: autoDraw = False
13.6854 	EXP 	stimulus: fillColor = <psychopy.colors.Color: white, alpha=1.0>
13.6854 	EXP 	stimulus: borderColor = <psychopy.colors.Color: white, alpha=1.0>
13.6941 	EXP 	stimulus: autoDraw = True
13.9337 	EXP 	stimulus: autoDraw = False
13.9337 	EXP 	stimulus: autoDraw = False
13.9444 	EXP 	blank: autoDraw = True
14.3093 	DATA 	Keypress: escape
14.3161 	WARNING 	t of last frame was 71.91ms (=1/13)
14.4871 	EXP 	window1: mouseVisible = True
