1.3046 	WARNING 	We strongly recommend you activate the PTB sound engine in PsychoPy prefs as the preferred audio engine. Its timing is vastly superior. Your prefs are currently set to use ['sounddevice', 'PTB', 'pyo', 'pygame'] (in that order).
6.2524 	WARNING 	User requested fullscreen with size [1024  768], but screen is actually [2560, 1080]. Using actual size
7.5388 	WARNING 	Couldn't measure a consistent frame rate!
  - Is your graphics card set to sync to vertical blank?
  - Are you running other processes on your computer?

7.5406 	EXP 	Created window1 = Window(allowGUI=True, allowStencil=False, autoLog=True, backendConf=UNKNOWN, bitsMode=UNKNOWN, blendMode='avg', bpc=(8, 8, 8), color=array([0, 0, 0]), colorSpace='rgb', depthBits=8, fullscr=<method-wrapper '__getattribute__' of attributeSetter object at 0x7fdcfc8b2b80>, gamma=None, gammaErrorPolicy='raise', lms=UNKNOWN, monitor=<psychopy.monitors.calibTools.Monitor object at 0x7fdc9b775610>, multiSample=False, name='window1', numSamples=2, pos=[0.0, 0.0], screen=0, size=array([2560, 1080]), stencilBits=0, stereo=False, units='height', useFBO=True, useRetina=False, viewOri=0.0, viewPos=None, viewScale=None, waitBlanking=True, winType='pyglet')
7.5411 	EXP 	window1: mouseVisible = True
7.5421 	EXP 	window1: mouseVisible = False
7.5421 	EXP 	window1: Attempting to measure frame rate of screen (0) ...
7.5422 	EXP 	window1: recordFrameIntervals = False
7.6220 	EXP 	window1: recordFrameIntervals = True
8.4554 	WARNING 	Couldn't measure a consistent frame rate!
  - Is your graphics card set to sync to vertical blank?
  - Are you running other processes on your computer?

10.7170 	EXP 	Created image = ImageStim(__class__=<class 'psychopy.visual.image.ImageStim'>, anchor=('center', 'center'), autoLog=True, color=array([1, 1, 1]), colorSpace='rgb', contrast=1.0, depth=-1.0, flipHoriz=False, flipVert=False, image=str(...), interpolate=True, mask=None, maskParams=None, name='image', opacity=1.0, ori=0.0, pos=array([0., 0.]), size=array([0.5, 0.5]), texRes=128.0, units='height', win=Window(...))
10.7248 	EXP 	Created fixation = ShapeStim(__class__=<class 'psychopy.visual.shape.ShapeStim'>, anchor=('center', 'center'), autoDraw=False, autoLog=True, closeShape=True, color=method-wrapper(...), colorSpace='rgb', contrast=None, depth=-2.0, fillColor=array([ 1, -1, -1]), fillColorSpace='rgb', fillRGB=array([ 1, -1, -1]), interpolate=True, lineColor=array([ 1, -1, -1]), lineColorSpace='rgb', lineRGB=array([ 1, -1, -1]), lineWidth=1.0, name='fixation', opacity=1.0, ori=0.0, pos=array([0., 0.]), size=array([0.01, 0.01]), units='height', vertices=ndarray(...), win=Window(...), windingRule=None)
10.9611 	EXP 	Created image_2 = ImageStim(__class__=<class 'psychopy.visual.image.ImageStim'>, anchor=('center', 'center'), autoLog=True, color=array([1, 1, 1]), colorSpace='rgb', contrast=1.0, depth=-1.0, flipHoriz=False, flipVert=False, image=str(...), interpolate=True, mask=None, maskParams=None, name='image_2', opacity=1.0, ori=0.0, pos=array([0., 0.]), size=array([0.5, 0.5]), texRes=128.0, units='height', win=Window(...))
10.9641 	EXP 	Created fixation_2 = ShapeStim(__class__=<class 'psychopy.visual.shape.ShapeStim'>, anchor=('center', 'center'), autoDraw=False, autoLog=True, closeShape=True, color=method-wrapper(...), colorSpace='rgb', contrast=None, depth=-2.0, fillColor=array([ 1, -1, -1]), fillColorSpace='rgb', fillRGB=array([ 1, -1, -1]), interpolate=True, lineColor=array([ 1, -1, -1]), lineColorSpace='rgb', lineRGB=array([ 1, -1, -1]), lineWidth=1.0, name='fixation_2', opacity=1.0, ori=0.0, pos=array([0., 0.]), size=array([0.01, 0.01]), units='height', vertices=ndarray(...), win=Window(...), windingRule=None)
10.9659 	EXP 	Created sequence: random, trialTypes=1, nReps=10, seed=None
10.9661 	EXP 	New trial (rep=0, index=0): None
10.9912 	WARNING 	t of last frame was 2536.11ms (=1/0)
10.9912 	EXP 	image: autoDraw = True
10.9912 	EXP 	fixation: autoDraw = True
11.4987 	WARNING 	t of last frame was 22.14ms (=1/45)
11.4987 	EXP 	image: autoDraw = False
11.4987 	EXP 	fixation: autoDraw = False
11.4987 	EXP 	image: autoDraw = False
11.4987 	EXP 	fixation: autoDraw = False
11.4987 	EXP 	image_2: autoDraw = True
11.4987 	EXP 	fixation_2: autoDraw = True
11.9893 	EXP 	New trial (rep=1, index=0): None
11.9947 	EXP 	image_2: autoDraw = False
11.9947 	EXP 	fixation_2: autoDraw = False
11.9947 	EXP 	image_2: autoDraw = False
11.9947 	EXP 	fixation_2: autoDraw = False
11.9947 	EXP 	image: autoDraw = True
11.9947 	EXP 	fixation: autoDraw = True
12.4947 	EXP 	image: autoDraw = False
12.4947 	EXP 	fixation: autoDraw = False
12.4947 	EXP 	image: autoDraw = False
12.4947 	EXP 	fixation: autoDraw = False
12.4947 	EXP 	image_2: autoDraw = True
12.4947 	EXP 	fixation_2: autoDraw = True
12.9894 	EXP 	New trial (rep=2, index=0): None
12.9954 	EXP 	image_2: autoDraw = False
12.9954 	EXP 	fixation_2: autoDraw = False
12.9954 	EXP 	image_2: autoDraw = False
12.9954 	EXP 	fixation_2: autoDraw = False
12.9954 	EXP 	image: autoDraw = True
12.9954 	EXP 	fixation: autoDraw = True
13.4947 	EXP 	image: autoDraw = False
13.4947 	EXP 	fixation: autoDraw = False
13.4947 	EXP 	image: autoDraw = False
13.4947 	EXP 	fixation: autoDraw = False
13.4947 	EXP 	image_2: autoDraw = True
13.4947 	EXP 	fixation_2: autoDraw = True
13.9894 	EXP 	New trial (rep=3, index=0): None
13.9956 	EXP 	image_2: autoDraw = False
13.9956 	EXP 	fixation_2: autoDraw = False
13.9956 	EXP 	image_2: autoDraw = False
13.9956 	EXP 	fixation_2: autoDraw = False
13.9956 	EXP 	image: autoDraw = True
13.9956 	EXP 	fixation: autoDraw = True
14.4945 	EXP 	image: autoDraw = False
14.4945 	EXP 	fixation: autoDraw = False
14.4945 	EXP 	image: autoDraw = False
14.4945 	EXP 	fixation: autoDraw = False
14.4945 	EXP 	image_2: autoDraw = True
14.4945 	EXP 	fixation_2: autoDraw = True
14.9893 	EXP 	New trial (rep=4, index=0): None
14.9955 	EXP 	image_2: autoDraw = False
14.9955 	EXP 	fixation_2: autoDraw = False
14.9955 	EXP 	image_2: autoDraw = False
14.9955 	EXP 	fixation_2: autoDraw = False
14.9955 	EXP 	image: autoDraw = True
14.9955 	EXP 	fixation: autoDraw = True
15.4878 	EXP 	image: autoDraw = False
15.4878 	EXP 	fixation: autoDraw = False
15.4878 	EXP 	image: autoDraw = False
15.4878 	EXP 	fixation: autoDraw = False
15.4878 	EXP 	image_2: autoDraw = True
15.4878 	EXP 	fixation_2: autoDraw = True
15.9728 	EXP 	New trial (rep=5, index=0): None
15.9782 	EXP 	image_2: autoDraw = False
15.9782 	EXP 	fixation_2: autoDraw = False
15.9782 	EXP 	image_2: autoDraw = False
15.9782 	EXP 	fixation_2: autoDraw = False
15.9782 	EXP 	image: autoDraw = True
15.9782 	EXP 	fixation: autoDraw = True
16.4789 	EXP 	image: autoDraw = False
16.4789 	EXP 	fixation: autoDraw = False
16.4789 	EXP 	image: autoDraw = False
16.4789 	EXP 	fixation: autoDraw = False
16.4789 	EXP 	image_2: autoDraw = True
16.4789 	EXP 	fixation_2: autoDraw = True
16.9734 	EXP 	New trial (rep=6, index=0): None
16.9794 	EXP 	image_2: autoDraw = False
16.9794 	EXP 	fixation_2: autoDraw = False
16.9794 	EXP 	image_2: autoDraw = False
16.9794 	EXP 	fixation_2: autoDraw = False
16.9794 	EXP 	image: autoDraw = True
16.9794 	EXP 	fixation: autoDraw = True
17.4776 	EXP 	image: autoDraw = False
17.4776 	EXP 	fixation: autoDraw = False
17.4776 	EXP 	image: autoDraw = False
17.4776 	EXP 	fixation: autoDraw = False
17.4776 	EXP 	image_2: autoDraw = True
17.4776 	EXP 	fixation_2: autoDraw = True
17.9726 	EXP 	New trial (rep=7, index=0): None
17.9781 	EXP 	image_2: autoDraw = False
17.9781 	EXP 	fixation_2: autoDraw = False
17.9781 	EXP 	image_2: autoDraw = False
17.9781 	EXP 	fixation_2: autoDraw = False
17.9781 	EXP 	image: autoDraw = True
17.9781 	EXP 	fixation: autoDraw = True
18.4779 	EXP 	image: autoDraw = False
18.4779 	EXP 	fixation: autoDraw = False
18.4779 	EXP 	image: autoDraw = False
18.4779 	EXP 	fixation: autoDraw = False
18.4779 	EXP 	image_2: autoDraw = True
18.4779 	EXP 	fixation_2: autoDraw = True
18.9727 	EXP 	New trial (rep=8, index=0): None
18.9783 	EXP 	image_2: autoDraw = False
18.9783 	EXP 	fixation_2: autoDraw = False
18.9783 	EXP 	image_2: autoDraw = False
18.9783 	EXP 	fixation_2: autoDraw = False
18.9783 	EXP 	image: autoDraw = True
18.9783 	EXP 	fixation: autoDraw = True
19.4779 	EXP 	image: autoDraw = False
19.4779 	EXP 	fixation: autoDraw = False
19.4779 	EXP 	image: autoDraw = False
19.4779 	EXP 	fixation: autoDraw = False
19.4779 	EXP 	image_2: autoDraw = True
19.4779 	EXP 	fixation_2: autoDraw = True
19.9725 	EXP 	New trial (rep=9, index=0): None
19.9780 	EXP 	image_2: autoDraw = False
19.9780 	EXP 	fixation_2: autoDraw = False
19.9780 	EXP 	image_2: autoDraw = False
19.9780 	EXP 	fixation_2: autoDraw = False
19.9780 	EXP 	image: autoDraw = True
19.9780 	EXP 	fixation: autoDraw = True
20.4779 	EXP 	image: autoDraw = False
20.4779 	EXP 	fixation: autoDraw = False
20.4779 	EXP 	image: autoDraw = False
20.4779 	EXP 	fixation: autoDraw = False
20.4779 	EXP 	image_2: autoDraw = True
20.4779 	EXP 	fixation_2: autoDraw = True
20.9750 	EXP 	image_2: autoDraw = False
20.9750 	EXP 	fixation_2: autoDraw = False
20.9750 	EXP 	image_2: autoDraw = False
20.9750 	EXP 	fixation_2: autoDraw = False
21.0130 	EXP 	window1: mouseVisible = True
