1.2485 	WARNING 	We strongly recommend you activate the PTB sound engine in PsychoPy prefs as the preferred audio engine. Its timing is vastly superior. Your prefs are currently set to use ['sounddevice', 'PTB', 'pyo', 'pygame'] (in that order).
6.7311 	WARNING 	User requested fullscreen with size [1024  768], but screen is actually [1440, 900]. Using actual size
8.0570 	WARNING 	Couldn't measure a consistent frame rate!
  - Is your graphics card set to sync to vertical blank?
  - Are you running other processes on your computer?

8.0588 	EXP 	Created window1 = Window(allowGUI=True, allowStencil=False, autoLog=True, backendConf=UNKNOWN, bitsMode=UNKNOWN, blendMode='avg', bpc=(8, 8, 8), color=array([0, 0, 0]), colorSpace='rgb', depthBits=8, fullscr=<method-wrapper '__getattribute__' of attributeSetter object at 0x7f7fe1c73970>, gamma=None, gammaErrorPolicy='raise', lms=UNKNOWN, monitor=<psychopy.monitors.calibTools.Monitor object at 0x7f7f86fae550>, multiSample=False, name='window1', numSamples=2, pos=[360.0, 225.0], screen=0, size=array([2880, 1800]), stencilBits=0, stereo=False, units='height', useFBO=True, useRetina=True, viewOri=0.0, viewPos=None, viewScale=None, waitBlanking=True, winType='pyglet')
8.0594 	EXP 	window1: mouseVisible = True
8.0608 	EXP 	window1: mouseVisible = False
8.0609 	EXP 	window1: Attempting to measure frame rate of screen (0) ...
8.0609 	EXP 	window1: recordFrameIntervals = False
8.1388 	EXP 	window1: recordFrameIntervals = True
8.9899 	WARNING 	Couldn't measure a consistent frame rate!
  - Is your graphics card set to sync to vertical blank?
  - Are you running other processes on your computer?

10.9552 	EXP 	Created grating1 = GratingStim(__class__=<class 'psychopy.visual.grating.GratingStim'>, anchor='center', autoDraw=False, autoLog=True, blendmode='avg', color=array([1, 1, 1]), colorSpace='rgb', contrast=1.0, depth=-1.0, interpolate=True, mask=None, maskParams=None, name='grating1', opacity=1.0, ori=0.0, phase=array([0., 0.]), pos=array([0., 0.]), rgbPedestal=array([0., 0., 0.]), sf=array([10., 10.]), size=array([1.5, 1. ]), tex='sin', texRes=128.0, units='height', win=Window(...))
10.9627 	EXP 	Created fixation = ShapeStim(__class__=<class 'psychopy.visual.shape.ShapeStim'>, anchor=('center', 'center'), autoDraw=False, autoLog=True, closeShape=True, color=method-wrapper(...), colorSpace='rgb', contrast=None, depth=-2.0, fillColor=array([ 1, -1, -1]), fillColorSpace='rgb', fillRGB=array([ 1, -1, -1]), interpolate=True, lineColor=array([ 1, -1, -1]), lineColorSpace='rgb', lineRGB=array([ 1, -1, -1]), lineWidth=1.0, name='fixation', opacity=1.0, ori=0.0, pos=array([0., 0.]), size=array([0.01, 0.01]), units='height', vertices=ndarray(...), win=Window(...), windingRule=None)
10.9753 	EXP 	Created grating1_2 = GratingStim(__class__=<class 'psychopy.visual.grating.GratingStim'>, anchor='center', autoDraw=False, autoLog=True, blendmode='avg', color=array([1, 1, 1]), colorSpace='rgb', contrast=1.0, depth=-1.0, interpolate=True, mask=None, maskParams=None, name='grating1_2', opacity=1.0, ori=0.0, phase=array([0.5, 0.5]), pos=array([0., 0.]), rgbPedestal=array([0., 0., 0.]), sf=array([10., 10.]), size=array([1.5, 1. ]), tex='sin', texRes=128.0, units='height', win=Window(...))
10.9788 	EXP 	Created fixation_2 = ShapeStim(__class__=<class 'psychopy.visual.shape.ShapeStim'>, anchor=('center', 'center'), autoDraw=False, autoLog=True, closeShape=True, color=method-wrapper(...), colorSpace='rgb', contrast=None, depth=-2.0, fillColor=array([ 1, -1, -1]), fillColorSpace='rgb', fillRGB=array([ 1, -1, -1]), interpolate=True, lineColor=array([ 1, -1, -1]), lineColorSpace='rgb', lineRGB=array([ 1, -1, -1]), lineWidth=1.0, name='fixation_2', opacity=1.0, ori=0.0, pos=array([0., 0.]), size=array([0.01, 0.01]), units='height', vertices=ndarray(...), win=Window(...), windingRule=None)
10.9806 	EXP 	Created sequence: random, trialTypes=1, nReps=30, seed=None
10.9809 	EXP 	New trial (rep=0, index=0): None
10.9966 	WARNING 	t of last frame was 2006.96ms (=1/0)
10.9966 	EXP 	grating1: autoDraw = True
10.9966 	EXP 	fixation: autoDraw = True
10.9966 	EXP 	grating1: tex = 'sin'
11.4955 	EXP 	grating1: autoDraw = False
11.4955 	EXP 	fixation: autoDraw = False
11.4955 	EXP 	grating1_2: autoDraw = True
11.4955 	EXP 	fixation_2: autoDraw = True
11.4955 	EXP 	grating1_2: tex = 'sin'
11.6327 	WARNING 	t of last frame was 21.66ms (=1/46)
11.9325 	WARNING 	t of last frame was 21.35ms (=1/46)
11.9851 	EXP 	New trial (rep=1, index=0): None
11.9936 	EXP 	grating1_2: autoDraw = False
11.9936 	EXP 	fixation_2: autoDraw = False
11.9936 	EXP 	grating1: autoDraw = True
11.9936 	EXP 	fixation: autoDraw = True
12.4906 	EXP 	grating1: autoDraw = False
12.4906 	EXP 	fixation: autoDraw = False
12.4906 	EXP 	grating1_2: autoDraw = True
12.4906 	EXP 	fixation_2: autoDraw = True
12.9765 	EXP 	New trial (rep=2, index=0): None
12.9847 	EXP 	grating1_2: autoDraw = False
12.9847 	EXP 	fixation_2: autoDraw = False
12.9847 	EXP 	grating1_2: autoDraw = False
12.9847 	EXP 	fixation_2: autoDraw = False
12.9847 	EXP 	grating1: autoDraw = True
12.9847 	EXP 	fixation: autoDraw = True
13.4842 	EXP 	grating1: autoDraw = False
13.4842 	EXP 	fixation: autoDraw = False
13.4842 	EXP 	grating1: autoDraw = False
13.4842 	EXP 	fixation: autoDraw = False
13.4842 	EXP 	grating1_2: autoDraw = True
13.4842 	EXP 	fixation_2: autoDraw = True
13.9688 	EXP 	New trial (rep=3, index=0): None
13.9772 	EXP 	grating1_2: autoDraw = False
13.9772 	EXP 	fixation_2: autoDraw = False
13.9772 	EXP 	grating1_2: autoDraw = False
13.9772 	EXP 	fixation_2: autoDraw = False
13.9772 	EXP 	grating1: autoDraw = True
13.9772 	EXP 	fixation: autoDraw = True
13.9995 	WARNING 	t of last frame was 22.35ms (=1/44)
14.3492 	WARNING 	Multiple dropped frames have occurred - I'll stop bothering you about them!
14.4671 	EXP 	grating1: autoDraw = False
14.4671 	EXP 	fixation: autoDraw = False
14.4671 	EXP 	grating1: autoDraw = False
14.4671 	EXP 	fixation: autoDraw = False
14.4757 	EXP 	grating1_2: autoDraw = True
14.4757 	EXP 	fixation_2: autoDraw = True
14.9608 	EXP 	New trial (rep=4, index=0): None
14.9667 	EXP 	grating1_2: autoDraw = False
14.9667 	EXP 	fixation_2: autoDraw = False
14.9667 	EXP 	grating1_2: autoDraw = False
14.9667 	EXP 	fixation_2: autoDraw = False
14.9748 	EXP 	grating1: autoDraw = True
14.9748 	EXP 	fixation: autoDraw = True
15.4660 	EXP 	grating1: autoDraw = False
15.4660 	EXP 	fixation: autoDraw = False
15.4660 	EXP 	grating1: autoDraw = False
15.4660 	EXP 	fixation: autoDraw = False
15.4742 	EXP 	grating1_2: autoDraw = True
15.4742 	EXP 	fixation_2: autoDraw = True
15.9676 	EXP 	New trial (rep=5, index=0): None
15.9759 	EXP 	grating1_2: autoDraw = False
15.9759 	EXP 	fixation_2: autoDraw = False
15.9759 	EXP 	grating1_2: autoDraw = False
15.9759 	EXP 	fixation_2: autoDraw = False
15.9759 	EXP 	grating1: autoDraw = True
15.9759 	EXP 	fixation: autoDraw = True
16.4659 	EXP 	grating1: autoDraw = False
16.4659 	EXP 	fixation: autoDraw = False
16.4659 	EXP 	grating1: autoDraw = False
16.4659 	EXP 	fixation: autoDraw = False
16.4744 	EXP 	grating1_2: autoDraw = True
16.4744 	EXP 	fixation_2: autoDraw = True
16.9592 	EXP 	New trial (rep=6, index=0): None
16.9658 	EXP 	grating1_2: autoDraw = False
16.9658 	EXP 	fixation_2: autoDraw = False
16.9658 	EXP 	grating1_2: autoDraw = False
16.9658 	EXP 	fixation_2: autoDraw = False
16.9739 	EXP 	grating1: autoDraw = True
16.9739 	EXP 	fixation: autoDraw = True
17.4665 	EXP 	grating1: autoDraw = False
17.4665 	EXP 	fixation: autoDraw = False
17.4665 	EXP 	grating1: autoDraw = False
17.4665 	EXP 	fixation: autoDraw = False
17.4755 	EXP 	grating1_2: autoDraw = True
17.4755 	EXP 	fixation_2: autoDraw = True
17.9604 	EXP 	New trial (rep=7, index=0): None
17.9653 	EXP 	grating1_2: autoDraw = False
17.9653 	EXP 	fixation_2: autoDraw = False
17.9653 	EXP 	grating1_2: autoDraw = False
17.9653 	EXP 	fixation_2: autoDraw = False
17.9734 	EXP 	grating1: autoDraw = True
17.9734 	EXP 	fixation: autoDraw = True
18.4659 	EXP 	grating1: autoDraw = False
18.4659 	EXP 	fixation: autoDraw = False
18.4659 	EXP 	grating1: autoDraw = False
18.4659 	EXP 	fixation: autoDraw = False
18.4743 	EXP 	grating1_2: autoDraw = True
18.4743 	EXP 	fixation_2: autoDraw = True
18.9603 	EXP 	New trial (rep=8, index=0): None
18.9665 	EXP 	grating1_2: autoDraw = False
18.9665 	EXP 	fixation_2: autoDraw = False
18.9665 	EXP 	grating1_2: autoDraw = False
18.9665 	EXP 	fixation_2: autoDraw = False
18.9746 	EXP 	grating1: autoDraw = True
18.9746 	EXP 	fixation: autoDraw = True
19.4662 	EXP 	grating1: autoDraw = False
19.4662 	EXP 	fixation: autoDraw = False
19.4662 	EXP 	grating1: autoDraw = False
19.4662 	EXP 	fixation: autoDraw = False
19.4753 	EXP 	grating1_2: autoDraw = True
19.4753 	EXP 	fixation_2: autoDraw = True
19.9592 	EXP 	New trial (rep=9, index=0): None
19.9661 	EXP 	grating1_2: autoDraw = False
19.9661 	EXP 	fixation_2: autoDraw = False
19.9661 	EXP 	grating1_2: autoDraw = False
19.9661 	EXP 	fixation_2: autoDraw = False
19.9745 	EXP 	grating1: autoDraw = True
19.9745 	EXP 	fixation: autoDraw = True
20.4661 	EXP 	grating1: autoDraw = False
20.4661 	EXP 	fixation: autoDraw = False
20.4661 	EXP 	grating1: autoDraw = False
20.4661 	EXP 	fixation: autoDraw = False
20.4741 	EXP 	grating1_2: autoDraw = True
20.4741 	EXP 	fixation_2: autoDraw = True
20.9595 	EXP 	New trial (rep=10, index=0): None
20.9660 	EXP 	grating1_2: autoDraw = False
20.9660 	EXP 	fixation_2: autoDraw = False
20.9660 	EXP 	grating1_2: autoDraw = False
20.9660 	EXP 	fixation_2: autoDraw = False
20.9740 	EXP 	grating1: autoDraw = True
20.9740 	EXP 	fixation: autoDraw = True
21.4668 	EXP 	grating1: autoDraw = False
21.4668 	EXP 	fixation: autoDraw = False
21.4668 	EXP 	grating1: autoDraw = False
21.4668 	EXP 	fixation: autoDraw = False
21.4761 	EXP 	grating1_2: autoDraw = True
21.4761 	EXP 	fixation_2: autoDraw = True
21.9604 	EXP 	New trial (rep=11, index=0): None
21.9664 	EXP 	grating1_2: autoDraw = False
21.9664 	EXP 	fixation_2: autoDraw = False
21.9664 	EXP 	grating1_2: autoDraw = False
21.9664 	EXP 	fixation_2: autoDraw = False
21.9744 	EXP 	grating1: autoDraw = True
21.9744 	EXP 	fixation: autoDraw = True
22.4661 	EXP 	grating1: autoDraw = False
22.4661 	EXP 	fixation: autoDraw = False
22.4661 	EXP 	grating1: autoDraw = False
22.4661 	EXP 	fixation: autoDraw = False
22.4751 	EXP 	grating1_2: autoDraw = True
22.4751 	EXP 	fixation_2: autoDraw = True
22.9681 	EXP 	New trial (rep=12, index=0): None
22.9767 	EXP 	grating1_2: autoDraw = False
22.9767 	EXP 	fixation_2: autoDraw = False
22.9767 	EXP 	grating1_2: autoDraw = False
22.9767 	EXP 	fixation_2: autoDraw = False
22.9767 	EXP 	grating1: autoDraw = True
22.9767 	EXP 	fixation: autoDraw = True
23.4749 	EXP 	grating1: autoDraw = False
23.4749 	EXP 	fixation: autoDraw = False
23.4749 	EXP 	grating1: autoDraw = False
23.4749 	EXP 	fixation: autoDraw = False
23.4749 	EXP 	grating1_2: autoDraw = True
23.4749 	EXP 	fixation_2: autoDraw = True
23.9615 	EXP 	New trial (rep=13, index=0): None
23.9828 	EXP 	grating1_2: autoDraw = False
23.9828 	EXP 	fixation_2: autoDraw = False
23.9828 	EXP 	grating1_2: autoDraw = False
23.9828 	EXP 	fixation_2: autoDraw = False
23.9999 	EXP 	grating1: autoDraw = True
23.9999 	EXP 	fixation: autoDraw = True
24.4901 	EXP 	grating1: autoDraw = False
24.4901 	EXP 	fixation: autoDraw = False
24.4901 	EXP 	grating1_2: autoDraw = True
24.4901 	EXP 	fixation_2: autoDraw = True
24.9775 	EXP 	New trial (rep=14, index=0): None
24.9872 	EXP 	grating1_2: autoDraw = False
24.9872 	EXP 	fixation_2: autoDraw = False
24.9872 	EXP 	grating1_2: autoDraw = False
24.9872 	EXP 	fixation_2: autoDraw = False
24.9872 	EXP 	grating1: autoDraw = True
24.9872 	EXP 	fixation: autoDraw = True
25.4833 	EXP 	grating1: autoDraw = False
25.4833 	EXP 	fixation: autoDraw = False
25.4833 	EXP 	grating1: autoDraw = False
25.4833 	EXP 	fixation: autoDraw = False
25.4833 	EXP 	grating1_2: autoDraw = True
25.4833 	EXP 	fixation_2: autoDraw = True
25.9687 	EXP 	New trial (rep=15, index=0): None
25.9767 	EXP 	grating1_2: autoDraw = False
25.9767 	EXP 	fixation_2: autoDraw = False
25.9767 	EXP 	grating1_2: autoDraw = False
25.9767 	EXP 	fixation_2: autoDraw = False
25.9767 	EXP 	grating1: autoDraw = True
25.9767 	EXP 	fixation: autoDraw = True
26.4770 	EXP 	grating1: autoDraw = False
26.4770 	EXP 	fixation: autoDraw = False
26.4770 	EXP 	grating1: autoDraw = False
26.4770 	EXP 	fixation: autoDraw = False
26.4770 	EXP 	grating1_2: autoDraw = True
26.4770 	EXP 	fixation_2: autoDraw = True
26.9682 	EXP 	New trial (rep=16, index=0): None
26.9768 	EXP 	grating1_2: autoDraw = False
26.9768 	EXP 	fixation_2: autoDraw = False
26.9768 	EXP 	grating1_2: autoDraw = False
26.9768 	EXP 	fixation_2: autoDraw = False
26.9768 	EXP 	grating1: autoDraw = True
26.9768 	EXP 	fixation: autoDraw = True
27.4746 	EXP 	grating1: autoDraw = False
27.4746 	EXP 	fixation: autoDraw = False
27.4746 	EXP 	grating1: autoDraw = False
27.4746 	EXP 	fixation: autoDraw = False
27.4746 	EXP 	grating1_2: autoDraw = True
27.4746 	EXP 	fixation_2: autoDraw = True
27.9584 	EXP 	New trial (rep=17, index=0): None
27.9663 	EXP 	grating1_2: autoDraw = False
27.9663 	EXP 	fixation_2: autoDraw = False
27.9663 	EXP 	grating1_2: autoDraw = False
27.9663 	EXP 	fixation_2: autoDraw = False
27.9744 	EXP 	grating1: autoDraw = True
27.9744 	EXP 	fixation: autoDraw = True
28.4661 	EXP 	grating1: autoDraw = False
28.4661 	EXP 	fixation: autoDraw = False
28.4661 	EXP 	grating1: autoDraw = False
28.4661 	EXP 	fixation: autoDraw = False
28.4745 	EXP 	grating1_2: autoDraw = True
28.4745 	EXP 	fixation_2: autoDraw = True
28.9598 	EXP 	New trial (rep=18, index=0): None
28.9660 	EXP 	grating1_2: autoDraw = False
28.9660 	EXP 	fixation_2: autoDraw = False
28.9660 	EXP 	grating1_2: autoDraw = False
28.9660 	EXP 	fixation_2: autoDraw = False
28.9744 	EXP 	grating1: autoDraw = True
28.9744 	EXP 	fixation: autoDraw = True
29.4662 	EXP 	grating1: autoDraw = False
29.4662 	EXP 	fixation: autoDraw = False
29.4662 	EXP 	grating1: autoDraw = False
29.4662 	EXP 	fixation: autoDraw = False
29.4754 	EXP 	grating1_2: autoDraw = True
29.4754 	EXP 	fixation_2: autoDraw = True
29.9610 	EXP 	New trial (rep=19, index=0): None
29.9659 	EXP 	grating1_2: autoDraw = False
29.9659 	EXP 	fixation_2: autoDraw = False
29.9659 	EXP 	grating1_2: autoDraw = False
29.9659 	EXP 	fixation_2: autoDraw = False
29.9741 	EXP 	grating1: autoDraw = True
29.9741 	EXP 	fixation: autoDraw = True
30.4664 	EXP 	grating1: autoDraw = False
30.4664 	EXP 	fixation: autoDraw = False
30.4664 	EXP 	grating1: autoDraw = False
30.4664 	EXP 	fixation: autoDraw = False
30.4749 	EXP 	grating1_2: autoDraw = True
30.4749 	EXP 	fixation_2: autoDraw = True
30.9614 	EXP 	New trial (rep=20, index=0): None
30.9664 	EXP 	grating1_2: autoDraw = False
30.9664 	EXP 	fixation_2: autoDraw = False
30.9664 	EXP 	grating1_2: autoDraw = False
30.9664 	EXP 	fixation_2: autoDraw = False
30.9750 	EXP 	grating1: autoDraw = True
30.9750 	EXP 	fixation: autoDraw = True
31.4754 	EXP 	grating1: autoDraw = False
31.4754 	EXP 	fixation: autoDraw = False
31.4754 	EXP 	grating1: autoDraw = False
31.4754 	EXP 	fixation: autoDraw = False
31.4754 	EXP 	grating1_2: autoDraw = True
31.4754 	EXP 	fixation_2: autoDraw = True
31.9604 	EXP 	New trial (rep=21, index=0): None
31.9665 	EXP 	grating1_2: autoDraw = False
31.9665 	EXP 	fixation_2: autoDraw = False
31.9665 	EXP 	grating1_2: autoDraw = False
31.9665 	EXP 	fixation_2: autoDraw = False
31.9746 	EXP 	grating1: autoDraw = True
31.9746 	EXP 	fixation: autoDraw = True
32.4660 	EXP 	grating1: autoDraw = False
32.4660 	EXP 	fixation: autoDraw = False
32.4660 	EXP 	grating1: autoDraw = False
32.4660 	EXP 	fixation: autoDraw = False
32.4748 	EXP 	grating1_2: autoDraw = True
32.4748 	EXP 	fixation_2: autoDraw = True
32.9586 	EXP 	New trial (rep=22, index=0): None
32.9663 	EXP 	grating1_2: autoDraw = False
32.9663 	EXP 	fixation_2: autoDraw = False
32.9663 	EXP 	grating1_2: autoDraw = False
32.9663 	EXP 	fixation_2: autoDraw = False
32.9748 	EXP 	grating1: autoDraw = True
32.9748 	EXP 	fixation: autoDraw = True
33.4662 	EXP 	grating1: autoDraw = False
33.4662 	EXP 	fixation: autoDraw = False
33.4662 	EXP 	grating1: autoDraw = False
33.4662 	EXP 	fixation: autoDraw = False
33.4754 	EXP 	grating1_2: autoDraw = True
33.4754 	EXP 	fixation_2: autoDraw = True
33.9595 	EXP 	New trial (rep=23, index=0): None
33.9660 	EXP 	grating1_2: autoDraw = False
33.9660 	EXP 	fixation_2: autoDraw = False
33.9660 	EXP 	grating1_2: autoDraw = False
33.9660 	EXP 	fixation_2: autoDraw = False
33.9741 	EXP 	grating1: autoDraw = True
33.9741 	EXP 	fixation: autoDraw = True
34.4661 	EXP 	grating1: autoDraw = False
34.4661 	EXP 	fixation: autoDraw = False
34.4661 	EXP 	grating1: autoDraw = False
34.4661 	EXP 	fixation: autoDraw = False
34.4746 	EXP 	grating1_2: autoDraw = True
34.4746 	EXP 	fixation_2: autoDraw = True
34.9591 	EXP 	New trial (rep=24, index=0): None
34.9660 	EXP 	grating1_2: autoDraw = False
34.9660 	EXP 	fixation_2: autoDraw = False
34.9660 	EXP 	grating1_2: autoDraw = False
34.9660 	EXP 	fixation_2: autoDraw = False
34.9741 	EXP 	grating1: autoDraw = True
34.9741 	EXP 	fixation: autoDraw = True
35.4669 	EXP 	grating1: autoDraw = False
35.4669 	EXP 	fixation: autoDraw = False
35.4669 	EXP 	grating1: autoDraw = False
35.4669 	EXP 	fixation: autoDraw = False
35.4754 	EXP 	grating1_2: autoDraw = True
35.4754 	EXP 	fixation_2: autoDraw = True
35.9608 	EXP 	New trial (rep=25, index=0): None
35.9669 	EXP 	grating1_2: autoDraw = False
35.9669 	EXP 	fixation_2: autoDraw = False
35.9669 	EXP 	grating1_2: autoDraw = False
35.9669 	EXP 	fixation_2: autoDraw = False
35.9755 	EXP 	grating1: autoDraw = True
35.9755 	EXP 	fixation: autoDraw = True
36.4661 	EXP 	grating1: autoDraw = False
36.4661 	EXP 	fixation: autoDraw = False
36.4661 	EXP 	grating1: autoDraw = False
36.4661 	EXP 	fixation: autoDraw = False
36.4745 	EXP 	grating1_2: autoDraw = True
36.4745 	EXP 	fixation_2: autoDraw = True
36.9612 	EXP 	New trial (rep=26, index=0): None
36.9674 	EXP 	grating1_2: autoDraw = False
36.9674 	EXP 	fixation_2: autoDraw = False
36.9674 	EXP 	grating1_2: autoDraw = False
36.9674 	EXP 	fixation_2: autoDraw = False
36.9758 	EXP 	grating1: autoDraw = True
36.9758 	EXP 	fixation: autoDraw = True
37.4748 	EXP 	grating1: autoDraw = False
37.4748 	EXP 	fixation: autoDraw = False
37.4748 	EXP 	grating1: autoDraw = False
37.4748 	EXP 	fixation: autoDraw = False
37.4748 	EXP 	grating1_2: autoDraw = True
37.4748 	EXP 	fixation_2: autoDraw = True
37.9586 	EXP 	New trial (rep=27, index=0): None
37.9664 	EXP 	grating1_2: autoDraw = False
37.9664 	EXP 	fixation_2: autoDraw = False
37.9664 	EXP 	grating1_2: autoDraw = False
37.9664 	EXP 	fixation_2: autoDraw = False
37.9748 	EXP 	grating1: autoDraw = True
37.9748 	EXP 	fixation: autoDraw = True
38.4661 	EXP 	grating1: autoDraw = False
38.4661 	EXP 	fixation: autoDraw = False
38.4661 	EXP 	grating1: autoDraw = False
38.4661 	EXP 	fixation: autoDraw = False
38.4748 	EXP 	grating1_2: autoDraw = True
38.4748 	EXP 	fixation_2: autoDraw = True
38.9595 	EXP 	New trial (rep=28, index=0): None
38.9661 	EXP 	grating1_2: autoDraw = False
38.9661 	EXP 	fixation_2: autoDraw = False
38.9661 	EXP 	grating1_2: autoDraw = False
38.9661 	EXP 	fixation_2: autoDraw = False
38.9750 	EXP 	grating1: autoDraw = True
38.9750 	EXP 	fixation: autoDraw = True
39.4669 	EXP 	grating1: autoDraw = False
39.4669 	EXP 	fixation: autoDraw = False
39.4669 	EXP 	grating1: autoDraw = False
39.4669 	EXP 	fixation: autoDraw = False
39.4755 	EXP 	grating1_2: autoDraw = True
39.4755 	EXP 	fixation_2: autoDraw = True
39.9607 	EXP 	New trial (rep=29, index=0): None
39.9669 	EXP 	grating1_2: autoDraw = False
39.9669 	EXP 	fixation_2: autoDraw = False
39.9669 	EXP 	grating1_2: autoDraw = False
39.9669 	EXP 	fixation_2: autoDraw = False
39.9755 	EXP 	grating1: autoDraw = True
39.9755 	EXP 	fixation: autoDraw = True
40.4753 	EXP 	grating1: autoDraw = False
40.4753 	EXP 	fixation: autoDraw = False
40.4753 	EXP 	grating1: autoDraw = False
40.4753 	EXP 	fixation: autoDraw = False
40.4753 	EXP 	grating1_2: autoDraw = True
40.4753 	EXP 	fixation_2: autoDraw = True
40.9661 	EXP 	grating1_2: autoDraw = False
40.9661 	EXP 	fixation_2: autoDraw = False
40.9661 	EXP 	grating1_2: autoDraw = False
40.9661 	EXP 	fixation_2: autoDraw = False
41.0072 	EXP 	window1: mouseVisible = True
