1.5170 	WARNING 	We strongly recommend you activate the PTB sound engine in PsychoPy prefs as the preferred audio engine. Its timing is vastly superior. Your prefs are currently set to use ['sounddevice', 'PTB', 'pyo', 'pygame'] (in that order).
8.2889 	WARNING 	User requested fullscreen with size [1024  768], but screen is actually [1440, 900]. Using actual size
9.7966 	WARNING 	Couldn't measure a consistent frame rate!
  - Is your graphics card set to sync to vertical blank?
  - Are you running other processes on your computer?

9.7983 	EXP 	Created window1 = Window(allowGUI=True, allowStencil=False, autoLog=True, backendConf=UNKNOWN, bitsMode=UNKNOWN, blendMode='avg', bpc=(8, 8, 8), color=array([0, 0, 0]), colorSpace='rgb', depthBits=8, fullscr=<method-wrapper '__getattribute__' of attributeSetter object at 0x7fd9513c78e0>, gamma=None, gammaErrorPolicy='raise', lms=UNKNOWN, monitor=<psychopy.monitors.calibTools.Monitor object at 0x7fd9470474f0>, multiSample=False, name='window1', numSamples=2, pos=[360.0, 225.0], screen=0, size=array([2880, 1800]), stencilBits=0, stereo=False, units='height', useFBO=True, useRetina=True, viewOri=0.0, viewPos=None, viewScale=None, waitBlanking=True, winType='pyglet')
9.7991 	EXP 	window1: mouseVisible = True
9.8007 	EXP 	window1: mouseVisible = False
9.8007 	EXP 	window1: Attempting to measure frame rate of screen (0) ...
9.8007 	EXP 	window1: recordFrameIntervals = False
9.8955 	EXP 	window1: recordFrameIntervals = True
10.7361 	WARNING 	Couldn't measure a consistent frame rate!
  - Is your graphics card set to sync to vertical blank?
  - Are you running other processes on your computer?

13.6515 	EXP 	Created image = ImageStim(__class__=<class 'psychopy.visual.image.ImageStim'>, anchor=('center', 'center'), autoLog=True, color=array([1, 1, 1]), colorSpace='rgb', contrast=1.0, depth=-1.0, flipHoriz=False, flipVert=False, image=str(...), interpolate=True, mask=None, maskParams=None, name='image', opacity=1.0, ori=0.0, pos=array([0., 0.]), size=array([0.5, 0.5]), texRes=128.0, units='height', win=Window(...))
13.6603 	EXP 	Created fixation = ShapeStim(__class__=<class 'psychopy.visual.shape.ShapeStim'>, anchor=('center', 'center'), autoDraw=False, autoLog=True, closeShape=True, color=method-wrapper(...), colorSpace='rgb', contrast=None, depth=-2.0, fillColor=array([ 1, -1, -1]), fillColorSpace='rgb', fillRGB=array([ 1, -1, -1]), interpolate=True, lineColor=array([ 1, -1, -1]), lineColorSpace='rgb', lineRGB=array([ 1, -1, -1]), lineWidth=1.0, name='fixation', opacity=1.0, ori=0.0, pos=array([0., 0.]), size=array([0.01, 0.01]), units='height', vertices=ndarray(...), win=Window(...), windingRule=None)
13.9526 	EXP 	Created image_2 = ImageStim(__class__=<class 'psychopy.visual.image.ImageStim'>, anchor=('center', 'center'), autoLog=True, color=array([1, 1, 1]), colorSpace='rgb', contrast=1.0, depth=-1.0, flipHoriz=False, flipVert=False, image=str(...), interpolate=True, mask=None, maskParams=None, name='image_2', opacity=1.0, ori=0.0, pos=array([0., 0.]), size=array([0.5, 0.5]), texRes=128.0, units='height', win=Window(...))
13.9558 	EXP 	Created fixation_2 = ShapeStim(__class__=<class 'psychopy.visual.shape.ShapeStim'>, anchor=('center', 'center'), autoDraw=False, autoLog=True, closeShape=True, color=method-wrapper(...), colorSpace='rgb', contrast=None, depth=-2.0, fillColor=array([ 1, -1, -1]), fillColorSpace='rgb', fillRGB=array([ 1, -1, -1]), interpolate=True, lineColor=array([ 1, -1, -1]), lineColorSpace='rgb', lineRGB=array([ 1, -1, -1]), lineWidth=1.0, name='fixation_2', opacity=1.0, ori=0.0, pos=array([0., 0.]), size=array([0.01, 0.01]), units='height', vertices=ndarray(...), win=Window(...), windingRule=None)
13.9594 	EXP 	Created sequence: random, trialTypes=1, nReps=100, seed=None
13.9598 	EXP 	New trial (rep=0, index=0): None
14.0205 	WARNING 	t of last frame was 3284.64ms (=1/0)
14.0205 	EXP 	image: autoDraw = True
14.0205 	EXP 	fixation: autoDraw = True
14.0502 	WARNING 	t of last frame was 29.79ms (=1/33)
14.2124 	WARNING 	t of last frame was 42.95ms (=1/23)
14.2124 	EXP 	image: autoDraw = False
14.2124 	EXP 	fixation: autoDraw = False
14.2124 	EXP 	image: autoDraw = False
14.2124 	EXP 	fixation: autoDraw = False
14.2124 	EXP 	image_2: autoDraw = True
14.2124 	EXP 	fixation_2: autoDraw = True
14.3632 	EXP 	New trial (rep=1, index=0): None
14.3702 	EXP 	image_2: autoDraw = False
14.3702 	EXP 	fixation_2: autoDraw = False
14.3702 	EXP 	image_2: autoDraw = False
14.3702 	EXP 	fixation_2: autoDraw = False
14.3702 	EXP 	image: autoDraw = True
14.3702 	EXP 	fixation: autoDraw = True
14.5346 	EXP 	image: autoDraw = False
14.5346 	EXP 	fixation: autoDraw = False
14.5346 	EXP 	image: autoDraw = False
14.5346 	EXP 	fixation: autoDraw = False
14.5346 	EXP 	image_2: autoDraw = True
14.5346 	EXP 	fixation_2: autoDraw = True
14.6844 	EXP 	New trial (rep=2, index=0): None
14.6953 	EXP 	image_2: autoDraw = False
14.6953 	EXP 	fixation_2: autoDraw = False
14.6953 	EXP 	image_2: autoDraw = False
14.6953 	EXP 	fixation_2: autoDraw = False
14.6953 	EXP 	image: autoDraw = True
14.6953 	EXP 	fixation: autoDraw = True
14.8532 	EXP 	image: autoDraw = False
14.8532 	EXP 	fixation: autoDraw = False
14.8532 	EXP 	image: autoDraw = False
14.8532 	EXP 	fixation: autoDraw = False
14.8532 	EXP 	image_2: autoDraw = True
14.8532 	EXP 	fixation_2: autoDraw = True
15.0040 	EXP 	New trial (rep=3, index=0): None
15.0116 	EXP 	image_2: autoDraw = False
15.0116 	EXP 	fixation_2: autoDraw = False
15.0116 	EXP 	image_2: autoDraw = False
15.0116 	EXP 	fixation_2: autoDraw = False
15.0116 	EXP 	image: autoDraw = True
15.0116 	EXP 	fixation: autoDraw = True
15.1679 	EXP 	image: autoDraw = False
15.1679 	EXP 	fixation: autoDraw = False
15.1679 	EXP 	image: autoDraw = False
15.1679 	EXP 	fixation: autoDraw = False
15.1679 	EXP 	image_2: autoDraw = True
15.1679 	EXP 	fixation_2: autoDraw = True
15.3194 	EXP 	New trial (rep=4, index=0): None
15.3286 	EXP 	image_2: autoDraw = False
15.3286 	EXP 	fixation_2: autoDraw = False
15.3286 	EXP 	image_2: autoDraw = False
15.3286 	EXP 	fixation_2: autoDraw = False
15.3286 	EXP 	image: autoDraw = True
15.3286 	EXP 	fixation: autoDraw = True
15.4948 	EXP 	image: autoDraw = False
15.4948 	EXP 	fixation: autoDraw = False
15.4948 	EXP 	image: autoDraw = False
15.4948 	EXP 	fixation: autoDraw = False
15.4948 	EXP 	image_2: autoDraw = True
15.4948 	EXP 	fixation_2: autoDraw = True
15.6283 	WARNING 	t of last frame was 22.32ms (=1/44)
15.6475 	EXP 	New trial (rep=5, index=0): None
15.6551 	EXP 	image_2: autoDraw = False
15.6551 	EXP 	fixation_2: autoDraw = False
15.6551 	EXP 	image_2: autoDraw = False
15.6551 	EXP 	fixation_2: autoDraw = False
15.6551 	EXP 	image: autoDraw = True
15.6551 	EXP 	fixation: autoDraw = True
15.7950 	WARNING 	Multiple dropped frames have occurred - I'll stop bothering you about them!
15.8207 	EXP 	image: autoDraw = False
15.8207 	EXP 	fixation: autoDraw = False
15.8207 	EXP 	image: autoDraw = False
15.8207 	EXP 	fixation: autoDraw = False
15.8207 	EXP 	image_2: autoDraw = True
15.8207 	EXP 	fixation_2: autoDraw = True
15.9779 	EXP 	New trial (rep=6, index=0): None
15.9863 	EXP 	image_2: autoDraw = False
15.9863 	EXP 	fixation_2: autoDraw = False
15.9863 	EXP 	image_2: autoDraw = False
15.9863 	EXP 	fixation_2: autoDraw = False
15.9863 	EXP 	image: autoDraw = True
15.9863 	EXP 	fixation: autoDraw = True
16.1450 	EXP 	image: autoDraw = False
16.1450 	EXP 	fixation: autoDraw = False
16.1450 	EXP 	image: autoDraw = False
16.1450 	EXP 	fixation: autoDraw = False
16.1450 	EXP 	image_2: autoDraw = True
16.1450 	EXP 	fixation_2: autoDraw = True
16.3006 	EXP 	New trial (rep=7, index=0): None
16.3119 	EXP 	image_2: autoDraw = False
16.3119 	EXP 	fixation_2: autoDraw = False
16.3119 	EXP 	image_2: autoDraw = False
16.3119 	EXP 	fixation_2: autoDraw = False
16.3119 	EXP 	image: autoDraw = True
16.3119 	EXP 	fixation: autoDraw = True
16.4785 	EXP 	image: autoDraw = False
16.4785 	EXP 	fixation: autoDraw = False
16.4785 	EXP 	image: autoDraw = False
16.4785 	EXP 	fixation: autoDraw = False
16.4785 	EXP 	image_2: autoDraw = True
16.4785 	EXP 	fixation_2: autoDraw = True
16.6284 	EXP 	New trial (rep=8, index=0): None
16.6342 	EXP 	image_2: autoDraw = False
16.6342 	EXP 	fixation_2: autoDraw = False
16.6342 	EXP 	image_2: autoDraw = False
16.6342 	EXP 	fixation_2: autoDraw = False
16.6342 	EXP 	image: autoDraw = True
16.6342 	EXP 	fixation: autoDraw = True
16.8019 	EXP 	image: autoDraw = False
16.8019 	EXP 	fixation: autoDraw = False
16.8019 	EXP 	image: autoDraw = False
16.8019 	EXP 	fixation: autoDraw = False
16.8019 	EXP 	image_2: autoDraw = True
16.8019 	EXP 	fixation_2: autoDraw = True
16.9551 	EXP 	New trial (rep=9, index=0): None
16.9630 	EXP 	image_2: autoDraw = False
16.9630 	EXP 	fixation_2: autoDraw = False
16.9630 	EXP 	image_2: autoDraw = False
16.9630 	EXP 	fixation_2: autoDraw = False
16.9630 	EXP 	image: autoDraw = True
16.9630 	EXP 	fixation: autoDraw = True
17.1205 	EXP 	image: autoDraw = False
17.1205 	EXP 	fixation: autoDraw = False
17.1205 	EXP 	image: autoDraw = False
17.1205 	EXP 	fixation: autoDraw = False
17.1205 	EXP 	image_2: autoDraw = True
17.1205 	EXP 	fixation_2: autoDraw = True
17.2815 	EXP 	New trial (rep=10, index=0): None
17.2886 	EXP 	image_2: autoDraw = False
17.2886 	EXP 	fixation_2: autoDraw = False
17.2886 	EXP 	image_2: autoDraw = False
17.2886 	EXP 	fixation_2: autoDraw = False
17.2886 	EXP 	image: autoDraw = True
17.2886 	EXP 	fixation: autoDraw = True
17.4534 	EXP 	image: autoDraw = False
17.4534 	EXP 	fixation: autoDraw = False
17.4534 	EXP 	image: autoDraw = False
17.4534 	EXP 	fixation: autoDraw = False
17.4534 	EXP 	image_2: autoDraw = True
17.4534 	EXP 	fixation_2: autoDraw = True
17.6047 	EXP 	New trial (rep=11, index=0): None
17.6127 	EXP 	image_2: autoDraw = False
17.6127 	EXP 	fixation_2: autoDraw = False
17.6127 	EXP 	image_2: autoDraw = False
17.6127 	EXP 	fixation_2: autoDraw = False
17.6127 	EXP 	image: autoDraw = True
17.6127 	EXP 	fixation: autoDraw = True
17.7704 	EXP 	image: autoDraw = False
17.7704 	EXP 	fixation: autoDraw = False
17.7704 	EXP 	image: autoDraw = False
17.7704 	EXP 	fixation: autoDraw = False
17.7704 	EXP 	image_2: autoDraw = True
17.7704 	EXP 	fixation_2: autoDraw = True
17.9214 	EXP 	New trial (rep=12, index=0): None
17.9297 	EXP 	image_2: autoDraw = False
17.9297 	EXP 	fixation_2: autoDraw = False
17.9297 	EXP 	image_2: autoDraw = False
17.9297 	EXP 	fixation_2: autoDraw = False
17.9297 	EXP 	image: autoDraw = True
17.9297 	EXP 	fixation: autoDraw = True
18.0874 	EXP 	image: autoDraw = False
18.0874 	EXP 	fixation: autoDraw = False
18.0874 	EXP 	image: autoDraw = False
18.0874 	EXP 	fixation: autoDraw = False
18.0874 	EXP 	image_2: autoDraw = True
18.0874 	EXP 	fixation_2: autoDraw = True
18.2386 	EXP 	New trial (rep=13, index=0): None
18.2452 	EXP 	image_2: autoDraw = False
18.2452 	EXP 	fixation_2: autoDraw = False
18.2452 	EXP 	image_2: autoDraw = False
18.2452 	EXP 	fixation_2: autoDraw = False
18.2452 	EXP 	image: autoDraw = True
18.2452 	EXP 	fixation: autoDraw = True
18.4063 	EXP 	image: autoDraw = False
18.4063 	EXP 	fixation: autoDraw = False
18.4063 	EXP 	image: autoDraw = False
18.4063 	EXP 	fixation: autoDraw = False
18.4063 	EXP 	image_2: autoDraw = True
18.4063 	EXP 	fixation_2: autoDraw = True
18.5627 	EXP 	New trial (rep=14, index=0): None
18.5690 	EXP 	image_2: autoDraw = False
18.5690 	EXP 	fixation_2: autoDraw = False
18.5690 	EXP 	image_2: autoDraw = False
18.5690 	EXP 	fixation_2: autoDraw = False
18.5690 	EXP 	image: autoDraw = True
18.5690 	EXP 	fixation: autoDraw = True
18.7294 	EXP 	image: autoDraw = False
18.7294 	EXP 	fixation: autoDraw = False
18.7294 	EXP 	image: autoDraw = False
18.7294 	EXP 	fixation: autoDraw = False
18.7294 	EXP 	image_2: autoDraw = True
18.7294 	EXP 	fixation_2: autoDraw = True
18.8806 	EXP 	New trial (rep=15, index=0): None
18.8875 	EXP 	image_2: autoDraw = False
18.8875 	EXP 	fixation_2: autoDraw = False
18.8875 	EXP 	image_2: autoDraw = False
18.8875 	EXP 	fixation_2: autoDraw = False
18.8875 	EXP 	image: autoDraw = True
18.8875 	EXP 	fixation: autoDraw = True
19.0528 	EXP 	image: autoDraw = False
19.0528 	EXP 	fixation: autoDraw = False
19.0528 	EXP 	image: autoDraw = False
19.0528 	EXP 	fixation: autoDraw = False
19.0528 	EXP 	image_2: autoDraw = True
19.0528 	EXP 	fixation_2: autoDraw = True
19.2024 	EXP 	New trial (rep=16, index=0): None
19.2119 	EXP 	image_2: autoDraw = False
19.2119 	EXP 	fixation_2: autoDraw = False
19.2119 	EXP 	image_2: autoDraw = False
19.2119 	EXP 	fixation_2: autoDraw = False
19.2119 	EXP 	image: autoDraw = True
19.2119 	EXP 	fixation: autoDraw = True
19.3700 	EXP 	image: autoDraw = False
19.3700 	EXP 	fixation: autoDraw = False
19.3700 	EXP 	image: autoDraw = False
19.3700 	EXP 	fixation: autoDraw = False
19.3700 	EXP 	image_2: autoDraw = True
19.3700 	EXP 	fixation_2: autoDraw = True
19.5249 	EXP 	New trial (rep=17, index=0): None
19.5381 	EXP 	image_2: autoDraw = False
19.5381 	EXP 	fixation_2: autoDraw = False
19.5381 	EXP 	image_2: autoDraw = False
19.5381 	EXP 	fixation_2: autoDraw = False
19.5381 	EXP 	image: autoDraw = True
19.5381 	EXP 	fixation: autoDraw = True
19.7047 	EXP 	image: autoDraw = False
19.7047 	EXP 	fixation: autoDraw = False
19.7047 	EXP 	image: autoDraw = False
19.7047 	EXP 	fixation: autoDraw = False
19.7047 	EXP 	image_2: autoDraw = True
19.7047 	EXP 	fixation_2: autoDraw = True
19.8639 	EXP 	New trial (rep=18, index=0): None
19.8710 	EXP 	image_2: autoDraw = False
19.8710 	EXP 	fixation_2: autoDraw = False
19.8710 	EXP 	image_2: autoDraw = False
19.8710 	EXP 	fixation_2: autoDraw = False
19.8710 	EXP 	image: autoDraw = True
19.8710 	EXP 	fixation: autoDraw = True
20.0290 	EXP 	image: autoDraw = False
20.0290 	EXP 	fixation: autoDraw = False
20.0290 	EXP 	image: autoDraw = False
20.0290 	EXP 	fixation: autoDraw = False
20.0290 	EXP 	image_2: autoDraw = True
20.0290 	EXP 	fixation_2: autoDraw = True
20.1885 	EXP 	New trial (rep=19, index=0): None
20.1959 	EXP 	image_2: autoDraw = False
20.1959 	EXP 	fixation_2: autoDraw = False
20.1959 	EXP 	image_2: autoDraw = False
20.1959 	EXP 	fixation_2: autoDraw = False
20.1959 	EXP 	image: autoDraw = True
20.1959 	EXP 	fixation: autoDraw = True
20.3504 	EXP 	image: autoDraw = False
20.3504 	EXP 	fixation: autoDraw = False
20.3504 	EXP 	image: autoDraw = False
20.3504 	EXP 	fixation: autoDraw = False
20.3504 	EXP 	image_2: autoDraw = True
20.3504 	EXP 	fixation_2: autoDraw = True
20.5007 	EXP 	New trial (rep=20, index=0): None
20.5120 	EXP 	image_2: autoDraw = False
20.5120 	EXP 	fixation_2: autoDraw = False
20.5120 	EXP 	image_2: autoDraw = False
20.5120 	EXP 	fixation_2: autoDraw = False
20.5120 	EXP 	image: autoDraw = True
20.5120 	EXP 	fixation: autoDraw = True
20.6696 	EXP 	image: autoDraw = False
20.6696 	EXP 	fixation: autoDraw = False
20.6696 	EXP 	image: autoDraw = False
20.6696 	EXP 	fixation: autoDraw = False
20.6696 	EXP 	image_2: autoDraw = True
20.6696 	EXP 	fixation_2: autoDraw = True
20.8301 	EXP 	New trial (rep=21, index=0): None
20.8367 	EXP 	image_2: autoDraw = False
20.8367 	EXP 	fixation_2: autoDraw = False
20.8367 	EXP 	image_2: autoDraw = False
20.8367 	EXP 	fixation_2: autoDraw = False
20.8367 	EXP 	image: autoDraw = True
20.8367 	EXP 	fixation: autoDraw = True
20.9951 	EXP 	image: autoDraw = False
20.9951 	EXP 	fixation: autoDraw = False
20.9951 	EXP 	image: autoDraw = False
20.9951 	EXP 	fixation: autoDraw = False
20.9951 	EXP 	image_2: autoDraw = True
20.9951 	EXP 	fixation_2: autoDraw = True
21.1524 	EXP 	New trial (rep=22, index=0): None
21.1618 	EXP 	image_2: autoDraw = False
21.1618 	EXP 	fixation_2: autoDraw = False
21.1618 	EXP 	image_2: autoDraw = False
21.1618 	EXP 	fixation_2: autoDraw = False
21.1618 	EXP 	image: autoDraw = True
21.1618 	EXP 	fixation: autoDraw = True
21.3203 	EXP 	image: autoDraw = False
21.3203 	EXP 	fixation: autoDraw = False
21.3203 	EXP 	image: autoDraw = False
21.3203 	EXP 	fixation: autoDraw = False
21.3203 	EXP 	image_2: autoDraw = True
21.3203 	EXP 	fixation_2: autoDraw = True
21.4811 	EXP 	New trial (rep=23, index=0): None
21.4883 	EXP 	image_2: autoDraw = False
21.4883 	EXP 	fixation_2: autoDraw = False
21.4883 	EXP 	image_2: autoDraw = False
21.4883 	EXP 	fixation_2: autoDraw = False
21.4883 	EXP 	image: autoDraw = True
21.4883 	EXP 	fixation: autoDraw = True
21.6535 	EXP 	image: autoDraw = False
21.6535 	EXP 	fixation: autoDraw = False
21.6535 	EXP 	image: autoDraw = False
21.6535 	EXP 	fixation: autoDraw = False
21.6535 	EXP 	image_2: autoDraw = True
21.6535 	EXP 	fixation_2: autoDraw = True
21.8036 	EXP 	New trial (rep=24, index=0): None
21.8116 	EXP 	image_2: autoDraw = False
21.8116 	EXP 	fixation_2: autoDraw = False
21.8116 	EXP 	image_2: autoDraw = False
21.8116 	EXP 	fixation_2: autoDraw = False
21.8116 	EXP 	image: autoDraw = True
21.8116 	EXP 	fixation: autoDraw = True
21.9696 	EXP 	image: autoDraw = False
21.9696 	EXP 	fixation: autoDraw = False
21.9696 	EXP 	image: autoDraw = False
21.9696 	EXP 	fixation: autoDraw = False
21.9696 	EXP 	image_2: autoDraw = True
21.9696 	EXP 	fixation_2: autoDraw = True
22.1250 	EXP 	New trial (rep=25, index=0): None
22.1385 	EXP 	image_2: autoDraw = False
22.1385 	EXP 	fixation_2: autoDraw = False
22.1385 	EXP 	image_2: autoDraw = False
22.1385 	EXP 	fixation_2: autoDraw = False
22.1385 	EXP 	image: autoDraw = True
22.1385 	EXP 	fixation: autoDraw = True
22.3026 	EXP 	image: autoDraw = False
22.3026 	EXP 	fixation: autoDraw = False
22.3026 	EXP 	image: autoDraw = False
22.3026 	EXP 	fixation: autoDraw = False
22.3026 	EXP 	image_2: autoDraw = True
22.3026 	EXP 	fixation_2: autoDraw = True
22.4565 	EXP 	New trial (rep=26, index=0): None
22.4626 	EXP 	image_2: autoDraw = False
22.4626 	EXP 	fixation_2: autoDraw = False
22.4626 	EXP 	image_2: autoDraw = False
22.4626 	EXP 	fixation_2: autoDraw = False
22.4626 	EXP 	image: autoDraw = True
22.4626 	EXP 	fixation: autoDraw = True
22.6201 	EXP 	image: autoDraw = False
22.6201 	EXP 	fixation: autoDraw = False
22.6201 	EXP 	image: autoDraw = False
22.6201 	EXP 	fixation: autoDraw = False
22.6201 	EXP 	image_2: autoDraw = True
22.6201 	EXP 	fixation_2: autoDraw = True
22.7738 	EXP 	New trial (rep=27, index=0): None
22.7946 	EXP 	image_2: autoDraw = False
22.7946 	EXP 	fixation_2: autoDraw = False
22.7946 	EXP 	image_2: autoDraw = False
22.7946 	EXP 	fixation_2: autoDraw = False
22.7946 	EXP 	image: autoDraw = True
22.7946 	EXP 	fixation: autoDraw = True
22.9514 	EXP 	image: autoDraw = False
22.9514 	EXP 	fixation: autoDraw = False
22.9514 	EXP 	image: autoDraw = False
22.9514 	EXP 	fixation: autoDraw = False
22.9514 	EXP 	image_2: autoDraw = True
22.9514 	EXP 	fixation_2: autoDraw = True
23.1035 	EXP 	New trial (rep=28, index=0): None
23.1115 	EXP 	image_2: autoDraw = False
23.1115 	EXP 	fixation_2: autoDraw = False
23.1115 	EXP 	image_2: autoDraw = False
23.1115 	EXP 	fixation_2: autoDraw = False
23.1115 	EXP 	image: autoDraw = True
23.1115 	EXP 	fixation: autoDraw = True
23.2684 	EXP 	image: autoDraw = False
23.2684 	EXP 	fixation: autoDraw = False
23.2684 	EXP 	image: autoDraw = False
23.2684 	EXP 	fixation: autoDraw = False
23.2684 	EXP 	image_2: autoDraw = True
23.2684 	EXP 	fixation_2: autoDraw = True
23.4192 	EXP 	New trial (rep=29, index=0): None
23.4269 	EXP 	image_2: autoDraw = False
23.4269 	EXP 	fixation_2: autoDraw = False
23.4269 	EXP 	image_2: autoDraw = False
23.4269 	EXP 	fixation_2: autoDraw = False
23.4269 	EXP 	image: autoDraw = True
23.4269 	EXP 	fixation: autoDraw = True
23.5864 	EXP 	image: autoDraw = False
23.5864 	EXP 	fixation: autoDraw = False
23.5864 	EXP 	image: autoDraw = False
23.5864 	EXP 	fixation: autoDraw = False
23.5864 	EXP 	image_2: autoDraw = True
23.5864 	EXP 	fixation_2: autoDraw = True
23.7470 	EXP 	New trial (rep=30, index=0): None
23.7620 	EXP 	image_2: autoDraw = False
23.7620 	EXP 	fixation_2: autoDraw = False
23.7620 	EXP 	image_2: autoDraw = False
23.7620 	EXP 	fixation_2: autoDraw = False
23.7620 	EXP 	image: autoDraw = True
23.7620 	EXP 	fixation: autoDraw = True
23.9195 	EXP 	image: autoDraw = False
23.9195 	EXP 	fixation: autoDraw = False
23.9195 	EXP 	image: autoDraw = False
23.9195 	EXP 	fixation: autoDraw = False
23.9195 	EXP 	image_2: autoDraw = True
23.9195 	EXP 	fixation_2: autoDraw = True
24.0773 	EXP 	New trial (rep=31, index=0): None
24.0841 	EXP 	image_2: autoDraw = False
24.0841 	EXP 	fixation_2: autoDraw = False
24.0841 	EXP 	image_2: autoDraw = False
24.0841 	EXP 	fixation_2: autoDraw = False
24.0841 	EXP 	image: autoDraw = True
24.0841 	EXP 	fixation: autoDraw = True
24.2456 	EXP 	image: autoDraw = False
24.2456 	EXP 	fixation: autoDraw = False
24.2456 	EXP 	image: autoDraw = False
24.2456 	EXP 	fixation: autoDraw = False
24.2456 	EXP 	image_2: autoDraw = True
24.2456 	EXP 	fixation_2: autoDraw = True
24.4021 	EXP 	New trial (rep=32, index=0): None
24.4090 	EXP 	image_2: autoDraw = False
24.4090 	EXP 	fixation_2: autoDraw = False
24.4090 	EXP 	image_2: autoDraw = False
24.4090 	EXP 	fixation_2: autoDraw = False
24.4090 	EXP 	image: autoDraw = True
24.4090 	EXP 	fixation: autoDraw = True
24.5702 	EXP 	image: autoDraw = False
24.5702 	EXP 	fixation: autoDraw = False
24.5702 	EXP 	image: autoDraw = False
24.5702 	EXP 	fixation: autoDraw = False
24.5702 	EXP 	image_2: autoDraw = True
24.5702 	EXP 	fixation_2: autoDraw = True
24.7257 	EXP 	New trial (rep=33, index=0): None
24.7337 	EXP 	image_2: autoDraw = False
24.7337 	EXP 	fixation_2: autoDraw = False
24.7337 	EXP 	image_2: autoDraw = False
24.7337 	EXP 	fixation_2: autoDraw = False
24.7337 	EXP 	image: autoDraw = True
24.7337 	EXP 	fixation: autoDraw = True
24.8953 	EXP 	image: autoDraw = False
24.8953 	EXP 	fixation: autoDraw = False
24.8953 	EXP 	image: autoDraw = False
24.8953 	EXP 	fixation: autoDraw = False
24.8953 	EXP 	image_2: autoDraw = True
24.8953 	EXP 	fixation_2: autoDraw = True
25.0460 	EXP 	New trial (rep=34, index=0): None
25.0524 	EXP 	image_2: autoDraw = False
25.0524 	EXP 	fixation_2: autoDraw = False
25.0524 	EXP 	image_2: autoDraw = False
25.0524 	EXP 	fixation_2: autoDraw = False
25.0524 	EXP 	image: autoDraw = True
25.0524 	EXP 	fixation: autoDraw = True
25.2110 	EXP 	image: autoDraw = False
25.2110 	EXP 	fixation: autoDraw = False
25.2110 	EXP 	image: autoDraw = False
25.2110 	EXP 	fixation: autoDraw = False
25.2110 	EXP 	image_2: autoDraw = True
25.2110 	EXP 	fixation_2: autoDraw = True
25.3636 	EXP 	New trial (rep=35, index=0): None
25.3706 	EXP 	image_2: autoDraw = False
25.3706 	EXP 	fixation_2: autoDraw = False
25.3706 	EXP 	image_2: autoDraw = False
25.3706 	EXP 	fixation_2: autoDraw = False
25.3706 	EXP 	image: autoDraw = True
25.3706 	EXP 	fixation: autoDraw = True
25.5286 	EXP 	image: autoDraw = False
25.5286 	EXP 	fixation: autoDraw = False
25.5286 	EXP 	image: autoDraw = False
25.5286 	EXP 	fixation: autoDraw = False
25.5286 	EXP 	image_2: autoDraw = True
25.5286 	EXP 	fixation_2: autoDraw = True
25.6873 	EXP 	New trial (rep=36, index=0): None
25.6950 	EXP 	image_2: autoDraw = False
25.6950 	EXP 	fixation_2: autoDraw = False
25.6950 	EXP 	image_2: autoDraw = False
25.6950 	EXP 	fixation_2: autoDraw = False
25.6950 	EXP 	image: autoDraw = True
25.6950 	EXP 	fixation: autoDraw = True
25.8537 	EXP 	image: autoDraw = False
25.8537 	EXP 	fixation: autoDraw = False
25.8537 	EXP 	image: autoDraw = False
25.8537 	EXP 	fixation: autoDraw = False
25.8537 	EXP 	image_2: autoDraw = True
25.8537 	EXP 	fixation_2: autoDraw = True
26.0053 	EXP 	New trial (rep=37, index=0): None
26.0130 	EXP 	image_2: autoDraw = False
26.0130 	EXP 	fixation_2: autoDraw = False
26.0130 	EXP 	image_2: autoDraw = False
26.0130 	EXP 	fixation_2: autoDraw = False
26.0130 	EXP 	image: autoDraw = True
26.0130 	EXP 	fixation: autoDraw = True
26.1686 	EXP 	image: autoDraw = False
26.1686 	EXP 	fixation: autoDraw = False
26.1686 	EXP 	image: autoDraw = False
26.1686 	EXP 	fixation: autoDraw = False
26.1686 	EXP 	image_2: autoDraw = True
26.1686 	EXP 	fixation_2: autoDraw = True
26.3226 	EXP 	New trial (rep=38, index=0): None
26.3311 	EXP 	image_2: autoDraw = False
26.3311 	EXP 	fixation_2: autoDraw = False
26.3311 	EXP 	image_2: autoDraw = False
26.3311 	EXP 	fixation_2: autoDraw = False
26.3311 	EXP 	image: autoDraw = True
26.3311 	EXP 	fixation: autoDraw = True
26.4951 	EXP 	image: autoDraw = False
26.4951 	EXP 	fixation: autoDraw = False
26.4951 	EXP 	image: autoDraw = False
26.4951 	EXP 	fixation: autoDraw = False
26.4951 	EXP 	image_2: autoDraw = True
26.4951 	EXP 	fixation_2: autoDraw = True
26.6474 	EXP 	New trial (rep=39, index=0): None
26.6549 	EXP 	image_2: autoDraw = False
26.6549 	EXP 	fixation_2: autoDraw = False
26.6549 	EXP 	image_2: autoDraw = False
26.6549 	EXP 	fixation_2: autoDraw = False
26.6549 	EXP 	image: autoDraw = True
26.6549 	EXP 	fixation: autoDraw = True
26.8128 	EXP 	image: autoDraw = False
26.8128 	EXP 	fixation: autoDraw = False
26.8128 	EXP 	image: autoDraw = False
26.8128 	EXP 	fixation: autoDraw = False
26.8128 	EXP 	image_2: autoDraw = True
26.8128 	EXP 	fixation_2: autoDraw = True
26.9632 	EXP 	New trial (rep=40, index=0): None
26.9705 	EXP 	image_2: autoDraw = False
26.9705 	EXP 	fixation_2: autoDraw = False
26.9705 	EXP 	image_2: autoDraw = False
26.9705 	EXP 	fixation_2: autoDraw = False
26.9705 	EXP 	image: autoDraw = True
26.9705 	EXP 	fixation: autoDraw = True
27.1301 	EXP 	image: autoDraw = False
27.1301 	EXP 	fixation: autoDraw = False
27.1301 	EXP 	image: autoDraw = False
27.1301 	EXP 	fixation: autoDraw = False
27.1301 	EXP 	image_2: autoDraw = True
27.1301 	EXP 	fixation_2: autoDraw = True
27.2883 	EXP 	New trial (rep=41, index=0): None
27.2974 	EXP 	image_2: autoDraw = False
27.2974 	EXP 	fixation_2: autoDraw = False
27.2974 	EXP 	image_2: autoDraw = False
27.2974 	EXP 	fixation_2: autoDraw = False
27.2974 	EXP 	image: autoDraw = True
27.2974 	EXP 	fixation: autoDraw = True
27.4609 	EXP 	image: autoDraw = False
27.4609 	EXP 	fixation: autoDraw = False
27.4609 	EXP 	image: autoDraw = False
27.4609 	EXP 	fixation: autoDraw = False
27.4609 	EXP 	image_2: autoDraw = True
27.4609 	EXP 	fixation_2: autoDraw = True
27.6232 	EXP 	New trial (rep=42, index=0): None
27.6305 	EXP 	image_2: autoDraw = False
27.6305 	EXP 	fixation_2: autoDraw = False
27.6305 	EXP 	image_2: autoDraw = False
27.6305 	EXP 	fixation_2: autoDraw = False
27.6305 	EXP 	image: autoDraw = True
27.6305 	EXP 	fixation: autoDraw = True
27.7946 	EXP 	image: autoDraw = False
27.7946 	EXP 	fixation: autoDraw = False
27.7946 	EXP 	image: autoDraw = False
27.7946 	EXP 	fixation: autoDraw = False
27.7946 	EXP 	image_2: autoDraw = True
27.7946 	EXP 	fixation_2: autoDraw = True
27.9444 	EXP 	New trial (rep=43, index=0): None
27.9507 	EXP 	image_2: autoDraw = False
27.9507 	EXP 	fixation_2: autoDraw = False
27.9507 	EXP 	image_2: autoDraw = False
27.9507 	EXP 	fixation_2: autoDraw = False
27.9507 	EXP 	image: autoDraw = True
27.9507 	EXP 	fixation: autoDraw = True
28.1117 	EXP 	image: autoDraw = False
28.1117 	EXP 	fixation: autoDraw = False
28.1117 	EXP 	image: autoDraw = False
28.1117 	EXP 	fixation: autoDraw = False
28.1117 	EXP 	image_2: autoDraw = True
28.1117 	EXP 	fixation_2: autoDraw = True
28.2637 	EXP 	New trial (rep=44, index=0): None
28.2706 	EXP 	image_2: autoDraw = False
28.2706 	EXP 	fixation_2: autoDraw = False
28.2706 	EXP 	image_2: autoDraw = False
28.2706 	EXP 	fixation_2: autoDraw = False
28.2706 	EXP 	image: autoDraw = True
28.2706 	EXP 	fixation: autoDraw = True
28.4282 	EXP 	image: autoDraw = False
28.4282 	EXP 	fixation: autoDraw = False
28.4282 	EXP 	image: autoDraw = False
28.4282 	EXP 	fixation: autoDraw = False
28.4282 	EXP 	image_2: autoDraw = True
28.4282 	EXP 	fixation_2: autoDraw = True
28.5804 	EXP 	New trial (rep=45, index=0): None
28.5878 	EXP 	image_2: autoDraw = False
28.5878 	EXP 	fixation_2: autoDraw = False
28.5878 	EXP 	image_2: autoDraw = False
28.5878 	EXP 	fixation_2: autoDraw = False
28.5878 	EXP 	image: autoDraw = True
28.5878 	EXP 	fixation: autoDraw = True
28.7506 	EXP 	image: autoDraw = False
28.7506 	EXP 	fixation: autoDraw = False
28.7506 	EXP 	image: autoDraw = False
28.7506 	EXP 	fixation: autoDraw = False
28.7506 	EXP 	image_2: autoDraw = True
28.7506 	EXP 	fixation_2: autoDraw = True
28.9041 	EXP 	New trial (rep=46, index=0): None
28.9119 	EXP 	image_2: autoDraw = False
28.9119 	EXP 	fixation_2: autoDraw = False
28.9119 	EXP 	image_2: autoDraw = False
28.9119 	EXP 	fixation_2: autoDraw = False
28.9119 	EXP 	image: autoDraw = True
28.9119 	EXP 	fixation: autoDraw = True
29.0690 	EXP 	image: autoDraw = False
29.0690 	EXP 	fixation: autoDraw = False
29.0690 	EXP 	image: autoDraw = False
29.0690 	EXP 	fixation: autoDraw = False
29.0690 	EXP 	image_2: autoDraw = True
29.0690 	EXP 	fixation_2: autoDraw = True
29.2215 	EXP 	New trial (rep=47, index=0): None
29.2317 	EXP 	image_2: autoDraw = False
29.2317 	EXP 	fixation_2: autoDraw = False
29.2317 	EXP 	image_2: autoDraw = False
29.2317 	EXP 	fixation_2: autoDraw = False
29.2317 	EXP 	image: autoDraw = True
29.2317 	EXP 	fixation: autoDraw = True
29.3952 	EXP 	image: autoDraw = False
29.3952 	EXP 	fixation: autoDraw = False
29.3952 	EXP 	image: autoDraw = False
29.3952 	EXP 	fixation: autoDraw = False
29.3952 	EXP 	image_2: autoDraw = True
29.3952 	EXP 	fixation_2: autoDraw = True
29.5490 	EXP 	New trial (rep=48, index=0): None
29.5556 	EXP 	image_2: autoDraw = False
29.5556 	EXP 	fixation_2: autoDraw = False
29.5556 	EXP 	image_2: autoDraw = False
29.5556 	EXP 	fixation_2: autoDraw = False
29.5556 	EXP 	image: autoDraw = True
29.5556 	EXP 	fixation: autoDraw = True
29.7171 	EXP 	image: autoDraw = False
29.7171 	EXP 	fixation: autoDraw = False
29.7171 	EXP 	image: autoDraw = False
29.7171 	EXP 	fixation: autoDraw = False
29.7171 	EXP 	image_2: autoDraw = True
29.7171 	EXP 	fixation_2: autoDraw = True
29.8764 	EXP 	New trial (rep=49, index=0): None
29.8845 	EXP 	image_2: autoDraw = False
29.8845 	EXP 	fixation_2: autoDraw = False
29.8845 	EXP 	image_2: autoDraw = False
29.8845 	EXP 	fixation_2: autoDraw = False
29.8845 	EXP 	image: autoDraw = True
29.8845 	EXP 	fixation: autoDraw = True
30.0443 	EXP 	image: autoDraw = False
30.0443 	EXP 	fixation: autoDraw = False
30.0443 	EXP 	image: autoDraw = False
30.0443 	EXP 	fixation: autoDraw = False
30.0443 	EXP 	image_2: autoDraw = True
30.0443 	EXP 	fixation_2: autoDraw = True
30.1972 	EXP 	New trial (rep=50, index=0): None
30.2120 	EXP 	image_2: autoDraw = False
30.2120 	EXP 	fixation_2: autoDraw = False
30.2120 	EXP 	image_2: autoDraw = False
30.2120 	EXP 	fixation_2: autoDraw = False
30.2120 	EXP 	image: autoDraw = True
30.2120 	EXP 	fixation: autoDraw = True
30.3676 	EXP 	image: autoDraw = False
30.3676 	EXP 	fixation: autoDraw = False
30.3676 	EXP 	image: autoDraw = False
30.3676 	EXP 	fixation: autoDraw = False
30.3676 	EXP 	image_2: autoDraw = True
30.3676 	EXP 	fixation_2: autoDraw = True
30.5213 	EXP 	New trial (rep=51, index=0): None
30.5278 	EXP 	image_2: autoDraw = False
30.5278 	EXP 	fixation_2: autoDraw = False
30.5278 	EXP 	image_2: autoDraw = False
30.5278 	EXP 	fixation_2: autoDraw = False
30.5278 	EXP 	image: autoDraw = True
30.5278 	EXP 	fixation: autoDraw = True
30.6861 	EXP 	image: autoDraw = False
30.6861 	EXP 	fixation: autoDraw = False
30.6861 	EXP 	image: autoDraw = False
30.6861 	EXP 	fixation: autoDraw = False
30.6861 	EXP 	image_2: autoDraw = True
30.6861 	EXP 	fixation_2: autoDraw = True
30.8404 	EXP 	New trial (rep=52, index=0): None
30.8480 	EXP 	image_2: autoDraw = False
30.8480 	EXP 	fixation_2: autoDraw = False
30.8480 	EXP 	image_2: autoDraw = False
30.8480 	EXP 	fixation_2: autoDraw = False
30.8480 	EXP 	image: autoDraw = True
30.8480 	EXP 	fixation: autoDraw = True
31.0116 	EXP 	image: autoDraw = False
31.0116 	EXP 	fixation: autoDraw = False
31.0116 	EXP 	image: autoDraw = False
31.0116 	EXP 	fixation: autoDraw = False
31.0116 	EXP 	image_2: autoDraw = True
31.0116 	EXP 	fixation_2: autoDraw = True
31.1642 	EXP 	New trial (rep=53, index=0): None
31.1704 	EXP 	image_2: autoDraw = False
31.1704 	EXP 	fixation_2: autoDraw = False
31.1704 	EXP 	image_2: autoDraw = False
31.1704 	EXP 	fixation_2: autoDraw = False
31.1704 	EXP 	image: autoDraw = True
31.1704 	EXP 	fixation: autoDraw = True
31.3285 	EXP 	image: autoDraw = False
31.3285 	EXP 	fixation: autoDraw = False
31.3285 	EXP 	image: autoDraw = False
31.3285 	EXP 	fixation: autoDraw = False
31.3285 	EXP 	image_2: autoDraw = True
31.3285 	EXP 	fixation_2: autoDraw = True
31.4799 	EXP 	New trial (rep=54, index=0): None
31.4868 	EXP 	image_2: autoDraw = False
31.4868 	EXP 	fixation_2: autoDraw = False
31.4868 	EXP 	image_2: autoDraw = False
31.4868 	EXP 	fixation_2: autoDraw = False
31.4868 	EXP 	image: autoDraw = True
31.4868 	EXP 	fixation: autoDraw = True
31.6447 	EXP 	image: autoDraw = False
31.6447 	EXP 	fixation: autoDraw = False
31.6447 	EXP 	image: autoDraw = False
31.6447 	EXP 	fixation: autoDraw = False
31.6447 	EXP 	image_2: autoDraw = True
31.6447 	EXP 	fixation_2: autoDraw = True
31.7976 	EXP 	New trial (rep=55, index=0): None
31.8048 	EXP 	image_2: autoDraw = False
31.8048 	EXP 	fixation_2: autoDraw = False
31.8048 	EXP 	image_2: autoDraw = False
31.8048 	EXP 	fixation_2: autoDraw = False
31.8048 	EXP 	image: autoDraw = True
31.8048 	EXP 	fixation: autoDraw = True
31.9633 	EXP 	image: autoDraw = False
31.9633 	EXP 	fixation: autoDraw = False
31.9633 	EXP 	image: autoDraw = False
31.9633 	EXP 	fixation: autoDraw = False
31.9633 	EXP 	image_2: autoDraw = True
31.9633 	EXP 	fixation_2: autoDraw = True
32.1213 	EXP 	New trial (rep=56, index=0): None
32.1288 	EXP 	image_2: autoDraw = False
32.1288 	EXP 	fixation_2: autoDraw = False
32.1288 	EXP 	image_2: autoDraw = False
32.1288 	EXP 	fixation_2: autoDraw = False
32.1288 	EXP 	image: autoDraw = True
32.1288 	EXP 	fixation: autoDraw = True
32.2860 	EXP 	image: autoDraw = False
32.2860 	EXP 	fixation: autoDraw = False
32.2860 	EXP 	image: autoDraw = False
32.2860 	EXP 	fixation: autoDraw = False
32.2860 	EXP 	image_2: autoDraw = True
32.2860 	EXP 	fixation_2: autoDraw = True
32.4473 	EXP 	New trial (rep=57, index=0): None
32.4619 	EXP 	image_2: autoDraw = False
32.4619 	EXP 	fixation_2: autoDraw = False
32.4619 	EXP 	image_2: autoDraw = False
32.4619 	EXP 	fixation_2: autoDraw = False
32.4619 	EXP 	image: autoDraw = True
32.4619 	EXP 	fixation: autoDraw = True
32.6234 	EXP 	image: autoDraw = False
32.6234 	EXP 	fixation: autoDraw = False
32.6234 	EXP 	image: autoDraw = False
32.6234 	EXP 	fixation: autoDraw = False
32.6234 	EXP 	image_2: autoDraw = True
32.6234 	EXP 	fixation_2: autoDraw = True
32.7790 	EXP 	New trial (rep=58, index=0): None
32.7848 	EXP 	image_2: autoDraw = False
32.7848 	EXP 	fixation_2: autoDraw = False
32.7848 	EXP 	image_2: autoDraw = False
32.7848 	EXP 	fixation_2: autoDraw = False
32.7848 	EXP 	image: autoDraw = True
32.7848 	EXP 	fixation: autoDraw = True
32.9464 	EXP 	image: autoDraw = False
32.9464 	EXP 	fixation: autoDraw = False
32.9464 	EXP 	image: autoDraw = False
32.9464 	EXP 	fixation: autoDraw = False
32.9464 	EXP 	image_2: autoDraw = True
32.9464 	EXP 	fixation_2: autoDraw = True
33.0974 	EXP 	New trial (rep=59, index=0): None
33.1041 	EXP 	image_2: autoDraw = False
33.1041 	EXP 	fixation_2: autoDraw = False
33.1041 	EXP 	image_2: autoDraw = False
33.1041 	EXP 	fixation_2: autoDraw = False
33.1041 	EXP 	image: autoDraw = True
33.1041 	EXP 	fixation: autoDraw = True
33.2626 	EXP 	image: autoDraw = False
33.2626 	EXP 	fixation: autoDraw = False
33.2626 	EXP 	image: autoDraw = False
33.2626 	EXP 	fixation: autoDraw = False
33.2626 	EXP 	image_2: autoDraw = True
33.2626 	EXP 	fixation_2: autoDraw = True
33.4124 	EXP 	New trial (rep=60, index=0): None
33.4188 	EXP 	image_2: autoDraw = False
33.4188 	EXP 	fixation_2: autoDraw = False
33.4188 	EXP 	image_2: autoDraw = False
33.4188 	EXP 	fixation_2: autoDraw = False
33.4188 	EXP 	image: autoDraw = True
33.4188 	EXP 	fixation: autoDraw = True
33.5785 	EXP 	image: autoDraw = False
33.5785 	EXP 	fixation: autoDraw = False
33.5785 	EXP 	image: autoDraw = False
33.5785 	EXP 	fixation: autoDraw = False
33.5785 	EXP 	image_2: autoDraw = True
33.5785 	EXP 	fixation_2: autoDraw = True
33.7307 	EXP 	New trial (rep=61, index=0): None
33.7388 	EXP 	image_2: autoDraw = False
33.7388 	EXP 	fixation_2: autoDraw = False
33.7388 	EXP 	image_2: autoDraw = False
33.7388 	EXP 	fixation_2: autoDraw = False
33.7388 	EXP 	image: autoDraw = True
33.7388 	EXP 	fixation: autoDraw = True
33.8998 	EXP 	image: autoDraw = False
33.8998 	EXP 	fixation: autoDraw = False
33.8998 	EXP 	image: autoDraw = False
33.8998 	EXP 	fixation: autoDraw = False
33.8998 	EXP 	image_2: autoDraw = True
33.8998 	EXP 	fixation_2: autoDraw = True
34.0541 	EXP 	New trial (rep=62, index=0): None
34.0617 	EXP 	image_2: autoDraw = False
34.0617 	EXP 	fixation_2: autoDraw = False
34.0617 	EXP 	image_2: autoDraw = False
34.0617 	EXP 	fixation_2: autoDraw = False
34.0617 	EXP 	image: autoDraw = True
34.0617 	EXP 	fixation: autoDraw = True
34.2196 	EXP 	image: autoDraw = False
34.2196 	EXP 	fixation: autoDraw = False
34.2196 	EXP 	image: autoDraw = False
34.2196 	EXP 	fixation: autoDraw = False
34.2196 	EXP 	image_2: autoDraw = True
34.2196 	EXP 	fixation_2: autoDraw = True
34.3715 	EXP 	New trial (rep=63, index=0): None
34.3796 	EXP 	image_2: autoDraw = False
34.3796 	EXP 	fixation_2: autoDraw = False
34.3796 	EXP 	image_2: autoDraw = False
34.3796 	EXP 	fixation_2: autoDraw = False
34.3796 	EXP 	image: autoDraw = True
34.3796 	EXP 	fixation: autoDraw = True
34.5470 	EXP 	image: autoDraw = False
34.5470 	EXP 	fixation: autoDraw = False
34.5470 	EXP 	image: autoDraw = False
34.5470 	EXP 	fixation: autoDraw = False
34.5470 	EXP 	image_2: autoDraw = True
34.5470 	EXP 	fixation_2: autoDraw = True
34.7038 	EXP 	New trial (rep=64, index=0): None
34.7109 	EXP 	image_2: autoDraw = False
34.7109 	EXP 	fixation_2: autoDraw = False
34.7109 	EXP 	image_2: autoDraw = False
34.7109 	EXP 	fixation_2: autoDraw = False
34.7109 	EXP 	image: autoDraw = True
34.7109 	EXP 	fixation: autoDraw = True
34.8713 	EXP 	image: autoDraw = False
34.8713 	EXP 	fixation: autoDraw = False
34.8713 	EXP 	image: autoDraw = False
34.8713 	EXP 	fixation: autoDraw = False
34.8713 	EXP 	image_2: autoDraw = True
34.8713 	EXP 	fixation_2: autoDraw = True
35.0216 	EXP 	New trial (rep=65, index=0): None
35.0288 	EXP 	image_2: autoDraw = False
35.0288 	EXP 	fixation_2: autoDraw = False
35.0288 	EXP 	image_2: autoDraw = False
35.0288 	EXP 	fixation_2: autoDraw = False
35.0288 	EXP 	image: autoDraw = True
35.0288 	EXP 	fixation: autoDraw = True
35.1888 	EXP 	image: autoDraw = False
35.1888 	EXP 	fixation: autoDraw = False
35.1888 	EXP 	image: autoDraw = False
35.1888 	EXP 	fixation: autoDraw = False
35.1888 	EXP 	image_2: autoDraw = True
35.1888 	EXP 	fixation_2: autoDraw = True
35.3468 	EXP 	New trial (rep=66, index=0): None
35.3567 	EXP 	image_2: autoDraw = False
35.3567 	EXP 	fixation_2: autoDraw = False
35.3567 	EXP 	image_2: autoDraw = False
35.3567 	EXP 	fixation_2: autoDraw = False
35.3567 	EXP 	image: autoDraw = True
35.3567 	EXP 	fixation: autoDraw = True
35.5288 	EXP 	image: autoDraw = False
35.5288 	EXP 	fixation: autoDraw = False
35.5288 	EXP 	image: autoDraw = False
35.5288 	EXP 	fixation: autoDraw = False
35.5288 	EXP 	image_2: autoDraw = True
35.5288 	EXP 	fixation_2: autoDraw = True
35.6802 	EXP 	New trial (rep=67, index=0): None
35.6906 	EXP 	image_2: autoDraw = False
35.6906 	EXP 	fixation_2: autoDraw = False
35.6906 	EXP 	image_2: autoDraw = False
35.6906 	EXP 	fixation_2: autoDraw = False
35.6906 	EXP 	image: autoDraw = True
35.6906 	EXP 	fixation: autoDraw = True
35.8503 	EXP 	image: autoDraw = False
35.8503 	EXP 	fixation: autoDraw = False
35.8503 	EXP 	image: autoDraw = False
35.8503 	EXP 	fixation: autoDraw = False
35.8503 	EXP 	image_2: autoDraw = True
35.8503 	EXP 	fixation_2: autoDraw = True
36.0117 	EXP 	New trial (rep=68, index=0): None
36.0218 	EXP 	image_2: autoDraw = False
36.0218 	EXP 	fixation_2: autoDraw = False
36.0218 	EXP 	image_2: autoDraw = False
36.0218 	EXP 	fixation_2: autoDraw = False
36.0218 	EXP 	image: autoDraw = True
36.0218 	EXP 	fixation: autoDraw = True
36.1866 	EXP 	image: autoDraw = False
36.1866 	EXP 	fixation: autoDraw = False
36.1866 	EXP 	image: autoDraw = False
36.1866 	EXP 	fixation: autoDraw = False
36.1866 	EXP 	image_2: autoDraw = True
36.1866 	EXP 	fixation_2: autoDraw = True
36.3459 	EXP 	New trial (rep=69, index=0): None
36.3525 	EXP 	image_2: autoDraw = False
36.3525 	EXP 	fixation_2: autoDraw = False
36.3525 	EXP 	image_2: autoDraw = False
36.3525 	EXP 	fixation_2: autoDraw = False
36.3525 	EXP 	image: autoDraw = True
36.3525 	EXP 	fixation: autoDraw = True
36.5123 	EXP 	image: autoDraw = False
36.5123 	EXP 	fixation: autoDraw = False
36.5123 	EXP 	image: autoDraw = False
36.5123 	EXP 	fixation: autoDraw = False
36.5123 	EXP 	image_2: autoDraw = True
36.5123 	EXP 	fixation_2: autoDraw = True
36.6638 	EXP 	New trial (rep=70, index=0): None
36.6700 	EXP 	image_2: autoDraw = False
36.6700 	EXP 	fixation_2: autoDraw = False
36.6700 	EXP 	image_2: autoDraw = False
36.6700 	EXP 	fixation_2: autoDraw = False
36.6700 	EXP 	image: autoDraw = True
36.6700 	EXP 	fixation: autoDraw = True
36.8281 	EXP 	image: autoDraw = False
36.8281 	EXP 	fixation: autoDraw = False
36.8281 	EXP 	image: autoDraw = False
36.8281 	EXP 	fixation: autoDraw = False
36.8281 	EXP 	image_2: autoDraw = True
36.8281 	EXP 	fixation_2: autoDraw = True
36.9802 	EXP 	New trial (rep=71, index=0): None
36.9869 	EXP 	image_2: autoDraw = False
36.9869 	EXP 	fixation_2: autoDraw = False
36.9869 	EXP 	image_2: autoDraw = False
36.9869 	EXP 	fixation_2: autoDraw = False
36.9869 	EXP 	image: autoDraw = True
36.9869 	EXP 	fixation: autoDraw = True
37.1543 	EXP 	image: autoDraw = False
37.1543 	EXP 	fixation: autoDraw = False
37.1543 	EXP 	image: autoDraw = False
37.1543 	EXP 	fixation: autoDraw = False
37.1543 	EXP 	image_2: autoDraw = True
37.1543 	EXP 	fixation_2: autoDraw = True
37.3136 	EXP 	New trial (rep=72, index=0): None
37.3287 	EXP 	image_2: autoDraw = False
37.3287 	EXP 	fixation_2: autoDraw = False
37.3287 	EXP 	image_2: autoDraw = False
37.3287 	EXP 	fixation_2: autoDraw = False
37.3287 	EXP 	image: autoDraw = True
37.3287 	EXP 	fixation: autoDraw = True
37.4947 	EXP 	image: autoDraw = False
37.4947 	EXP 	fixation: autoDraw = False
37.4947 	EXP 	image: autoDraw = False
37.4947 	EXP 	fixation: autoDraw = False
37.4947 	EXP 	image_2: autoDraw = True
37.4947 	EXP 	fixation_2: autoDraw = True
37.6460 	EXP 	New trial (rep=73, index=0): None
37.6518 	EXP 	image_2: autoDraw = False
37.6518 	EXP 	fixation_2: autoDraw = False
37.6518 	EXP 	image_2: autoDraw = False
37.6518 	EXP 	fixation_2: autoDraw = False
37.6518 	EXP 	image: autoDraw = True
37.6518 	EXP 	fixation: autoDraw = True
37.8288 	EXP 	image: autoDraw = False
37.8288 	EXP 	fixation: autoDraw = False
37.8288 	EXP 	image: autoDraw = False
37.8288 	EXP 	fixation: autoDraw = False
37.8288 	EXP 	image_2: autoDraw = True
37.8288 	EXP 	fixation_2: autoDraw = True
37.9802 	EXP 	New trial (rep=74, index=0): None
37.9877 	EXP 	image_2: autoDraw = False
37.9877 	EXP 	fixation_2: autoDraw = False
37.9877 	EXP 	image_2: autoDraw = False
37.9877 	EXP 	fixation_2: autoDraw = False
37.9877 	EXP 	image: autoDraw = True
37.9877 	EXP 	fixation: autoDraw = True
38.1536 	EXP 	image: autoDraw = False
38.1536 	EXP 	fixation: autoDraw = False
38.1536 	EXP 	image: autoDraw = False
38.1536 	EXP 	fixation: autoDraw = False
38.1536 	EXP 	image_2: autoDraw = True
38.1536 	EXP 	fixation_2: autoDraw = True
38.3085 	EXP 	New trial (rep=75, index=0): None
38.3222 	EXP 	image_2: autoDraw = False
38.3222 	EXP 	fixation_2: autoDraw = False
38.3222 	EXP 	image_2: autoDraw = False
38.3222 	EXP 	fixation_2: autoDraw = False
38.3222 	EXP 	image: autoDraw = True
38.3222 	EXP 	fixation: autoDraw = True
38.4871 	EXP 	image: autoDraw = False
38.4871 	EXP 	fixation: autoDraw = False
38.4871 	EXP 	image: autoDraw = False
38.4871 	EXP 	fixation: autoDraw = False
38.4871 	EXP 	image_2: autoDraw = True
38.4871 	EXP 	fixation_2: autoDraw = True
38.6495 	EXP 	New trial (rep=76, index=0): None
38.6563 	EXP 	image_2: autoDraw = False
38.6563 	EXP 	fixation_2: autoDraw = False
38.6563 	EXP 	image_2: autoDraw = False
38.6563 	EXP 	fixation_2: autoDraw = False
38.6563 	EXP 	image: autoDraw = True
38.6563 	EXP 	fixation: autoDraw = True
38.8198 	EXP 	image: autoDraw = False
38.8198 	EXP 	fixation: autoDraw = False
38.8198 	EXP 	image: autoDraw = False
38.8198 	EXP 	fixation: autoDraw = False
38.8198 	EXP 	image_2: autoDraw = True
38.8198 	EXP 	fixation_2: autoDraw = True
38.9809 	EXP 	New trial (rep=77, index=0): None
38.9894 	EXP 	image_2: autoDraw = False
38.9894 	EXP 	fixation_2: autoDraw = False
38.9894 	EXP 	image_2: autoDraw = False
38.9894 	EXP 	fixation_2: autoDraw = False
38.9894 	EXP 	image: autoDraw = True
38.9894 	EXP 	fixation: autoDraw = True
39.1529 	EXP 	image: autoDraw = False
39.1529 	EXP 	fixation: autoDraw = False
39.1529 	EXP 	image: autoDraw = False
39.1529 	EXP 	fixation: autoDraw = False
39.1529 	EXP 	image_2: autoDraw = True
39.1529 	EXP 	fixation_2: autoDraw = True
39.3046 	EXP 	New trial (rep=78, index=0): None
39.3125 	EXP 	image_2: autoDraw = False
39.3125 	EXP 	fixation_2: autoDraw = False
39.3125 	EXP 	image_2: autoDraw = False
39.3125 	EXP 	fixation_2: autoDraw = False
39.3125 	EXP 	image: autoDraw = True
39.3125 	EXP 	fixation: autoDraw = True
39.4764 	EXP 	image: autoDraw = False
39.4764 	EXP 	fixation: autoDraw = False
39.4764 	EXP 	image: autoDraw = False
39.4764 	EXP 	fixation: autoDraw = False
39.4764 	EXP 	image_2: autoDraw = True
39.4764 	EXP 	fixation_2: autoDraw = True
39.6305 	EXP 	New trial (rep=79, index=0): None
39.6366 	EXP 	image_2: autoDraw = False
39.6366 	EXP 	fixation_2: autoDraw = False
39.6366 	EXP 	image_2: autoDraw = False
39.6366 	EXP 	fixation_2: autoDraw = False
39.6366 	EXP 	image: autoDraw = True
39.6366 	EXP 	fixation: autoDraw = True
39.7950 	EXP 	image: autoDraw = False
39.7950 	EXP 	fixation: autoDraw = False
39.7950 	EXP 	image: autoDraw = False
39.7950 	EXP 	fixation: autoDraw = False
39.7950 	EXP 	image_2: autoDraw = True
39.7950 	EXP 	fixation_2: autoDraw = True
39.9456 	EXP 	New trial (rep=80, index=0): None
39.9514 	EXP 	image_2: autoDraw = False
39.9514 	EXP 	fixation_2: autoDraw = False
39.9514 	EXP 	image_2: autoDraw = False
39.9514 	EXP 	fixation_2: autoDraw = False
39.9514 	EXP 	image: autoDraw = True
39.9514 	EXP 	fixation: autoDraw = True
40.1171 	EXP 	image: autoDraw = False
40.1171 	EXP 	fixation: autoDraw = False
40.1171 	EXP 	image: autoDraw = False
40.1171 	EXP 	fixation: autoDraw = False
40.1171 	EXP 	image_2: autoDraw = True
40.1171 	EXP 	fixation_2: autoDraw = True
40.2717 	EXP 	New trial (rep=81, index=0): None
40.2791 	EXP 	image_2: autoDraw = False
40.2791 	EXP 	fixation_2: autoDraw = False
40.2791 	EXP 	image_2: autoDraw = False
40.2791 	EXP 	fixation_2: autoDraw = False
40.2791 	EXP 	image: autoDraw = True
40.2791 	EXP 	fixation: autoDraw = True
40.4380 	EXP 	image: autoDraw = False
40.4380 	EXP 	fixation: autoDraw = False
40.4380 	EXP 	image: autoDraw = False
40.4380 	EXP 	fixation: autoDraw = False
40.4380 	EXP 	image_2: autoDraw = True
40.4380 	EXP 	fixation_2: autoDraw = True
40.5899 	EXP 	New trial (rep=82, index=0): None
40.5974 	EXP 	image_2: autoDraw = False
40.5974 	EXP 	fixation_2: autoDraw = False
40.5974 	EXP 	image_2: autoDraw = False
40.5974 	EXP 	fixation_2: autoDraw = False
40.5974 	EXP 	image: autoDraw = True
40.5974 	EXP 	fixation: autoDraw = True
40.7688 	EXP 	image: autoDraw = False
40.7688 	EXP 	fixation: autoDraw = False
40.7688 	EXP 	image: autoDraw = False
40.7688 	EXP 	fixation: autoDraw = False
40.7688 	EXP 	image_2: autoDraw = True
40.7688 	EXP 	fixation_2: autoDraw = True
40.9209 	EXP 	New trial (rep=83, index=0): None
40.9283 	EXP 	image_2: autoDraw = False
40.9283 	EXP 	fixation_2: autoDraw = False
40.9283 	EXP 	image_2: autoDraw = False
40.9283 	EXP 	fixation_2: autoDraw = False
40.9283 	EXP 	image: autoDraw = True
40.9283 	EXP 	fixation: autoDraw = True
41.0873 	EXP 	image: autoDraw = False
41.0873 	EXP 	fixation: autoDraw = False
41.0873 	EXP 	image: autoDraw = False
41.0873 	EXP 	fixation: autoDraw = False
41.0873 	EXP 	image_2: autoDraw = True
41.0873 	EXP 	fixation_2: autoDraw = True
41.2471 	EXP 	New trial (rep=84, index=0): None
41.2543 	EXP 	image_2: autoDraw = False
41.2543 	EXP 	fixation_2: autoDraw = False
41.2543 	EXP 	image_2: autoDraw = False
41.2543 	EXP 	fixation_2: autoDraw = False
41.2543 	EXP 	image: autoDraw = True
41.2543 	EXP 	fixation: autoDraw = True
41.4198 	EXP 	image: autoDraw = False
41.4198 	EXP 	fixation: autoDraw = False
41.4198 	EXP 	image: autoDraw = False
41.4198 	EXP 	fixation: autoDraw = False
41.4198 	EXP 	image_2: autoDraw = True
41.4198 	EXP 	fixation_2: autoDraw = True
41.5713 	EXP 	New trial (rep=85, index=0): None
41.5796 	EXP 	image_2: autoDraw = False
41.5796 	EXP 	fixation_2: autoDraw = False
41.5796 	EXP 	image_2: autoDraw = False
41.5796 	EXP 	fixation_2: autoDraw = False
41.5796 	EXP 	image: autoDraw = True
41.5796 	EXP 	fixation: autoDraw = True
41.7485 	EXP 	image: autoDraw = False
41.7485 	EXP 	fixation: autoDraw = False
41.7485 	EXP 	image: autoDraw = False
41.7485 	EXP 	fixation: autoDraw = False
41.7485 	EXP 	image_2: autoDraw = True
41.7485 	EXP 	fixation_2: autoDraw = True
41.9061 	EXP 	New trial (rep=86, index=0): None
41.9188 	EXP 	image_2: autoDraw = False
41.9188 	EXP 	fixation_2: autoDraw = False
41.9188 	EXP 	image_2: autoDraw = False
41.9188 	EXP 	fixation_2: autoDraw = False
41.9188 	EXP 	image: autoDraw = True
41.9188 	EXP 	fixation: autoDraw = True
42.0775 	EXP 	image: autoDraw = False
42.0775 	EXP 	fixation: autoDraw = False
42.0775 	EXP 	image: autoDraw = False
42.0775 	EXP 	fixation: autoDraw = False
42.0775 	EXP 	image_2: autoDraw = True
42.0775 	EXP 	fixation_2: autoDraw = True
42.2413 	EXP 	New trial (rep=87, index=0): None
42.2521 	EXP 	image_2: autoDraw = False
42.2521 	EXP 	fixation_2: autoDraw = False
42.2521 	EXP 	image_2: autoDraw = False
42.2521 	EXP 	fixation_2: autoDraw = False
42.2521 	EXP 	image: autoDraw = True
42.2521 	EXP 	fixation: autoDraw = True
42.4122 	EXP 	image: autoDraw = False
42.4122 	EXP 	fixation: autoDraw = False
42.4122 	EXP 	image: autoDraw = False
42.4122 	EXP 	fixation: autoDraw = False
42.4122 	EXP 	image_2: autoDraw = True
42.4122 	EXP 	fixation_2: autoDraw = True
42.5637 	EXP 	New trial (rep=88, index=0): None
42.5699 	EXP 	image_2: autoDraw = False
42.5699 	EXP 	fixation_2: autoDraw = False
42.5699 	EXP 	image_2: autoDraw = False
42.5699 	EXP 	fixation_2: autoDraw = False
42.5699 	EXP 	image: autoDraw = True
42.5699 	EXP 	fixation: autoDraw = True
42.7283 	EXP 	image: autoDraw = False
42.7283 	EXP 	fixation: autoDraw = False
42.7283 	EXP 	image: autoDraw = False
42.7283 	EXP 	fixation: autoDraw = False
42.7283 	EXP 	image_2: autoDraw = True
42.7283 	EXP 	fixation_2: autoDraw = True
42.8822 	EXP 	New trial (rep=89, index=0): None
42.8926 	EXP 	image_2: autoDraw = False
42.8926 	EXP 	fixation_2: autoDraw = False
42.8926 	EXP 	image_2: autoDraw = False
42.8926 	EXP 	fixation_2: autoDraw = False
42.8926 	EXP 	image: autoDraw = True
42.8926 	EXP 	fixation: autoDraw = True
43.0504 	EXP 	image: autoDraw = False
43.0504 	EXP 	fixation: autoDraw = False
43.0504 	EXP 	image: autoDraw = False
43.0504 	EXP 	fixation: autoDraw = False
43.0504 	EXP 	image_2: autoDraw = True
43.0504 	EXP 	fixation_2: autoDraw = True
43.2039 	EXP 	New trial (rep=90, index=0): None
43.2114 	EXP 	image_2: autoDraw = False
43.2114 	EXP 	fixation_2: autoDraw = False
43.2114 	EXP 	image_2: autoDraw = False
43.2114 	EXP 	fixation_2: autoDraw = False
43.2114 	EXP 	image: autoDraw = True
43.2114 	EXP 	fixation: autoDraw = True
43.3691 	EXP 	image: autoDraw = False
43.3691 	EXP 	fixation: autoDraw = False
43.3691 	EXP 	image: autoDraw = False
43.3691 	EXP 	fixation: autoDraw = False
43.3691 	EXP 	image_2: autoDraw = True
43.3691 	EXP 	fixation_2: autoDraw = True
43.5218 	EXP 	New trial (rep=91, index=0): None
43.5325 	EXP 	image_2: autoDraw = False
43.5325 	EXP 	fixation_2: autoDraw = False
43.5325 	EXP 	image_2: autoDraw = False
43.5325 	EXP 	fixation_2: autoDraw = False
43.5325 	EXP 	image: autoDraw = True
43.5325 	EXP 	fixation: autoDraw = True
43.6944 	EXP 	image: autoDraw = False
43.6944 	EXP 	fixation: autoDraw = False
43.6944 	EXP 	image: autoDraw = False
43.6944 	EXP 	fixation: autoDraw = False
43.6944 	EXP 	image_2: autoDraw = True
43.6944 	EXP 	fixation_2: autoDraw = True
43.8462 	EXP 	New trial (rep=92, index=0): None
43.8524 	EXP 	image_2: autoDraw = False
43.8524 	EXP 	fixation_2: autoDraw = False
43.8524 	EXP 	image_2: autoDraw = False
43.8524 	EXP 	fixation_2: autoDraw = False
43.8524 	EXP 	image: autoDraw = True
43.8524 	EXP 	fixation: autoDraw = True
44.0120 	EXP 	image: autoDraw = False
44.0120 	EXP 	fixation: autoDraw = False
44.0120 	EXP 	image: autoDraw = False
44.0120 	EXP 	fixation: autoDraw = False
44.0120 	EXP 	image_2: autoDraw = True
44.0120 	EXP 	fixation_2: autoDraw = True
44.1639 	EXP 	New trial (rep=93, index=0): None
44.1700 	EXP 	image_2: autoDraw = False
44.1700 	EXP 	fixation_2: autoDraw = False
44.1700 	EXP 	image_2: autoDraw = False
44.1700 	EXP 	fixation_2: autoDraw = False
44.1700 	EXP 	image: autoDraw = True
44.1700 	EXP 	fixation: autoDraw = True
44.3343 	EXP 	image: autoDraw = False
44.3343 	EXP 	fixation: autoDraw = False
44.3343 	EXP 	image: autoDraw = False
44.3343 	EXP 	fixation: autoDraw = False
44.3343 	EXP 	image_2: autoDraw = True
44.3343 	EXP 	fixation_2: autoDraw = True
44.4869 	EXP 	New trial (rep=94, index=0): None
44.4947 	EXP 	image_2: autoDraw = False
44.4947 	EXP 	fixation_2: autoDraw = False
44.4947 	EXP 	image_2: autoDraw = False
44.4947 	EXP 	fixation_2: autoDraw = False
44.4947 	EXP 	image: autoDraw = True
44.4947 	EXP 	fixation: autoDraw = True
44.6531 	EXP 	image: autoDraw = False
44.6531 	EXP 	fixation: autoDraw = False
44.6531 	EXP 	image: autoDraw = False
44.6531 	EXP 	fixation: autoDraw = False
44.6531 	EXP 	image_2: autoDraw = True
44.6531 	EXP 	fixation_2: autoDraw = True
44.8089 	EXP 	New trial (rep=95, index=0): None
44.8155 	EXP 	image_2: autoDraw = False
44.8155 	EXP 	fixation_2: autoDraw = False
44.8155 	EXP 	image_2: autoDraw = False
44.8155 	EXP 	fixation_2: autoDraw = False
44.8155 	EXP 	image: autoDraw = True
44.8155 	EXP 	fixation: autoDraw = True
44.9786 	EXP 	image: autoDraw = False
44.9786 	EXP 	fixation: autoDraw = False
44.9786 	EXP 	image: autoDraw = False
44.9786 	EXP 	fixation: autoDraw = False
44.9786 	EXP 	image_2: autoDraw = True
44.9786 	EXP 	fixation_2: autoDraw = True
45.1307 	EXP 	New trial (rep=96, index=0): None
45.1374 	EXP 	image_2: autoDraw = False
45.1374 	EXP 	fixation_2: autoDraw = False
45.1374 	EXP 	image_2: autoDraw = False
45.1374 	EXP 	fixation_2: autoDraw = False
45.1374 	EXP 	image: autoDraw = True
45.1374 	EXP 	fixation: autoDraw = True
45.3003 	EXP 	image: autoDraw = False
45.3003 	EXP 	fixation: autoDraw = False
45.3003 	EXP 	image: autoDraw = False
45.3003 	EXP 	fixation: autoDraw = False
45.3003 	EXP 	image_2: autoDraw = True
45.3003 	EXP 	fixation_2: autoDraw = True
45.4538 	EXP 	New trial (rep=97, index=0): None
45.4615 	EXP 	image_2: autoDraw = False
45.4615 	EXP 	fixation_2: autoDraw = False
45.4615 	EXP 	image_2: autoDraw = False
45.4615 	EXP 	fixation_2: autoDraw = False
45.4615 	EXP 	image: autoDraw = True
45.4615 	EXP 	fixation: autoDraw = True
45.6232 	EXP 	image: autoDraw = False
45.6232 	EXP 	fixation: autoDraw = False
45.6232 	EXP 	image: autoDraw = False
45.6232 	EXP 	fixation: autoDraw = False
45.6232 	EXP 	image_2: autoDraw = True
45.6232 	EXP 	fixation_2: autoDraw = True
45.7813 	EXP 	New trial (rep=98, index=0): None
45.7880 	EXP 	image_2: autoDraw = False
45.7880 	EXP 	fixation_2: autoDraw = False
45.7880 	EXP 	image_2: autoDraw = False
45.7880 	EXP 	fixation_2: autoDraw = False
45.7880 	EXP 	image: autoDraw = True
45.7880 	EXP 	fixation: autoDraw = True
45.9465 	EXP 	image: autoDraw = False
45.9465 	EXP 	fixation: autoDraw = False
45.9465 	EXP 	image: autoDraw = False
45.9465 	EXP 	fixation: autoDraw = False
45.9465 	EXP 	image_2: autoDraw = True
45.9465 	EXP 	fixation_2: autoDraw = True
46.0969 	EXP 	New trial (rep=99, index=0): None
46.1032 	EXP 	image_2: autoDraw = False
46.1032 	EXP 	fixation_2: autoDraw = False
46.1032 	EXP 	image_2: autoDraw = False
46.1032 	EXP 	fixation_2: autoDraw = False
46.1032 	EXP 	image: autoDraw = True
46.1032 	EXP 	fixation: autoDraw = True
46.2619 	EXP 	image: autoDraw = False
46.2619 	EXP 	fixation: autoDraw = False
46.2619 	EXP 	image: autoDraw = False
46.2619 	EXP 	fixation: autoDraw = False
46.2619 	EXP 	image_2: autoDraw = True
46.2619 	EXP 	fixation_2: autoDraw = True
46.4188 	EXP 	image_2: autoDraw = False
46.4188 	EXP 	fixation_2: autoDraw = False
46.4188 	EXP 	image_2: autoDraw = False
46.4188 	EXP 	fixation_2: autoDraw = False
46.4688 	EXP 	window1: mouseVisible = True
