0.9802 	WARNING 	We strongly recommend you activate the PTB sound engine in PsychoPy prefs as the preferred audio engine. Its timing is vastly superior. Your prefs are currently set to use ['sounddevice', 'PTB', 'pyo', 'pygame'] (in that order).
4.7361 	WARNING 	User requested fullscreen with size [1024  768], but screen is actually [2560, 1080]. Using actual size
5.9528 	WARNING 	Couldn't measure a consistent frame rate!
  - Is your graphics card set to sync to vertical blank?
  - Are you running other processes on your computer?

5.9536 	EXP 	Created window1 = Window(allowGUI=True, allowStencil=False, autoLog=True, backendConf=UNKNOWN, bitsMode=UNKNOWN, blendMode='avg', bpc=(8, 8, 8), color=array([0, 0, 0]), colorSpace='rgb', depthBits=8, fullscr=<method-wrapper '__getattribute__' of attributeSetter object at 0x7f9e5b347970>, gamma=None, gammaErrorPolicy='raise', lms=UNKNOWN, monitor=<psychopy.monitors.calibTools.Monitor object at 0x7f9e00a96610>, multiSample=False, name='window1', numSamples=2, pos=[0.0, 0.0], screen=0, size=array([2560, 1080]), stencilBits=0, stereo=False, units='height', useFBO=True, useRetina=False, viewOri=0.0, viewPos=None, viewScale=None, waitBlanking=True, winType='pyglet')
5.9540 	EXP 	window1: mouseVisible = True
5.9552 	EXP 	window1: mouseVisible = False
5.9553 	EXP 	window1: Attempting to measure frame rate of screen (0) ...
5.9553 	EXP 	window1: recordFrameIntervals = False
6.0358 	EXP 	window1: recordFrameIntervals = True
6.8730 	WARNING 	Couldn't measure a consistent frame rate!
  - Is your graphics card set to sync to vertical blank?
  - Are you running other processes on your computer?

8.9302 	EXP 	Created image = ImageStim(__class__=<class 'psychopy.visual.image.ImageStim'>, anchor=('center', 'center'), autoLog=True, color=array([1, 1, 1]), colorSpace='rgb', contrast=1.0, depth=-1.0, flipHoriz=False, flipVert=False, image=str(...), interpolate=True, mask=None, maskParams=None, name='image', opacity=1.0, ori=0.0, pos=array([0., 0.]), size=array([0.5, 0.5]), texRes=128.0, units='height', win=Window(...))
8.9366 	EXP 	Created fixation = ShapeStim(__class__=<class 'psychopy.visual.shape.ShapeStim'>, anchor=('center', 'center'), autoDraw=False, autoLog=True, closeShape=True, color=method-wrapper(...), colorSpace='rgb', contrast=None, depth=-2.0, fillColor=array([ 1, -1, -1]), fillColorSpace='rgb', fillRGB=array([ 1, -1, -1]), interpolate=True, lineColor=array([ 1, -1, -1]), lineColorSpace='rgb', lineRGB=array([ 1, -1, -1]), lineWidth=1.0, name='fixation', opacity=1.0, ori=0.0, pos=array([0., 0.]), size=array([0.01, 0.01]), units='height', vertices=ndarray(...), win=Window(...), windingRule=None)
9.1963 	EXP 	Created image_2 = ImageStim(__class__=<class 'psychopy.visual.image.ImageStim'>, anchor=('center', 'center'), autoLog=True, color=array([1, 1, 1]), colorSpace='rgb', contrast=1.0, depth=-1.0, flipHoriz=False, flipVert=False, image=str(...), interpolate=True, mask=None, maskParams=None, name='image_2', opacity=1.0, ori=0.0, pos=array([0., 0.]), size=array([0.5, 0.5]), texRes=128.0, units='height', win=Window(...))
9.1993 	EXP 	Created fixation_2 = ShapeStim(__class__=<class 'psychopy.visual.shape.ShapeStim'>, anchor=('center', 'center'), autoDraw=False, autoLog=True, closeShape=True, color=method-wrapper(...), colorSpace='rgb', contrast=None, depth=-2.0, fillColor=array([ 1, -1, -1]), fillColorSpace='rgb', fillRGB=array([ 1, -1, -1]), interpolate=True, lineColor=array([ 1, -1, -1]), lineColorSpace='rgb', lineRGB=array([ 1, -1, -1]), lineWidth=1.0, name='fixation_2', opacity=1.0, ori=0.0, pos=array([0., 0.]), size=array([0.01, 0.01]), units='height', vertices=ndarray(...), win=Window(...), windingRule=None)
9.2003 	EXP 	Created sequence: random, trialTypes=1, nReps=75, seed=None
9.2007 	EXP 	New trial (rep=0, index=0): None
9.4090 	WARNING 	t of last frame was 2536.35ms (=1/0)
9.4090 	EXP 	image: autoDraw = True
9.4090 	EXP 	fixation: autoDraw = True
9.4098 	EXP 	New trial (rep=1, index=0): None
9.4149 	EXP 	image: autoDraw = False
9.4149 	EXP 	fixation: autoDraw = False
9.4149 	EXP 	image_2: autoDraw = False
9.4149 	EXP 	fixation_2: autoDraw = False
9.4149 	EXP 	image: autoDraw = True
9.4149 	EXP 	fixation: autoDraw = True
9.5187 	EXP 	image: autoDraw = False
9.5187 	EXP 	fixation: autoDraw = False
9.5187 	EXP 	image_2: autoDraw = True
9.5187 	EXP 	fixation_2: autoDraw = True
9.6020 	EXP 	New trial (rep=2, index=0): None
9.6062 	EXP 	image_2: autoDraw = False
9.6062 	EXP 	fixation_2: autoDraw = False
9.6062 	EXP 	image: autoDraw = True
9.6062 	EXP 	fixation: autoDraw = True
9.7017 	EXP 	image: autoDraw = False
9.7017 	EXP 	fixation: autoDraw = False
9.7017 	EXP 	image: autoDraw = False
9.7017 	EXP 	fixation: autoDraw = False
9.7017 	EXP 	image_2: autoDraw = True
9.7017 	EXP 	fixation_2: autoDraw = True
9.7866 	EXP 	New trial (rep=3, index=0): None
9.7921 	EXP 	image_2: autoDraw = False
9.7921 	EXP 	fixation_2: autoDraw = False
9.7921 	EXP 	image_2: autoDraw = False
9.7921 	EXP 	fixation_2: autoDraw = False
9.7921 	EXP 	image: autoDraw = True
9.7921 	EXP 	fixation: autoDraw = True
9.8917 	EXP 	image: autoDraw = False
9.8917 	EXP 	fixation: autoDraw = False
9.8917 	EXP 	image: autoDraw = False
9.8917 	EXP 	fixation: autoDraw = False
9.8917 	EXP 	image_2: autoDraw = True
9.8917 	EXP 	fixation_2: autoDraw = True
9.9869 	EXP 	New trial (rep=4, index=0): None
9.9932 	EXP 	image_2: autoDraw = False
9.9932 	EXP 	fixation_2: autoDraw = False
9.9932 	EXP 	image_2: autoDraw = False
9.9932 	EXP 	fixation_2: autoDraw = False
9.9932 	EXP 	image: autoDraw = True
9.9932 	EXP 	fixation: autoDraw = True
10.0914 	EXP 	image: autoDraw = False
10.0914 	EXP 	fixation: autoDraw = False
10.0914 	EXP 	image: autoDraw = False
10.0914 	EXP 	fixation: autoDraw = False
10.0914 	EXP 	image_2: autoDraw = True
10.0914 	EXP 	fixation_2: autoDraw = True
10.1869 	EXP 	New trial (rep=5, index=0): None
10.1928 	EXP 	image_2: autoDraw = False
10.1928 	EXP 	fixation_2: autoDraw = False
10.1928 	EXP 	image_2: autoDraw = False
10.1928 	EXP 	fixation_2: autoDraw = False
10.1928 	EXP 	image: autoDraw = True
10.1928 	EXP 	fixation: autoDraw = True
10.2916 	EXP 	image: autoDraw = False
10.2916 	EXP 	fixation: autoDraw = False
10.2916 	EXP 	image: autoDraw = False
10.2916 	EXP 	fixation: autoDraw = False
10.2916 	EXP 	image_2: autoDraw = True
10.2916 	EXP 	fixation_2: autoDraw = True
10.3871 	EXP 	New trial (rep=6, index=0): None
10.3930 	EXP 	image_2: autoDraw = False
10.3930 	EXP 	fixation_2: autoDraw = False
10.3930 	EXP 	image_2: autoDraw = False
10.3930 	EXP 	fixation_2: autoDraw = False
10.3930 	EXP 	image: autoDraw = True
10.3930 	EXP 	fixation: autoDraw = True
10.4851 	EXP 	image: autoDraw = False
10.4851 	EXP 	fixation: autoDraw = False
10.4851 	EXP 	image: autoDraw = False
10.4851 	EXP 	fixation: autoDraw = False
10.4905 	EXP 	image_2: autoDraw = True
10.4905 	EXP 	fixation_2: autoDraw = True
10.5754 	EXP 	New trial (rep=7, index=0): None
10.5852 	EXP 	image_2: autoDraw = False
10.5852 	EXP 	fixation_2: autoDraw = False
10.5852 	EXP 	image_2: autoDraw = False
10.5852 	EXP 	fixation_2: autoDraw = False
10.5905 	EXP 	image: autoDraw = True
10.5905 	EXP 	fixation: autoDraw = True
10.6853 	EXP 	image: autoDraw = False
10.6853 	EXP 	fixation: autoDraw = False
10.6853 	EXP 	image: autoDraw = False
10.6853 	EXP 	fixation: autoDraw = False
10.6905 	EXP 	image_2: autoDraw = True
10.6905 	EXP 	fixation_2: autoDraw = True
10.7749 	EXP 	New trial (rep=8, index=0): None
10.7851 	EXP 	image_2: autoDraw = False
10.7851 	EXP 	fixation_2: autoDraw = False
10.7851 	EXP 	image_2: autoDraw = False
10.7851 	EXP 	fixation_2: autoDraw = False
10.7905 	EXP 	image: autoDraw = True
10.7905 	EXP 	fixation: autoDraw = True
10.8852 	EXP 	image: autoDraw = False
10.8852 	EXP 	fixation: autoDraw = False
10.8852 	EXP 	image: autoDraw = False
10.8852 	EXP 	fixation: autoDraw = False
10.8912 	EXP 	image_2: autoDraw = True
10.8912 	EXP 	fixation_2: autoDraw = True
10.9875 	EXP 	New trial (rep=9, index=0): None
10.9939 	EXP 	image_2: autoDraw = False
10.9939 	EXP 	fixation_2: autoDraw = False
10.9939 	EXP 	image_2: autoDraw = False
10.9939 	EXP 	fixation_2: autoDraw = False
10.9939 	EXP 	image: autoDraw = True
10.9939 	EXP 	fixation: autoDraw = True
11.0918 	EXP 	image: autoDraw = False
11.0918 	EXP 	fixation: autoDraw = False
11.0918 	EXP 	image: autoDraw = False
11.0918 	EXP 	fixation: autoDraw = False
11.0918 	EXP 	image_2: autoDraw = True
11.0918 	EXP 	fixation_2: autoDraw = True
11.1870 	EXP 	New trial (rep=10, index=0): None
11.1926 	EXP 	image_2: autoDraw = False
11.1926 	EXP 	fixation_2: autoDraw = False
11.1926 	EXP 	image_2: autoDraw = False
11.1926 	EXP 	fixation_2: autoDraw = False
11.1926 	EXP 	image: autoDraw = True
11.1926 	EXP 	fixation: autoDraw = True
11.2917 	EXP 	image: autoDraw = False
11.2917 	EXP 	fixation: autoDraw = False
11.2917 	EXP 	image: autoDraw = False
11.2917 	EXP 	fixation: autoDraw = False
11.2917 	EXP 	image_2: autoDraw = True
11.2917 	EXP 	fixation_2: autoDraw = True
11.3868 	EXP 	New trial (rep=11, index=0): None
11.3929 	EXP 	image_2: autoDraw = False
11.3929 	EXP 	fixation_2: autoDraw = False
11.3929 	EXP 	image_2: autoDraw = False
11.3929 	EXP 	fixation_2: autoDraw = False
11.3929 	EXP 	image: autoDraw = True
11.3929 	EXP 	fixation: autoDraw = True
11.4851 	EXP 	image: autoDraw = False
11.4851 	EXP 	fixation: autoDraw = False
11.4851 	EXP 	image: autoDraw = False
11.4851 	EXP 	fixation: autoDraw = False
11.4907 	EXP 	image_2: autoDraw = True
11.4907 	EXP 	fixation_2: autoDraw = True
11.5752 	EXP 	New trial (rep=12, index=0): None
11.5852 	EXP 	image_2: autoDraw = False
11.5852 	EXP 	fixation_2: autoDraw = False
11.5852 	EXP 	image_2: autoDraw = False
11.5852 	EXP 	fixation_2: autoDraw = False
11.5905 	EXP 	image: autoDraw = True
11.5905 	EXP 	fixation: autoDraw = True
11.6851 	EXP 	image: autoDraw = False
11.6851 	EXP 	fixation: autoDraw = False
11.6851 	EXP 	image: autoDraw = False
11.6851 	EXP 	fixation: autoDraw = False
11.6904 	EXP 	image_2: autoDraw = True
11.6904 	EXP 	fixation_2: autoDraw = True
11.7754 	EXP 	New trial (rep=13, index=0): None
11.7853 	EXP 	image_2: autoDraw = False
11.7853 	EXP 	fixation_2: autoDraw = False
11.7853 	EXP 	image_2: autoDraw = False
11.7853 	EXP 	fixation_2: autoDraw = False
11.7903 	EXP 	image: autoDraw = True
11.7903 	EXP 	fixation: autoDraw = True
11.8852 	EXP 	image: autoDraw = False
11.8852 	EXP 	fixation: autoDraw = False
11.8852 	EXP 	image: autoDraw = False
11.8852 	EXP 	fixation: autoDraw = False
11.8899 	EXP 	image_2: autoDraw = True
11.8899 	EXP 	fixation_2: autoDraw = True
11.9760 	EXP 	New trial (rep=14, index=0): None
11.9851 	EXP 	image_2: autoDraw = False
11.9851 	EXP 	fixation_2: autoDraw = False
11.9851 	EXP 	image_2: autoDraw = False
11.9851 	EXP 	fixation_2: autoDraw = False
11.9904 	EXP 	image: autoDraw = True
11.9904 	EXP 	fixation: autoDraw = True
12.0853 	EXP 	image: autoDraw = False
12.0853 	EXP 	fixation: autoDraw = False
12.0853 	EXP 	image: autoDraw = False
12.0853 	EXP 	fixation: autoDraw = False
12.0911 	EXP 	image_2: autoDraw = True
12.0911 	EXP 	fixation_2: autoDraw = True
12.1869 	EXP 	New trial (rep=15, index=0): None
12.1930 	EXP 	image_2: autoDraw = False
12.1930 	EXP 	fixation_2: autoDraw = False
12.1930 	EXP 	image_2: autoDraw = False
12.1930 	EXP 	fixation_2: autoDraw = False
12.1930 	EXP 	image: autoDraw = True
12.1930 	EXP 	fixation: autoDraw = True
12.2916 	EXP 	image: autoDraw = False
12.2916 	EXP 	fixation: autoDraw = False
12.2916 	EXP 	image: autoDraw = False
12.2916 	EXP 	fixation: autoDraw = False
12.2916 	EXP 	image_2: autoDraw = True
12.2916 	EXP 	fixation_2: autoDraw = True
12.3875 	EXP 	New trial (rep=16, index=0): None
12.3937 	EXP 	image_2: autoDraw = False
12.3937 	EXP 	fixation_2: autoDraw = False
12.3937 	EXP 	image_2: autoDraw = False
12.3937 	EXP 	fixation_2: autoDraw = False
12.3937 	EXP 	image: autoDraw = True
12.3937 	EXP 	fixation: autoDraw = True
12.4917 	EXP 	image: autoDraw = False
12.4917 	EXP 	fixation: autoDraw = False
12.4917 	EXP 	image: autoDraw = False
12.4917 	EXP 	fixation: autoDraw = False
12.4917 	EXP 	image_2: autoDraw = True
12.4917 	EXP 	fixation_2: autoDraw = True
12.5759 	EXP 	New trial (rep=17, index=0): None
12.5851 	EXP 	image_2: autoDraw = False
12.5851 	EXP 	fixation_2: autoDraw = False
12.5851 	EXP 	image_2: autoDraw = False
12.5851 	EXP 	fixation_2: autoDraw = False
12.5904 	EXP 	image: autoDraw = True
12.5904 	EXP 	fixation: autoDraw = True
12.6852 	EXP 	image: autoDraw = False
12.6852 	EXP 	fixation: autoDraw = False
12.6852 	EXP 	image: autoDraw = False
12.6852 	EXP 	fixation: autoDraw = False
12.6904 	EXP 	image_2: autoDraw = True
12.6904 	EXP 	fixation_2: autoDraw = True
12.7757 	EXP 	New trial (rep=18, index=0): None
12.7851 	EXP 	image_2: autoDraw = False
12.7851 	EXP 	fixation_2: autoDraw = False
12.7851 	EXP 	image_2: autoDraw = False
12.7851 	EXP 	fixation_2: autoDraw = False
12.7916 	EXP 	image: autoDraw = True
12.7916 	EXP 	fixation: autoDraw = True
12.8920 	EXP 	image: autoDraw = False
12.8920 	EXP 	fixation: autoDraw = False
12.8920 	EXP 	image: autoDraw = False
12.8920 	EXP 	fixation: autoDraw = False
12.8920 	EXP 	image_2: autoDraw = True
12.8920 	EXP 	fixation_2: autoDraw = True
12.9868 	EXP 	New trial (rep=19, index=0): None
12.9922 	EXP 	image_2: autoDraw = False
12.9922 	EXP 	fixation_2: autoDraw = False
12.9922 	EXP 	image_2: autoDraw = False
12.9922 	EXP 	fixation_2: autoDraw = False
12.9922 	EXP 	image: autoDraw = True
12.9922 	EXP 	fixation: autoDraw = True
13.0903 	EXP 	image: autoDraw = False
13.0903 	EXP 	fixation: autoDraw = False
13.0903 	EXP 	image: autoDraw = False
13.0903 	EXP 	fixation: autoDraw = False
13.0903 	EXP 	image_2: autoDraw = True
13.0903 	EXP 	fixation_2: autoDraw = True
13.1753 	EXP 	New trial (rep=20, index=0): None
13.1851 	EXP 	image_2: autoDraw = False
13.1851 	EXP 	fixation_2: autoDraw = False
13.1851 	EXP 	image_2: autoDraw = False
13.1851 	EXP 	fixation_2: autoDraw = False
13.1904 	EXP 	image: autoDraw = True
13.1904 	EXP 	fixation: autoDraw = True
13.2851 	EXP 	image: autoDraw = False
13.2851 	EXP 	fixation: autoDraw = False
13.2851 	EXP 	image: autoDraw = False
13.2851 	EXP 	fixation: autoDraw = False
13.2904 	EXP 	image_2: autoDraw = True
13.2904 	EXP 	fixation_2: autoDraw = True
13.3747 	EXP 	New trial (rep=21, index=0): None
13.3851 	EXP 	image_2: autoDraw = False
13.3851 	EXP 	fixation_2: autoDraw = False
13.3851 	EXP 	image_2: autoDraw = False
13.3851 	EXP 	fixation_2: autoDraw = False
13.3900 	EXP 	image: autoDraw = True
13.3900 	EXP 	fixation: autoDraw = True
13.4851 	EXP 	image: autoDraw = False
13.4851 	EXP 	fixation: autoDraw = False
13.4851 	EXP 	image: autoDraw = False
13.4851 	EXP 	fixation: autoDraw = False
13.4904 	EXP 	image_2: autoDraw = True
13.4904 	EXP 	fixation_2: autoDraw = True
13.5754 	EXP 	New trial (rep=22, index=0): None
13.5851 	EXP 	image_2: autoDraw = False
13.5851 	EXP 	fixation_2: autoDraw = False
13.5851 	EXP 	image_2: autoDraw = False
13.5851 	EXP 	fixation_2: autoDraw = False
13.5899 	EXP 	image: autoDraw = True
13.5899 	EXP 	fixation: autoDraw = True
13.6851 	EXP 	image: autoDraw = False
13.6851 	EXP 	fixation: autoDraw = False
13.6851 	EXP 	image: autoDraw = False
13.6851 	EXP 	fixation: autoDraw = False
13.6904 	EXP 	image_2: autoDraw = True
13.6904 	EXP 	fixation_2: autoDraw = True
13.7762 	EXP 	New trial (rep=23, index=0): None
13.7851 	EXP 	image_2: autoDraw = False
13.7851 	EXP 	fixation_2: autoDraw = False
13.7851 	EXP 	image_2: autoDraw = False
13.7851 	EXP 	fixation_2: autoDraw = False
13.7897 	EXP 	image: autoDraw = True
13.7897 	EXP 	fixation: autoDraw = True
13.8851 	EXP 	image: autoDraw = False
13.8851 	EXP 	fixation: autoDraw = False
13.8851 	EXP 	image: autoDraw = False
13.8851 	EXP 	fixation: autoDraw = False
13.8900 	EXP 	image_2: autoDraw = True
13.8900 	EXP 	fixation_2: autoDraw = True
13.9749 	EXP 	New trial (rep=24, index=0): None
13.9852 	EXP 	image_2: autoDraw = False
13.9852 	EXP 	fixation_2: autoDraw = False
13.9852 	EXP 	image_2: autoDraw = False
13.9852 	EXP 	fixation_2: autoDraw = False
13.9903 	EXP 	image: autoDraw = True
13.9903 	EXP 	fixation: autoDraw = True
14.0851 	EXP 	image: autoDraw = False
14.0851 	EXP 	fixation: autoDraw = False
14.0851 	EXP 	image: autoDraw = False
14.0851 	EXP 	fixation: autoDraw = False
14.0901 	EXP 	image_2: autoDraw = True
14.0901 	EXP 	fixation_2: autoDraw = True
14.1764 	EXP 	New trial (rep=25, index=0): None
14.1851 	EXP 	image_2: autoDraw = False
14.1851 	EXP 	fixation_2: autoDraw = False
14.1851 	EXP 	image_2: autoDraw = False
14.1851 	EXP 	fixation_2: autoDraw = False
14.1904 	EXP 	image: autoDraw = True
14.1904 	EXP 	fixation: autoDraw = True
14.2851 	EXP 	image: autoDraw = False
14.2851 	EXP 	fixation: autoDraw = False
14.2851 	EXP 	image: autoDraw = False
14.2851 	EXP 	fixation: autoDraw = False
14.2904 	EXP 	image_2: autoDraw = True
14.2904 	EXP 	fixation_2: autoDraw = True
14.3749 	EXP 	New trial (rep=26, index=0): None
14.3850 	EXP 	image_2: autoDraw = False
14.3850 	EXP 	fixation_2: autoDraw = False
14.3850 	EXP 	image_2: autoDraw = False
14.3850 	EXP 	fixation_2: autoDraw = False
14.3904 	EXP 	image: autoDraw = True
14.3904 	EXP 	fixation: autoDraw = True
14.4852 	EXP 	image: autoDraw = False
14.4852 	EXP 	fixation: autoDraw = False
14.4852 	EXP 	image: autoDraw = False
14.4852 	EXP 	fixation: autoDraw = False
14.4902 	EXP 	image_2: autoDraw = True
14.4902 	EXP 	fixation_2: autoDraw = True
14.5751 	EXP 	New trial (rep=27, index=0): None
14.5851 	EXP 	image_2: autoDraw = False
14.5851 	EXP 	fixation_2: autoDraw = False
14.5851 	EXP 	image_2: autoDraw = False
14.5851 	EXP 	fixation_2: autoDraw = False
14.5907 	EXP 	image: autoDraw = True
14.5907 	EXP 	fixation: autoDraw = True
14.6852 	EXP 	image: autoDraw = False
14.6852 	EXP 	fixation: autoDraw = False
14.6852 	EXP 	image: autoDraw = False
14.6852 	EXP 	fixation: autoDraw = False
14.6907 	EXP 	image_2: autoDraw = True
14.6907 	EXP 	fixation_2: autoDraw = True
14.7748 	EXP 	New trial (rep=28, index=0): None
14.7851 	EXP 	image_2: autoDraw = False
14.7851 	EXP 	fixation_2: autoDraw = False
14.7851 	EXP 	image_2: autoDraw = False
14.7851 	EXP 	fixation_2: autoDraw = False
14.7906 	EXP 	image: autoDraw = True
14.7906 	EXP 	fixation: autoDraw = True
14.8851 	EXP 	image: autoDraw = False
14.8851 	EXP 	fixation: autoDraw = False
14.8851 	EXP 	image: autoDraw = False
14.8851 	EXP 	fixation: autoDraw = False
14.8917 	EXP 	image_2: autoDraw = True
14.8917 	EXP 	fixation_2: autoDraw = True
14.9867 	EXP 	New trial (rep=29, index=0): None
14.9934 	EXP 	image_2: autoDraw = False
14.9934 	EXP 	fixation_2: autoDraw = False
14.9934 	EXP 	image_2: autoDraw = False
14.9934 	EXP 	fixation_2: autoDraw = False
14.9934 	EXP 	image: autoDraw = True
14.9934 	EXP 	fixation: autoDraw = True
15.0916 	EXP 	image: autoDraw = False
15.0916 	EXP 	fixation: autoDraw = False
15.0916 	EXP 	image: autoDraw = False
15.0916 	EXP 	fixation: autoDraw = False
15.0916 	EXP 	image_2: autoDraw = True
15.0916 	EXP 	fixation_2: autoDraw = True
15.1872 	EXP 	New trial (rep=30, index=0): None
15.1929 	EXP 	image_2: autoDraw = False
15.1929 	EXP 	fixation_2: autoDraw = False
15.1929 	EXP 	image_2: autoDraw = False
15.1929 	EXP 	fixation_2: autoDraw = False
15.1929 	EXP 	image: autoDraw = True
15.1929 	EXP 	fixation: autoDraw = True
15.2917 	EXP 	image: autoDraw = False
15.2917 	EXP 	fixation: autoDraw = False
15.2917 	EXP 	image: autoDraw = False
15.2917 	EXP 	fixation: autoDraw = False
15.2917 	EXP 	image_2: autoDraw = True
15.2917 	EXP 	fixation_2: autoDraw = True
15.3768 	EXP 	New trial (rep=31, index=0): None
15.3851 	EXP 	image_2: autoDraw = False
15.3851 	EXP 	fixation_2: autoDraw = False
15.3851 	EXP 	image_2: autoDraw = False
15.3851 	EXP 	fixation_2: autoDraw = False
15.3912 	EXP 	image: autoDraw = True
15.3912 	EXP 	fixation: autoDraw = True
15.4852 	EXP 	image: autoDraw = False
15.4852 	EXP 	fixation: autoDraw = False
15.4852 	EXP 	image: autoDraw = False
15.4852 	EXP 	fixation: autoDraw = False
15.4902 	EXP 	image_2: autoDraw = True
15.4902 	EXP 	fixation_2: autoDraw = True
15.5751 	EXP 	New trial (rep=32, index=0): None
15.5851 	EXP 	image_2: autoDraw = False
15.5851 	EXP 	fixation_2: autoDraw = False
15.5851 	EXP 	image_2: autoDraw = False
15.5851 	EXP 	fixation_2: autoDraw = False
15.5898 	EXP 	image: autoDraw = True
15.5898 	EXP 	fixation: autoDraw = True
15.6851 	EXP 	image: autoDraw = False
15.6851 	EXP 	fixation: autoDraw = False
15.6851 	EXP 	image: autoDraw = False
15.6851 	EXP 	fixation: autoDraw = False
15.6910 	EXP 	image_2: autoDraw = True
15.6910 	EXP 	fixation_2: autoDraw = True
15.7870 	EXP 	New trial (rep=33, index=0): None
15.7924 	EXP 	image_2: autoDraw = False
15.7924 	EXP 	fixation_2: autoDraw = False
15.7924 	EXP 	image_2: autoDraw = False
15.7924 	EXP 	fixation_2: autoDraw = False
15.7924 	EXP 	image: autoDraw = True
15.7924 	EXP 	fixation: autoDraw = True
15.8920 	EXP 	image: autoDraw = False
15.8920 	EXP 	fixation: autoDraw = False
15.8920 	EXP 	image: autoDraw = False
15.8920 	EXP 	fixation: autoDraw = False
15.8920 	EXP 	image_2: autoDraw = True
15.8920 	EXP 	fixation_2: autoDraw = True
15.9869 	EXP 	New trial (rep=34, index=0): None
15.9929 	EXP 	image_2: autoDraw = False
15.9929 	EXP 	fixation_2: autoDraw = False
15.9929 	EXP 	image_2: autoDraw = False
15.9929 	EXP 	fixation_2: autoDraw = False
15.9929 	EXP 	image: autoDraw = True
15.9929 	EXP 	fixation: autoDraw = True
16.0920 	EXP 	image: autoDraw = False
16.0920 	EXP 	fixation: autoDraw = False
16.0920 	EXP 	image: autoDraw = False
16.0920 	EXP 	fixation: autoDraw = False
16.0920 	EXP 	image_2: autoDraw = True
16.0920 	EXP 	fixation_2: autoDraw = True
16.1869 	EXP 	New trial (rep=35, index=0): None
16.1929 	EXP 	image_2: autoDraw = False
16.1929 	EXP 	fixation_2: autoDraw = False
16.1929 	EXP 	image_2: autoDraw = False
16.1929 	EXP 	fixation_2: autoDraw = False
16.1929 	EXP 	image: autoDraw = True
16.1929 	EXP 	fixation: autoDraw = True
16.2930 	EXP 	image: autoDraw = False
16.2930 	EXP 	fixation: autoDraw = False
16.2930 	EXP 	image: autoDraw = False
16.2930 	EXP 	fixation: autoDraw = False
16.2930 	EXP 	image_2: autoDraw = True
16.2930 	EXP 	fixation_2: autoDraw = True
16.3869 	EXP 	New trial (rep=36, index=0): None
16.3930 	EXP 	image_2: autoDraw = False
16.3930 	EXP 	fixation_2: autoDraw = False
16.3930 	EXP 	image_2: autoDraw = False
16.3930 	EXP 	fixation_2: autoDraw = False
16.3930 	EXP 	image: autoDraw = True
16.3930 	EXP 	fixation: autoDraw = True
16.4917 	EXP 	image: autoDraw = False
16.4917 	EXP 	fixation: autoDraw = False
16.4917 	EXP 	image: autoDraw = False
16.4917 	EXP 	fixation: autoDraw = False
16.4917 	EXP 	image_2: autoDraw = True
16.4917 	EXP 	fixation_2: autoDraw = True
16.5875 	EXP 	New trial (rep=37, index=0): None
16.5939 	EXP 	image_2: autoDraw = False
16.5939 	EXP 	fixation_2: autoDraw = False
16.5939 	EXP 	image_2: autoDraw = False
16.5939 	EXP 	fixation_2: autoDraw = False
16.5939 	EXP 	image: autoDraw = True
16.5939 	EXP 	fixation: autoDraw = True
16.6918 	EXP 	image: autoDraw = False
16.6918 	EXP 	fixation: autoDraw = False
16.6918 	EXP 	image: autoDraw = False
16.6918 	EXP 	fixation: autoDraw = False
16.6918 	EXP 	image_2: autoDraw = True
16.6918 	EXP 	fixation_2: autoDraw = True
16.7868 	EXP 	New trial (rep=38, index=0): None
16.7922 	EXP 	image_2: autoDraw = False
16.7922 	EXP 	fixation_2: autoDraw = False
16.7922 	EXP 	image_2: autoDraw = False
16.7922 	EXP 	fixation_2: autoDraw = False
16.7922 	EXP 	image: autoDraw = True
16.7922 	EXP 	fixation: autoDraw = True
16.8917 	EXP 	image: autoDraw = False
16.8917 	EXP 	fixation: autoDraw = False
16.8917 	EXP 	image: autoDraw = False
16.8917 	EXP 	fixation: autoDraw = False
16.8917 	EXP 	image_2: autoDraw = True
16.8917 	EXP 	fixation_2: autoDraw = True
16.9870 	EXP 	New trial (rep=39, index=0): None
16.9930 	EXP 	image_2: autoDraw = False
16.9930 	EXP 	fixation_2: autoDraw = False
16.9930 	EXP 	image_2: autoDraw = False
16.9930 	EXP 	fixation_2: autoDraw = False
16.9930 	EXP 	image: autoDraw = True
16.9930 	EXP 	fixation: autoDraw = True
17.0914 	EXP 	image: autoDraw = False
17.0914 	EXP 	fixation: autoDraw = False
17.0914 	EXP 	image: autoDraw = False
17.0914 	EXP 	fixation: autoDraw = False
17.0914 	EXP 	image_2: autoDraw = True
17.0914 	EXP 	fixation_2: autoDraw = True
17.1868 	EXP 	New trial (rep=40, index=0): None
17.1924 	EXP 	image_2: autoDraw = False
17.1924 	EXP 	fixation_2: autoDraw = False
17.1924 	EXP 	image_2: autoDraw = False
17.1924 	EXP 	fixation_2: autoDraw = False
17.1924 	EXP 	image: autoDraw = True
17.1924 	EXP 	fixation: autoDraw = True
17.2917 	EXP 	image: autoDraw = False
17.2917 	EXP 	fixation: autoDraw = False
17.2917 	EXP 	image: autoDraw = False
17.2917 	EXP 	fixation: autoDraw = False
17.2917 	EXP 	image_2: autoDraw = True
17.2917 	EXP 	fixation_2: autoDraw = True
17.3871 	EXP 	New trial (rep=41, index=0): None
17.3930 	EXP 	image_2: autoDraw = False
17.3930 	EXP 	fixation_2: autoDraw = False
17.3930 	EXP 	image_2: autoDraw = False
17.3930 	EXP 	fixation_2: autoDraw = False
17.3930 	EXP 	image: autoDraw = True
17.3930 	EXP 	fixation: autoDraw = True
17.4917 	EXP 	image: autoDraw = False
17.4917 	EXP 	fixation: autoDraw = False
17.4917 	EXP 	image: autoDraw = False
17.4917 	EXP 	fixation: autoDraw = False
17.4917 	EXP 	image_2: autoDraw = True
17.4917 	EXP 	fixation_2: autoDraw = True
17.5869 	EXP 	New trial (rep=42, index=0): None
17.5926 	EXP 	image_2: autoDraw = False
17.5926 	EXP 	fixation_2: autoDraw = False
17.5926 	EXP 	image_2: autoDraw = False
17.5926 	EXP 	fixation_2: autoDraw = False
17.5926 	EXP 	image: autoDraw = True
17.5926 	EXP 	fixation: autoDraw = True
17.6854 	EXP 	image: autoDraw = False
17.6854 	EXP 	fixation: autoDraw = False
17.6854 	EXP 	image: autoDraw = False
17.6854 	EXP 	fixation: autoDraw = False
17.6910 	EXP 	image_2: autoDraw = True
17.6910 	EXP 	fixation_2: autoDraw = True
17.7751 	EXP 	New trial (rep=43, index=0): None
17.7851 	EXP 	image_2: autoDraw = False
17.7851 	EXP 	fixation_2: autoDraw = False
17.7851 	EXP 	image_2: autoDraw = False
17.7851 	EXP 	fixation_2: autoDraw = False
17.7897 	EXP 	image: autoDraw = True
17.7897 	EXP 	fixation: autoDraw = True
17.8851 	EXP 	image: autoDraw = False
17.8851 	EXP 	fixation: autoDraw = False
17.8851 	EXP 	image: autoDraw = False
17.8851 	EXP 	fixation: autoDraw = False
17.8904 	EXP 	image_2: autoDraw = True
17.8904 	EXP 	fixation_2: autoDraw = True
17.9749 	EXP 	New trial (rep=44, index=0): None
17.9852 	EXP 	image_2: autoDraw = False
17.9852 	EXP 	fixation_2: autoDraw = False
17.9852 	EXP 	image_2: autoDraw = False
17.9852 	EXP 	fixation_2: autoDraw = False
17.9899 	EXP 	image: autoDraw = True
17.9899 	EXP 	fixation: autoDraw = True
18.0851 	EXP 	image: autoDraw = False
18.0851 	EXP 	fixation: autoDraw = False
18.0851 	EXP 	image: autoDraw = False
18.0851 	EXP 	fixation: autoDraw = False
18.0902 	EXP 	image_2: autoDraw = True
18.0902 	EXP 	fixation_2: autoDraw = True
18.1756 	EXP 	New trial (rep=45, index=0): None
18.1851 	EXP 	image_2: autoDraw = False
18.1851 	EXP 	fixation_2: autoDraw = False
18.1851 	EXP 	image_2: autoDraw = False
18.1851 	EXP 	fixation_2: autoDraw = False
18.1899 	EXP 	image: autoDraw = True
18.1899 	EXP 	fixation: autoDraw = True
18.2851 	EXP 	image: autoDraw = False
18.2851 	EXP 	fixation: autoDraw = False
18.2851 	EXP 	image: autoDraw = False
18.2851 	EXP 	fixation: autoDraw = False
18.2903 	EXP 	image_2: autoDraw = True
18.2903 	EXP 	fixation_2: autoDraw = True
18.3756 	EXP 	New trial (rep=46, index=0): None
18.3851 	EXP 	image_2: autoDraw = False
18.3851 	EXP 	fixation_2: autoDraw = False
18.3851 	EXP 	image_2: autoDraw = False
18.3851 	EXP 	fixation_2: autoDraw = False
18.3900 	EXP 	image: autoDraw = True
18.3900 	EXP 	fixation: autoDraw = True
18.4851 	EXP 	image: autoDraw = False
18.4851 	EXP 	fixation: autoDraw = False
18.4851 	EXP 	image: autoDraw = False
18.4851 	EXP 	fixation: autoDraw = False
18.4904 	EXP 	image_2: autoDraw = True
18.4904 	EXP 	fixation_2: autoDraw = True
18.5762 	EXP 	New trial (rep=47, index=0): None
18.5854 	EXP 	image_2: autoDraw = False
18.5854 	EXP 	fixation_2: autoDraw = False
18.5854 	EXP 	image_2: autoDraw = False
18.5854 	EXP 	fixation_2: autoDraw = False
18.5919 	EXP 	image: autoDraw = True
18.5919 	EXP 	fixation: autoDraw = True
18.6930 	EXP 	image: autoDraw = False
18.6930 	EXP 	fixation: autoDraw = False
18.6930 	EXP 	image: autoDraw = False
18.6930 	EXP 	fixation: autoDraw = False
18.6930 	EXP 	image_2: autoDraw = True
18.6930 	EXP 	fixation_2: autoDraw = True
18.7868 	EXP 	New trial (rep=48, index=0): None
18.7922 	EXP 	image_2: autoDraw = False
18.7922 	EXP 	fixation_2: autoDraw = False
18.7922 	EXP 	image_2: autoDraw = False
18.7922 	EXP 	fixation_2: autoDraw = False
18.7922 	EXP 	image: autoDraw = True
18.7922 	EXP 	fixation: autoDraw = True
18.8851 	EXP 	image: autoDraw = False
18.8851 	EXP 	fixation: autoDraw = False
18.8851 	EXP 	image: autoDraw = False
18.8851 	EXP 	fixation: autoDraw = False
18.8904 	EXP 	image_2: autoDraw = True
18.8904 	EXP 	fixation_2: autoDraw = True
18.9761 	EXP 	New trial (rep=49, index=0): None
18.9851 	EXP 	image_2: autoDraw = False
18.9851 	EXP 	fixation_2: autoDraw = False
18.9851 	EXP 	image_2: autoDraw = False
18.9851 	EXP 	fixation_2: autoDraw = False
18.9904 	EXP 	image: autoDraw = True
18.9904 	EXP 	fixation: autoDraw = True
19.0851 	EXP 	image: autoDraw = False
19.0851 	EXP 	fixation: autoDraw = False
19.0851 	EXP 	image: autoDraw = False
19.0851 	EXP 	fixation: autoDraw = False
19.0903 	EXP 	image_2: autoDraw = True
19.0903 	EXP 	fixation_2: autoDraw = True
19.1750 	EXP 	New trial (rep=50, index=0): None
19.1853 	EXP 	image_2: autoDraw = False
19.1853 	EXP 	fixation_2: autoDraw = False
19.1853 	EXP 	image_2: autoDraw = False
19.1853 	EXP 	fixation_2: autoDraw = False
19.1902 	EXP 	image: autoDraw = True
19.1902 	EXP 	fixation: autoDraw = True
19.2851 	EXP 	image: autoDraw = False
19.2851 	EXP 	fixation: autoDraw = False
19.2851 	EXP 	image: autoDraw = False
19.2851 	EXP 	fixation: autoDraw = False
19.2904 	EXP 	image_2: autoDraw = True
19.2904 	EXP 	fixation_2: autoDraw = True
19.3753 	EXP 	New trial (rep=51, index=0): None
19.3852 	EXP 	image_2: autoDraw = False
19.3852 	EXP 	fixation_2: autoDraw = False
19.3852 	EXP 	image_2: autoDraw = False
19.3852 	EXP 	fixation_2: autoDraw = False
19.3905 	EXP 	image: autoDraw = True
19.3905 	EXP 	fixation: autoDraw = True
19.4851 	EXP 	image: autoDraw = False
19.4851 	EXP 	fixation: autoDraw = False
19.4851 	EXP 	image: autoDraw = False
19.4851 	EXP 	fixation: autoDraw = False
19.4902 	EXP 	image_2: autoDraw = True
19.4902 	EXP 	fixation_2: autoDraw = True
19.5748 	EXP 	New trial (rep=52, index=0): None
19.5851 	EXP 	image_2: autoDraw = False
19.5851 	EXP 	fixation_2: autoDraw = False
19.5851 	EXP 	image_2: autoDraw = False
19.5851 	EXP 	fixation_2: autoDraw = False
19.5903 	EXP 	image: autoDraw = True
19.5903 	EXP 	fixation: autoDraw = True
19.6851 	EXP 	image: autoDraw = False
19.6851 	EXP 	fixation: autoDraw = False
19.6851 	EXP 	image: autoDraw = False
19.6851 	EXP 	fixation: autoDraw = False
19.6903 	EXP 	image_2: autoDraw = True
19.6903 	EXP 	fixation_2: autoDraw = True
19.7865 	EXP 	New trial (rep=53, index=0): None
19.7919 	EXP 	image_2: autoDraw = False
19.7919 	EXP 	fixation_2: autoDraw = False
19.7919 	EXP 	image_2: autoDraw = False
19.7919 	EXP 	fixation_2: autoDraw = False
19.7919 	EXP 	image: autoDraw = True
19.7919 	EXP 	fixation: autoDraw = True
19.8917 	EXP 	image: autoDraw = False
19.8917 	EXP 	fixation: autoDraw = False
19.8917 	EXP 	image: autoDraw = False
19.8917 	EXP 	fixation: autoDraw = False
19.8917 	EXP 	image_2: autoDraw = True
19.8917 	EXP 	fixation_2: autoDraw = True
19.9869 	EXP 	New trial (rep=54, index=0): None
19.9923 	EXP 	image_2: autoDraw = False
19.9923 	EXP 	fixation_2: autoDraw = False
19.9923 	EXP 	image_2: autoDraw = False
19.9923 	EXP 	fixation_2: autoDraw = False
19.9923 	EXP 	image: autoDraw = True
19.9923 	EXP 	fixation: autoDraw = True
20.0917 	EXP 	image: autoDraw = False
20.0917 	EXP 	fixation: autoDraw = False
20.0917 	EXP 	image: autoDraw = False
20.0917 	EXP 	fixation: autoDraw = False
20.0917 	EXP 	image_2: autoDraw = True
20.0917 	EXP 	fixation_2: autoDraw = True
20.1866 	EXP 	New trial (rep=55, index=0): None
20.1921 	EXP 	image_2: autoDraw = False
20.1921 	EXP 	fixation_2: autoDraw = False
20.1921 	EXP 	image_2: autoDraw = False
20.1921 	EXP 	fixation_2: autoDraw = False
20.1921 	EXP 	image: autoDraw = True
20.1921 	EXP 	fixation: autoDraw = True
20.2916 	EXP 	image: autoDraw = False
20.2916 	EXP 	fixation: autoDraw = False
20.2916 	EXP 	image: autoDraw = False
20.2916 	EXP 	fixation: autoDraw = False
20.2916 	EXP 	image_2: autoDraw = True
20.2916 	EXP 	fixation_2: autoDraw = True
20.3868 	EXP 	New trial (rep=56, index=0): None
20.3925 	EXP 	image_2: autoDraw = False
20.3925 	EXP 	fixation_2: autoDraw = False
20.3925 	EXP 	image_2: autoDraw = False
20.3925 	EXP 	fixation_2: autoDraw = False
20.3925 	EXP 	image: autoDraw = True
20.3925 	EXP 	fixation: autoDraw = True
20.4917 	EXP 	image: autoDraw = False
20.4917 	EXP 	fixation: autoDraw = False
20.4917 	EXP 	image: autoDraw = False
20.4917 	EXP 	fixation: autoDraw = False
20.4917 	EXP 	image_2: autoDraw = True
20.4917 	EXP 	fixation_2: autoDraw = True
20.5869 	EXP 	New trial (rep=57, index=0): None
20.5932 	EXP 	image_2: autoDraw = False
20.5932 	EXP 	fixation_2: autoDraw = False
20.5932 	EXP 	image_2: autoDraw = False
20.5932 	EXP 	fixation_2: autoDraw = False
20.5932 	EXP 	image: autoDraw = True
20.5932 	EXP 	fixation: autoDraw = True
20.6916 	EXP 	image: autoDraw = False
20.6916 	EXP 	fixation: autoDraw = False
20.6916 	EXP 	image: autoDraw = False
20.6916 	EXP 	fixation: autoDraw = False
20.6916 	EXP 	image_2: autoDraw = True
20.6916 	EXP 	fixation_2: autoDraw = True
20.7868 	EXP 	New trial (rep=58, index=0): None
20.7928 	EXP 	image_2: autoDraw = False
20.7928 	EXP 	fixation_2: autoDraw = False
20.7928 	EXP 	image_2: autoDraw = False
20.7928 	EXP 	fixation_2: autoDraw = False
20.7928 	EXP 	image: autoDraw = True
20.7928 	EXP 	fixation: autoDraw = True
20.8915 	EXP 	image: autoDraw = False
20.8915 	EXP 	fixation: autoDraw = False
20.8915 	EXP 	image: autoDraw = False
20.8915 	EXP 	fixation: autoDraw = False
20.8915 	EXP 	image_2: autoDraw = True
20.8915 	EXP 	fixation_2: autoDraw = True
20.9872 	EXP 	New trial (rep=59, index=0): None
20.9937 	EXP 	image_2: autoDraw = False
20.9937 	EXP 	fixation_2: autoDraw = False
20.9937 	EXP 	image_2: autoDraw = False
20.9937 	EXP 	fixation_2: autoDraw = False
20.9937 	EXP 	image: autoDraw = True
20.9937 	EXP 	fixation: autoDraw = True
21.0916 	EXP 	image: autoDraw = False
21.0916 	EXP 	fixation: autoDraw = False
21.0916 	EXP 	image: autoDraw = False
21.0916 	EXP 	fixation: autoDraw = False
21.0916 	EXP 	image_2: autoDraw = True
21.0916 	EXP 	fixation_2: autoDraw = True
21.1869 	EXP 	New trial (rep=60, index=0): None
21.1934 	EXP 	image_2: autoDraw = False
21.1934 	EXP 	fixation_2: autoDraw = False
21.1934 	EXP 	image_2: autoDraw = False
21.1934 	EXP 	fixation_2: autoDraw = False
21.1934 	EXP 	image: autoDraw = True
21.1934 	EXP 	fixation: autoDraw = True
21.2918 	EXP 	image: autoDraw = False
21.2918 	EXP 	fixation: autoDraw = False
21.2918 	EXP 	image: autoDraw = False
21.2918 	EXP 	fixation: autoDraw = False
21.2918 	EXP 	image_2: autoDraw = True
21.2918 	EXP 	fixation_2: autoDraw = True
21.3869 	EXP 	New trial (rep=61, index=0): None
21.3924 	EXP 	image_2: autoDraw = False
21.3924 	EXP 	fixation_2: autoDraw = False
21.3924 	EXP 	image_2: autoDraw = False
21.3924 	EXP 	fixation_2: autoDraw = False
21.3924 	EXP 	image: autoDraw = True
21.3924 	EXP 	fixation: autoDraw = True
21.4914 	EXP 	image: autoDraw = False
21.4914 	EXP 	fixation: autoDraw = False
21.4914 	EXP 	image: autoDraw = False
21.4914 	EXP 	fixation: autoDraw = False
21.4914 	EXP 	image_2: autoDraw = True
21.4914 	EXP 	fixation_2: autoDraw = True
21.5869 	EXP 	New trial (rep=62, index=0): None
21.5927 	EXP 	image_2: autoDraw = False
21.5927 	EXP 	fixation_2: autoDraw = False
21.5927 	EXP 	image_2: autoDraw = False
21.5927 	EXP 	fixation_2: autoDraw = False
21.5927 	EXP 	image: autoDraw = True
21.5927 	EXP 	fixation: autoDraw = True
21.6916 	EXP 	image: autoDraw = False
21.6916 	EXP 	fixation: autoDraw = False
21.6916 	EXP 	image: autoDraw = False
21.6916 	EXP 	fixation: autoDraw = False
21.6916 	EXP 	image_2: autoDraw = True
21.6916 	EXP 	fixation_2: autoDraw = True
21.7773 	EXP 	New trial (rep=63, index=0): None
21.7849 	EXP 	image_2: autoDraw = False
21.7849 	EXP 	fixation_2: autoDraw = False
21.7849 	EXP 	image_2: autoDraw = False
21.7849 	EXP 	fixation_2: autoDraw = False
21.7907 	EXP 	image: autoDraw = True
21.7907 	EXP 	fixation: autoDraw = True
21.8852 	EXP 	image: autoDraw = False
21.8852 	EXP 	fixation: autoDraw = False
21.8852 	EXP 	image: autoDraw = False
21.8852 	EXP 	fixation: autoDraw = False
21.8909 	EXP 	image_2: autoDraw = True
21.8909 	EXP 	fixation_2: autoDraw = True
21.9755 	EXP 	New trial (rep=64, index=0): None
21.9851 	EXP 	image_2: autoDraw = False
21.9851 	EXP 	fixation_2: autoDraw = False
21.9851 	EXP 	image_2: autoDraw = False
21.9851 	EXP 	fixation_2: autoDraw = False
21.9897 	EXP 	image: autoDraw = True
21.9897 	EXP 	fixation: autoDraw = True
22.0852 	EXP 	image: autoDraw = False
22.0852 	EXP 	fixation: autoDraw = False
22.0852 	EXP 	image: autoDraw = False
22.0852 	EXP 	fixation: autoDraw = False
22.0902 	EXP 	image_2: autoDraw = True
22.0902 	EXP 	fixation_2: autoDraw = True
22.1751 	EXP 	New trial (rep=65, index=0): None
22.1851 	EXP 	image_2: autoDraw = False
22.1851 	EXP 	fixation_2: autoDraw = False
22.1851 	EXP 	image_2: autoDraw = False
22.1851 	EXP 	fixation_2: autoDraw = False
22.1910 	EXP 	image: autoDraw = True
22.1910 	EXP 	fixation: autoDraw = True
22.2851 	EXP 	image: autoDraw = False
22.2851 	EXP 	fixation: autoDraw = False
22.2851 	EXP 	image: autoDraw = False
22.2851 	EXP 	fixation: autoDraw = False
22.2909 	EXP 	image_2: autoDraw = True
22.2909 	EXP 	fixation_2: autoDraw = True
22.3758 	EXP 	New trial (rep=66, index=0): None
22.3851 	EXP 	image_2: autoDraw = False
22.3851 	EXP 	fixation_2: autoDraw = False
22.3851 	EXP 	image_2: autoDraw = False
22.3851 	EXP 	fixation_2: autoDraw = False
22.3905 	EXP 	image: autoDraw = True
22.3905 	EXP 	fixation: autoDraw = True
22.4851 	EXP 	image: autoDraw = False
22.4851 	EXP 	fixation: autoDraw = False
22.4851 	EXP 	image: autoDraw = False
22.4851 	EXP 	fixation: autoDraw = False
22.4904 	EXP 	image_2: autoDraw = True
22.4904 	EXP 	fixation_2: autoDraw = True
22.5769 	EXP 	New trial (rep=67, index=0): None
22.5851 	EXP 	image_2: autoDraw = False
22.5851 	EXP 	fixation_2: autoDraw = False
22.5851 	EXP 	image_2: autoDraw = False
22.5851 	EXP 	fixation_2: autoDraw = False
22.5903 	EXP 	image: autoDraw = True
22.5903 	EXP 	fixation: autoDraw = True
22.6851 	EXP 	image: autoDraw = False
22.6851 	EXP 	fixation: autoDraw = False
22.6851 	EXP 	image: autoDraw = False
22.6851 	EXP 	fixation: autoDraw = False
22.6910 	EXP 	image_2: autoDraw = True
22.6910 	EXP 	fixation_2: autoDraw = True
22.7752 	EXP 	New trial (rep=68, index=0): None
22.7852 	EXP 	image_2: autoDraw = False
22.7852 	EXP 	fixation_2: autoDraw = False
22.7852 	EXP 	image_2: autoDraw = False
22.7852 	EXP 	fixation_2: autoDraw = False
22.7914 	EXP 	image: autoDraw = True
22.7914 	EXP 	fixation: autoDraw = True
22.8916 	EXP 	image: autoDraw = False
22.8916 	EXP 	fixation: autoDraw = False
22.8916 	EXP 	image: autoDraw = False
22.8916 	EXP 	fixation: autoDraw = False
22.8916 	EXP 	image_2: autoDraw = True
22.8916 	EXP 	fixation_2: autoDraw = True
22.9769 	EXP 	New trial (rep=69, index=0): None
22.9852 	EXP 	image_2: autoDraw = False
22.9852 	EXP 	fixation_2: autoDraw = False
22.9852 	EXP 	image_2: autoDraw = False
22.9852 	EXP 	fixation_2: autoDraw = False
22.9917 	EXP 	image: autoDraw = True
22.9917 	EXP 	fixation: autoDraw = True
23.0913 	EXP 	image: autoDraw = False
23.0913 	EXP 	fixation: autoDraw = False
23.0913 	EXP 	image: autoDraw = False
23.0913 	EXP 	fixation: autoDraw = False
23.0913 	EXP 	image_2: autoDraw = True
23.0913 	EXP 	fixation_2: autoDraw = True
23.1761 	EXP 	New trial (rep=70, index=0): None
23.1851 	EXP 	image_2: autoDraw = False
23.1851 	EXP 	fixation_2: autoDraw = False
23.1851 	EXP 	image_2: autoDraw = False
23.1851 	EXP 	fixation_2: autoDraw = False
23.1905 	EXP 	image: autoDraw = True
23.1905 	EXP 	fixation: autoDraw = True
23.2852 	EXP 	image: autoDraw = False
23.2852 	EXP 	fixation: autoDraw = False
23.2852 	EXP 	image: autoDraw = False
23.2852 	EXP 	fixation: autoDraw = False
23.2902 	EXP 	image_2: autoDraw = True
23.2902 	EXP 	fixation_2: autoDraw = True
23.3748 	EXP 	New trial (rep=71, index=0): None
23.3851 	EXP 	image_2: autoDraw = False
23.3851 	EXP 	fixation_2: autoDraw = False
23.3851 	EXP 	image_2: autoDraw = False
23.3851 	EXP 	fixation_2: autoDraw = False
23.3902 	EXP 	image: autoDraw = True
23.3902 	EXP 	fixation: autoDraw = True
23.4851 	EXP 	image: autoDraw = False
23.4851 	EXP 	fixation: autoDraw = False
23.4851 	EXP 	image: autoDraw = False
23.4851 	EXP 	fixation: autoDraw = False
23.4902 	EXP 	image_2: autoDraw = True
23.4902 	EXP 	fixation_2: autoDraw = True
23.5756 	EXP 	New trial (rep=72, index=0): None
23.5851 	EXP 	image_2: autoDraw = False
23.5851 	EXP 	fixation_2: autoDraw = False
23.5851 	EXP 	image_2: autoDraw = False
23.5851 	EXP 	fixation_2: autoDraw = False
23.5902 	EXP 	image: autoDraw = True
23.5902 	EXP 	fixation: autoDraw = True
23.6852 	EXP 	image: autoDraw = False
23.6852 	EXP 	fixation: autoDraw = False
23.6852 	EXP 	image: autoDraw = False
23.6852 	EXP 	fixation: autoDraw = False
23.6910 	EXP 	image_2: autoDraw = True
23.6910 	EXP 	fixation_2: autoDraw = True
23.7751 	EXP 	New trial (rep=73, index=0): None
23.7852 	EXP 	image_2: autoDraw = False
23.7852 	EXP 	fixation_2: autoDraw = False
23.7852 	EXP 	image_2: autoDraw = False
23.7852 	EXP 	fixation_2: autoDraw = False
23.7902 	EXP 	image: autoDraw = True
23.7902 	EXP 	fixation: autoDraw = True
23.8855 	EXP 	image: autoDraw = False
23.8855 	EXP 	fixation: autoDraw = False
23.8855 	EXP 	image: autoDraw = False
23.8855 	EXP 	fixation: autoDraw = False
23.8919 	EXP 	image_2: autoDraw = True
23.8919 	EXP 	fixation_2: autoDraw = True
23.9760 	EXP 	New trial (rep=74, index=0): None
23.9851 	EXP 	image_2: autoDraw = False
23.9851 	EXP 	fixation_2: autoDraw = False
23.9851 	EXP 	image_2: autoDraw = False
23.9851 	EXP 	fixation_2: autoDraw = False
23.9898 	EXP 	image: autoDraw = True
23.9898 	EXP 	fixation: autoDraw = True
24.0851 	EXP 	image: autoDraw = False
24.0851 	EXP 	fixation: autoDraw = False
24.0851 	EXP 	image: autoDraw = False
24.0851 	EXP 	fixation: autoDraw = False
24.0904 	EXP 	image_2: autoDraw = True
24.0904 	EXP 	fixation_2: autoDraw = True
24.1855 	EXP 	image_2: autoDraw = False
24.1855 	EXP 	fixation_2: autoDraw = False
24.1855 	EXP 	image_2: autoDraw = False
24.1855 	EXP 	fixation_2: autoDraw = False
24.2360 	EXP 	window1: mouseVisible = True
