1.1238 	WARNING 	We strongly recommend you activate the PTB sound engine in PsychoPy prefs as the preferred audio engine. Its timing is vastly superior. Your prefs are currently set to use ['sounddevice', 'PTB', 'pyo', 'pygame'] (in that order).
4.4921 	WARNING 	User requested fullscreen with size [1024  768], but screen is actually [1440, 900]. Using actual size
5.7319 	WARNING 	Couldn't measure a consistent frame rate!
  - Is your graphics card set to sync to vertical blank?
  - Are you running other processes on your computer?

5.7329 	EXP 	Created window1 = Window(allowGUI=True, allowStencil=False, autoLog=True, backendConf=UNKNOWN, bitsMode=UNKNOWN, blendMode='avg', bpc=(8, 8, 8), color=array([0, 0, 0]), colorSpace='rgb', depthBits=8, fullscr=<method-wrapper '__getattribute__' of attributeSetter object at 0x7ff0bb996be0>, gamma=None, gammaErrorPolicy='raise', lms=UNKNOWN, monitor=<psychopy.monitors.calibTools.Monitor object at 0x7ff07ee584f0>, multiSample=False, name='window1', numSamples=2, pos=[360.0, 225.0], screen=0, size=array([2880, 1800]), stencilBits=0, stereo=False, units='height', useFBO=True, useRetina=True, viewOri=0.0, viewPos=None, viewScale=None, waitBlanking=True, winType='pyglet')
5.7333 	EXP 	window1: mouseVisible = True
5.7344 	EXP 	window1: mouseVisible = False
5.7345 	EXP 	window1: Attempting to measure frame rate of screen (0) ...
5.7346 	EXP 	window1: recordFrameIntervals = False
5.8149 	EXP 	window1: recordFrameIntervals = True
6.6483 	WARNING 	Couldn't measure a consistent frame rate!
  - Is your graphics card set to sync to vertical blank?
  - Are you running other processes on your computer?

8.3918 	EXP 	Created grating1 = GratingStim(__class__=<class 'psychopy.visual.grating.GratingStim'>, anchor='center', autoDraw=False, autoLog=True, blendmode='avg', color=array([1, 1, 1]), colorSpace='rgb', contrast=1.0, depth=-1.0, interpolate=True, mask=None, maskParams=None, name='grating1', opacity=1.0, ori=0.0, phase=array([0., 0.]), pos=array([0., 0.]), rgbPedestal=array([0., 0., 0.]), sf=array([10., 10.]), size=array([1.5, 1. ]), tex='sin', texRes=128.0, units='height', win=Window(...))
8.3980 	EXP 	Created fixation = ShapeStim(__class__=<class 'psychopy.visual.shape.ShapeStim'>, anchor=('center', 'center'), autoDraw=False, autoLog=True, closeShape=True, color=method-wrapper(...), colorSpace='rgb', contrast=None, depth=-2.0, fillColor=array([ 1, -1, -1]), fillColorSpace='rgb', fillRGB=array([ 1, -1, -1]), interpolate=True, lineColor=array([ 1, -1, -1]), lineColorSpace='rgb', lineRGB=array([ 1, -1, -1]), lineWidth=1.0, name='fixation', opacity=1.0, ori=0.0, pos=array([0., 0.]), size=array([0.01, 0.01]), units='height', vertices=ndarray(...), win=Window(...), windingRule=None)
8.4109 	EXP 	Created grating1_2 = GratingStim(__class__=<class 'psychopy.visual.grating.GratingStim'>, anchor='center', autoDraw=False, autoLog=True, blendmode='avg', color=array([1, 1, 1]), colorSpace='rgb', contrast=1.0, depth=-1.0, interpolate=True, mask=None, maskParams=None, name='grating1_2', opacity=1.0, ori=0.0, phase=array([0.5, 0.5]), pos=array([0., 0.]), rgbPedestal=array([0., 0., 0.]), sf=array([10., 10.]), size=array([1.5, 1. ]), tex='sin', texRes=128.0, units='height', win=Window(...))
8.4144 	EXP 	Created fixation_2 = ShapeStim(__class__=<class 'psychopy.visual.shape.ShapeStim'>, anchor=('center', 'center'), autoDraw=False, autoLog=True, closeShape=True, color=method-wrapper(...), colorSpace='rgb', contrast=None, depth=-2.0, fillColor=array([ 1, -1, -1]), fillColorSpace='rgb', fillRGB=array([ 1, -1, -1]), interpolate=True, lineColor=array([ 1, -1, -1]), lineColorSpace='rgb', lineRGB=array([ 1, -1, -1]), lineWidth=1.0, name='fixation_2', opacity=1.0, ori=0.0, pos=array([0., 0.]), size=array([0.01, 0.01]), units='height', vertices=ndarray(...), win=Window(...), windingRule=None)
8.4154 	EXP 	Created sequence: random, trialTypes=1, nReps=50, seed=None
8.4157 	EXP 	New trial (rep=0, index=0): None
8.4284 	WARNING 	t of last frame was 1780.43ms (=1/0)
8.4284 	EXP 	grating1: autoDraw = True
8.4284 	EXP 	fixation: autoDraw = True
8.4284 	EXP 	grating1: tex = 'sin'
8.9267 	EXP 	grating1: autoDraw = False
8.9267 	EXP 	fixation: autoDraw = False
8.9267 	EXP 	grating1_2: autoDraw = True
8.9267 	EXP 	fixation_2: autoDraw = True
8.9267 	EXP 	grating1_2: tex = 'sin'
9.0974 	WARNING 	t of last frame was 22.03ms (=1/45)
9.2313 	WARNING 	t of last frame was 21.65ms (=1/46)
9.3312 	WARNING 	t of last frame was 22.76ms (=1/43)
9.4151 	EXP 	New trial (rep=1, index=0): None
9.4239 	EXP 	grating1_2: autoDraw = False
9.4239 	EXP 	fixation_2: autoDraw = False
9.4239 	EXP 	grating1: autoDraw = True
9.4239 	EXP 	fixation: autoDraw = True
9.5974 	WARNING 	Multiple dropped frames have occurred - I'll stop bothering you about them!
9.9155 	EXP 	grating1: autoDraw = False
9.9155 	EXP 	fixation: autoDraw = False
9.9155 	EXP 	grating1: autoDraw = False
9.9155 	EXP 	fixation: autoDraw = False
9.9155 	EXP 	grating1_2: autoDraw = True
9.9155 	EXP 	fixation_2: autoDraw = True
10.4060 	EXP 	New trial (rep=2, index=0): None
10.4145 	EXP 	grating1_2: autoDraw = False
10.4145 	EXP 	fixation_2: autoDraw = False
10.4145 	EXP 	grating1_2: autoDraw = False
10.4145 	EXP 	fixation_2: autoDraw = False
10.4145 	EXP 	grating1: autoDraw = True
10.4145 	EXP 	fixation: autoDraw = True
10.9086 	EXP 	grating1: autoDraw = False
10.9086 	EXP 	fixation: autoDraw = False
10.9086 	EXP 	grating1: autoDraw = False
10.9086 	EXP 	fixation: autoDraw = False
10.9086 	EXP 	grating1_2: autoDraw = True
10.9086 	EXP 	fixation_2: autoDraw = True
11.3980 	EXP 	New trial (rep=3, index=0): None
11.4055 	EXP 	grating1_2: autoDraw = False
11.4055 	EXP 	fixation_2: autoDraw = False
11.4055 	EXP 	grating1_2: autoDraw = False
11.4055 	EXP 	fixation_2: autoDraw = False
11.4055 	EXP 	grating1: autoDraw = True
11.4055 	EXP 	fixation: autoDraw = True
11.8974 	EXP 	grating1: autoDraw = False
11.8974 	EXP 	fixation: autoDraw = False
11.8974 	EXP 	grating1: autoDraw = False
11.8974 	EXP 	fixation: autoDraw = False
11.9066 	EXP 	grating1_2: autoDraw = True
11.9066 	EXP 	fixation_2: autoDraw = True
12.3932 	EXP 	New trial (rep=4, index=0): None
12.3988 	EXP 	grating1_2: autoDraw = False
12.3988 	EXP 	fixation_2: autoDraw = False
12.3988 	EXP 	grating1_2: autoDraw = False
12.3988 	EXP 	fixation_2: autoDraw = False
12.4066 	EXP 	grating1: autoDraw = True
12.4066 	EXP 	fixation: autoDraw = True
12.8975 	EXP 	grating1: autoDraw = False
12.8975 	EXP 	fixation: autoDraw = False
12.8975 	EXP 	grating1: autoDraw = False
12.8975 	EXP 	fixation: autoDraw = False
12.9062 	EXP 	grating1_2: autoDraw = True
12.9062 	EXP 	fixation_2: autoDraw = True
13.3903 	EXP 	New trial (rep=5, index=0): None
13.3977 	EXP 	grating1_2: autoDraw = False
13.3977 	EXP 	fixation_2: autoDraw = False
13.3977 	EXP 	grating1_2: autoDraw = False
13.3977 	EXP 	fixation_2: autoDraw = False
13.4049 	EXP 	grating1: autoDraw = True
13.4049 	EXP 	fixation: autoDraw = True
13.8980 	EXP 	grating1: autoDraw = False
13.8980 	EXP 	fixation: autoDraw = False
13.8980 	EXP 	grating1: autoDraw = False
13.8980 	EXP 	fixation: autoDraw = False
13.9063 	EXP 	grating1_2: autoDraw = True
13.9063 	EXP 	fixation_2: autoDraw = True
14.3923 	EXP 	New trial (rep=6, index=0): None
14.3977 	EXP 	grating1_2: autoDraw = False
14.3977 	EXP 	fixation_2: autoDraw = False
14.3977 	EXP 	grating1_2: autoDraw = False
14.3977 	EXP 	fixation_2: autoDraw = False
14.4060 	EXP 	grating1: autoDraw = True
14.4060 	EXP 	fixation: autoDraw = True
14.8975 	EXP 	grating1: autoDraw = False
14.8975 	EXP 	fixation: autoDraw = False
14.8975 	EXP 	grating1: autoDraw = False
14.8975 	EXP 	fixation: autoDraw = False
14.9069 	EXP 	grating1_2: autoDraw = True
14.9069 	EXP 	fixation_2: autoDraw = True
15.3909 	EXP 	New trial (rep=7, index=0): None
15.3973 	EXP 	grating1_2: autoDraw = False
15.3973 	EXP 	fixation_2: autoDraw = False
15.3973 	EXP 	grating1_2: autoDraw = False
15.3973 	EXP 	fixation_2: autoDraw = False
15.4052 	EXP 	grating1: autoDraw = True
15.4052 	EXP 	fixation: autoDraw = True
15.8976 	EXP 	grating1: autoDraw = False
15.8976 	EXP 	fixation: autoDraw = False
15.8976 	EXP 	grating1: autoDraw = False
15.8976 	EXP 	fixation: autoDraw = False
15.9063 	EXP 	grating1_2: autoDraw = True
15.9063 	EXP 	fixation_2: autoDraw = True
16.3935 	EXP 	New trial (rep=8, index=0): None
16.4141 	EXP 	grating1_2: autoDraw = False
16.4141 	EXP 	fixation_2: autoDraw = False
16.4141 	EXP 	grating1_2: autoDraw = False
16.4141 	EXP 	fixation_2: autoDraw = False
16.4313 	EXP 	grating1: autoDraw = True
16.4313 	EXP 	fixation: autoDraw = True
16.9232 	EXP 	grating1: autoDraw = False
16.9232 	EXP 	fixation: autoDraw = False
16.9232 	EXP 	grating1_2: autoDraw = True
16.9232 	EXP 	fixation_2: autoDraw = True
17.4089 	EXP 	New trial (rep=9, index=0): None
17.4165 	EXP 	grating1_2: autoDraw = False
17.4165 	EXP 	fixation_2: autoDraw = False
17.4165 	EXP 	grating1_2: autoDraw = False
17.4165 	EXP 	fixation_2: autoDraw = False
17.4165 	EXP 	grating1: autoDraw = True
17.4165 	EXP 	fixation: autoDraw = True
17.9170 	EXP 	grating1: autoDraw = False
17.9170 	EXP 	fixation: autoDraw = False
17.9170 	EXP 	grating1: autoDraw = False
17.9170 	EXP 	fixation: autoDraw = False
17.9170 	EXP 	grating1_2: autoDraw = True
17.9170 	EXP 	fixation_2: autoDraw = True
18.4078 	EXP 	New trial (rep=10, index=0): None
18.4154 	EXP 	grating1_2: autoDraw = False
18.4154 	EXP 	fixation_2: autoDraw = False
18.4154 	EXP 	grating1_2: autoDraw = False
18.4154 	EXP 	fixation_2: autoDraw = False
18.4154 	EXP 	grating1: autoDraw = True
18.4154 	EXP 	fixation: autoDraw = True
18.9071 	EXP 	grating1: autoDraw = False
18.9071 	EXP 	fixation: autoDraw = False
18.9071 	EXP 	grating1: autoDraw = False
18.9071 	EXP 	fixation: autoDraw = False
18.9071 	EXP 	grating1_2: autoDraw = True
18.9071 	EXP 	fixation_2: autoDraw = True
19.3926 	EXP 	New trial (rep=11, index=0): None
19.3988 	EXP 	grating1_2: autoDraw = False
19.3988 	EXP 	fixation_2: autoDraw = False
19.3988 	EXP 	grating1_2: autoDraw = False
19.3988 	EXP 	fixation_2: autoDraw = False
19.4070 	EXP 	grating1: autoDraw = True
19.4070 	EXP 	fixation: autoDraw = True
19.8978 	EXP 	grating1: autoDraw = False
19.8978 	EXP 	fixation: autoDraw = False
19.8978 	EXP 	grating1: autoDraw = False
19.8978 	EXP 	fixation: autoDraw = False
19.9071 	EXP 	grating1_2: autoDraw = True
19.9071 	EXP 	fixation_2: autoDraw = True
20.3919 	EXP 	New trial (rep=12, index=0): None
20.3985 	EXP 	grating1_2: autoDraw = False
20.3985 	EXP 	fixation_2: autoDraw = False
20.3985 	EXP 	grating1_2: autoDraw = False
20.3985 	EXP 	fixation_2: autoDraw = False
20.4057 	EXP 	grating1: autoDraw = True
20.4057 	EXP 	fixation: autoDraw = True
20.8979 	EXP 	grating1: autoDraw = False
20.8979 	EXP 	fixation: autoDraw = False
20.8979 	EXP 	grating1: autoDraw = False
20.8979 	EXP 	fixation: autoDraw = False
20.9070 	EXP 	grating1_2: autoDraw = True
20.9070 	EXP 	fixation_2: autoDraw = True
21.3996 	EXP 	New trial (rep=13, index=0): None
21.4084 	EXP 	grating1_2: autoDraw = False
21.4084 	EXP 	fixation_2: autoDraw = False
21.4084 	EXP 	grating1_2: autoDraw = False
21.4084 	EXP 	fixation_2: autoDraw = False
21.4084 	EXP 	grating1: autoDraw = True
21.4084 	EXP 	fixation: autoDraw = True
21.9071 	EXP 	grating1: autoDraw = False
21.9071 	EXP 	fixation: autoDraw = False
21.9071 	EXP 	grating1: autoDraw = False
21.9071 	EXP 	fixation: autoDraw = False
21.9071 	EXP 	grating1_2: autoDraw = True
21.9071 	EXP 	fixation_2: autoDraw = True
22.3910 	EXP 	New trial (rep=14, index=0): None
22.3977 	EXP 	grating1_2: autoDraw = False
22.3977 	EXP 	fixation_2: autoDraw = False
22.3977 	EXP 	grating1_2: autoDraw = False
22.3977 	EXP 	fixation_2: autoDraw = False
22.4066 	EXP 	grating1: autoDraw = True
22.4066 	EXP 	fixation: autoDraw = True
22.8974 	EXP 	grating1: autoDraw = False
22.8974 	EXP 	fixation: autoDraw = False
22.8974 	EXP 	grating1: autoDraw = False
22.8974 	EXP 	fixation: autoDraw = False
22.9059 	EXP 	grating1_2: autoDraw = True
22.9059 	EXP 	fixation_2: autoDraw = True
23.3920 	EXP 	New trial (rep=15, index=0): None
23.3967 	EXP 	grating1_2: autoDraw = False
23.3967 	EXP 	fixation_2: autoDraw = False
23.3967 	EXP 	grating1_2: autoDraw = False
23.3967 	EXP 	fixation_2: autoDraw = False
23.4144 	EXP 	grating1: autoDraw = True
23.4144 	EXP 	fixation: autoDraw = True
23.9071 	EXP 	grating1: autoDraw = False
23.9071 	EXP 	fixation: autoDraw = False
23.9071 	EXP 	grating1: autoDraw = False
23.9071 	EXP 	fixation: autoDraw = False
23.9071 	EXP 	grating1_2: autoDraw = True
23.9071 	EXP 	fixation_2: autoDraw = True
24.3915 	EXP 	New trial (rep=16, index=0): None
24.3975 	EXP 	grating1_2: autoDraw = False
24.3975 	EXP 	fixation_2: autoDraw = False
24.3975 	EXP 	grating1_2: autoDraw = False
24.3975 	EXP 	fixation_2: autoDraw = False
24.4057 	EXP 	grating1: autoDraw = True
24.4057 	EXP 	fixation: autoDraw = True
24.8976 	EXP 	grating1: autoDraw = False
24.8976 	EXP 	fixation: autoDraw = False
24.8976 	EXP 	grating1: autoDraw = False
24.8976 	EXP 	fixation: autoDraw = False
24.9071 	EXP 	grating1_2: autoDraw = True
24.9071 	EXP 	fixation_2: autoDraw = True
25.3920 	EXP 	New trial (rep=17, index=0): None
25.3974 	EXP 	grating1_2: autoDraw = False
25.3974 	EXP 	fixation_2: autoDraw = False
25.3974 	EXP 	grating1_2: autoDraw = False
25.3974 	EXP 	fixation_2: autoDraw = False
25.4061 	EXP 	grating1: autoDraw = True
25.4061 	EXP 	fixation: autoDraw = True
25.8976 	EXP 	grating1: autoDraw = False
25.8976 	EXP 	fixation: autoDraw = False
25.8976 	EXP 	grating1: autoDraw = False
25.8976 	EXP 	fixation: autoDraw = False
25.9062 	EXP 	grating1_2: autoDraw = True
25.9062 	EXP 	fixation_2: autoDraw = True
26.3911 	EXP 	New trial (rep=18, index=0): None
26.3973 	EXP 	grating1_2: autoDraw = False
26.3973 	EXP 	fixation_2: autoDraw = False
26.3973 	EXP 	grating1_2: autoDraw = False
26.3973 	EXP 	fixation_2: autoDraw = False
26.4060 	EXP 	grating1: autoDraw = True
26.4060 	EXP 	fixation: autoDraw = True
26.8977 	EXP 	grating1: autoDraw = False
26.8977 	EXP 	fixation: autoDraw = False
26.8977 	EXP 	grating1: autoDraw = False
26.8977 	EXP 	fixation: autoDraw = False
26.9071 	EXP 	grating1_2: autoDraw = True
26.9071 	EXP 	fixation_2: autoDraw = True
27.3914 	EXP 	New trial (rep=19, index=0): None
27.3976 	EXP 	grating1_2: autoDraw = False
27.3976 	EXP 	fixation_2: autoDraw = False
27.3976 	EXP 	grating1_2: autoDraw = False
27.3976 	EXP 	fixation_2: autoDraw = False
27.4061 	EXP 	grating1: autoDraw = True
27.4061 	EXP 	fixation: autoDraw = True
27.8975 	EXP 	grating1: autoDraw = False
27.8975 	EXP 	fixation: autoDraw = False
27.8975 	EXP 	grating1: autoDraw = False
27.8975 	EXP 	fixation: autoDraw = False
27.9046 	EXP 	grating1_2: autoDraw = True
27.9046 	EXP 	fixation_2: autoDraw = True
28.3919 	EXP 	New trial (rep=20, index=0): None
28.3979 	EXP 	grating1_2: autoDraw = False
28.3979 	EXP 	fixation_2: autoDraw = False
28.3979 	EXP 	grating1_2: autoDraw = False
28.3979 	EXP 	fixation_2: autoDraw = False
28.4068 	EXP 	grating1: autoDraw = True
28.4068 	EXP 	fixation: autoDraw = True
28.8977 	EXP 	grating1: autoDraw = False
28.8977 	EXP 	fixation: autoDraw = False
28.8977 	EXP 	grating1: autoDraw = False
28.8977 	EXP 	fixation: autoDraw = False
28.9066 	EXP 	grating1_2: autoDraw = True
28.9066 	EXP 	fixation_2: autoDraw = True
29.3999 	EXP 	New trial (rep=21, index=0): None
29.4145 	EXP 	grating1_2: autoDraw = False
29.4145 	EXP 	fixation_2: autoDraw = False
29.4145 	EXP 	grating1_2: autoDraw = False
29.4145 	EXP 	fixation_2: autoDraw = False
29.4145 	EXP 	grating1: autoDraw = True
29.4145 	EXP 	fixation: autoDraw = True
29.9080 	EXP 	grating1: autoDraw = False
29.9080 	EXP 	fixation: autoDraw = False
29.9080 	EXP 	grating1: autoDraw = False
29.9080 	EXP 	fixation: autoDraw = False
29.9080 	EXP 	grating1_2: autoDraw = True
29.9080 	EXP 	fixation_2: autoDraw = True
30.3923 	EXP 	New trial (rep=22, index=0): None
30.3978 	EXP 	grating1_2: autoDraw = False
30.3978 	EXP 	fixation_2: autoDraw = False
30.3978 	EXP 	grating1_2: autoDraw = False
30.3978 	EXP 	fixation_2: autoDraw = False
30.4048 	EXP 	grating1: autoDraw = True
30.4048 	EXP 	fixation: autoDraw = True
30.8976 	EXP 	grating1: autoDraw = False
30.8976 	EXP 	fixation: autoDraw = False
30.8976 	EXP 	grating1: autoDraw = False
30.8976 	EXP 	fixation: autoDraw = False
30.9056 	EXP 	grating1_2: autoDraw = True
30.9056 	EXP 	fixation_2: autoDraw = True
31.3903 	EXP 	New trial (rep=23, index=0): None
31.3979 	EXP 	grating1_2: autoDraw = False
31.3979 	EXP 	fixation_2: autoDraw = False
31.3979 	EXP 	grating1_2: autoDraw = False
31.3979 	EXP 	fixation_2: autoDraw = False
31.4069 	EXP 	grating1: autoDraw = True
31.4069 	EXP 	fixation: autoDraw = True
31.9071 	EXP 	grating1: autoDraw = False
31.9071 	EXP 	fixation: autoDraw = False
31.9071 	EXP 	grating1: autoDraw = False
31.9071 	EXP 	fixation: autoDraw = False
31.9071 	EXP 	grating1_2: autoDraw = True
31.9071 	EXP 	fixation_2: autoDraw = True
32.3981 	EXP 	New trial (rep=24, index=0): None
32.4063 	EXP 	grating1_2: autoDraw = False
32.4063 	EXP 	fixation_2: autoDraw = False
32.4063 	EXP 	grating1_2: autoDraw = False
32.4063 	EXP 	fixation_2: autoDraw = False
32.4063 	EXP 	grating1: autoDraw = True
32.4063 	EXP 	fixation: autoDraw = True
32.8974 	EXP 	grating1: autoDraw = False
32.8974 	EXP 	fixation: autoDraw = False
32.8974 	EXP 	grating1: autoDraw = False
32.8974 	EXP 	fixation: autoDraw = False
32.9049 	EXP 	grating1_2: autoDraw = True
32.9049 	EXP 	fixation_2: autoDraw = True
33.3925 	EXP 	New trial (rep=25, index=0): None
33.3982 	EXP 	grating1_2: autoDraw = False
33.3982 	EXP 	fixation_2: autoDraw = False
33.3982 	EXP 	grating1_2: autoDraw = False
33.3982 	EXP 	fixation_2: autoDraw = False
33.4069 	EXP 	grating1: autoDraw = True
33.4069 	EXP 	fixation: autoDraw = True
33.8977 	EXP 	grating1: autoDraw = False
33.8977 	EXP 	fixation: autoDraw = False
33.8977 	EXP 	grating1: autoDraw = False
33.8977 	EXP 	fixation: autoDraw = False
33.9074 	EXP 	grating1_2: autoDraw = True
33.9074 	EXP 	fixation_2: autoDraw = True
34.3994 	EXP 	New trial (rep=26, index=0): None
34.4069 	EXP 	grating1_2: autoDraw = False
34.4069 	EXP 	fixation_2: autoDraw = False
34.4069 	EXP 	grating1_2: autoDraw = False
34.4069 	EXP 	fixation_2: autoDraw = False
34.4069 	EXP 	grating1: autoDraw = True
34.4069 	EXP 	fixation: autoDraw = True
34.8978 	EXP 	grating1: autoDraw = False
34.8978 	EXP 	fixation: autoDraw = False
34.8978 	EXP 	grating1: autoDraw = False
34.8978 	EXP 	fixation: autoDraw = False
34.9072 	EXP 	grating1_2: autoDraw = True
34.9072 	EXP 	fixation_2: autoDraw = True
35.3995 	EXP 	New trial (rep=27, index=0): None
35.4076 	EXP 	grating1_2: autoDraw = False
35.4076 	EXP 	fixation_2: autoDraw = False
35.4076 	EXP 	grating1_2: autoDraw = False
35.4076 	EXP 	fixation_2: autoDraw = False
35.4076 	EXP 	grating1: autoDraw = True
35.4076 	EXP 	fixation: autoDraw = True
35.8976 	EXP 	grating1: autoDraw = False
35.8976 	EXP 	fixation: autoDraw = False
35.8976 	EXP 	grating1: autoDraw = False
35.8976 	EXP 	fixation: autoDraw = False
35.9069 	EXP 	grating1_2: autoDraw = True
35.9069 	EXP 	fixation_2: autoDraw = True
36.3919 	EXP 	New trial (rep=28, index=0): None
36.3975 	EXP 	grating1_2: autoDraw = False
36.3975 	EXP 	fixation_2: autoDraw = False
36.3975 	EXP 	grating1_2: autoDraw = False
36.3975 	EXP 	fixation_2: autoDraw = False
36.4061 	EXP 	grating1: autoDraw = True
36.4061 	EXP 	fixation: autoDraw = True
36.8977 	EXP 	grating1: autoDraw = False
36.8977 	EXP 	fixation: autoDraw = False
36.8977 	EXP 	grating1: autoDraw = False
36.8977 	EXP 	fixation: autoDraw = False
36.9071 	EXP 	grating1_2: autoDraw = True
36.9071 	EXP 	fixation_2: autoDraw = True
37.3925 	EXP 	New trial (rep=29, index=0): None
37.3982 	EXP 	grating1_2: autoDraw = False
37.3982 	EXP 	fixation_2: autoDraw = False
37.3982 	EXP 	grating1_2: autoDraw = False
37.3982 	EXP 	fixation_2: autoDraw = False
37.4067 	EXP 	grating1: autoDraw = True
37.4067 	EXP 	fixation: autoDraw = True
37.8979 	EXP 	grating1: autoDraw = False
37.8979 	EXP 	fixation: autoDraw = False
37.8979 	EXP 	grating1: autoDraw = False
37.8979 	EXP 	fixation: autoDraw = False
37.9068 	EXP 	grating1_2: autoDraw = True
37.9068 	EXP 	fixation_2: autoDraw = True
38.3907 	EXP 	New trial (rep=30, index=0): None
38.3979 	EXP 	grating1_2: autoDraw = False
38.3979 	EXP 	fixation_2: autoDraw = False
38.3979 	EXP 	grating1_2: autoDraw = False
38.3979 	EXP 	fixation_2: autoDraw = False
38.4066 	EXP 	grating1: autoDraw = True
38.4066 	EXP 	fixation: autoDraw = True
38.8978 	EXP 	grating1: autoDraw = False
38.8978 	EXP 	fixation: autoDraw = False
38.8978 	EXP 	grating1: autoDraw = False
38.8978 	EXP 	fixation: autoDraw = False
38.9072 	EXP 	grating1_2: autoDraw = True
38.9072 	EXP 	fixation_2: autoDraw = True
39.3988 	EXP 	New trial (rep=31, index=0): None
39.4061 	EXP 	grating1_2: autoDraw = False
39.4061 	EXP 	fixation_2: autoDraw = False
39.4061 	EXP 	grating1_2: autoDraw = False
39.4061 	EXP 	fixation_2: autoDraw = False
39.4061 	EXP 	grating1: autoDraw = True
39.4061 	EXP 	fixation: autoDraw = True
39.9141 	EXP 	grating1: autoDraw = False
39.9141 	EXP 	fixation: autoDraw = False
39.9141 	EXP 	grating1: autoDraw = False
39.9141 	EXP 	fixation: autoDraw = False
39.9314 	EXP 	grating1_2: autoDraw = True
39.9314 	EXP 	fixation_2: autoDraw = True
40.4167 	EXP 	New trial (rep=32, index=0): None
40.4241 	EXP 	grating1_2: autoDraw = False
40.4241 	EXP 	fixation_2: autoDraw = False
40.4241 	EXP 	grating1: autoDraw = True
40.4241 	EXP 	fixation: autoDraw = True
40.9314 	EXP 	grating1: autoDraw = False
40.9314 	EXP 	fixation: autoDraw = False
40.9314 	EXP 	grating1: autoDraw = False
40.9314 	EXP 	fixation: autoDraw = False
40.9314 	EXP 	grating1_2: autoDraw = True
40.9314 	EXP 	fixation_2: autoDraw = True
41.4156 	EXP 	New trial (rep=33, index=0): None
41.4247 	EXP 	grating1_2: autoDraw = False
41.4247 	EXP 	fixation_2: autoDraw = False
41.4247 	EXP 	grating1: autoDraw = True
41.4247 	EXP 	fixation: autoDraw = True
41.9312 	EXP 	grating1: autoDraw = False
41.9312 	EXP 	fixation: autoDraw = False
41.9312 	EXP 	grating1: autoDraw = False
41.9312 	EXP 	fixation: autoDraw = False
41.9312 	EXP 	grating1_2: autoDraw = True
41.9312 	EXP 	fixation_2: autoDraw = True
42.4156 	EXP 	New trial (rep=34, index=0): None
42.4243 	EXP 	grating1_2: autoDraw = False
42.4243 	EXP 	fixation_2: autoDraw = False
42.4243 	EXP 	grating1: autoDraw = True
42.4243 	EXP 	fixation: autoDraw = True
42.9146 	EXP 	grating1: autoDraw = False
42.9146 	EXP 	fixation: autoDraw = False
42.9146 	EXP 	grating1: autoDraw = False
42.9146 	EXP 	fixation: autoDraw = False
42.9146 	EXP 	grating1_2: autoDraw = True
42.9146 	EXP 	fixation_2: autoDraw = True
43.3981 	EXP 	New trial (rep=35, index=0): None
43.4052 	EXP 	grating1_2: autoDraw = False
43.4052 	EXP 	fixation_2: autoDraw = False
43.4052 	EXP 	grating1_2: autoDraw = False
43.4052 	EXP 	fixation_2: autoDraw = False
43.4052 	EXP 	grating1: autoDraw = True
43.4052 	EXP 	fixation: autoDraw = True
43.8977 	EXP 	grating1: autoDraw = False
43.8977 	EXP 	fixation: autoDraw = False
43.8977 	EXP 	grating1: autoDraw = False
43.8977 	EXP 	fixation: autoDraw = False
43.9066 	EXP 	grating1_2: autoDraw = True
43.9066 	EXP 	fixation_2: autoDraw = True
44.3918 	EXP 	New trial (rep=36, index=0): None
44.3970 	EXP 	grating1_2: autoDraw = False
44.3970 	EXP 	fixation_2: autoDraw = False
44.3970 	EXP 	grating1_2: autoDraw = False
44.3970 	EXP 	fixation_2: autoDraw = False
44.4055 	EXP 	grating1: autoDraw = True
44.4055 	EXP 	fixation: autoDraw = True
44.9146 	EXP 	grating1: autoDraw = False
44.9146 	EXP 	fixation: autoDraw = False
44.9146 	EXP 	grating1: autoDraw = False
44.9146 	EXP 	fixation: autoDraw = False
44.9146 	EXP 	grating1_2: autoDraw = True
44.9146 	EXP 	fixation_2: autoDraw = True
45.4000 	EXP 	New trial (rep=37, index=0): None
45.4077 	EXP 	grating1_2: autoDraw = False
45.4077 	EXP 	fixation_2: autoDraw = False
45.4077 	EXP 	grating1_2: autoDraw = False
45.4077 	EXP 	fixation_2: autoDraw = False
45.4077 	EXP 	grating1: autoDraw = True
45.4077 	EXP 	fixation: autoDraw = True
45.8987 	EXP 	grating1: autoDraw = False
45.8987 	EXP 	fixation: autoDraw = False
45.8987 	EXP 	grating1: autoDraw = False
45.8987 	EXP 	fixation: autoDraw = False
45.9058 	EXP 	grating1_2: autoDraw = True
45.9058 	EXP 	fixation_2: autoDraw = True
46.4000 	EXP 	New trial (rep=38, index=0): None
46.4089 	EXP 	grating1_2: autoDraw = False
46.4089 	EXP 	fixation_2: autoDraw = False
46.4089 	EXP 	grating1_2: autoDraw = False
46.4089 	EXP 	fixation_2: autoDraw = False
46.4089 	EXP 	grating1: autoDraw = True
46.4089 	EXP 	fixation: autoDraw = True
46.9067 	EXP 	grating1: autoDraw = False
46.9067 	EXP 	fixation: autoDraw = False
46.9067 	EXP 	grating1: autoDraw = False
46.9067 	EXP 	fixation: autoDraw = False
46.9067 	EXP 	grating1_2: autoDraw = True
46.9067 	EXP 	fixation_2: autoDraw = True
47.3925 	EXP 	New trial (rep=39, index=0): None
47.3981 	EXP 	grating1_2: autoDraw = False
47.3981 	EXP 	fixation_2: autoDraw = False
47.3981 	EXP 	grating1_2: autoDraw = False
47.3981 	EXP 	fixation_2: autoDraw = False
47.4058 	EXP 	grating1: autoDraw = True
47.4058 	EXP 	fixation: autoDraw = True
47.9079 	EXP 	grating1: autoDraw = False
47.9079 	EXP 	fixation: autoDraw = False
47.9079 	EXP 	grating1: autoDraw = False
47.9079 	EXP 	fixation: autoDraw = False
47.9079 	EXP 	grating1_2: autoDraw = True
47.9079 	EXP 	fixation_2: autoDraw = True
48.4000 	EXP 	New trial (rep=40, index=0): None
48.4074 	EXP 	grating1_2: autoDraw = False
48.4074 	EXP 	fixation_2: autoDraw = False
48.4074 	EXP 	grating1_2: autoDraw = False
48.4074 	EXP 	fixation_2: autoDraw = False
48.4074 	EXP 	grating1: autoDraw = True
48.4074 	EXP 	fixation: autoDraw = True
48.8977 	EXP 	grating1: autoDraw = False
48.8977 	EXP 	fixation: autoDraw = False
48.8977 	EXP 	grating1: autoDraw = False
48.8977 	EXP 	fixation: autoDraw = False
48.9063 	EXP 	grating1_2: autoDraw = True
48.9063 	EXP 	fixation_2: autoDraw = True
49.3916 	EXP 	New trial (rep=41, index=0): None
49.3977 	EXP 	grating1_2: autoDraw = False
49.3977 	EXP 	fixation_2: autoDraw = False
49.3977 	EXP 	grating1_2: autoDraw = False
49.3977 	EXP 	fixation_2: autoDraw = False
49.4064 	EXP 	grating1: autoDraw = True
49.4064 	EXP 	fixation: autoDraw = True
49.8978 	EXP 	grating1: autoDraw = False
49.8978 	EXP 	fixation: autoDraw = False
49.8978 	EXP 	grating1: autoDraw = False
49.8978 	EXP 	fixation: autoDraw = False
49.9063 	EXP 	grating1_2: autoDraw = True
49.9063 	EXP 	fixation_2: autoDraw = True
50.3911 	EXP 	New trial (rep=42, index=0): None
50.3978 	EXP 	grating1_2: autoDraw = False
50.3978 	EXP 	fixation_2: autoDraw = False
50.3978 	EXP 	grating1_2: autoDraw = False
50.3978 	EXP 	fixation_2: autoDraw = False
50.4068 	EXP 	grating1: autoDraw = True
50.4068 	EXP 	fixation: autoDraw = True
50.8979 	EXP 	grating1: autoDraw = False
50.8979 	EXP 	fixation: autoDraw = False
50.8979 	EXP 	grating1: autoDraw = False
50.8979 	EXP 	fixation: autoDraw = False
50.9051 	EXP 	grating1_2: autoDraw = True
50.9051 	EXP 	fixation_2: autoDraw = True
51.3905 	EXP 	New trial (rep=43, index=0): None
51.3978 	EXP 	grating1_2: autoDraw = False
51.3978 	EXP 	fixation_2: autoDraw = False
51.3978 	EXP 	grating1_2: autoDraw = False
51.3978 	EXP 	fixation_2: autoDraw = False
51.4068 	EXP 	grating1: autoDraw = True
51.4068 	EXP 	fixation: autoDraw = True
51.8977 	EXP 	grating1: autoDraw = False
51.8977 	EXP 	fixation: autoDraw = False
51.8977 	EXP 	grating1: autoDraw = False
51.8977 	EXP 	fixation: autoDraw = False
51.9068 	EXP 	grating1_2: autoDraw = True
51.9068 	EXP 	fixation_2: autoDraw = True
52.3920 	EXP 	New trial (rep=44, index=0): None
52.3976 	EXP 	grating1_2: autoDraw = False
52.3976 	EXP 	fixation_2: autoDraw = False
52.3976 	EXP 	grating1_2: autoDraw = False
52.3976 	EXP 	fixation_2: autoDraw = False
52.4069 	EXP 	grating1: autoDraw = True
52.4069 	EXP 	fixation: autoDraw = True
52.8978 	EXP 	grating1: autoDraw = False
52.8978 	EXP 	fixation: autoDraw = False
52.8978 	EXP 	grating1: autoDraw = False
52.8978 	EXP 	fixation: autoDraw = False
52.9063 	EXP 	grating1_2: autoDraw = True
52.9063 	EXP 	fixation_2: autoDraw = True
53.3917 	EXP 	New trial (rep=45, index=0): None
53.3974 	EXP 	grating1_2: autoDraw = False
53.3974 	EXP 	fixation_2: autoDraw = False
53.3974 	EXP 	grating1_2: autoDraw = False
53.3974 	EXP 	fixation_2: autoDraw = False
53.4044 	EXP 	grating1: autoDraw = True
53.4044 	EXP 	fixation: autoDraw = True
53.8980 	EXP 	grating1: autoDraw = False
53.8980 	EXP 	fixation: autoDraw = False
53.8980 	EXP 	grating1: autoDraw = False
53.8980 	EXP 	fixation: autoDraw = False
53.9073 	EXP 	grating1_2: autoDraw = True
53.9073 	EXP 	fixation_2: autoDraw = True
54.3917 	EXP 	New trial (rep=46, index=0): None
54.3977 	EXP 	grating1_2: autoDraw = False
54.3977 	EXP 	fixation_2: autoDraw = False
54.3977 	EXP 	grating1_2: autoDraw = False
54.3977 	EXP 	fixation_2: autoDraw = False
54.4066 	EXP 	grating1: autoDraw = True
54.4066 	EXP 	fixation: autoDraw = True
54.8978 	EXP 	grating1: autoDraw = False
54.8978 	EXP 	fixation: autoDraw = False
54.8978 	EXP 	grating1: autoDraw = False
54.8978 	EXP 	fixation: autoDraw = False
54.9066 	EXP 	grating1_2: autoDraw = True
54.9066 	EXP 	fixation_2: autoDraw = True
55.3927 	EXP 	New trial (rep=47, index=0): None
55.3990 	EXP 	grating1_2: autoDraw = False
55.3990 	EXP 	fixation_2: autoDraw = False
55.3990 	EXP 	grating1_2: autoDraw = False
55.3990 	EXP 	fixation_2: autoDraw = False
55.4082 	EXP 	grating1: autoDraw = True
55.4082 	EXP 	fixation: autoDraw = True
55.9078 	EXP 	grating1: autoDraw = False
55.9078 	EXP 	fixation: autoDraw = False
55.9078 	EXP 	grating1: autoDraw = False
55.9078 	EXP 	fixation: autoDraw = False
55.9078 	EXP 	grating1_2: autoDraw = True
55.9078 	EXP 	fixation_2: autoDraw = True
56.3925 	EXP 	New trial (rep=48, index=0): None
56.3981 	EXP 	grating1_2: autoDraw = False
56.3981 	EXP 	fixation_2: autoDraw = False
56.3981 	EXP 	grating1_2: autoDraw = False
56.3981 	EXP 	fixation_2: autoDraw = False
56.4059 	EXP 	grating1: autoDraw = True
56.4059 	EXP 	fixation: autoDraw = True
56.9083 	EXP 	grating1: autoDraw = False
56.9083 	EXP 	fixation: autoDraw = False
56.9083 	EXP 	grating1: autoDraw = False
56.9083 	EXP 	fixation: autoDraw = False
56.9083 	EXP 	grating1_2: autoDraw = True
56.9083 	EXP 	fixation_2: autoDraw = True
57.3928 	EXP 	New trial (rep=49, index=0): None
57.3989 	EXP 	grating1_2: autoDraw = False
57.3989 	EXP 	fixation_2: autoDraw = False
57.3989 	EXP 	grating1_2: autoDraw = False
57.3989 	EXP 	fixation_2: autoDraw = False
57.4059 	EXP 	grating1: autoDraw = True
57.4059 	EXP 	fixation: autoDraw = True
57.8976 	EXP 	grating1: autoDraw = False
57.8976 	EXP 	fixation: autoDraw = False
57.8976 	EXP 	grating1: autoDraw = False
57.8976 	EXP 	fixation: autoDraw = False
57.9067 	EXP 	grating1_2: autoDraw = True
57.9067 	EXP 	fixation_2: autoDraw = True
58.3980 	EXP 	grating1_2: autoDraw = False
58.3980 	EXP 	fixation_2: autoDraw = False
58.3980 	EXP 	grating1_2: autoDraw = False
58.3980 	EXP 	fixation_2: autoDraw = False
58.4319 	EXP 	window1: mouseVisible = True
