1.6448 	WARNING 	We strongly recommend you activate the PTB sound engine in PsychoPy prefs as the preferred audio engine. Its timing is vastly superior. Your prefs are currently set to use ['sounddevice', 'PTB', 'pyo', 'pygame'] (in that order).
7.4343 	WARNING 	User requested fullscreen with size [1024  768], but screen is actually [2560, 1080]. Using actual size
8.7150 	WARNING 	Couldn't measure a consistent frame rate!
  - Is your graphics card set to sync to vertical blank?
  - Are you running other processes on your computer?

8.7168 	EXP 	Created window1 = Window(allowGUI=True, allowStencil=False, autoLog=True, backendConf=UNKNOWN, bitsMode=UNKNOWN, blendMode='avg', bpc=(8, 8, 8), color=array([0, 0, 0]), colorSpace='rgb', depthBits=8, fullscr=<method-wrapper '__getattribute__' of attributeSetter object at 0x7f94cd112bb0>, gamma=None, gammaErrorPolicy='raise', lms=UNKNOWN, monitor=<psychopy.monitors.calibTools.Monitor object at 0x7f946fd2e550>, multiSample=False, name='window1', numSamples=2, pos=[0.0, 0.0], screen=0, size=array([2560, 1080]), stencilBits=0, stereo=False, units='height', useFBO=True, useRetina=False, viewOri=0.0, viewPos=None, viewScale=None, waitBlanking=True, winType='pyglet')
8.7172 	EXP 	window1: mouseVisible = True
8.7185 	EXP 	window1: mouseVisible = False
8.7185 	EXP 	window1: Attempting to measure frame rate of screen (0) ...
8.7186 	EXP 	window1: recordFrameIntervals = False
8.7976 	EXP 	window1: recordFrameIntervals = True
9.6316 	WARNING 	Couldn't measure a consistent frame rate!
  - Is your graphics card set to sync to vertical blank?
  - Are you running other processes on your computer?

11.9245 	EXP 	Created image = ImageStim(__class__=<class 'psychopy.visual.image.ImageStim'>, anchor=('center', 'center'), autoLog=True, color=array([1, 1, 1]), colorSpace='rgb', contrast=1.0, depth=-1.0, flipHoriz=False, flipVert=False, image=str(...), interpolate=True, mask=None, maskParams=None, name='image', opacity=1.0, ori=0.0, pos=array([0., 0.]), size=array([0.5, 0.5]), texRes=128.0, units='height', win=Window(...))
11.9322 	EXP 	Created fixation = ShapeStim(__class__=<class 'psychopy.visual.shape.ShapeStim'>, anchor=('center', 'center'), autoDraw=False, autoLog=True, closeShape=True, color=method-wrapper(...), colorSpace='rgb', contrast=None, depth=-2.0, fillColor=array([ 1, -1, -1]), fillColorSpace='rgb', fillRGB=array([ 1, -1, -1]), interpolate=True, lineColor=array([ 1, -1, -1]), lineColorSpace='rgb', lineRGB=array([ 1, -1, -1]), lineWidth=1.0, name='fixation', opacity=1.0, ori=0.0, pos=array([0., 0.]), size=array([0.01, 0.01]), units='height', vertices=ndarray(...), win=Window(...), windingRule=None)
12.1730 	EXP 	Created image_2 = ImageStim(__class__=<class 'psychopy.visual.image.ImageStim'>, anchor=('center', 'center'), autoLog=True, color=array([1, 1, 1]), colorSpace='rgb', contrast=1.0, depth=-1.0, flipHoriz=False, flipVert=False, image=str(...), interpolate=True, mask=None, maskParams=None, name='image_2', opacity=1.0, ori=0.0, pos=array([0., 0.]), size=array([0.5, 0.5]), texRes=128.0, units='height', win=Window(...))
12.1759 	EXP 	Created fixation_2 = ShapeStim(__class__=<class 'psychopy.visual.shape.ShapeStim'>, anchor=('center', 'center'), autoDraw=False, autoLog=True, closeShape=True, color=method-wrapper(...), colorSpace='rgb', contrast=None, depth=-2.0, fillColor=array([ 1, -1, -1]), fillColorSpace='rgb', fillRGB=array([ 1, -1, -1]), interpolate=True, lineColor=array([ 1, -1, -1]), lineColorSpace='rgb', lineRGB=array([ 1, -1, -1]), lineWidth=1.0, name='fixation_2', opacity=1.0, ori=0.0, pos=array([0., 0.]), size=array([0.01, 0.01]), units='height', vertices=ndarray(...), win=Window(...), windingRule=None)
12.1785 	EXP 	Created sequence: random, trialTypes=1, nReps=75, seed=None
12.1788 	EXP 	New trial (rep=0, index=0): None
12.1996 	WARNING 	t of last frame was 2568.25ms (=1/0)
12.1996 	EXP 	image: autoDraw = True
12.1996 	EXP 	fixation: autoDraw = True
12.2976 	WARNING 	t of last frame was 21.16ms (=1/47)
12.2976 	EXP 	image: autoDraw = False
12.2976 	EXP 	fixation: autoDraw = False
12.2976 	EXP 	image_2: autoDraw = True
12.2976 	EXP 	fixation_2: autoDraw = True
12.3773 	EXP 	New trial (rep=1, index=0): None
12.3816 	EXP 	image_2: autoDraw = False
12.3816 	EXP 	fixation_2: autoDraw = False
12.3816 	EXP 	image: autoDraw = True
12.3816 	EXP 	fixation: autoDraw = True
12.4769 	EXP 	image: autoDraw = False
12.4769 	EXP 	fixation: autoDraw = False
12.4769 	EXP 	image: autoDraw = False
12.4769 	EXP 	fixation: autoDraw = False
12.4769 	EXP 	image_2: autoDraw = True
12.4769 	EXP 	fixation_2: autoDraw = True
12.5618 	EXP 	New trial (rep=2, index=0): None
12.5672 	EXP 	image_2: autoDraw = False
12.5672 	EXP 	fixation_2: autoDraw = False
12.5672 	EXP 	image_2: autoDraw = False
12.5672 	EXP 	fixation_2: autoDraw = False
12.5672 	EXP 	image: autoDraw = True
12.5672 	EXP 	fixation: autoDraw = True
12.6667 	EXP 	image: autoDraw = False
12.6667 	EXP 	fixation: autoDraw = False
12.6667 	EXP 	image: autoDraw = False
12.6667 	EXP 	fixation: autoDraw = False
12.6667 	EXP 	image_2: autoDraw = True
12.6667 	EXP 	fixation_2: autoDraw = True
12.7622 	EXP 	New trial (rep=3, index=0): None
12.7681 	EXP 	image_2: autoDraw = False
12.7681 	EXP 	fixation_2: autoDraw = False
12.7681 	EXP 	image_2: autoDraw = False
12.7681 	EXP 	fixation_2: autoDraw = False
12.7681 	EXP 	image: autoDraw = True
12.7681 	EXP 	fixation: autoDraw = True
12.8651 	EXP 	image: autoDraw = False
12.8651 	EXP 	fixation: autoDraw = False
12.8651 	EXP 	image: autoDraw = False
12.8651 	EXP 	fixation: autoDraw = False
12.8651 	EXP 	image_2: autoDraw = True
12.8651 	EXP 	fixation_2: autoDraw = True
12.9501 	EXP 	New trial (rep=4, index=0): None
12.9604 	EXP 	image_2: autoDraw = False
12.9604 	EXP 	fixation_2: autoDraw = False
12.9604 	EXP 	image_2: autoDraw = False
12.9604 	EXP 	fixation_2: autoDraw = False
12.9662 	EXP 	image: autoDraw = True
12.9662 	EXP 	fixation: autoDraw = True
13.0601 	EXP 	image: autoDraw = False
13.0601 	EXP 	fixation: autoDraw = False
13.0601 	EXP 	image: autoDraw = False
13.0601 	EXP 	fixation: autoDraw = False
13.0650 	EXP 	image_2: autoDraw = True
13.0650 	EXP 	fixation_2: autoDraw = True
13.1500 	EXP 	New trial (rep=5, index=0): None
13.1625 	EXP 	image_2: autoDraw = False
13.1625 	EXP 	fixation_2: autoDraw = False
13.1625 	EXP 	image_2: autoDraw = False
13.1625 	EXP 	fixation_2: autoDraw = False
13.1779 	EXP 	image: autoDraw = True
13.1779 	EXP 	fixation: autoDraw = True
13.2769 	EXP 	image: autoDraw = False
13.2769 	EXP 	fixation: autoDraw = False
13.2769 	EXP 	image: autoDraw = False
13.2769 	EXP 	fixation: autoDraw = False
13.2769 	EXP 	image_2: autoDraw = True
13.2769 	EXP 	fixation_2: autoDraw = True
13.3623 	EXP 	New trial (rep=6, index=0): None
13.3680 	EXP 	image_2: autoDraw = False
13.3680 	EXP 	fixation_2: autoDraw = False
13.3680 	EXP 	image_2: autoDraw = False
13.3680 	EXP 	fixation_2: autoDraw = False
13.3680 	EXP 	image: autoDraw = True
13.3680 	EXP 	fixation: autoDraw = True
13.4663 	EXP 	image: autoDraw = False
13.4663 	EXP 	fixation: autoDraw = False
13.4663 	EXP 	image: autoDraw = False
13.4663 	EXP 	fixation: autoDraw = False
13.4663 	EXP 	image_2: autoDraw = True
13.4663 	EXP 	fixation_2: autoDraw = True
13.5622 	EXP 	New trial (rep=7, index=0): None
13.5676 	EXP 	image_2: autoDraw = False
13.5676 	EXP 	fixation_2: autoDraw = False
13.5676 	EXP 	image_2: autoDraw = False
13.5676 	EXP 	fixation_2: autoDraw = False
13.5676 	EXP 	image: autoDraw = True
13.5676 	EXP 	fixation: autoDraw = True
13.6649 	EXP 	image: autoDraw = False
13.6649 	EXP 	fixation: autoDraw = False
13.6649 	EXP 	image: autoDraw = False
13.6649 	EXP 	fixation: autoDraw = False
13.6649 	EXP 	image_2: autoDraw = True
13.6649 	EXP 	fixation_2: autoDraw = True
13.7502 	EXP 	New trial (rep=8, index=0): None
13.7601 	EXP 	image_2: autoDraw = False
13.7601 	EXP 	fixation_2: autoDraw = False
13.7601 	EXP 	image_2: autoDraw = False
13.7601 	EXP 	fixation_2: autoDraw = False
13.7658 	EXP 	image: autoDraw = True
13.7658 	EXP 	fixation: autoDraw = True
13.8601 	EXP 	image: autoDraw = False
13.8601 	EXP 	fixation: autoDraw = False
13.8601 	EXP 	image: autoDraw = False
13.8601 	EXP 	fixation: autoDraw = False
13.8660 	EXP 	image_2: autoDraw = True
13.8660 	EXP 	fixation_2: autoDraw = True
13.9511 	EXP 	New trial (rep=9, index=0): None
13.9602 	EXP 	image_2: autoDraw = False
13.9602 	EXP 	fixation_2: autoDraw = False
13.9602 	EXP 	image_2: autoDraw = False
13.9602 	EXP 	fixation_2: autoDraw = False
13.9653 	EXP 	image: autoDraw = True
13.9653 	EXP 	fixation: autoDraw = True
14.0603 	EXP 	image: autoDraw = False
14.0603 	EXP 	fixation: autoDraw = False
14.0603 	EXP 	image: autoDraw = False
14.0603 	EXP 	fixation: autoDraw = False
14.0655 	EXP 	image_2: autoDraw = True
14.0655 	EXP 	fixation_2: autoDraw = True
14.1507 	EXP 	New trial (rep=10, index=0): None
14.1604 	EXP 	image_2: autoDraw = False
14.1604 	EXP 	fixation_2: autoDraw = False
14.1604 	EXP 	image_2: autoDraw = False
14.1604 	EXP 	fixation_2: autoDraw = False
14.1656 	EXP 	image: autoDraw = True
14.1656 	EXP 	fixation: autoDraw = True
14.2604 	EXP 	image: autoDraw = False
14.2604 	EXP 	fixation: autoDraw = False
14.2604 	EXP 	image: autoDraw = False
14.2604 	EXP 	fixation: autoDraw = False
14.2655 	EXP 	image_2: autoDraw = True
14.2655 	EXP 	fixation_2: autoDraw = True
14.3501 	EXP 	New trial (rep=11, index=0): None
14.3601 	EXP 	image_2: autoDraw = False
14.3601 	EXP 	fixation_2: autoDraw = False
14.3601 	EXP 	image_2: autoDraw = False
14.3601 	EXP 	fixation_2: autoDraw = False
14.3648 	EXP 	image: autoDraw = True
14.3648 	EXP 	fixation: autoDraw = True
14.4599 	EXP 	image: autoDraw = False
14.4599 	EXP 	fixation: autoDraw = False
14.4599 	EXP 	image: autoDraw = False
14.4599 	EXP 	fixation: autoDraw = False
14.4641 	EXP 	image_2: autoDraw = True
14.4641 	EXP 	fixation_2: autoDraw = True
14.5506 	EXP 	New trial (rep=12, index=0): None
14.5602 	EXP 	image_2: autoDraw = False
14.5602 	EXP 	fixation_2: autoDraw = False
14.5602 	EXP 	image_2: autoDraw = False
14.5602 	EXP 	fixation_2: autoDraw = False
14.5661 	EXP 	image: autoDraw = True
14.5661 	EXP 	fixation: autoDraw = True
14.6602 	EXP 	image: autoDraw = False
14.6602 	EXP 	fixation: autoDraw = False
14.6602 	EXP 	image: autoDraw = False
14.6602 	EXP 	fixation: autoDraw = False
14.6642 	EXP 	image_2: autoDraw = True
14.6642 	EXP 	fixation_2: autoDraw = True
14.7508 	EXP 	New trial (rep=13, index=0): None
14.7603 	EXP 	image_2: autoDraw = False
14.7603 	EXP 	fixation_2: autoDraw = False
14.7603 	EXP 	image_2: autoDraw = False
14.7603 	EXP 	fixation_2: autoDraw = False
14.7655 	EXP 	image: autoDraw = True
14.7655 	EXP 	fixation: autoDraw = True
14.8604 	EXP 	image: autoDraw = False
14.8604 	EXP 	fixation: autoDraw = False
14.8604 	EXP 	image: autoDraw = False
14.8604 	EXP 	fixation: autoDraw = False
14.8649 	EXP 	image_2: autoDraw = True
14.8649 	EXP 	fixation_2: autoDraw = True
14.9495 	EXP 	New trial (rep=14, index=0): None
14.9604 	EXP 	image_2: autoDraw = False
14.9604 	EXP 	fixation_2: autoDraw = False
14.9604 	EXP 	image_2: autoDraw = False
14.9604 	EXP 	fixation_2: autoDraw = False
14.9656 	EXP 	image: autoDraw = True
14.9656 	EXP 	fixation: autoDraw = True
15.0605 	EXP 	image: autoDraw = False
15.0605 	EXP 	fixation: autoDraw = False
15.0605 	EXP 	image: autoDraw = False
15.0605 	EXP 	fixation: autoDraw = False
15.0656 	EXP 	image_2: autoDraw = True
15.0656 	EXP 	fixation_2: autoDraw = True
15.1624 	EXP 	New trial (rep=15, index=0): None
15.1674 	EXP 	image_2: autoDraw = False
15.1674 	EXP 	fixation_2: autoDraw = False
15.1674 	EXP 	image_2: autoDraw = False
15.1674 	EXP 	fixation_2: autoDraw = False
15.1674 	EXP 	image: autoDraw = True
15.1674 	EXP 	fixation: autoDraw = True
15.2643 	EXP 	image: autoDraw = False
15.2643 	EXP 	fixation: autoDraw = False
15.2643 	EXP 	image: autoDraw = False
15.2643 	EXP 	fixation: autoDraw = False
15.2643 	EXP 	image_2: autoDraw = True
15.2643 	EXP 	fixation_2: autoDraw = True
15.3505 	EXP 	New trial (rep=16, index=0): None
15.3598 	EXP 	image_2: autoDraw = False
15.3598 	EXP 	fixation_2: autoDraw = False
15.3598 	EXP 	image_2: autoDraw = False
15.3598 	EXP 	fixation_2: autoDraw = False
15.3654 	EXP 	image: autoDraw = True
15.3654 	EXP 	fixation: autoDraw = True
15.4600 	EXP 	image: autoDraw = False
15.4600 	EXP 	fixation: autoDraw = False
15.4600 	EXP 	image: autoDraw = False
15.4600 	EXP 	fixation: autoDraw = False
15.4645 	EXP 	image_2: autoDraw = True
15.4645 	EXP 	fixation_2: autoDraw = True
15.5507 	EXP 	New trial (rep=17, index=0): None
15.5603 	EXP 	image_2: autoDraw = False
15.5603 	EXP 	fixation_2: autoDraw = False
15.5603 	EXP 	image_2: autoDraw = False
15.5603 	EXP 	fixation_2: autoDraw = False
15.5663 	EXP 	image: autoDraw = True
15.5663 	EXP 	fixation: autoDraw = True
15.6604 	EXP 	image: autoDraw = False
15.6604 	EXP 	fixation: autoDraw = False
15.6604 	EXP 	image: autoDraw = False
15.6604 	EXP 	fixation: autoDraw = False
15.6657 	EXP 	image_2: autoDraw = True
15.6657 	EXP 	fixation_2: autoDraw = True
15.7500 	EXP 	New trial (rep=18, index=0): None
15.7602 	EXP 	image_2: autoDraw = False
15.7602 	EXP 	fixation_2: autoDraw = False
15.7602 	EXP 	image_2: autoDraw = False
15.7602 	EXP 	fixation_2: autoDraw = False
15.7648 	EXP 	image: autoDraw = True
15.7648 	EXP 	fixation: autoDraw = True
15.8603 	EXP 	image: autoDraw = False
15.8603 	EXP 	fixation: autoDraw = False
15.8603 	EXP 	image: autoDraw = False
15.8603 	EXP 	fixation: autoDraw = False
15.8659 	EXP 	image_2: autoDraw = True
15.8659 	EXP 	fixation_2: autoDraw = True
15.9502 	EXP 	New trial (rep=19, index=0): None
15.9600 	EXP 	image_2: autoDraw = False
15.9600 	EXP 	fixation_2: autoDraw = False
15.9600 	EXP 	image_2: autoDraw = False
15.9600 	EXP 	fixation_2: autoDraw = False
15.9643 	EXP 	image: autoDraw = True
15.9643 	EXP 	fixation: autoDraw = True
16.0600 	EXP 	image: autoDraw = False
16.0600 	EXP 	fixation: autoDraw = False
16.0600 	EXP 	image: autoDraw = False
16.0600 	EXP 	fixation: autoDraw = False
16.0659 	EXP 	image_2: autoDraw = True
16.0659 	EXP 	fixation_2: autoDraw = True
16.1503 	EXP 	New trial (rep=20, index=0): None
16.1602 	EXP 	image_2: autoDraw = False
16.1602 	EXP 	fixation_2: autoDraw = False
16.1602 	EXP 	image_2: autoDraw = False
16.1602 	EXP 	fixation_2: autoDraw = False
16.1659 	EXP 	image: autoDraw = True
16.1659 	EXP 	fixation: autoDraw = True
16.2601 	EXP 	image: autoDraw = False
16.2601 	EXP 	fixation: autoDraw = False
16.2601 	EXP 	image: autoDraw = False
16.2601 	EXP 	fixation: autoDraw = False
16.2666 	EXP 	image_2: autoDraw = True
16.2666 	EXP 	fixation_2: autoDraw = True
16.3620 	EXP 	New trial (rep=21, index=0): None
16.3673 	EXP 	image_2: autoDraw = False
16.3673 	EXP 	fixation_2: autoDraw = False
16.3673 	EXP 	image_2: autoDraw = False
16.3673 	EXP 	fixation_2: autoDraw = False
16.3673 	EXP 	image: autoDraw = True
16.3673 	EXP 	fixation: autoDraw = True
16.4669 	EXP 	image: autoDraw = False
16.4669 	EXP 	fixation: autoDraw = False
16.4669 	EXP 	image: autoDraw = False
16.4669 	EXP 	fixation: autoDraw = False
16.4669 	EXP 	image_2: autoDraw = True
16.4669 	EXP 	fixation_2: autoDraw = True
16.5520 	EXP 	New trial (rep=22, index=0): None
16.5605 	EXP 	image_2: autoDraw = False
16.5605 	EXP 	fixation_2: autoDraw = False
16.5605 	EXP 	image_2: autoDraw = False
16.5605 	EXP 	fixation_2: autoDraw = False
16.5658 	EXP 	image: autoDraw = True
16.5658 	EXP 	fixation: autoDraw = True
16.6602 	EXP 	image: autoDraw = False
16.6602 	EXP 	fixation: autoDraw = False
16.6602 	EXP 	image: autoDraw = False
16.6602 	EXP 	fixation: autoDraw = False
16.6646 	EXP 	image_2: autoDraw = True
16.6646 	EXP 	fixation_2: autoDraw = True
16.7494 	EXP 	New trial (rep=23, index=0): None
16.7601 	EXP 	image_2: autoDraw = False
16.7601 	EXP 	fixation_2: autoDraw = False
16.7601 	EXP 	image_2: autoDraw = False
16.7601 	EXP 	fixation_2: autoDraw = False
16.7650 	EXP 	image: autoDraw = True
16.7650 	EXP 	fixation: autoDraw = True
16.8604 	EXP 	image: autoDraw = False
16.8604 	EXP 	fixation: autoDraw = False
16.8604 	EXP 	image: autoDraw = False
16.8604 	EXP 	fixation: autoDraw = False
16.8661 	EXP 	image_2: autoDraw = True
16.8661 	EXP 	fixation_2: autoDraw = True
16.9503 	EXP 	New trial (rep=24, index=0): None
16.9602 	EXP 	image_2: autoDraw = False
16.9602 	EXP 	fixation_2: autoDraw = False
16.9602 	EXP 	image_2: autoDraw = False
16.9602 	EXP 	fixation_2: autoDraw = False
16.9656 	EXP 	image: autoDraw = True
16.9656 	EXP 	fixation: autoDraw = True
17.0604 	EXP 	image: autoDraw = False
17.0604 	EXP 	fixation: autoDraw = False
17.0604 	EXP 	image: autoDraw = False
17.0604 	EXP 	fixation: autoDraw = False
17.0663 	EXP 	image_2: autoDraw = True
17.0663 	EXP 	fixation_2: autoDraw = True
17.1623 	EXP 	New trial (rep=25, index=0): None
17.1681 	EXP 	image_2: autoDraw = False
17.1681 	EXP 	fixation_2: autoDraw = False
17.1681 	EXP 	image_2: autoDraw = False
17.1681 	EXP 	fixation_2: autoDraw = False
17.1681 	EXP 	image: autoDraw = True
17.1681 	EXP 	fixation: autoDraw = True
17.2668 	EXP 	image: autoDraw = False
17.2668 	EXP 	fixation: autoDraw = False
17.2668 	EXP 	image: autoDraw = False
17.2668 	EXP 	fixation: autoDraw = False
17.2668 	EXP 	image_2: autoDraw = True
17.2668 	EXP 	fixation_2: autoDraw = True
17.3618 	EXP 	New trial (rep=26, index=0): None
17.3674 	EXP 	image_2: autoDraw = False
17.3674 	EXP 	fixation_2: autoDraw = False
17.3674 	EXP 	image_2: autoDraw = False
17.3674 	EXP 	fixation_2: autoDraw = False
17.3674 	EXP 	image: autoDraw = True
17.3674 	EXP 	fixation: autoDraw = True
17.4660 	EXP 	image: autoDraw = False
17.4660 	EXP 	fixation: autoDraw = False
17.4660 	EXP 	image: autoDraw = False
17.4660 	EXP 	fixation: autoDraw = False
17.4660 	EXP 	image_2: autoDraw = True
17.4660 	EXP 	fixation_2: autoDraw = True
17.5495 	EXP 	New trial (rep=27, index=0): None
17.5604 	EXP 	image_2: autoDraw = False
17.5604 	EXP 	fixation_2: autoDraw = False
17.5604 	EXP 	image_2: autoDraw = False
17.5604 	EXP 	fixation_2: autoDraw = False
17.5662 	EXP 	image: autoDraw = True
17.5662 	EXP 	fixation: autoDraw = True
17.6603 	EXP 	image: autoDraw = False
17.6603 	EXP 	fixation: autoDraw = False
17.6603 	EXP 	image: autoDraw = False
17.6603 	EXP 	fixation: autoDraw = False
17.6662 	EXP 	image_2: autoDraw = True
17.6662 	EXP 	fixation_2: autoDraw = True
17.7500 	EXP 	New trial (rep=28, index=0): None
17.7604 	EXP 	image_2: autoDraw = False
17.7604 	EXP 	fixation_2: autoDraw = False
17.7604 	EXP 	image_2: autoDraw = False
17.7604 	EXP 	fixation_2: autoDraw = False
17.7662 	EXP 	image: autoDraw = True
17.7662 	EXP 	fixation: autoDraw = True
17.8605 	EXP 	image: autoDraw = False
17.8605 	EXP 	fixation: autoDraw = False
17.8605 	EXP 	image: autoDraw = False
17.8605 	EXP 	fixation: autoDraw = False
17.8663 	EXP 	image_2: autoDraw = True
17.8663 	EXP 	fixation_2: autoDraw = True
17.9516 	EXP 	New trial (rep=29, index=0): None
17.9604 	EXP 	image_2: autoDraw = False
17.9604 	EXP 	fixation_2: autoDraw = False
17.9604 	EXP 	image_2: autoDraw = False
17.9604 	EXP 	fixation_2: autoDraw = False
17.9655 	EXP 	image: autoDraw = True
17.9655 	EXP 	fixation: autoDraw = True
18.0605 	EXP 	image: autoDraw = False
18.0605 	EXP 	fixation: autoDraw = False
18.0605 	EXP 	image: autoDraw = False
18.0605 	EXP 	fixation: autoDraw = False
18.0663 	EXP 	image_2: autoDraw = True
18.0663 	EXP 	fixation_2: autoDraw = True
18.1623 	EXP 	New trial (rep=30, index=0): None
18.1671 	EXP 	image_2: autoDraw = False
18.1671 	EXP 	fixation_2: autoDraw = False
18.1671 	EXP 	image_2: autoDraw = False
18.1671 	EXP 	fixation_2: autoDraw = False
18.1671 	EXP 	image: autoDraw = True
18.1671 	EXP 	fixation: autoDraw = True
18.2666 	EXP 	image: autoDraw = False
18.2666 	EXP 	fixation: autoDraw = False
18.2666 	EXP 	image: autoDraw = False
18.2666 	EXP 	fixation: autoDraw = False
18.2666 	EXP 	image_2: autoDraw = True
18.2666 	EXP 	fixation_2: autoDraw = True
18.3622 	EXP 	New trial (rep=31, index=0): None
18.3672 	EXP 	image_2: autoDraw = False
18.3672 	EXP 	fixation_2: autoDraw = False
18.3672 	EXP 	image_2: autoDraw = False
18.3672 	EXP 	fixation_2: autoDraw = False
18.3672 	EXP 	image: autoDraw = True
18.3672 	EXP 	fixation: autoDraw = True
18.4662 	EXP 	image: autoDraw = False
18.4662 	EXP 	fixation: autoDraw = False
18.4662 	EXP 	image: autoDraw = False
18.4662 	EXP 	fixation: autoDraw = False
18.4662 	EXP 	image_2: autoDraw = True
18.4662 	EXP 	fixation_2: autoDraw = True
18.5504 	EXP 	New trial (rep=32, index=0): None
18.5604 	EXP 	image_2: autoDraw = False
18.5604 	EXP 	fixation_2: autoDraw = False
18.5604 	EXP 	image_2: autoDraw = False
18.5604 	EXP 	fixation_2: autoDraw = False
18.5656 	EXP 	image: autoDraw = True
18.5656 	EXP 	fixation: autoDraw = True
18.6608 	EXP 	image: autoDraw = False
18.6608 	EXP 	fixation: autoDraw = False
18.6608 	EXP 	image: autoDraw = False
18.6608 	EXP 	fixation: autoDraw = False
18.6671 	EXP 	image_2: autoDraw = True
18.6671 	EXP 	fixation_2: autoDraw = True
18.7516 	EXP 	New trial (rep=33, index=0): None
18.7602 	EXP 	image_2: autoDraw = False
18.7602 	EXP 	fixation_2: autoDraw = False
18.7602 	EXP 	image_2: autoDraw = False
18.7602 	EXP 	fixation_2: autoDraw = False
18.7660 	EXP 	image: autoDraw = True
18.7660 	EXP 	fixation: autoDraw = True
18.8604 	EXP 	image: autoDraw = False
18.8604 	EXP 	fixation: autoDraw = False
18.8604 	EXP 	image: autoDraw = False
18.8604 	EXP 	fixation: autoDraw = False
18.8654 	EXP 	image_2: autoDraw = True
18.8654 	EXP 	fixation_2: autoDraw = True
18.9502 	EXP 	New trial (rep=34, index=0): None
18.9598 	EXP 	image_2: autoDraw = False
18.9598 	EXP 	fixation_2: autoDraw = False
18.9598 	EXP 	image_2: autoDraw = False
18.9598 	EXP 	fixation_2: autoDraw = False
18.9639 	EXP 	image: autoDraw = True
18.9639 	EXP 	fixation: autoDraw = True
19.0599 	EXP 	image: autoDraw = False
19.0599 	EXP 	fixation: autoDraw = False
19.0599 	EXP 	image: autoDraw = False
19.0599 	EXP 	fixation: autoDraw = False
19.0638 	EXP 	image_2: autoDraw = True
19.0638 	EXP 	fixation_2: autoDraw = True
19.1499 	EXP 	New trial (rep=35, index=0): None
19.1600 	EXP 	image_2: autoDraw = False
19.1600 	EXP 	fixation_2: autoDraw = False
19.1600 	EXP 	image_2: autoDraw = False
19.1600 	EXP 	fixation_2: autoDraw = False
19.1652 	EXP 	image: autoDraw = True
19.1652 	EXP 	fixation: autoDraw = True
19.2602 	EXP 	image: autoDraw = False
19.2602 	EXP 	fixation: autoDraw = False
19.2602 	EXP 	image: autoDraw = False
19.2602 	EXP 	fixation: autoDraw = False
19.2660 	EXP 	image_2: autoDraw = True
19.2660 	EXP 	fixation_2: autoDraw = True
19.3509 	EXP 	New trial (rep=36, index=0): None
19.3602 	EXP 	image_2: autoDraw = False
19.3602 	EXP 	fixation_2: autoDraw = False
19.3602 	EXP 	image_2: autoDraw = False
19.3602 	EXP 	fixation_2: autoDraw = False
19.3653 	EXP 	image: autoDraw = True
19.3653 	EXP 	fixation: autoDraw = True
19.4602 	EXP 	image: autoDraw = False
19.4602 	EXP 	fixation: autoDraw = False
19.4602 	EXP 	image: autoDraw = False
19.4602 	EXP 	fixation: autoDraw = False
19.4647 	EXP 	image_2: autoDraw = True
19.4647 	EXP 	fixation_2: autoDraw = True
19.5495 	EXP 	New trial (rep=37, index=0): None
19.5604 	EXP 	image_2: autoDraw = False
19.5604 	EXP 	fixation_2: autoDraw = False
19.5604 	EXP 	image_2: autoDraw = False
19.5604 	EXP 	fixation_2: autoDraw = False
19.5656 	EXP 	image: autoDraw = True
19.5656 	EXP 	fixation: autoDraw = True
19.6601 	EXP 	image: autoDraw = False
19.6601 	EXP 	fixation: autoDraw = False
19.6601 	EXP 	image: autoDraw = False
19.6601 	EXP 	fixation: autoDraw = False
19.6655 	EXP 	image_2: autoDraw = True
19.6655 	EXP 	fixation_2: autoDraw = True
19.7491 	EXP 	New trial (rep=38, index=0): None
19.7602 	EXP 	image_2: autoDraw = False
19.7602 	EXP 	fixation_2: autoDraw = False
19.7602 	EXP 	image_2: autoDraw = False
19.7602 	EXP 	fixation_2: autoDraw = False
19.7649 	EXP 	image: autoDraw = True
19.7649 	EXP 	fixation: autoDraw = True
19.8598 	EXP 	image: autoDraw = False
19.8598 	EXP 	fixation: autoDraw = False
19.8598 	EXP 	image: autoDraw = False
19.8598 	EXP 	fixation: autoDraw = False
19.8638 	EXP 	image_2: autoDraw = True
19.8638 	EXP 	fixation_2: autoDraw = True
19.9501 	EXP 	New trial (rep=39, index=0): None
19.9602 	EXP 	image_2: autoDraw = False
19.9602 	EXP 	fixation_2: autoDraw = False
19.9602 	EXP 	image_2: autoDraw = False
19.9602 	EXP 	fixation_2: autoDraw = False
19.9660 	EXP 	image: autoDraw = True
19.9660 	EXP 	fixation: autoDraw = True
20.0604 	EXP 	image: autoDraw = False
20.0604 	EXP 	fixation: autoDraw = False
20.0604 	EXP 	image: autoDraw = False
20.0604 	EXP 	fixation: autoDraw = False
20.0668 	EXP 	image_2: autoDraw = True
20.0668 	EXP 	fixation_2: autoDraw = True
20.1622 	EXP 	New trial (rep=40, index=0): None
20.1680 	EXP 	image_2: autoDraw = False
20.1680 	EXP 	fixation_2: autoDraw = False
20.1680 	EXP 	image_2: autoDraw = False
20.1680 	EXP 	fixation_2: autoDraw = False
20.1680 	EXP 	image: autoDraw = True
20.1680 	EXP 	fixation: autoDraw = True
20.2668 	EXP 	image: autoDraw = False
20.2668 	EXP 	fixation: autoDraw = False
20.2668 	EXP 	image: autoDraw = False
20.2668 	EXP 	fixation: autoDraw = False
20.2668 	EXP 	image_2: autoDraw = True
20.2668 	EXP 	fixation_2: autoDraw = True
20.3521 	EXP 	New trial (rep=41, index=0): None
20.3605 	EXP 	image_2: autoDraw = False
20.3605 	EXP 	fixation_2: autoDraw = False
20.3605 	EXP 	image_2: autoDraw = False
20.3605 	EXP 	fixation_2: autoDraw = False
20.3654 	EXP 	image: autoDraw = True
20.3654 	EXP 	fixation: autoDraw = True
20.4601 	EXP 	image: autoDraw = False
20.4601 	EXP 	fixation: autoDraw = False
20.4601 	EXP 	image: autoDraw = False
20.4601 	EXP 	fixation: autoDraw = False
20.4661 	EXP 	image_2: autoDraw = True
20.4661 	EXP 	fixation_2: autoDraw = True
20.5495 	EXP 	New trial (rep=42, index=0): None
20.5600 	EXP 	image_2: autoDraw = False
20.5600 	EXP 	fixation_2: autoDraw = False
20.5600 	EXP 	image_2: autoDraw = False
20.5600 	EXP 	fixation_2: autoDraw = False
20.5660 	EXP 	image: autoDraw = True
20.5660 	EXP 	fixation: autoDraw = True
20.6667 	EXP 	image: autoDraw = False
20.6667 	EXP 	fixation: autoDraw = False
20.6667 	EXP 	image: autoDraw = False
20.6667 	EXP 	fixation: autoDraw = False
20.6667 	EXP 	image_2: autoDraw = True
20.6667 	EXP 	fixation_2: autoDraw = True
20.7508 	EXP 	New trial (rep=43, index=0): None
20.7603 	EXP 	image_2: autoDraw = False
20.7603 	EXP 	fixation_2: autoDraw = False
20.7603 	EXP 	image_2: autoDraw = False
20.7603 	EXP 	fixation_2: autoDraw = False
20.7649 	EXP 	image: autoDraw = True
20.7649 	EXP 	fixation: autoDraw = True
20.8605 	EXP 	image: autoDraw = False
20.8605 	EXP 	fixation: autoDraw = False
20.8605 	EXP 	image: autoDraw = False
20.8605 	EXP 	fixation: autoDraw = False
20.8657 	EXP 	image_2: autoDraw = True
20.8657 	EXP 	fixation_2: autoDraw = True
20.9498 	EXP 	New trial (rep=44, index=0): None
20.9602 	EXP 	image_2: autoDraw = False
20.9602 	EXP 	fixation_2: autoDraw = False
20.9602 	EXP 	image_2: autoDraw = False
20.9602 	EXP 	fixation_2: autoDraw = False
20.9653 	EXP 	image: autoDraw = True
20.9653 	EXP 	fixation: autoDraw = True
21.0604 	EXP 	image: autoDraw = False
21.0604 	EXP 	fixation: autoDraw = False
21.0604 	EXP 	image: autoDraw = False
21.0604 	EXP 	fixation: autoDraw = False
21.0654 	EXP 	image_2: autoDraw = True
21.0654 	EXP 	fixation_2: autoDraw = True
21.1502 	EXP 	New trial (rep=45, index=0): None
21.1602 	EXP 	image_2: autoDraw = False
21.1602 	EXP 	fixation_2: autoDraw = False
21.1602 	EXP 	image_2: autoDraw = False
21.1602 	EXP 	fixation_2: autoDraw = False
21.1657 	EXP 	image: autoDraw = True
21.1657 	EXP 	fixation: autoDraw = True
21.2601 	EXP 	image: autoDraw = False
21.2601 	EXP 	fixation: autoDraw = False
21.2601 	EXP 	image: autoDraw = False
21.2601 	EXP 	fixation: autoDraw = False
21.2653 	EXP 	image_2: autoDraw = True
21.2653 	EXP 	fixation_2: autoDraw = True
21.3504 	EXP 	New trial (rep=46, index=0): None
21.3603 	EXP 	image_2: autoDraw = False
21.3603 	EXP 	fixation_2: autoDraw = False
21.3603 	EXP 	image_2: autoDraw = False
21.3603 	EXP 	fixation_2: autoDraw = False
21.3663 	EXP 	image: autoDraw = True
21.3663 	EXP 	fixation: autoDraw = True
21.4602 	EXP 	image: autoDraw = False
21.4602 	EXP 	fixation: autoDraw = False
21.4602 	EXP 	image: autoDraw = False
21.4602 	EXP 	fixation: autoDraw = False
21.4658 	EXP 	image_2: autoDraw = True
21.4658 	EXP 	fixation_2: autoDraw = True
21.5503 	EXP 	New trial (rep=47, index=0): None
21.5602 	EXP 	image_2: autoDraw = False
21.5602 	EXP 	fixation_2: autoDraw = False
21.5602 	EXP 	image_2: autoDraw = False
21.5602 	EXP 	fixation_2: autoDraw = False
21.5650 	EXP 	image: autoDraw = True
21.5650 	EXP 	fixation: autoDraw = True
21.6604 	EXP 	image: autoDraw = False
21.6604 	EXP 	fixation: autoDraw = False
21.6604 	EXP 	image: autoDraw = False
21.6604 	EXP 	fixation: autoDraw = False
21.6656 	EXP 	image_2: autoDraw = True
21.6656 	EXP 	fixation_2: autoDraw = True
21.7499 	EXP 	New trial (rep=48, index=0): None
21.7604 	EXP 	image_2: autoDraw = False
21.7604 	EXP 	fixation_2: autoDraw = False
21.7604 	EXP 	image_2: autoDraw = False
21.7604 	EXP 	fixation_2: autoDraw = False
21.7653 	EXP 	image: autoDraw = True
21.7653 	EXP 	fixation: autoDraw = True
21.8604 	EXP 	image: autoDraw = False
21.8604 	EXP 	fixation: autoDraw = False
21.8604 	EXP 	image: autoDraw = False
21.8604 	EXP 	fixation: autoDraw = False
21.8656 	EXP 	image_2: autoDraw = True
21.8656 	EXP 	fixation_2: autoDraw = True
21.9491 	EXP 	New trial (rep=49, index=0): None
21.9599 	EXP 	image_2: autoDraw = False
21.9599 	EXP 	fixation_2: autoDraw = False
21.9599 	EXP 	image_2: autoDraw = False
21.9599 	EXP 	fixation_2: autoDraw = False
21.9647 	EXP 	image: autoDraw = True
21.9647 	EXP 	fixation: autoDraw = True
22.0599 	EXP 	image: autoDraw = False
22.0599 	EXP 	fixation: autoDraw = False
22.0599 	EXP 	image: autoDraw = False
22.0599 	EXP 	fixation: autoDraw = False
22.0657 	EXP 	image_2: autoDraw = True
22.0657 	EXP 	fixation_2: autoDraw = True
22.1494 	EXP 	New trial (rep=50, index=0): None
22.1601 	EXP 	image_2: autoDraw = False
22.1601 	EXP 	fixation_2: autoDraw = False
22.1601 	EXP 	image_2: autoDraw = False
22.1601 	EXP 	fixation_2: autoDraw = False
22.1661 	EXP 	image: autoDraw = True
22.1661 	EXP 	fixation: autoDraw = True
22.2602 	EXP 	image: autoDraw = False
22.2602 	EXP 	fixation: autoDraw = False
22.2602 	EXP 	image: autoDraw = False
22.2602 	EXP 	fixation: autoDraw = False
22.2661 	EXP 	image_2: autoDraw = True
22.2661 	EXP 	fixation_2: autoDraw = True
22.3625 	EXP 	New trial (rep=51, index=0): None
22.3688 	EXP 	image_2: autoDraw = False
22.3688 	EXP 	fixation_2: autoDraw = False
22.3688 	EXP 	image_2: autoDraw = False
22.3688 	EXP 	fixation_2: autoDraw = False
22.3688 	EXP 	image: autoDraw = True
22.3688 	EXP 	fixation: autoDraw = True
22.4771 	WARNING 	t of last frame was 28.52ms (=1/35)
22.4937 	EXP 	image: autoDraw = False
22.4937 	EXP 	fixation: autoDraw = False
22.4937 	EXP 	image_2: autoDraw = True
22.4937 	EXP 	fixation_2: autoDraw = True
22.5782 	EXP 	New trial (rep=52, index=0): None
22.5836 	EXP 	image_2: autoDraw = False
22.5836 	EXP 	fixation_2: autoDraw = False
22.5836 	EXP 	image: autoDraw = True
22.5836 	EXP 	fixation: autoDraw = True
22.6833 	EXP 	image: autoDraw = False
22.6833 	EXP 	fixation: autoDraw = False
22.6833 	EXP 	image_2: autoDraw = True
22.6833 	EXP 	fixation_2: autoDraw = True
22.7667 	EXP 	New trial (rep=53, index=0): None
22.7772 	EXP 	image_2: autoDraw = False
22.7772 	EXP 	fixation_2: autoDraw = False
22.7772 	EXP 	image_2: autoDraw = False
22.7772 	EXP 	fixation_2: autoDraw = False
22.7772 	EXP 	image: autoDraw = True
22.7772 	EXP 	fixation: autoDraw = True
22.8650 	EXP 	image: autoDraw = False
22.8650 	EXP 	fixation: autoDraw = False
22.8650 	EXP 	image: autoDraw = False
22.8650 	EXP 	fixation: autoDraw = False
22.8650 	EXP 	image_2: autoDraw = True
22.8650 	EXP 	fixation_2: autoDraw = True
22.9498 	EXP 	New trial (rep=54, index=0): None
22.9601 	EXP 	image_2: autoDraw = False
22.9601 	EXP 	fixation_2: autoDraw = False
22.9601 	EXP 	image_2: autoDraw = False
22.9601 	EXP 	fixation_2: autoDraw = False
22.9640 	EXP 	image: autoDraw = True
22.9640 	EXP 	fixation: autoDraw = True
23.0602 	EXP 	image: autoDraw = False
23.0602 	EXP 	fixation: autoDraw = False
23.0602 	EXP 	image: autoDraw = False
23.0602 	EXP 	fixation: autoDraw = False
23.0649 	EXP 	image_2: autoDraw = True
23.0649 	EXP 	fixation_2: autoDraw = True
23.1499 	EXP 	New trial (rep=55, index=0): None
23.1602 	EXP 	image_2: autoDraw = False
23.1602 	EXP 	fixation_2: autoDraw = False
23.1602 	EXP 	image_2: autoDraw = False
23.1602 	EXP 	fixation_2: autoDraw = False
23.1649 	EXP 	image: autoDraw = True
23.1649 	EXP 	fixation: autoDraw = True
23.2608 	EXP 	image: autoDraw = False
23.2608 	EXP 	fixation: autoDraw = False
23.2608 	EXP 	image: autoDraw = False
23.2608 	EXP 	fixation: autoDraw = False
23.2670 	EXP 	image_2: autoDraw = True
23.2670 	EXP 	fixation_2: autoDraw = True
23.3622 	EXP 	New trial (rep=56, index=0): None
23.3678 	EXP 	image_2: autoDraw = False
23.3678 	EXP 	fixation_2: autoDraw = False
23.3678 	EXP 	image_2: autoDraw = False
23.3678 	EXP 	fixation_2: autoDraw = False
23.3678 	EXP 	image: autoDraw = True
23.3678 	EXP 	fixation: autoDraw = True
23.4653 	EXP 	image: autoDraw = False
23.4653 	EXP 	fixation: autoDraw = False
23.4653 	EXP 	image: autoDraw = False
23.4653 	EXP 	fixation: autoDraw = False
23.4653 	EXP 	image_2: autoDraw = True
23.4653 	EXP 	fixation_2: autoDraw = True
23.5498 	EXP 	New trial (rep=57, index=0): None
23.5599 	EXP 	image_2: autoDraw = False
23.5599 	EXP 	fixation_2: autoDraw = False
23.5599 	EXP 	image_2: autoDraw = False
23.5599 	EXP 	fixation_2: autoDraw = False
23.5656 	EXP 	image: autoDraw = True
23.5656 	EXP 	fixation: autoDraw = True
23.6666 	EXP 	image: autoDraw = False
23.6666 	EXP 	fixation: autoDraw = False
23.6666 	EXP 	image: autoDraw = False
23.6666 	EXP 	fixation: autoDraw = False
23.6666 	EXP 	image_2: autoDraw = True
23.6666 	EXP 	fixation_2: autoDraw = True
23.7613 	EXP 	New trial (rep=58, index=0): None
23.7657 	EXP 	image_2: autoDraw = False
23.7657 	EXP 	fixation_2: autoDraw = False
23.7657 	EXP 	image_2: autoDraw = False
23.7657 	EXP 	fixation_2: autoDraw = False
23.7657 	EXP 	image: autoDraw = True
23.7657 	EXP 	fixation: autoDraw = True
23.8604 	EXP 	image: autoDraw = False
23.8604 	EXP 	fixation: autoDraw = False
23.8604 	EXP 	image: autoDraw = False
23.8604 	EXP 	fixation: autoDraw = False
23.8663 	EXP 	image_2: autoDraw = True
23.8663 	EXP 	fixation_2: autoDraw = True
23.9524 	EXP 	New trial (rep=59, index=0): None
23.9600 	EXP 	image_2: autoDraw = False
23.9600 	EXP 	fixation_2: autoDraw = False
23.9600 	EXP 	image_2: autoDraw = False
23.9600 	EXP 	fixation_2: autoDraw = False
23.9657 	EXP 	image: autoDraw = True
23.9657 	EXP 	fixation: autoDraw = True
24.0602 	EXP 	image: autoDraw = False
24.0602 	EXP 	fixation: autoDraw = False
24.0602 	EXP 	image: autoDraw = False
24.0602 	EXP 	fixation: autoDraw = False
24.0654 	EXP 	image_2: autoDraw = True
24.0654 	EXP 	fixation_2: autoDraw = True
24.1506 	EXP 	New trial (rep=60, index=0): None
24.1606 	EXP 	image_2: autoDraw = False
24.1606 	EXP 	fixation_2: autoDraw = False
24.1606 	EXP 	image_2: autoDraw = False
24.1606 	EXP 	fixation_2: autoDraw = False
24.1656 	EXP 	image: autoDraw = True
24.1656 	EXP 	fixation: autoDraw = True
24.2598 	EXP 	image: autoDraw = False
24.2598 	EXP 	fixation: autoDraw = False
24.2598 	EXP 	image: autoDraw = False
24.2598 	EXP 	fixation: autoDraw = False
24.2653 	EXP 	image_2: autoDraw = True
24.2653 	EXP 	fixation_2: autoDraw = True
24.3498 	EXP 	New trial (rep=61, index=0): None
24.3599 	EXP 	image_2: autoDraw = False
24.3599 	EXP 	fixation_2: autoDraw = False
24.3599 	EXP 	image_2: autoDraw = False
24.3599 	EXP 	fixation_2: autoDraw = False
24.3658 	EXP 	image: autoDraw = True
24.3658 	EXP 	fixation: autoDraw = True
24.4600 	EXP 	image: autoDraw = False
24.4600 	EXP 	fixation: autoDraw = False
24.4600 	EXP 	image: autoDraw = False
24.4600 	EXP 	fixation: autoDraw = False
24.4658 	EXP 	image_2: autoDraw = True
24.4658 	EXP 	fixation_2: autoDraw = True
24.5512 	EXP 	New trial (rep=62, index=0): None
24.5604 	EXP 	image_2: autoDraw = False
24.5604 	EXP 	fixation_2: autoDraw = False
24.5604 	EXP 	image_2: autoDraw = False
24.5604 	EXP 	fixation_2: autoDraw = False
24.5649 	EXP 	image: autoDraw = True
24.5649 	EXP 	fixation: autoDraw = True
24.6604 	EXP 	image: autoDraw = False
24.6604 	EXP 	fixation: autoDraw = False
24.6604 	EXP 	image: autoDraw = False
24.6604 	EXP 	fixation: autoDraw = False
24.6656 	EXP 	image_2: autoDraw = True
24.6656 	EXP 	fixation_2: autoDraw = True
24.7501 	EXP 	New trial (rep=63, index=0): None
24.7604 	EXP 	image_2: autoDraw = False
24.7604 	EXP 	fixation_2: autoDraw = False
24.7604 	EXP 	image_2: autoDraw = False
24.7604 	EXP 	fixation_2: autoDraw = False
24.7651 	EXP 	image: autoDraw = True
24.7651 	EXP 	fixation: autoDraw = True
24.8602 	EXP 	image: autoDraw = False
24.8602 	EXP 	fixation: autoDraw = False
24.8602 	EXP 	image: autoDraw = False
24.8602 	EXP 	fixation: autoDraw = False
24.8653 	EXP 	image_2: autoDraw = True
24.8653 	EXP 	fixation_2: autoDraw = True
24.9507 	EXP 	New trial (rep=64, index=0): None
24.9603 	EXP 	image_2: autoDraw = False
24.9603 	EXP 	fixation_2: autoDraw = False
24.9603 	EXP 	image_2: autoDraw = False
24.9603 	EXP 	fixation_2: autoDraw = False
24.9658 	EXP 	image: autoDraw = True
24.9658 	EXP 	fixation: autoDraw = True
25.0625 	EXP 	image: autoDraw = False
25.0625 	EXP 	fixation: autoDraw = False
25.0625 	EXP 	image: autoDraw = False
25.0625 	EXP 	fixation: autoDraw = False
25.0773 	EXP 	image_2: autoDraw = True
25.0773 	EXP 	fixation_2: autoDraw = True
25.1628 	EXP 	New trial (rep=65, index=0): None
25.1675 	EXP 	image_2: autoDraw = False
25.1675 	EXP 	fixation_2: autoDraw = False
25.1675 	EXP 	image_2: autoDraw = False
25.1675 	EXP 	fixation_2: autoDraw = False
25.1675 	EXP 	image: autoDraw = True
25.1675 	EXP 	fixation: autoDraw = True
25.2659 	EXP 	image: autoDraw = False
25.2659 	EXP 	fixation: autoDraw = False
25.2659 	EXP 	image: autoDraw = False
25.2659 	EXP 	fixation: autoDraw = False
25.2659 	EXP 	image_2: autoDraw = True
25.2659 	EXP 	fixation_2: autoDraw = True
25.3510 	EXP 	New trial (rep=66, index=0): None
25.3604 	EXP 	image_2: autoDraw = False
25.3604 	EXP 	fixation_2: autoDraw = False
25.3604 	EXP 	image_2: autoDraw = False
25.3604 	EXP 	fixation_2: autoDraw = False
25.3664 	EXP 	image: autoDraw = True
25.3664 	EXP 	fixation: autoDraw = True
25.4666 	EXP 	image: autoDraw = False
25.4666 	EXP 	fixation: autoDraw = False
25.4666 	EXP 	image: autoDraw = False
25.4666 	EXP 	fixation: autoDraw = False
25.4666 	EXP 	image_2: autoDraw = True
25.4666 	EXP 	fixation_2: autoDraw = True
25.5518 	EXP 	New trial (rep=67, index=0): None
25.5605 	EXP 	image_2: autoDraw = False
25.5605 	EXP 	fixation_2: autoDraw = False
25.5605 	EXP 	image_2: autoDraw = False
25.5605 	EXP 	fixation_2: autoDraw = False
25.5657 	EXP 	image: autoDraw = True
25.5657 	EXP 	fixation: autoDraw = True
25.6604 	EXP 	image: autoDraw = False
25.6604 	EXP 	fixation: autoDraw = False
25.6604 	EXP 	image: autoDraw = False
25.6604 	EXP 	fixation: autoDraw = False
25.6656 	EXP 	image_2: autoDraw = True
25.6656 	EXP 	fixation_2: autoDraw = True
25.7503 	EXP 	New trial (rep=68, index=0): None
25.7600 	EXP 	image_2: autoDraw = False
25.7600 	EXP 	fixation_2: autoDraw = False
25.7600 	EXP 	image_2: autoDraw = False
25.7600 	EXP 	fixation_2: autoDraw = False
25.7656 	EXP 	image: autoDraw = True
25.7656 	EXP 	fixation: autoDraw = True
25.8603 	EXP 	image: autoDraw = False
25.8603 	EXP 	fixation: autoDraw = False
25.8603 	EXP 	image: autoDraw = False
25.8603 	EXP 	fixation: autoDraw = False
25.8660 	EXP 	image_2: autoDraw = True
25.8660 	EXP 	fixation_2: autoDraw = True
25.9501 	EXP 	New trial (rep=69, index=0): None
25.9600 	EXP 	image_2: autoDraw = False
25.9600 	EXP 	fixation_2: autoDraw = False
25.9600 	EXP 	image_2: autoDraw = False
25.9600 	EXP 	fixation_2: autoDraw = False
25.9639 	EXP 	image: autoDraw = True
25.9639 	EXP 	fixation: autoDraw = True
26.0601 	EXP 	image: autoDraw = False
26.0601 	EXP 	fixation: autoDraw = False
26.0601 	EXP 	image: autoDraw = False
26.0601 	EXP 	fixation: autoDraw = False
26.0663 	EXP 	image_2: autoDraw = True
26.0663 	EXP 	fixation_2: autoDraw = True
26.1630 	EXP 	New trial (rep=70, index=0): None
26.1690 	EXP 	image_2: autoDraw = False
26.1690 	EXP 	fixation_2: autoDraw = False
26.1690 	EXP 	image_2: autoDraw = False
26.1690 	EXP 	fixation_2: autoDraw = False
26.1690 	EXP 	image: autoDraw = True
26.1690 	EXP 	fixation: autoDraw = True
26.2667 	EXP 	image: autoDraw = False
26.2667 	EXP 	fixation: autoDraw = False
26.2667 	EXP 	image: autoDraw = False
26.2667 	EXP 	fixation: autoDraw = False
26.2667 	EXP 	image_2: autoDraw = True
26.2667 	EXP 	fixation_2: autoDraw = True
26.3623 	EXP 	New trial (rep=71, index=0): None
26.3678 	EXP 	image_2: autoDraw = False
26.3678 	EXP 	fixation_2: autoDraw = False
26.3678 	EXP 	image_2: autoDraw = False
26.3678 	EXP 	fixation_2: autoDraw = False
26.3678 	EXP 	image: autoDraw = True
26.3678 	EXP 	fixation: autoDraw = True
26.4668 	EXP 	image: autoDraw = False
26.4668 	EXP 	fixation: autoDraw = False
26.4668 	EXP 	image: autoDraw = False
26.4668 	EXP 	fixation: autoDraw = False
26.4668 	EXP 	image_2: autoDraw = True
26.4668 	EXP 	fixation_2: autoDraw = True
26.5619 	EXP 	New trial (rep=72, index=0): None
26.5666 	EXP 	image_2: autoDraw = False
26.5666 	EXP 	fixation_2: autoDraw = False
26.5666 	EXP 	image_2: autoDraw = False
26.5666 	EXP 	fixation_2: autoDraw = False
26.5666 	EXP 	image: autoDraw = True
26.5666 	EXP 	fixation: autoDraw = True
26.6669 	EXP 	image: autoDraw = False
26.6669 	EXP 	fixation: autoDraw = False
26.6669 	EXP 	image: autoDraw = False
26.6669 	EXP 	fixation: autoDraw = False
26.6669 	EXP 	image_2: autoDraw = True
26.6669 	EXP 	fixation_2: autoDraw = True
26.7622 	EXP 	New trial (rep=73, index=0): None
26.7672 	EXP 	image_2: autoDraw = False
26.7672 	EXP 	fixation_2: autoDraw = False
26.7672 	EXP 	image_2: autoDraw = False
26.7672 	EXP 	fixation_2: autoDraw = False
26.7672 	EXP 	image: autoDraw = True
26.7672 	EXP 	fixation: autoDraw = True
26.8668 	EXP 	image: autoDraw = False
26.8668 	EXP 	fixation: autoDraw = False
26.8668 	EXP 	image: autoDraw = False
26.8668 	EXP 	fixation: autoDraw = False
26.8668 	EXP 	image_2: autoDraw = True
26.8668 	EXP 	fixation_2: autoDraw = True
26.9623 	EXP 	New trial (rep=74, index=0): None
26.9679 	EXP 	image_2: autoDraw = False
26.9679 	EXP 	fixation_2: autoDraw = False
26.9679 	EXP 	image_2: autoDraw = False
26.9679 	EXP 	fixation_2: autoDraw = False
26.9679 	EXP 	image: autoDraw = True
26.9679 	EXP 	fixation: autoDraw = True
27.0671 	EXP 	image: autoDraw = False
27.0671 	EXP 	fixation: autoDraw = False
27.0671 	EXP 	image: autoDraw = False
27.0671 	EXP 	fixation: autoDraw = False
27.0671 	EXP 	image_2: autoDraw = True
27.0671 	EXP 	fixation_2: autoDraw = True
27.1604 	EXP 	image_2: autoDraw = False
27.1604 	EXP 	fixation_2: autoDraw = False
27.1604 	EXP 	image_2: autoDraw = False
27.1604 	EXP 	fixation_2: autoDraw = False
27.2169 	EXP 	window1: mouseVisible = True
