1.1454 	WARNING 	We strongly recommend you activate the PTB sound engine in PsychoPy prefs as the preferred audio engine. Its timing is vastly superior. Your prefs are currently set to use ['sounddevice', 'PTB', 'pyo', 'pygame'] (in that order).
5.5945 	WARNING 	User requested fullscreen with size [1024  768], but screen is actually [1440, 900]. Using actual size
6.8229 	WARNING 	Couldn't measure a consistent frame rate!
  - Is your graphics card set to sync to vertical blank?
  - Are you running other processes on your computer?

6.8238 	EXP 	Created window1 = Window(allowGUI=True, allowStencil=False, autoLog=True, backendConf=UNKNOWN, bitsMode=UNKNOWN, blendMode='avg', bpc=(8, 8, 8), color=array([0, 0, 0]), colorSpace='rgb', depthBits=8, fullscr=<method-wrapper '__getattribute__' of attributeSetter object at 0x7ff3114e7970>, gamma=None, gammaErrorPolicy='raise', lms=UNKNOWN, monitor=<psychopy.monitors.calibTools.Monitor object at 0x7ff2d6235880>, multiSample=False, name='window1', numSamples=2, pos=[360.0, 225.0], screen=0, size=array([2880, 1800]), stencilBits=0, stereo=False, units='height', useFBO=True, useRetina=True, viewOri=0.0, viewPos=None, viewScale=None, waitBlanking=True, winType='pyglet')
6.8243 	EXP 	window1: mouseVisible = True
6.8255 	EXP 	window1: mouseVisible = False
6.8255 	EXP 	window1: Attempting to measure frame rate of screen (0) ...
6.8256 	EXP 	window1: recordFrameIntervals = False
6.9061 	EXP 	window1: recordFrameIntervals = True
7.7396 	WARNING 	Couldn't measure a consistent frame rate!
  - Is your graphics card set to sync to vertical blank?
  - Are you running other processes on your computer?

9.8323 	EXP 	Created image = ImageStim(__class__=<class 'psychopy.visual.image.ImageStim'>, anchor=('center', 'center'), autoLog=True, color=array([1, 1, 1]), colorSpace='rgb', contrast=1.0, depth=-1.0, flipHoriz=False, flipVert=False, image=str(...), interpolate=True, mask=None, maskParams=None, name='image', opacity=1.0, ori=0.0, pos=array([0., 0.]), size=array([0.5, 0.5]), texRes=128.0, units='height', win=Window(...))
9.8391 	EXP 	Created fixation = ShapeStim(__class__=<class 'psychopy.visual.shape.ShapeStim'>, anchor=('center', 'center'), autoDraw=False, autoLog=True, closeShape=True, color=method-wrapper(...), colorSpace='rgb', contrast=None, depth=-2.0, fillColor=array([ 1, -1, -1]), fillColorSpace='rgb', fillRGB=array([ 1, -1, -1]), interpolate=True, lineColor=array([ 1, -1, -1]), lineColorSpace='rgb', lineRGB=array([ 1, -1, -1]), lineWidth=1.0, name='fixation', opacity=1.0, ori=0.0, pos=array([0., 0.]), size=array([0.01, 0.01]), units='height', vertices=ndarray(...), win=Window(...), windingRule=None)
10.0876 	EXP 	Created image_2 = ImageStim(__class__=<class 'psychopy.visual.image.ImageStim'>, anchor=('center', 'center'), autoLog=True, color=array([1, 1, 1]), colorSpace='rgb', contrast=1.0, depth=-1.0, flipHoriz=False, flipVert=False, image=str(...), interpolate=True, mask=None, maskParams=None, name='image_2', opacity=1.0, ori=0.0, pos=array([0., 0.]), size=array([0.5, 0.5]), texRes=128.0, units='height', win=Window(...))
10.0924 	EXP 	Created fixation_2 = ShapeStim(__class__=<class 'psychopy.visual.shape.ShapeStim'>, anchor=('center', 'center'), autoDraw=False, autoLog=True, closeShape=True, color=method-wrapper(...), colorSpace='rgb', contrast=None, depth=-2.0, fillColor=array([ 1, -1, -1]), fillColorSpace='rgb', fillRGB=array([ 1, -1, -1]), interpolate=True, lineColor=array([ 1, -1, -1]), lineColorSpace='rgb', lineRGB=array([ 1, -1, -1]), lineWidth=1.0, name='fixation_2', opacity=1.0, ori=0.0, pos=array([0., 0.]), size=array([0.01, 0.01]), units='height', vertices=ndarray(...), win=Window(...), windingRule=None)
10.0951 	EXP 	Created sequence: random, trialTypes=1, nReps=100, seed=None
10.0955 	EXP 	New trial (rep=0, index=0): None
10.1505 	WARNING 	t of last frame was 2411.30ms (=1/0)
10.1505 	EXP 	image: autoDraw = True
10.1505 	EXP 	fixation: autoDraw = True
10.1761 	WARNING 	t of last frame was 25.59ms (=1/39)
10.3445 	WARNING 	t of last frame was 39.25ms (=1/25)
10.3445 	EXP 	image: autoDraw = False
10.3445 	EXP 	fixation: autoDraw = False
10.3445 	EXP 	image: autoDraw = False
10.3445 	EXP 	fixation: autoDraw = False
10.3445 	EXP 	image_2: autoDraw = True
10.3445 	EXP 	fixation_2: autoDraw = True
10.4961 	EXP 	New trial (rep=1, index=0): None
10.5086 	EXP 	image_2: autoDraw = False
10.5086 	EXP 	fixation_2: autoDraw = False
10.5086 	EXP 	image_2: autoDraw = False
10.5086 	EXP 	fixation_2: autoDraw = False
10.5086 	EXP 	image: autoDraw = True
10.5086 	EXP 	fixation: autoDraw = True
10.6720 	EXP 	image: autoDraw = False
10.6720 	EXP 	fixation: autoDraw = False
10.6720 	EXP 	image: autoDraw = False
10.6720 	EXP 	fixation: autoDraw = False
10.6720 	EXP 	image_2: autoDraw = True
10.6720 	EXP 	fixation_2: autoDraw = True
10.8238 	EXP 	New trial (rep=2, index=0): None
10.8315 	EXP 	image_2: autoDraw = False
10.8315 	EXP 	fixation_2: autoDraw = False
10.8315 	EXP 	image_2: autoDraw = False
10.8315 	EXP 	fixation_2: autoDraw = False
10.8315 	EXP 	image: autoDraw = True
10.8315 	EXP 	fixation: autoDraw = True
10.9973 	EXP 	image: autoDraw = False
10.9973 	EXP 	fixation: autoDraw = False
10.9973 	EXP 	image: autoDraw = False
10.9973 	EXP 	fixation: autoDraw = False
10.9973 	EXP 	image_2: autoDraw = True
10.9973 	EXP 	fixation_2: autoDraw = True
11.1518 	EXP 	New trial (rep=3, index=0): None
11.1594 	EXP 	image_2: autoDraw = False
11.1594 	EXP 	fixation_2: autoDraw = False
11.1594 	EXP 	image_2: autoDraw = False
11.1594 	EXP 	fixation_2: autoDraw = False
11.1594 	EXP 	image: autoDraw = True
11.1594 	EXP 	fixation: autoDraw = True
11.3221 	EXP 	image: autoDraw = False
11.3221 	EXP 	fixation: autoDraw = False
11.3221 	EXP 	image: autoDraw = False
11.3221 	EXP 	fixation: autoDraw = False
11.3221 	EXP 	image_2: autoDraw = True
11.3221 	EXP 	fixation_2: autoDraw = True
11.4730 	EXP 	New trial (rep=4, index=0): None
11.4802 	EXP 	image_2: autoDraw = False
11.4802 	EXP 	fixation_2: autoDraw = False
11.4802 	EXP 	image_2: autoDraw = False
11.4802 	EXP 	fixation_2: autoDraw = False
11.4802 	EXP 	image: autoDraw = True
11.4802 	EXP 	fixation: autoDraw = True
11.6390 	EXP 	image: autoDraw = False
11.6390 	EXP 	fixation: autoDraw = False
11.6390 	EXP 	image: autoDraw = False
11.6390 	EXP 	fixation: autoDraw = False
11.6390 	EXP 	image_2: autoDraw = True
11.6390 	EXP 	fixation_2: autoDraw = True
11.7906 	EXP 	New trial (rep=5, index=0): None
11.7976 	EXP 	image_2: autoDraw = False
11.7976 	EXP 	fixation_2: autoDraw = False
11.7976 	EXP 	image_2: autoDraw = False
11.7976 	EXP 	fixation_2: autoDraw = False
11.7976 	EXP 	image: autoDraw = True
11.7976 	EXP 	fixation: autoDraw = True
11.9570 	EXP 	image: autoDraw = False
11.9570 	EXP 	fixation: autoDraw = False
11.9570 	EXP 	image: autoDraw = False
11.9570 	EXP 	fixation: autoDraw = False
11.9570 	EXP 	image_2: autoDraw = True
11.9570 	EXP 	fixation_2: autoDraw = True
12.1089 	EXP 	New trial (rep=6, index=0): None
12.1165 	EXP 	image_2: autoDraw = False
12.1165 	EXP 	fixation_2: autoDraw = False
12.1165 	EXP 	image_2: autoDraw = False
12.1165 	EXP 	fixation_2: autoDraw = False
12.1165 	EXP 	image: autoDraw = True
12.1165 	EXP 	fixation: autoDraw = True
12.2814 	EXP 	image: autoDraw = False
12.2814 	EXP 	fixation: autoDraw = False
12.2814 	EXP 	image: autoDraw = False
12.2814 	EXP 	fixation: autoDraw = False
12.2814 	EXP 	image_2: autoDraw = True
12.2814 	EXP 	fixation_2: autoDraw = True
12.4318 	EXP 	New trial (rep=7, index=0): None
12.4383 	EXP 	image_2: autoDraw = False
12.4383 	EXP 	fixation_2: autoDraw = False
12.4383 	EXP 	image_2: autoDraw = False
12.4383 	EXP 	fixation_2: autoDraw = False
12.4383 	EXP 	image: autoDraw = True
12.4383 	EXP 	fixation: autoDraw = True
12.5954 	EXP 	image: autoDraw = False
12.5954 	EXP 	fixation: autoDraw = False
12.5954 	EXP 	image: autoDraw = False
12.5954 	EXP 	fixation: autoDraw = False
12.5954 	EXP 	image_2: autoDraw = True
12.5954 	EXP 	fixation_2: autoDraw = True
12.7495 	EXP 	New trial (rep=8, index=0): None
12.7582 	EXP 	image_2: autoDraw = False
12.7582 	EXP 	fixation_2: autoDraw = False
12.7582 	EXP 	image_2: autoDraw = False
12.7582 	EXP 	fixation_2: autoDraw = False
12.7582 	EXP 	image: autoDraw = True
12.7582 	EXP 	fixation: autoDraw = True
12.9212 	EXP 	image: autoDraw = False
12.9212 	EXP 	fixation: autoDraw = False
12.9212 	EXP 	image: autoDraw = False
12.9212 	EXP 	fixation: autoDraw = False
12.9212 	EXP 	image_2: autoDraw = True
12.9212 	EXP 	fixation_2: autoDraw = True
13.0737 	EXP 	New trial (rep=9, index=0): None
13.0805 	EXP 	image_2: autoDraw = False
13.0805 	EXP 	fixation_2: autoDraw = False
13.0805 	EXP 	image_2: autoDraw = False
13.0805 	EXP 	fixation_2: autoDraw = False
13.0805 	EXP 	image: autoDraw = True
13.0805 	EXP 	fixation: autoDraw = True
13.2473 	EXP 	image: autoDraw = False
13.2473 	EXP 	fixation: autoDraw = False
13.2473 	EXP 	image: autoDraw = False
13.2473 	EXP 	fixation: autoDraw = False
13.2473 	EXP 	image_2: autoDraw = True
13.2473 	EXP 	fixation_2: autoDraw = True
13.3976 	EXP 	New trial (rep=10, index=0): None
13.4054 	EXP 	image_2: autoDraw = False
13.4054 	EXP 	fixation_2: autoDraw = False
13.4054 	EXP 	image_2: autoDraw = False
13.4054 	EXP 	fixation_2: autoDraw = False
13.4054 	EXP 	image: autoDraw = True
13.4054 	EXP 	fixation: autoDraw = True
13.5632 	EXP 	image: autoDraw = False
13.5632 	EXP 	fixation: autoDraw = False
13.5632 	EXP 	image: autoDraw = False
13.5632 	EXP 	fixation: autoDraw = False
13.5632 	EXP 	image_2: autoDraw = True
13.5632 	EXP 	fixation_2: autoDraw = True
13.7146 	EXP 	New trial (rep=11, index=0): None
13.7229 	EXP 	image_2: autoDraw = False
13.7229 	EXP 	fixation_2: autoDraw = False
13.7229 	EXP 	image_2: autoDraw = False
13.7229 	EXP 	fixation_2: autoDraw = False
13.7229 	EXP 	image: autoDraw = True
13.7229 	EXP 	fixation: autoDraw = True
13.8836 	EXP 	image: autoDraw = False
13.8836 	EXP 	fixation: autoDraw = False
13.8836 	EXP 	image: autoDraw = False
13.8836 	EXP 	fixation: autoDraw = False
13.8836 	EXP 	image_2: autoDraw = True
13.8836 	EXP 	fixation_2: autoDraw = True
14.0395 	EXP 	New trial (rep=12, index=0): None
14.0467 	EXP 	image_2: autoDraw = False
14.0467 	EXP 	fixation_2: autoDraw = False
14.0467 	EXP 	image_2: autoDraw = False
14.0467 	EXP 	fixation_2: autoDraw = False
14.0467 	EXP 	image: autoDraw = True
14.0467 	EXP 	fixation: autoDraw = True
14.1720 	WARNING 	t of last frame was 25.00ms (=1/39)
14.2061 	EXP 	image: autoDraw = False
14.2061 	EXP 	fixation: autoDraw = False
14.2061 	EXP 	image: autoDraw = False
14.2061 	EXP 	fixation: autoDraw = False
14.2061 	EXP 	image_2: autoDraw = True
14.2061 	EXP 	fixation_2: autoDraw = True
14.3561 	EXP 	New trial (rep=13, index=0): None
14.3628 	EXP 	image_2: autoDraw = False
14.3628 	EXP 	fixation_2: autoDraw = False
14.3628 	EXP 	image_2: autoDraw = False
14.3628 	EXP 	fixation_2: autoDraw = False
14.3628 	EXP 	image: autoDraw = True
14.3628 	EXP 	fixation: autoDraw = True
14.4888 	WARNING 	Multiple dropped frames have occurred - I'll stop bothering you about them!
14.5229 	EXP 	image: autoDraw = False
14.5229 	EXP 	fixation: autoDraw = False
14.5229 	EXP 	image: autoDraw = False
14.5229 	EXP 	fixation: autoDraw = False
14.5229 	EXP 	image_2: autoDraw = True
14.5229 	EXP 	fixation_2: autoDraw = True
14.6744 	EXP 	New trial (rep=14, index=0): None
14.6889 	EXP 	image_2: autoDraw = False
14.6889 	EXP 	fixation_2: autoDraw = False
14.6889 	EXP 	image_2: autoDraw = False
14.6889 	EXP 	fixation_2: autoDraw = False
14.6889 	EXP 	image: autoDraw = True
14.6889 	EXP 	fixation: autoDraw = True
14.8603 	EXP 	image: autoDraw = False
14.8603 	EXP 	fixation: autoDraw = False
14.8603 	EXP 	image: autoDraw = False
14.8603 	EXP 	fixation: autoDraw = False
14.8603 	EXP 	image_2: autoDraw = True
14.8603 	EXP 	fixation_2: autoDraw = True
15.0119 	EXP 	New trial (rep=15, index=0): None
15.0204 	EXP 	image_2: autoDraw = False
15.0204 	EXP 	fixation_2: autoDraw = False
15.0204 	EXP 	image_2: autoDraw = False
15.0204 	EXP 	fixation_2: autoDraw = False
15.0204 	EXP 	image: autoDraw = True
15.0204 	EXP 	fixation: autoDraw = True
15.1806 	EXP 	image: autoDraw = False
15.1806 	EXP 	fixation: autoDraw = False
15.1806 	EXP 	image: autoDraw = False
15.1806 	EXP 	fixation: autoDraw = False
15.1806 	EXP 	image_2: autoDraw = True
15.1806 	EXP 	fixation_2: autoDraw = True
15.3318 	EXP 	New trial (rep=16, index=0): None
15.3396 	EXP 	image_2: autoDraw = False
15.3396 	EXP 	fixation_2: autoDraw = False
15.3396 	EXP 	image_2: autoDraw = False
15.3396 	EXP 	fixation_2: autoDraw = False
15.3396 	EXP 	image: autoDraw = True
15.3396 	EXP 	fixation: autoDraw = True
15.4971 	EXP 	image: autoDraw = False
15.4971 	EXP 	fixation: autoDraw = False
15.4971 	EXP 	image: autoDraw = False
15.4971 	EXP 	fixation: autoDraw = False
15.4971 	EXP 	image_2: autoDraw = True
15.4971 	EXP 	fixation_2: autoDraw = True
15.6512 	EXP 	New trial (rep=17, index=0): None
15.6594 	EXP 	image_2: autoDraw = False
15.6594 	EXP 	fixation_2: autoDraw = False
15.6594 	EXP 	image_2: autoDraw = False
15.6594 	EXP 	fixation_2: autoDraw = False
15.6594 	EXP 	image: autoDraw = True
15.6594 	EXP 	fixation: autoDraw = True
15.8218 	EXP 	image: autoDraw = False
15.8218 	EXP 	fixation: autoDraw = False
15.8218 	EXP 	image: autoDraw = False
15.8218 	EXP 	fixation: autoDraw = False
15.8218 	EXP 	image_2: autoDraw = True
15.8218 	EXP 	fixation_2: autoDraw = True
15.9739 	EXP 	New trial (rep=18, index=0): None
15.9813 	EXP 	image_2: autoDraw = False
15.9813 	EXP 	fixation_2: autoDraw = False
15.9813 	EXP 	image_2: autoDraw = False
15.9813 	EXP 	fixation_2: autoDraw = False
15.9813 	EXP 	image: autoDraw = True
15.9813 	EXP 	fixation: autoDraw = True
16.1471 	EXP 	image: autoDraw = False
16.1471 	EXP 	fixation: autoDraw = False
16.1471 	EXP 	image: autoDraw = False
16.1471 	EXP 	fixation: autoDraw = False
16.1471 	EXP 	image_2: autoDraw = True
16.1471 	EXP 	fixation_2: autoDraw = True
16.2993 	EXP 	New trial (rep=19, index=0): None
16.3066 	EXP 	image_2: autoDraw = False
16.3066 	EXP 	fixation_2: autoDraw = False
16.3066 	EXP 	image_2: autoDraw = False
16.3066 	EXP 	fixation_2: autoDraw = False
16.3066 	EXP 	image: autoDraw = True
16.3066 	EXP 	fixation: autoDraw = True
16.4638 	EXP 	image: autoDraw = False
16.4638 	EXP 	fixation: autoDraw = False
16.4638 	EXP 	image: autoDraw = False
16.4638 	EXP 	fixation: autoDraw = False
16.4638 	EXP 	image_2: autoDraw = True
16.4638 	EXP 	fixation_2: autoDraw = True
16.6168 	EXP 	New trial (rep=20, index=0): None
16.6244 	EXP 	image_2: autoDraw = False
16.6244 	EXP 	fixation_2: autoDraw = False
16.6244 	EXP 	image_2: autoDraw = False
16.6244 	EXP 	fixation_2: autoDraw = False
16.6244 	EXP 	image: autoDraw = True
16.6244 	EXP 	fixation: autoDraw = True
16.7888 	EXP 	image: autoDraw = False
16.7888 	EXP 	fixation: autoDraw = False
16.7888 	EXP 	image: autoDraw = False
16.7888 	EXP 	fixation: autoDraw = False
16.7888 	EXP 	image_2: autoDraw = True
16.7888 	EXP 	fixation_2: autoDraw = True
16.9573 	EXP 	New trial (rep=21, index=0): None
16.9724 	EXP 	image_2: autoDraw = False
16.9724 	EXP 	fixation_2: autoDraw = False
16.9724 	EXP 	image_2: autoDraw = False
16.9724 	EXP 	fixation_2: autoDraw = False
16.9724 	EXP 	image: autoDraw = True
16.9724 	EXP 	fixation: autoDraw = True
17.1290 	EXP 	image: autoDraw = False
17.1290 	EXP 	fixation: autoDraw = False
17.1290 	EXP 	image: autoDraw = False
17.1290 	EXP 	fixation: autoDraw = False
17.1290 	EXP 	image_2: autoDraw = True
17.1290 	EXP 	fixation_2: autoDraw = True
17.2823 	EXP 	New trial (rep=22, index=0): None
17.2898 	EXP 	image_2: autoDraw = False
17.2898 	EXP 	fixation_2: autoDraw = False
17.2898 	EXP 	image_2: autoDraw = False
17.2898 	EXP 	fixation_2: autoDraw = False
17.2898 	EXP 	image: autoDraw = True
17.2898 	EXP 	fixation: autoDraw = True
17.4476 	EXP 	image: autoDraw = False
17.4476 	EXP 	fixation: autoDraw = False
17.4476 	EXP 	image: autoDraw = False
17.4476 	EXP 	fixation: autoDraw = False
17.4476 	EXP 	image_2: autoDraw = True
17.4476 	EXP 	fixation_2: autoDraw = True
17.6063 	EXP 	New trial (rep=23, index=0): None
17.6144 	EXP 	image_2: autoDraw = False
17.6144 	EXP 	fixation_2: autoDraw = False
17.6144 	EXP 	image_2: autoDraw = False
17.6144 	EXP 	fixation_2: autoDraw = False
17.6144 	EXP 	image: autoDraw = True
17.6144 	EXP 	fixation: autoDraw = True
17.7725 	EXP 	image: autoDraw = False
17.7725 	EXP 	fixation: autoDraw = False
17.7725 	EXP 	image: autoDraw = False
17.7725 	EXP 	fixation: autoDraw = False
17.7725 	EXP 	image_2: autoDraw = True
17.7725 	EXP 	fixation_2: autoDraw = True
17.9244 	EXP 	New trial (rep=24, index=0): None
17.9321 	EXP 	image_2: autoDraw = False
17.9321 	EXP 	fixation_2: autoDraw = False
17.9321 	EXP 	image_2: autoDraw = False
17.9321 	EXP 	fixation_2: autoDraw = False
17.9321 	EXP 	image: autoDraw = True
17.9321 	EXP 	fixation: autoDraw = True
18.0954 	EXP 	image: autoDraw = False
18.0954 	EXP 	fixation: autoDraw = False
18.0954 	EXP 	image: autoDraw = False
18.0954 	EXP 	fixation: autoDraw = False
18.0954 	EXP 	image_2: autoDraw = True
18.0954 	EXP 	fixation_2: autoDraw = True
18.2484 	EXP 	New trial (rep=25, index=0): None
18.2570 	EXP 	image_2: autoDraw = False
18.2570 	EXP 	fixation_2: autoDraw = False
18.2570 	EXP 	image_2: autoDraw = False
18.2570 	EXP 	fixation_2: autoDraw = False
18.2570 	EXP 	image: autoDraw = True
18.2570 	EXP 	fixation: autoDraw = True
18.4227 	EXP 	image: autoDraw = False
18.4227 	EXP 	fixation: autoDraw = False
18.4227 	EXP 	image: autoDraw = False
18.4227 	EXP 	fixation: autoDraw = False
18.4227 	EXP 	image_2: autoDraw = True
18.4227 	EXP 	fixation_2: autoDraw = True
18.5742 	EXP 	New trial (rep=26, index=0): None
18.5812 	EXP 	image_2: autoDraw = False
18.5812 	EXP 	fixation_2: autoDraw = False
18.5812 	EXP 	image_2: autoDraw = False
18.5812 	EXP 	fixation_2: autoDraw = False
18.5812 	EXP 	image: autoDraw = True
18.5812 	EXP 	fixation: autoDraw = True
18.7462 	EXP 	image: autoDraw = False
18.7462 	EXP 	fixation: autoDraw = False
18.7462 	EXP 	image: autoDraw = False
18.7462 	EXP 	fixation: autoDraw = False
18.7462 	EXP 	image_2: autoDraw = True
18.7462 	EXP 	fixation_2: autoDraw = True
18.8998 	EXP 	New trial (rep=27, index=0): None
18.9072 	EXP 	image_2: autoDraw = False
18.9072 	EXP 	fixation_2: autoDraw = False
18.9072 	EXP 	image_2: autoDraw = False
18.9072 	EXP 	fixation_2: autoDraw = False
18.9072 	EXP 	image: autoDraw = True
18.9072 	EXP 	fixation: autoDraw = True
19.0719 	EXP 	image: autoDraw = False
19.0719 	EXP 	fixation: autoDraw = False
19.0719 	EXP 	image: autoDraw = False
19.0719 	EXP 	fixation: autoDraw = False
19.0719 	EXP 	image_2: autoDraw = True
19.0719 	EXP 	fixation_2: autoDraw = True
19.2232 	EXP 	New trial (rep=28, index=0): None
19.2297 	EXP 	image_2: autoDraw = False
19.2297 	EXP 	fixation_2: autoDraw = False
19.2297 	EXP 	image_2: autoDraw = False
19.2297 	EXP 	fixation_2: autoDraw = False
19.2297 	EXP 	image: autoDraw = True
19.2297 	EXP 	fixation: autoDraw = True
19.3889 	EXP 	image: autoDraw = False
19.3889 	EXP 	fixation: autoDraw = False
19.3889 	EXP 	image: autoDraw = False
19.3889 	EXP 	fixation: autoDraw = False
19.3889 	EXP 	image_2: autoDraw = True
19.3889 	EXP 	fixation_2: autoDraw = True
19.5400 	EXP 	New trial (rep=29, index=0): None
19.5466 	EXP 	image_2: autoDraw = False
19.5466 	EXP 	fixation_2: autoDraw = False
19.5466 	EXP 	image_2: autoDraw = False
19.5466 	EXP 	fixation_2: autoDraw = False
19.5466 	EXP 	image: autoDraw = True
19.5466 	EXP 	fixation: autoDraw = True
19.7051 	EXP 	image: autoDraw = False
19.7051 	EXP 	fixation: autoDraw = False
19.7051 	EXP 	image: autoDraw = False
19.7051 	EXP 	fixation: autoDraw = False
19.7051 	EXP 	image_2: autoDraw = True
19.7051 	EXP 	fixation_2: autoDraw = True
19.8563 	EXP 	New trial (rep=30, index=0): None
19.8628 	EXP 	image_2: autoDraw = False
19.8628 	EXP 	fixation_2: autoDraw = False
19.8628 	EXP 	image_2: autoDraw = False
19.8628 	EXP 	fixation_2: autoDraw = False
19.8628 	EXP 	image: autoDraw = True
19.8628 	EXP 	fixation: autoDraw = True
20.0218 	EXP 	image: autoDraw = False
20.0218 	EXP 	fixation: autoDraw = False
20.0218 	EXP 	image: autoDraw = False
20.0218 	EXP 	fixation: autoDraw = False
20.0218 	EXP 	image_2: autoDraw = True
20.0218 	EXP 	fixation_2: autoDraw = True
20.1748 	EXP 	New trial (rep=31, index=0): None
20.1828 	EXP 	image_2: autoDraw = False
20.1828 	EXP 	fixation_2: autoDraw = False
20.1828 	EXP 	image_2: autoDraw = False
20.1828 	EXP 	fixation_2: autoDraw = False
20.1828 	EXP 	image: autoDraw = True
20.1828 	EXP 	fixation: autoDraw = True
20.3466 	EXP 	image: autoDraw = False
20.3466 	EXP 	fixation: autoDraw = False
20.3466 	EXP 	image: autoDraw = False
20.3466 	EXP 	fixation: autoDraw = False
20.3466 	EXP 	image_2: autoDraw = True
20.3466 	EXP 	fixation_2: autoDraw = True
20.4975 	EXP 	New trial (rep=32, index=0): None
20.5054 	EXP 	image_2: autoDraw = False
20.5054 	EXP 	fixation_2: autoDraw = False
20.5054 	EXP 	image_2: autoDraw = False
20.5054 	EXP 	fixation_2: autoDraw = False
20.5054 	EXP 	image: autoDraw = True
20.5054 	EXP 	fixation: autoDraw = True
20.6654 	EXP 	image: autoDraw = False
20.6654 	EXP 	fixation: autoDraw = False
20.6654 	EXP 	image: autoDraw = False
20.6654 	EXP 	fixation: autoDraw = False
20.6654 	EXP 	image_2: autoDraw = True
20.6654 	EXP 	fixation_2: autoDraw = True
20.8228 	EXP 	New trial (rep=33, index=0): None
20.8300 	EXP 	image_2: autoDraw = False
20.8300 	EXP 	fixation_2: autoDraw = False
20.8300 	EXP 	image_2: autoDraw = False
20.8300 	EXP 	fixation_2: autoDraw = False
20.8300 	EXP 	image: autoDraw = True
20.8300 	EXP 	fixation: autoDraw = True
20.9900 	EXP 	image: autoDraw = False
20.9900 	EXP 	fixation: autoDraw = False
20.9900 	EXP 	image: autoDraw = False
20.9900 	EXP 	fixation: autoDraw = False
20.9900 	EXP 	image_2: autoDraw = True
20.9900 	EXP 	fixation_2: autoDraw = True
21.1409 	EXP 	New trial (rep=34, index=0): None
21.1483 	EXP 	image_2: autoDraw = False
21.1483 	EXP 	fixation_2: autoDraw = False
21.1483 	EXP 	image_2: autoDraw = False
21.1483 	EXP 	fixation_2: autoDraw = False
21.1483 	EXP 	image: autoDraw = True
21.1483 	EXP 	fixation: autoDraw = True
21.3219 	EXP 	image: autoDraw = False
21.3219 	EXP 	fixation: autoDraw = False
21.3219 	EXP 	image: autoDraw = False
21.3219 	EXP 	fixation: autoDraw = False
21.3219 	EXP 	image_2: autoDraw = True
21.3219 	EXP 	fixation_2: autoDraw = True
21.4740 	EXP 	New trial (rep=35, index=0): None
21.4813 	EXP 	image_2: autoDraw = False
21.4813 	EXP 	fixation_2: autoDraw = False
21.4813 	EXP 	image_2: autoDraw = False
21.4813 	EXP 	fixation_2: autoDraw = False
21.4813 	EXP 	image: autoDraw = True
21.4813 	EXP 	fixation: autoDraw = True
21.6467 	EXP 	image: autoDraw = False
21.6467 	EXP 	fixation: autoDraw = False
21.6467 	EXP 	image: autoDraw = False
21.6467 	EXP 	fixation: autoDraw = False
21.6467 	EXP 	image_2: autoDraw = True
21.6467 	EXP 	fixation_2: autoDraw = True
21.7970 	EXP 	New trial (rep=36, index=0): None
21.8063 	EXP 	image_2: autoDraw = False
21.8063 	EXP 	fixation_2: autoDraw = False
21.8063 	EXP 	image_2: autoDraw = False
21.8063 	EXP 	fixation_2: autoDraw = False
21.8063 	EXP 	image: autoDraw = True
21.8063 	EXP 	fixation: autoDraw = True
21.9642 	EXP 	image: autoDraw = False
21.9642 	EXP 	fixation: autoDraw = False
21.9642 	EXP 	image: autoDraw = False
21.9642 	EXP 	fixation: autoDraw = False
21.9642 	EXP 	image_2: autoDraw = True
21.9642 	EXP 	fixation_2: autoDraw = True
22.1241 	EXP 	New trial (rep=37, index=0): None
22.1316 	EXP 	image_2: autoDraw = False
22.1316 	EXP 	fixation_2: autoDraw = False
22.1316 	EXP 	image_2: autoDraw = False
22.1316 	EXP 	fixation_2: autoDraw = False
22.1316 	EXP 	image: autoDraw = True
22.1316 	EXP 	fixation: autoDraw = True
22.2891 	EXP 	image: autoDraw = False
22.2891 	EXP 	fixation: autoDraw = False
22.2891 	EXP 	image: autoDraw = False
22.2891 	EXP 	fixation: autoDraw = False
22.2891 	EXP 	image_2: autoDraw = True
22.2891 	EXP 	fixation_2: autoDraw = True
22.4395 	EXP 	New trial (rep=38, index=0): None
22.4461 	EXP 	image_2: autoDraw = False
22.4461 	EXP 	fixation_2: autoDraw = False
22.4461 	EXP 	image_2: autoDraw = False
22.4461 	EXP 	fixation_2: autoDraw = False
22.4461 	EXP 	image: autoDraw = True
22.4461 	EXP 	fixation: autoDraw = True
22.6123 	EXP 	image: autoDraw = False
22.6123 	EXP 	fixation: autoDraw = False
22.6123 	EXP 	image: autoDraw = False
22.6123 	EXP 	fixation: autoDraw = False
22.6123 	EXP 	image_2: autoDraw = True
22.6123 	EXP 	fixation_2: autoDraw = True
22.7645 	EXP 	New trial (rep=39, index=0): None
22.7724 	EXP 	image_2: autoDraw = False
22.7724 	EXP 	fixation_2: autoDraw = False
22.7724 	EXP 	image_2: autoDraw = False
22.7724 	EXP 	fixation_2: autoDraw = False
22.7724 	EXP 	image: autoDraw = True
22.7724 	EXP 	fixation: autoDraw = True
22.9307 	EXP 	image: autoDraw = False
22.9307 	EXP 	fixation: autoDraw = False
22.9307 	EXP 	image: autoDraw = False
22.9307 	EXP 	fixation: autoDraw = False
22.9307 	EXP 	image_2: autoDraw = True
22.9307 	EXP 	fixation_2: autoDraw = True
23.0808 	EXP 	New trial (rep=40, index=0): None
23.0886 	EXP 	image_2: autoDraw = False
23.0886 	EXP 	fixation_2: autoDraw = False
23.0886 	EXP 	image_2: autoDraw = False
23.0886 	EXP 	fixation_2: autoDraw = False
23.0886 	EXP 	image: autoDraw = True
23.0886 	EXP 	fixation: autoDraw = True
23.2470 	EXP 	image: autoDraw = False
23.2470 	EXP 	fixation: autoDraw = False
23.2470 	EXP 	image: autoDraw = False
23.2470 	EXP 	fixation: autoDraw = False
23.2470 	EXP 	image_2: autoDraw = True
23.2470 	EXP 	fixation_2: autoDraw = True
23.4075 	EXP 	New trial (rep=41, index=0): None
23.4148 	EXP 	image_2: autoDraw = False
23.4148 	EXP 	fixation_2: autoDraw = False
23.4148 	EXP 	image_2: autoDraw = False
23.4148 	EXP 	fixation_2: autoDraw = False
23.4148 	EXP 	image: autoDraw = True
23.4148 	EXP 	fixation: autoDraw = True
23.5731 	EXP 	image: autoDraw = False
23.5731 	EXP 	fixation: autoDraw = False
23.5731 	EXP 	image: autoDraw = False
23.5731 	EXP 	fixation: autoDraw = False
23.5731 	EXP 	image_2: autoDraw = True
23.5731 	EXP 	fixation_2: autoDraw = True
23.7237 	EXP 	New trial (rep=42, index=0): None
23.7389 	EXP 	image_2: autoDraw = False
23.7389 	EXP 	fixation_2: autoDraw = False
23.7389 	EXP 	image_2: autoDraw = False
23.7389 	EXP 	fixation_2: autoDraw = False
23.7389 	EXP 	image: autoDraw = True
23.7389 	EXP 	fixation: autoDraw = True
23.8955 	EXP 	image: autoDraw = False
23.8955 	EXP 	fixation: autoDraw = False
23.8955 	EXP 	image: autoDraw = False
23.8955 	EXP 	fixation: autoDraw = False
23.8955 	EXP 	image_2: autoDraw = True
23.8955 	EXP 	fixation_2: autoDraw = True
24.0487 	EXP 	New trial (rep=43, index=0): None
24.0565 	EXP 	image_2: autoDraw = False
24.0565 	EXP 	fixation_2: autoDraw = False
24.0565 	EXP 	image_2: autoDraw = False
24.0565 	EXP 	fixation_2: autoDraw = False
24.0565 	EXP 	image: autoDraw = True
24.0565 	EXP 	fixation: autoDraw = True
24.2138 	EXP 	image: autoDraw = False
24.2138 	EXP 	fixation: autoDraw = False
24.2138 	EXP 	image: autoDraw = False
24.2138 	EXP 	fixation: autoDraw = False
24.2138 	EXP 	image_2: autoDraw = True
24.2138 	EXP 	fixation_2: autoDraw = True
24.3643 	EXP 	New trial (rep=44, index=0): None
24.3723 	EXP 	image_2: autoDraw = False
24.3723 	EXP 	fixation_2: autoDraw = False
24.3723 	EXP 	image_2: autoDraw = False
24.3723 	EXP 	fixation_2: autoDraw = False
24.3723 	EXP 	image: autoDraw = True
24.3723 	EXP 	fixation: autoDraw = True
24.5337 	EXP 	image: autoDraw = False
24.5337 	EXP 	fixation: autoDraw = False
24.5337 	EXP 	image: autoDraw = False
24.5337 	EXP 	fixation: autoDraw = False
24.5337 	EXP 	image_2: autoDraw = True
24.5337 	EXP 	fixation_2: autoDraw = True
24.6905 	EXP 	New trial (rep=45, index=0): None
24.6978 	EXP 	image_2: autoDraw = False
24.6978 	EXP 	fixation_2: autoDraw = False
24.6978 	EXP 	image_2: autoDraw = False
24.6978 	EXP 	fixation_2: autoDraw = False
24.6978 	EXP 	image: autoDraw = True
24.6978 	EXP 	fixation: autoDraw = True
24.8634 	EXP 	image: autoDraw = False
24.8634 	EXP 	fixation: autoDraw = False
24.8634 	EXP 	image: autoDraw = False
24.8634 	EXP 	fixation: autoDraw = False
24.8634 	EXP 	image_2: autoDraw = True
24.8634 	EXP 	fixation_2: autoDraw = True
25.0214 	EXP 	New trial (rep=46, index=0): None
25.0281 	EXP 	image_2: autoDraw = False
25.0281 	EXP 	fixation_2: autoDraw = False
25.0281 	EXP 	image_2: autoDraw = False
25.0281 	EXP 	fixation_2: autoDraw = False
25.0281 	EXP 	image: autoDraw = True
25.0281 	EXP 	fixation: autoDraw = True
25.1885 	EXP 	image: autoDraw = False
25.1885 	EXP 	fixation: autoDraw = False
25.1885 	EXP 	image: autoDraw = False
25.1885 	EXP 	fixation: autoDraw = False
25.1885 	EXP 	image_2: autoDraw = True
25.1885 	EXP 	fixation_2: autoDraw = True
25.3408 	EXP 	New trial (rep=47, index=0): None
25.3487 	EXP 	image_2: autoDraw = False
25.3487 	EXP 	fixation_2: autoDraw = False
25.3487 	EXP 	image_2: autoDraw = False
25.3487 	EXP 	fixation_2: autoDraw = False
25.3487 	EXP 	image: autoDraw = True
25.3487 	EXP 	fixation: autoDraw = True
25.5133 	EXP 	image: autoDraw = False
25.5133 	EXP 	fixation: autoDraw = False
25.5133 	EXP 	image: autoDraw = False
25.5133 	EXP 	fixation: autoDraw = False
25.5133 	EXP 	image_2: autoDraw = True
25.5133 	EXP 	fixation_2: autoDraw = True
25.6640 	EXP 	New trial (rep=48, index=0): None
25.6718 	EXP 	image_2: autoDraw = False
25.6718 	EXP 	fixation_2: autoDraw = False
25.6718 	EXP 	image_2: autoDraw = False
25.6718 	EXP 	fixation_2: autoDraw = False
25.6718 	EXP 	image: autoDraw = True
25.6718 	EXP 	fixation: autoDraw = True
25.8306 	EXP 	image: autoDraw = False
25.8306 	EXP 	fixation: autoDraw = False
25.8306 	EXP 	image: autoDraw = False
25.8306 	EXP 	fixation: autoDraw = False
25.8306 	EXP 	image_2: autoDraw = True
25.8306 	EXP 	fixation_2: autoDraw = True
25.9806 	EXP 	New trial (rep=49, index=0): None
25.9887 	EXP 	image_2: autoDraw = False
25.9887 	EXP 	fixation_2: autoDraw = False
25.9887 	EXP 	image_2: autoDraw = False
25.9887 	EXP 	fixation_2: autoDraw = False
25.9887 	EXP 	image: autoDraw = True
25.9887 	EXP 	fixation: autoDraw = True
26.1469 	EXP 	image: autoDraw = False
26.1469 	EXP 	fixation: autoDraw = False
26.1469 	EXP 	image: autoDraw = False
26.1469 	EXP 	fixation: autoDraw = False
26.1469 	EXP 	image_2: autoDraw = True
26.1469 	EXP 	fixation_2: autoDraw = True
26.3022 	EXP 	New trial (rep=50, index=0): None
26.3100 	EXP 	image_2: autoDraw = False
26.3100 	EXP 	fixation_2: autoDraw = False
26.3100 	EXP 	image_2: autoDraw = False
26.3100 	EXP 	fixation_2: autoDraw = False
26.3100 	EXP 	image: autoDraw = True
26.3100 	EXP 	fixation: autoDraw = True
26.4727 	EXP 	image: autoDraw = False
26.4727 	EXP 	fixation: autoDraw = False
26.4727 	EXP 	image: autoDraw = False
26.4727 	EXP 	fixation: autoDraw = False
26.4727 	EXP 	image_2: autoDraw = True
26.4727 	EXP 	fixation_2: autoDraw = True
26.6230 	EXP 	New trial (rep=51, index=0): None
26.6295 	EXP 	image_2: autoDraw = False
26.6295 	EXP 	fixation_2: autoDraw = False
26.6295 	EXP 	image_2: autoDraw = False
26.6295 	EXP 	fixation_2: autoDraw = False
26.6295 	EXP 	image: autoDraw = True
26.6295 	EXP 	fixation: autoDraw = True
26.7891 	EXP 	image: autoDraw = False
26.7891 	EXP 	fixation: autoDraw = False
26.7891 	EXP 	image: autoDraw = False
26.7891 	EXP 	fixation: autoDraw = False
26.7891 	EXP 	image_2: autoDraw = True
26.7891 	EXP 	fixation_2: autoDraw = True
26.9406 	EXP 	New trial (rep=52, index=0): None
26.9555 	EXP 	image_2: autoDraw = False
26.9555 	EXP 	fixation_2: autoDraw = False
26.9555 	EXP 	image_2: autoDraw = False
26.9555 	EXP 	fixation_2: autoDraw = False
26.9555 	EXP 	image: autoDraw = True
26.9555 	EXP 	fixation: autoDraw = True
27.1127 	EXP 	image: autoDraw = False
27.1127 	EXP 	fixation: autoDraw = False
27.1127 	EXP 	image: autoDraw = False
27.1127 	EXP 	fixation: autoDraw = False
27.1127 	EXP 	image_2: autoDraw = True
27.1127 	EXP 	fixation_2: autoDraw = True
27.2644 	EXP 	New trial (rep=53, index=0): None
27.2726 	EXP 	image_2: autoDraw = False
27.2726 	EXP 	fixation_2: autoDraw = False
27.2726 	EXP 	image_2: autoDraw = False
27.2726 	EXP 	fixation_2: autoDraw = False
27.2726 	EXP 	image: autoDraw = True
27.2726 	EXP 	fixation: autoDraw = True
27.4287 	EXP 	image: autoDraw = False
27.4287 	EXP 	fixation: autoDraw = False
27.4287 	EXP 	image: autoDraw = False
27.4287 	EXP 	fixation: autoDraw = False
27.4287 	EXP 	image_2: autoDraw = True
27.4287 	EXP 	fixation_2: autoDraw = True
27.5818 	EXP 	New trial (rep=54, index=0): None
27.5894 	EXP 	image_2: autoDraw = False
27.5894 	EXP 	fixation_2: autoDraw = False
27.5894 	EXP 	image_2: autoDraw = False
27.5894 	EXP 	fixation_2: autoDraw = False
27.5894 	EXP 	image: autoDraw = True
27.5894 	EXP 	fixation: autoDraw = True
27.7460 	EXP 	image: autoDraw = False
27.7460 	EXP 	fixation: autoDraw = False
27.7460 	EXP 	image: autoDraw = False
27.7460 	EXP 	fixation: autoDraw = False
27.7460 	EXP 	image_2: autoDraw = True
27.7460 	EXP 	fixation_2: autoDraw = True
27.8976 	EXP 	New trial (rep=55, index=0): None
27.9055 	EXP 	image_2: autoDraw = False
27.9055 	EXP 	fixation_2: autoDraw = False
27.9055 	EXP 	image_2: autoDraw = False
27.9055 	EXP 	fixation_2: autoDraw = False
27.9055 	EXP 	image: autoDraw = True
27.9055 	EXP 	fixation: autoDraw = True
28.0641 	EXP 	image: autoDraw = False
28.0641 	EXP 	fixation: autoDraw = False
28.0641 	EXP 	image: autoDraw = False
28.0641 	EXP 	fixation: autoDraw = False
28.0641 	EXP 	image_2: autoDraw = True
28.0641 	EXP 	fixation_2: autoDraw = True
28.2154 	EXP 	New trial (rep=56, index=0): None
28.2231 	EXP 	image_2: autoDraw = False
28.2231 	EXP 	fixation_2: autoDraw = False
28.2231 	EXP 	image_2: autoDraw = False
28.2231 	EXP 	fixation_2: autoDraw = False
28.2231 	EXP 	image: autoDraw = True
28.2231 	EXP 	fixation: autoDraw = True
28.3801 	EXP 	image: autoDraw = False
28.3801 	EXP 	fixation: autoDraw = False
28.3801 	EXP 	image: autoDraw = False
28.3801 	EXP 	fixation: autoDraw = False
28.3801 	EXP 	image_2: autoDraw = True
28.3801 	EXP 	fixation_2: autoDraw = True
28.5397 	EXP 	New trial (rep=57, index=0): None
28.5478 	EXP 	image_2: autoDraw = False
28.5478 	EXP 	fixation_2: autoDraw = False
28.5478 	EXP 	image_2: autoDraw = False
28.5478 	EXP 	fixation_2: autoDraw = False
28.5478 	EXP 	image: autoDraw = True
28.5478 	EXP 	fixation: autoDraw = True
28.7054 	EXP 	image: autoDraw = False
28.7054 	EXP 	fixation: autoDraw = False
28.7054 	EXP 	image: autoDraw = False
28.7054 	EXP 	fixation: autoDraw = False
28.7054 	EXP 	image_2: autoDraw = True
28.7054 	EXP 	fixation_2: autoDraw = True
28.8576 	EXP 	New trial (rep=58, index=0): None
28.8653 	EXP 	image_2: autoDraw = False
28.8653 	EXP 	fixation_2: autoDraw = False
28.8653 	EXP 	image_2: autoDraw = False
28.8653 	EXP 	fixation_2: autoDraw = False
28.8653 	EXP 	image: autoDraw = True
28.8653 	EXP 	fixation: autoDraw = True
29.0291 	EXP 	image: autoDraw = False
29.0291 	EXP 	fixation: autoDraw = False
29.0291 	EXP 	image: autoDraw = False
29.0291 	EXP 	fixation: autoDraw = False
29.0291 	EXP 	image_2: autoDraw = True
29.0291 	EXP 	fixation_2: autoDraw = True
29.1822 	EXP 	New trial (rep=59, index=0): None
29.1887 	EXP 	image_2: autoDraw = False
29.1887 	EXP 	fixation_2: autoDraw = False
29.1887 	EXP 	image_2: autoDraw = False
29.1887 	EXP 	fixation_2: autoDraw = False
29.1887 	EXP 	image: autoDraw = True
29.1887 	EXP 	fixation: autoDraw = True
29.3463 	EXP 	image: autoDraw = False
29.3463 	EXP 	fixation: autoDraw = False
29.3463 	EXP 	image: autoDraw = False
29.3463 	EXP 	fixation: autoDraw = False
29.3463 	EXP 	image_2: autoDraw = True
29.3463 	EXP 	fixation_2: autoDraw = True
29.5021 	EXP 	New trial (rep=60, index=0): None
29.5088 	EXP 	image_2: autoDraw = False
29.5088 	EXP 	fixation_2: autoDraw = False
29.5088 	EXP 	image_2: autoDraw = False
29.5088 	EXP 	fixation_2: autoDraw = False
29.5088 	EXP 	image: autoDraw = True
29.5088 	EXP 	fixation: autoDraw = True
29.6718 	EXP 	image: autoDraw = False
29.6718 	EXP 	fixation: autoDraw = False
29.6718 	EXP 	image: autoDraw = False
29.6718 	EXP 	fixation: autoDraw = False
29.6718 	EXP 	image_2: autoDraw = True
29.6718 	EXP 	fixation_2: autoDraw = True
29.8231 	EXP 	New trial (rep=61, index=0): None
29.8302 	EXP 	image_2: autoDraw = False
29.8302 	EXP 	fixation_2: autoDraw = False
29.8302 	EXP 	image_2: autoDraw = False
29.8302 	EXP 	fixation_2: autoDraw = False
29.8302 	EXP 	image: autoDraw = True
29.8302 	EXP 	fixation: autoDraw = True
29.9957 	EXP 	image: autoDraw = False
29.9957 	EXP 	fixation: autoDraw = False
29.9957 	EXP 	image: autoDraw = False
29.9957 	EXP 	fixation: autoDraw = False
29.9957 	EXP 	image_2: autoDraw = True
29.9957 	EXP 	fixation_2: autoDraw = True
30.1474 	EXP 	New trial (rep=62, index=0): None
30.1560 	EXP 	image_2: autoDraw = False
30.1560 	EXP 	fixation_2: autoDraw = False
30.1560 	EXP 	image_2: autoDraw = False
30.1560 	EXP 	fixation_2: autoDraw = False
30.1560 	EXP 	image: autoDraw = True
30.1560 	EXP 	fixation: autoDraw = True
30.3136 	EXP 	image: autoDraw = False
30.3136 	EXP 	fixation: autoDraw = False
30.3136 	EXP 	image: autoDraw = False
30.3136 	EXP 	fixation: autoDraw = False
30.3136 	EXP 	image_2: autoDraw = True
30.3136 	EXP 	fixation_2: autoDraw = True
30.4662 	EXP 	New trial (rep=63, index=0): None
30.4729 	EXP 	image_2: autoDraw = False
30.4729 	EXP 	fixation_2: autoDraw = False
30.4729 	EXP 	image_2: autoDraw = False
30.4729 	EXP 	fixation_2: autoDraw = False
30.4729 	EXP 	image: autoDraw = True
30.4729 	EXP 	fixation: autoDraw = True
30.6322 	EXP 	image: autoDraw = False
30.6322 	EXP 	fixation: autoDraw = False
30.6322 	EXP 	image: autoDraw = False
30.6322 	EXP 	fixation: autoDraw = False
30.6322 	EXP 	image_2: autoDraw = True
30.6322 	EXP 	fixation_2: autoDraw = True
30.7907 	EXP 	New trial (rep=64, index=0): None
30.7980 	EXP 	image_2: autoDraw = False
30.7980 	EXP 	fixation_2: autoDraw = False
30.7980 	EXP 	image_2: autoDraw = False
30.7980 	EXP 	fixation_2: autoDraw = False
30.7980 	EXP 	image: autoDraw = True
30.7980 	EXP 	fixation: autoDraw = True
30.9555 	EXP 	image: autoDraw = False
30.9555 	EXP 	fixation: autoDraw = False
30.9555 	EXP 	image: autoDraw = False
30.9555 	EXP 	fixation: autoDraw = False
30.9555 	EXP 	image_2: autoDraw = True
30.9555 	EXP 	fixation_2: autoDraw = True
31.1081 	EXP 	New trial (rep=65, index=0): None
31.1159 	EXP 	image_2: autoDraw = False
31.1159 	EXP 	fixation_2: autoDraw = False
31.1159 	EXP 	image_2: autoDraw = False
31.1159 	EXP 	fixation_2: autoDraw = False
31.1159 	EXP 	image: autoDraw = True
31.1159 	EXP 	fixation: autoDraw = True
31.2804 	EXP 	image: autoDraw = False
31.2804 	EXP 	fixation: autoDraw = False
31.2804 	EXP 	image: autoDraw = False
31.2804 	EXP 	fixation: autoDraw = False
31.2804 	EXP 	image_2: autoDraw = True
31.2804 	EXP 	fixation_2: autoDraw = True
31.4309 	EXP 	New trial (rep=66, index=0): None
31.4386 	EXP 	image_2: autoDraw = False
31.4386 	EXP 	fixation_2: autoDraw = False
31.4386 	EXP 	image_2: autoDraw = False
31.4386 	EXP 	fixation_2: autoDraw = False
31.4386 	EXP 	image: autoDraw = True
31.4386 	EXP 	fixation: autoDraw = True
31.5971 	EXP 	image: autoDraw = False
31.5971 	EXP 	fixation: autoDraw = False
31.5971 	EXP 	image: autoDraw = False
31.5971 	EXP 	fixation: autoDraw = False
31.5971 	EXP 	image_2: autoDraw = True
31.5971 	EXP 	fixation_2: autoDraw = True
31.7500 	EXP 	New trial (rep=67, index=0): None
31.7580 	EXP 	image_2: autoDraw = False
31.7580 	EXP 	fixation_2: autoDraw = False
31.7580 	EXP 	image_2: autoDraw = False
31.7580 	EXP 	fixation_2: autoDraw = False
31.7580 	EXP 	image: autoDraw = True
31.7580 	EXP 	fixation: autoDraw = True
31.9222 	EXP 	image: autoDraw = False
31.9222 	EXP 	fixation: autoDraw = False
31.9222 	EXP 	image: autoDraw = False
31.9222 	EXP 	fixation: autoDraw = False
31.9222 	EXP 	image_2: autoDraw = True
31.9222 	EXP 	fixation_2: autoDraw = True
32.0740 	EXP 	New trial (rep=68, index=0): None
32.0889 	EXP 	image_2: autoDraw = False
32.0889 	EXP 	fixation_2: autoDraw = False
32.0889 	EXP 	image_2: autoDraw = False
32.0889 	EXP 	fixation_2: autoDraw = False
32.0889 	EXP 	image: autoDraw = True
32.0889 	EXP 	fixation: autoDraw = True
32.2476 	EXP 	image: autoDraw = False
32.2476 	EXP 	fixation: autoDraw = False
32.2476 	EXP 	image: autoDraw = False
32.2476 	EXP 	fixation: autoDraw = False
32.2476 	EXP 	image_2: autoDraw = True
32.2476 	EXP 	fixation_2: autoDraw = True
32.3976 	EXP 	New trial (rep=69, index=0): None
32.4054 	EXP 	image_2: autoDraw = False
32.4054 	EXP 	fixation_2: autoDraw = False
32.4054 	EXP 	image_2: autoDraw = False
32.4054 	EXP 	fixation_2: autoDraw = False
32.4054 	EXP 	image: autoDraw = True
32.4054 	EXP 	fixation: autoDraw = True
32.5655 	EXP 	image: autoDraw = False
32.5655 	EXP 	fixation: autoDraw = False
32.5655 	EXP 	image: autoDraw = False
32.5655 	EXP 	fixation: autoDraw = False
32.5655 	EXP 	image_2: autoDraw = True
32.5655 	EXP 	fixation_2: autoDraw = True
32.7240 	EXP 	New trial (rep=70, index=0): None
32.7307 	EXP 	image_2: autoDraw = False
32.7307 	EXP 	fixation_2: autoDraw = False
32.7307 	EXP 	image_2: autoDraw = False
32.7307 	EXP 	fixation_2: autoDraw = False
32.7307 	EXP 	image: autoDraw = True
32.7307 	EXP 	fixation: autoDraw = True
32.8902 	EXP 	image: autoDraw = False
32.8902 	EXP 	fixation: autoDraw = False
32.8902 	EXP 	image: autoDraw = False
32.8902 	EXP 	fixation: autoDraw = False
32.8902 	EXP 	image_2: autoDraw = True
32.8902 	EXP 	fixation_2: autoDraw = True
33.0456 	EXP 	New trial (rep=71, index=0): None
33.0553 	EXP 	image_2: autoDraw = False
33.0553 	EXP 	fixation_2: autoDraw = False
33.0553 	EXP 	image_2: autoDraw = False
33.0553 	EXP 	fixation_2: autoDraw = False
33.0553 	EXP 	image: autoDraw = True
33.0553 	EXP 	fixation: autoDraw = True
33.2221 	EXP 	image: autoDraw = False
33.2221 	EXP 	fixation: autoDraw = False
33.2221 	EXP 	image: autoDraw = False
33.2221 	EXP 	fixation: autoDraw = False
33.2221 	EXP 	image_2: autoDraw = True
33.2221 	EXP 	fixation_2: autoDraw = True
33.3740 	EXP 	New trial (rep=72, index=0): None
33.3808 	EXP 	image_2: autoDraw = False
33.3808 	EXP 	fixation_2: autoDraw = False
33.3808 	EXP 	image_2: autoDraw = False
33.3808 	EXP 	fixation_2: autoDraw = False
33.3808 	EXP 	image: autoDraw = True
33.3808 	EXP 	fixation: autoDraw = True
33.5387 	EXP 	image: autoDraw = False
33.5387 	EXP 	fixation: autoDraw = False
33.5387 	EXP 	image: autoDraw = False
33.5387 	EXP 	fixation: autoDraw = False
33.5387 	EXP 	image_2: autoDraw = True
33.5387 	EXP 	fixation_2: autoDraw = True
33.6907 	EXP 	New trial (rep=73, index=0): None
33.6978 	EXP 	image_2: autoDraw = False
33.6978 	EXP 	fixation_2: autoDraw = False
33.6978 	EXP 	image_2: autoDraw = False
33.6978 	EXP 	fixation_2: autoDraw = False
33.6978 	EXP 	image: autoDraw = True
33.6978 	EXP 	fixation: autoDraw = True
33.8553 	EXP 	image: autoDraw = False
33.8553 	EXP 	fixation: autoDraw = False
33.8553 	EXP 	image: autoDraw = False
33.8553 	EXP 	fixation: autoDraw = False
33.8553 	EXP 	image_2: autoDraw = True
33.8553 	EXP 	fixation_2: autoDraw = True
34.0068 	EXP 	New trial (rep=74, index=0): None
34.0140 	EXP 	image_2: autoDraw = False
34.0140 	EXP 	fixation_2: autoDraw = False
34.0140 	EXP 	image_2: autoDraw = False
34.0140 	EXP 	fixation_2: autoDraw = False
34.0140 	EXP 	image: autoDraw = True
34.0140 	EXP 	fixation: autoDraw = True
34.1788 	EXP 	image: autoDraw = False
34.1788 	EXP 	fixation: autoDraw = False
34.1788 	EXP 	image: autoDraw = False
34.1788 	EXP 	fixation: autoDraw = False
34.1788 	EXP 	image_2: autoDraw = True
34.1788 	EXP 	fixation_2: autoDraw = True
34.3307 	EXP 	New trial (rep=75, index=0): None
34.3387 	EXP 	image_2: autoDraw = False
34.3387 	EXP 	fixation_2: autoDraw = False
34.3387 	EXP 	image_2: autoDraw = False
34.3387 	EXP 	fixation_2: autoDraw = False
34.3387 	EXP 	image: autoDraw = True
34.3387 	EXP 	fixation: autoDraw = True
34.4969 	EXP 	image: autoDraw = False
34.4969 	EXP 	fixation: autoDraw = False
34.4969 	EXP 	image: autoDraw = False
34.4969 	EXP 	fixation: autoDraw = False
34.4969 	EXP 	image_2: autoDraw = True
34.4969 	EXP 	fixation_2: autoDraw = True
34.6477 	EXP 	New trial (rep=76, index=0): None
34.6553 	EXP 	image_2: autoDraw = False
34.6553 	EXP 	fixation_2: autoDraw = False
34.6553 	EXP 	image_2: autoDraw = False
34.6553 	EXP 	fixation_2: autoDraw = False
34.6553 	EXP 	image: autoDraw = True
34.6553 	EXP 	fixation: autoDraw = True
34.8145 	EXP 	image: autoDraw = False
34.8145 	EXP 	fixation: autoDraw = False
34.8145 	EXP 	image: autoDraw = False
34.8145 	EXP 	fixation: autoDraw = False
34.8145 	EXP 	image_2: autoDraw = True
34.8145 	EXP 	fixation_2: autoDraw = True
34.9641 	EXP 	New trial (rep=77, index=0): None
34.9721 	EXP 	image_2: autoDraw = False
34.9721 	EXP 	fixation_2: autoDraw = False
34.9721 	EXP 	image_2: autoDraw = False
34.9721 	EXP 	fixation_2: autoDraw = False
34.9721 	EXP 	image: autoDraw = True
34.9721 	EXP 	fixation: autoDraw = True
35.1300 	EXP 	image: autoDraw = False
35.1300 	EXP 	fixation: autoDraw = False
35.1300 	EXP 	image: autoDraw = False
35.1300 	EXP 	fixation: autoDraw = False
35.1300 	EXP 	image_2: autoDraw = True
35.1300 	EXP 	fixation_2: autoDraw = True
35.2908 	EXP 	New trial (rep=78, index=0): None
35.3056 	EXP 	image_2: autoDraw = False
35.3056 	EXP 	fixation_2: autoDraw = False
35.3056 	EXP 	image_2: autoDraw = False
35.3056 	EXP 	fixation_2: autoDraw = False
35.3056 	EXP 	image: autoDraw = True
35.3056 	EXP 	fixation: autoDraw = True
35.4635 	EXP 	image: autoDraw = False
35.4635 	EXP 	fixation: autoDraw = False
35.4635 	EXP 	image: autoDraw = False
35.4635 	EXP 	fixation: autoDraw = False
35.4635 	EXP 	image_2: autoDraw = True
35.4635 	EXP 	fixation_2: autoDraw = True
35.6141 	EXP 	New trial (rep=79, index=0): None
35.6230 	EXP 	image_2: autoDraw = False
35.6230 	EXP 	fixation_2: autoDraw = False
35.6230 	EXP 	image_2: autoDraw = False
35.6230 	EXP 	fixation_2: autoDraw = False
35.6230 	EXP 	image: autoDraw = True
35.6230 	EXP 	fixation: autoDraw = True
35.7805 	EXP 	image: autoDraw = False
35.7805 	EXP 	fixation: autoDraw = False
35.7805 	EXP 	image: autoDraw = False
35.7805 	EXP 	fixation: autoDraw = False
35.7805 	EXP 	image_2: autoDraw = True
35.7805 	EXP 	fixation_2: autoDraw = True
35.9395 	EXP 	New trial (rep=80, index=0): None
35.9459 	EXP 	image_2: autoDraw = False
35.9459 	EXP 	fixation_2: autoDraw = False
35.9459 	EXP 	image_2: autoDraw = False
35.9459 	EXP 	fixation_2: autoDraw = False
35.9459 	EXP 	image: autoDraw = True
35.9459 	EXP 	fixation: autoDraw = True
36.1059 	EXP 	image: autoDraw = False
36.1059 	EXP 	fixation: autoDraw = False
36.1059 	EXP 	image: autoDraw = False
36.1059 	EXP 	fixation: autoDraw = False
36.1059 	EXP 	image_2: autoDraw = True
36.1059 	EXP 	fixation_2: autoDraw = True
36.2574 	EXP 	New trial (rep=81, index=0): None
36.2648 	EXP 	image_2: autoDraw = False
36.2648 	EXP 	fixation_2: autoDraw = False
36.2648 	EXP 	image_2: autoDraw = False
36.2648 	EXP 	fixation_2: autoDraw = False
36.2648 	EXP 	image: autoDraw = True
36.2648 	EXP 	fixation: autoDraw = True
36.4224 	EXP 	image: autoDraw = False
36.4224 	EXP 	fixation: autoDraw = False
36.4224 	EXP 	image: autoDraw = False
36.4224 	EXP 	fixation: autoDraw = False
36.4224 	EXP 	image_2: autoDraw = True
36.4224 	EXP 	fixation_2: autoDraw = True
36.5742 	EXP 	New trial (rep=82, index=0): None
36.5809 	EXP 	image_2: autoDraw = False
36.5809 	EXP 	fixation_2: autoDraw = False
36.5809 	EXP 	image_2: autoDraw = False
36.5809 	EXP 	fixation_2: autoDraw = False
36.5809 	EXP 	image: autoDraw = True
36.5809 	EXP 	fixation: autoDraw = True
36.7478 	EXP 	image: autoDraw = False
36.7478 	EXP 	fixation: autoDraw = False
36.7478 	EXP 	image: autoDraw = False
36.7478 	EXP 	fixation: autoDraw = False
36.7478 	EXP 	image_2: autoDraw = True
36.7478 	EXP 	fixation_2: autoDraw = True
36.8976 	EXP 	New trial (rep=83, index=0): None
36.9053 	EXP 	image_2: autoDraw = False
36.9053 	EXP 	fixation_2: autoDraw = False
36.9053 	EXP 	image_2: autoDraw = False
36.9053 	EXP 	fixation_2: autoDraw = False
36.9053 	EXP 	image: autoDraw = True
36.9053 	EXP 	fixation: autoDraw = True
37.0637 	EXP 	image: autoDraw = False
37.0637 	EXP 	fixation: autoDraw = False
37.0637 	EXP 	image: autoDraw = False
37.0637 	EXP 	fixation: autoDraw = False
37.0637 	EXP 	image_2: autoDraw = True
37.0637 	EXP 	fixation_2: autoDraw = True
37.2242 	EXP 	New trial (rep=84, index=0): None
37.2312 	EXP 	image_2: autoDraw = False
37.2312 	EXP 	fixation_2: autoDraw = False
37.2312 	EXP 	image_2: autoDraw = False
37.2312 	EXP 	fixation_2: autoDraw = False
37.2312 	EXP 	image: autoDraw = True
37.2312 	EXP 	fixation: autoDraw = True
37.3886 	EXP 	image: autoDraw = False
37.3886 	EXP 	fixation: autoDraw = False
37.3886 	EXP 	image: autoDraw = False
37.3886 	EXP 	fixation: autoDraw = False
37.3886 	EXP 	image_2: autoDraw = True
37.3886 	EXP 	fixation_2: autoDraw = True
37.5406 	EXP 	New trial (rep=85, index=0): None
37.5478 	EXP 	image_2: autoDraw = False
37.5478 	EXP 	fixation_2: autoDraw = False
37.5478 	EXP 	image_2: autoDraw = False
37.5478 	EXP 	fixation_2: autoDraw = False
37.5478 	EXP 	image: autoDraw = True
37.5478 	EXP 	fixation: autoDraw = True
37.7132 	EXP 	image: autoDraw = False
37.7132 	EXP 	fixation: autoDraw = False
37.7132 	EXP 	image: autoDraw = False
37.7132 	EXP 	fixation: autoDraw = False
37.7132 	EXP 	image_2: autoDraw = True
37.7132 	EXP 	fixation_2: autoDraw = True
37.8640 	EXP 	New trial (rep=86, index=0): None
37.8719 	EXP 	image_2: autoDraw = False
37.8719 	EXP 	fixation_2: autoDraw = False
37.8719 	EXP 	image_2: autoDraw = False
37.8719 	EXP 	fixation_2: autoDraw = False
37.8719 	EXP 	image: autoDraw = True
37.8719 	EXP 	fixation: autoDraw = True
38.0322 	EXP 	image: autoDraw = False
38.0322 	EXP 	fixation: autoDraw = False
38.0322 	EXP 	image: autoDraw = False
38.0322 	EXP 	fixation: autoDraw = False
38.0322 	EXP 	image_2: autoDraw = True
38.0322 	EXP 	fixation_2: autoDraw = True
38.1893 	EXP 	New trial (rep=87, index=0): None
38.1968 	EXP 	image_2: autoDraw = False
38.1968 	EXP 	fixation_2: autoDraw = False
38.1968 	EXP 	image_2: autoDraw = False
38.1968 	EXP 	fixation_2: autoDraw = False
38.1968 	EXP 	image: autoDraw = True
38.1968 	EXP 	fixation: autoDraw = True
38.3553 	EXP 	image: autoDraw = False
38.3553 	EXP 	fixation: autoDraw = False
38.3553 	EXP 	image: autoDraw = False
38.3553 	EXP 	fixation: autoDraw = False
38.3553 	EXP 	image_2: autoDraw = True
38.3553 	EXP 	fixation_2: autoDraw = True
38.5061 	EXP 	New trial (rep=88, index=0): None
38.5127 	EXP 	image_2: autoDraw = False
38.5127 	EXP 	fixation_2: autoDraw = False
38.5127 	EXP 	image_2: autoDraw = False
38.5127 	EXP 	fixation_2: autoDraw = False
38.5127 	EXP 	image: autoDraw = True
38.5127 	EXP 	fixation: autoDraw = True
38.6727 	EXP 	image: autoDraw = False
38.6727 	EXP 	fixation: autoDraw = False
38.6727 	EXP 	image: autoDraw = False
38.6727 	EXP 	fixation: autoDraw = False
38.6727 	EXP 	image_2: autoDraw = True
38.6727 	EXP 	fixation_2: autoDraw = True
38.8241 	EXP 	New trial (rep=89, index=0): None
38.8313 	EXP 	image_2: autoDraw = False
38.8313 	EXP 	fixation_2: autoDraw = False
38.8313 	EXP 	image_2: autoDraw = False
38.8313 	EXP 	fixation_2: autoDraw = False
38.8313 	EXP 	image: autoDraw = True
38.8313 	EXP 	fixation: autoDraw = True
38.9896 	EXP 	image: autoDraw = False
38.9896 	EXP 	fixation: autoDraw = False
38.9896 	EXP 	image: autoDraw = False
38.9896 	EXP 	fixation: autoDraw = False
38.9896 	EXP 	image_2: autoDraw = True
38.9896 	EXP 	fixation_2: autoDraw = True
39.1406 	EXP 	New trial (rep=90, index=0): None
39.1477 	EXP 	image_2: autoDraw = False
39.1477 	EXP 	fixation_2: autoDraw = False
39.1477 	EXP 	image_2: autoDraw = False
39.1477 	EXP 	fixation_2: autoDraw = False
39.1477 	EXP 	image: autoDraw = True
39.1477 	EXP 	fixation: autoDraw = True
39.3120 	EXP 	image: autoDraw = False
39.3120 	EXP 	fixation: autoDraw = False
39.3120 	EXP 	image: autoDraw = False
39.3120 	EXP 	fixation: autoDraw = False
39.3120 	EXP 	image_2: autoDraw = True
39.3120 	EXP 	fixation_2: autoDraw = True
39.4647 	EXP 	New trial (rep=91, index=0): None
39.4724 	EXP 	image_2: autoDraw = False
39.4724 	EXP 	fixation_2: autoDraw = False
39.4724 	EXP 	image_2: autoDraw = False
39.4724 	EXP 	fixation_2: autoDraw = False
39.4724 	EXP 	image: autoDraw = True
39.4724 	EXP 	fixation: autoDraw = True
39.6318 	EXP 	image: autoDraw = False
39.6318 	EXP 	fixation: autoDraw = False
39.6318 	EXP 	image: autoDraw = False
39.6318 	EXP 	fixation: autoDraw = False
39.6318 	EXP 	image_2: autoDraw = True
39.6318 	EXP 	fixation_2: autoDraw = True
39.7860 	EXP 	New trial (rep=92, index=0): None
39.7931 	EXP 	image_2: autoDraw = False
39.7931 	EXP 	fixation_2: autoDraw = False
39.7931 	EXP 	image_2: autoDraw = False
39.7931 	EXP 	fixation_2: autoDraw = False
39.7931 	EXP 	image: autoDraw = True
39.7931 	EXP 	fixation: autoDraw = True
39.9663 	EXP 	image: autoDraw = False
39.9663 	EXP 	fixation: autoDraw = False
39.9663 	EXP 	image: autoDraw = False
39.9663 	EXP 	fixation: autoDraw = False
39.9663 	EXP 	image_2: autoDraw = True
39.9663 	EXP 	fixation_2: autoDraw = True
40.1260 	EXP 	New trial (rep=93, index=0): None
40.1344 	EXP 	image_2: autoDraw = False
40.1344 	EXP 	fixation_2: autoDraw = False
40.1344 	EXP 	image_2: autoDraw = False
40.1344 	EXP 	fixation_2: autoDraw = False
40.1344 	EXP 	image: autoDraw = True
40.1344 	EXP 	fixation: autoDraw = True
40.3008 	EXP 	image: autoDraw = False
40.3008 	EXP 	fixation: autoDraw = False
40.3008 	EXP 	image: autoDraw = False
40.3008 	EXP 	fixation: autoDraw = False
40.3008 	EXP 	image_2: autoDraw = True
40.3008 	EXP 	fixation_2: autoDraw = True
40.4585 	EXP 	New trial (rep=94, index=0): None
40.4660 	EXP 	image_2: autoDraw = False
40.4660 	EXP 	fixation_2: autoDraw = False
40.4660 	EXP 	image_2: autoDraw = False
40.4660 	EXP 	fixation_2: autoDraw = False
40.4660 	EXP 	image: autoDraw = True
40.4660 	EXP 	fixation: autoDraw = True
40.6359 	EXP 	image: autoDraw = False
40.6359 	EXP 	fixation: autoDraw = False
40.6359 	EXP 	image: autoDraw = False
40.6359 	EXP 	fixation: autoDraw = False
40.6359 	EXP 	image_2: autoDraw = True
40.6359 	EXP 	fixation_2: autoDraw = True
40.7892 	EXP 	New trial (rep=95, index=0): None
40.7960 	EXP 	image_2: autoDraw = False
40.7960 	EXP 	fixation_2: autoDraw = False
40.7960 	EXP 	image_2: autoDraw = False
40.7960 	EXP 	fixation_2: autoDraw = False
40.7960 	EXP 	image: autoDraw = True
40.7960 	EXP 	fixation: autoDraw = True
40.9552 	EXP 	image: autoDraw = False
40.9552 	EXP 	fixation: autoDraw = False
40.9552 	EXP 	image: autoDraw = False
40.9552 	EXP 	fixation: autoDraw = False
40.9552 	EXP 	image_2: autoDraw = True
40.9552 	EXP 	fixation_2: autoDraw = True
41.1075 	EXP 	New trial (rep=96, index=0): None
41.1142 	EXP 	image_2: autoDraw = False
41.1142 	EXP 	fixation_2: autoDraw = False
41.1142 	EXP 	image_2: autoDraw = False
41.1142 	EXP 	fixation_2: autoDraw = False
41.1142 	EXP 	image: autoDraw = True
41.1142 	EXP 	fixation: autoDraw = True
41.2804 	EXP 	image: autoDraw = False
41.2804 	EXP 	fixation: autoDraw = False
41.2804 	EXP 	image: autoDraw = False
41.2804 	EXP 	fixation: autoDraw = False
41.2804 	EXP 	image_2: autoDraw = True
41.2804 	EXP 	fixation_2: autoDraw = True
41.4311 	EXP 	New trial (rep=97, index=0): None
41.4388 	EXP 	image_2: autoDraw = False
41.4388 	EXP 	fixation_2: autoDraw = False
41.4388 	EXP 	image_2: autoDraw = False
41.4388 	EXP 	fixation_2: autoDraw = False
41.4388 	EXP 	image: autoDraw = True
41.4388 	EXP 	fixation: autoDraw = True
41.5976 	EXP 	image: autoDraw = False
41.5976 	EXP 	fixation: autoDraw = False
41.5976 	EXP 	image: autoDraw = False
41.5976 	EXP 	fixation: autoDraw = False
41.5976 	EXP 	image_2: autoDraw = True
41.5976 	EXP 	fixation_2: autoDraw = True
41.7482 	EXP 	New trial (rep=98, index=0): None
41.7549 	EXP 	image_2: autoDraw = False
41.7549 	EXP 	fixation_2: autoDraw = False
41.7549 	EXP 	image_2: autoDraw = False
41.7549 	EXP 	fixation_2: autoDraw = False
41.7549 	EXP 	image: autoDraw = True
41.7549 	EXP 	fixation: autoDraw = True
41.9141 	EXP 	image: autoDraw = False
41.9141 	EXP 	fixation: autoDraw = False
41.9141 	EXP 	image: autoDraw = False
41.9141 	EXP 	fixation: autoDraw = False
41.9141 	EXP 	image_2: autoDraw = True
41.9141 	EXP 	fixation_2: autoDraw = True
42.0742 	EXP 	New trial (rep=99, index=0): None
42.0809 	EXP 	image_2: autoDraw = False
42.0809 	EXP 	fixation_2: autoDraw = False
42.0809 	EXP 	image_2: autoDraw = False
42.0809 	EXP 	fixation_2: autoDraw = False
42.0809 	EXP 	image: autoDraw = True
42.0809 	EXP 	fixation: autoDraw = True
42.2385 	EXP 	image: autoDraw = False
42.2385 	EXP 	fixation: autoDraw = False
42.2385 	EXP 	image: autoDraw = False
42.2385 	EXP 	fixation: autoDraw = False
42.2385 	EXP 	image_2: autoDraw = True
42.2385 	EXP 	fixation_2: autoDraw = True
42.3947 	EXP 	image_2: autoDraw = False
42.3947 	EXP 	fixation_2: autoDraw = False
42.3947 	EXP 	image_2: autoDraw = False
42.3947 	EXP 	fixation_2: autoDraw = False
42.4345 	EXP 	window1: mouseVisible = True
