1.4571 	WARNING 	We strongly recommend you activate the PTB sound engine in PsychoPy prefs as the preferred audio engine. Its timing is vastly superior. Your prefs are currently set to use ['sounddevice', 'PTB', 'pyo', 'pygame'] (in that order).
6.8231 	WARNING 	User requested fullscreen with size [1024  768], but screen is actually [2560, 1080]. Using actual size
8.1195 	WARNING 	Couldn't measure a consistent frame rate!
  - Is your graphics card set to sync to vertical blank?
  - Are you running other processes on your computer?

8.1211 	EXP 	Created window1 = Window(allowGUI=True, allowStencil=False, autoLog=True, backendConf=UNKNOWN, bitsMode=UNKNOWN, blendMode='avg', bpc=(8, 8, 8), color=array([0, 0, 0]), colorSpace='rgb', depthBits=8, fullscr=<method-wrapper '__getattribute__' of attributeSetter object at 0x7f9194802bb0>, gamma=None, gammaErrorPolicy='raise', lms=UNKNOWN, monitor=<psychopy.monitors.calibTools.Monitor object at 0x7f91330db5e0>, multiSample=False, name='window1', numSamples=2, pos=[0.0, 0.0], screen=0, size=array([2560, 1080]), stencilBits=0, stereo=False, units='height', useFBO=True, useRetina=False, viewOri=0.0, viewPos=None, viewScale=None, waitBlanking=True, winType='pyglet')
8.1215 	EXP 	window1: mouseVisible = True
8.1224 	EXP 	window1: mouseVisible = False
8.1224 	EXP 	window1: Attempting to measure frame rate of screen (0) ...
8.1225 	EXP 	window1: recordFrameIntervals = False
8.2153 	EXP 	window1: recordFrameIntervals = True
9.0490 	WARNING 	Couldn't measure a consistent frame rate!
  - Is your graphics card set to sync to vertical blank?
  - Are you running other processes on your computer?

11.5785 	EXP 	Created image = ImageStim(__class__=<class 'psychopy.visual.image.ImageStim'>, anchor=('center', 'center'), autoLog=True, color=array([1, 1, 1]), colorSpace='rgb', contrast=1.0, depth=-1.0, flipHoriz=False, flipVert=False, image=str(...), interpolate=True, mask=None, maskParams=None, name='image', opacity=1.0, ori=0.0, pos=array([0., 0.]), size=array([0.5, 0.5]), texRes=128.0, units='height', win=Window(...))
11.5866 	EXP 	Created fixation = ShapeStim(__class__=<class 'psychopy.visual.shape.ShapeStim'>, anchor=('center', 'center'), autoDraw=False, autoLog=True, closeShape=True, color=method-wrapper(...), colorSpace='rgb', contrast=None, depth=-2.0, fillColor=array([ 1, -1, -1]), fillColorSpace='rgb', fillRGB=array([ 1, -1, -1]), interpolate=True, lineColor=array([ 1, -1, -1]), lineColorSpace='rgb', lineRGB=array([ 1, -1, -1]), lineWidth=1.0, name='fixation', opacity=1.0, ori=0.0, pos=array([0., 0.]), size=array([0.01, 0.01]), units='height', vertices=ndarray(...), win=Window(...), windingRule=None)
11.8302 	EXP 	Created image_2 = ImageStim(__class__=<class 'psychopy.visual.image.ImageStim'>, anchor=('center', 'center'), autoLog=True, color=array([1, 1, 1]), colorSpace='rgb', contrast=1.0, depth=-1.0, flipHoriz=False, flipVert=False, image=str(...), interpolate=True, mask=None, maskParams=None, name='image_2', opacity=1.0, ori=0.0, pos=array([0., 0.]), size=array([0.5, 0.5]), texRes=128.0, units='height', win=Window(...))
11.8332 	EXP 	Created fixation_2 = ShapeStim(__class__=<class 'psychopy.visual.shape.ShapeStim'>, anchor=('center', 'center'), autoDraw=False, autoLog=True, closeShape=True, color=method-wrapper(...), colorSpace='rgb', contrast=None, depth=-2.0, fillColor=array([ 1, -1, -1]), fillColorSpace='rgb', fillRGB=array([ 1, -1, -1]), interpolate=True, lineColor=array([ 1, -1, -1]), lineColorSpace='rgb', lineRGB=array([ 1, -1, -1]), lineWidth=1.0, name='fixation_2', opacity=1.0, ori=0.0, pos=array([0., 0.]), size=array([0.01, 0.01]), units='height', vertices=ndarray(...), win=Window(...), windingRule=None)
11.8360 	EXP 	Created sequence: random, trialTypes=1, nReps=100, seed=None
11.8364 	EXP 	New trial (rep=0, index=0): None
11.8630 	WARNING 	t of last frame was 2814.32ms (=1/0)
11.8630 	EXP 	image: autoDraw = True
11.8630 	EXP 	fixation: autoDraw = True
12.0315 	EXP 	image: autoDraw = False
12.0315 	EXP 	fixation: autoDraw = False
12.0315 	EXP 	image: autoDraw = False
12.0315 	EXP 	fixation: autoDraw = False
12.0315 	EXP 	image_2: autoDraw = True
12.0315 	EXP 	fixation_2: autoDraw = True
12.1816 	EXP 	New trial (rep=1, index=0): None
12.1856 	EXP 	image_2: autoDraw = False
12.1856 	EXP 	fixation_2: autoDraw = False
12.1856 	EXP 	image_2: autoDraw = False
12.1856 	EXP 	fixation_2: autoDraw = False
12.1856 	EXP 	image: autoDraw = True
12.1856 	EXP 	fixation: autoDraw = True
12.3476 	EXP 	image: autoDraw = False
12.3476 	EXP 	fixation: autoDraw = False
12.3476 	EXP 	image: autoDraw = False
12.3476 	EXP 	fixation: autoDraw = False
12.3476 	EXP 	image_2: autoDraw = True
12.3476 	EXP 	fixation_2: autoDraw = True
12.4995 	EXP 	New trial (rep=2, index=0): None
12.5040 	EXP 	image_2: autoDraw = False
12.5040 	EXP 	fixation_2: autoDraw = False
12.5040 	EXP 	image_2: autoDraw = False
12.5040 	EXP 	fixation_2: autoDraw = False
12.5040 	EXP 	image: autoDraw = True
12.5040 	EXP 	fixation: autoDraw = True
12.6642 	EXP 	image: autoDraw = False
12.6642 	EXP 	fixation: autoDraw = False
12.6642 	EXP 	image: autoDraw = False
12.6642 	EXP 	fixation: autoDraw = False
12.6642 	EXP 	image_2: autoDraw = True
12.6642 	EXP 	fixation_2: autoDraw = True
12.8156 	EXP 	New trial (rep=3, index=0): None
12.8197 	EXP 	image_2: autoDraw = False
12.8197 	EXP 	fixation_2: autoDraw = False
12.8197 	EXP 	image_2: autoDraw = False
12.8197 	EXP 	fixation_2: autoDraw = False
12.8197 	EXP 	image: autoDraw = True
12.8197 	EXP 	fixation: autoDraw = True
12.9810 	EXP 	image: autoDraw = False
12.9810 	EXP 	fixation: autoDraw = False
12.9810 	EXP 	image: autoDraw = False
12.9810 	EXP 	fixation: autoDraw = False
12.9810 	EXP 	image_2: autoDraw = True
12.9810 	EXP 	fixation_2: autoDraw = True
13.1339 	EXP 	New trial (rep=4, index=0): None
13.1387 	EXP 	image_2: autoDraw = False
13.1387 	EXP 	fixation_2: autoDraw = False
13.1387 	EXP 	image_2: autoDraw = False
13.1387 	EXP 	fixation_2: autoDraw = False
13.1387 	EXP 	image: autoDraw = True
13.1387 	EXP 	fixation: autoDraw = True
13.3026 	EXP 	image: autoDraw = False
13.3026 	EXP 	fixation: autoDraw = False
13.3026 	EXP 	image: autoDraw = False
13.3026 	EXP 	fixation: autoDraw = False
13.3026 	EXP 	image_2: autoDraw = True
13.3026 	EXP 	fixation_2: autoDraw = True
13.4538 	EXP 	New trial (rep=5, index=0): None
13.4646 	EXP 	image_2: autoDraw = False
13.4646 	EXP 	fixation_2: autoDraw = False
13.4646 	EXP 	image_2: autoDraw = False
13.4646 	EXP 	fixation_2: autoDraw = False
13.4646 	EXP 	image: autoDraw = True
13.4646 	EXP 	fixation: autoDraw = True
13.6206 	EXP 	image: autoDraw = False
13.6206 	EXP 	fixation: autoDraw = False
13.6206 	EXP 	image: autoDraw = False
13.6206 	EXP 	fixation: autoDraw = False
13.6206 	EXP 	image_2: autoDraw = True
13.6206 	EXP 	fixation_2: autoDraw = True
13.7708 	EXP 	New trial (rep=6, index=0): None
13.7810 	EXP 	image_2: autoDraw = False
13.7810 	EXP 	fixation_2: autoDraw = False
13.7810 	EXP 	image_2: autoDraw = False
13.7810 	EXP 	fixation_2: autoDraw = False
13.7810 	EXP 	image: autoDraw = True
13.7810 	EXP 	fixation: autoDraw = True
13.9402 	EXP 	image: autoDraw = False
13.9402 	EXP 	fixation: autoDraw = False
13.9402 	EXP 	image: autoDraw = False
13.9402 	EXP 	fixation: autoDraw = False
13.9402 	EXP 	image_2: autoDraw = True
13.9402 	EXP 	fixation_2: autoDraw = True
14.1005 	EXP 	New trial (rep=7, index=0): None
14.1047 	EXP 	image_2: autoDraw = False
14.1047 	EXP 	fixation_2: autoDraw = False
14.1047 	EXP 	image_2: autoDraw = False
14.1047 	EXP 	fixation_2: autoDraw = False
14.1047 	EXP 	image: autoDraw = True
14.1047 	EXP 	fixation: autoDraw = True
14.2645 	EXP 	image: autoDraw = False
14.2645 	EXP 	fixation: autoDraw = False
14.2645 	EXP 	image: autoDraw = False
14.2645 	EXP 	fixation: autoDraw = False
14.2645 	EXP 	image_2: autoDraw = True
14.2645 	EXP 	fixation_2: autoDraw = True
14.4169 	EXP 	New trial (rep=8, index=0): None
14.4314 	EXP 	image_2: autoDraw = False
14.4314 	EXP 	fixation_2: autoDraw = False
14.4314 	EXP 	image_2: autoDraw = False
14.4314 	EXP 	fixation_2: autoDraw = False
14.4314 	EXP 	image: autoDraw = True
14.4314 	EXP 	fixation: autoDraw = True
14.5872 	EXP 	image: autoDraw = False
14.5872 	EXP 	fixation: autoDraw = False
14.5872 	EXP 	image: autoDraw = False
14.5872 	EXP 	fixation: autoDraw = False
14.5872 	EXP 	image_2: autoDraw = True
14.5872 	EXP 	fixation_2: autoDraw = True
14.7382 	EXP 	New trial (rep=9, index=0): None
14.7475 	EXP 	image_2: autoDraw = False
14.7475 	EXP 	fixation_2: autoDraw = False
14.7475 	EXP 	image_2: autoDraw = False
14.7475 	EXP 	fixation_2: autoDraw = False
14.7475 	EXP 	image: autoDraw = True
14.7475 	EXP 	fixation: autoDraw = True
14.9040 	EXP 	image: autoDraw = False
14.9040 	EXP 	fixation: autoDraw = False
14.9040 	EXP 	image: autoDraw = False
14.9040 	EXP 	fixation: autoDraw = False
14.9040 	EXP 	image_2: autoDraw = True
14.9040 	EXP 	fixation_2: autoDraw = True
15.0555 	EXP 	New trial (rep=10, index=0): None
15.0643 	EXP 	image_2: autoDraw = False
15.0643 	EXP 	fixation_2: autoDraw = False
15.0643 	EXP 	image_2: autoDraw = False
15.0643 	EXP 	fixation_2: autoDraw = False
15.0643 	EXP 	image: autoDraw = True
15.0643 	EXP 	fixation: autoDraw = True
15.2198 	EXP 	image: autoDraw = False
15.2198 	EXP 	fixation: autoDraw = False
15.2198 	EXP 	image: autoDraw = False
15.2198 	EXP 	fixation: autoDraw = False
15.2198 	EXP 	image_2: autoDraw = True
15.2198 	EXP 	fixation_2: autoDraw = True
15.3702 	EXP 	New trial (rep=11, index=0): None
15.3808 	EXP 	image_2: autoDraw = False
15.3808 	EXP 	fixation_2: autoDraw = False
15.3808 	EXP 	image_2: autoDraw = False
15.3808 	EXP 	fixation_2: autoDraw = False
15.3808 	EXP 	image: autoDraw = True
15.3808 	EXP 	fixation: autoDraw = True
15.5377 	EXP 	image: autoDraw = False
15.5377 	EXP 	fixation: autoDraw = False
15.5377 	EXP 	image: autoDraw = False
15.5377 	EXP 	fixation: autoDraw = False
15.5377 	EXP 	image_2: autoDraw = True
15.5377 	EXP 	fixation_2: autoDraw = True
15.6880 	EXP 	New trial (rep=12, index=0): None
15.6979 	EXP 	image_2: autoDraw = False
15.6979 	EXP 	fixation_2: autoDraw = False
15.6979 	EXP 	image_2: autoDraw = False
15.6979 	EXP 	fixation_2: autoDraw = False
15.6979 	EXP 	image: autoDraw = True
15.6979 	EXP 	fixation: autoDraw = True
15.8535 	EXP 	image: autoDraw = False
15.8535 	EXP 	fixation: autoDraw = False
15.8535 	EXP 	image: autoDraw = False
15.8535 	EXP 	fixation: autoDraw = False
15.8535 	EXP 	image_2: autoDraw = True
15.8535 	EXP 	fixation_2: autoDraw = True
16.0038 	EXP 	New trial (rep=13, index=0): None
16.0145 	EXP 	image_2: autoDraw = False
16.0145 	EXP 	fixation_2: autoDraw = False
16.0145 	EXP 	image_2: autoDraw = False
16.0145 	EXP 	fixation_2: autoDraw = False
16.0145 	EXP 	image: autoDraw = True
16.0145 	EXP 	fixation: autoDraw = True
16.1682 	EXP 	image: autoDraw = False
16.1682 	EXP 	fixation: autoDraw = False
16.1682 	EXP 	image: autoDraw = False
16.1682 	EXP 	fixation: autoDraw = False
16.1682 	EXP 	image_2: autoDraw = True
16.1682 	EXP 	fixation_2: autoDraw = True
16.3215 	EXP 	New trial (rep=14, index=0): None
16.3308 	EXP 	image_2: autoDraw = False
16.3308 	EXP 	fixation_2: autoDraw = False
16.3308 	EXP 	image_2: autoDraw = False
16.3308 	EXP 	fixation_2: autoDraw = False
16.3308 	EXP 	image: autoDraw = True
16.3308 	EXP 	fixation: autoDraw = True
16.4867 	EXP 	image: autoDraw = False
16.4867 	EXP 	fixation: autoDraw = False
16.4867 	EXP 	image: autoDraw = False
16.4867 	EXP 	fixation: autoDraw = False
16.4867 	EXP 	image_2: autoDraw = True
16.4867 	EXP 	fixation_2: autoDraw = True
16.6377 	EXP 	New trial (rep=15, index=0): None
16.6475 	EXP 	image_2: autoDraw = False
16.6475 	EXP 	fixation_2: autoDraw = False
16.6475 	EXP 	image_2: autoDraw = False
16.6475 	EXP 	fixation_2: autoDraw = False
16.6475 	EXP 	image: autoDraw = True
16.6475 	EXP 	fixation: autoDraw = True
16.8037 	EXP 	image: autoDraw = False
16.8037 	EXP 	fixation: autoDraw = False
16.8037 	EXP 	image: autoDraw = False
16.8037 	EXP 	fixation: autoDraw = False
16.8037 	EXP 	image_2: autoDraw = True
16.8037 	EXP 	fixation_2: autoDraw = True
16.9543 	EXP 	New trial (rep=16, index=0): None
16.9643 	EXP 	image_2: autoDraw = False
16.9643 	EXP 	fixation_2: autoDraw = False
16.9643 	EXP 	image_2: autoDraw = False
16.9643 	EXP 	fixation_2: autoDraw = False
16.9643 	EXP 	image: autoDraw = True
16.9643 	EXP 	fixation: autoDraw = True
17.1189 	EXP 	image: autoDraw = False
17.1189 	EXP 	fixation: autoDraw = False
17.1189 	EXP 	image: autoDraw = False
17.1189 	EXP 	fixation: autoDraw = False
17.1189 	EXP 	image_2: autoDraw = True
17.1189 	EXP 	fixation_2: autoDraw = True
17.2727 	EXP 	New trial (rep=17, index=0): None
17.2807 	EXP 	image_2: autoDraw = False
17.2807 	EXP 	fixation_2: autoDraw = False
17.2807 	EXP 	image_2: autoDraw = False
17.2807 	EXP 	fixation_2: autoDraw = False
17.2807 	EXP 	image: autoDraw = True
17.2807 	EXP 	fixation: autoDraw = True
17.4366 	EXP 	image: autoDraw = False
17.4366 	EXP 	fixation: autoDraw = False
17.4366 	EXP 	image: autoDraw = False
17.4366 	EXP 	fixation: autoDraw = False
17.4366 	EXP 	image_2: autoDraw = True
17.4366 	EXP 	fixation_2: autoDraw = True
17.5894 	EXP 	New trial (rep=18, index=0): None
17.5974 	EXP 	image_2: autoDraw = False
17.5974 	EXP 	fixation_2: autoDraw = False
17.5974 	EXP 	image_2: autoDraw = False
17.5974 	EXP 	fixation_2: autoDraw = False
17.5974 	EXP 	image: autoDraw = True
17.5974 	EXP 	fixation: autoDraw = True
17.7537 	EXP 	image: autoDraw = False
17.7537 	EXP 	fixation: autoDraw = False
17.7537 	EXP 	image: autoDraw = False
17.7537 	EXP 	fixation: autoDraw = False
17.7537 	EXP 	image_2: autoDraw = True
17.7537 	EXP 	fixation_2: autoDraw = True
17.9038 	EXP 	New trial (rep=19, index=0): None
17.9144 	EXP 	image_2: autoDraw = False
17.9144 	EXP 	fixation_2: autoDraw = False
17.9144 	EXP 	image_2: autoDraw = False
17.9144 	EXP 	fixation_2: autoDraw = False
17.9144 	EXP 	image: autoDraw = True
17.9144 	EXP 	fixation: autoDraw = True
18.0705 	EXP 	image: autoDraw = False
18.0705 	EXP 	fixation: autoDraw = False
18.0705 	EXP 	image: autoDraw = False
18.0705 	EXP 	fixation: autoDraw = False
18.0705 	EXP 	image_2: autoDraw = True
18.0705 	EXP 	fixation_2: autoDraw = True
18.2207 	EXP 	New trial (rep=20, index=0): None
18.2309 	EXP 	image_2: autoDraw = False
18.2309 	EXP 	fixation_2: autoDraw = False
18.2309 	EXP 	image_2: autoDraw = False
18.2309 	EXP 	fixation_2: autoDraw = False
18.2309 	EXP 	image: autoDraw = True
18.2309 	EXP 	fixation: autoDraw = True
18.3871 	EXP 	image: autoDraw = False
18.3871 	EXP 	fixation: autoDraw = False
18.3871 	EXP 	image: autoDraw = False
18.3871 	EXP 	fixation: autoDraw = False
18.3871 	EXP 	image_2: autoDraw = True
18.3871 	EXP 	fixation_2: autoDraw = True
18.5375 	EXP 	New trial (rep=21, index=0): None
18.5478 	EXP 	image_2: autoDraw = False
18.5478 	EXP 	fixation_2: autoDraw = False
18.5478 	EXP 	image_2: autoDraw = False
18.5478 	EXP 	fixation_2: autoDraw = False
18.5478 	EXP 	image: autoDraw = True
18.5478 	EXP 	fixation: autoDraw = True
18.7033 	EXP 	image: autoDraw = False
18.7033 	EXP 	fixation: autoDraw = False
18.7033 	EXP 	image: autoDraw = False
18.7033 	EXP 	fixation: autoDraw = False
18.7033 	EXP 	image_2: autoDraw = True
18.7033 	EXP 	fixation_2: autoDraw = True
18.8549 	EXP 	New trial (rep=22, index=0): None
18.8642 	EXP 	image_2: autoDraw = False
18.8642 	EXP 	fixation_2: autoDraw = False
18.8642 	EXP 	image_2: autoDraw = False
18.8642 	EXP 	fixation_2: autoDraw = False
18.8642 	EXP 	image: autoDraw = True
18.8642 	EXP 	fixation: autoDraw = True
19.0202 	EXP 	image: autoDraw = False
19.0202 	EXP 	fixation: autoDraw = False
19.0202 	EXP 	image: autoDraw = False
19.0202 	EXP 	fixation: autoDraw = False
19.0202 	EXP 	image_2: autoDraw = True
19.0202 	EXP 	fixation_2: autoDraw = True
19.1709 	EXP 	New trial (rep=23, index=0): None
19.1808 	EXP 	image_2: autoDraw = False
19.1808 	EXP 	fixation_2: autoDraw = False
19.1808 	EXP 	image_2: autoDraw = False
19.1808 	EXP 	fixation_2: autoDraw = False
19.1808 	EXP 	image: autoDraw = True
19.1808 	EXP 	fixation: autoDraw = True
19.3371 	EXP 	image: autoDraw = False
19.3371 	EXP 	fixation: autoDraw = False
19.3371 	EXP 	image: autoDraw = False
19.3371 	EXP 	fixation: autoDraw = False
19.3371 	EXP 	image_2: autoDraw = True
19.3371 	EXP 	fixation_2: autoDraw = True
19.4879 	EXP 	New trial (rep=24, index=0): None
19.4975 	EXP 	image_2: autoDraw = False
19.4975 	EXP 	fixation_2: autoDraw = False
19.4975 	EXP 	image_2: autoDraw = False
19.4975 	EXP 	fixation_2: autoDraw = False
19.4975 	EXP 	image: autoDraw = True
19.4975 	EXP 	fixation: autoDraw = True
19.6542 	EXP 	image: autoDraw = False
19.6542 	EXP 	fixation: autoDraw = False
19.6542 	EXP 	image: autoDraw = False
19.6542 	EXP 	fixation: autoDraw = False
19.6542 	EXP 	image_2: autoDraw = True
19.6542 	EXP 	fixation_2: autoDraw = True
19.8037 	EXP 	New trial (rep=25, index=0): None
19.8142 	EXP 	image_2: autoDraw = False
19.8142 	EXP 	fixation_2: autoDraw = False
19.8142 	EXP 	image_2: autoDraw = False
19.8142 	EXP 	fixation_2: autoDraw = False
19.8142 	EXP 	image: autoDraw = True
19.8142 	EXP 	fixation: autoDraw = True
19.9693 	EXP 	image: autoDraw = False
19.9693 	EXP 	fixation: autoDraw = False
19.9693 	EXP 	image: autoDraw = False
19.9693 	EXP 	fixation: autoDraw = False
19.9693 	EXP 	image_2: autoDraw = True
19.9693 	EXP 	fixation_2: autoDraw = True
20.1210 	EXP 	New trial (rep=26, index=0): None
20.1309 	EXP 	image_2: autoDraw = False
20.1309 	EXP 	fixation_2: autoDraw = False
20.1309 	EXP 	image_2: autoDraw = False
20.1309 	EXP 	fixation_2: autoDraw = False
20.1309 	EXP 	image: autoDraw = True
20.1309 	EXP 	fixation: autoDraw = True
20.2871 	EXP 	image: autoDraw = False
20.2871 	EXP 	fixation: autoDraw = False
20.2871 	EXP 	image: autoDraw = False
20.2871 	EXP 	fixation: autoDraw = False
20.2871 	EXP 	image_2: autoDraw = True
20.2871 	EXP 	fixation_2: autoDraw = True
20.4377 	EXP 	New trial (rep=27, index=0): None
20.4475 	EXP 	image_2: autoDraw = False
20.4475 	EXP 	fixation_2: autoDraw = False
20.4475 	EXP 	image_2: autoDraw = False
20.4475 	EXP 	fixation_2: autoDraw = False
20.4475 	EXP 	image: autoDraw = True
20.4475 	EXP 	fixation: autoDraw = True
20.6040 	EXP 	image: autoDraw = False
20.6040 	EXP 	fixation: autoDraw = False
20.6040 	EXP 	image: autoDraw = False
20.6040 	EXP 	fixation: autoDraw = False
20.6040 	EXP 	image_2: autoDraw = True
20.6040 	EXP 	fixation_2: autoDraw = True
20.7545 	EXP 	New trial (rep=28, index=0): None
20.7642 	EXP 	image_2: autoDraw = False
20.7642 	EXP 	fixation_2: autoDraw = False
20.7642 	EXP 	image_2: autoDraw = False
20.7642 	EXP 	fixation_2: autoDraw = False
20.7642 	EXP 	image: autoDraw = True
20.7642 	EXP 	fixation: autoDraw = True
20.9204 	EXP 	image: autoDraw = False
20.9204 	EXP 	fixation: autoDraw = False
20.9204 	EXP 	image: autoDraw = False
20.9204 	EXP 	fixation: autoDraw = False
20.9204 	EXP 	image_2: autoDraw = True
20.9204 	EXP 	fixation_2: autoDraw = True
21.0709 	EXP 	New trial (rep=29, index=0): None
21.0809 	EXP 	image_2: autoDraw = False
21.0809 	EXP 	fixation_2: autoDraw = False
21.0809 	EXP 	image_2: autoDraw = False
21.0809 	EXP 	fixation_2: autoDraw = False
21.0809 	EXP 	image: autoDraw = True
21.0809 	EXP 	fixation: autoDraw = True
21.2370 	EXP 	image: autoDraw = False
21.2370 	EXP 	fixation: autoDraw = False
21.2370 	EXP 	image: autoDraw = False
21.2370 	EXP 	fixation: autoDraw = False
21.2370 	EXP 	image_2: autoDraw = True
21.2370 	EXP 	fixation_2: autoDraw = True
21.3877 	EXP 	New trial (rep=30, index=0): None
21.3975 	EXP 	image_2: autoDraw = False
21.3975 	EXP 	fixation_2: autoDraw = False
21.3975 	EXP 	image_2: autoDraw = False
21.3975 	EXP 	fixation_2: autoDraw = False
21.3975 	EXP 	image: autoDraw = True
21.3975 	EXP 	fixation: autoDraw = True
21.5540 	EXP 	image: autoDraw = False
21.5540 	EXP 	fixation: autoDraw = False
21.5540 	EXP 	image: autoDraw = False
21.5540 	EXP 	fixation: autoDraw = False
21.5540 	EXP 	image_2: autoDraw = True
21.5540 	EXP 	fixation_2: autoDraw = True
21.7152 	EXP 	New trial (rep=31, index=0): None
21.7193 	EXP 	image_2: autoDraw = False
21.7193 	EXP 	fixation_2: autoDraw = False
21.7193 	EXP 	image_2: autoDraw = False
21.7193 	EXP 	fixation_2: autoDraw = False
21.7193 	EXP 	image: autoDraw = True
21.7193 	EXP 	fixation: autoDraw = True
21.8855 	EXP 	image: autoDraw = False
21.8855 	EXP 	fixation: autoDraw = False
21.8855 	EXP 	image: autoDraw = False
21.8855 	EXP 	fixation: autoDraw = False
21.8855 	EXP 	image_2: autoDraw = True
21.8855 	EXP 	fixation_2: autoDraw = True
22.0377 	EXP 	New trial (rep=32, index=0): None
22.0475 	EXP 	image_2: autoDraw = False
22.0475 	EXP 	fixation_2: autoDraw = False
22.0475 	EXP 	image_2: autoDraw = False
22.0475 	EXP 	fixation_2: autoDraw = False
22.0475 	EXP 	image: autoDraw = True
22.0475 	EXP 	fixation: autoDraw = True
22.2026 	EXP 	image: autoDraw = False
22.2026 	EXP 	fixation: autoDraw = False
22.2026 	EXP 	image: autoDraw = False
22.2026 	EXP 	fixation: autoDraw = False
22.2026 	EXP 	image_2: autoDraw = True
22.2026 	EXP 	fixation_2: autoDraw = True
22.3534 	EXP 	New trial (rep=33, index=0): None
22.3646 	EXP 	image_2: autoDraw = False
22.3646 	EXP 	fixation_2: autoDraw = False
22.3646 	EXP 	image_2: autoDraw = False
22.3646 	EXP 	fixation_2: autoDraw = False
22.3646 	EXP 	image: autoDraw = True
22.3646 	EXP 	fixation: autoDraw = True
22.5205 	EXP 	image: autoDraw = False
22.5205 	EXP 	fixation: autoDraw = False
22.5205 	EXP 	image: autoDraw = False
22.5205 	EXP 	fixation: autoDraw = False
22.5205 	EXP 	image_2: autoDraw = True
22.5205 	EXP 	fixation_2: autoDraw = True
22.6819 	EXP 	New trial (rep=34, index=0): None
22.6860 	EXP 	image_2: autoDraw = False
22.6860 	EXP 	fixation_2: autoDraw = False
22.6860 	EXP 	image_2: autoDraw = False
22.6860 	EXP 	fixation_2: autoDraw = False
22.6860 	EXP 	image: autoDraw = True
22.6860 	EXP 	fixation: autoDraw = True
22.8485 	EXP 	image: autoDraw = False
22.8485 	EXP 	fixation: autoDraw = False
22.8485 	EXP 	image: autoDraw = False
22.8485 	EXP 	fixation: autoDraw = False
22.8485 	EXP 	image_2: autoDraw = True
22.8485 	EXP 	fixation_2: autoDraw = True
23.0002 	EXP 	New trial (rep=35, index=0): None
23.0052 	EXP 	image_2: autoDraw = False
23.0052 	EXP 	fixation_2: autoDraw = False
23.0052 	EXP 	image_2: autoDraw = False
23.0052 	EXP 	fixation_2: autoDraw = False
23.0052 	EXP 	image: autoDraw = True
23.0052 	EXP 	fixation: autoDraw = True
23.1690 	EXP 	image: autoDraw = False
23.1690 	EXP 	fixation: autoDraw = False
23.1690 	EXP 	image: autoDraw = False
23.1690 	EXP 	fixation: autoDraw = False
23.1690 	EXP 	image_2: autoDraw = True
23.1690 	EXP 	fixation_2: autoDraw = True
23.3210 	EXP 	New trial (rep=36, index=0): None
23.3310 	EXP 	image_2: autoDraw = False
23.3310 	EXP 	fixation_2: autoDraw = False
23.3310 	EXP 	image_2: autoDraw = False
23.3310 	EXP 	fixation_2: autoDraw = False
23.3310 	EXP 	image: autoDraw = True
23.3310 	EXP 	fixation: autoDraw = True
23.4858 	EXP 	image: autoDraw = False
23.4858 	EXP 	fixation: autoDraw = False
23.4858 	EXP 	image: autoDraw = False
23.4858 	EXP 	fixation: autoDraw = False
23.4858 	EXP 	image_2: autoDraw = True
23.4858 	EXP 	fixation_2: autoDraw = True
23.6381 	EXP 	New trial (rep=37, index=0): None
23.6475 	EXP 	image_2: autoDraw = False
23.6475 	EXP 	fixation_2: autoDraw = False
23.6475 	EXP 	image_2: autoDraw = False
23.6475 	EXP 	fixation_2: autoDraw = False
23.6475 	EXP 	image: autoDraw = True
23.6475 	EXP 	fixation: autoDraw = True
23.8041 	EXP 	image: autoDraw = False
23.8041 	EXP 	fixation: autoDraw = False
23.8041 	EXP 	image: autoDraw = False
23.8041 	EXP 	fixation: autoDraw = False
23.8041 	EXP 	image_2: autoDraw = True
23.8041 	EXP 	fixation_2: autoDraw = True
23.9545 	EXP 	New trial (rep=38, index=0): None
23.9643 	EXP 	image_2: autoDraw = False
23.9643 	EXP 	fixation_2: autoDraw = False
23.9643 	EXP 	image_2: autoDraw = False
23.9643 	EXP 	fixation_2: autoDraw = False
23.9643 	EXP 	image: autoDraw = True
23.9643 	EXP 	fixation: autoDraw = True
24.1205 	EXP 	image: autoDraw = False
24.1205 	EXP 	fixation: autoDraw = False
24.1205 	EXP 	image: autoDraw = False
24.1205 	EXP 	fixation: autoDraw = False
24.1205 	EXP 	image_2: autoDraw = True
24.1205 	EXP 	fixation_2: autoDraw = True
24.2709 	EXP 	New trial (rep=39, index=0): None
24.2810 	EXP 	image_2: autoDraw = False
24.2810 	EXP 	fixation_2: autoDraw = False
24.2810 	EXP 	image_2: autoDraw = False
24.2810 	EXP 	fixation_2: autoDraw = False
24.2810 	EXP 	image: autoDraw = True
24.2810 	EXP 	fixation: autoDraw = True
24.4369 	EXP 	image: autoDraw = False
24.4369 	EXP 	fixation: autoDraw = False
24.4369 	EXP 	image: autoDraw = False
24.4369 	EXP 	fixation: autoDraw = False
24.4369 	EXP 	image_2: autoDraw = True
24.4369 	EXP 	fixation_2: autoDraw = True
24.5875 	EXP 	New trial (rep=40, index=0): None
24.5978 	EXP 	image_2: autoDraw = False
24.5978 	EXP 	fixation_2: autoDraw = False
24.5978 	EXP 	image_2: autoDraw = False
24.5978 	EXP 	fixation_2: autoDraw = False
24.5978 	EXP 	image: autoDraw = True
24.5978 	EXP 	fixation: autoDraw = True
24.7538 	EXP 	image: autoDraw = False
24.7538 	EXP 	fixation: autoDraw = False
24.7538 	EXP 	image: autoDraw = False
24.7538 	EXP 	fixation: autoDraw = False
24.7538 	EXP 	image_2: autoDraw = True
24.7538 	EXP 	fixation_2: autoDraw = True
24.9156 	EXP 	New trial (rep=41, index=0): None
24.9197 	EXP 	image_2: autoDraw = False
24.9197 	EXP 	fixation_2: autoDraw = False
24.9197 	EXP 	image_2: autoDraw = False
24.9197 	EXP 	fixation_2: autoDraw = False
24.9197 	EXP 	image: autoDraw = True
24.9197 	EXP 	fixation: autoDraw = True
25.0812 	EXP 	image: autoDraw = False
25.0812 	EXP 	fixation: autoDraw = False
25.0812 	EXP 	image: autoDraw = False
25.0812 	EXP 	fixation: autoDraw = False
25.0812 	EXP 	image_2: autoDraw = True
25.0812 	EXP 	fixation_2: autoDraw = True
25.2338 	EXP 	New trial (rep=42, index=0): None
25.2385 	EXP 	image_2: autoDraw = False
25.2385 	EXP 	fixation_2: autoDraw = False
25.2385 	EXP 	image_2: autoDraw = False
25.2385 	EXP 	fixation_2: autoDraw = False
25.2385 	EXP 	image: autoDraw = True
25.2385 	EXP 	fixation: autoDraw = True
25.3975 	EXP 	image: autoDraw = False
25.3975 	EXP 	fixation: autoDraw = False
25.3975 	EXP 	image: autoDraw = False
25.3975 	EXP 	fixation: autoDraw = False
25.3975 	EXP 	image_2: autoDraw = True
25.3975 	EXP 	fixation_2: autoDraw = True
25.5497 	EXP 	New trial (rep=43, index=0): None
25.5538 	EXP 	image_2: autoDraw = False
25.5538 	EXP 	fixation_2: autoDraw = False
25.5538 	EXP 	image_2: autoDraw = False
25.5538 	EXP 	fixation_2: autoDraw = False
25.5538 	EXP 	image: autoDraw = True
25.5538 	EXP 	fixation: autoDraw = True
25.7144 	EXP 	image: autoDraw = False
25.7144 	EXP 	fixation: autoDraw = False
25.7144 	EXP 	image: autoDraw = False
25.7144 	EXP 	fixation: autoDraw = False
25.7144 	EXP 	image_2: autoDraw = True
25.7144 	EXP 	fixation_2: autoDraw = True
25.8656 	EXP 	New trial (rep=44, index=0): None
25.8701 	EXP 	image_2: autoDraw = False
25.8701 	EXP 	fixation_2: autoDraw = False
25.8701 	EXP 	image_2: autoDraw = False
25.8701 	EXP 	fixation_2: autoDraw = False
25.8701 	EXP 	image: autoDraw = True
25.8701 	EXP 	fixation: autoDraw = True
26.0318 	EXP 	image: autoDraw = False
26.0318 	EXP 	fixation: autoDraw = False
26.0318 	EXP 	image: autoDraw = False
26.0318 	EXP 	fixation: autoDraw = False
26.0318 	EXP 	image_2: autoDraw = True
26.0318 	EXP 	fixation_2: autoDraw = True
26.1832 	EXP 	New trial (rep=45, index=0): None
26.1879 	EXP 	image_2: autoDraw = False
26.1879 	EXP 	fixation_2: autoDraw = False
26.1879 	EXP 	image_2: autoDraw = False
26.1879 	EXP 	fixation_2: autoDraw = False
26.1879 	EXP 	image: autoDraw = True
26.1879 	EXP 	fixation: autoDraw = True
26.3481 	EXP 	image: autoDraw = False
26.3481 	EXP 	fixation: autoDraw = False
26.3481 	EXP 	image: autoDraw = False
26.3481 	EXP 	fixation: autoDraw = False
26.3481 	EXP 	image_2: autoDraw = True
26.3481 	EXP 	fixation_2: autoDraw = True
26.4988 	EXP 	New trial (rep=46, index=0): None
26.5035 	EXP 	image_2: autoDraw = False
26.5035 	EXP 	fixation_2: autoDraw = False
26.5035 	EXP 	image_2: autoDraw = False
26.5035 	EXP 	fixation_2: autoDraw = False
26.5035 	EXP 	image: autoDraw = True
26.5035 	EXP 	fixation: autoDraw = True
26.6645 	EXP 	image: autoDraw = False
26.6645 	EXP 	fixation: autoDraw = False
26.6645 	EXP 	image: autoDraw = False
26.6645 	EXP 	fixation: autoDraw = False
26.6645 	EXP 	image_2: autoDraw = True
26.6645 	EXP 	fixation_2: autoDraw = True
26.8166 	EXP 	New trial (rep=47, index=0): None
26.8217 	EXP 	image_2: autoDraw = False
26.8217 	EXP 	fixation_2: autoDraw = False
26.8217 	EXP 	image_2: autoDraw = False
26.8217 	EXP 	fixation_2: autoDraw = False
26.8217 	EXP 	image: autoDraw = True
26.8217 	EXP 	fixation: autoDraw = True
26.9811 	EXP 	image: autoDraw = False
26.9811 	EXP 	fixation: autoDraw = False
26.9811 	EXP 	image: autoDraw = False
26.9811 	EXP 	fixation: autoDraw = False
26.9811 	EXP 	image_2: autoDraw = True
26.9811 	EXP 	fixation_2: autoDraw = True
27.1330 	EXP 	New trial (rep=48, index=0): None
27.1375 	EXP 	image_2: autoDraw = False
27.1375 	EXP 	fixation_2: autoDraw = False
27.1375 	EXP 	image_2: autoDraw = False
27.1375 	EXP 	fixation_2: autoDraw = False
27.1375 	EXP 	image: autoDraw = True
27.1375 	EXP 	fixation: autoDraw = True
27.3022 	EXP 	image: autoDraw = False
27.3022 	EXP 	fixation: autoDraw = False
27.3022 	EXP 	image: autoDraw = False
27.3022 	EXP 	fixation: autoDraw = False
27.3022 	EXP 	image_2: autoDraw = True
27.3022 	EXP 	fixation_2: autoDraw = True
27.4545 	EXP 	New trial (rep=49, index=0): None
27.4641 	EXP 	image_2: autoDraw = False
27.4641 	EXP 	fixation_2: autoDraw = False
27.4641 	EXP 	image_2: autoDraw = False
27.4641 	EXP 	fixation_2: autoDraw = False
27.4641 	EXP 	image: autoDraw = True
27.4641 	EXP 	fixation: autoDraw = True
27.6204 	EXP 	image: autoDraw = False
27.6204 	EXP 	fixation: autoDraw = False
27.6204 	EXP 	image: autoDraw = False
27.6204 	EXP 	fixation: autoDraw = False
27.6204 	EXP 	image_2: autoDraw = True
27.6204 	EXP 	fixation_2: autoDraw = True
27.7712 	EXP 	New trial (rep=50, index=0): None
27.7809 	EXP 	image_2: autoDraw = False
27.7809 	EXP 	fixation_2: autoDraw = False
27.7809 	EXP 	image_2: autoDraw = False
27.7809 	EXP 	fixation_2: autoDraw = False
27.7809 	EXP 	image: autoDraw = True
27.7809 	EXP 	fixation: autoDraw = True
27.9373 	EXP 	image: autoDraw = False
27.9373 	EXP 	fixation: autoDraw = False
27.9373 	EXP 	image: autoDraw = False
27.9373 	EXP 	fixation: autoDraw = False
27.9373 	EXP 	image_2: autoDraw = True
27.9373 	EXP 	fixation_2: autoDraw = True
28.0874 	EXP 	New trial (rep=51, index=0): None
28.0976 	EXP 	image_2: autoDraw = False
28.0976 	EXP 	fixation_2: autoDraw = False
28.0976 	EXP 	image_2: autoDraw = False
28.0976 	EXP 	fixation_2: autoDraw = False
28.0976 	EXP 	image: autoDraw = True
28.0976 	EXP 	fixation: autoDraw = True
28.2529 	EXP 	image: autoDraw = False
28.2529 	EXP 	fixation: autoDraw = False
28.2529 	EXP 	image: autoDraw = False
28.2529 	EXP 	fixation: autoDraw = False
28.2529 	EXP 	image_2: autoDraw = True
28.2529 	EXP 	fixation_2: autoDraw = True
28.4046 	EXP 	New trial (rep=52, index=0): None
28.4142 	EXP 	image_2: autoDraw = False
28.4142 	EXP 	fixation_2: autoDraw = False
28.4142 	EXP 	image_2: autoDraw = False
28.4142 	EXP 	fixation_2: autoDraw = False
28.4142 	EXP 	image: autoDraw = True
28.4142 	EXP 	fixation: autoDraw = True
28.5698 	EXP 	image: autoDraw = False
28.5698 	EXP 	fixation: autoDraw = False
28.5698 	EXP 	image: autoDraw = False
28.5698 	EXP 	fixation: autoDraw = False
28.5698 	EXP 	image_2: autoDraw = True
28.5698 	EXP 	fixation_2: autoDraw = True
28.7211 	EXP 	New trial (rep=53, index=0): None
28.7309 	EXP 	image_2: autoDraw = False
28.7309 	EXP 	fixation_2: autoDraw = False
28.7309 	EXP 	image_2: autoDraw = False
28.7309 	EXP 	fixation_2: autoDraw = False
28.7309 	EXP 	image: autoDraw = True
28.7309 	EXP 	fixation: autoDraw = True
28.8855 	EXP 	image: autoDraw = False
28.8855 	EXP 	fixation: autoDraw = False
28.8855 	EXP 	image: autoDraw = False
28.8855 	EXP 	fixation: autoDraw = False
28.8855 	EXP 	image_2: autoDraw = True
28.8855 	EXP 	fixation_2: autoDraw = True
29.0363 	EXP 	New trial (rep=54, index=0): None
29.0476 	EXP 	image_2: autoDraw = False
29.0476 	EXP 	fixation_2: autoDraw = False
29.0476 	EXP 	image_2: autoDraw = False
29.0476 	EXP 	fixation_2: autoDraw = False
29.0476 	EXP 	image: autoDraw = True
29.0476 	EXP 	fixation: autoDraw = True
29.2041 	EXP 	image: autoDraw = False
29.2041 	EXP 	fixation: autoDraw = False
29.2041 	EXP 	image: autoDraw = False
29.2041 	EXP 	fixation: autoDraw = False
29.2041 	EXP 	image_2: autoDraw = True
29.2041 	EXP 	fixation_2: autoDraw = True
29.3653 	EXP 	New trial (rep=55, index=0): None
29.3694 	EXP 	image_2: autoDraw = False
29.3694 	EXP 	fixation_2: autoDraw = False
29.3694 	EXP 	image_2: autoDraw = False
29.3694 	EXP 	fixation_2: autoDraw = False
29.3694 	EXP 	image: autoDraw = True
29.3694 	EXP 	fixation: autoDraw = True
29.5317 	EXP 	image: autoDraw = False
29.5317 	EXP 	fixation: autoDraw = False
29.5317 	EXP 	image: autoDraw = False
29.5317 	EXP 	fixation: autoDraw = False
29.5317 	EXP 	image_2: autoDraw = True
29.5317 	EXP 	fixation_2: autoDraw = True
29.6840 	EXP 	New trial (rep=56, index=0): None
29.6885 	EXP 	image_2: autoDraw = False
29.6885 	EXP 	fixation_2: autoDraw = False
29.6885 	EXP 	image_2: autoDraw = False
29.6885 	EXP 	fixation_2: autoDraw = False
29.6885 	EXP 	image: autoDraw = True
29.6885 	EXP 	fixation: autoDraw = True
29.8478 	EXP 	image: autoDraw = False
29.8478 	EXP 	fixation: autoDraw = False
29.8478 	EXP 	image: autoDraw = False
29.8478 	EXP 	fixation: autoDraw = False
29.8478 	EXP 	image_2: autoDraw = True
29.8478 	EXP 	fixation_2: autoDraw = True
29.9998 	EXP 	New trial (rep=57, index=0): None
30.0046 	EXP 	image_2: autoDraw = False
30.0046 	EXP 	fixation_2: autoDraw = False
30.0046 	EXP 	image_2: autoDraw = False
30.0046 	EXP 	fixation_2: autoDraw = False
30.0046 	EXP 	image: autoDraw = True
30.0046 	EXP 	fixation: autoDraw = True
30.1643 	EXP 	image: autoDraw = False
30.1643 	EXP 	fixation: autoDraw = False
30.1643 	EXP 	image: autoDraw = False
30.1643 	EXP 	fixation: autoDraw = False
30.1643 	EXP 	image_2: autoDraw = True
30.1643 	EXP 	fixation_2: autoDraw = True
30.3165 	EXP 	New trial (rep=58, index=0): None
30.3216 	EXP 	image_2: autoDraw = False
30.3216 	EXP 	fixation_2: autoDraw = False
30.3216 	EXP 	image_2: autoDraw = False
30.3216 	EXP 	fixation_2: autoDraw = False
30.3216 	EXP 	image: autoDraw = True
30.3216 	EXP 	fixation: autoDraw = True
30.4876 	EXP 	image: autoDraw = False
30.4876 	EXP 	fixation: autoDraw = False
30.4876 	EXP 	image: autoDraw = False
30.4876 	EXP 	fixation: autoDraw = False
30.4876 	EXP 	image_2: autoDraw = True
30.4876 	EXP 	fixation_2: autoDraw = True
30.6375 	EXP 	New trial (rep=59, index=0): None
30.6475 	EXP 	image_2: autoDraw = False
30.6475 	EXP 	fixation_2: autoDraw = False
30.6475 	EXP 	image_2: autoDraw = False
30.6475 	EXP 	fixation_2: autoDraw = False
30.6475 	EXP 	image: autoDraw = True
30.6475 	EXP 	fixation: autoDraw = True
30.8046 	EXP 	image: autoDraw = False
30.8046 	EXP 	fixation: autoDraw = False
30.8046 	EXP 	image: autoDraw = False
30.8046 	EXP 	fixation: autoDraw = False
30.8046 	EXP 	image_2: autoDraw = True
30.8046 	EXP 	fixation_2: autoDraw = True
30.9544 	EXP 	New trial (rep=60, index=0): None
30.9651 	EXP 	image_2: autoDraw = False
30.9651 	EXP 	fixation_2: autoDraw = False
30.9651 	EXP 	image_2: autoDraw = False
30.9651 	EXP 	fixation_2: autoDraw = False
30.9651 	EXP 	image: autoDraw = True
30.9651 	EXP 	fixation: autoDraw = True
31.1211 	EXP 	image: autoDraw = False
31.1211 	EXP 	fixation: autoDraw = False
31.1211 	EXP 	image: autoDraw = False
31.1211 	EXP 	fixation: autoDraw = False
31.1211 	EXP 	image_2: autoDraw = True
31.1211 	EXP 	fixation_2: autoDraw = True
31.2708 	EXP 	New trial (rep=61, index=0): None
31.2809 	EXP 	image_2: autoDraw = False
31.2809 	EXP 	fixation_2: autoDraw = False
31.2809 	EXP 	image_2: autoDraw = False
31.2809 	EXP 	fixation_2: autoDraw = False
31.2809 	EXP 	image: autoDraw = True
31.2809 	EXP 	fixation: autoDraw = True
31.4374 	EXP 	image: autoDraw = False
31.4374 	EXP 	fixation: autoDraw = False
31.4374 	EXP 	image: autoDraw = False
31.4374 	EXP 	fixation: autoDraw = False
31.4374 	EXP 	image_2: autoDraw = True
31.4374 	EXP 	fixation_2: autoDraw = True
31.5876 	EXP 	New trial (rep=62, index=0): None
31.5976 	EXP 	image_2: autoDraw = False
31.5976 	EXP 	fixation_2: autoDraw = False
31.5976 	EXP 	image_2: autoDraw = False
31.5976 	EXP 	fixation_2: autoDraw = False
31.5976 	EXP 	image: autoDraw = True
31.5976 	EXP 	fixation: autoDraw = True
31.7540 	EXP 	image: autoDraw = False
31.7540 	EXP 	fixation: autoDraw = False
31.7540 	EXP 	image: autoDraw = False
31.7540 	EXP 	fixation: autoDraw = False
31.7540 	EXP 	image_2: autoDraw = True
31.7540 	EXP 	fixation_2: autoDraw = True
31.9047 	EXP 	New trial (rep=63, index=0): None
31.9142 	EXP 	image_2: autoDraw = False
31.9142 	EXP 	fixation_2: autoDraw = False
31.9142 	EXP 	image_2: autoDraw = False
31.9142 	EXP 	fixation_2: autoDraw = False
31.9142 	EXP 	image: autoDraw = True
31.9142 	EXP 	fixation: autoDraw = True
32.0702 	EXP 	image: autoDraw = False
32.0702 	EXP 	fixation: autoDraw = False
32.0702 	EXP 	image: autoDraw = False
32.0702 	EXP 	fixation: autoDraw = False
32.0702 	EXP 	image_2: autoDraw = True
32.0702 	EXP 	fixation_2: autoDraw = True
32.2206 	EXP 	New trial (rep=64, index=0): None
32.2310 	EXP 	image_2: autoDraw = False
32.2310 	EXP 	fixation_2: autoDraw = False
32.2310 	EXP 	image_2: autoDraw = False
32.2310 	EXP 	fixation_2: autoDraw = False
32.2310 	EXP 	image: autoDraw = True
32.2310 	EXP 	fixation: autoDraw = True
32.3871 	EXP 	image: autoDraw = False
32.3871 	EXP 	fixation: autoDraw = False
32.3871 	EXP 	image: autoDraw = False
32.3871 	EXP 	fixation: autoDraw = False
32.3871 	EXP 	image_2: autoDraw = True
32.3871 	EXP 	fixation_2: autoDraw = True
32.5372 	EXP 	New trial (rep=65, index=0): None
32.5476 	EXP 	image_2: autoDraw = False
32.5476 	EXP 	fixation_2: autoDraw = False
32.5476 	EXP 	image_2: autoDraw = False
32.5476 	EXP 	fixation_2: autoDraw = False
32.5476 	EXP 	image: autoDraw = True
32.5476 	EXP 	fixation: autoDraw = True
32.7037 	EXP 	image: autoDraw = False
32.7037 	EXP 	fixation: autoDraw = False
32.7037 	EXP 	image: autoDraw = False
32.7037 	EXP 	fixation: autoDraw = False
32.7037 	EXP 	image_2: autoDraw = True
32.7037 	EXP 	fixation_2: autoDraw = True
32.8548 	EXP 	New trial (rep=66, index=0): None
32.8642 	EXP 	image_2: autoDraw = False
32.8642 	EXP 	fixation_2: autoDraw = False
32.8642 	EXP 	image_2: autoDraw = False
32.8642 	EXP 	fixation_2: autoDraw = False
32.8642 	EXP 	image: autoDraw = True
32.8642 	EXP 	fixation: autoDraw = True
33.0190 	EXP 	image: autoDraw = False
33.0190 	EXP 	fixation: autoDraw = False
33.0190 	EXP 	image: autoDraw = False
33.0190 	EXP 	fixation: autoDraw = False
33.0190 	EXP 	image_2: autoDraw = True
33.0190 	EXP 	fixation_2: autoDraw = True
33.1706 	EXP 	New trial (rep=67, index=0): None
33.1810 	EXP 	image_2: autoDraw = False
33.1810 	EXP 	fixation_2: autoDraw = False
33.1810 	EXP 	image_2: autoDraw = False
33.1810 	EXP 	fixation_2: autoDraw = False
33.1810 	EXP 	image: autoDraw = True
33.1810 	EXP 	fixation: autoDraw = True
33.3369 	EXP 	image: autoDraw = False
33.3369 	EXP 	fixation: autoDraw = False
33.3369 	EXP 	image: autoDraw = False
33.3369 	EXP 	fixation: autoDraw = False
33.3369 	EXP 	image_2: autoDraw = True
33.3369 	EXP 	fixation_2: autoDraw = True
33.4865 	EXP 	New trial (rep=68, index=0): None
33.4976 	EXP 	image_2: autoDraw = False
33.4976 	EXP 	fixation_2: autoDraw = False
33.4976 	EXP 	image_2: autoDraw = False
33.4976 	EXP 	fixation_2: autoDraw = False
33.4976 	EXP 	image: autoDraw = True
33.4976 	EXP 	fixation: autoDraw = True
33.6536 	EXP 	image: autoDraw = False
33.6536 	EXP 	fixation: autoDraw = False
33.6536 	EXP 	image: autoDraw = False
33.6536 	EXP 	fixation: autoDraw = False
33.6536 	EXP 	image_2: autoDraw = True
33.6536 	EXP 	fixation_2: autoDraw = True
33.8041 	EXP 	New trial (rep=69, index=0): None
33.8143 	EXP 	image_2: autoDraw = False
33.8143 	EXP 	fixation_2: autoDraw = False
33.8143 	EXP 	image_2: autoDraw = False
33.8143 	EXP 	fixation_2: autoDraw = False
33.8143 	EXP 	image: autoDraw = True
33.8143 	EXP 	fixation: autoDraw = True
33.9704 	EXP 	image: autoDraw = False
33.9704 	EXP 	fixation: autoDraw = False
33.9704 	EXP 	image: autoDraw = False
33.9704 	EXP 	fixation: autoDraw = False
33.9704 	EXP 	image_2: autoDraw = True
33.9704 	EXP 	fixation_2: autoDraw = True
34.1216 	EXP 	New trial (rep=70, index=0): None
34.1310 	EXP 	image_2: autoDraw = False
34.1310 	EXP 	fixation_2: autoDraw = False
34.1310 	EXP 	image_2: autoDraw = False
34.1310 	EXP 	fixation_2: autoDraw = False
34.1310 	EXP 	image: autoDraw = True
34.1310 	EXP 	fixation: autoDraw = True
34.2883 	EXP 	image: autoDraw = False
34.2883 	EXP 	fixation: autoDraw = False
34.2883 	EXP 	image: autoDraw = False
34.2883 	EXP 	fixation: autoDraw = False
34.2883 	EXP 	image_2: autoDraw = True
34.2883 	EXP 	fixation_2: autoDraw = True
34.4379 	EXP 	New trial (rep=71, index=0): None
34.4477 	EXP 	image_2: autoDraw = False
34.4477 	EXP 	fixation_2: autoDraw = False
34.4477 	EXP 	image_2: autoDraw = False
34.4477 	EXP 	fixation_2: autoDraw = False
34.4477 	EXP 	image: autoDraw = True
34.4477 	EXP 	fixation: autoDraw = True
34.6025 	EXP 	image: autoDraw = False
34.6025 	EXP 	fixation: autoDraw = False
34.6025 	EXP 	image: autoDraw = False
34.6025 	EXP 	fixation: autoDraw = False
34.6025 	EXP 	image_2: autoDraw = True
34.6025 	EXP 	fixation_2: autoDraw = True
34.7544 	EXP 	New trial (rep=72, index=0): None
34.7642 	EXP 	image_2: autoDraw = False
34.7642 	EXP 	fixation_2: autoDraw = False
34.7642 	EXP 	image_2: autoDraw = False
34.7642 	EXP 	fixation_2: autoDraw = False
34.7642 	EXP 	image: autoDraw = True
34.7642 	EXP 	fixation: autoDraw = True
34.9203 	EXP 	image: autoDraw = False
34.9203 	EXP 	fixation: autoDraw = False
34.9203 	EXP 	image: autoDraw = False
34.9203 	EXP 	fixation: autoDraw = False
34.9203 	EXP 	image_2: autoDraw = True
34.9203 	EXP 	fixation_2: autoDraw = True
35.0711 	EXP 	New trial (rep=73, index=0): None
35.0809 	EXP 	image_2: autoDraw = False
35.0809 	EXP 	fixation_2: autoDraw = False
35.0809 	EXP 	image_2: autoDraw = False
35.0809 	EXP 	fixation_2: autoDraw = False
35.0809 	EXP 	image: autoDraw = True
35.0809 	EXP 	fixation: autoDraw = True
35.2375 	EXP 	image: autoDraw = False
35.2375 	EXP 	fixation: autoDraw = False
35.2375 	EXP 	image: autoDraw = False
35.2375 	EXP 	fixation: autoDraw = False
35.2375 	EXP 	image_2: autoDraw = True
35.2375 	EXP 	fixation_2: autoDraw = True
35.3877 	EXP 	New trial (rep=74, index=0): None
35.3975 	EXP 	image_2: autoDraw = False
35.3975 	EXP 	fixation_2: autoDraw = False
35.3975 	EXP 	image_2: autoDraw = False
35.3975 	EXP 	fixation_2: autoDraw = False
35.3975 	EXP 	image: autoDraw = True
35.3975 	EXP 	fixation: autoDraw = True
35.5525 	EXP 	image: autoDraw = False
35.5525 	EXP 	fixation: autoDraw = False
35.5525 	EXP 	image: autoDraw = False
35.5525 	EXP 	fixation: autoDraw = False
35.5525 	EXP 	image_2: autoDraw = True
35.5525 	EXP 	fixation_2: autoDraw = True
35.7029 	EXP 	New trial (rep=75, index=0): None
35.7150 	EXP 	image_2: autoDraw = False
35.7150 	EXP 	fixation_2: autoDraw = False
35.7150 	EXP 	image_2: autoDraw = False
35.7150 	EXP 	fixation_2: autoDraw = False
35.7150 	EXP 	image: autoDraw = True
35.7150 	EXP 	fixation: autoDraw = True
35.8701 	EXP 	image: autoDraw = False
35.8701 	EXP 	fixation: autoDraw = False
35.8701 	EXP 	image: autoDraw = False
35.8701 	EXP 	fixation: autoDraw = False
35.8701 	EXP 	image_2: autoDraw = True
35.8701 	EXP 	fixation_2: autoDraw = True
36.0207 	EXP 	New trial (rep=76, index=0): None
36.0310 	EXP 	image_2: autoDraw = False
36.0310 	EXP 	fixation_2: autoDraw = False
36.0310 	EXP 	image_2: autoDraw = False
36.0310 	EXP 	fixation_2: autoDraw = False
36.0310 	EXP 	image: autoDraw = True
36.0310 	EXP 	fixation: autoDraw = True
36.1868 	EXP 	image: autoDraw = False
36.1868 	EXP 	fixation: autoDraw = False
36.1868 	EXP 	image: autoDraw = False
36.1868 	EXP 	fixation: autoDraw = False
36.1868 	EXP 	image_2: autoDraw = True
36.1868 	EXP 	fixation_2: autoDraw = True
36.3385 	EXP 	New trial (rep=77, index=0): None
36.3475 	EXP 	image_2: autoDraw = False
36.3475 	EXP 	fixation_2: autoDraw = False
36.3475 	EXP 	image_2: autoDraw = False
36.3475 	EXP 	fixation_2: autoDraw = False
36.3475 	EXP 	image: autoDraw = True
36.3475 	EXP 	fixation: autoDraw = True
36.5035 	EXP 	image: autoDraw = False
36.5035 	EXP 	fixation: autoDraw = False
36.5035 	EXP 	image: autoDraw = False
36.5035 	EXP 	fixation: autoDraw = False
36.5035 	EXP 	image_2: autoDraw = True
36.5035 	EXP 	fixation_2: autoDraw = True
36.6542 	EXP 	New trial (rep=78, index=0): None
36.6642 	EXP 	image_2: autoDraw = False
36.6642 	EXP 	fixation_2: autoDraw = False
36.6642 	EXP 	image_2: autoDraw = False
36.6642 	EXP 	fixation_2: autoDraw = False
36.6642 	EXP 	image: autoDraw = True
36.6642 	EXP 	fixation: autoDraw = True
36.8206 	EXP 	image: autoDraw = False
36.8206 	EXP 	fixation: autoDraw = False
36.8206 	EXP 	image: autoDraw = False
36.8206 	EXP 	fixation: autoDraw = False
36.8206 	EXP 	image_2: autoDraw = True
36.8206 	EXP 	fixation_2: autoDraw = True
36.9709 	EXP 	New trial (rep=79, index=0): None
36.9808 	EXP 	image_2: autoDraw = False
36.9808 	EXP 	fixation_2: autoDraw = False
36.9808 	EXP 	image_2: autoDraw = False
36.9808 	EXP 	fixation_2: autoDraw = False
36.9808 	EXP 	image: autoDraw = True
36.9808 	EXP 	fixation: autoDraw = True
37.1374 	EXP 	image: autoDraw = False
37.1374 	EXP 	fixation: autoDraw = False
37.1374 	EXP 	image: autoDraw = False
37.1374 	EXP 	fixation: autoDraw = False
37.1374 	EXP 	image_2: autoDraw = True
37.1374 	EXP 	fixation_2: autoDraw = True
37.2881 	EXP 	New trial (rep=80, index=0): None
37.2975 	EXP 	image_2: autoDraw = False
37.2975 	EXP 	fixation_2: autoDraw = False
37.2975 	EXP 	image_2: autoDraw = False
37.2975 	EXP 	fixation_2: autoDraw = False
37.2975 	EXP 	image: autoDraw = True
37.2975 	EXP 	fixation: autoDraw = True
37.4539 	EXP 	image: autoDraw = False
37.4539 	EXP 	fixation: autoDraw = False
37.4539 	EXP 	image: autoDraw = False
37.4539 	EXP 	fixation: autoDraw = False
37.4539 	EXP 	image_2: autoDraw = True
37.4539 	EXP 	fixation_2: autoDraw = True
37.6043 	EXP 	New trial (rep=81, index=0): None
37.6142 	EXP 	image_2: autoDraw = False
37.6142 	EXP 	fixation_2: autoDraw = False
37.6142 	EXP 	image_2: autoDraw = False
37.6142 	EXP 	fixation_2: autoDraw = False
37.6142 	EXP 	image: autoDraw = True
37.6142 	EXP 	fixation: autoDraw = True
37.7705 	EXP 	image: autoDraw = False
37.7705 	EXP 	fixation: autoDraw = False
37.7705 	EXP 	image: autoDraw = False
37.7705 	EXP 	fixation: autoDraw = False
37.7705 	EXP 	image_2: autoDraw = True
37.7705 	EXP 	fixation_2: autoDraw = True
37.9211 	EXP 	New trial (rep=82, index=0): None
37.9310 	EXP 	image_2: autoDraw = False
37.9310 	EXP 	fixation_2: autoDraw = False
37.9310 	EXP 	image_2: autoDraw = False
37.9310 	EXP 	fixation_2: autoDraw = False
37.9310 	EXP 	image: autoDraw = True
37.9310 	EXP 	fixation: autoDraw = True
38.0855 	EXP 	image: autoDraw = False
38.0855 	EXP 	fixation: autoDraw = False
38.0855 	EXP 	image: autoDraw = False
38.0855 	EXP 	fixation: autoDraw = False
38.0855 	EXP 	image_2: autoDraw = True
38.0855 	EXP 	fixation_2: autoDraw = True
38.2380 	EXP 	New trial (rep=83, index=0): None
38.2476 	EXP 	image_2: autoDraw = False
38.2476 	EXP 	fixation_2: autoDraw = False
38.2476 	EXP 	image_2: autoDraw = False
38.2476 	EXP 	fixation_2: autoDraw = False
38.2476 	EXP 	image: autoDraw = True
38.2476 	EXP 	fixation: autoDraw = True
38.4044 	EXP 	image: autoDraw = False
38.4044 	EXP 	fixation: autoDraw = False
38.4044 	EXP 	image: autoDraw = False
38.4044 	EXP 	fixation: autoDraw = False
38.4044 	EXP 	image_2: autoDraw = True
38.4044 	EXP 	fixation_2: autoDraw = True
38.5541 	EXP 	New trial (rep=84, index=0): None
38.5645 	EXP 	image_2: autoDraw = False
38.5645 	EXP 	fixation_2: autoDraw = False
38.5645 	EXP 	image_2: autoDraw = False
38.5645 	EXP 	fixation_2: autoDraw = False
38.5645 	EXP 	image: autoDraw = True
38.5645 	EXP 	fixation: autoDraw = True
38.7188 	EXP 	image: autoDraw = False
38.7188 	EXP 	fixation: autoDraw = False
38.7188 	EXP 	image: autoDraw = False
38.7188 	EXP 	fixation: autoDraw = False
38.7188 	EXP 	image_2: autoDraw = True
38.7188 	EXP 	fixation_2: autoDraw = True
38.8697 	EXP 	New trial (rep=85, index=0): None
38.8809 	EXP 	image_2: autoDraw = False
38.8809 	EXP 	fixation_2: autoDraw = False
38.8809 	EXP 	image_2: autoDraw = False
38.8809 	EXP 	fixation_2: autoDraw = False
38.8809 	EXP 	image: autoDraw = True
38.8809 	EXP 	fixation: autoDraw = True
39.0371 	EXP 	image: autoDraw = False
39.0371 	EXP 	fixation: autoDraw = False
39.0371 	EXP 	image: autoDraw = False
39.0371 	EXP 	fixation: autoDraw = False
39.0371 	EXP 	image_2: autoDraw = True
39.0371 	EXP 	fixation_2: autoDraw = True
39.1876 	EXP 	New trial (rep=86, index=0): None
39.1979 	EXP 	image_2: autoDraw = False
39.1979 	EXP 	fixation_2: autoDraw = False
39.1979 	EXP 	image_2: autoDraw = False
39.1979 	EXP 	fixation_2: autoDraw = False
39.1979 	EXP 	image: autoDraw = True
39.1979 	EXP 	fixation: autoDraw = True
39.3531 	EXP 	image: autoDraw = False
39.3531 	EXP 	fixation: autoDraw = False
39.3531 	EXP 	image: autoDraw = False
39.3531 	EXP 	fixation: autoDraw = False
39.3531 	EXP 	image_2: autoDraw = True
39.3531 	EXP 	fixation_2: autoDraw = True
39.5045 	EXP 	New trial (rep=87, index=0): None
39.5141 	EXP 	image_2: autoDraw = False
39.5141 	EXP 	fixation_2: autoDraw = False
39.5141 	EXP 	image_2: autoDraw = False
39.5141 	EXP 	fixation_2: autoDraw = False
39.5141 	EXP 	image: autoDraw = True
39.5141 	EXP 	fixation: autoDraw = True
39.6709 	EXP 	image: autoDraw = False
39.6709 	EXP 	fixation: autoDraw = False
39.6709 	EXP 	image: autoDraw = False
39.6709 	EXP 	fixation: autoDraw = False
39.6709 	EXP 	image_2: autoDraw = True
39.6709 	EXP 	fixation_2: autoDraw = True
39.8208 	EXP 	New trial (rep=88, index=0): None
39.8310 	EXP 	image_2: autoDraw = False
39.8310 	EXP 	fixation_2: autoDraw = False
39.8310 	EXP 	image_2: autoDraw = False
39.8310 	EXP 	fixation_2: autoDraw = False
39.8310 	EXP 	image: autoDraw = True
39.8310 	EXP 	fixation: autoDraw = True
39.9860 	EXP 	image: autoDraw = False
39.9860 	EXP 	fixation: autoDraw = False
39.9860 	EXP 	image: autoDraw = False
39.9860 	EXP 	fixation: autoDraw = False
39.9860 	EXP 	image_2: autoDraw = True
39.9860 	EXP 	fixation_2: autoDraw = True
40.1375 	EXP 	New trial (rep=89, index=0): None
40.1475 	EXP 	image_2: autoDraw = False
40.1475 	EXP 	fixation_2: autoDraw = False
40.1475 	EXP 	image_2: autoDraw = False
40.1475 	EXP 	fixation_2: autoDraw = False
40.1475 	EXP 	image: autoDraw = True
40.1475 	EXP 	fixation: autoDraw = True
40.3038 	EXP 	image: autoDraw = False
40.3038 	EXP 	fixation: autoDraw = False
40.3038 	EXP 	image: autoDraw = False
40.3038 	EXP 	fixation: autoDraw = False
40.3038 	EXP 	image_2: autoDraw = True
40.3038 	EXP 	fixation_2: autoDraw = True
40.4544 	EXP 	New trial (rep=90, index=0): None
40.4645 	EXP 	image_2: autoDraw = False
40.4645 	EXP 	fixation_2: autoDraw = False
40.4645 	EXP 	image_2: autoDraw = False
40.4645 	EXP 	fixation_2: autoDraw = False
40.4645 	EXP 	image: autoDraw = True
40.4645 	EXP 	fixation: autoDraw = True
40.6197 	EXP 	image: autoDraw = False
40.6197 	EXP 	fixation: autoDraw = False
40.6197 	EXP 	image: autoDraw = False
40.6197 	EXP 	fixation: autoDraw = False
40.6197 	EXP 	image_2: autoDraw = True
40.6197 	EXP 	fixation_2: autoDraw = True
40.7708 	EXP 	New trial (rep=91, index=0): None
40.7808 	EXP 	image_2: autoDraw = False
40.7808 	EXP 	fixation_2: autoDraw = False
40.7808 	EXP 	image_2: autoDraw = False
40.7808 	EXP 	fixation_2: autoDraw = False
40.7808 	EXP 	image: autoDraw = True
40.7808 	EXP 	fixation: autoDraw = True
40.9364 	EXP 	image: autoDraw = False
40.9364 	EXP 	fixation: autoDraw = False
40.9364 	EXP 	image: autoDraw = False
40.9364 	EXP 	fixation: autoDraw = False
40.9364 	EXP 	image_2: autoDraw = True
40.9364 	EXP 	fixation_2: autoDraw = True
41.0871 	EXP 	New trial (rep=92, index=0): None
41.0976 	EXP 	image_2: autoDraw = False
41.0976 	EXP 	fixation_2: autoDraw = False
41.0976 	EXP 	image_2: autoDraw = False
41.0976 	EXP 	fixation_2: autoDraw = False
41.0976 	EXP 	image: autoDraw = True
41.0976 	EXP 	fixation: autoDraw = True
41.2541 	EXP 	image: autoDraw = False
41.2541 	EXP 	fixation: autoDraw = False
41.2541 	EXP 	image: autoDraw = False
41.2541 	EXP 	fixation: autoDraw = False
41.2541 	EXP 	image_2: autoDraw = True
41.2541 	EXP 	fixation_2: autoDraw = True
41.4039 	EXP 	New trial (rep=93, index=0): None
41.4143 	EXP 	image_2: autoDraw = False
41.4143 	EXP 	fixation_2: autoDraw = False
41.4143 	EXP 	image_2: autoDraw = False
41.4143 	EXP 	fixation_2: autoDraw = False
41.4143 	EXP 	image: autoDraw = True
41.4143 	EXP 	fixation: autoDraw = True
41.5705 	EXP 	image: autoDraw = False
41.5705 	EXP 	fixation: autoDraw = False
41.5705 	EXP 	image: autoDraw = False
41.5705 	EXP 	fixation: autoDraw = False
41.5705 	EXP 	image_2: autoDraw = True
41.5705 	EXP 	fixation_2: autoDraw = True
41.7214 	EXP 	New trial (rep=94, index=0): None
41.7310 	EXP 	image_2: autoDraw = False
41.7310 	EXP 	fixation_2: autoDraw = False
41.7310 	EXP 	image_2: autoDraw = False
41.7310 	EXP 	fixation_2: autoDraw = False
41.7310 	EXP 	image: autoDraw = True
41.7310 	EXP 	fixation: autoDraw = True
41.8854 	EXP 	image: autoDraw = False
41.8854 	EXP 	fixation: autoDraw = False
41.8854 	EXP 	image: autoDraw = False
41.8854 	EXP 	fixation: autoDraw = False
41.8854 	EXP 	image_2: autoDraw = True
41.8854 	EXP 	fixation_2: autoDraw = True
42.0379 	EXP 	New trial (rep=95, index=0): None
42.0478 	EXP 	image_2: autoDraw = False
42.0478 	EXP 	fixation_2: autoDraw = False
42.0478 	EXP 	image_2: autoDraw = False
42.0478 	EXP 	fixation_2: autoDraw = False
42.0478 	EXP 	image: autoDraw = True
42.0478 	EXP 	fixation: autoDraw = True
42.2040 	EXP 	image: autoDraw = False
42.2040 	EXP 	fixation: autoDraw = False
42.2040 	EXP 	image: autoDraw = False
42.2040 	EXP 	fixation: autoDraw = False
42.2040 	EXP 	image_2: autoDraw = True
42.2040 	EXP 	fixation_2: autoDraw = True
42.3544 	EXP 	New trial (rep=96, index=0): None
42.3643 	EXP 	image_2: autoDraw = False
42.3643 	EXP 	fixation_2: autoDraw = False
42.3643 	EXP 	image_2: autoDraw = False
42.3643 	EXP 	fixation_2: autoDraw = False
42.3643 	EXP 	image: autoDraw = True
42.3643 	EXP 	fixation: autoDraw = True
42.5202 	EXP 	image: autoDraw = False
42.5202 	EXP 	fixation: autoDraw = False
42.5202 	EXP 	image: autoDraw = False
42.5202 	EXP 	fixation: autoDraw = False
42.5202 	EXP 	image_2: autoDraw = True
42.5202 	EXP 	fixation_2: autoDraw = True
42.6709 	EXP 	New trial (rep=97, index=0): None
42.6809 	EXP 	image_2: autoDraw = False
42.6809 	EXP 	fixation_2: autoDraw = False
42.6809 	EXP 	image_2: autoDraw = False
42.6809 	EXP 	fixation_2: autoDraw = False
42.6809 	EXP 	image: autoDraw = True
42.6809 	EXP 	fixation: autoDraw = True
42.8370 	EXP 	image: autoDraw = False
42.8370 	EXP 	fixation: autoDraw = False
42.8370 	EXP 	image: autoDraw = False
42.8370 	EXP 	fixation: autoDraw = False
42.8370 	EXP 	image_2: autoDraw = True
42.8370 	EXP 	fixation_2: autoDraw = True
42.9877 	EXP 	New trial (rep=98, index=0): None
42.9976 	EXP 	image_2: autoDraw = False
42.9976 	EXP 	fixation_2: autoDraw = False
42.9976 	EXP 	image_2: autoDraw = False
42.9976 	EXP 	fixation_2: autoDraw = False
42.9976 	EXP 	image: autoDraw = True
42.9976 	EXP 	fixation: autoDraw = True
43.1548 	EXP 	image: autoDraw = False
43.1548 	EXP 	fixation: autoDraw = False
43.1548 	EXP 	image: autoDraw = False
43.1548 	EXP 	fixation: autoDraw = False
43.1548 	EXP 	image_2: autoDraw = True
43.1548 	EXP 	fixation_2: autoDraw = True
43.3041 	EXP 	New trial (rep=99, index=0): None
43.3143 	EXP 	image_2: autoDraw = False
43.3143 	EXP 	fixation_2: autoDraw = False
43.3143 	EXP 	image_2: autoDraw = False
43.3143 	EXP 	fixation_2: autoDraw = False
43.3143 	EXP 	image: autoDraw = True
43.3143 	EXP 	fixation: autoDraw = True
43.4693 	EXP 	image: autoDraw = False
43.4693 	EXP 	fixation: autoDraw = False
43.4693 	EXP 	image: autoDraw = False
43.4693 	EXP 	fixation: autoDraw = False
43.4693 	EXP 	image_2: autoDraw = True
43.4693 	EXP 	fixation_2: autoDraw = True
43.6309 	EXP 	image_2: autoDraw = False
43.6309 	EXP 	fixation_2: autoDraw = False
43.6309 	EXP 	image_2: autoDraw = False
43.6309 	EXP 	fixation_2: autoDraw = False
43.7218 	EXP 	window1: mouseVisible = True
