1.1515 	WARNING 	We strongly recommend you activate the PTB sound engine in PsychoPy prefs as the preferred audio engine. Its timing is vastly superior. Your prefs are currently set to use ['sounddevice', 'PTB', 'pyo', 'pygame'] (in that order).
5.7553 	WARNING 	User requested fullscreen with size [1024  768], but screen is actually [2560, 1080]. Using actual size
6.9702 	WARNING 	Couldn't measure a consistent frame rate!
  - Is your graphics card set to sync to vertical blank?
  - Are you running other processes on your computer?

6.9709 	EXP 	Created window1 = Window(allowGUI=True, allowStencil=False, autoLog=True, backendConf=UNKNOWN, bitsMode=UNKNOWN, blendMode='avg', bpc=(8, 8, 8), color=array([0, 0, 0]), colorSpace='rgb', depthBits=8, fullscr=<method-wrapper '__getattribute__' of attributeSetter object at 0x7f8d59376bb0>, gamma=None, gammaErrorPolicy='raise', lms=UNKNOWN, monitor=<psychopy.monitors.calibTools.Monitor object at 0x7f8d12282730>, multiSample=False, name='window1', numSamples=2, pos=[0.0, 0.0], screen=0, size=array([2560, 1080]), stencilBits=0, stereo=False, units='height', useFBO=True, useRetina=False, viewOri=0.0, viewPos=None, viewScale=None, waitBlanking=True, winType='pyglet')
6.9712 	EXP 	window1: mouseVisible = True
6.9721 	EXP 	window1: mouseVisible = False
6.9721 	EXP 	window1: Attempting to measure frame rate of screen (0) ...
6.9722 	EXP 	window1: recordFrameIntervals = False
7.0529 	EXP 	window1: recordFrameIntervals = True
7.8868 	WARNING 	Couldn't measure a consistent frame rate!
  - Is your graphics card set to sync to vertical blank?
  - Are you running other processes on your computer?

10.1678 	EXP 	Created image = ImageStim(__class__=<class 'psychopy.visual.image.ImageStim'>, anchor=('center', 'center'), autoLog=True, color=array([1, 1, 1]), colorSpace='rgb', contrast=1.0, depth=-1.0, flipHoriz=False, flipVert=False, image=str(...), interpolate=True, mask=None, maskParams=None, name='image', opacity=1.0, ori=0.0, pos=array([0., 0.]), size=array([0.5, 0.5]), texRes=128.0, units='height', win=Window(...))
10.1743 	EXP 	Created fixation = ShapeStim(__class__=<class 'psychopy.visual.shape.ShapeStim'>, anchor=('center', 'center'), autoDraw=False, autoLog=True, closeShape=True, color=method-wrapper(...), colorSpace='rgb', contrast=None, depth=-2.0, fillColor=array([ 1, -1, -1]), fillColorSpace='rgb', fillRGB=array([ 1, -1, -1]), interpolate=True, lineColor=array([ 1, -1, -1]), lineColorSpace='rgb', lineRGB=array([ 1, -1, -1]), lineWidth=1.0, name='fixation', opacity=1.0, ori=0.0, pos=array([0., 0.]), size=array([0.01, 0.01]), units='height', vertices=ndarray(...), win=Window(...), windingRule=None)
10.4127 	EXP 	Created image_2 = ImageStim(__class__=<class 'psychopy.visual.image.ImageStim'>, anchor=('center', 'center'), autoLog=True, color=array([1, 1, 1]), colorSpace='rgb', contrast=1.0, depth=-1.0, flipHoriz=False, flipVert=False, image=str(...), interpolate=True, mask=None, maskParams=None, name='image_2', opacity=1.0, ori=0.0, pos=array([0., 0.]), size=array([0.5, 0.5]), texRes=128.0, units='height', win=Window(...))
10.4157 	EXP 	Created fixation_2 = ShapeStim(__class__=<class 'psychopy.visual.shape.ShapeStim'>, anchor=('center', 'center'), autoDraw=False, autoLog=True, closeShape=True, color=method-wrapper(...), colorSpace='rgb', contrast=None, depth=-2.0, fillColor=array([ 1, -1, -1]), fillColorSpace='rgb', fillRGB=array([ 1, -1, -1]), interpolate=True, lineColor=array([ 1, -1, -1]), lineColorSpace='rgb', lineRGB=array([ 1, -1, -1]), lineWidth=1.0, name='fixation_2', opacity=1.0, ori=0.0, pos=array([0., 0.]), size=array([0.01, 0.01]), units='height', vertices=ndarray(...), win=Window(...), windingRule=None)
10.4169 	EXP 	Created sequence: random, trialTypes=1, nReps=100, seed=None
10.4173 	EXP 	New trial (rep=0, index=0): None
10.4689 	WARNING 	t of last frame was 2582.38ms (=1/0)
10.4689 	EXP 	image: autoDraw = True
10.4689 	EXP 	fixation: autoDraw = True
10.6415 	WARNING 	t of last frame was 22.73ms (=1/44)
10.6415 	EXP 	image: autoDraw = False
10.6415 	EXP 	fixation: autoDraw = False
10.6415 	EXP 	image: autoDraw = False
10.6415 	EXP 	fixation: autoDraw = False
10.6415 	EXP 	image_2: autoDraw = True
10.6415 	EXP 	fixation_2: autoDraw = True
10.7998 	EXP 	New trial (rep=1, index=0): None
10.8047 	EXP 	image_2: autoDraw = False
10.8047 	EXP 	fixation_2: autoDraw = False
10.8047 	EXP 	image_2: autoDraw = False
10.8047 	EXP 	fixation_2: autoDraw = False
10.8047 	EXP 	image: autoDraw = True
10.8047 	EXP 	fixation: autoDraw = True
10.9650 	EXP 	image: autoDraw = False
10.9650 	EXP 	fixation: autoDraw = False
10.9650 	EXP 	image: autoDraw = False
10.9650 	EXP 	fixation: autoDraw = False
10.9650 	EXP 	image_2: autoDraw = True
10.9650 	EXP 	fixation_2: autoDraw = True
11.1163 	EXP 	New trial (rep=2, index=0): None
11.1212 	EXP 	image_2: autoDraw = False
11.1212 	EXP 	fixation_2: autoDraw = False
11.1212 	EXP 	image_2: autoDraw = False
11.1212 	EXP 	fixation_2: autoDraw = False
11.1212 	EXP 	image: autoDraw = True
11.1212 	EXP 	fixation: autoDraw = True
11.2813 	EXP 	image: autoDraw = False
11.2813 	EXP 	fixation: autoDraw = False
11.2813 	EXP 	image: autoDraw = False
11.2813 	EXP 	fixation: autoDraw = False
11.2813 	EXP 	image_2: autoDraw = True
11.2813 	EXP 	fixation_2: autoDraw = True
11.4336 	EXP 	New trial (rep=3, index=0): None
11.4381 	EXP 	image_2: autoDraw = False
11.4381 	EXP 	fixation_2: autoDraw = False
11.4381 	EXP 	image_2: autoDraw = False
11.4381 	EXP 	fixation_2: autoDraw = False
11.4381 	EXP 	image: autoDraw = True
11.4381 	EXP 	fixation: autoDraw = True
11.5983 	EXP 	image: autoDraw = False
11.5983 	EXP 	fixation: autoDraw = False
11.5983 	EXP 	image: autoDraw = False
11.5983 	EXP 	fixation: autoDraw = False
11.5983 	EXP 	image_2: autoDraw = True
11.5983 	EXP 	fixation_2: autoDraw = True
11.7505 	EXP 	New trial (rep=4, index=0): None
11.7565 	EXP 	image_2: autoDraw = False
11.7565 	EXP 	fixation_2: autoDraw = False
11.7565 	EXP 	image_2: autoDraw = False
11.7565 	EXP 	fixation_2: autoDraw = False
11.7565 	EXP 	image: autoDraw = True
11.7565 	EXP 	fixation: autoDraw = True
11.9212 	EXP 	image: autoDraw = False
11.9212 	EXP 	fixation: autoDraw = False
11.9212 	EXP 	image: autoDraw = False
11.9212 	EXP 	fixation: autoDraw = False
11.9212 	EXP 	image_2: autoDraw = True
11.9212 	EXP 	fixation_2: autoDraw = True
12.0708 	EXP 	New trial (rep=5, index=0): None
12.0814 	EXP 	image_2: autoDraw = False
12.0814 	EXP 	fixation_2: autoDraw = False
12.0814 	EXP 	image_2: autoDraw = False
12.0814 	EXP 	fixation_2: autoDraw = False
12.0814 	EXP 	image: autoDraw = True
12.0814 	EXP 	fixation: autoDraw = True
12.2375 	EXP 	image: autoDraw = False
12.2375 	EXP 	fixation: autoDraw = False
12.2375 	EXP 	image: autoDraw = False
12.2375 	EXP 	fixation: autoDraw = False
12.2375 	EXP 	image_2: autoDraw = True
12.2375 	EXP 	fixation_2: autoDraw = True
12.3882 	EXP 	New trial (rep=6, index=0): None
12.3982 	EXP 	image_2: autoDraw = False
12.3982 	EXP 	fixation_2: autoDraw = False
12.3982 	EXP 	image_2: autoDraw = False
12.3982 	EXP 	fixation_2: autoDraw = False
12.3982 	EXP 	image: autoDraw = True
12.3982 	EXP 	fixation: autoDraw = True
12.5547 	EXP 	image: autoDraw = False
12.5547 	EXP 	fixation: autoDraw = False
12.5547 	EXP 	image: autoDraw = False
12.5547 	EXP 	fixation: autoDraw = False
12.5547 	EXP 	image_2: autoDraw = True
12.5547 	EXP 	fixation_2: autoDraw = True
12.7056 	EXP 	New trial (rep=7, index=0): None
12.7149 	EXP 	image_2: autoDraw = False
12.7149 	EXP 	fixation_2: autoDraw = False
12.7149 	EXP 	image_2: autoDraw = False
12.7149 	EXP 	fixation_2: autoDraw = False
12.7149 	EXP 	image: autoDraw = True
12.7149 	EXP 	fixation: autoDraw = True
12.8710 	EXP 	image: autoDraw = False
12.8710 	EXP 	fixation: autoDraw = False
12.8710 	EXP 	image: autoDraw = False
12.8710 	EXP 	fixation: autoDraw = False
12.8710 	EXP 	image_2: autoDraw = True
12.8710 	EXP 	fixation_2: autoDraw = True
13.0214 	EXP 	New trial (rep=8, index=0): None
13.0315 	EXP 	image_2: autoDraw = False
13.0315 	EXP 	fixation_2: autoDraw = False
13.0315 	EXP 	image_2: autoDraw = False
13.0315 	EXP 	fixation_2: autoDraw = False
13.0315 	EXP 	image: autoDraw = True
13.0315 	EXP 	fixation: autoDraw = True
13.1879 	EXP 	image: autoDraw = False
13.1879 	EXP 	fixation: autoDraw = False
13.1879 	EXP 	image: autoDraw = False
13.1879 	EXP 	fixation: autoDraw = False
13.1879 	EXP 	image_2: autoDraw = True
13.1879 	EXP 	fixation_2: autoDraw = True
13.3389 	EXP 	New trial (rep=9, index=0): None
13.3480 	EXP 	image_2: autoDraw = False
13.3480 	EXP 	fixation_2: autoDraw = False
13.3480 	EXP 	image_2: autoDraw = False
13.3480 	EXP 	fixation_2: autoDraw = False
13.3480 	EXP 	image: autoDraw = True
13.3480 	EXP 	fixation: autoDraw = True
13.5048 	EXP 	image: autoDraw = False
13.5048 	EXP 	fixation: autoDraw = False
13.5048 	EXP 	image: autoDraw = False
13.5048 	EXP 	fixation: autoDraw = False
13.5048 	EXP 	image_2: autoDraw = True
13.5048 	EXP 	fixation_2: autoDraw = True
13.6556 	EXP 	New trial (rep=10, index=0): None
13.6648 	EXP 	image_2: autoDraw = False
13.6648 	EXP 	fixation_2: autoDraw = False
13.6648 	EXP 	image_2: autoDraw = False
13.6648 	EXP 	fixation_2: autoDraw = False
13.6648 	EXP 	image: autoDraw = True
13.6648 	EXP 	fixation: autoDraw = True
13.8202 	EXP 	image: autoDraw = False
13.8202 	EXP 	fixation: autoDraw = False
13.8202 	EXP 	image: autoDraw = False
13.8202 	EXP 	fixation: autoDraw = False
13.8202 	EXP 	image_2: autoDraw = True
13.8202 	EXP 	fixation_2: autoDraw = True
13.9716 	EXP 	New trial (rep=11, index=0): None
13.9814 	EXP 	image_2: autoDraw = False
13.9814 	EXP 	fixation_2: autoDraw = False
13.9814 	EXP 	image_2: autoDraw = False
13.9814 	EXP 	fixation_2: autoDraw = False
13.9814 	EXP 	image: autoDraw = True
13.9814 	EXP 	fixation: autoDraw = True
14.1380 	EXP 	image: autoDraw = False
14.1380 	EXP 	fixation: autoDraw = False
14.1380 	EXP 	image: autoDraw = False
14.1380 	EXP 	fixation: autoDraw = False
14.1380 	EXP 	image_2: autoDraw = True
14.1380 	EXP 	fixation_2: autoDraw = True
14.2898 	EXP 	New trial (rep=12, index=0): None
14.2982 	EXP 	image_2: autoDraw = False
14.2982 	EXP 	fixation_2: autoDraw = False
14.2982 	EXP 	image_2: autoDraw = False
14.2982 	EXP 	fixation_2: autoDraw = False
14.2982 	EXP 	image: autoDraw = True
14.2982 	EXP 	fixation: autoDraw = True
14.4537 	EXP 	image: autoDraw = False
14.4537 	EXP 	fixation: autoDraw = False
14.4537 	EXP 	image: autoDraw = False
14.4537 	EXP 	fixation: autoDraw = False
14.4537 	EXP 	image_2: autoDraw = True
14.4537 	EXP 	fixation_2: autoDraw = True
14.6046 	EXP 	New trial (rep=13, index=0): None
14.6149 	EXP 	image_2: autoDraw = False
14.6149 	EXP 	fixation_2: autoDraw = False
14.6149 	EXP 	image_2: autoDraw = False
14.6149 	EXP 	fixation_2: autoDraw = False
14.6149 	EXP 	image: autoDraw = True
14.6149 	EXP 	fixation: autoDraw = True
14.7719 	EXP 	image: autoDraw = False
14.7719 	EXP 	fixation: autoDraw = False
14.7719 	EXP 	image: autoDraw = False
14.7719 	EXP 	fixation: autoDraw = False
14.7719 	EXP 	image_2: autoDraw = True
14.7719 	EXP 	fixation_2: autoDraw = True
14.9223 	EXP 	New trial (rep=14, index=0): None
14.9314 	EXP 	image_2: autoDraw = False
14.9314 	EXP 	fixation_2: autoDraw = False
14.9314 	EXP 	image_2: autoDraw = False
14.9314 	EXP 	fixation_2: autoDraw = False
14.9314 	EXP 	image: autoDraw = True
14.9314 	EXP 	fixation: autoDraw = True
15.1005 	DATA 	Keypress: escape
15.1059 	WARNING 	t of last frame was 68.67ms (=1/14)
15.1145 	EXP 	image: autoDraw = False
15.1145 	EXP 	fixation: autoDraw = False
15.1145 	EXP 	image: autoDraw = False
15.1145 	EXP 	fixation: autoDraw = False
15.1145 	EXP 	image_2: autoDraw = True
15.1145 	EXP 	fixation_2: autoDraw = True
15.4954 	EXP 	window1: mouseVisible = True
