1.5511 	WARNING 	We strongly recommend you activate the PTB sound engine in PsychoPy prefs as the preferred audio engine. Its timing is vastly superior. Your prefs are currently set to use ['sounddevice', 'PTB', 'pyo', 'pygame'] (in that order).
6.9032 	WARNING 	User requested fullscreen with size [1024  768], but screen is actually [1440, 900]. Using actual size
8.3364 	WARNING 	Couldn't measure a consistent frame rate!
  - Is your graphics card set to sync to vertical blank?
  - Are you running other processes on your computer?

8.3380 	EXP 	Created window1 = Window(allowGUI=True, allowStencil=False, autoLog=True, backendConf=UNKNOWN, bitsMode=UNKNOWN, blendMode='avg', bpc=(8, 8, 8), color=array([0, 0, 0]), colorSpace='rgb', depthBits=8, fullscr=<method-wrapper '__getattribute__' of attributeSetter object at 0x7fc409886bb0>, gamma=None, gammaErrorPolicy='raise', lms=UNKNOWN, monitor=<psychopy.monitors.calibTools.Monitor object at 0x7fc419957880>, multiSample=False, name='window1', numSamples=2, pos=[360.0, 225.0], screen=0, size=array([2880, 1800]), stencilBits=0, stereo=False, units='height', useFBO=True, useRetina=True, viewOri=0.0, viewPos=None, viewScale=None, waitBlanking=True, winType='pyglet')
8.3382 	EXP 	window1: mouseVisible = True
8.3389 	EXP 	window1: mouseVisible = False
8.3389 	EXP 	window1: Attempting to measure frame rate of screen (0) ...
8.3389 	EXP 	window1: recordFrameIntervals = False
8.4182 	EXP 	window1: recordFrameIntervals = True
8.4960 	WARNING 	t of last frame was 21.37ms (=1/46)
8.9125 	WARNING 	t of last frame was 21.49ms (=1/46)
9.3965 	WARNING 	Couldn't measure a consistent frame rate!
  - Is your graphics card set to sync to vertical blank?
  - Are you running other processes on your computer?

12.1234 	EXP 	Created image = ImageStim(__class__=<class 'psychopy.visual.image.ImageStim'>, anchor=('center', 'center'), autoLog=True, color=array([1, 1, 1]), colorSpace='rgb', contrast=1.0, depth=-1.0, flipHoriz=False, flipVert=False, image=str(...), interpolate=True, mask=None, maskParams=None, name='image', opacity=1.0, ori=0.0, pos=array([0., 0.]), size=array([1.5, 1.5]), texRes=128.0, units='height', win=Window(...))
12.1299 	EXP 	Created fixation = ShapeStim(__class__=<class 'psychopy.visual.shape.ShapeStim'>, anchor=('center', 'center'), autoDraw=False, autoLog=True, closeShape=True, color=method-wrapper(...), colorSpace='rgb', contrast=None, depth=-2.0, fillColor=array([ 1, -1, -1]), fillColorSpace='rgb', fillRGB=array([ 1, -1, -1]), interpolate=True, lineColor=array([ 1, -1, -1]), lineColorSpace='rgb', lineRGB=array([ 1, -1, -1]), lineWidth=1.0, name='fixation', opacity=1.0, ori=0.0, pos=array([0., 0.]), size=array([0.01, 0.01]), units='height', vertices=ndarray(...), win=Window(...), windingRule=None)
12.4040 	EXP 	Created image_2 = ImageStim(__class__=<class 'psychopy.visual.image.ImageStim'>, anchor=('center', 'center'), autoLog=True, color=array([1, 1, 1]), colorSpace='rgb', contrast=1.0, depth=-1.0, flipHoriz=False, flipVert=False, image=str(...), interpolate=True, mask=None, maskParams=None, name='image_2', opacity=1.0, ori=0.0, pos=array([0., 0.]), size=array([1.5, 1.5]), texRes=128.0, units='height', win=Window(...))
12.4108 	EXP 	Created fixation_2 = ShapeStim(__class__=<class 'psychopy.visual.shape.ShapeStim'>, anchor=('center', 'center'), autoDraw=False, autoLog=True, closeShape=True, color=method-wrapper(...), colorSpace='rgb', contrast=None, depth=-2.0, fillColor=array([ 1, -1, -1]), fillColorSpace='rgb', fillRGB=array([ 1, -1, -1]), interpolate=True, lineColor=array([ 1, -1, -1]), lineColorSpace='rgb', lineRGB=array([ 1, -1, -1]), lineWidth=1.0, name='fixation_2', opacity=1.0, ori=0.0, pos=array([0., 0.]), size=array([0.01, 0.01]), units='height', vertices=ndarray(...), win=Window(...), windingRule=None)
12.4134 	EXP 	Created sequence: random, trialTypes=1, nReps=100, seed=None
12.4139 	EXP 	New trial (rep=0, index=0): None
12.5011 	WARNING 	t of last frame was 3104.99ms (=1/0)
12.5011 	EXP 	image: autoDraw = True
12.5011 	EXP 	fixation: autoDraw = True
12.5429 	WARNING 	t of last frame was 25.99ms (=1/38)
12.6820 	WARNING 	Multiple dropped frames have occurred - I'll stop bothering you about them!
12.6820 	EXP 	image: autoDraw = False
12.6820 	EXP 	fixation: autoDraw = False
12.6820 	EXP 	image: autoDraw = False
12.6820 	EXP 	fixation: autoDraw = False
12.6820 	EXP 	image_2: autoDraw = True
12.6820 	EXP 	fixation_2: autoDraw = True
12.8334 	EXP 	New trial (rep=1, index=0): None
12.8419 	EXP 	image_2: autoDraw = False
12.8419 	EXP 	fixation_2: autoDraw = False
12.8419 	EXP 	image_2: autoDraw = False
12.8419 	EXP 	fixation_2: autoDraw = False
12.8419 	EXP 	image: autoDraw = True
12.8419 	EXP 	fixation: autoDraw = True
13.0157 	EXP 	image: autoDraw = False
13.0157 	EXP 	fixation: autoDraw = False
13.0157 	EXP 	image: autoDraw = False
13.0157 	EXP 	fixation: autoDraw = False
13.0157 	EXP 	image_2: autoDraw = True
13.0157 	EXP 	fixation_2: autoDraw = True
13.1800 	EXP 	New trial (rep=2, index=0): None
13.1890 	EXP 	image_2: autoDraw = False
13.1890 	EXP 	fixation_2: autoDraw = False
13.1890 	EXP 	image_2: autoDraw = False
13.1890 	EXP 	fixation_2: autoDraw = False
13.1890 	EXP 	image: autoDraw = True
13.1890 	EXP 	fixation: autoDraw = True
13.3632 	EXP 	image: autoDraw = False
13.3632 	EXP 	fixation: autoDraw = False
13.3632 	EXP 	image: autoDraw = False
13.3632 	EXP 	fixation: autoDraw = False
13.3632 	EXP 	image_2: autoDraw = True
13.3632 	EXP 	fixation_2: autoDraw = True
13.5319 	EXP 	New trial (rep=3, index=0): None
13.5467 	EXP 	image_2: autoDraw = False
13.5467 	EXP 	fixation_2: autoDraw = False
13.5467 	EXP 	image_2: autoDraw = False
13.5467 	EXP 	fixation_2: autoDraw = False
13.5467 	EXP 	image: autoDraw = True
13.5467 	EXP 	fixation: autoDraw = True
13.7066 	EXP 	image: autoDraw = False
13.7066 	EXP 	fixation: autoDraw = False
13.7066 	EXP 	image: autoDraw = False
13.7066 	EXP 	fixation: autoDraw = False
13.7066 	EXP 	image_2: autoDraw = True
13.7066 	EXP 	fixation_2: autoDraw = True
13.8653 	EXP 	New trial (rep=4, index=0): None
13.8734 	EXP 	image_2: autoDraw = False
13.8734 	EXP 	fixation_2: autoDraw = False
13.8734 	EXP 	image_2: autoDraw = False
13.8734 	EXP 	fixation_2: autoDraw = False
13.8734 	EXP 	image: autoDraw = True
13.8734 	EXP 	fixation: autoDraw = True
14.0382 	EXP 	image: autoDraw = False
14.0382 	EXP 	fixation: autoDraw = False
14.0382 	EXP 	image: autoDraw = False
14.0382 	EXP 	fixation: autoDraw = False
14.0382 	EXP 	image_2: autoDraw = True
14.0382 	EXP 	fixation_2: autoDraw = True
14.1920 	EXP 	New trial (rep=5, index=0): None
14.2014 	EXP 	image_2: autoDraw = False
14.2014 	EXP 	fixation_2: autoDraw = False
14.2014 	EXP 	image_2: autoDraw = False
14.2014 	EXP 	fixation_2: autoDraw = False
14.2014 	EXP 	image: autoDraw = True
14.2014 	EXP 	fixation: autoDraw = True
14.3688 	EXP 	image: autoDraw = False
14.3688 	EXP 	fixation: autoDraw = False
14.3688 	EXP 	image: autoDraw = False
14.3688 	EXP 	fixation: autoDraw = False
14.3688 	EXP 	image_2: autoDraw = True
14.3688 	EXP 	fixation_2: autoDraw = True
14.5273 	EXP 	New trial (rep=6, index=0): None
14.5366 	EXP 	image_2: autoDraw = False
14.5366 	EXP 	fixation_2: autoDraw = False
14.5366 	EXP 	image_2: autoDraw = False
14.5366 	EXP 	fixation_2: autoDraw = False
14.5366 	EXP 	image: autoDraw = True
14.5366 	EXP 	fixation: autoDraw = True
14.7040 	EXP 	image: autoDraw = False
14.7040 	EXP 	fixation: autoDraw = False
14.7040 	EXP 	image: autoDraw = False
14.7040 	EXP 	fixation: autoDraw = False
14.7040 	EXP 	image_2: autoDraw = True
14.7040 	EXP 	fixation_2: autoDraw = True
14.8613 	EXP 	New trial (rep=7, index=0): None
14.8700 	EXP 	image_2: autoDraw = False
14.8700 	EXP 	fixation_2: autoDraw = False
14.8700 	EXP 	image_2: autoDraw = False
14.8700 	EXP 	fixation_2: autoDraw = False
14.8700 	EXP 	image: autoDraw = True
14.8700 	EXP 	fixation: autoDraw = True
15.0375 	EXP 	image: autoDraw = False
15.0375 	EXP 	fixation: autoDraw = False
15.0375 	EXP 	image: autoDraw = False
15.0375 	EXP 	fixation: autoDraw = False
15.0375 	EXP 	image_2: autoDraw = True
15.0375 	EXP 	fixation_2: autoDraw = True
15.1914 	EXP 	New trial (rep=8, index=0): None
15.2044 	EXP 	image_2: autoDraw = False
15.2044 	EXP 	fixation_2: autoDraw = False
15.2044 	EXP 	image_2: autoDraw = False
15.2044 	EXP 	fixation_2: autoDraw = False
15.2044 	EXP 	image: autoDraw = True
15.2044 	EXP 	fixation: autoDraw = True
15.3672 	EXP 	image: autoDraw = False
15.3672 	EXP 	fixation: autoDraw = False
15.3672 	EXP 	image: autoDraw = False
15.3672 	EXP 	fixation: autoDraw = False
15.3672 	EXP 	image_2: autoDraw = True
15.3672 	EXP 	fixation_2: autoDraw = True
15.5240 	EXP 	New trial (rep=9, index=0): None
15.5431 	EXP 	image_2: autoDraw = False
15.5431 	EXP 	fixation_2: autoDraw = False
15.5431 	EXP 	image_2: autoDraw = False
15.5431 	EXP 	fixation_2: autoDraw = False
15.5431 	EXP 	image: autoDraw = True
15.5431 	EXP 	fixation: autoDraw = True
15.7202 	EXP 	image: autoDraw = False
15.7202 	EXP 	fixation: autoDraw = False
15.7202 	EXP 	image: autoDraw = False
15.7202 	EXP 	fixation: autoDraw = False
15.7202 	EXP 	image_2: autoDraw = True
15.7202 	EXP 	fixation_2: autoDraw = True
15.8799 	EXP 	New trial (rep=10, index=0): None
15.8876 	EXP 	image_2: autoDraw = False
15.8876 	EXP 	fixation_2: autoDraw = False
15.8876 	EXP 	image_2: autoDraw = False
15.8876 	EXP 	fixation_2: autoDraw = False
15.8876 	EXP 	image: autoDraw = True
15.8876 	EXP 	fixation: autoDraw = True
16.0544 	EXP 	image: autoDraw = False
16.0544 	EXP 	fixation: autoDraw = False
16.0544 	EXP 	image: autoDraw = False
16.0544 	EXP 	fixation: autoDraw = False
16.0544 	EXP 	image_2: autoDraw = True
16.0544 	EXP 	fixation_2: autoDraw = True
16.2095 	EXP 	New trial (rep=11, index=0): None
16.2218 	EXP 	image_2: autoDraw = False
16.2218 	EXP 	fixation_2: autoDraw = False
16.2218 	EXP 	image_2: autoDraw = False
16.2218 	EXP 	fixation_2: autoDraw = False
16.2218 	EXP 	image: autoDraw = True
16.2218 	EXP 	fixation: autoDraw = True
16.3840 	EXP 	image: autoDraw = False
16.3840 	EXP 	fixation: autoDraw = False
16.3840 	EXP 	image: autoDraw = False
16.3840 	EXP 	fixation: autoDraw = False
16.3840 	EXP 	image_2: autoDraw = True
16.3840 	EXP 	fixation_2: autoDraw = True
16.5443 	EXP 	New trial (rep=12, index=0): None
16.5529 	EXP 	image_2: autoDraw = False
16.5529 	EXP 	fixation_2: autoDraw = False
16.5529 	EXP 	image_2: autoDraw = False
16.5529 	EXP 	fixation_2: autoDraw = False
16.5529 	EXP 	image: autoDraw = True
16.5529 	EXP 	fixation: autoDraw = True
16.7129 	EXP 	image: autoDraw = False
16.7129 	EXP 	fixation: autoDraw = False
16.7129 	EXP 	image: autoDraw = False
16.7129 	EXP 	fixation: autoDraw = False
16.7129 	EXP 	image_2: autoDraw = True
16.7129 	EXP 	fixation_2: autoDraw = True
16.8647 	EXP 	New trial (rep=13, index=0): None
16.8739 	EXP 	image_2: autoDraw = False
16.8739 	EXP 	fixation_2: autoDraw = False
16.8739 	EXP 	image_2: autoDraw = False
16.8739 	EXP 	fixation_2: autoDraw = False
16.8739 	EXP 	image: autoDraw = True
16.8739 	EXP 	fixation: autoDraw = True
17.0384 	EXP 	image: autoDraw = False
17.0384 	EXP 	fixation: autoDraw = False
17.0384 	EXP 	image: autoDraw = False
17.0384 	EXP 	fixation: autoDraw = False
17.0384 	EXP 	image_2: autoDraw = True
17.0384 	EXP 	fixation_2: autoDraw = True
17.1903 	EXP 	New trial (rep=14, index=0): None
17.1997 	EXP 	image_2: autoDraw = False
17.1997 	EXP 	fixation_2: autoDraw = False
17.1997 	EXP 	image_2: autoDraw = False
17.1997 	EXP 	fixation_2: autoDraw = False
17.1997 	EXP 	image: autoDraw = True
17.1997 	EXP 	fixation: autoDraw = True
17.3674 	EXP 	image: autoDraw = False
17.3674 	EXP 	fixation: autoDraw = False
17.3674 	EXP 	image: autoDraw = False
17.3674 	EXP 	fixation: autoDraw = False
17.3674 	EXP 	image_2: autoDraw = True
17.3674 	EXP 	fixation_2: autoDraw = True
17.5331 	EXP 	New trial (rep=15, index=0): None
17.5422 	EXP 	image_2: autoDraw = False
17.5422 	EXP 	fixation_2: autoDraw = False
17.5422 	EXP 	image_2: autoDraw = False
17.5422 	EXP 	fixation_2: autoDraw = False
17.5422 	EXP 	image: autoDraw = True
17.5422 	EXP 	fixation: autoDraw = True
17.7013 	EXP 	image: autoDraw = False
17.7013 	EXP 	fixation: autoDraw = False
17.7013 	EXP 	image: autoDraw = False
17.7013 	EXP 	fixation: autoDraw = False
17.7013 	EXP 	image_2: autoDraw = True
17.7013 	EXP 	fixation_2: autoDraw = True
17.8547 	EXP 	New trial (rep=16, index=0): None
17.8665 	EXP 	image_2: autoDraw = False
17.8665 	EXP 	fixation_2: autoDraw = False
17.8665 	EXP 	image_2: autoDraw = False
17.8665 	EXP 	fixation_2: autoDraw = False
17.8665 	EXP 	image: autoDraw = True
17.8665 	EXP 	fixation: autoDraw = True
18.0457 	EXP 	image: autoDraw = False
18.0457 	EXP 	fixation: autoDraw = False
18.0457 	EXP 	image: autoDraw = False
18.0457 	EXP 	fixation: autoDraw = False
18.0457 	EXP 	image_2: autoDraw = True
18.0457 	EXP 	fixation_2: autoDraw = True
18.2023 	EXP 	New trial (rep=17, index=0): None
18.2114 	EXP 	image_2: autoDraw = False
18.2114 	EXP 	fixation_2: autoDraw = False
18.2114 	EXP 	image_2: autoDraw = False
18.2114 	EXP 	fixation_2: autoDraw = False
18.2114 	EXP 	image: autoDraw = True
18.2114 	EXP 	fixation: autoDraw = True
18.3764 	EXP 	image: autoDraw = False
18.3764 	EXP 	fixation: autoDraw = False
18.3764 	EXP 	image: autoDraw = False
18.3764 	EXP 	fixation: autoDraw = False
18.3764 	EXP 	image_2: autoDraw = True
18.3764 	EXP 	fixation_2: autoDraw = True
18.5295 	EXP 	New trial (rep=18, index=0): None
18.5391 	EXP 	image_2: autoDraw = False
18.5391 	EXP 	fixation_2: autoDraw = False
18.5391 	EXP 	image_2: autoDraw = False
18.5391 	EXP 	fixation_2: autoDraw = False
18.5391 	EXP 	image: autoDraw = True
18.5391 	EXP 	fixation: autoDraw = True
18.7035 	EXP 	image: autoDraw = False
18.7035 	EXP 	fixation: autoDraw = False
18.7035 	EXP 	image: autoDraw = False
18.7035 	EXP 	fixation: autoDraw = False
18.7035 	EXP 	image_2: autoDraw = True
18.7035 	EXP 	fixation_2: autoDraw = True
18.8644 	EXP 	New trial (rep=19, index=0): None
18.8797 	EXP 	image_2: autoDraw = False
18.8797 	EXP 	fixation_2: autoDraw = False
18.8797 	EXP 	image_2: autoDraw = False
18.8797 	EXP 	fixation_2: autoDraw = False
18.8797 	EXP 	image: autoDraw = True
18.8797 	EXP 	fixation: autoDraw = True
19.0565 	EXP 	image: autoDraw = False
19.0565 	EXP 	fixation: autoDraw = False
19.0565 	EXP 	image: autoDraw = False
19.0565 	EXP 	fixation: autoDraw = False
19.0565 	EXP 	image_2: autoDraw = True
19.0565 	EXP 	fixation_2: autoDraw = True
19.2093 	EXP 	New trial (rep=20, index=0): None
19.2191 	EXP 	image_2: autoDraw = False
19.2191 	EXP 	fixation_2: autoDraw = False
19.2191 	EXP 	image_2: autoDraw = False
19.2191 	EXP 	fixation_2: autoDraw = False
19.2191 	EXP 	image: autoDraw = True
19.2191 	EXP 	fixation: autoDraw = True
19.3816 	EXP 	image: autoDraw = False
19.3816 	EXP 	fixation: autoDraw = False
19.3816 	EXP 	image: autoDraw = False
19.3816 	EXP 	fixation: autoDraw = False
19.3816 	EXP 	image_2: autoDraw = True
19.3816 	EXP 	fixation_2: autoDraw = True
19.5489 	EXP 	New trial (rep=21, index=0): None
19.5591 	EXP 	image_2: autoDraw = False
19.5591 	EXP 	fixation_2: autoDraw = False
19.5591 	EXP 	image_2: autoDraw = False
19.5591 	EXP 	fixation_2: autoDraw = False
19.5591 	EXP 	image: autoDraw = True
19.5591 	EXP 	fixation: autoDraw = True
19.7338 	EXP 	image: autoDraw = False
19.7338 	EXP 	fixation: autoDraw = False
19.7338 	EXP 	image: autoDraw = False
19.7338 	EXP 	fixation: autoDraw = False
19.7338 	EXP 	image_2: autoDraw = True
19.7338 	EXP 	fixation_2: autoDraw = True
19.8876 	EXP 	New trial (rep=22, index=0): None
19.8957 	EXP 	image_2: autoDraw = False
19.8957 	EXP 	fixation_2: autoDraw = False
19.8957 	EXP 	image_2: autoDraw = False
19.8957 	EXP 	fixation_2: autoDraw = False
19.8957 	EXP 	image: autoDraw = True
19.8957 	EXP 	fixation: autoDraw = True
20.0612 	EXP 	image: autoDraw = False
20.0612 	EXP 	fixation: autoDraw = False
20.0612 	EXP 	image: autoDraw = False
20.0612 	EXP 	fixation: autoDraw = False
20.0612 	EXP 	image_2: autoDraw = True
20.0612 	EXP 	fixation_2: autoDraw = True
20.2148 	EXP 	New trial (rep=23, index=0): None
20.2233 	EXP 	image_2: autoDraw = False
20.2233 	EXP 	fixation_2: autoDraw = False
20.2233 	EXP 	image_2: autoDraw = False
20.2233 	EXP 	fixation_2: autoDraw = False
20.2233 	EXP 	image: autoDraw = True
20.2233 	EXP 	fixation: autoDraw = True
20.3860 	EXP 	image: autoDraw = False
20.3860 	EXP 	fixation: autoDraw = False
20.3860 	EXP 	image: autoDraw = False
20.3860 	EXP 	fixation: autoDraw = False
20.3860 	EXP 	image_2: autoDraw = True
20.3860 	EXP 	fixation_2: autoDraw = True
20.5395 	EXP 	New trial (rep=24, index=0): None
20.5478 	EXP 	image_2: autoDraw = False
20.5478 	EXP 	fixation_2: autoDraw = False
20.5478 	EXP 	image_2: autoDraw = False
20.5478 	EXP 	fixation_2: autoDraw = False
20.5478 	EXP 	image: autoDraw = True
20.5478 	EXP 	fixation: autoDraw = True
20.7127 	EXP 	image: autoDraw = False
20.7127 	EXP 	fixation: autoDraw = False
20.7127 	EXP 	image: autoDraw = False
20.7127 	EXP 	fixation: autoDraw = False
20.7127 	EXP 	image_2: autoDraw = True
20.7127 	EXP 	fixation_2: autoDraw = True
20.8650 	EXP 	New trial (rep=25, index=0): None
20.8749 	EXP 	image_2: autoDraw = False
20.8749 	EXP 	fixation_2: autoDraw = False
20.8749 	EXP 	image_2: autoDraw = False
20.8749 	EXP 	fixation_2: autoDraw = False
20.8749 	EXP 	image: autoDraw = True
20.8749 	EXP 	fixation: autoDraw = True
21.0459 	EXP 	image: autoDraw = False
21.0459 	EXP 	fixation: autoDraw = False
21.0459 	EXP 	image: autoDraw = False
21.0459 	EXP 	fixation: autoDraw = False
21.0459 	EXP 	image_2: autoDraw = True
21.0459 	EXP 	fixation_2: autoDraw = True
21.2059 	EXP 	New trial (rep=26, index=0): None
21.2161 	EXP 	image_2: autoDraw = False
21.2161 	EXP 	fixation_2: autoDraw = False
21.2161 	EXP 	image_2: autoDraw = False
21.2161 	EXP 	fixation_2: autoDraw = False
21.2161 	EXP 	image: autoDraw = True
21.2161 	EXP 	fixation: autoDraw = True
21.3851 	EXP 	image: autoDraw = False
21.3851 	EXP 	fixation: autoDraw = False
21.3851 	EXP 	image: autoDraw = False
21.3851 	EXP 	fixation: autoDraw = False
21.3851 	EXP 	image_2: autoDraw = True
21.3851 	EXP 	fixation_2: autoDraw = True
21.5449 	EXP 	New trial (rep=27, index=0): None
21.5538 	EXP 	image_2: autoDraw = False
21.5538 	EXP 	fixation_2: autoDraw = False
21.5538 	EXP 	image_2: autoDraw = False
21.5538 	EXP 	fixation_2: autoDraw = False
21.5538 	EXP 	image: autoDraw = True
21.5538 	EXP 	fixation: autoDraw = True
21.7134 	EXP 	image: autoDraw = False
21.7134 	EXP 	fixation: autoDraw = False
21.7134 	EXP 	image: autoDraw = False
21.7134 	EXP 	fixation: autoDraw = False
21.7134 	EXP 	image_2: autoDraw = True
21.7134 	EXP 	fixation_2: autoDraw = True
21.8698 	EXP 	New trial (rep=28, index=0): None
21.8828 	EXP 	image_2: autoDraw = False
21.8828 	EXP 	fixation_2: autoDraw = False
21.8828 	EXP 	image_2: autoDraw = False
21.8828 	EXP 	fixation_2: autoDraw = False
21.8828 	EXP 	image: autoDraw = True
21.8828 	EXP 	fixation: autoDraw = True
22.0471 	EXP 	image: autoDraw = False
22.0471 	EXP 	fixation: autoDraw = False
22.0471 	EXP 	image: autoDraw = False
22.0471 	EXP 	fixation: autoDraw = False
22.0471 	EXP 	image_2: autoDraw = True
22.0471 	EXP 	fixation_2: autoDraw = True
22.1993 	EXP 	New trial (rep=29, index=0): None
22.2183 	EXP 	image_2: autoDraw = False
22.2183 	EXP 	fixation_2: autoDraw = False
22.2183 	EXP 	image_2: autoDraw = False
22.2183 	EXP 	fixation_2: autoDraw = False
22.2183 	EXP 	image: autoDraw = True
22.2183 	EXP 	fixation: autoDraw = True
22.3906 	EXP 	image: autoDraw = False
22.3906 	EXP 	fixation: autoDraw = False
22.3906 	EXP 	image: autoDraw = False
22.3906 	EXP 	fixation: autoDraw = False
22.3906 	EXP 	image_2: autoDraw = True
22.3906 	EXP 	fixation_2: autoDraw = True
22.5518 	EXP 	New trial (rep=30, index=0): None
22.5634 	EXP 	image_2: autoDraw = False
22.5634 	EXP 	fixation_2: autoDraw = False
22.5634 	EXP 	image_2: autoDraw = False
22.5634 	EXP 	fixation_2: autoDraw = False
22.5634 	EXP 	image: autoDraw = True
22.5634 	EXP 	fixation: autoDraw = True
22.7226 	EXP 	image: autoDraw = False
22.7226 	EXP 	fixation: autoDraw = False
22.7226 	EXP 	image: autoDraw = False
22.7226 	EXP 	fixation: autoDraw = False
22.7226 	EXP 	image_2: autoDraw = True
22.7226 	EXP 	fixation_2: autoDraw = True
22.8775 	EXP 	New trial (rep=31, index=0): None
22.8872 	EXP 	image_2: autoDraw = False
22.8872 	EXP 	fixation_2: autoDraw = False
22.8872 	EXP 	image_2: autoDraw = False
22.8872 	EXP 	fixation_2: autoDraw = False
22.8872 	EXP 	image: autoDraw = True
22.8872 	EXP 	fixation: autoDraw = True
23.0486 	EXP 	image: autoDraw = False
23.0486 	EXP 	fixation: autoDraw = False
23.0486 	EXP 	image: autoDraw = False
23.0486 	EXP 	fixation: autoDraw = False
23.0486 	EXP 	image_2: autoDraw = True
23.0486 	EXP 	fixation_2: autoDraw = True
23.2082 	EXP 	New trial (rep=32, index=0): None
23.2292 	EXP 	image_2: autoDraw = False
23.2292 	EXP 	fixation_2: autoDraw = False
23.2292 	EXP 	image_2: autoDraw = False
23.2292 	EXP 	fixation_2: autoDraw = False
23.2292 	EXP 	image: autoDraw = True
23.2292 	EXP 	fixation: autoDraw = True
23.3907 	EXP 	image: autoDraw = False
23.3907 	EXP 	fixation: autoDraw = False
23.3907 	EXP 	image: autoDraw = False
23.3907 	EXP 	fixation: autoDraw = False
23.3907 	EXP 	image_2: autoDraw = True
23.3907 	EXP 	fixation_2: autoDraw = True
23.5458 	EXP 	New trial (rep=33, index=0): None
23.5547 	EXP 	image_2: autoDraw = False
23.5547 	EXP 	fixation_2: autoDraw = False
23.5547 	EXP 	image_2: autoDraw = False
23.5547 	EXP 	fixation_2: autoDraw = False
23.5547 	EXP 	image: autoDraw = True
23.5547 	EXP 	fixation: autoDraw = True
23.7242 	EXP 	image: autoDraw = False
23.7242 	EXP 	fixation: autoDraw = False
23.7242 	EXP 	image: autoDraw = False
23.7242 	EXP 	fixation: autoDraw = False
23.7242 	EXP 	image_2: autoDraw = True
23.7242 	EXP 	fixation_2: autoDraw = True
23.8789 	EXP 	New trial (rep=34, index=0): None
23.8880 	EXP 	image_2: autoDraw = False
23.8880 	EXP 	fixation_2: autoDraw = False
23.8880 	EXP 	image_2: autoDraw = False
23.8880 	EXP 	fixation_2: autoDraw = False
23.8880 	EXP 	image: autoDraw = True
23.8880 	EXP 	fixation: autoDraw = True
24.0528 	EXP 	image: autoDraw = False
24.0528 	EXP 	fixation: autoDraw = False
24.0528 	EXP 	image: autoDraw = False
24.0528 	EXP 	fixation: autoDraw = False
24.0528 	EXP 	image_2: autoDraw = True
24.0528 	EXP 	fixation_2: autoDraw = True
24.2090 	EXP 	New trial (rep=35, index=0): None
24.2176 	EXP 	image_2: autoDraw = False
24.2176 	EXP 	fixation_2: autoDraw = False
24.2176 	EXP 	image_2: autoDraw = False
24.2176 	EXP 	fixation_2: autoDraw = False
24.2176 	EXP 	image: autoDraw = True
24.2176 	EXP 	fixation: autoDraw = True
24.3981 	EXP 	image: autoDraw = False
24.3981 	EXP 	fixation: autoDraw = False
24.3981 	EXP 	image: autoDraw = False
24.3981 	EXP 	fixation: autoDraw = False
24.3981 	EXP 	image_2: autoDraw = True
24.3981 	EXP 	fixation_2: autoDraw = True
24.5537 	EXP 	New trial (rep=36, index=0): None
24.5627 	EXP 	image_2: autoDraw = False
24.5627 	EXP 	fixation_2: autoDraw = False
24.5627 	EXP 	image_2: autoDraw = False
24.5627 	EXP 	fixation_2: autoDraw = False
24.5627 	EXP 	image: autoDraw = True
24.5627 	EXP 	fixation: autoDraw = True
24.7332 	EXP 	image: autoDraw = False
24.7332 	EXP 	fixation: autoDraw = False
24.7332 	EXP 	image: autoDraw = False
24.7332 	EXP 	fixation: autoDraw = False
24.7332 	EXP 	image_2: autoDraw = True
24.7332 	EXP 	fixation_2: autoDraw = True
24.8978 	EXP 	New trial (rep=37, index=0): None
24.9133 	EXP 	image_2: autoDraw = False
24.9133 	EXP 	fixation_2: autoDraw = False
24.9133 	EXP 	image_2: autoDraw = False
24.9133 	EXP 	fixation_2: autoDraw = False
24.9133 	EXP 	image: autoDraw = True
24.9133 	EXP 	fixation: autoDraw = True
25.0795 	EXP 	image: autoDraw = False
25.0795 	EXP 	fixation: autoDraw = False
25.0795 	EXP 	image: autoDraw = False
25.0795 	EXP 	fixation: autoDraw = False
25.0795 	EXP 	image_2: autoDraw = True
25.0795 	EXP 	fixation_2: autoDraw = True
25.2358 	EXP 	New trial (rep=38, index=0): None
25.2460 	EXP 	image_2: autoDraw = False
25.2460 	EXP 	fixation_2: autoDraw = False
25.2460 	EXP 	image_2: autoDraw = False
25.2460 	EXP 	fixation_2: autoDraw = False
25.2460 	EXP 	image: autoDraw = True
25.2460 	EXP 	fixation: autoDraw = True
25.4118 	EXP 	image: autoDraw = False
25.4118 	EXP 	fixation: autoDraw = False
25.4118 	EXP 	image: autoDraw = False
25.4118 	EXP 	fixation: autoDraw = False
25.4118 	EXP 	image_2: autoDraw = True
25.4118 	EXP 	fixation_2: autoDraw = True
25.5749 	EXP 	New trial (rep=39, index=0): None
25.5832 	EXP 	image_2: autoDraw = False
25.5832 	EXP 	fixation_2: autoDraw = False
25.5832 	EXP 	image_2: autoDraw = False
25.5832 	EXP 	fixation_2: autoDraw = False
25.5832 	EXP 	image: autoDraw = True
25.5832 	EXP 	fixation: autoDraw = True
25.7479 	EXP 	image: autoDraw = False
25.7479 	EXP 	fixation: autoDraw = False
25.7479 	EXP 	image: autoDraw = False
25.7479 	EXP 	fixation: autoDraw = False
25.7479 	EXP 	image_2: autoDraw = True
25.7479 	EXP 	fixation_2: autoDraw = True
25.9007 	EXP 	New trial (rep=40, index=0): None
25.9105 	EXP 	image_2: autoDraw = False
25.9105 	EXP 	fixation_2: autoDraw = False
25.9105 	EXP 	image_2: autoDraw = False
25.9105 	EXP 	fixation_2: autoDraw = False
25.9105 	EXP 	image: autoDraw = True
25.9105 	EXP 	fixation: autoDraw = True
26.0743 	EXP 	image: autoDraw = False
26.0743 	EXP 	fixation: autoDraw = False
26.0743 	EXP 	image: autoDraw = False
26.0743 	EXP 	fixation: autoDraw = False
26.0743 	EXP 	image_2: autoDraw = True
26.0743 	EXP 	fixation_2: autoDraw = True
26.2248 	EXP 	New trial (rep=41, index=0): None
26.2460 	EXP 	image_2: autoDraw = False
26.2460 	EXP 	fixation_2: autoDraw = False
26.2460 	EXP 	image_2: autoDraw = False
26.2460 	EXP 	fixation_2: autoDraw = False
26.2460 	EXP 	image: autoDraw = True
26.2460 	EXP 	fixation: autoDraw = True
26.4153 	EXP 	image: autoDraw = False
26.4153 	EXP 	fixation: autoDraw = False
26.4153 	EXP 	image: autoDraw = False
26.4153 	EXP 	fixation: autoDraw = False
26.4153 	EXP 	image_2: autoDraw = True
26.4153 	EXP 	fixation_2: autoDraw = True
26.5702 	EXP 	New trial (rep=42, index=0): None
26.5788 	EXP 	image_2: autoDraw = False
26.5788 	EXP 	fixation_2: autoDraw = False
26.5788 	EXP 	image_2: autoDraw = False
26.5788 	EXP 	fixation_2: autoDraw = False
26.5788 	EXP 	image: autoDraw = True
26.5788 	EXP 	fixation: autoDraw = True
26.7492 	EXP 	image: autoDraw = False
26.7492 	EXP 	fixation: autoDraw = False
26.7492 	EXP 	image: autoDraw = False
26.7492 	EXP 	fixation: autoDraw = False
26.7492 	EXP 	image_2: autoDraw = True
26.7492 	EXP 	fixation_2: autoDraw = True
26.9148 	EXP 	New trial (rep=43, index=0): None
26.9298 	EXP 	image_2: autoDraw = False
26.9298 	EXP 	fixation_2: autoDraw = False
26.9298 	EXP 	image_2: autoDraw = False
26.9298 	EXP 	fixation_2: autoDraw = False
26.9298 	EXP 	image: autoDraw = True
26.9298 	EXP 	fixation: autoDraw = True
27.0904 	EXP 	image: autoDraw = False
27.0904 	EXP 	fixation: autoDraw = False
27.0904 	EXP 	image: autoDraw = False
27.0904 	EXP 	fixation: autoDraw = False
27.0904 	EXP 	image_2: autoDraw = True
27.0904 	EXP 	fixation_2: autoDraw = True
27.2480 	EXP 	New trial (rep=44, index=0): None
27.2569 	EXP 	image_2: autoDraw = False
27.2569 	EXP 	fixation_2: autoDraw = False
27.2569 	EXP 	image_2: autoDraw = False
27.2569 	EXP 	fixation_2: autoDraw = False
27.2569 	EXP 	image: autoDraw = True
27.2569 	EXP 	fixation: autoDraw = True
27.4225 	EXP 	image: autoDraw = False
27.4225 	EXP 	fixation: autoDraw = False
27.4225 	EXP 	image: autoDraw = False
27.4225 	EXP 	fixation: autoDraw = False
27.4225 	EXP 	image_2: autoDraw = True
27.4225 	EXP 	fixation_2: autoDraw = True
27.5802 	EXP 	New trial (rep=45, index=0): None
27.5883 	EXP 	image_2: autoDraw = False
27.5883 	EXP 	fixation_2: autoDraw = False
27.5883 	EXP 	image_2: autoDraw = False
27.5883 	EXP 	fixation_2: autoDraw = False
27.5883 	EXP 	image: autoDraw = True
27.5883 	EXP 	fixation: autoDraw = True
27.7512 	EXP 	image: autoDraw = False
27.7512 	EXP 	fixation: autoDraw = False
27.7512 	EXP 	image: autoDraw = False
27.7512 	EXP 	fixation: autoDraw = False
27.7512 	EXP 	image_2: autoDraw = True
27.7512 	EXP 	fixation_2: autoDraw = True
27.9051 	EXP 	New trial (rep=46, index=0): None
27.9228 	EXP 	image_2: autoDraw = False
27.9228 	EXP 	fixation_2: autoDraw = False
27.9228 	EXP 	image_2: autoDraw = False
27.9228 	EXP 	fixation_2: autoDraw = False
27.9228 	EXP 	image: autoDraw = True
27.9228 	EXP 	fixation: autoDraw = True
28.0871 	EXP 	image: autoDraw = False
28.0871 	EXP 	fixation: autoDraw = False
28.0871 	EXP 	image: autoDraw = False
28.0871 	EXP 	fixation: autoDraw = False
28.0871 	EXP 	image_2: autoDraw = True
28.0871 	EXP 	fixation_2: autoDraw = True
28.2443 	EXP 	New trial (rep=47, index=0): None
28.2531 	EXP 	image_2: autoDraw = False
28.2531 	EXP 	fixation_2: autoDraw = False
28.2531 	EXP 	image_2: autoDraw = False
28.2531 	EXP 	fixation_2: autoDraw = False
28.2531 	EXP 	image: autoDraw = True
28.2531 	EXP 	fixation: autoDraw = True
28.4202 	EXP 	image: autoDraw = False
28.4202 	EXP 	fixation: autoDraw = False
28.4202 	EXP 	image: autoDraw = False
28.4202 	EXP 	fixation: autoDraw = False
28.4202 	EXP 	image_2: autoDraw = True
28.4202 	EXP 	fixation_2: autoDraw = True
28.5707 	EXP 	New trial (rep=48, index=0): None
28.5810 	EXP 	image_2: autoDraw = False
28.5810 	EXP 	fixation_2: autoDraw = False
28.5810 	EXP 	image_2: autoDraw = False
28.5810 	EXP 	fixation_2: autoDraw = False
28.5810 	EXP 	image: autoDraw = True
28.5810 	EXP 	fixation: autoDraw = True
28.7647 	EXP 	image: autoDraw = False
28.7647 	EXP 	fixation: autoDraw = False
28.7647 	EXP 	image: autoDraw = False
28.7647 	EXP 	fixation: autoDraw = False
28.7647 	EXP 	image_2: autoDraw = True
28.7647 	EXP 	fixation_2: autoDraw = True
28.9201 	EXP 	New trial (rep=49, index=0): None
28.9292 	EXP 	image_2: autoDraw = False
28.9292 	EXP 	fixation_2: autoDraw = False
28.9292 	EXP 	image_2: autoDraw = False
28.9292 	EXP 	fixation_2: autoDraw = False
28.9292 	EXP 	image: autoDraw = True
28.9292 	EXP 	fixation: autoDraw = True
29.0944 	EXP 	image: autoDraw = False
29.0944 	EXP 	fixation: autoDraw = False
29.0944 	EXP 	image: autoDraw = False
29.0944 	EXP 	fixation: autoDraw = False
29.0944 	EXP 	image_2: autoDraw = True
29.0944 	EXP 	fixation_2: autoDraw = True
29.2480 	EXP 	New trial (rep=50, index=0): None
29.2636 	EXP 	image_2: autoDraw = False
29.2636 	EXP 	fixation_2: autoDraw = False
29.2636 	EXP 	image_2: autoDraw = False
29.2636 	EXP 	fixation_2: autoDraw = False
29.2636 	EXP 	image: autoDraw = True
29.2636 	EXP 	fixation: autoDraw = True
29.4296 	EXP 	image: autoDraw = False
29.4296 	EXP 	fixation: autoDraw = False
29.4296 	EXP 	image: autoDraw = False
29.4296 	EXP 	fixation: autoDraw = False
29.4296 	EXP 	image_2: autoDraw = True
29.4296 	EXP 	fixation_2: autoDraw = True
29.5935 	EXP 	New trial (rep=51, index=0): None
29.6058 	EXP 	image_2: autoDraw = False
29.6058 	EXP 	fixation_2: autoDraw = False
29.6058 	EXP 	image_2: autoDraw = False
29.6058 	EXP 	fixation_2: autoDraw = False
29.6058 	EXP 	image: autoDraw = True
29.6058 	EXP 	fixation: autoDraw = True
29.7671 	EXP 	image: autoDraw = False
29.7671 	EXP 	fixation: autoDraw = False
29.7671 	EXP 	image: autoDraw = False
29.7671 	EXP 	fixation: autoDraw = False
29.7671 	EXP 	image_2: autoDraw = True
29.7671 	EXP 	fixation_2: autoDraw = True
29.9254 	EXP 	New trial (rep=52, index=0): None
29.9350 	EXP 	image_2: autoDraw = False
29.9350 	EXP 	fixation_2: autoDraw = False
29.9350 	EXP 	image_2: autoDraw = False
29.9350 	EXP 	fixation_2: autoDraw = False
29.9350 	EXP 	image: autoDraw = True
29.9350 	EXP 	fixation: autoDraw = True
30.0973 	EXP 	image: autoDraw = False
30.0973 	EXP 	fixation: autoDraw = False
30.0973 	EXP 	image: autoDraw = False
30.0973 	EXP 	fixation: autoDraw = False
30.0973 	EXP 	image_2: autoDraw = True
30.0973 	EXP 	fixation_2: autoDraw = True
30.2557 	EXP 	New trial (rep=53, index=0): None
30.2641 	EXP 	image_2: autoDraw = False
30.2641 	EXP 	fixation_2: autoDraw = False
30.2641 	EXP 	image_2: autoDraw = False
30.2641 	EXP 	fixation_2: autoDraw = False
30.2641 	EXP 	image: autoDraw = True
30.2641 	EXP 	fixation: autoDraw = True
30.4326 	EXP 	image: autoDraw = False
30.4326 	EXP 	fixation: autoDraw = False
30.4326 	EXP 	image: autoDraw = False
30.4326 	EXP 	fixation: autoDraw = False
30.4326 	EXP 	image_2: autoDraw = True
30.4326 	EXP 	fixation_2: autoDraw = True
30.5859 	EXP 	New trial (rep=54, index=0): None
30.5959 	EXP 	image_2: autoDraw = False
30.5959 	EXP 	fixation_2: autoDraw = False
30.5959 	EXP 	image_2: autoDraw = False
30.5959 	EXP 	fixation_2: autoDraw = False
30.5959 	EXP 	image: autoDraw = True
30.5959 	EXP 	fixation: autoDraw = True
30.7681 	EXP 	image: autoDraw = False
30.7681 	EXP 	fixation: autoDraw = False
30.7681 	EXP 	image: autoDraw = False
30.7681 	EXP 	fixation: autoDraw = False
30.7681 	EXP 	image_2: autoDraw = True
30.7681 	EXP 	fixation_2: autoDraw = True
30.9318 	EXP 	New trial (rep=55, index=0): None
30.9461 	EXP 	image_2: autoDraw = False
30.9461 	EXP 	fixation_2: autoDraw = False
30.9461 	EXP 	image_2: autoDraw = False
30.9461 	EXP 	fixation_2: autoDraw = False
30.9461 	EXP 	image: autoDraw = True
30.9461 	EXP 	fixation: autoDraw = True
31.1151 	EXP 	image: autoDraw = False
31.1151 	EXP 	fixation: autoDraw = False
31.1151 	EXP 	image: autoDraw = False
31.1151 	EXP 	fixation: autoDraw = False
31.1151 	EXP 	image_2: autoDraw = True
31.1151 	EXP 	fixation_2: autoDraw = True
31.2739 	EXP 	New trial (rep=56, index=0): None
31.2979 	EXP 	image_2: autoDraw = False
31.2979 	EXP 	fixation_2: autoDraw = False
31.2979 	EXP 	image_2: autoDraw = False
31.2979 	EXP 	fixation_2: autoDraw = False
31.2979 	EXP 	image: autoDraw = True
31.2979 	EXP 	fixation: autoDraw = True
31.4627 	EXP 	image: autoDraw = False
31.4627 	EXP 	fixation: autoDraw = False
31.4627 	EXP 	image: autoDraw = False
31.4627 	EXP 	fixation: autoDraw = False
31.4627 	EXP 	image_2: autoDraw = True
31.4627 	EXP 	fixation_2: autoDraw = True
31.6156 	EXP 	New trial (rep=57, index=0): None
31.6301 	EXP 	image_2: autoDraw = False
31.6301 	EXP 	fixation_2: autoDraw = False
31.6301 	EXP 	image_2: autoDraw = False
31.6301 	EXP 	fixation_2: autoDraw = False
31.6301 	EXP 	image: autoDraw = True
31.6301 	EXP 	fixation: autoDraw = True
31.7915 	EXP 	image: autoDraw = False
31.7915 	EXP 	fixation: autoDraw = False
31.7915 	EXP 	image: autoDraw = False
31.7915 	EXP 	fixation: autoDraw = False
31.7915 	EXP 	image_2: autoDraw = True
31.7915 	EXP 	fixation_2: autoDraw = True
31.9435 	EXP 	New trial (rep=58, index=0): None
31.9530 	EXP 	image_2: autoDraw = False
31.9530 	EXP 	fixation_2: autoDraw = False
31.9530 	EXP 	image_2: autoDraw = False
31.9530 	EXP 	fixation_2: autoDraw = False
31.9530 	EXP 	image: autoDraw = True
31.9530 	EXP 	fixation: autoDraw = True
32.1158 	EXP 	image: autoDraw = False
32.1158 	EXP 	fixation: autoDraw = False
32.1158 	EXP 	image: autoDraw = False
32.1158 	EXP 	fixation: autoDraw = False
32.1158 	EXP 	image_2: autoDraw = True
32.1158 	EXP 	fixation_2: autoDraw = True
32.2685 	EXP 	New trial (rep=59, index=0): None
32.2815 	EXP 	image_2: autoDraw = False
32.2815 	EXP 	fixation_2: autoDraw = False
32.2815 	EXP 	image_2: autoDraw = False
32.2815 	EXP 	fixation_2: autoDraw = False
32.2815 	EXP 	image: autoDraw = True
32.2815 	EXP 	fixation: autoDraw = True
32.4568 	EXP 	image: autoDraw = False
32.4568 	EXP 	fixation: autoDraw = False
32.4568 	EXP 	image: autoDraw = False
32.4568 	EXP 	fixation: autoDraw = False
32.4568 	EXP 	image_2: autoDraw = True
32.4568 	EXP 	fixation_2: autoDraw = True
32.6151 	EXP 	New trial (rep=60, index=0): None
32.6250 	EXP 	image_2: autoDraw = False
32.6250 	EXP 	fixation_2: autoDraw = False
32.6250 	EXP 	image_2: autoDraw = False
32.6250 	EXP 	fixation_2: autoDraw = False
32.6250 	EXP 	image: autoDraw = True
32.6250 	EXP 	fixation: autoDraw = True
32.7856 	EXP 	image: autoDraw = False
32.7856 	EXP 	fixation: autoDraw = False
32.7856 	EXP 	image: autoDraw = False
32.7856 	EXP 	fixation: autoDraw = False
32.7856 	EXP 	image_2: autoDraw = True
32.7856 	EXP 	fixation_2: autoDraw = True
32.9405 	EXP 	New trial (rep=61, index=0): None
32.9491 	EXP 	image_2: autoDraw = False
32.9491 	EXP 	fixation_2: autoDraw = False
32.9491 	EXP 	image_2: autoDraw = False
32.9491 	EXP 	fixation_2: autoDraw = False
32.9491 	EXP 	image: autoDraw = True
32.9491 	EXP 	fixation: autoDraw = True
33.1295 	EXP 	image: autoDraw = False
33.1295 	EXP 	fixation: autoDraw = False
33.1295 	EXP 	image: autoDraw = False
33.1295 	EXP 	fixation: autoDraw = False
33.1295 	EXP 	image_2: autoDraw = True
33.1295 	EXP 	fixation_2: autoDraw = True
33.2873 	EXP 	New trial (rep=62, index=0): None
33.2969 	EXP 	image_2: autoDraw = False
33.2969 	EXP 	fixation_2: autoDraw = False
33.2969 	EXP 	image_2: autoDraw = False
33.2969 	EXP 	fixation_2: autoDraw = False
33.2969 	EXP 	image: autoDraw = True
33.2969 	EXP 	fixation: autoDraw = True
33.4622 	EXP 	image: autoDraw = False
33.4622 	EXP 	fixation: autoDraw = False
33.4622 	EXP 	image: autoDraw = False
33.4622 	EXP 	fixation: autoDraw = False
33.4622 	EXP 	image_2: autoDraw = True
33.4622 	EXP 	fixation_2: autoDraw = True
33.6166 	EXP 	New trial (rep=63, index=0): None
33.6261 	EXP 	image_2: autoDraw = False
33.6261 	EXP 	fixation_2: autoDraw = False
33.6261 	EXP 	image_2: autoDraw = False
33.6261 	EXP 	fixation_2: autoDraw = False
33.6261 	EXP 	image: autoDraw = True
33.6261 	EXP 	fixation: autoDraw = True
33.7861 	EXP 	image: autoDraw = False
33.7861 	EXP 	fixation: autoDraw = False
33.7861 	EXP 	image: autoDraw = False
33.7861 	EXP 	fixation: autoDraw = False
33.7861 	EXP 	image_2: autoDraw = True
33.7861 	EXP 	fixation_2: autoDraw = True
33.9399 	EXP 	New trial (rep=64, index=0): None
33.9482 	EXP 	image_2: autoDraw = False
33.9482 	EXP 	fixation_2: autoDraw = False
33.9482 	EXP 	image_2: autoDraw = False
33.9482 	EXP 	fixation_2: autoDraw = False
33.9482 	EXP 	image: autoDraw = True
33.9482 	EXP 	fixation: autoDraw = True
34.1148 	EXP 	image: autoDraw = False
34.1148 	EXP 	fixation: autoDraw = False
34.1148 	EXP 	image: autoDraw = False
34.1148 	EXP 	fixation: autoDraw = False
34.1148 	EXP 	image_2: autoDraw = True
34.1148 	EXP 	fixation_2: autoDraw = True
34.2656 	EXP 	New trial (rep=65, index=0): None
34.2739 	EXP 	image_2: autoDraw = False
34.2739 	EXP 	fixation_2: autoDraw = False
34.2739 	EXP 	image_2: autoDraw = False
34.2739 	EXP 	fixation_2: autoDraw = False
34.2739 	EXP 	image: autoDraw = True
34.2739 	EXP 	fixation: autoDraw = True
34.4463 	EXP 	image: autoDraw = False
34.4463 	EXP 	fixation: autoDraw = False
34.4463 	EXP 	image: autoDraw = False
34.4463 	EXP 	fixation: autoDraw = False
34.4463 	EXP 	image_2: autoDraw = True
34.4463 	EXP 	fixation_2: autoDraw = True
34.6147 	EXP 	New trial (rep=66, index=0): None
34.6297 	EXP 	image_2: autoDraw = False
34.6297 	EXP 	fixation_2: autoDraw = False
34.6297 	EXP 	image_2: autoDraw = False
34.6297 	EXP 	fixation_2: autoDraw = False
34.6297 	EXP 	image: autoDraw = True
34.6297 	EXP 	fixation: autoDraw = True
34.8035 	EXP 	image: autoDraw = False
34.8035 	EXP 	fixation: autoDraw = False
34.8035 	EXP 	image: autoDraw = False
34.8035 	EXP 	fixation: autoDraw = False
34.8035 	EXP 	image_2: autoDraw = True
34.8035 	EXP 	fixation_2: autoDraw = True
34.9601 	EXP 	New trial (rep=67, index=0): None
34.9749 	EXP 	image_2: autoDraw = False
34.9749 	EXP 	fixation_2: autoDraw = False
34.9749 	EXP 	image_2: autoDraw = False
34.9749 	EXP 	fixation_2: autoDraw = False
34.9749 	EXP 	image: autoDraw = True
34.9749 	EXP 	fixation: autoDraw = True
35.1406 	EXP 	image: autoDraw = False
35.1406 	EXP 	fixation: autoDraw = False
35.1406 	EXP 	image: autoDraw = False
35.1406 	EXP 	fixation: autoDraw = False
35.1406 	EXP 	image_2: autoDraw = True
35.1406 	EXP 	fixation_2: autoDraw = True
35.2954 	EXP 	New trial (rep=68, index=0): None
35.3053 	EXP 	image_2: autoDraw = False
35.3053 	EXP 	fixation_2: autoDraw = False
35.3053 	EXP 	image_2: autoDraw = False
35.3053 	EXP 	fixation_2: autoDraw = False
35.3053 	EXP 	image: autoDraw = True
35.3053 	EXP 	fixation: autoDraw = True
35.4687 	EXP 	image: autoDraw = False
35.4687 	EXP 	fixation: autoDraw = False
35.4687 	EXP 	image: autoDraw = False
35.4687 	EXP 	fixation: autoDraw = False
35.4687 	EXP 	image_2: autoDraw = True
35.4687 	EXP 	fixation_2: autoDraw = True
35.6276 	EXP 	New trial (rep=69, index=0): None
35.6371 	EXP 	image_2: autoDraw = False
35.6371 	EXP 	fixation_2: autoDraw = False
35.6371 	EXP 	image_2: autoDraw = False
35.6371 	EXP 	fixation_2: autoDraw = False
35.6371 	EXP 	image: autoDraw = True
35.6371 	EXP 	fixation: autoDraw = True
35.8029 	EXP 	image: autoDraw = False
35.8029 	EXP 	fixation: autoDraw = False
35.8029 	EXP 	image: autoDraw = False
35.8029 	EXP 	fixation: autoDraw = False
35.8029 	EXP 	image_2: autoDraw = True
35.8029 	EXP 	fixation_2: autoDraw = True
35.9597 	EXP 	New trial (rep=70, index=0): None
35.9687 	EXP 	image_2: autoDraw = False
35.9687 	EXP 	fixation_2: autoDraw = False
35.9687 	EXP 	image_2: autoDraw = False
35.9687 	EXP 	fixation_2: autoDraw = False
35.9687 	EXP 	image: autoDraw = True
35.9687 	EXP 	fixation: autoDraw = True
36.1507 	EXP 	image: autoDraw = False
36.1507 	EXP 	fixation: autoDraw = False
36.1507 	EXP 	image: autoDraw = False
36.1507 	EXP 	fixation: autoDraw = False
36.1507 	EXP 	image_2: autoDraw = True
36.1507 	EXP 	fixation_2: autoDraw = True
36.3077 	EXP 	New trial (rep=71, index=0): None
36.3292 	EXP 	image_2: autoDraw = False
36.3292 	EXP 	fixation_2: autoDraw = False
36.3292 	EXP 	image_2: autoDraw = False
36.3292 	EXP 	fixation_2: autoDraw = False
36.3292 	EXP 	image: autoDraw = True
36.3292 	EXP 	fixation: autoDraw = True
36.4965 	EXP 	image: autoDraw = False
36.4965 	EXP 	fixation: autoDraw = False
36.4965 	EXP 	image: autoDraw = False
36.4965 	EXP 	fixation: autoDraw = False
36.4965 	EXP 	image_2: autoDraw = True
36.4965 	EXP 	fixation_2: autoDraw = True
36.6476 	EXP 	New trial (rep=72, index=0): None
36.6560 	EXP 	image_2: autoDraw = False
36.6560 	EXP 	fixation_2: autoDraw = False
36.6560 	EXP 	image_2: autoDraw = False
36.6560 	EXP 	fixation_2: autoDraw = False
36.6560 	EXP 	image: autoDraw = True
36.6560 	EXP 	fixation: autoDraw = True
36.8294 	EXP 	image: autoDraw = False
36.8294 	EXP 	fixation: autoDraw = False
36.8294 	EXP 	image: autoDraw = False
36.8294 	EXP 	fixation: autoDraw = False
36.8294 	EXP 	image_2: autoDraw = True
36.8294 	EXP 	fixation_2: autoDraw = True
36.9999 	EXP 	New trial (rep=73, index=0): None
37.0085 	EXP 	image_2: autoDraw = False
37.0085 	EXP 	fixation_2: autoDraw = False
37.0085 	EXP 	image_2: autoDraw = False
37.0085 	EXP 	fixation_2: autoDraw = False
37.0085 	EXP 	image: autoDraw = True
37.0085 	EXP 	fixation: autoDraw = True
37.1652 	EXP 	image: autoDraw = False
37.1652 	EXP 	fixation: autoDraw = False
37.1652 	EXP 	image: autoDraw = False
37.1652 	EXP 	fixation: autoDraw = False
37.1652 	EXP 	image_2: autoDraw = True
37.1652 	EXP 	fixation_2: autoDraw = True
37.3203 	EXP 	New trial (rep=74, index=0): None
37.3305 	EXP 	image_2: autoDraw = False
37.3305 	EXP 	fixation_2: autoDraw = False
37.3305 	EXP 	image_2: autoDraw = False
37.3305 	EXP 	fixation_2: autoDraw = False
37.3305 	EXP 	image: autoDraw = True
37.3305 	EXP 	fixation: autoDraw = True
37.4961 	EXP 	image: autoDraw = False
37.4961 	EXP 	fixation: autoDraw = False
37.4961 	EXP 	image: autoDraw = False
37.4961 	EXP 	fixation: autoDraw = False
37.4961 	EXP 	image_2: autoDraw = True
37.4961 	EXP 	fixation_2: autoDraw = True
37.6495 	EXP 	New trial (rep=75, index=0): None
37.6577 	EXP 	image_2: autoDraw = False
37.6577 	EXP 	fixation_2: autoDraw = False
37.6577 	EXP 	image_2: autoDraw = False
37.6577 	EXP 	fixation_2: autoDraw = False
37.6577 	EXP 	image: autoDraw = True
37.6577 	EXP 	fixation: autoDraw = True
37.8385 	EXP 	image: autoDraw = False
37.8385 	EXP 	fixation: autoDraw = False
37.8385 	EXP 	image: autoDraw = False
37.8385 	EXP 	fixation: autoDraw = False
37.8385 	EXP 	image_2: autoDraw = True
37.8385 	EXP 	fixation_2: autoDraw = True
37.9930 	EXP 	New trial (rep=76, index=0): None
38.0023 	EXP 	image_2: autoDraw = False
38.0023 	EXP 	fixation_2: autoDraw = False
38.0023 	EXP 	image_2: autoDraw = False
38.0023 	EXP 	fixation_2: autoDraw = False
38.0023 	EXP 	image: autoDraw = True
38.0023 	EXP 	fixation: autoDraw = True
38.1676 	EXP 	image: autoDraw = False
38.1676 	EXP 	fixation: autoDraw = False
38.1676 	EXP 	image: autoDraw = False
38.1676 	EXP 	fixation: autoDraw = False
38.1676 	EXP 	image_2: autoDraw = True
38.1676 	EXP 	fixation_2: autoDraw = True
38.3240 	EXP 	New trial (rep=77, index=0): None
38.3405 	EXP 	image_2: autoDraw = False
38.3405 	EXP 	fixation_2: autoDraw = False
38.3405 	EXP 	image_2: autoDraw = False
38.3405 	EXP 	fixation_2: autoDraw = False
38.3405 	EXP 	image: autoDraw = True
38.3405 	EXP 	fixation: autoDraw = True
38.5068 	EXP 	image: autoDraw = False
38.5068 	EXP 	fixation: autoDraw = False
38.5068 	EXP 	image: autoDraw = False
38.5068 	EXP 	fixation: autoDraw = False
38.5068 	EXP 	image_2: autoDraw = True
38.5068 	EXP 	fixation_2: autoDraw = True
38.6659 	EXP 	New trial (rep=78, index=0): None
38.6752 	EXP 	image_2: autoDraw = False
38.6752 	EXP 	fixation_2: autoDraw = False
38.6752 	EXP 	image_2: autoDraw = False
38.6752 	EXP 	fixation_2: autoDraw = False
38.6752 	EXP 	image: autoDraw = True
38.6752 	EXP 	fixation: autoDraw = True
38.8420 	EXP 	image: autoDraw = False
38.8420 	EXP 	fixation: autoDraw = False
38.8420 	EXP 	image: autoDraw = False
38.8420 	EXP 	fixation: autoDraw = False
38.8420 	EXP 	image_2: autoDraw = True
38.8420 	EXP 	fixation_2: autoDraw = True
39.0018 	EXP 	New trial (rep=79, index=0): None
39.0119 	EXP 	image_2: autoDraw = False
39.0119 	EXP 	fixation_2: autoDraw = False
39.0119 	EXP 	image_2: autoDraw = False
39.0119 	EXP 	fixation_2: autoDraw = False
39.0119 	EXP 	image: autoDraw = True
39.0119 	EXP 	fixation: autoDraw = True
39.1963 	EXP 	image: autoDraw = False
39.1963 	EXP 	fixation: autoDraw = False
39.1963 	EXP 	image: autoDraw = False
39.1963 	EXP 	fixation: autoDraw = False
39.1963 	EXP 	image_2: autoDraw = True
39.1963 	EXP 	fixation_2: autoDraw = True
39.3473 	EXP 	New trial (rep=80, index=0): None
39.3561 	EXP 	image_2: autoDraw = False
39.3561 	EXP 	fixation_2: autoDraw = False
39.3561 	EXP 	image_2: autoDraw = False
39.3561 	EXP 	fixation_2: autoDraw = False
39.3561 	EXP 	image: autoDraw = True
39.3561 	EXP 	fixation: autoDraw = True
39.5347 	EXP 	image: autoDraw = False
39.5347 	EXP 	fixation: autoDraw = False
39.5347 	EXP 	image: autoDraw = False
39.5347 	EXP 	fixation: autoDraw = False
39.5347 	EXP 	image_2: autoDraw = True
39.5347 	EXP 	fixation_2: autoDraw = True
39.6998 	EXP 	New trial (rep=81, index=0): None
39.7169 	EXP 	image_2: autoDraw = False
39.7169 	EXP 	fixation_2: autoDraw = False
39.7169 	EXP 	image_2: autoDraw = False
39.7169 	EXP 	fixation_2: autoDraw = False
39.7169 	EXP 	image: autoDraw = True
39.7169 	EXP 	fixation: autoDraw = True
39.8926 	EXP 	image: autoDraw = False
39.8926 	EXP 	fixation: autoDraw = False
39.8926 	EXP 	image: autoDraw = False
39.8926 	EXP 	fixation: autoDraw = False
39.8926 	EXP 	image_2: autoDraw = True
39.8926 	EXP 	fixation_2: autoDraw = True
40.0534 	EXP 	New trial (rep=82, index=0): None
40.0625 	EXP 	image_2: autoDraw = False
40.0625 	EXP 	fixation_2: autoDraw = False
40.0625 	EXP 	image_2: autoDraw = False
40.0625 	EXP 	fixation_2: autoDraw = False
40.0625 	EXP 	image: autoDraw = True
40.0625 	EXP 	fixation: autoDraw = True
40.2294 	EXP 	image: autoDraw = False
40.2294 	EXP 	fixation: autoDraw = False
40.2294 	EXP 	image: autoDraw = False
40.2294 	EXP 	fixation: autoDraw = False
40.2294 	EXP 	image_2: autoDraw = True
40.2294 	EXP 	fixation_2: autoDraw = True
40.3789 	EXP 	New trial (rep=83, index=0): None
40.3897 	EXP 	image_2: autoDraw = False
40.3897 	EXP 	fixation_2: autoDraw = False
40.3897 	EXP 	image_2: autoDraw = False
40.3897 	EXP 	fixation_2: autoDraw = False
40.3897 	EXP 	image: autoDraw = True
40.3897 	EXP 	fixation: autoDraw = True
40.5564 	EXP 	image: autoDraw = False
40.5564 	EXP 	fixation: autoDraw = False
40.5564 	EXP 	image: autoDraw = False
40.5564 	EXP 	fixation: autoDraw = False
40.5564 	EXP 	image_2: autoDraw = True
40.5564 	EXP 	fixation_2: autoDraw = True
40.7101 	EXP 	New trial (rep=84, index=0): None
40.7202 	EXP 	image_2: autoDraw = False
40.7202 	EXP 	fixation_2: autoDraw = False
40.7202 	EXP 	image_2: autoDraw = False
40.7202 	EXP 	fixation_2: autoDraw = False
40.7202 	EXP 	image: autoDraw = True
40.7202 	EXP 	fixation: autoDraw = True
40.8839 	EXP 	image: autoDraw = False
40.8839 	EXP 	fixation: autoDraw = False
40.8839 	EXP 	image: autoDraw = False
40.8839 	EXP 	fixation: autoDraw = False
40.8839 	EXP 	image_2: autoDraw = True
40.8839 	EXP 	fixation_2: autoDraw = True
41.0380 	EXP 	New trial (rep=85, index=0): None
41.0478 	EXP 	image_2: autoDraw = False
41.0478 	EXP 	fixation_2: autoDraw = False
41.0478 	EXP 	image_2: autoDraw = False
41.0478 	EXP 	fixation_2: autoDraw = False
41.0478 	EXP 	image: autoDraw = True
41.0478 	EXP 	fixation: autoDraw = True
41.2300 	EXP 	image: autoDraw = False
41.2300 	EXP 	fixation: autoDraw = False
41.2300 	EXP 	image: autoDraw = False
41.2300 	EXP 	fixation: autoDraw = False
41.2300 	EXP 	image_2: autoDraw = True
41.2300 	EXP 	fixation_2: autoDraw = True
41.3831 	EXP 	New trial (rep=86, index=0): None
41.3923 	EXP 	image_2: autoDraw = False
41.3923 	EXP 	fixation_2: autoDraw = False
41.3923 	EXP 	image_2: autoDraw = False
41.3923 	EXP 	fixation_2: autoDraw = False
41.3923 	EXP 	image: autoDraw = True
41.3923 	EXP 	fixation: autoDraw = True
41.5615 	EXP 	image: autoDraw = False
41.5615 	EXP 	fixation: autoDraw = False
41.5615 	EXP 	image: autoDraw = False
41.5615 	EXP 	fixation: autoDraw = False
41.5615 	EXP 	image_2: autoDraw = True
41.5615 	EXP 	fixation_2: autoDraw = True
41.7141 	EXP 	New trial (rep=87, index=0): None
41.7294 	EXP 	image_2: autoDraw = False
41.7294 	EXP 	fixation_2: autoDraw = False
41.7294 	EXP 	image_2: autoDraw = False
41.7294 	EXP 	fixation_2: autoDraw = False
41.7294 	EXP 	image: autoDraw = True
41.7294 	EXP 	fixation: autoDraw = True
41.9010 	EXP 	image: autoDraw = False
41.9010 	EXP 	fixation: autoDraw = False
41.9010 	EXP 	image: autoDraw = False
41.9010 	EXP 	fixation: autoDraw = False
41.9010 	EXP 	image_2: autoDraw = True
41.9010 	EXP 	fixation_2: autoDraw = True
42.0570 	EXP 	New trial (rep=88, index=0): None
42.0646 	EXP 	image_2: autoDraw = False
42.0646 	EXP 	fixation_2: autoDraw = False
42.0646 	EXP 	image_2: autoDraw = False
42.0646 	EXP 	fixation_2: autoDraw = False
42.0646 	EXP 	image: autoDraw = True
42.0646 	EXP 	fixation: autoDraw = True
42.2291 	EXP 	image: autoDraw = False
42.2291 	EXP 	fixation: autoDraw = False
42.2291 	EXP 	image: autoDraw = False
42.2291 	EXP 	fixation: autoDraw = False
42.2291 	EXP 	image_2: autoDraw = True
42.2291 	EXP 	fixation_2: autoDraw = True
42.3842 	EXP 	New trial (rep=89, index=0): None
42.3928 	EXP 	image_2: autoDraw = False
42.3928 	EXP 	fixation_2: autoDraw = False
42.3928 	EXP 	image_2: autoDraw = False
42.3928 	EXP 	fixation_2: autoDraw = False
42.3928 	EXP 	image: autoDraw = True
42.3928 	EXP 	fixation: autoDraw = True
42.5537 	EXP 	image: autoDraw = False
42.5537 	EXP 	fixation: autoDraw = False
42.5537 	EXP 	image: autoDraw = False
42.5537 	EXP 	fixation: autoDraw = False
42.5537 	EXP 	image_2: autoDraw = True
42.5537 	EXP 	fixation_2: autoDraw = True
42.7091 	EXP 	New trial (rep=90, index=0): None
42.7238 	EXP 	image_2: autoDraw = False
42.7238 	EXP 	fixation_2: autoDraw = False
42.7238 	EXP 	image_2: autoDraw = False
42.7238 	EXP 	fixation_2: autoDraw = False
42.7238 	EXP 	image: autoDraw = True
42.7238 	EXP 	fixation: autoDraw = True
42.8838 	EXP 	image: autoDraw = False
42.8838 	EXP 	fixation: autoDraw = False
42.8838 	EXP 	image: autoDraw = False
42.8838 	EXP 	fixation: autoDraw = False
42.8838 	EXP 	image_2: autoDraw = True
42.8838 	EXP 	fixation_2: autoDraw = True
43.0397 	EXP 	New trial (rep=91, index=0): None
43.0501 	EXP 	image_2: autoDraw = False
43.0501 	EXP 	fixation_2: autoDraw = False
43.0501 	EXP 	image_2: autoDraw = False
43.0501 	EXP 	fixation_2: autoDraw = False
43.0501 	EXP 	image: autoDraw = True
43.0501 	EXP 	fixation: autoDraw = True
43.2131 	EXP 	image: autoDraw = False
43.2131 	EXP 	fixation: autoDraw = False
43.2131 	EXP 	image: autoDraw = False
43.2131 	EXP 	fixation: autoDraw = False
43.2131 	EXP 	image_2: autoDraw = True
43.2131 	EXP 	fixation_2: autoDraw = True
43.3677 	EXP 	New trial (rep=92, index=0): None
43.3776 	EXP 	image_2: autoDraw = False
43.3776 	EXP 	fixation_2: autoDraw = False
43.3776 	EXP 	image_2: autoDraw = False
43.3776 	EXP 	fixation_2: autoDraw = False
43.3776 	EXP 	image: autoDraw = True
43.3776 	EXP 	fixation: autoDraw = True
43.5647 	EXP 	image: autoDraw = False
43.5647 	EXP 	fixation: autoDraw = False
43.5647 	EXP 	image: autoDraw = False
43.5647 	EXP 	fixation: autoDraw = False
43.5647 	EXP 	image_2: autoDraw = True
43.5647 	EXP 	fixation_2: autoDraw = True
43.7153 	EXP 	New trial (rep=93, index=0): None
43.7238 	EXP 	image_2: autoDraw = False
43.7238 	EXP 	fixation_2: autoDraw = False
43.7238 	EXP 	image_2: autoDraw = False
43.7238 	EXP 	fixation_2: autoDraw = False
43.7238 	EXP 	image: autoDraw = True
43.7238 	EXP 	fixation: autoDraw = True
43.8855 	EXP 	image: autoDraw = False
43.8855 	EXP 	fixation: autoDraw = False
43.8855 	EXP 	image: autoDraw = False
43.8855 	EXP 	fixation: autoDraw = False
43.8855 	EXP 	image_2: autoDraw = True
43.8855 	EXP 	fixation_2: autoDraw = True
44.0364 	EXP 	New trial (rep=94, index=0): None
44.0456 	EXP 	image_2: autoDraw = False
44.0456 	EXP 	fixation_2: autoDraw = False
44.0456 	EXP 	image_2: autoDraw = False
44.0456 	EXP 	fixation_2: autoDraw = False
44.0456 	EXP 	image: autoDraw = True
44.0456 	EXP 	fixation: autoDraw = True
44.2129 	EXP 	image: autoDraw = False
44.2129 	EXP 	fixation: autoDraw = False
44.2129 	EXP 	image: autoDraw = False
44.2129 	EXP 	fixation: autoDraw = False
44.2129 	EXP 	image_2: autoDraw = True
44.2129 	EXP 	fixation_2: autoDraw = True
44.3656 	EXP 	New trial (rep=95, index=0): None
44.3792 	EXP 	image_2: autoDraw = False
44.3792 	EXP 	fixation_2: autoDraw = False
44.3792 	EXP 	image_2: autoDraw = False
44.3792 	EXP 	fixation_2: autoDraw = False
44.3792 	EXP 	image: autoDraw = True
44.3792 	EXP 	fixation: autoDraw = True
44.5458 	EXP 	image: autoDraw = False
44.5458 	EXP 	fixation: autoDraw = False
44.5458 	EXP 	image: autoDraw = False
44.5458 	EXP 	fixation: autoDraw = False
44.5458 	EXP 	image_2: autoDraw = True
44.5458 	EXP 	fixation_2: autoDraw = True
44.7040 	EXP 	New trial (rep=96, index=0): None
44.7202 	EXP 	image_2: autoDraw = False
44.7202 	EXP 	fixation_2: autoDraw = False
44.7202 	EXP 	image_2: autoDraw = False
44.7202 	EXP 	fixation_2: autoDraw = False
44.7202 	EXP 	image: autoDraw = True
44.7202 	EXP 	fixation: autoDraw = True
44.8834 	EXP 	image: autoDraw = False
44.8834 	EXP 	fixation: autoDraw = False
44.8834 	EXP 	image: autoDraw = False
44.8834 	EXP 	fixation: autoDraw = False
44.8834 	EXP 	image_2: autoDraw = True
44.8834 	EXP 	fixation_2: autoDraw = True
45.0451 	EXP 	New trial (rep=97, index=0): None
45.0543 	EXP 	image_2: autoDraw = False
45.0543 	EXP 	fixation_2: autoDraw = False
45.0543 	EXP 	image_2: autoDraw = False
45.0543 	EXP 	fixation_2: autoDraw = False
45.0543 	EXP 	image: autoDraw = True
45.0543 	EXP 	fixation: autoDraw = True
45.2161 	EXP 	image: autoDraw = False
45.2161 	EXP 	fixation: autoDraw = False
45.2161 	EXP 	image: autoDraw = False
45.2161 	EXP 	fixation: autoDraw = False
45.2161 	EXP 	image_2: autoDraw = True
45.2161 	EXP 	fixation_2: autoDraw = True
45.3821 	EXP 	New trial (rep=98, index=0): None
45.3922 	EXP 	image_2: autoDraw = False
45.3922 	EXP 	fixation_2: autoDraw = False
45.3922 	EXP 	image_2: autoDraw = False
45.3922 	EXP 	fixation_2: autoDraw = False
45.3922 	EXP 	image: autoDraw = True
45.3922 	EXP 	fixation: autoDraw = True
45.5537 	EXP 	image: autoDraw = False
45.5537 	EXP 	fixation: autoDraw = False
45.5537 	EXP 	image: autoDraw = False
45.5537 	EXP 	fixation: autoDraw = False
45.5537 	EXP 	image_2: autoDraw = True
45.5537 	EXP 	fixation_2: autoDraw = True
45.7090 	EXP 	New trial (rep=99, index=0): None
45.7183 	EXP 	image_2: autoDraw = False
45.7183 	EXP 	fixation_2: autoDraw = False
45.7183 	EXP 	image_2: autoDraw = False
45.7183 	EXP 	fixation_2: autoDraw = False
45.7183 	EXP 	image: autoDraw = True
45.7183 	EXP 	fixation: autoDraw = True
45.8989 	EXP 	image: autoDraw = False
45.8989 	EXP 	fixation: autoDraw = False
45.8989 	EXP 	image: autoDraw = False
45.8989 	EXP 	fixation: autoDraw = False
45.8989 	EXP 	image_2: autoDraw = True
45.8989 	EXP 	fixation_2: autoDraw = True
46.0694 	EXP 	image_2: autoDraw = False
46.0694 	EXP 	fixation_2: autoDraw = False
46.0694 	EXP 	image_2: autoDraw = False
46.0694 	EXP 	fixation_2: autoDraw = False
46.1177 	EXP 	window1: mouseVisible = True
