1.0797 	WARNING 	We strongly recommend you activate the PTB sound engine in PsychoPy prefs as the preferred audio engine. Its timing is vastly superior. Your prefs are currently set to use ['sounddevice', 'PTB', 'pyo', 'pygame'] (in that order).
5.6647 	WARNING 	User requested fullscreen with size [1024  768], but screen is actually [2560, 1080]. Using actual size
6.8624 	WARNING 	Couldn't measure a consistent frame rate!
  - Is your graphics card set to sync to vertical blank?
  - Are you running other processes on your computer?

6.8632 	EXP 	Created window1 = Window(allowGUI=True, allowStencil=False, autoLog=True, backendConf=UNKNOWN, bitsMode=UNKNOWN, blendMode='avg', bpc=(8, 8, 8), color=array([0, 0, 0]), colorSpace='rgb', depthBits=8, fullscr=<method-wrapper '__getattribute__' of attributeSetter object at 0x7fca19a3f8e0>, gamma=None, gammaErrorPolicy='raise', lms=UNKNOWN, monitor=<psychopy.monitors.calibTools.Monitor object at 0x7fc9e58ef4c0>, multiSample=False, name='window1', numSamples=2, pos=[0.0, 0.0], screen=0, size=array([2560, 1080]), stencilBits=0, stereo=False, units='height', useFBO=True, useRetina=False, viewOri=0.0, viewPos=None, viewScale=None, waitBlanking=True, winType='pyglet')
6.8637 	EXP 	window1: mouseVisible = True
6.8647 	EXP 	window1: mouseVisible = False
6.8648 	EXP 	window1: Attempting to measure frame rate of screen (0) ...
6.8648 	EXP 	window1: recordFrameIntervals = False
6.9455 	EXP 	window1: recordFrameIntervals = True
7.7791 	WARNING 	Couldn't measure a consistent frame rate!
  - Is your graphics card set to sync to vertical blank?
  - Are you running other processes on your computer?

10.0218 	EXP 	Created image = ImageStim(__class__=<class 'psychopy.visual.image.ImageStim'>, anchor=('center', 'center'), autoLog=True, color=array([1, 1, 1]), colorSpace='rgb', contrast=1.0, depth=-1.0, flipHoriz=False, flipVert=False, image=str(...), interpolate=True, mask=None, maskParams=None, name='image', opacity=1.0, ori=0.0, pos=array([0., 0.]), size=array([0.5, 0.5]), texRes=128.0, units='height', win=Window(...))
10.0281 	EXP 	Created fixation = ShapeStim(__class__=<class 'psychopy.visual.shape.ShapeStim'>, anchor=('center', 'center'), autoDraw=False, autoLog=True, closeShape=True, color=method-wrapper(...), colorSpace='rgb', contrast=None, depth=-2.0, fillColor=array([ 1, -1, -1]), fillColorSpace='rgb', fillRGB=array([ 1, -1, -1]), interpolate=True, lineColor=array([ 1, -1, -1]), lineColorSpace='rgb', lineRGB=array([ 1, -1, -1]), lineWidth=1.0, name='fixation', opacity=1.0, ori=0.0, pos=array([0., 0.]), size=array([0.01, 0.01]), units='height', vertices=ndarray(...), win=Window(...), windingRule=None)
10.2558 	EXP 	Created image_2 = ImageStim(__class__=<class 'psychopy.visual.image.ImageStim'>, anchor=('center', 'center'), autoLog=True, color=array([1, 1, 1]), colorSpace='rgb', contrast=1.0, depth=-1.0, flipHoriz=False, flipVert=False, image=str(...), interpolate=True, mask=None, maskParams=None, name='image_2', opacity=1.0, ori=0.0, pos=array([0., 0.]), size=array([0.5, 0.5]), texRes=128.0, units='height', win=Window(...))
10.2590 	EXP 	Created fixation_2 = ShapeStim(__class__=<class 'psychopy.visual.shape.ShapeStim'>, anchor=('center', 'center'), autoDraw=False, autoLog=True, closeShape=True, color=method-wrapper(...), colorSpace='rgb', contrast=None, depth=-2.0, fillColor=array([ 1, -1, -1]), fillColorSpace='rgb', fillRGB=array([ 1, -1, -1]), interpolate=True, lineColor=array([ 1, -1, -1]), lineColorSpace='rgb', lineRGB=array([ 1, -1, -1]), lineWidth=1.0, name='fixation_2', opacity=1.0, ori=0.0, pos=array([0., 0.]), size=array([0.01, 0.01]), units='height', vertices=ndarray(...), win=Window(...), windingRule=None)
10.2600 	EXP 	Created sequence: random, trialTypes=1, nReps=75, seed=None
10.2604 	EXP 	New trial (rep=0, index=0): None
10.2819 	WARNING 	t of last frame was 2503.25ms (=1/0)
10.2819 	EXP 	image: autoDraw = True
10.2819 	EXP 	fixation: autoDraw = True
10.7997 	WARNING 	t of last frame was 32.90ms (=1/30)
10.7997 	EXP 	image: autoDraw = False
10.7997 	EXP 	fixation: autoDraw = False
10.7997 	EXP 	image: autoDraw = False
10.7997 	EXP 	fixation: autoDraw = False
10.7997 	EXP 	image_2: autoDraw = True
10.7997 	EXP 	fixation_2: autoDraw = True
11.2847 	EXP 	New trial (rep=1, index=0): None
11.2947 	EXP 	image_2: autoDraw = False
11.2947 	EXP 	fixation_2: autoDraw = False
11.2947 	EXP 	image_2: autoDraw = False
11.2947 	EXP 	fixation_2: autoDraw = False
11.2947 	EXP 	image: autoDraw = True
11.2947 	EXP 	fixation: autoDraw = True
11.7841 	EXP 	image: autoDraw = False
11.7841 	EXP 	fixation: autoDraw = False
11.7841 	EXP 	image: autoDraw = False
11.7841 	EXP 	fixation: autoDraw = False
11.7841 	EXP 	image_2: autoDraw = True
11.7841 	EXP 	fixation_2: autoDraw = True
12.2682 	EXP 	New trial (rep=2, index=0): None
12.2784 	EXP 	image_2: autoDraw = False
12.2784 	EXP 	fixation_2: autoDraw = False
12.2784 	EXP 	image_2: autoDraw = False
12.2784 	EXP 	fixation_2: autoDraw = False
12.2784 	EXP 	image: autoDraw = True
12.2784 	EXP 	fixation: autoDraw = True
12.7668 	EXP 	image: autoDraw = False
12.7668 	EXP 	fixation: autoDraw = False
12.7668 	EXP 	image: autoDraw = False
12.7668 	EXP 	fixation: autoDraw = False
12.7668 	EXP 	image_2: autoDraw = True
12.7668 	EXP 	fixation_2: autoDraw = True
13.2509 	EXP 	New trial (rep=3, index=0): None
13.2613 	EXP 	image_2: autoDraw = False
13.2613 	EXP 	fixation_2: autoDraw = False
13.2613 	EXP 	image_2: autoDraw = False
13.2613 	EXP 	fixation_2: autoDraw = False
13.2613 	EXP 	image: autoDraw = True
13.2613 	EXP 	fixation: autoDraw = True
13.7514 	EXP 	image: autoDraw = False
13.7514 	EXP 	fixation: autoDraw = False
13.7514 	EXP 	image: autoDraw = False
13.7514 	EXP 	fixation: autoDraw = False
13.7514 	EXP 	image_2: autoDraw = True
13.7514 	EXP 	fixation_2: autoDraw = True
14.2352 	EXP 	New trial (rep=4, index=0): None
14.2450 	EXP 	image_2: autoDraw = False
14.2450 	EXP 	fixation_2: autoDraw = False
14.2450 	EXP 	image_2: autoDraw = False
14.2450 	EXP 	fixation_2: autoDraw = False
14.2450 	EXP 	image: autoDraw = True
14.2450 	EXP 	fixation: autoDraw = True
14.7350 	EXP 	image: autoDraw = False
14.7350 	EXP 	fixation: autoDraw = False
14.7350 	EXP 	image: autoDraw = False
14.7350 	EXP 	fixation: autoDraw = False
14.7350 	EXP 	image_2: autoDraw = True
14.7350 	EXP 	fixation_2: autoDraw = True
15.2302 	EXP 	New trial (rep=5, index=0): None
15.2366 	EXP 	image_2: autoDraw = False
15.2366 	EXP 	fixation_2: autoDraw = False
15.2366 	EXP 	image_2: autoDraw = False
15.2366 	EXP 	fixation_2: autoDraw = False
15.2366 	EXP 	image: autoDraw = True
15.2366 	EXP 	fixation: autoDraw = True
15.7347 	EXP 	image: autoDraw = False
15.7347 	EXP 	fixation: autoDraw = False
15.7347 	EXP 	image: autoDraw = False
15.7347 	EXP 	fixation: autoDraw = False
15.7347 	EXP 	image_2: autoDraw = True
15.7347 	EXP 	fixation_2: autoDraw = True
16.2185 	EXP 	New trial (rep=6, index=0): None
16.2281 	EXP 	image_2: autoDraw = False
16.2281 	EXP 	fixation_2: autoDraw = False
16.2281 	EXP 	image_2: autoDraw = False
16.2281 	EXP 	fixation_2: autoDraw = False
16.2281 	EXP 	image: autoDraw = True
16.2281 	EXP 	fixation: autoDraw = True
16.7183 	EXP 	image: autoDraw = False
16.7183 	EXP 	fixation: autoDraw = False
16.7183 	EXP 	image: autoDraw = False
16.7183 	EXP 	fixation: autoDraw = False
16.7183 	EXP 	image_2: autoDraw = True
16.7183 	EXP 	fixation_2: autoDraw = True
17.2016 	EXP 	New trial (rep=7, index=0): None
17.2111 	EXP 	image_2: autoDraw = False
17.2111 	EXP 	fixation_2: autoDraw = False
17.2111 	EXP 	image_2: autoDraw = False
17.2111 	EXP 	fixation_2: autoDraw = False
17.2111 	EXP 	image: autoDraw = True
17.2111 	EXP 	fixation: autoDraw = True
17.7022 	EXP 	image: autoDraw = False
17.7022 	EXP 	fixation: autoDraw = False
17.7022 	EXP 	image: autoDraw = False
17.7022 	EXP 	fixation: autoDraw = False
17.7022 	EXP 	image_2: autoDraw = True
17.7022 	EXP 	fixation_2: autoDraw = True
18.1969 	EXP 	New trial (rep=8, index=0): None
18.2025 	EXP 	image_2: autoDraw = False
18.2025 	EXP 	fixation_2: autoDraw = False
18.2025 	EXP 	image_2: autoDraw = False
18.2025 	EXP 	fixation_2: autoDraw = False
18.2025 	EXP 	image: autoDraw = True
18.2025 	EXP 	fixation: autoDraw = True
18.6990 	EXP 	image: autoDraw = False
18.6990 	EXP 	fixation: autoDraw = False
18.6990 	EXP 	image: autoDraw = False
18.6990 	EXP 	fixation: autoDraw = False
18.6990 	EXP 	image_2: autoDraw = True
18.6990 	EXP 	fixation_2: autoDraw = True
19.1850 	EXP 	New trial (rep=9, index=0): None
19.1951 	EXP 	image_2: autoDraw = False
19.1951 	EXP 	fixation_2: autoDraw = False
19.1951 	EXP 	image_2: autoDraw = False
19.1951 	EXP 	fixation_2: autoDraw = False
19.1951 	EXP 	image: autoDraw = True
19.1951 	EXP 	fixation: autoDraw = True
19.6846 	EXP 	image: autoDraw = False
19.6846 	EXP 	fixation: autoDraw = False
19.6846 	EXP 	image: autoDraw = False
19.6846 	EXP 	fixation: autoDraw = False
19.6846 	EXP 	image_2: autoDraw = True
19.6846 	EXP 	fixation_2: autoDraw = True
20.1679 	EXP 	New trial (rep=10, index=0): None
20.1777 	EXP 	image_2: autoDraw = False
20.1777 	EXP 	fixation_2: autoDraw = False
20.1777 	EXP 	image_2: autoDraw = False
20.1777 	EXP 	fixation_2: autoDraw = False
20.1777 	EXP 	image: autoDraw = True
20.1777 	EXP 	fixation: autoDraw = True
20.6682 	EXP 	image: autoDraw = False
20.6682 	EXP 	fixation: autoDraw = False
20.6682 	EXP 	image: autoDraw = False
20.6682 	EXP 	fixation: autoDraw = False
20.6682 	EXP 	image_2: autoDraw = True
20.6682 	EXP 	fixation_2: autoDraw = True
21.1526 	EXP 	New trial (rep=11, index=0): None
21.1614 	EXP 	image_2: autoDraw = False
21.1614 	EXP 	fixation_2: autoDraw = False
21.1614 	EXP 	image_2: autoDraw = False
21.1614 	EXP 	fixation_2: autoDraw = False
21.1614 	EXP 	image: autoDraw = True
21.1614 	EXP 	fixation: autoDraw = True
21.6513 	EXP 	image: autoDraw = False
21.6513 	EXP 	fixation: autoDraw = False
21.6513 	EXP 	image: autoDraw = False
21.6513 	EXP 	fixation: autoDraw = False
21.6513 	EXP 	image_2: autoDraw = True
21.6513 	EXP 	fixation_2: autoDraw = True
22.1470 	EXP 	New trial (rep=12, index=0): None
22.1527 	EXP 	image_2: autoDraw = False
22.1527 	EXP 	fixation_2: autoDraw = False
22.1527 	EXP 	image_2: autoDraw = False
22.1527 	EXP 	fixation_2: autoDraw = False
22.1527 	EXP 	image: autoDraw = True
22.1527 	EXP 	fixation: autoDraw = True
22.6521 	EXP 	image: autoDraw = False
22.6521 	EXP 	fixation: autoDraw = False
22.6521 	EXP 	image: autoDraw = False
22.6521 	EXP 	fixation: autoDraw = False
22.6521 	EXP 	image_2: autoDraw = True
22.6521 	EXP 	fixation_2: autoDraw = True
23.1466 	EXP 	New trial (rep=13, index=0): None
23.1511 	EXP 	image_2: autoDraw = False
23.1511 	EXP 	fixation_2: autoDraw = False
23.1511 	EXP 	image_2: autoDraw = False
23.1511 	EXP 	fixation_2: autoDraw = False
23.1511 	EXP 	image: autoDraw = True
23.1511 	EXP 	fixation: autoDraw = True
23.6452 	EXP 	image: autoDraw = False
23.6452 	EXP 	fixation: autoDraw = False
23.6452 	EXP 	image: autoDraw = False
23.6452 	EXP 	fixation: autoDraw = False
23.6452 	EXP 	image_2: autoDraw = True
23.6452 	EXP 	fixation_2: autoDraw = True
24.1306 	EXP 	New trial (rep=14, index=0): None
24.1355 	EXP 	image_2: autoDraw = False
24.1355 	EXP 	fixation_2: autoDraw = False
24.1355 	EXP 	image_2: autoDraw = False
24.1355 	EXP 	fixation_2: autoDraw = False
24.1355 	EXP 	image: autoDraw = True
24.1355 	EXP 	fixation: autoDraw = True
24.6345 	EXP 	image: autoDraw = False
24.6345 	EXP 	fixation: autoDraw = False
24.6345 	EXP 	image: autoDraw = False
24.6345 	EXP 	fixation: autoDraw = False
24.6345 	EXP 	image_2: autoDraw = True
24.6345 	EXP 	fixation_2: autoDraw = True
25.1302 	EXP 	New trial (rep=15, index=0): None
25.1355 	EXP 	image_2: autoDraw = False
25.1355 	EXP 	fixation_2: autoDraw = False
25.1355 	EXP 	image_2: autoDraw = False
25.1355 	EXP 	fixation_2: autoDraw = False
25.1355 	EXP 	image: autoDraw = True
25.1355 	EXP 	fixation: autoDraw = True
25.6341 	EXP 	image: autoDraw = False
25.6341 	EXP 	fixation: autoDraw = False
25.6341 	EXP 	image: autoDraw = False
25.6341 	EXP 	fixation: autoDraw = False
25.6341 	EXP 	image_2: autoDraw = True
25.6341 	EXP 	fixation_2: autoDraw = True
26.1185 	EXP 	New trial (rep=16, index=0): None
26.1279 	EXP 	image_2: autoDraw = False
26.1279 	EXP 	fixation_2: autoDraw = False
26.1279 	EXP 	image_2: autoDraw = False
26.1279 	EXP 	fixation_2: autoDraw = False
26.1279 	EXP 	image: autoDraw = True
26.1279 	EXP 	fixation: autoDraw = True
26.6182 	EXP 	image: autoDraw = False
26.6182 	EXP 	fixation: autoDraw = False
26.6182 	EXP 	image: autoDraw = False
26.6182 	EXP 	fixation: autoDraw = False
26.6182 	EXP 	image_2: autoDraw = True
26.6182 	EXP 	fixation_2: autoDraw = True
27.1019 	EXP 	New trial (rep=17, index=0): None
27.1111 	EXP 	image_2: autoDraw = False
27.1111 	EXP 	fixation_2: autoDraw = False
27.1111 	EXP 	image_2: autoDraw = False
27.1111 	EXP 	fixation_2: autoDraw = False
27.1111 	EXP 	image: autoDraw = True
27.1111 	EXP 	fixation: autoDraw = True
27.6010 	EXP 	image: autoDraw = False
27.6010 	EXP 	fixation: autoDraw = False
27.6010 	EXP 	image: autoDraw = False
27.6010 	EXP 	fixation: autoDraw = False
27.6010 	EXP 	image_2: autoDraw = True
27.6010 	EXP 	fixation_2: autoDraw = True
28.0868 	EXP 	New trial (rep=18, index=0): None
28.0948 	EXP 	image_2: autoDraw = False
28.0948 	EXP 	fixation_2: autoDraw = False
28.0948 	EXP 	image_2: autoDraw = False
28.0948 	EXP 	fixation_2: autoDraw = False
28.0948 	EXP 	image: autoDraw = True
28.0948 	EXP 	fixation: autoDraw = True
28.5837 	EXP 	image: autoDraw = False
28.5837 	EXP 	fixation: autoDraw = False
28.5837 	EXP 	image: autoDraw = False
28.5837 	EXP 	fixation: autoDraw = False
28.5837 	EXP 	image_2: autoDraw = True
28.5837 	EXP 	fixation_2: autoDraw = True
29.0677 	EXP 	New trial (rep=19, index=0): None
29.0783 	EXP 	image_2: autoDraw = False
29.0783 	EXP 	fixation_2: autoDraw = False
29.0783 	EXP 	image_2: autoDraw = False
29.0783 	EXP 	fixation_2: autoDraw = False
29.0783 	EXP 	image: autoDraw = True
29.0783 	EXP 	fixation: autoDraw = True
29.5681 	EXP 	image: autoDraw = False
29.5681 	EXP 	fixation: autoDraw = False
29.5681 	EXP 	image: autoDraw = False
29.5681 	EXP 	fixation: autoDraw = False
29.5681 	EXP 	image_2: autoDraw = True
29.5681 	EXP 	fixation_2: autoDraw = True
30.0518 	EXP 	New trial (rep=20, index=0): None
30.0615 	EXP 	image_2: autoDraw = False
30.0615 	EXP 	fixation_2: autoDraw = False
30.0615 	EXP 	image_2: autoDraw = False
30.0615 	EXP 	fixation_2: autoDraw = False
30.0615 	EXP 	image: autoDraw = True
30.0615 	EXP 	fixation: autoDraw = True
30.5512 	EXP 	image: autoDraw = False
30.5512 	EXP 	fixation: autoDraw = False
30.5512 	EXP 	image: autoDraw = False
30.5512 	EXP 	fixation: autoDraw = False
30.5512 	EXP 	image_2: autoDraw = True
30.5512 	EXP 	fixation_2: autoDraw = True
31.0469 	EXP 	New trial (rep=21, index=0): None
31.0527 	EXP 	image_2: autoDraw = False
31.0527 	EXP 	fixation_2: autoDraw = False
31.0527 	EXP 	image_2: autoDraw = False
31.0527 	EXP 	fixation_2: autoDraw = False
31.0527 	EXP 	image: autoDraw = True
31.0527 	EXP 	fixation: autoDraw = True
31.5514 	EXP 	image: autoDraw = False
31.5514 	EXP 	fixation: autoDraw = False
31.5514 	EXP 	image: autoDraw = False
31.5514 	EXP 	fixation: autoDraw = False
31.5514 	EXP 	image_2: autoDraw = True
31.5514 	EXP 	fixation_2: autoDraw = True
32.0470 	EXP 	New trial (rep=22, index=0): None
32.0531 	EXP 	image_2: autoDraw = False
32.0531 	EXP 	fixation_2: autoDraw = False
32.0531 	EXP 	image_2: autoDraw = False
32.0531 	EXP 	fixation_2: autoDraw = False
32.0531 	EXP 	image: autoDraw = True
32.0531 	EXP 	fixation: autoDraw = True
32.5516 	EXP 	image: autoDraw = False
32.5516 	EXP 	fixation: autoDraw = False
32.5516 	EXP 	image: autoDraw = False
32.5516 	EXP 	fixation: autoDraw = False
32.5516 	EXP 	image_2: autoDraw = True
32.5516 	EXP 	fixation_2: autoDraw = True
33.0349 	EXP 	New trial (rep=23, index=0): None
33.0448 	EXP 	image_2: autoDraw = False
33.0448 	EXP 	fixation_2: autoDraw = False
33.0448 	EXP 	image_2: autoDraw = False
33.0448 	EXP 	fixation_2: autoDraw = False
33.0448 	EXP 	image: autoDraw = True
33.0448 	EXP 	fixation: autoDraw = True
33.5350 	EXP 	image: autoDraw = False
33.5350 	EXP 	fixation: autoDraw = False
33.5350 	EXP 	image: autoDraw = False
33.5350 	EXP 	fixation: autoDraw = False
33.5350 	EXP 	image_2: autoDraw = True
33.5350 	EXP 	fixation_2: autoDraw = True
33.8801 	DATA 	Keypress: escape
33.8842 	WARNING 	t of last frame was 39.51ms (=1/25)
34.3832 	EXP 	window1: mouseVisible = True
