1.6830 	WARNING 	We strongly recommend you activate the PTB sound engine in PsychoPy prefs as the preferred audio engine. Its timing is vastly superior. Your prefs are currently set to use ['sounddevice', 'PTB', 'pyo', 'pygame'] (in that order).
7.1356 	WARNING 	User requested fullscreen with size [1024  768], but screen is actually [1440, 900]. Using actual size
8.5848 	WARNING 	Couldn't measure a consistent frame rate!
  - Is your graphics card set to sync to vertical blank?
  - Are you running other processes on your computer?

8.5860 	EXP 	Created window1 = Window(allowGUI=True, allowStencil=False, autoLog=True, backendConf=UNKNOWN, bitsMode=UNKNOWN, blendMode='avg', bpc=(8, 8, 8), color=array([0, 0, 0]), colorSpace='rgb', depthBits=8, fullscr=<method-wrapper '__getattribute__' of attributeSetter object at 0x7fbb1ac978e0>, gamma=None, gammaErrorPolicy='raise', lms=UNKNOWN, monitor=<psychopy.monitors.calibTools.Monitor object at 0x7fbb0e6a5730>, multiSample=False, name='window1', numSamples=2, pos=[360.0, 225.0], screen=0, size=array([2880, 1800]), stencilBits=0, stereo=False, units='height', useFBO=True, useRetina=True, viewOri=0.0, viewPos=None, viewScale=None, waitBlanking=True, winType='pyglet')
8.5862 	EXP 	window1: mouseVisible = True
8.5868 	EXP 	window1: mouseVisible = False
8.5869 	EXP 	window1: Attempting to measure frame rate of screen (0) ...
8.5869 	EXP 	window1: recordFrameIntervals = False
8.6692 	EXP 	window1: recordFrameIntervals = True
9.1228 	WARNING 	t of last frame was 20.25ms (=1/49)
9.5248 	WARNING 	Couldn't measure a consistent frame rate!
  - Is your graphics card set to sync to vertical blank?
  - Are you running other processes on your computer?

12.8116 	EXP 	Created image = ImageStim(__class__=<class 'psychopy.visual.image.ImageStim'>, anchor=('center', 'center'), autoLog=True, color=array([1, 1, 1]), colorSpace='rgb', contrast=1.0, depth=-1.0, flipHoriz=False, flipVert=False, image=str(...), interpolate=True, mask=None, maskParams=None, name='image', opacity=1.0, ori=0.0, pos=array([0., 0.]), size=array([1., 1.]), texRes=128.0, units='height', win=Window(...))
12.8180 	EXP 	Created fixation = ShapeStim(__class__=<class 'psychopy.visual.shape.ShapeStim'>, anchor=('center', 'center'), autoDraw=False, autoLog=True, closeShape=True, color=method-wrapper(...), colorSpace='rgb', contrast=None, depth=-2.0, fillColor=array([ 1, -1, -1]), fillColorSpace='rgb', fillRGB=array([ 1, -1, -1]), interpolate=True, lineColor=array([ 1, -1, -1]), lineColorSpace='rgb', lineRGB=array([ 1, -1, -1]), lineWidth=1.0, name='fixation', opacity=1.0, ori=0.0, pos=array([0., 0.]), size=array([0.01, 0.01]), units='height', vertices=ndarray(...), win=Window(...), windingRule=None)
13.0801 	EXP 	Created image_2 = ImageStim(__class__=<class 'psychopy.visual.image.ImageStim'>, anchor=('center', 'center'), autoLog=True, color=array([1, 1, 1]), colorSpace='rgb', contrast=1.0, depth=-1.0, flipHoriz=False, flipVert=False, image=str(...), interpolate=True, mask=None, maskParams=None, name='image_2', opacity=1.0, ori=0.0, pos=array([0., 0.]), size=array([1., 1.]), texRes=128.0, units='height', win=Window(...))
13.0861 	EXP 	Created fixation_2 = ShapeStim(__class__=<class 'psychopy.visual.shape.ShapeStim'>, anchor=('center', 'center'), autoDraw=False, autoLog=True, closeShape=True, color=method-wrapper(...), colorSpace='rgb', contrast=None, depth=-2.0, fillColor=array([ 1, -1, -1]), fillColorSpace='rgb', fillRGB=array([ 1, -1, -1]), interpolate=True, lineColor=array([ 1, -1, -1]), lineColorSpace='rgb', lineRGB=array([ 1, -1, -1]), lineWidth=1.0, name='fixation_2', opacity=1.0, ori=0.0, pos=array([0., 0.]), size=array([0.01, 0.01]), units='height', vertices=ndarray(...), win=Window(...), windingRule=None)
13.0890 	EXP 	Created sequence: random, trialTypes=1, nReps=100, seed=None
13.0897 	EXP 	New trial (rep=0, index=0): None
13.1500 	WARNING 	t of last frame was 3625.46ms (=1/0)
13.1500 	EXP 	image: autoDraw = True
13.1500 	EXP 	fixation: autoDraw = True
13.1813 	WARNING 	t of last frame was 31.28ms (=1/31)
13.2206 	WARNING 	t of last frame was 23.08ms (=1/43)
13.2841 	WARNING 	Multiple dropped frames have occurred - I'll stop bothering you about them!
13.2840 	EXP 	image: autoDraw = False
13.2840 	EXP 	fixation: autoDraw = False
13.2840 	EXP 	image: autoDraw = False
13.2840 	EXP 	fixation: autoDraw = False
13.2840 	EXP 	image_2: autoDraw = True
13.2840 	EXP 	fixation_2: autoDraw = True
13.3738 	EXP 	New trial (rep=1, index=0): None
13.3825 	EXP 	image_2: autoDraw = False
13.3825 	EXP 	fixation_2: autoDraw = False
13.3825 	EXP 	image_2: autoDraw = False
13.3825 	EXP 	fixation_2: autoDraw = False
13.3825 	EXP 	image: autoDraw = True
13.3825 	EXP 	fixation: autoDraw = True
13.4798 	EXP 	image: autoDraw = False
13.4798 	EXP 	fixation: autoDraw = False
13.4798 	EXP 	image: autoDraw = False
13.4798 	EXP 	fixation: autoDraw = False
13.4798 	EXP 	image_2: autoDraw = True
13.4798 	EXP 	fixation_2: autoDraw = True
13.5743 	EXP 	New trial (rep=2, index=0): None
13.5827 	EXP 	image_2: autoDraw = False
13.5827 	EXP 	fixation_2: autoDraw = False
13.5827 	EXP 	image_2: autoDraw = False
13.5827 	EXP 	fixation_2: autoDraw = False
13.5827 	EXP 	image: autoDraw = True
13.5827 	EXP 	fixation: autoDraw = True
13.6833 	EXP 	image: autoDraw = False
13.6833 	EXP 	fixation: autoDraw = False
13.6833 	EXP 	image: autoDraw = False
13.6833 	EXP 	fixation: autoDraw = False
13.6833 	EXP 	image_2: autoDraw = True
13.6833 	EXP 	fixation_2: autoDraw = True
13.7711 	EXP 	New trial (rep=3, index=0): None
13.7837 	EXP 	image_2: autoDraw = False
13.7837 	EXP 	fixation_2: autoDraw = False
13.7837 	EXP 	image_2: autoDraw = False
13.7837 	EXP 	fixation_2: autoDraw = False
13.7837 	EXP 	image: autoDraw = True
13.7837 	EXP 	fixation: autoDraw = True
13.8805 	EXP 	image: autoDraw = False
13.8805 	EXP 	fixation: autoDraw = False
13.8805 	EXP 	image: autoDraw = False
13.8805 	EXP 	fixation: autoDraw = False
13.8805 	EXP 	image_2: autoDraw = True
13.8805 	EXP 	fixation_2: autoDraw = True
13.9723 	EXP 	New trial (rep=4, index=0): None
13.9808 	EXP 	image_2: autoDraw = False
13.9808 	EXP 	fixation_2: autoDraw = False
13.9808 	EXP 	image_2: autoDraw = False
13.9808 	EXP 	fixation_2: autoDraw = False
13.9808 	EXP 	image: autoDraw = True
13.9808 	EXP 	fixation: autoDraw = True
14.0816 	EXP 	image: autoDraw = False
14.0816 	EXP 	fixation: autoDraw = False
14.0816 	EXP 	image: autoDraw = False
14.0816 	EXP 	fixation: autoDraw = False
14.0816 	EXP 	image_2: autoDraw = True
14.0816 	EXP 	fixation_2: autoDraw = True
14.1692 	EXP 	New trial (rep=5, index=0): None
14.1779 	EXP 	image_2: autoDraw = False
14.1779 	EXP 	fixation_2: autoDraw = False
14.1779 	EXP 	image_2: autoDraw = False
14.1779 	EXP 	fixation_2: autoDraw = False
14.1779 	EXP 	image: autoDraw = True
14.1779 	EXP 	fixation: autoDraw = True
14.2786 	EXP 	image: autoDraw = False
14.2786 	EXP 	fixation: autoDraw = False
14.2786 	EXP 	image: autoDraw = False
14.2786 	EXP 	fixation: autoDraw = False
14.2786 	EXP 	image_2: autoDraw = True
14.2786 	EXP 	fixation_2: autoDraw = True
14.3665 	EXP 	New trial (rep=6, index=0): None
14.3751 	EXP 	image_2: autoDraw = False
14.3751 	EXP 	fixation_2: autoDraw = False
14.3751 	EXP 	image_2: autoDraw = False
14.3751 	EXP 	fixation_2: autoDraw = False
14.3751 	EXP 	image: autoDraw = True
14.3751 	EXP 	fixation: autoDraw = True
14.4751 	EXP 	image: autoDraw = False
14.4751 	EXP 	fixation: autoDraw = False
14.4751 	EXP 	image: autoDraw = False
14.4751 	EXP 	fixation: autoDraw = False
14.4751 	EXP 	image_2: autoDraw = True
14.4751 	EXP 	fixation_2: autoDraw = True
14.5603 	EXP 	New trial (rep=7, index=0): None
14.5743 	EXP 	image_2: autoDraw = False
14.5743 	EXP 	fixation_2: autoDraw = False
14.5743 	EXP 	image_2: autoDraw = False
14.5743 	EXP 	fixation_2: autoDraw = False
14.5743 	EXP 	image: autoDraw = True
14.5743 	EXP 	fixation: autoDraw = True
14.6720 	EXP 	image: autoDraw = False
14.6720 	EXP 	fixation: autoDraw = False
14.6720 	EXP 	image: autoDraw = False
14.6720 	EXP 	fixation: autoDraw = False
14.6720 	EXP 	image_2: autoDraw = True
14.6720 	EXP 	fixation_2: autoDraw = True
14.7590 	EXP 	New trial (rep=8, index=0): None
14.7686 	EXP 	image_2: autoDraw = False
14.7686 	EXP 	fixation_2: autoDraw = False
14.7686 	EXP 	image_2: autoDraw = False
14.7686 	EXP 	fixation_2: autoDraw = False
14.7686 	EXP 	image: autoDraw = True
14.7686 	EXP 	fixation: autoDraw = True
14.8640 	EXP 	image: autoDraw = False
14.8640 	EXP 	fixation: autoDraw = False
14.8640 	EXP 	image: autoDraw = False
14.8640 	EXP 	fixation: autoDraw = False
14.8640 	EXP 	image_2: autoDraw = True
14.8640 	EXP 	fixation_2: autoDraw = True
14.9543 	EXP 	New trial (rep=9, index=0): None
14.9639 	EXP 	image_2: autoDraw = False
14.9639 	EXP 	fixation_2: autoDraw = False
14.9639 	EXP 	image_2: autoDraw = False
14.9639 	EXP 	fixation_2: autoDraw = False
14.9639 	EXP 	image: autoDraw = True
14.9639 	EXP 	fixation: autoDraw = True
15.0605 	EXP 	image: autoDraw = False
15.0605 	EXP 	fixation: autoDraw = False
15.0605 	EXP 	image: autoDraw = False
15.0605 	EXP 	fixation: autoDraw = False
15.0605 	EXP 	image_2: autoDraw = True
15.0605 	EXP 	fixation_2: autoDraw = True
15.1461 	EXP 	New trial (rep=10, index=0): None
15.1545 	EXP 	image_2: autoDraw = False
15.1545 	EXP 	fixation_2: autoDraw = False
15.1545 	EXP 	image_2: autoDraw = False
15.1545 	EXP 	fixation_2: autoDraw = False
15.1545 	EXP 	image: autoDraw = True
15.1545 	EXP 	fixation: autoDraw = True
15.2503 	EXP 	image: autoDraw = False
15.2503 	EXP 	fixation: autoDraw = False
15.2503 	EXP 	image: autoDraw = False
15.2503 	EXP 	fixation: autoDraw = False
15.2503 	EXP 	image_2: autoDraw = True
15.2503 	EXP 	fixation_2: autoDraw = True
15.3421 	EXP 	New trial (rep=11, index=0): None
15.3521 	EXP 	image_2: autoDraw = False
15.3521 	EXP 	fixation_2: autoDraw = False
15.3521 	EXP 	image_2: autoDraw = False
15.3521 	EXP 	fixation_2: autoDraw = False
15.3521 	EXP 	image: autoDraw = True
15.3521 	EXP 	fixation: autoDraw = True
15.4527 	EXP 	image: autoDraw = False
15.4527 	EXP 	fixation: autoDraw = False
15.4527 	EXP 	image: autoDraw = False
15.4527 	EXP 	fixation: autoDraw = False
15.4527 	EXP 	image_2: autoDraw = True
15.4527 	EXP 	fixation_2: autoDraw = True
15.5410 	EXP 	New trial (rep=12, index=0): None
15.5517 	EXP 	image_2: autoDraw = False
15.5517 	EXP 	fixation_2: autoDraw = False
15.5517 	EXP 	image_2: autoDraw = False
15.5517 	EXP 	fixation_2: autoDraw = False
15.5517 	EXP 	image: autoDraw = True
15.5517 	EXP 	fixation: autoDraw = True
15.6520 	EXP 	image: autoDraw = False
15.6520 	EXP 	fixation: autoDraw = False
15.6520 	EXP 	image: autoDraw = False
15.6520 	EXP 	fixation: autoDraw = False
15.6520 	EXP 	image_2: autoDraw = True
15.6520 	EXP 	fixation_2: autoDraw = True
15.7374 	EXP 	New trial (rep=13, index=0): None
15.7522 	EXP 	image_2: autoDraw = False
15.7522 	EXP 	fixation_2: autoDraw = False
15.7522 	EXP 	image_2: autoDraw = False
15.7522 	EXP 	fixation_2: autoDraw = False
15.7522 	EXP 	image: autoDraw = True
15.7522 	EXP 	fixation: autoDraw = True
15.8549 	EXP 	image: autoDraw = False
15.8549 	EXP 	fixation: autoDraw = False
15.8549 	EXP 	image: autoDraw = False
15.8549 	EXP 	fixation: autoDraw = False
15.8549 	EXP 	image_2: autoDraw = True
15.8549 	EXP 	fixation_2: autoDraw = True
15.9482 	EXP 	New trial (rep=14, index=0): None
15.9576 	EXP 	image_2: autoDraw = False
15.9576 	EXP 	fixation_2: autoDraw = False
15.9576 	EXP 	image_2: autoDraw = False
15.9576 	EXP 	fixation_2: autoDraw = False
15.9576 	EXP 	image: autoDraw = True
15.9576 	EXP 	fixation: autoDraw = True
16.0548 	EXP 	image: autoDraw = False
16.0548 	EXP 	fixation: autoDraw = False
16.0548 	EXP 	image: autoDraw = False
16.0548 	EXP 	fixation: autoDraw = False
16.0548 	EXP 	image_2: autoDraw = True
16.0548 	EXP 	fixation_2: autoDraw = True
16.1441 	EXP 	New trial (rep=15, index=0): None
16.1533 	EXP 	image_2: autoDraw = False
16.1533 	EXP 	fixation_2: autoDraw = False
16.1533 	EXP 	image_2: autoDraw = False
16.1533 	EXP 	fixation_2: autoDraw = False
16.1533 	EXP 	image: autoDraw = True
16.1533 	EXP 	fixation: autoDraw = True
16.2537 	EXP 	image: autoDraw = False
16.2537 	EXP 	fixation: autoDraw = False
16.2537 	EXP 	image: autoDraw = False
16.2537 	EXP 	fixation: autoDraw = False
16.2537 	EXP 	image_2: autoDraw = True
16.2537 	EXP 	fixation_2: autoDraw = True
16.3427 	EXP 	New trial (rep=16, index=0): None
16.3512 	EXP 	image_2: autoDraw = False
16.3512 	EXP 	fixation_2: autoDraw = False
16.3512 	EXP 	image_2: autoDraw = False
16.3512 	EXP 	fixation_2: autoDraw = False
16.3512 	EXP 	image: autoDraw = True
16.3512 	EXP 	fixation: autoDraw = True
16.4494 	EXP 	image: autoDraw = False
16.4494 	EXP 	fixation: autoDraw = False
16.4494 	EXP 	image: autoDraw = False
16.4494 	EXP 	fixation: autoDraw = False
16.4494 	EXP 	image_2: autoDraw = True
16.4494 	EXP 	fixation_2: autoDraw = True
16.5346 	EXP 	New trial (rep=17, index=0): None
16.5440 	EXP 	image_2: autoDraw = False
16.5440 	EXP 	fixation_2: autoDraw = False
16.5440 	EXP 	image_2: autoDraw = False
16.5440 	EXP 	fixation_2: autoDraw = False
16.5440 	EXP 	image: autoDraw = True
16.5440 	EXP 	fixation: autoDraw = True
16.6523 	EXP 	image: autoDraw = False
16.6523 	EXP 	fixation: autoDraw = False
16.6523 	EXP 	image: autoDraw = False
16.6523 	EXP 	fixation: autoDraw = False
16.6523 	EXP 	image_2: autoDraw = True
16.6523 	EXP 	fixation_2: autoDraw = True
16.7445 	EXP 	New trial (rep=18, index=0): None
16.7572 	EXP 	image_2: autoDraw = False
16.7572 	EXP 	fixation_2: autoDraw = False
16.7572 	EXP 	image_2: autoDraw = False
16.7572 	EXP 	fixation_2: autoDraw = False
16.7572 	EXP 	image: autoDraw = True
16.7572 	EXP 	fixation: autoDraw = True
16.8555 	EXP 	image: autoDraw = False
16.8555 	EXP 	fixation: autoDraw = False
16.8555 	EXP 	image: autoDraw = False
16.8555 	EXP 	fixation: autoDraw = False
16.8555 	EXP 	image_2: autoDraw = True
16.8555 	EXP 	fixation_2: autoDraw = True
16.9429 	EXP 	New trial (rep=19, index=0): None
16.9523 	EXP 	image_2: autoDraw = False
16.9523 	EXP 	fixation_2: autoDraw = False
16.9523 	EXP 	image_2: autoDraw = False
16.9523 	EXP 	fixation_2: autoDraw = False
16.9523 	EXP 	image: autoDraw = True
16.9523 	EXP 	fixation: autoDraw = True
17.0471 	EXP 	image: autoDraw = False
17.0471 	EXP 	fixation: autoDraw = False
17.0471 	EXP 	image: autoDraw = False
17.0471 	EXP 	fixation: autoDraw = False
17.0471 	EXP 	image_2: autoDraw = True
17.0471 	EXP 	fixation_2: autoDraw = True
17.1355 	EXP 	New trial (rep=20, index=0): None
17.1468 	EXP 	image_2: autoDraw = False
17.1468 	EXP 	fixation_2: autoDraw = False
17.1468 	EXP 	image_2: autoDraw = False
17.1468 	EXP 	fixation_2: autoDraw = False
17.1468 	EXP 	image: autoDraw = True
17.1468 	EXP 	fixation: autoDraw = True
17.2518 	EXP 	image: autoDraw = False
17.2518 	EXP 	fixation: autoDraw = False
17.2518 	EXP 	image: autoDraw = False
17.2518 	EXP 	fixation: autoDraw = False
17.2518 	EXP 	image_2: autoDraw = True
17.2518 	EXP 	fixation_2: autoDraw = True
17.3472 	EXP 	New trial (rep=21, index=0): None
17.3580 	EXP 	image_2: autoDraw = False
17.3580 	EXP 	fixation_2: autoDraw = False
17.3580 	EXP 	image_2: autoDraw = False
17.3580 	EXP 	fixation_2: autoDraw = False
17.3580 	EXP 	image: autoDraw = True
17.3580 	EXP 	fixation: autoDraw = True
17.4520 	EXP 	image: autoDraw = False
17.4520 	EXP 	fixation: autoDraw = False
17.4520 	EXP 	image: autoDraw = False
17.4520 	EXP 	fixation: autoDraw = False
17.4520 	EXP 	image_2: autoDraw = True
17.4520 	EXP 	fixation_2: autoDraw = True
17.5374 	EXP 	New trial (rep=22, index=0): None
17.5489 	EXP 	image_2: autoDraw = False
17.5489 	EXP 	fixation_2: autoDraw = False
17.5489 	EXP 	image_2: autoDraw = False
17.5489 	EXP 	fixation_2: autoDraw = False
17.5489 	EXP 	image: autoDraw = True
17.5489 	EXP 	fixation: autoDraw = True
17.6463 	EXP 	image: autoDraw = False
17.6463 	EXP 	fixation: autoDraw = False
17.6463 	EXP 	image: autoDraw = False
17.6463 	EXP 	fixation: autoDraw = False
17.6463 	EXP 	image_2: autoDraw = True
17.6463 	EXP 	fixation_2: autoDraw = True
17.7379 	EXP 	New trial (rep=23, index=0): None
17.7525 	EXP 	image_2: autoDraw = False
17.7525 	EXP 	fixation_2: autoDraw = False
17.7525 	EXP 	image_2: autoDraw = False
17.7525 	EXP 	fixation_2: autoDraw = False
17.7525 	EXP 	image: autoDraw = True
17.7525 	EXP 	fixation: autoDraw = True
17.8690 	EXP 	image: autoDraw = False
17.8690 	EXP 	fixation: autoDraw = False
17.8690 	EXP 	image: autoDraw = False
17.8690 	EXP 	fixation: autoDraw = False
17.8690 	EXP 	image_2: autoDraw = True
17.8690 	EXP 	fixation_2: autoDraw = True
17.9578 	EXP 	New trial (rep=24, index=0): None
17.9676 	EXP 	image_2: autoDraw = False
17.9676 	EXP 	fixation_2: autoDraw = False
17.9676 	EXP 	image_2: autoDraw = False
17.9676 	EXP 	fixation_2: autoDraw = False
17.9676 	EXP 	image: autoDraw = True
17.9676 	EXP 	fixation: autoDraw = True
18.0632 	EXP 	image: autoDraw = False
18.0632 	EXP 	fixation: autoDraw = False
18.0632 	EXP 	image: autoDraw = False
18.0632 	EXP 	fixation: autoDraw = False
18.0632 	EXP 	image_2: autoDraw = True
18.0632 	EXP 	fixation_2: autoDraw = True
18.1539 	EXP 	New trial (rep=25, index=0): None
18.1627 	EXP 	image_2: autoDraw = False
18.1627 	EXP 	fixation_2: autoDraw = False
18.1627 	EXP 	image_2: autoDraw = False
18.1627 	EXP 	fixation_2: autoDraw = False
18.1627 	EXP 	image: autoDraw = True
18.1627 	EXP 	fixation: autoDraw = True
18.2617 	EXP 	image: autoDraw = False
18.2617 	EXP 	fixation: autoDraw = False
18.2617 	EXP 	image: autoDraw = False
18.2617 	EXP 	fixation: autoDraw = False
18.2617 	EXP 	image_2: autoDraw = True
18.2617 	EXP 	fixation_2: autoDraw = True
18.3544 	EXP 	New trial (rep=26, index=0): None
18.3646 	EXP 	image_2: autoDraw = False
18.3646 	EXP 	fixation_2: autoDraw = False
18.3646 	EXP 	image_2: autoDraw = False
18.3646 	EXP 	fixation_2: autoDraw = False
18.3646 	EXP 	image: autoDraw = True
18.3646 	EXP 	fixation: autoDraw = True
18.4566 	EXP 	image: autoDraw = False
18.4566 	EXP 	fixation: autoDraw = False
18.4566 	EXP 	image: autoDraw = False
18.4566 	EXP 	fixation: autoDraw = False
18.4566 	EXP 	image_2: autoDraw = True
18.4566 	EXP 	fixation_2: autoDraw = True
18.5471 	EXP 	New trial (rep=27, index=0): None
18.5558 	EXP 	image_2: autoDraw = False
18.5558 	EXP 	fixation_2: autoDraw = False
18.5558 	EXP 	image_2: autoDraw = False
18.5558 	EXP 	fixation_2: autoDraw = False
18.5558 	EXP 	image: autoDraw = True
18.5558 	EXP 	fixation: autoDraw = True
18.6537 	EXP 	image: autoDraw = False
18.6537 	EXP 	fixation: autoDraw = False
18.6537 	EXP 	image: autoDraw = False
18.6537 	EXP 	fixation: autoDraw = False
18.6537 	EXP 	image_2: autoDraw = True
18.6537 	EXP 	fixation_2: autoDraw = True
18.7548 	EXP 	New trial (rep=28, index=0): None
18.7652 	EXP 	image_2: autoDraw = False
18.7652 	EXP 	fixation_2: autoDraw = False
18.7652 	EXP 	image_2: autoDraw = False
18.7652 	EXP 	fixation_2: autoDraw = False
18.7652 	EXP 	image: autoDraw = True
18.7652 	EXP 	fixation: autoDraw = True
18.8616 	EXP 	image: autoDraw = False
18.8616 	EXP 	fixation: autoDraw = False
18.8616 	EXP 	image: autoDraw = False
18.8616 	EXP 	fixation: autoDraw = False
18.8616 	EXP 	image_2: autoDraw = True
18.8616 	EXP 	fixation_2: autoDraw = True
18.9533 	EXP 	New trial (rep=29, index=0): None
18.9624 	EXP 	image_2: autoDraw = False
18.9624 	EXP 	fixation_2: autoDraw = False
18.9624 	EXP 	image_2: autoDraw = False
18.9624 	EXP 	fixation_2: autoDraw = False
18.9624 	EXP 	image: autoDraw = True
18.9624 	EXP 	fixation: autoDraw = True
19.0636 	EXP 	image: autoDraw = False
19.0636 	EXP 	fixation: autoDraw = False
19.0636 	EXP 	image: autoDraw = False
19.0636 	EXP 	fixation: autoDraw = False
19.0636 	EXP 	image_2: autoDraw = True
19.0636 	EXP 	fixation_2: autoDraw = True
19.1544 	EXP 	New trial (rep=30, index=0): None
19.1692 	EXP 	image_2: autoDraw = False
19.1692 	EXP 	fixation_2: autoDraw = False
19.1692 	EXP 	image_2: autoDraw = False
19.1692 	EXP 	fixation_2: autoDraw = False
19.1692 	EXP 	image: autoDraw = True
19.1692 	EXP 	fixation: autoDraw = True
19.2860 	EXP 	image: autoDraw = False
19.2860 	EXP 	fixation: autoDraw = False
19.2860 	EXP 	image: autoDraw = False
19.2860 	EXP 	fixation: autoDraw = False
19.2860 	EXP 	image_2: autoDraw = True
19.2860 	EXP 	fixation_2: autoDraw = True
19.3708 	EXP 	New trial (rep=31, index=0): None
19.3855 	EXP 	image_2: autoDraw = False
19.3855 	EXP 	fixation_2: autoDraw = False
19.3855 	EXP 	image_2: autoDraw = False
19.3855 	EXP 	fixation_2: autoDraw = False
19.3855 	EXP 	image: autoDraw = True
19.3855 	EXP 	fixation: autoDraw = True
19.4794 	EXP 	image: autoDraw = False
19.4794 	EXP 	fixation: autoDraw = False
19.4794 	EXP 	image: autoDraw = False
19.4794 	EXP 	fixation: autoDraw = False
19.4794 	EXP 	image_2: autoDraw = True
19.4794 	EXP 	fixation_2: autoDraw = True
19.5728 	EXP 	New trial (rep=32, index=0): None
19.5823 	EXP 	image_2: autoDraw = False
19.5823 	EXP 	fixation_2: autoDraw = False
19.5823 	EXP 	image_2: autoDraw = False
19.5823 	EXP 	fixation_2: autoDraw = False
19.5823 	EXP 	image: autoDraw = True
19.5823 	EXP 	fixation: autoDraw = True
19.6791 	EXP 	image: autoDraw = False
19.6791 	EXP 	fixation: autoDraw = False
19.6791 	EXP 	image: autoDraw = False
19.6791 	EXP 	fixation: autoDraw = False
19.6791 	EXP 	image_2: autoDraw = True
19.6791 	EXP 	fixation_2: autoDraw = True
19.7695 	EXP 	New trial (rep=33, index=0): None
19.7783 	EXP 	image_2: autoDraw = False
19.7783 	EXP 	fixation_2: autoDraw = False
19.7783 	EXP 	image_2: autoDraw = False
19.7783 	EXP 	fixation_2: autoDraw = False
19.7783 	EXP 	image: autoDraw = True
19.7783 	EXP 	fixation: autoDraw = True
19.8783 	EXP 	image: autoDraw = False
19.8783 	EXP 	fixation: autoDraw = False
19.8783 	EXP 	image: autoDraw = False
19.8783 	EXP 	fixation: autoDraw = False
19.8783 	EXP 	image_2: autoDraw = True
19.8783 	EXP 	fixation_2: autoDraw = True
19.9713 	EXP 	New trial (rep=34, index=0): None
19.9857 	EXP 	image_2: autoDraw = False
19.9857 	EXP 	fixation_2: autoDraw = False
19.9857 	EXP 	image_2: autoDraw = False
19.9857 	EXP 	fixation_2: autoDraw = False
19.9857 	EXP 	image: autoDraw = True
19.9857 	EXP 	fixation: autoDraw = True
20.0893 	EXP 	image: autoDraw = False
20.0893 	EXP 	fixation: autoDraw = False
20.0893 	EXP 	image: autoDraw = False
20.0893 	EXP 	fixation: autoDraw = False
20.0893 	EXP 	image_2: autoDraw = True
20.0893 	EXP 	fixation_2: autoDraw = True
20.1872 	EXP 	New trial (rep=35, index=0): None
20.2027 	EXP 	image_2: autoDraw = False
20.2027 	EXP 	fixation_2: autoDraw = False
20.2027 	EXP 	image_2: autoDraw = False
20.2027 	EXP 	fixation_2: autoDraw = False
20.2027 	EXP 	image: autoDraw = True
20.2027 	EXP 	fixation: autoDraw = True
20.2966 	EXP 	image: autoDraw = False
20.2966 	EXP 	fixation: autoDraw = False
20.2966 	EXP 	image: autoDraw = False
20.2966 	EXP 	fixation: autoDraw = False
20.2966 	EXP 	image_2: autoDraw = True
20.2966 	EXP 	fixation_2: autoDraw = True
20.3824 	EXP 	New trial (rep=36, index=0): None
20.3926 	EXP 	image_2: autoDraw = False
20.3926 	EXP 	fixation_2: autoDraw = False
20.3926 	EXP 	image_2: autoDraw = False
20.3926 	EXP 	fixation_2: autoDraw = False
20.3926 	EXP 	image: autoDraw = True
20.3926 	EXP 	fixation: autoDraw = True
20.4872 	EXP 	image: autoDraw = False
20.4872 	EXP 	fixation: autoDraw = False
20.4872 	EXP 	image: autoDraw = False
20.4872 	EXP 	fixation: autoDraw = False
20.4872 	EXP 	image_2: autoDraw = True
20.4872 	EXP 	fixation_2: autoDraw = True
20.5707 	EXP 	New trial (rep=37, index=0): None
20.5822 	EXP 	image_2: autoDraw = False
20.5822 	EXP 	fixation_2: autoDraw = False
20.5822 	EXP 	image_2: autoDraw = False
20.5822 	EXP 	fixation_2: autoDraw = False
20.5822 	EXP 	image: autoDraw = True
20.5822 	EXP 	fixation: autoDraw = True
20.6776 	EXP 	image: autoDraw = False
20.6776 	EXP 	fixation: autoDraw = False
20.6776 	EXP 	image: autoDraw = False
20.6776 	EXP 	fixation: autoDraw = False
20.6776 	EXP 	image_2: autoDraw = True
20.6776 	EXP 	fixation_2: autoDraw = True
20.7642 	EXP 	New trial (rep=38, index=0): None
20.7739 	EXP 	image_2: autoDraw = False
20.7739 	EXP 	fixation_2: autoDraw = False
20.7739 	EXP 	image_2: autoDraw = False
20.7739 	EXP 	fixation_2: autoDraw = False
20.7739 	EXP 	image: autoDraw = True
20.7739 	EXP 	fixation: autoDraw = True
20.8696 	EXP 	image: autoDraw = False
20.8696 	EXP 	fixation: autoDraw = False
20.8696 	EXP 	image: autoDraw = False
20.8696 	EXP 	fixation: autoDraw = False
20.8696 	EXP 	image_2: autoDraw = True
20.8696 	EXP 	fixation_2: autoDraw = True
20.9619 	EXP 	New trial (rep=39, index=0): None
20.9718 	EXP 	image_2: autoDraw = False
20.9718 	EXP 	fixation_2: autoDraw = False
20.9718 	EXP 	image_2: autoDraw = False
20.9718 	EXP 	fixation_2: autoDraw = False
20.9718 	EXP 	image: autoDraw = True
20.9718 	EXP 	fixation: autoDraw = True
21.0684 	EXP 	image: autoDraw = False
21.0684 	EXP 	fixation: autoDraw = False
21.0684 	EXP 	image: autoDraw = False
21.0684 	EXP 	fixation: autoDraw = False
21.0684 	EXP 	image_2: autoDraw = True
21.0684 	EXP 	fixation_2: autoDraw = True
21.1591 	EXP 	New trial (rep=40, index=0): None
21.1688 	EXP 	image_2: autoDraw = False
21.1688 	EXP 	fixation_2: autoDraw = False
21.1688 	EXP 	image_2: autoDraw = False
21.1688 	EXP 	fixation_2: autoDraw = False
21.1688 	EXP 	image: autoDraw = True
21.1688 	EXP 	fixation: autoDraw = True
21.2662 	EXP 	image: autoDraw = False
21.2662 	EXP 	fixation: autoDraw = False
21.2662 	EXP 	image: autoDraw = False
21.2662 	EXP 	fixation: autoDraw = False
21.2662 	EXP 	image_2: autoDraw = True
21.2662 	EXP 	fixation_2: autoDraw = True
21.3508 	EXP 	New trial (rep=41, index=0): None
21.3613 	EXP 	image_2: autoDraw = False
21.3613 	EXP 	fixation_2: autoDraw = False
21.3613 	EXP 	image_2: autoDraw = False
21.3613 	EXP 	fixation_2: autoDraw = False
21.3613 	EXP 	image: autoDraw = True
21.3613 	EXP 	fixation: autoDraw = True
21.4652 	EXP 	image: autoDraw = False
21.4652 	EXP 	fixation: autoDraw = False
21.4652 	EXP 	image: autoDraw = False
21.4652 	EXP 	fixation: autoDraw = False
21.4652 	EXP 	image_2: autoDraw = True
21.4652 	EXP 	fixation_2: autoDraw = True
21.5554 	EXP 	New trial (rep=42, index=0): None
21.5643 	EXP 	image_2: autoDraw = False
21.5643 	EXP 	fixation_2: autoDraw = False
21.5643 	EXP 	image_2: autoDraw = False
21.5643 	EXP 	fixation_2: autoDraw = False
21.5643 	EXP 	image: autoDraw = True
21.5643 	EXP 	fixation: autoDraw = True
21.6620 	EXP 	image: autoDraw = False
21.6620 	EXP 	fixation: autoDraw = False
21.6620 	EXP 	image: autoDraw = False
21.6620 	EXP 	fixation: autoDraw = False
21.6620 	EXP 	image_2: autoDraw = True
21.6620 	EXP 	fixation_2: autoDraw = True
21.7459 	EXP 	New trial (rep=43, index=0): None
21.7535 	EXP 	image_2: autoDraw = False
21.7535 	EXP 	fixation_2: autoDraw = False
21.7535 	EXP 	image_2: autoDraw = False
21.7535 	EXP 	fixation_2: autoDraw = False
21.7535 	EXP 	image: autoDraw = True
21.7535 	EXP 	fixation: autoDraw = True
21.8498 	EXP 	image: autoDraw = False
21.8498 	EXP 	fixation: autoDraw = False
21.8498 	EXP 	image: autoDraw = False
21.8498 	EXP 	fixation: autoDraw = False
21.8498 	EXP 	image_2: autoDraw = True
21.8498 	EXP 	fixation_2: autoDraw = True
21.9413 	EXP 	New trial (rep=44, index=0): None
21.9521 	EXP 	image_2: autoDraw = False
21.9521 	EXP 	fixation_2: autoDraw = False
21.9521 	EXP 	image_2: autoDraw = False
21.9521 	EXP 	fixation_2: autoDraw = False
21.9521 	EXP 	image: autoDraw = True
21.9521 	EXP 	fixation: autoDraw = True
22.0444 	EXP 	image: autoDraw = False
22.0444 	EXP 	fixation: autoDraw = False
22.0444 	EXP 	image: autoDraw = False
22.0444 	EXP 	fixation: autoDraw = False
22.0444 	EXP 	image_2: autoDraw = True
22.0444 	EXP 	fixation_2: autoDraw = True
22.1378 	EXP 	New trial (rep=45, index=0): None
22.1522 	EXP 	image_2: autoDraw = False
22.1522 	EXP 	fixation_2: autoDraw = False
22.1522 	EXP 	image_2: autoDraw = False
22.1522 	EXP 	fixation_2: autoDraw = False
22.1522 	EXP 	image: autoDraw = True
22.1522 	EXP 	fixation: autoDraw = True
22.2479 	EXP 	image: autoDraw = False
22.2479 	EXP 	fixation: autoDraw = False
22.2479 	EXP 	image: autoDraw = False
22.2479 	EXP 	fixation: autoDraw = False
22.2479 	EXP 	image_2: autoDraw = True
22.2479 	EXP 	fixation_2: autoDraw = True
22.3382 	EXP 	New trial (rep=46, index=0): None
22.3464 	EXP 	image_2: autoDraw = False
22.3464 	EXP 	fixation_2: autoDraw = False
22.3464 	EXP 	image_2: autoDraw = False
22.3464 	EXP 	fixation_2: autoDraw = False
22.3464 	EXP 	image: autoDraw = True
22.3464 	EXP 	fixation: autoDraw = True
22.4434 	EXP 	image: autoDraw = False
22.4434 	EXP 	fixation: autoDraw = False
22.4434 	EXP 	image: autoDraw = False
22.4434 	EXP 	fixation: autoDraw = False
22.4434 	EXP 	image_2: autoDraw = True
22.4434 	EXP 	fixation_2: autoDraw = True
22.5327 	EXP 	New trial (rep=47, index=0): None
22.5415 	EXP 	image_2: autoDraw = False
22.5415 	EXP 	fixation_2: autoDraw = False
22.5415 	EXP 	image_2: autoDraw = False
22.5415 	EXP 	fixation_2: autoDraw = False
22.5415 	EXP 	image: autoDraw = True
22.5415 	EXP 	fixation: autoDraw = True
22.6409 	EXP 	image: autoDraw = False
22.6409 	EXP 	fixation: autoDraw = False
22.6409 	EXP 	image: autoDraw = False
22.6409 	EXP 	fixation: autoDraw = False
22.6409 	EXP 	image_2: autoDraw = True
22.6409 	EXP 	fixation_2: autoDraw = True
22.7354 	EXP 	New trial (rep=48, index=0): None
22.7439 	EXP 	image_2: autoDraw = False
22.7439 	EXP 	fixation_2: autoDraw = False
22.7439 	EXP 	image_2: autoDraw = False
22.7439 	EXP 	fixation_2: autoDraw = False
22.7439 	EXP 	image: autoDraw = True
22.7439 	EXP 	fixation: autoDraw = True
22.8448 	EXP 	image: autoDraw = False
22.8448 	EXP 	fixation: autoDraw = False
22.8448 	EXP 	image: autoDraw = False
22.8448 	EXP 	fixation: autoDraw = False
22.8448 	EXP 	image_2: autoDraw = True
22.8448 	EXP 	fixation_2: autoDraw = True
22.9294 	EXP 	New trial (rep=49, index=0): None
22.9369 	EXP 	image_2: autoDraw = False
22.9369 	EXP 	fixation_2: autoDraw = False
22.9369 	EXP 	image_2: autoDraw = False
22.9369 	EXP 	fixation_2: autoDraw = False
22.9369 	EXP 	image: autoDraw = True
22.9369 	EXP 	fixation: autoDraw = True
23.0359 	EXP 	image: autoDraw = False
23.0359 	EXP 	fixation: autoDraw = False
23.0359 	EXP 	image: autoDraw = False
23.0359 	EXP 	fixation: autoDraw = False
23.0359 	EXP 	image_2: autoDraw = True
23.0359 	EXP 	fixation_2: autoDraw = True
23.1230 	EXP 	New trial (rep=50, index=0): None
23.1326 	EXP 	image_2: autoDraw = False
23.1326 	EXP 	fixation_2: autoDraw = False
23.1326 	EXP 	image_2: autoDraw = False
23.1326 	EXP 	fixation_2: autoDraw = False
23.1326 	EXP 	image: autoDraw = True
23.1326 	EXP 	fixation: autoDraw = True
23.2352 	EXP 	image: autoDraw = False
23.2352 	EXP 	fixation: autoDraw = False
23.2352 	EXP 	image: autoDraw = False
23.2352 	EXP 	fixation: autoDraw = False
23.2352 	EXP 	image_2: autoDraw = True
23.2352 	EXP 	fixation_2: autoDraw = True
23.3215 	EXP 	New trial (rep=51, index=0): None
23.3303 	EXP 	image_2: autoDraw = False
23.3303 	EXP 	fixation_2: autoDraw = False
23.3303 	EXP 	image_2: autoDraw = False
23.3303 	EXP 	fixation_2: autoDraw = False
23.3303 	EXP 	image: autoDraw = True
23.3303 	EXP 	fixation: autoDraw = True
23.4279 	EXP 	image: autoDraw = False
23.4279 	EXP 	fixation: autoDraw = False
23.4279 	EXP 	image: autoDraw = False
23.4279 	EXP 	fixation: autoDraw = False
23.4279 	EXP 	image_2: autoDraw = True
23.4279 	EXP 	fixation_2: autoDraw = True
23.5236 	EXP 	New trial (rep=52, index=0): None
23.5328 	EXP 	image_2: autoDraw = False
23.5328 	EXP 	fixation_2: autoDraw = False
23.5328 	EXP 	image_2: autoDraw = False
23.5328 	EXP 	fixation_2: autoDraw = False
23.5328 	EXP 	image: autoDraw = True
23.5328 	EXP 	fixation: autoDraw = True
23.6268 	EXP 	image: autoDraw = False
23.6268 	EXP 	fixation: autoDraw = False
23.6268 	EXP 	image: autoDraw = False
23.6268 	EXP 	fixation: autoDraw = False
23.6268 	EXP 	image_2: autoDraw = True
23.6268 	EXP 	fixation_2: autoDraw = True
23.7119 	EXP 	New trial (rep=53, index=0): None
23.7189 	EXP 	image_2: autoDraw = False
23.7189 	EXP 	fixation_2: autoDraw = False
23.7189 	EXP 	image_2: autoDraw = False
23.7189 	EXP 	fixation_2: autoDraw = False
23.7189 	EXP 	image: autoDraw = True
23.7189 	EXP 	fixation: autoDraw = True
23.8188 	EXP 	image: autoDraw = False
23.8188 	EXP 	fixation: autoDraw = False
23.8188 	EXP 	image: autoDraw = False
23.8188 	EXP 	fixation: autoDraw = False
23.8188 	EXP 	image_2: autoDraw = True
23.8188 	EXP 	fixation_2: autoDraw = True
23.9209 	EXP 	New trial (rep=54, index=0): None
23.9354 	EXP 	image_2: autoDraw = False
23.9354 	EXP 	fixation_2: autoDraw = False
23.9354 	EXP 	image_2: autoDraw = False
23.9354 	EXP 	fixation_2: autoDraw = False
23.9354 	EXP 	image: autoDraw = True
23.9354 	EXP 	fixation: autoDraw = True
24.0520 	EXP 	image: autoDraw = False
24.0520 	EXP 	fixation: autoDraw = False
24.0520 	EXP 	image: autoDraw = False
24.0520 	EXP 	fixation: autoDraw = False
24.0520 	EXP 	image_2: autoDraw = True
24.0520 	EXP 	fixation_2: autoDraw = True
24.1375 	EXP 	New trial (rep=55, index=0): None
24.1525 	EXP 	image_2: autoDraw = False
24.1525 	EXP 	fixation_2: autoDraw = False
24.1525 	EXP 	image_2: autoDraw = False
24.1525 	EXP 	fixation_2: autoDraw = False
24.1525 	EXP 	image: autoDraw = True
24.1525 	EXP 	fixation: autoDraw = True
24.2473 	EXP 	image: autoDraw = False
24.2473 	EXP 	fixation: autoDraw = False
24.2473 	EXP 	image: autoDraw = False
24.2473 	EXP 	fixation: autoDraw = False
24.2473 	EXP 	image_2: autoDraw = True
24.2473 	EXP 	fixation_2: autoDraw = True
24.3321 	EXP 	New trial (rep=56, index=0): None
24.3414 	EXP 	image_2: autoDraw = False
24.3414 	EXP 	fixation_2: autoDraw = False
24.3414 	EXP 	image_2: autoDraw = False
24.3414 	EXP 	fixation_2: autoDraw = False
24.3414 	EXP 	image: autoDraw = True
24.3414 	EXP 	fixation: autoDraw = True
24.4369 	EXP 	image: autoDraw = False
24.4369 	EXP 	fixation: autoDraw = False
24.4369 	EXP 	image: autoDraw = False
24.4369 	EXP 	fixation: autoDraw = False
24.4369 	EXP 	image_2: autoDraw = True
24.4369 	EXP 	fixation_2: autoDraw = True
24.5280 	EXP 	New trial (rep=57, index=0): None
24.5369 	EXP 	image_2: autoDraw = False
24.5369 	EXP 	fixation_2: autoDraw = False
24.5369 	EXP 	image_2: autoDraw = False
24.5369 	EXP 	fixation_2: autoDraw = False
24.5369 	EXP 	image: autoDraw = True
24.5369 	EXP 	fixation: autoDraw = True
24.6363 	EXP 	image: autoDraw = False
24.6363 	EXP 	fixation: autoDraw = False
24.6363 	EXP 	image: autoDraw = False
24.6363 	EXP 	fixation: autoDraw = False
24.6363 	EXP 	image_2: autoDraw = True
24.6363 	EXP 	fixation_2: autoDraw = True
24.7239 	EXP 	New trial (rep=58, index=0): None
24.7352 	EXP 	image_2: autoDraw = False
24.7352 	EXP 	fixation_2: autoDraw = False
24.7352 	EXP 	image_2: autoDraw = False
24.7352 	EXP 	fixation_2: autoDraw = False
24.7352 	EXP 	image: autoDraw = True
24.7352 	EXP 	fixation: autoDraw = True
24.8283 	EXP 	image: autoDraw = False
24.8283 	EXP 	fixation: autoDraw = False
24.8283 	EXP 	image: autoDraw = False
24.8283 	EXP 	fixation: autoDraw = False
24.8283 	EXP 	image_2: autoDraw = True
24.8283 	EXP 	fixation_2: autoDraw = True
24.9165 	EXP 	New trial (rep=59, index=0): None
24.9257 	EXP 	image_2: autoDraw = False
24.9257 	EXP 	fixation_2: autoDraw = False
24.9257 	EXP 	image_2: autoDraw = False
24.9257 	EXP 	fixation_2: autoDraw = False
24.9257 	EXP 	image: autoDraw = True
24.9257 	EXP 	fixation: autoDraw = True
25.0286 	EXP 	image: autoDraw = False
25.0286 	EXP 	fixation: autoDraw = False
25.0286 	EXP 	image: autoDraw = False
25.0286 	EXP 	fixation: autoDraw = False
25.0286 	EXP 	image_2: autoDraw = True
25.0286 	EXP 	fixation_2: autoDraw = True
25.1186 	EXP 	New trial (rep=60, index=0): None
25.1286 	EXP 	image_2: autoDraw = False
25.1286 	EXP 	fixation_2: autoDraw = False
25.1286 	EXP 	image_2: autoDraw = False
25.1286 	EXP 	fixation_2: autoDraw = False
25.1286 	EXP 	image: autoDraw = True
25.1286 	EXP 	fixation: autoDraw = True
25.2192 	EXP 	image: autoDraw = False
25.2192 	EXP 	fixation: autoDraw = False
25.2192 	EXP 	image: autoDraw = False
25.2192 	EXP 	fixation: autoDraw = False
25.2192 	EXP 	image_2: autoDraw = True
25.2192 	EXP 	fixation_2: autoDraw = True
25.3040 	EXP 	New trial (rep=61, index=0): None
25.3122 	EXP 	image_2: autoDraw = False
25.3122 	EXP 	fixation_2: autoDraw = False
25.3122 	EXP 	image_2: autoDraw = False
25.3122 	EXP 	fixation_2: autoDraw = False
25.3122 	EXP 	image: autoDraw = True
25.3122 	EXP 	fixation: autoDraw = True
25.4147 	EXP 	image: autoDraw = False
25.4147 	EXP 	fixation: autoDraw = False
25.4147 	EXP 	image: autoDraw = False
25.4147 	EXP 	fixation: autoDraw = False
25.4147 	EXP 	image_2: autoDraw = True
25.4147 	EXP 	fixation_2: autoDraw = True
25.5205 	EXP 	New trial (rep=62, index=0): None
25.5354 	EXP 	image_2: autoDraw = False
25.5354 	EXP 	fixation_2: autoDraw = False
25.5354 	EXP 	image_2: autoDraw = False
25.5354 	EXP 	fixation_2: autoDraw = False
25.5354 	EXP 	image: autoDraw = True
25.5354 	EXP 	fixation: autoDraw = True
25.6379 	EXP 	image: autoDraw = False
25.6379 	EXP 	fixation: autoDraw = False
25.6379 	EXP 	image: autoDraw = False
25.6379 	EXP 	fixation: autoDraw = False
25.6379 	EXP 	image_2: autoDraw = True
25.6379 	EXP 	fixation_2: autoDraw = True
25.7277 	EXP 	New trial (rep=63, index=0): None
25.7406 	EXP 	image_2: autoDraw = False
25.7406 	EXP 	fixation_2: autoDraw = False
25.7406 	EXP 	image_2: autoDraw = False
25.7406 	EXP 	fixation_2: autoDraw = False
25.7406 	EXP 	image: autoDraw = True
25.7406 	EXP 	fixation: autoDraw = True
25.8360 	EXP 	image: autoDraw = False
25.8360 	EXP 	fixation: autoDraw = False
25.8360 	EXP 	image: autoDraw = False
25.8360 	EXP 	fixation: autoDraw = False
25.8360 	EXP 	image_2: autoDraw = True
25.8360 	EXP 	fixation_2: autoDraw = True
25.9236 	EXP 	New trial (rep=64, index=0): None
25.9322 	EXP 	image_2: autoDraw = False
25.9322 	EXP 	fixation_2: autoDraw = False
25.9322 	EXP 	image_2: autoDraw = False
25.9322 	EXP 	fixation_2: autoDraw = False
25.9322 	EXP 	image: autoDraw = True
25.9322 	EXP 	fixation: autoDraw = True
26.0353 	EXP 	image: autoDraw = False
26.0353 	EXP 	fixation: autoDraw = False
26.0353 	EXP 	image: autoDraw = False
26.0353 	EXP 	fixation: autoDraw = False
26.0353 	EXP 	image_2: autoDraw = True
26.0353 	EXP 	fixation_2: autoDraw = True
26.1276 	EXP 	New trial (rep=65, index=0): None
26.1372 	EXP 	image_2: autoDraw = False
26.1372 	EXP 	fixation_2: autoDraw = False
26.1372 	EXP 	image_2: autoDraw = False
26.1372 	EXP 	fixation_2: autoDraw = False
26.1372 	EXP 	image: autoDraw = True
26.1372 	EXP 	fixation: autoDraw = True
26.2523 	EXP 	image: autoDraw = False
26.2523 	EXP 	fixation: autoDraw = False
26.2523 	EXP 	image: autoDraw = False
26.2523 	EXP 	fixation: autoDraw = False
26.2523 	EXP 	image_2: autoDraw = True
26.2523 	EXP 	fixation_2: autoDraw = True
26.3390 	EXP 	New trial (rep=66, index=0): None
26.3464 	EXP 	image_2: autoDraw = False
26.3464 	EXP 	fixation_2: autoDraw = False
26.3464 	EXP 	image_2: autoDraw = False
26.3464 	EXP 	fixation_2: autoDraw = False
26.3464 	EXP 	image: autoDraw = True
26.3464 	EXP 	fixation: autoDraw = True
26.4448 	EXP 	image: autoDraw = False
26.4448 	EXP 	fixation: autoDraw = False
26.4448 	EXP 	image: autoDraw = False
26.4448 	EXP 	fixation: autoDraw = False
26.4448 	EXP 	image_2: autoDraw = True
26.4448 	EXP 	fixation_2: autoDraw = True
26.5373 	EXP 	New trial (rep=67, index=0): None
26.5484 	EXP 	image_2: autoDraw = False
26.5484 	EXP 	fixation_2: autoDraw = False
26.5484 	EXP 	image_2: autoDraw = False
26.5484 	EXP 	fixation_2: autoDraw = False
26.5484 	EXP 	image: autoDraw = True
26.5484 	EXP 	fixation: autoDraw = True
26.6415 	EXP 	image: autoDraw = False
26.6415 	EXP 	fixation: autoDraw = False
26.6415 	EXP 	image: autoDraw = False
26.6415 	EXP 	fixation: autoDraw = False
26.6415 	EXP 	image_2: autoDraw = True
26.6415 	EXP 	fixation_2: autoDraw = True
26.7318 	EXP 	New trial (rep=68, index=0): None
26.7416 	EXP 	image_2: autoDraw = False
26.7416 	EXP 	fixation_2: autoDraw = False
26.7416 	EXP 	image_2: autoDraw = False
26.7416 	EXP 	fixation_2: autoDraw = False
26.7416 	EXP 	image: autoDraw = True
26.7416 	EXP 	fixation: autoDraw = True
26.8360 	EXP 	image: autoDraw = False
26.8360 	EXP 	fixation: autoDraw = False
26.8360 	EXP 	image: autoDraw = False
26.8360 	EXP 	fixation: autoDraw = False
26.8360 	EXP 	image_2: autoDraw = True
26.8360 	EXP 	fixation_2: autoDraw = True
26.9214 	EXP 	New trial (rep=69, index=0): None
26.9293 	EXP 	image_2: autoDraw = False
26.9293 	EXP 	fixation_2: autoDraw = False
26.9293 	EXP 	image_2: autoDraw = False
26.9293 	EXP 	fixation_2: autoDraw = False
26.9293 	EXP 	image: autoDraw = True
26.9293 	EXP 	fixation: autoDraw = True
27.0294 	EXP 	image: autoDraw = False
27.0294 	EXP 	fixation: autoDraw = False
27.0294 	EXP 	image: autoDraw = False
27.0294 	EXP 	fixation: autoDraw = False
27.0294 	EXP 	image_2: autoDraw = True
27.0294 	EXP 	fixation_2: autoDraw = True
27.1150 	EXP 	New trial (rep=70, index=0): None
27.1246 	EXP 	image_2: autoDraw = False
27.1246 	EXP 	fixation_2: autoDraw = False
27.1246 	EXP 	image_2: autoDraw = False
27.1246 	EXP 	fixation_2: autoDraw = False
27.1246 	EXP 	image: autoDraw = True
27.1246 	EXP 	fixation: autoDraw = True
27.2185 	EXP 	image: autoDraw = False
27.2185 	EXP 	fixation: autoDraw = False
27.2185 	EXP 	image: autoDraw = False
27.2185 	EXP 	fixation: autoDraw = False
27.2185 	EXP 	image_2: autoDraw = True
27.2185 	EXP 	fixation_2: autoDraw = True
27.3071 	EXP 	New trial (rep=71, index=0): None
27.3158 	EXP 	image_2: autoDraw = False
27.3158 	EXP 	fixation_2: autoDraw = False
27.3158 	EXP 	image_2: autoDraw = False
27.3158 	EXP 	fixation_2: autoDraw = False
27.3158 	EXP 	image: autoDraw = True
27.3158 	EXP 	fixation: autoDraw = True
27.4095 	EXP 	image: autoDraw = False
27.4095 	EXP 	fixation: autoDraw = False
27.4095 	EXP 	image: autoDraw = False
27.4095 	EXP 	fixation: autoDraw = False
27.4095 	EXP 	image_2: autoDraw = True
27.4095 	EXP 	fixation_2: autoDraw = True
27.4964 	EXP 	New trial (rep=72, index=0): None
27.5067 	EXP 	image_2: autoDraw = False
27.5067 	EXP 	fixation_2: autoDraw = False
27.5067 	EXP 	image_2: autoDraw = False
27.5067 	EXP 	fixation_2: autoDraw = False
27.5067 	EXP 	image: autoDraw = True
27.5067 	EXP 	fixation: autoDraw = True
27.6044 	EXP 	image: autoDraw = False
27.6044 	EXP 	fixation: autoDraw = False
27.6044 	EXP 	image: autoDraw = False
27.6044 	EXP 	fixation: autoDraw = False
27.6044 	EXP 	image_2: autoDraw = True
27.6044 	EXP 	fixation_2: autoDraw = True
27.6882 	EXP 	New trial (rep=73, index=0): None
27.6954 	EXP 	image_2: autoDraw = False
27.6954 	EXP 	fixation_2: autoDraw = False
27.6954 	EXP 	image_2: autoDraw = False
27.6954 	EXP 	fixation_2: autoDraw = False
27.6954 	EXP 	image: autoDraw = True
27.6954 	EXP 	fixation: autoDraw = True
27.8017 	EXP 	image: autoDraw = False
27.8017 	EXP 	fixation: autoDraw = False
27.8017 	EXP 	image: autoDraw = False
27.8017 	EXP 	fixation: autoDraw = False
27.8017 	EXP 	image_2: autoDraw = True
27.8017 	EXP 	fixation_2: autoDraw = True
27.8944 	EXP 	New trial (rep=74, index=0): None
27.9071 	EXP 	image_2: autoDraw = False
27.9071 	EXP 	fixation_2: autoDraw = False
27.9071 	EXP 	image_2: autoDraw = False
27.9071 	EXP 	fixation_2: autoDraw = False
27.9071 	EXP 	image: autoDraw = True
27.9071 	EXP 	fixation: autoDraw = True
28.0129 	EXP 	image: autoDraw = False
28.0129 	EXP 	fixation: autoDraw = False
28.0129 	EXP 	image: autoDraw = False
28.0129 	EXP 	fixation: autoDraw = False
28.0129 	EXP 	image_2: autoDraw = True
28.0129 	EXP 	fixation_2: autoDraw = True
28.0983 	EXP 	New trial (rep=75, index=0): None
28.1076 	EXP 	image_2: autoDraw = False
28.1076 	EXP 	fixation_2: autoDraw = False
28.1076 	EXP 	image_2: autoDraw = False
28.1076 	EXP 	fixation_2: autoDraw = False
28.1076 	EXP 	image: autoDraw = True
28.1076 	EXP 	fixation: autoDraw = True
28.2083 	EXP 	image: autoDraw = False
28.2083 	EXP 	fixation: autoDraw = False
28.2083 	EXP 	image: autoDraw = False
28.2083 	EXP 	fixation: autoDraw = False
28.2083 	EXP 	image_2: autoDraw = True
28.2083 	EXP 	fixation_2: autoDraw = True
28.2938 	EXP 	New trial (rep=76, index=0): None
28.3020 	EXP 	image_2: autoDraw = False
28.3020 	EXP 	fixation_2: autoDraw = False
28.3020 	EXP 	image_2: autoDraw = False
28.3020 	EXP 	fixation_2: autoDraw = False
28.3020 	EXP 	image: autoDraw = True
28.3020 	EXP 	fixation: autoDraw = True
28.3990 	EXP 	image: autoDraw = False
28.3990 	EXP 	fixation: autoDraw = False
28.3990 	EXP 	image: autoDraw = False
28.3990 	EXP 	fixation: autoDraw = False
28.3990 	EXP 	image_2: autoDraw = True
28.3990 	EXP 	fixation_2: autoDraw = True
28.4884 	EXP 	New trial (rep=77, index=0): None
28.4982 	EXP 	image_2: autoDraw = False
28.4982 	EXP 	fixation_2: autoDraw = False
28.4982 	EXP 	image_2: autoDraw = False
28.4982 	EXP 	fixation_2: autoDraw = False
28.4982 	EXP 	image: autoDraw = True
28.4982 	EXP 	fixation: autoDraw = True
28.5946 	EXP 	image: autoDraw = False
28.5946 	EXP 	fixation: autoDraw = False
28.5946 	EXP 	image: autoDraw = False
28.5946 	EXP 	fixation: autoDraw = False
28.5946 	EXP 	image_2: autoDraw = True
28.5946 	EXP 	fixation_2: autoDraw = True
28.6878 	EXP 	New trial (rep=78, index=0): None
28.7025 	EXP 	image_2: autoDraw = False
28.7025 	EXP 	fixation_2: autoDraw = False
28.7025 	EXP 	image_2: autoDraw = False
28.7025 	EXP 	fixation_2: autoDraw = False
28.7025 	EXP 	image: autoDraw = True
28.7025 	EXP 	fixation: autoDraw = True
28.8033 	EXP 	image: autoDraw = False
28.8033 	EXP 	fixation: autoDraw = False
28.8033 	EXP 	image: autoDraw = False
28.8033 	EXP 	fixation: autoDraw = False
28.8033 	EXP 	image_2: autoDraw = True
28.8033 	EXP 	fixation_2: autoDraw = True
28.8902 	EXP 	New trial (rep=79, index=0): None
28.8998 	EXP 	image_2: autoDraw = False
28.8998 	EXP 	fixation_2: autoDraw = False
28.8998 	EXP 	image_2: autoDraw = False
28.8998 	EXP 	fixation_2: autoDraw = False
28.8998 	EXP 	image: autoDraw = True
28.8998 	EXP 	fixation: autoDraw = True
29.0047 	EXP 	image: autoDraw = False
29.0047 	EXP 	fixation: autoDraw = False
29.0047 	EXP 	image: autoDraw = False
29.0047 	EXP 	fixation: autoDraw = False
29.0047 	EXP 	image_2: autoDraw = True
29.0047 	EXP 	fixation_2: autoDraw = True
29.0900 	EXP 	New trial (rep=80, index=0): None
29.0981 	EXP 	image_2: autoDraw = False
29.0981 	EXP 	fixation_2: autoDraw = False
29.0981 	EXP 	image_2: autoDraw = False
29.0981 	EXP 	fixation_2: autoDraw = False
29.0981 	EXP 	image: autoDraw = True
29.0981 	EXP 	fixation: autoDraw = True
29.1947 	EXP 	image: autoDraw = False
29.1947 	EXP 	fixation: autoDraw = False
29.1947 	EXP 	image: autoDraw = False
29.1947 	EXP 	fixation: autoDraw = False
29.1947 	EXP 	image_2: autoDraw = True
29.1947 	EXP 	fixation_2: autoDraw = True
29.2835 	EXP 	New trial (rep=81, index=0): None
29.2920 	EXP 	image_2: autoDraw = False
29.2920 	EXP 	fixation_2: autoDraw = False
29.2920 	EXP 	image_2: autoDraw = False
29.2920 	EXP 	fixation_2: autoDraw = False
29.2920 	EXP 	image: autoDraw = True
29.2920 	EXP 	fixation: autoDraw = True
29.4023 	EXP 	image: autoDraw = False
29.4023 	EXP 	fixation: autoDraw = False
29.4023 	EXP 	image: autoDraw = False
29.4023 	EXP 	fixation: autoDraw = False
29.4023 	EXP 	image_2: autoDraw = True
29.4023 	EXP 	fixation_2: autoDraw = True
29.4863 	EXP 	New trial (rep=82, index=0): None
29.4989 	EXP 	image_2: autoDraw = False
29.4989 	EXP 	fixation_2: autoDraw = False
29.4989 	EXP 	image_2: autoDraw = False
29.4989 	EXP 	fixation_2: autoDraw = False
29.4989 	EXP 	image: autoDraw = True
29.4989 	EXP 	fixation: autoDraw = True
29.5959 	EXP 	image: autoDraw = False
29.5959 	EXP 	fixation: autoDraw = False
29.5959 	EXP 	image: autoDraw = False
29.5959 	EXP 	fixation: autoDraw = False
29.5959 	EXP 	image_2: autoDraw = True
29.5959 	EXP 	fixation_2: autoDraw = True
29.6858 	EXP 	New trial (rep=83, index=0): None
29.6935 	EXP 	image_2: autoDraw = False
29.6935 	EXP 	fixation_2: autoDraw = False
29.6935 	EXP 	image_2: autoDraw = False
29.6935 	EXP 	fixation_2: autoDraw = False
29.6935 	EXP 	image: autoDraw = True
29.6935 	EXP 	fixation: autoDraw = True
29.7891 	EXP 	image: autoDraw = False
29.7891 	EXP 	fixation: autoDraw = False
29.7891 	EXP 	image: autoDraw = False
29.7891 	EXP 	fixation: autoDraw = False
29.7891 	EXP 	image_2: autoDraw = True
29.7891 	EXP 	fixation_2: autoDraw = True
29.8843 	EXP 	New trial (rep=84, index=0): None
29.8942 	EXP 	image_2: autoDraw = False
29.8942 	EXP 	fixation_2: autoDraw = False
29.8942 	EXP 	image_2: autoDraw = False
29.8942 	EXP 	fixation_2: autoDraw = False
29.8942 	EXP 	image: autoDraw = True
29.8942 	EXP 	fixation: autoDraw = True
29.9953 	EXP 	image: autoDraw = False
29.9953 	EXP 	fixation: autoDraw = False
29.9953 	EXP 	image: autoDraw = False
29.9953 	EXP 	fixation: autoDraw = False
29.9953 	EXP 	image_2: autoDraw = True
29.9953 	EXP 	fixation_2: autoDraw = True
30.0805 	EXP 	New trial (rep=85, index=0): None
30.1017 	EXP 	image_2: autoDraw = False
30.1017 	EXP 	fixation_2: autoDraw = False
30.1017 	EXP 	image_2: autoDraw = False
30.1017 	EXP 	fixation_2: autoDraw = False
30.1017 	EXP 	image: autoDraw = True
30.1017 	EXP 	fixation: autoDraw = True
30.2188 	EXP 	image: autoDraw = False
30.2188 	EXP 	fixation: autoDraw = False
30.2188 	EXP 	image: autoDraw = False
30.2188 	EXP 	fixation: autoDraw = False
30.2188 	EXP 	image_2: autoDraw = True
30.2188 	EXP 	fixation_2: autoDraw = True
30.3080 	EXP 	New trial (rep=86, index=0): None
30.3186 	EXP 	image_2: autoDraw = False
30.3186 	EXP 	fixation_2: autoDraw = False
30.3186 	EXP 	image_2: autoDraw = False
30.3186 	EXP 	fixation_2: autoDraw = False
30.3186 	EXP 	image: autoDraw = True
30.3186 	EXP 	fixation: autoDraw = True
30.4148 	EXP 	image: autoDraw = False
30.4148 	EXP 	fixation: autoDraw = False
30.4148 	EXP 	image: autoDraw = False
30.4148 	EXP 	fixation: autoDraw = False
30.4148 	EXP 	image_2: autoDraw = True
30.4148 	EXP 	fixation_2: autoDraw = True
30.5050 	EXP 	New trial (rep=87, index=0): None
30.5174 	EXP 	image_2: autoDraw = False
30.5174 	EXP 	fixation_2: autoDraw = False
30.5174 	EXP 	image_2: autoDraw = False
30.5174 	EXP 	fixation_2: autoDraw = False
30.5174 	EXP 	image: autoDraw = True
30.5174 	EXP 	fixation: autoDraw = True
30.6123 	EXP 	image: autoDraw = False
30.6123 	EXP 	fixation: autoDraw = False
30.6123 	EXP 	image: autoDraw = False
30.6123 	EXP 	fixation: autoDraw = False
30.6123 	EXP 	image_2: autoDraw = True
30.6123 	EXP 	fixation_2: autoDraw = True
30.7047 	EXP 	New trial (rep=88, index=0): None
30.7136 	EXP 	image_2: autoDraw = False
30.7136 	EXP 	fixation_2: autoDraw = False
30.7136 	EXP 	image_2: autoDraw = False
30.7136 	EXP 	fixation_2: autoDraw = False
30.7136 	EXP 	image: autoDraw = True
30.7136 	EXP 	fixation: autoDraw = True
30.8185 	EXP 	image: autoDraw = False
30.8185 	EXP 	fixation: autoDraw = False
30.8185 	EXP 	image: autoDraw = False
30.8185 	EXP 	fixation: autoDraw = False
30.8185 	EXP 	image_2: autoDraw = True
30.8185 	EXP 	fixation_2: autoDraw = True
30.9023 	EXP 	New trial (rep=89, index=0): None
30.9112 	EXP 	image_2: autoDraw = False
30.9112 	EXP 	fixation_2: autoDraw = False
30.9112 	EXP 	image_2: autoDraw = False
30.9112 	EXP 	fixation_2: autoDraw = False
30.9112 	EXP 	image: autoDraw = True
30.9112 	EXP 	fixation: autoDraw = True
31.0185 	EXP 	image: autoDraw = False
31.0185 	EXP 	fixation: autoDraw = False
31.0185 	EXP 	image: autoDraw = False
31.0185 	EXP 	fixation: autoDraw = False
31.0185 	EXP 	image_2: autoDraw = True
31.0185 	EXP 	fixation_2: autoDraw = True
31.1059 	EXP 	New trial (rep=90, index=0): None
31.1136 	EXP 	image_2: autoDraw = False
31.1136 	EXP 	fixation_2: autoDraw = False
31.1136 	EXP 	image_2: autoDraw = False
31.1136 	EXP 	fixation_2: autoDraw = False
31.1136 	EXP 	image: autoDraw = True
31.1136 	EXP 	fixation: autoDraw = True
31.2117 	EXP 	image: autoDraw = False
31.2117 	EXP 	fixation: autoDraw = False
31.2117 	EXP 	image: autoDraw = False
31.2117 	EXP 	fixation: autoDraw = False
31.2117 	EXP 	image_2: autoDraw = True
31.2117 	EXP 	fixation_2: autoDraw = True
31.2994 	EXP 	New trial (rep=91, index=0): None
31.3079 	EXP 	image_2: autoDraw = False
31.3079 	EXP 	fixation_2: autoDraw = False
31.3079 	EXP 	image_2: autoDraw = False
31.3079 	EXP 	fixation_2: autoDraw = False
31.3079 	EXP 	image: autoDraw = True
31.3079 	EXP 	fixation: autoDraw = True
31.4086 	EXP 	image: autoDraw = False
31.4086 	EXP 	fixation: autoDraw = False
31.4086 	EXP 	image: autoDraw = False
31.4086 	EXP 	fixation: autoDraw = False
31.4086 	EXP 	image_2: autoDraw = True
31.4086 	EXP 	fixation_2: autoDraw = True
31.4968 	EXP 	New trial (rep=92, index=0): None
31.5055 	EXP 	image_2: autoDraw = False
31.5055 	EXP 	fixation_2: autoDraw = False
31.5055 	EXP 	image_2: autoDraw = False
31.5055 	EXP 	fixation_2: autoDraw = False
31.5055 	EXP 	image: autoDraw = True
31.5055 	EXP 	fixation: autoDraw = True
31.6077 	EXP 	image: autoDraw = False
31.6077 	EXP 	fixation: autoDraw = False
31.6077 	EXP 	image: autoDraw = False
31.6077 	EXP 	fixation: autoDraw = False
31.6077 	EXP 	image_2: autoDraw = True
31.6077 	EXP 	fixation_2: autoDraw = True
31.7070 	EXP 	New trial (rep=93, index=0): None
31.7169 	EXP 	image_2: autoDraw = False
31.7169 	EXP 	fixation_2: autoDraw = False
31.7169 	EXP 	image_2: autoDraw = False
31.7169 	EXP 	fixation_2: autoDraw = False
31.7169 	EXP 	image: autoDraw = True
31.7169 	EXP 	fixation: autoDraw = True
31.8135 	EXP 	image: autoDraw = False
31.8135 	EXP 	fixation: autoDraw = False
31.8135 	EXP 	image: autoDraw = False
31.8135 	EXP 	fixation: autoDraw = False
31.8135 	EXP 	image_2: autoDraw = True
31.8135 	EXP 	fixation_2: autoDraw = True
31.8989 	EXP 	New trial (rep=94, index=0): None
31.9109 	EXP 	image_2: autoDraw = False
31.9109 	EXP 	fixation_2: autoDraw = False
31.9109 	EXP 	image_2: autoDraw = False
31.9109 	EXP 	fixation_2: autoDraw = False
31.9109 	EXP 	image: autoDraw = True
31.9109 	EXP 	fixation: autoDraw = True
32.0099 	EXP 	image: autoDraw = False
32.0099 	EXP 	fixation: autoDraw = False
32.0099 	EXP 	image: autoDraw = False
32.0099 	EXP 	fixation: autoDraw = False
32.0099 	EXP 	image_2: autoDraw = True
32.0099 	EXP 	fixation_2: autoDraw = True
32.0967 	EXP 	New trial (rep=95, index=0): None
32.1183 	EXP 	image_2: autoDraw = False
32.1183 	EXP 	fixation_2: autoDraw = False
32.1183 	EXP 	image_2: autoDraw = False
32.1183 	EXP 	fixation_2: autoDraw = False
32.1183 	EXP 	image: autoDraw = True
32.1183 	EXP 	fixation: autoDraw = True
32.2173 	EXP 	image: autoDraw = False
32.2173 	EXP 	fixation: autoDraw = False
32.2173 	EXP 	image: autoDraw = False
32.2173 	EXP 	fixation: autoDraw = False
32.2173 	EXP 	image_2: autoDraw = True
32.2173 	EXP 	fixation_2: autoDraw = True
32.3041 	EXP 	New trial (rep=96, index=0): None
32.3138 	EXP 	image_2: autoDraw = False
32.3138 	EXP 	fixation_2: autoDraw = False
32.3138 	EXP 	image_2: autoDraw = False
32.3138 	EXP 	fixation_2: autoDraw = False
32.3138 	EXP 	image: autoDraw = True
32.3138 	EXP 	fixation: autoDraw = True
32.4165 	EXP 	image: autoDraw = False
32.4165 	EXP 	fixation: autoDraw = False
32.4165 	EXP 	image: autoDraw = False
32.4165 	EXP 	fixation: autoDraw = False
32.4165 	EXP 	image_2: autoDraw = True
32.4165 	EXP 	fixation_2: autoDraw = True
32.5056 	EXP 	New trial (rep=97, index=0): None
32.5129 	EXP 	image_2: autoDraw = False
32.5129 	EXP 	fixation_2: autoDraw = False
32.5129 	EXP 	image_2: autoDraw = False
32.5129 	EXP 	fixation_2: autoDraw = False
32.5129 	EXP 	image: autoDraw = True
32.5129 	EXP 	fixation: autoDraw = True
32.6039 	EXP 	image: autoDraw = False
32.6039 	EXP 	fixation: autoDraw = False
32.6039 	EXP 	image: autoDraw = False
32.6039 	EXP 	fixation: autoDraw = False
32.6039 	EXP 	image_2: autoDraw = True
32.6039 	EXP 	fixation_2: autoDraw = True
32.6935 	EXP 	New trial (rep=98, index=0): None
32.7027 	EXP 	image_2: autoDraw = False
32.7027 	EXP 	fixation_2: autoDraw = False
32.7027 	EXP 	image_2: autoDraw = False
32.7027 	EXP 	fixation_2: autoDraw = False
32.7027 	EXP 	image: autoDraw = True
32.7027 	EXP 	fixation: autoDraw = True
32.8015 	EXP 	image: autoDraw = False
32.8015 	EXP 	fixation: autoDraw = False
32.8015 	EXP 	image: autoDraw = False
32.8015 	EXP 	fixation: autoDraw = False
32.8015 	EXP 	image_2: autoDraw = True
32.8015 	EXP 	fixation_2: autoDraw = True
32.8894 	EXP 	New trial (rep=99, index=0): None
32.8978 	EXP 	image_2: autoDraw = False
32.8978 	EXP 	fixation_2: autoDraw = False
32.8978 	EXP 	image_2: autoDraw = False
32.8978 	EXP 	fixation_2: autoDraw = False
32.8978 	EXP 	image: autoDraw = True
32.8978 	EXP 	fixation: autoDraw = True
32.9956 	EXP 	image: autoDraw = False
32.9956 	EXP 	fixation: autoDraw = False
32.9956 	EXP 	image: autoDraw = False
32.9956 	EXP 	fixation: autoDraw = False
32.9956 	EXP 	image_2: autoDraw = True
32.9956 	EXP 	fixation_2: autoDraw = True
33.0923 	EXP 	image_2: autoDraw = False
33.0923 	EXP 	fixation_2: autoDraw = False
33.0923 	EXP 	image_2: autoDraw = False
33.0923 	EXP 	fixation_2: autoDraw = False
33.1390 	EXP 	window1: mouseVisible = True
