1.0420 	WARNING 	We strongly recommend you activate the PTB sound engine in PsychoPy prefs as the preferred audio engine. Its timing is vastly superior. Your prefs are currently set to use ['sounddevice', 'PTB', 'pyo', 'pygame'] (in that order).
8.7019 	WARNING 	User requested fullscreen with size [1024  768], but screen is actually [2560, 1080]. Using actual size
9.8786 	WARNING 	Couldn't measure a consistent frame rate!
  - Is your graphics card set to sync to vertical blank?
  - Are you running other processes on your computer?

9.8795 	EXP 	Created window1 = Window(allowGUI=True, allowStencil=False, autoLog=True, backendConf=UNKNOWN, bitsMode=UNKNOWN, blendMode='avg', bpc=(8, 8, 8), color=array([0, 0, 0]), colorSpace='rgb', depthBits=8, fullscr=<method-wrapper '__getattribute__' of attributeSetter object at 0x7fab585b7970>, gamma=None, gammaErrorPolicy='raise', lms=UNKNOWN, monitor=<psychopy.monitors.calibTools.Monitor object at 0x7fab6e7664f0>, multiSample=False, name='window1', numSamples=2, pos=[0.0, 0.0], screen=0, size=array([2560, 1080]), stencilBits=0, stereo=False, units='height', useFBO=True, useRetina=False, viewOri=0.0, viewPos=None, viewScale=None, waitBlanking=True, winType='pyglet')
9.8799 	EXP 	window1: mouseVisible = True
9.8812 	EXP 	window1: mouseVisible = False
9.8812 	EXP 	window1: Attempting to measure frame rate of screen (0) ...
9.8813 	EXP 	window1: recordFrameIntervals = False
9.9608 	EXP 	window1: recordFrameIntervals = True
10.7948 	WARNING 	Couldn't measure a consistent frame rate!
  - Is your graphics card set to sync to vertical blank?
  - Are you running other processes on your computer?

12.8599 	EXP 	Created image = ImageStim(__class__=<class 'psychopy.visual.image.ImageStim'>, anchor=('center', 'center'), autoLog=True, color=array([1, 1, 1]), colorSpace='rgb', contrast=1.0, depth=-1.0, flipHoriz=False, flipVert=False, image=str(...), interpolate=True, mask=None, maskParams=None, name='image', opacity=1.0, ori=0.0, pos=array([0., 0.]), size=array([0.5, 0.5]), texRes=128.0, units='height', win=Window(...))
12.8672 	EXP 	Created fixation = ShapeStim(__class__=<class 'psychopy.visual.shape.ShapeStim'>, anchor=('center', 'center'), autoDraw=False, autoLog=True, closeShape=True, color=method-wrapper(...), colorSpace='rgb', contrast=None, depth=-2.0, fillColor=array([ 1, -1, -1]), fillColorSpace='rgb', fillRGB=array([ 1, -1, -1]), interpolate=True, lineColor=array([ 1, -1, -1]), lineColorSpace='rgb', lineRGB=array([ 1, -1, -1]), lineWidth=1.0, name='fixation', opacity=1.0, ori=0.0, pos=array([0., 0.]), size=array([0.01, 0.01]), units='height', vertices=ndarray(...), win=Window(...), windingRule=None)
13.1219 	EXP 	Created image_2 = ImageStim(__class__=<class 'psychopy.visual.image.ImageStim'>, anchor=('center', 'center'), autoLog=True, color=array([1, 1, 1]), colorSpace='rgb', contrast=1.0, depth=-1.0, flipHoriz=False, flipVert=False, image=str(...), interpolate=True, mask=None, maskParams=None, name='image_2', opacity=1.0, ori=0.0, pos=array([0., 0.]), size=array([0.5, 0.5]), texRes=128.0, units='height', win=Window(...))
13.1250 	EXP 	Created fixation_2 = ShapeStim(__class__=<class 'psychopy.visual.shape.ShapeStim'>, anchor=('center', 'center'), autoDraw=False, autoLog=True, closeShape=True, color=method-wrapper(...), colorSpace='rgb', contrast=None, depth=-2.0, fillColor=array([ 1, -1, -1]), fillColorSpace='rgb', fillRGB=array([ 1, -1, -1]), interpolate=True, lineColor=array([ 1, -1, -1]), lineColorSpace='rgb', lineRGB=array([ 1, -1, -1]), lineWidth=1.0, name='fixation_2', opacity=1.0, ori=0.0, pos=array([0., 0.]), size=array([0.01, 0.01]), units='height', vertices=ndarray(...), win=Window(...), windingRule=None)
13.1282 	EXP 	Created sequence: random, trialTypes=1, nReps=75, seed=None
13.1285 	EXP 	New trial (rep=0, index=0): None
13.1711 	WARNING 	t of last frame was 2376.64ms (=1/0)
13.1711 	EXP 	image: autoDraw = True
13.1711 	EXP 	fixation: autoDraw = True
13.2440 	EXP 	image: autoDraw = False
13.2440 	EXP 	fixation: autoDraw = False
13.2440 	EXP 	image_2: autoDraw = True
13.2440 	EXP 	fixation_2: autoDraw = True
13.3273 	EXP 	New trial (rep=1, index=0): None
13.3396 	EXP 	image_2: autoDraw = False
13.3396 	EXP 	fixation_2: autoDraw = False
13.3396 	EXP 	image: autoDraw = True
13.3396 	EXP 	fixation: autoDraw = True
13.4276 	EXP 	image: autoDraw = False
13.4276 	EXP 	fixation: autoDraw = False
13.4276 	EXP 	image: autoDraw = False
13.4276 	EXP 	fixation: autoDraw = False
13.4276 	EXP 	image_2: autoDraw = True
13.4276 	EXP 	fixation_2: autoDraw = True
13.5120 	EXP 	New trial (rep=2, index=0): None
13.5233 	EXP 	image_2: autoDraw = False
13.5233 	EXP 	fixation_2: autoDraw = False
13.5233 	EXP 	image_2: autoDraw = False
13.5233 	EXP 	fixation_2: autoDraw = False
13.5233 	EXP 	image: autoDraw = True
13.5233 	EXP 	fixation: autoDraw = True
13.6106 	EXP 	image: autoDraw = False
13.6106 	EXP 	fixation: autoDraw = False
13.6106 	EXP 	image: autoDraw = False
13.6106 	EXP 	fixation: autoDraw = False
13.6234 	EXP 	image_2: autoDraw = True
13.6234 	EXP 	fixation_2: autoDraw = True
13.7086 	EXP 	New trial (rep=3, index=0): None
13.7124 	EXP 	image_2: autoDraw = False
13.7124 	EXP 	fixation_2: autoDraw = False
13.7124 	EXP 	image_2: autoDraw = False
13.7124 	EXP 	fixation_2: autoDraw = False
13.7234 	EXP 	image: autoDraw = True
13.7234 	EXP 	fixation: autoDraw = True
13.8114 	EXP 	image: autoDraw = False
13.8114 	EXP 	fixation: autoDraw = False
13.8114 	EXP 	image: autoDraw = False
13.8114 	EXP 	fixation: autoDraw = False
13.8241 	EXP 	image_2: autoDraw = True
13.8241 	EXP 	fixation_2: autoDraw = True
13.9085 	EXP 	New trial (rep=4, index=0): None
13.9121 	EXP 	image_2: autoDraw = False
13.9121 	EXP 	fixation_2: autoDraw = False
13.9121 	EXP 	image_2: autoDraw = False
13.9121 	EXP 	fixation_2: autoDraw = False
13.9233 	EXP 	image: autoDraw = True
13.9233 	EXP 	fixation: autoDraw = True
14.0114 	EXP 	image: autoDraw = False
14.0114 	EXP 	fixation: autoDraw = False
14.0114 	EXP 	image: autoDraw = False
14.0114 	EXP 	fixation: autoDraw = False
14.0235 	EXP 	image_2: autoDraw = True
14.0235 	EXP 	fixation_2: autoDraw = True
14.1086 	EXP 	New trial (rep=5, index=0): None
14.1124 	EXP 	image_2: autoDraw = False
14.1124 	EXP 	fixation_2: autoDraw = False
14.1124 	EXP 	image_2: autoDraw = False
14.1124 	EXP 	fixation_2: autoDraw = False
14.1233 	EXP 	image: autoDraw = True
14.1233 	EXP 	fixation: autoDraw = True
14.2116 	EXP 	image: autoDraw = False
14.2116 	EXP 	fixation: autoDraw = False
14.2116 	EXP 	image: autoDraw = False
14.2116 	EXP 	fixation: autoDraw = False
14.2235 	EXP 	image_2: autoDraw = True
14.2235 	EXP 	fixation_2: autoDraw = True
14.3085 	EXP 	New trial (rep=6, index=0): None
14.3124 	EXP 	image_2: autoDraw = False
14.3124 	EXP 	fixation_2: autoDraw = False
14.3124 	EXP 	image_2: autoDraw = False
14.3124 	EXP 	fixation_2: autoDraw = False
14.3234 	EXP 	image: autoDraw = True
14.3234 	EXP 	fixation: autoDraw = True
14.4108 	EXP 	image: autoDraw = False
14.4108 	EXP 	fixation: autoDraw = False
14.4108 	EXP 	image: autoDraw = False
14.4108 	EXP 	fixation: autoDraw = False
14.4236 	EXP 	image_2: autoDraw = True
14.4236 	EXP 	fixation_2: autoDraw = True
14.5085 	EXP 	New trial (rep=7, index=0): None
14.5123 	EXP 	image_2: autoDraw = False
14.5123 	EXP 	fixation_2: autoDraw = False
14.5123 	EXP 	image_2: autoDraw = False
14.5123 	EXP 	fixation_2: autoDraw = False
14.5234 	EXP 	image: autoDraw = True
14.5234 	EXP 	fixation: autoDraw = True
14.6108 	EXP 	image: autoDraw = False
14.6108 	EXP 	fixation: autoDraw = False
14.6108 	EXP 	image: autoDraw = False
14.6108 	EXP 	fixation: autoDraw = False
14.6234 	EXP 	image_2: autoDraw = True
14.6234 	EXP 	fixation_2: autoDraw = True
14.7085 	EXP 	New trial (rep=8, index=0): None
14.7124 	EXP 	image_2: autoDraw = False
14.7124 	EXP 	fixation_2: autoDraw = False
14.7124 	EXP 	image_2: autoDraw = False
14.7124 	EXP 	fixation_2: autoDraw = False
14.7235 	EXP 	image: autoDraw = True
14.7235 	EXP 	fixation: autoDraw = True
14.8109 	EXP 	image: autoDraw = False
14.8109 	EXP 	fixation: autoDraw = False
14.8109 	EXP 	image: autoDraw = False
14.8109 	EXP 	fixation: autoDraw = False
14.8234 	EXP 	image_2: autoDraw = True
14.8234 	EXP 	fixation_2: autoDraw = True
14.9086 	EXP 	New trial (rep=9, index=0): None
14.9124 	EXP 	image_2: autoDraw = False
14.9124 	EXP 	fixation_2: autoDraw = False
14.9124 	EXP 	image_2: autoDraw = False
14.9124 	EXP 	fixation_2: autoDraw = False
14.9234 	EXP 	image: autoDraw = True
14.9234 	EXP 	fixation: autoDraw = True
15.0108 	EXP 	image: autoDraw = False
15.0108 	EXP 	fixation: autoDraw = False
15.0108 	EXP 	image: autoDraw = False
15.0108 	EXP 	fixation: autoDraw = False
15.0236 	EXP 	image_2: autoDraw = True
15.0236 	EXP 	fixation_2: autoDraw = True
15.1087 	EXP 	New trial (rep=10, index=0): None
15.1126 	EXP 	image_2: autoDraw = False
15.1126 	EXP 	fixation_2: autoDraw = False
15.1126 	EXP 	image_2: autoDraw = False
15.1126 	EXP 	fixation_2: autoDraw = False
15.1234 	EXP 	image: autoDraw = True
15.1234 	EXP 	fixation: autoDraw = True
15.2105 	EXP 	image: autoDraw = False
15.2105 	EXP 	fixation: autoDraw = False
15.2105 	EXP 	image: autoDraw = False
15.2105 	EXP 	fixation: autoDraw = False
15.2234 	EXP 	image_2: autoDraw = True
15.2234 	EXP 	fixation_2: autoDraw = True
15.3086 	EXP 	New trial (rep=11, index=0): None
15.3124 	EXP 	image_2: autoDraw = False
15.3124 	EXP 	fixation_2: autoDraw = False
15.3124 	EXP 	image_2: autoDraw = False
15.3124 	EXP 	fixation_2: autoDraw = False
15.3234 	EXP 	image: autoDraw = True
15.3234 	EXP 	fixation: autoDraw = True
15.4109 	EXP 	image: autoDraw = False
15.4109 	EXP 	fixation: autoDraw = False
15.4109 	EXP 	image: autoDraw = False
15.4109 	EXP 	fixation: autoDraw = False
15.4234 	EXP 	image_2: autoDraw = True
15.4234 	EXP 	fixation_2: autoDraw = True
15.5082 	EXP 	New trial (rep=12, index=0): None
15.5116 	EXP 	image_2: autoDraw = False
15.5116 	EXP 	fixation_2: autoDraw = False
15.5116 	EXP 	image_2: autoDraw = False
15.5116 	EXP 	fixation_2: autoDraw = False
15.5234 	EXP 	image: autoDraw = True
15.5234 	EXP 	fixation: autoDraw = True
15.6108 	EXP 	image: autoDraw = False
15.6108 	EXP 	fixation: autoDraw = False
15.6108 	EXP 	image: autoDraw = False
15.6108 	EXP 	fixation: autoDraw = False
15.6233 	EXP 	image_2: autoDraw = True
15.6233 	EXP 	fixation_2: autoDraw = True
15.7085 	EXP 	New trial (rep=13, index=0): None
15.7122 	EXP 	image_2: autoDraw = False
15.7122 	EXP 	fixation_2: autoDraw = False
15.7122 	EXP 	image_2: autoDraw = False
15.7122 	EXP 	fixation_2: autoDraw = False
15.7235 	EXP 	image: autoDraw = True
15.7235 	EXP 	fixation: autoDraw = True
15.8117 	EXP 	image: autoDraw = False
15.8117 	EXP 	fixation: autoDraw = False
15.8117 	EXP 	image: autoDraw = False
15.8117 	EXP 	fixation: autoDraw = False
15.8233 	EXP 	image_2: autoDraw = True
15.8233 	EXP 	fixation_2: autoDraw = True
15.9086 	EXP 	New trial (rep=14, index=0): None
15.9125 	EXP 	image_2: autoDraw = False
15.9125 	EXP 	fixation_2: autoDraw = False
15.9125 	EXP 	image_2: autoDraw = False
15.9125 	EXP 	fixation_2: autoDraw = False
15.9236 	EXP 	image: autoDraw = True
15.9236 	EXP 	fixation: autoDraw = True
16.0108 	EXP 	image: autoDraw = False
16.0108 	EXP 	fixation: autoDraw = False
16.0108 	EXP 	image: autoDraw = False
16.0108 	EXP 	fixation: autoDraw = False
16.0233 	EXP 	image_2: autoDraw = True
16.0233 	EXP 	fixation_2: autoDraw = True
16.1086 	EXP 	New trial (rep=15, index=0): None
16.1123 	EXP 	image_2: autoDraw = False
16.1123 	EXP 	fixation_2: autoDraw = False
16.1123 	EXP 	image_2: autoDraw = False
16.1123 	EXP 	fixation_2: autoDraw = False
16.1235 	EXP 	image: autoDraw = True
16.1235 	EXP 	fixation: autoDraw = True
16.2108 	EXP 	image: autoDraw = False
16.2108 	EXP 	fixation: autoDraw = False
16.2108 	EXP 	image: autoDraw = False
16.2108 	EXP 	fixation: autoDraw = False
16.2234 	EXP 	image_2: autoDraw = True
16.2234 	EXP 	fixation_2: autoDraw = True
16.3084 	EXP 	New trial (rep=16, index=0): None
16.3121 	EXP 	image_2: autoDraw = False
16.3121 	EXP 	fixation_2: autoDraw = False
16.3121 	EXP 	image_2: autoDraw = False
16.3121 	EXP 	fixation_2: autoDraw = False
16.3233 	EXP 	image: autoDraw = True
16.3233 	EXP 	fixation: autoDraw = True
16.4108 	EXP 	image: autoDraw = False
16.4108 	EXP 	fixation: autoDraw = False
16.4108 	EXP 	image: autoDraw = False
16.4108 	EXP 	fixation: autoDraw = False
16.4233 	EXP 	image_2: autoDraw = True
16.4233 	EXP 	fixation_2: autoDraw = True
16.5084 	EXP 	New trial (rep=17, index=0): None
16.5121 	EXP 	image_2: autoDraw = False
16.5121 	EXP 	fixation_2: autoDraw = False
16.5121 	EXP 	image_2: autoDraw = False
16.5121 	EXP 	fixation_2: autoDraw = False
16.5235 	EXP 	image: autoDraw = True
16.5235 	EXP 	fixation: autoDraw = True
16.6108 	EXP 	image: autoDraw = False
16.6108 	EXP 	fixation: autoDraw = False
16.6108 	EXP 	image: autoDraw = False
16.6108 	EXP 	fixation: autoDraw = False
16.6234 	EXP 	image_2: autoDraw = True
16.6234 	EXP 	fixation_2: autoDraw = True
16.7085 	EXP 	New trial (rep=18, index=0): None
16.7124 	EXP 	image_2: autoDraw = False
16.7124 	EXP 	fixation_2: autoDraw = False
16.7124 	EXP 	image_2: autoDraw = False
16.7124 	EXP 	fixation_2: autoDraw = False
16.7235 	EXP 	image: autoDraw = True
16.7235 	EXP 	fixation: autoDraw = True
16.8109 	EXP 	image: autoDraw = False
16.8109 	EXP 	fixation: autoDraw = False
16.8109 	EXP 	image: autoDraw = False
16.8109 	EXP 	fixation: autoDraw = False
16.8234 	EXP 	image_2: autoDraw = True
16.8234 	EXP 	fixation_2: autoDraw = True
16.9090 	EXP 	New trial (rep=19, index=0): None
16.9130 	EXP 	image_2: autoDraw = False
16.9130 	EXP 	fixation_2: autoDraw = False
16.9130 	EXP 	image_2: autoDraw = False
16.9130 	EXP 	fixation_2: autoDraw = False
16.9233 	EXP 	image: autoDraw = True
16.9233 	EXP 	fixation: autoDraw = True
17.0104 	EXP 	image: autoDraw = False
17.0104 	EXP 	fixation: autoDraw = False
17.0104 	EXP 	image: autoDraw = False
17.0104 	EXP 	fixation: autoDraw = False
17.0236 	EXP 	image_2: autoDraw = True
17.0236 	EXP 	fixation_2: autoDraw = True
17.1086 	EXP 	New trial (rep=20, index=0): None
17.1122 	EXP 	image_2: autoDraw = False
17.1122 	EXP 	fixation_2: autoDraw = False
17.1122 	EXP 	image_2: autoDraw = False
17.1122 	EXP 	fixation_2: autoDraw = False
17.1235 	EXP 	image: autoDraw = True
17.1235 	EXP 	fixation: autoDraw = True
17.2117 	EXP 	image: autoDraw = False
17.2117 	EXP 	fixation: autoDraw = False
17.2117 	EXP 	image: autoDraw = False
17.2117 	EXP 	fixation: autoDraw = False
17.2236 	EXP 	image_2: autoDraw = True
17.2236 	EXP 	fixation_2: autoDraw = True
17.3086 	EXP 	New trial (rep=21, index=0): None
17.3124 	EXP 	image_2: autoDraw = False
17.3124 	EXP 	fixation_2: autoDraw = False
17.3124 	EXP 	image_2: autoDraw = False
17.3124 	EXP 	fixation_2: autoDraw = False
17.3235 	EXP 	image: autoDraw = True
17.3235 	EXP 	fixation: autoDraw = True
17.4106 	EXP 	image: autoDraw = False
17.4106 	EXP 	fixation: autoDraw = False
17.4106 	EXP 	image: autoDraw = False
17.4106 	EXP 	fixation: autoDraw = False
17.4233 	EXP 	image_2: autoDraw = True
17.4233 	EXP 	fixation_2: autoDraw = True
17.5085 	EXP 	New trial (rep=22, index=0): None
17.5120 	EXP 	image_2: autoDraw = False
17.5120 	EXP 	fixation_2: autoDraw = False
17.5120 	EXP 	image_2: autoDraw = False
17.5120 	EXP 	fixation_2: autoDraw = False
17.5234 	EXP 	image: autoDraw = True
17.5234 	EXP 	fixation: autoDraw = True
17.6118 	EXP 	image: autoDraw = False
17.6118 	EXP 	fixation: autoDraw = False
17.6118 	EXP 	image: autoDraw = False
17.6118 	EXP 	fixation: autoDraw = False
17.6234 	EXP 	image_2: autoDraw = True
17.6234 	EXP 	fixation_2: autoDraw = True
17.7086 	EXP 	New trial (rep=23, index=0): None
17.7125 	EXP 	image_2: autoDraw = False
17.7125 	EXP 	fixation_2: autoDraw = False
17.7125 	EXP 	image_2: autoDraw = False
17.7125 	EXP 	fixation_2: autoDraw = False
17.7234 	EXP 	image: autoDraw = True
17.7234 	EXP 	fixation: autoDraw = True
17.8123 	EXP 	image: autoDraw = False
17.8123 	EXP 	fixation: autoDraw = False
17.8123 	EXP 	image: autoDraw = False
17.8123 	EXP 	fixation: autoDraw = False
17.8233 	EXP 	image_2: autoDraw = True
17.8233 	EXP 	fixation_2: autoDraw = True
17.9089 	EXP 	New trial (rep=24, index=0): None
17.9127 	EXP 	image_2: autoDraw = False
17.9127 	EXP 	fixation_2: autoDraw = False
17.9127 	EXP 	image_2: autoDraw = False
17.9127 	EXP 	fixation_2: autoDraw = False
17.9235 	EXP 	image: autoDraw = True
17.9235 	EXP 	fixation: autoDraw = True
18.0108 	EXP 	image: autoDraw = False
18.0108 	EXP 	fixation: autoDraw = False
18.0108 	EXP 	image: autoDraw = False
18.0108 	EXP 	fixation: autoDraw = False
18.0235 	EXP 	image_2: autoDraw = True
18.0235 	EXP 	fixation_2: autoDraw = True
18.1090 	EXP 	New trial (rep=25, index=0): None
18.1135 	EXP 	image_2: autoDraw = False
18.1135 	EXP 	fixation_2: autoDraw = False
18.1135 	EXP 	image_2: autoDraw = False
18.1135 	EXP 	fixation_2: autoDraw = False
18.1231 	EXP 	image: autoDraw = True
18.1231 	EXP 	fixation: autoDraw = True
18.2110 	EXP 	image: autoDraw = False
18.2110 	EXP 	fixation: autoDraw = False
18.2110 	EXP 	image: autoDraw = False
18.2110 	EXP 	fixation: autoDraw = False
18.2235 	EXP 	image_2: autoDraw = True
18.2235 	EXP 	fixation_2: autoDraw = True
18.3086 	EXP 	New trial (rep=26, index=0): None
18.3123 	EXP 	image_2: autoDraw = False
18.3123 	EXP 	fixation_2: autoDraw = False
18.3123 	EXP 	image_2: autoDraw = False
18.3123 	EXP 	fixation_2: autoDraw = False
18.3235 	EXP 	image: autoDraw = True
18.3235 	EXP 	fixation: autoDraw = True
18.4117 	EXP 	image: autoDraw = False
18.4117 	EXP 	fixation: autoDraw = False
18.4117 	EXP 	image: autoDraw = False
18.4117 	EXP 	fixation: autoDraw = False
18.4236 	EXP 	image_2: autoDraw = True
18.4236 	EXP 	fixation_2: autoDraw = True
18.5084 	EXP 	New trial (rep=27, index=0): None
18.5123 	EXP 	image_2: autoDraw = False
18.5123 	EXP 	fixation_2: autoDraw = False
18.5123 	EXP 	image_2: autoDraw = False
18.5123 	EXP 	fixation_2: autoDraw = False
18.5234 	EXP 	image: autoDraw = True
18.5234 	EXP 	fixation: autoDraw = True
18.6111 	EXP 	image: autoDraw = False
18.6111 	EXP 	fixation: autoDraw = False
18.6111 	EXP 	image: autoDraw = False
18.6111 	EXP 	fixation: autoDraw = False
18.6236 	EXP 	image_2: autoDraw = True
18.6236 	EXP 	fixation_2: autoDraw = True
18.7082 	EXP 	New trial (rep=28, index=0): None
18.7119 	EXP 	image_2: autoDraw = False
18.7119 	EXP 	fixation_2: autoDraw = False
18.7119 	EXP 	image_2: autoDraw = False
18.7119 	EXP 	fixation_2: autoDraw = False
18.7233 	EXP 	image: autoDraw = True
18.7233 	EXP 	fixation: autoDraw = True
18.8117 	EXP 	image: autoDraw = False
18.8117 	EXP 	fixation: autoDraw = False
18.8117 	EXP 	image: autoDraw = False
18.8117 	EXP 	fixation: autoDraw = False
18.8238 	EXP 	image_2: autoDraw = True
18.8238 	EXP 	fixation_2: autoDraw = True
18.9085 	EXP 	New trial (rep=29, index=0): None
18.9123 	EXP 	image_2: autoDraw = False
18.9123 	EXP 	fixation_2: autoDraw = False
18.9123 	EXP 	image_2: autoDraw = False
18.9123 	EXP 	fixation_2: autoDraw = False
18.9234 	EXP 	image: autoDraw = True
18.9234 	EXP 	fixation: autoDraw = True
19.0108 	EXP 	image: autoDraw = False
19.0108 	EXP 	fixation: autoDraw = False
19.0108 	EXP 	image: autoDraw = False
19.0108 	EXP 	fixation: autoDraw = False
19.0236 	EXP 	image_2: autoDraw = True
19.0236 	EXP 	fixation_2: autoDraw = True
19.1088 	EXP 	New trial (rep=30, index=0): None
19.1134 	EXP 	image_2: autoDraw = False
19.1134 	EXP 	fixation_2: autoDraw = False
19.1134 	EXP 	image_2: autoDraw = False
19.1134 	EXP 	fixation_2: autoDraw = False
19.1232 	EXP 	image: autoDraw = True
19.1232 	EXP 	fixation: autoDraw = True
19.2109 	EXP 	image: autoDraw = False
19.2109 	EXP 	fixation: autoDraw = False
19.2109 	EXP 	image: autoDraw = False
19.2109 	EXP 	fixation: autoDraw = False
19.2235 	EXP 	image_2: autoDraw = True
19.2235 	EXP 	fixation_2: autoDraw = True
19.3090 	EXP 	New trial (rep=31, index=0): None
19.3126 	EXP 	image_2: autoDraw = False
19.3126 	EXP 	fixation_2: autoDraw = False
19.3126 	EXP 	image_2: autoDraw = False
19.3126 	EXP 	fixation_2: autoDraw = False
19.3233 	EXP 	image: autoDraw = True
19.3233 	EXP 	fixation: autoDraw = True
19.4109 	EXP 	image: autoDraw = False
19.4109 	EXP 	fixation: autoDraw = False
19.4109 	EXP 	image: autoDraw = False
19.4109 	EXP 	fixation: autoDraw = False
19.4235 	EXP 	image_2: autoDraw = True
19.4235 	EXP 	fixation_2: autoDraw = True
19.5085 	EXP 	New trial (rep=32, index=0): None
19.5134 	EXP 	image_2: autoDraw = False
19.5134 	EXP 	fixation_2: autoDraw = False
19.5134 	EXP 	image_2: autoDraw = False
19.5134 	EXP 	fixation_2: autoDraw = False
19.5231 	EXP 	image: autoDraw = True
19.5231 	EXP 	fixation: autoDraw = True
19.6109 	EXP 	image: autoDraw = False
19.6109 	EXP 	fixation: autoDraw = False
19.6109 	EXP 	image: autoDraw = False
19.6109 	EXP 	fixation: autoDraw = False
19.6235 	EXP 	image_2: autoDraw = True
19.6235 	EXP 	fixation_2: autoDraw = True
19.7085 	EXP 	New trial (rep=33, index=0): None
19.7124 	EXP 	image_2: autoDraw = False
19.7124 	EXP 	fixation_2: autoDraw = False
19.7124 	EXP 	image_2: autoDraw = False
19.7124 	EXP 	fixation_2: autoDraw = False
19.7233 	EXP 	image: autoDraw = True
19.7233 	EXP 	fixation: autoDraw = True
19.8107 	EXP 	image: autoDraw = False
19.8107 	EXP 	fixation: autoDraw = False
19.8107 	EXP 	image: autoDraw = False
19.8107 	EXP 	fixation: autoDraw = False
19.8235 	EXP 	image_2: autoDraw = True
19.8235 	EXP 	fixation_2: autoDraw = True
19.9085 	EXP 	New trial (rep=34, index=0): None
19.9121 	EXP 	image_2: autoDraw = False
19.9121 	EXP 	fixation_2: autoDraw = False
19.9121 	EXP 	image_2: autoDraw = False
19.9121 	EXP 	fixation_2: autoDraw = False
19.9235 	EXP 	image: autoDraw = True
19.9235 	EXP 	fixation: autoDraw = True
20.0110 	EXP 	image: autoDraw = False
20.0110 	EXP 	fixation: autoDraw = False
20.0110 	EXP 	image: autoDraw = False
20.0110 	EXP 	fixation: autoDraw = False
20.0234 	EXP 	image_2: autoDraw = True
20.0234 	EXP 	fixation_2: autoDraw = True
20.1086 	EXP 	New trial (rep=35, index=0): None
20.1124 	EXP 	image_2: autoDraw = False
20.1124 	EXP 	fixation_2: autoDraw = False
20.1124 	EXP 	image_2: autoDraw = False
20.1124 	EXP 	fixation_2: autoDraw = False
20.1234 	EXP 	image: autoDraw = True
20.1234 	EXP 	fixation: autoDraw = True
20.2108 	EXP 	image: autoDraw = False
20.2108 	EXP 	fixation: autoDraw = False
20.2108 	EXP 	image: autoDraw = False
20.2108 	EXP 	fixation: autoDraw = False
20.2233 	EXP 	image_2: autoDraw = True
20.2233 	EXP 	fixation_2: autoDraw = True
20.3084 	EXP 	New trial (rep=36, index=0): None
20.3122 	EXP 	image_2: autoDraw = False
20.3122 	EXP 	fixation_2: autoDraw = False
20.3122 	EXP 	image_2: autoDraw = False
20.3122 	EXP 	fixation_2: autoDraw = False
20.3234 	EXP 	image: autoDraw = True
20.3234 	EXP 	fixation: autoDraw = True
20.4105 	EXP 	image: autoDraw = False
20.4105 	EXP 	fixation: autoDraw = False
20.4105 	EXP 	image: autoDraw = False
20.4105 	EXP 	fixation: autoDraw = False
20.4236 	EXP 	image_2: autoDraw = True
20.4236 	EXP 	fixation_2: autoDraw = True
20.5085 	EXP 	New trial (rep=37, index=0): None
20.5121 	EXP 	image_2: autoDraw = False
20.5121 	EXP 	fixation_2: autoDraw = False
20.5121 	EXP 	image_2: autoDraw = False
20.5121 	EXP 	fixation_2: autoDraw = False
20.5235 	EXP 	image: autoDraw = True
20.5235 	EXP 	fixation: autoDraw = True
20.6119 	EXP 	image: autoDraw = False
20.6119 	EXP 	fixation: autoDraw = False
20.6119 	EXP 	image: autoDraw = False
20.6119 	EXP 	fixation: autoDraw = False
20.6236 	EXP 	image_2: autoDraw = True
20.6236 	EXP 	fixation_2: autoDraw = True
20.7085 	EXP 	New trial (rep=38, index=0): None
20.7123 	EXP 	image_2: autoDraw = False
20.7123 	EXP 	fixation_2: autoDraw = False
20.7123 	EXP 	image_2: autoDraw = False
20.7123 	EXP 	fixation_2: autoDraw = False
20.7235 	EXP 	image: autoDraw = True
20.7235 	EXP 	fixation: autoDraw = True
20.8106 	EXP 	image: autoDraw = False
20.8106 	EXP 	fixation: autoDraw = False
20.8106 	EXP 	image: autoDraw = False
20.8106 	EXP 	fixation: autoDraw = False
20.8235 	EXP 	image_2: autoDraw = True
20.8235 	EXP 	fixation_2: autoDraw = True
20.9082 	EXP 	New trial (rep=39, index=0): None
20.9118 	EXP 	image_2: autoDraw = False
20.9118 	EXP 	fixation_2: autoDraw = False
20.9118 	EXP 	image_2: autoDraw = False
20.9118 	EXP 	fixation_2: autoDraw = False
20.9235 	EXP 	image: autoDraw = True
20.9235 	EXP 	fixation: autoDraw = True
21.0110 	EXP 	image: autoDraw = False
21.0110 	EXP 	fixation: autoDraw = False
21.0110 	EXP 	image: autoDraw = False
21.0110 	EXP 	fixation: autoDraw = False
21.0233 	EXP 	image_2: autoDraw = True
21.0233 	EXP 	fixation_2: autoDraw = True
21.1090 	EXP 	New trial (rep=40, index=0): None
21.1128 	EXP 	image_2: autoDraw = False
21.1128 	EXP 	fixation_2: autoDraw = False
21.1128 	EXP 	image_2: autoDraw = False
21.1128 	EXP 	fixation_2: autoDraw = False
21.1235 	EXP 	image: autoDraw = True
21.1235 	EXP 	fixation: autoDraw = True
21.2109 	EXP 	image: autoDraw = False
21.2109 	EXP 	fixation: autoDraw = False
21.2109 	EXP 	image: autoDraw = False
21.2109 	EXP 	fixation: autoDraw = False
21.2236 	EXP 	image_2: autoDraw = True
21.2236 	EXP 	fixation_2: autoDraw = True
21.3085 	EXP 	New trial (rep=41, index=0): None
21.3124 	EXP 	image_2: autoDraw = False
21.3124 	EXP 	fixation_2: autoDraw = False
21.3124 	EXP 	image_2: autoDraw = False
21.3124 	EXP 	fixation_2: autoDraw = False
21.3235 	EXP 	image: autoDraw = True
21.3235 	EXP 	fixation: autoDraw = True
21.4109 	EXP 	image: autoDraw = False
21.4109 	EXP 	fixation: autoDraw = False
21.4109 	EXP 	image: autoDraw = False
21.4109 	EXP 	fixation: autoDraw = False
21.4233 	EXP 	image_2: autoDraw = True
21.4233 	EXP 	fixation_2: autoDraw = True
21.5089 	EXP 	New trial (rep=42, index=0): None
21.5128 	EXP 	image_2: autoDraw = False
21.5128 	EXP 	fixation_2: autoDraw = False
21.5128 	EXP 	image_2: autoDraw = False
21.5128 	EXP 	fixation_2: autoDraw = False
21.5236 	EXP 	image: autoDraw = True
21.5236 	EXP 	fixation: autoDraw = True
21.6108 	EXP 	image: autoDraw = False
21.6108 	EXP 	fixation: autoDraw = False
21.6108 	EXP 	image: autoDraw = False
21.6108 	EXP 	fixation: autoDraw = False
21.6233 	EXP 	image_2: autoDraw = True
21.6233 	EXP 	fixation_2: autoDraw = True
21.7086 	EXP 	New trial (rep=43, index=0): None
21.7129 	EXP 	image_2: autoDraw = False
21.7129 	EXP 	fixation_2: autoDraw = False
21.7129 	EXP 	image_2: autoDraw = False
21.7129 	EXP 	fixation_2: autoDraw = False
21.7235 	EXP 	image: autoDraw = True
21.7235 	EXP 	fixation: autoDraw = True
21.8110 	EXP 	image: autoDraw = False
21.8110 	EXP 	fixation: autoDraw = False
21.8110 	EXP 	image: autoDraw = False
21.8110 	EXP 	fixation: autoDraw = False
21.8233 	EXP 	image_2: autoDraw = True
21.8233 	EXP 	fixation_2: autoDraw = True
21.9085 	EXP 	New trial (rep=44, index=0): None
21.9126 	EXP 	image_2: autoDraw = False
21.9126 	EXP 	fixation_2: autoDraw = False
21.9126 	EXP 	image_2: autoDraw = False
21.9126 	EXP 	fixation_2: autoDraw = False
21.9235 	EXP 	image: autoDraw = True
21.9235 	EXP 	fixation: autoDraw = True
22.0108 	EXP 	image: autoDraw = False
22.0108 	EXP 	fixation: autoDraw = False
22.0108 	EXP 	image: autoDraw = False
22.0108 	EXP 	fixation: autoDraw = False
22.0235 	EXP 	image_2: autoDraw = True
22.0235 	EXP 	fixation_2: autoDraw = True
22.1091 	EXP 	New trial (rep=45, index=0): None
22.1129 	EXP 	image_2: autoDraw = False
22.1129 	EXP 	fixation_2: autoDraw = False
22.1129 	EXP 	image_2: autoDraw = False
22.1129 	EXP 	fixation_2: autoDraw = False
22.1235 	EXP 	image: autoDraw = True
22.1235 	EXP 	fixation: autoDraw = True
22.2111 	EXP 	image: autoDraw = False
22.2111 	EXP 	fixation: autoDraw = False
22.2111 	EXP 	image: autoDraw = False
22.2111 	EXP 	fixation: autoDraw = False
22.2236 	EXP 	image_2: autoDraw = True
22.2236 	EXP 	fixation_2: autoDraw = True
22.3085 	EXP 	New trial (rep=46, index=0): None
22.3121 	EXP 	image_2: autoDraw = False
22.3121 	EXP 	fixation_2: autoDraw = False
22.3121 	EXP 	image_2: autoDraw = False
22.3121 	EXP 	fixation_2: autoDraw = False
22.3236 	EXP 	image: autoDraw = True
22.3236 	EXP 	fixation: autoDraw = True
22.4108 	EXP 	image: autoDraw = False
22.4108 	EXP 	fixation: autoDraw = False
22.4108 	EXP 	image: autoDraw = False
22.4108 	EXP 	fixation: autoDraw = False
22.4235 	EXP 	image_2: autoDraw = True
22.4235 	EXP 	fixation_2: autoDraw = True
22.5086 	EXP 	New trial (rep=47, index=0): None
22.5123 	EXP 	image_2: autoDraw = False
22.5123 	EXP 	fixation_2: autoDraw = False
22.5123 	EXP 	image_2: autoDraw = False
22.5123 	EXP 	fixation_2: autoDraw = False
22.5235 	EXP 	image: autoDraw = True
22.5235 	EXP 	fixation: autoDraw = True
22.6106 	EXP 	image: autoDraw = False
22.6106 	EXP 	fixation: autoDraw = False
22.6106 	EXP 	image: autoDraw = False
22.6106 	EXP 	fixation: autoDraw = False
22.6236 	EXP 	image_2: autoDraw = True
22.6236 	EXP 	fixation_2: autoDraw = True
22.7087 	EXP 	New trial (rep=48, index=0): None
22.7125 	EXP 	image_2: autoDraw = False
22.7125 	EXP 	fixation_2: autoDraw = False
22.7125 	EXP 	image_2: autoDraw = False
22.7125 	EXP 	fixation_2: autoDraw = False
22.7234 	EXP 	image: autoDraw = True
22.7234 	EXP 	fixation: autoDraw = True
22.8108 	EXP 	image: autoDraw = False
22.8108 	EXP 	fixation: autoDraw = False
22.8108 	EXP 	image: autoDraw = False
22.8108 	EXP 	fixation: autoDraw = False
22.8235 	EXP 	image_2: autoDraw = True
22.8235 	EXP 	fixation_2: autoDraw = True
22.9082 	EXP 	New trial (rep=49, index=0): None
22.9119 	EXP 	image_2: autoDraw = False
22.9119 	EXP 	fixation_2: autoDraw = False
22.9119 	EXP 	image_2: autoDraw = False
22.9119 	EXP 	fixation_2: autoDraw = False
22.9233 	EXP 	image: autoDraw = True
22.9233 	EXP 	fixation: autoDraw = True
23.0108 	EXP 	image: autoDraw = False
23.0108 	EXP 	fixation: autoDraw = False
23.0108 	EXP 	image: autoDraw = False
23.0108 	EXP 	fixation: autoDraw = False
23.0235 	EXP 	image_2: autoDraw = True
23.0235 	EXP 	fixation_2: autoDraw = True
23.1085 	EXP 	New trial (rep=50, index=0): None
23.1123 	EXP 	image_2: autoDraw = False
23.1123 	EXP 	fixation_2: autoDraw = False
23.1123 	EXP 	image_2: autoDraw = False
23.1123 	EXP 	fixation_2: autoDraw = False
23.1235 	EXP 	image: autoDraw = True
23.1235 	EXP 	fixation: autoDraw = True
23.2109 	EXP 	image: autoDraw = False
23.2109 	EXP 	fixation: autoDraw = False
23.2109 	EXP 	image: autoDraw = False
23.2109 	EXP 	fixation: autoDraw = False
23.2236 	EXP 	image_2: autoDraw = True
23.2236 	EXP 	fixation_2: autoDraw = True
23.3080 	EXP 	New trial (rep=51, index=0): None
23.3117 	EXP 	image_2: autoDraw = False
23.3117 	EXP 	fixation_2: autoDraw = False
23.3117 	EXP 	image_2: autoDraw = False
23.3117 	EXP 	fixation_2: autoDraw = False
23.3233 	EXP 	image: autoDraw = True
23.3233 	EXP 	fixation: autoDraw = True
23.4107 	EXP 	image: autoDraw = False
23.4107 	EXP 	fixation: autoDraw = False
23.4107 	EXP 	image: autoDraw = False
23.4107 	EXP 	fixation: autoDraw = False
23.4233 	EXP 	image_2: autoDraw = True
23.4233 	EXP 	fixation_2: autoDraw = True
23.5084 	EXP 	New trial (rep=52, index=0): None
23.5124 	EXP 	image_2: autoDraw = False
23.5124 	EXP 	fixation_2: autoDraw = False
23.5124 	EXP 	image_2: autoDraw = False
23.5124 	EXP 	fixation_2: autoDraw = False
23.5234 	EXP 	image: autoDraw = True
23.5234 	EXP 	fixation: autoDraw = True
23.6107 	EXP 	image: autoDraw = False
23.6107 	EXP 	fixation: autoDraw = False
23.6107 	EXP 	image: autoDraw = False
23.6107 	EXP 	fixation: autoDraw = False
23.6235 	EXP 	image_2: autoDraw = True
23.6235 	EXP 	fixation_2: autoDraw = True
23.7084 	EXP 	New trial (rep=53, index=0): None
23.7120 	EXP 	image_2: autoDraw = False
23.7120 	EXP 	fixation_2: autoDraw = False
23.7120 	EXP 	image_2: autoDraw = False
23.7120 	EXP 	fixation_2: autoDraw = False
23.7233 	EXP 	image: autoDraw = True
23.7233 	EXP 	fixation: autoDraw = True
23.8109 	EXP 	image: autoDraw = False
23.8109 	EXP 	fixation: autoDraw = False
23.8109 	EXP 	image: autoDraw = False
23.8109 	EXP 	fixation: autoDraw = False
23.8236 	EXP 	image_2: autoDraw = True
23.8236 	EXP 	fixation_2: autoDraw = True
23.9085 	EXP 	New trial (rep=54, index=0): None
23.9123 	EXP 	image_2: autoDraw = False
23.9123 	EXP 	fixation_2: autoDraw = False
23.9123 	EXP 	image_2: autoDraw = False
23.9123 	EXP 	fixation_2: autoDraw = False
23.9235 	EXP 	image: autoDraw = True
23.9235 	EXP 	fixation: autoDraw = True
24.0110 	EXP 	image: autoDraw = False
24.0110 	EXP 	fixation: autoDraw = False
24.0110 	EXP 	image: autoDraw = False
24.0110 	EXP 	fixation: autoDraw = False
24.0235 	EXP 	image_2: autoDraw = True
24.0235 	EXP 	fixation_2: autoDraw = True
24.1086 	EXP 	New trial (rep=55, index=0): None
24.1124 	EXP 	image_2: autoDraw = False
24.1124 	EXP 	fixation_2: autoDraw = False
24.1124 	EXP 	image_2: autoDraw = False
24.1124 	EXP 	fixation_2: autoDraw = False
24.1235 	EXP 	image: autoDraw = True
24.1235 	EXP 	fixation: autoDraw = True
24.2109 	EXP 	image: autoDraw = False
24.2109 	EXP 	fixation: autoDraw = False
24.2109 	EXP 	image: autoDraw = False
24.2109 	EXP 	fixation: autoDraw = False
24.2235 	EXP 	image_2: autoDraw = True
24.2235 	EXP 	fixation_2: autoDraw = True
24.3082 	EXP 	New trial (rep=56, index=0): None
24.3117 	EXP 	image_2: autoDraw = False
24.3117 	EXP 	fixation_2: autoDraw = False
24.3117 	EXP 	image_2: autoDraw = False
24.3117 	EXP 	fixation_2: autoDraw = False
24.3233 	EXP 	image: autoDraw = True
24.3233 	EXP 	fixation: autoDraw = True
24.4110 	EXP 	image: autoDraw = False
24.4110 	EXP 	fixation: autoDraw = False
24.4110 	EXP 	image: autoDraw = False
24.4110 	EXP 	fixation: autoDraw = False
24.4236 	EXP 	image_2: autoDraw = True
24.4236 	EXP 	fixation_2: autoDraw = True
24.5091 	EXP 	New trial (rep=57, index=0): None
24.5133 	EXP 	image_2: autoDraw = False
24.5133 	EXP 	fixation_2: autoDraw = False
24.5133 	EXP 	image_2: autoDraw = False
24.5133 	EXP 	fixation_2: autoDraw = False
24.5235 	EXP 	image: autoDraw = True
24.5235 	EXP 	fixation: autoDraw = True
24.6114 	EXP 	image: autoDraw = False
24.6114 	EXP 	fixation: autoDraw = False
24.6114 	EXP 	image: autoDraw = False
24.6114 	EXP 	fixation: autoDraw = False
24.6235 	EXP 	image_2: autoDraw = True
24.6235 	EXP 	fixation_2: autoDraw = True
24.7086 	EXP 	New trial (rep=58, index=0): None
24.7126 	EXP 	image_2: autoDraw = False
24.7126 	EXP 	fixation_2: autoDraw = False
24.7126 	EXP 	image_2: autoDraw = False
24.7126 	EXP 	fixation_2: autoDraw = False
24.7235 	EXP 	image: autoDraw = True
24.7235 	EXP 	fixation: autoDraw = True
24.8105 	EXP 	image: autoDraw = False
24.8105 	EXP 	fixation: autoDraw = False
24.8105 	EXP 	image: autoDraw = False
24.8105 	EXP 	fixation: autoDraw = False
24.8235 	EXP 	image_2: autoDraw = True
24.8235 	EXP 	fixation_2: autoDraw = True
24.9092 	EXP 	New trial (rep=59, index=0): None
24.9135 	EXP 	image_2: autoDraw = False
24.9135 	EXP 	fixation_2: autoDraw = False
24.9135 	EXP 	image_2: autoDraw = False
24.9135 	EXP 	fixation_2: autoDraw = False
24.9235 	EXP 	image: autoDraw = True
24.9235 	EXP 	fixation: autoDraw = True
25.0106 	EXP 	image: autoDraw = False
25.0106 	EXP 	fixation: autoDraw = False
25.0106 	EXP 	image: autoDraw = False
25.0106 	EXP 	fixation: autoDraw = False
25.0234 	EXP 	image_2: autoDraw = True
25.0234 	EXP 	fixation_2: autoDraw = True
25.1085 	EXP 	New trial (rep=60, index=0): None
25.1123 	EXP 	image_2: autoDraw = False
25.1123 	EXP 	fixation_2: autoDraw = False
25.1123 	EXP 	image_2: autoDraw = False
25.1123 	EXP 	fixation_2: autoDraw = False
25.1235 	EXP 	image: autoDraw = True
25.1235 	EXP 	fixation: autoDraw = True
25.2111 	EXP 	image: autoDraw = False
25.2111 	EXP 	fixation: autoDraw = False
25.2111 	EXP 	image: autoDraw = False
25.2111 	EXP 	fixation: autoDraw = False
25.2235 	EXP 	image_2: autoDraw = True
25.2235 	EXP 	fixation_2: autoDraw = True
25.3085 	EXP 	New trial (rep=61, index=0): None
25.3123 	EXP 	image_2: autoDraw = False
25.3123 	EXP 	fixation_2: autoDraw = False
25.3123 	EXP 	image_2: autoDraw = False
25.3123 	EXP 	fixation_2: autoDraw = False
25.3235 	EXP 	image: autoDraw = True
25.3235 	EXP 	fixation: autoDraw = True
25.4109 	EXP 	image: autoDraw = False
25.4109 	EXP 	fixation: autoDraw = False
25.4109 	EXP 	image: autoDraw = False
25.4109 	EXP 	fixation: autoDraw = False
25.4233 	EXP 	image_2: autoDraw = True
25.4233 	EXP 	fixation_2: autoDraw = True
25.5084 	EXP 	New trial (rep=62, index=0): None
25.5121 	EXP 	image_2: autoDraw = False
25.5121 	EXP 	fixation_2: autoDraw = False
25.5121 	EXP 	image_2: autoDraw = False
25.5121 	EXP 	fixation_2: autoDraw = False
25.5235 	EXP 	image: autoDraw = True
25.5235 	EXP 	fixation: autoDraw = True
25.6109 	EXP 	image: autoDraw = False
25.6109 	EXP 	fixation: autoDraw = False
25.6109 	EXP 	image: autoDraw = False
25.6109 	EXP 	fixation: autoDraw = False
25.6235 	EXP 	image_2: autoDraw = True
25.6235 	EXP 	fixation_2: autoDraw = True
25.7086 	EXP 	New trial (rep=63, index=0): None
25.7124 	EXP 	image_2: autoDraw = False
25.7124 	EXP 	fixation_2: autoDraw = False
25.7124 	EXP 	image_2: autoDraw = False
25.7124 	EXP 	fixation_2: autoDraw = False
25.7235 	EXP 	image: autoDraw = True
25.7235 	EXP 	fixation: autoDraw = True
25.8108 	EXP 	image: autoDraw = False
25.8108 	EXP 	fixation: autoDraw = False
25.8108 	EXP 	image: autoDraw = False
25.8108 	EXP 	fixation: autoDraw = False
25.8234 	EXP 	image_2: autoDraw = True
25.8234 	EXP 	fixation_2: autoDraw = True
25.9095 	EXP 	New trial (rep=64, index=0): None
25.9137 	EXP 	image_2: autoDraw = False
25.9137 	EXP 	fixation_2: autoDraw = False
25.9137 	EXP 	image_2: autoDraw = False
25.9137 	EXP 	fixation_2: autoDraw = False
25.9235 	EXP 	image: autoDraw = True
25.9235 	EXP 	fixation: autoDraw = True
26.0108 	EXP 	image: autoDraw = False
26.0108 	EXP 	fixation: autoDraw = False
26.0108 	EXP 	image: autoDraw = False
26.0108 	EXP 	fixation: autoDraw = False
26.0235 	EXP 	image_2: autoDraw = True
26.0235 	EXP 	fixation_2: autoDraw = True
26.1085 	EXP 	New trial (rep=65, index=0): None
26.1124 	EXP 	image_2: autoDraw = False
26.1124 	EXP 	fixation_2: autoDraw = False
26.1124 	EXP 	image_2: autoDraw = False
26.1124 	EXP 	fixation_2: autoDraw = False
26.1236 	EXP 	image: autoDraw = True
26.1236 	EXP 	fixation: autoDraw = True
26.2106 	EXP 	image: autoDraw = False
26.2106 	EXP 	fixation: autoDraw = False
26.2106 	EXP 	image: autoDraw = False
26.2106 	EXP 	fixation: autoDraw = False
26.2235 	EXP 	image_2: autoDraw = True
26.2235 	EXP 	fixation_2: autoDraw = True
26.3090 	EXP 	New trial (rep=66, index=0): None
26.3129 	EXP 	image_2: autoDraw = False
26.3129 	EXP 	fixation_2: autoDraw = False
26.3129 	EXP 	image_2: autoDraw = False
26.3129 	EXP 	fixation_2: autoDraw = False
26.3235 	EXP 	image: autoDraw = True
26.3235 	EXP 	fixation: autoDraw = True
26.4109 	EXP 	image: autoDraw = False
26.4109 	EXP 	fixation: autoDraw = False
26.4109 	EXP 	image: autoDraw = False
26.4109 	EXP 	fixation: autoDraw = False
26.4236 	EXP 	image_2: autoDraw = True
26.4236 	EXP 	fixation_2: autoDraw = True
26.5093 	EXP 	New trial (rep=67, index=0): None
26.5135 	EXP 	image_2: autoDraw = False
26.5135 	EXP 	fixation_2: autoDraw = False
26.5135 	EXP 	image_2: autoDraw = False
26.5135 	EXP 	fixation_2: autoDraw = False
26.5235 	EXP 	image: autoDraw = True
26.5235 	EXP 	fixation: autoDraw = True
26.6110 	EXP 	image: autoDraw = False
26.6110 	EXP 	fixation: autoDraw = False
26.6110 	EXP 	image: autoDraw = False
26.6110 	EXP 	fixation: autoDraw = False
26.6235 	EXP 	image_2: autoDraw = True
26.6235 	EXP 	fixation_2: autoDraw = True
26.7087 	EXP 	New trial (rep=68, index=0): None
26.7123 	EXP 	image_2: autoDraw = False
26.7123 	EXP 	fixation_2: autoDraw = False
26.7123 	EXP 	image_2: autoDraw = False
26.7123 	EXP 	fixation_2: autoDraw = False
26.7235 	EXP 	image: autoDraw = True
26.7235 	EXP 	fixation: autoDraw = True
26.8118 	EXP 	image: autoDraw = False
26.8118 	EXP 	fixation: autoDraw = False
26.8118 	EXP 	image: autoDraw = False
26.8118 	EXP 	fixation: autoDraw = False
26.8235 	EXP 	image_2: autoDraw = True
26.8235 	EXP 	fixation_2: autoDraw = True
26.9085 	EXP 	New trial (rep=69, index=0): None
26.9123 	EXP 	image_2: autoDraw = False
26.9123 	EXP 	fixation_2: autoDraw = False
26.9123 	EXP 	image_2: autoDraw = False
26.9123 	EXP 	fixation_2: autoDraw = False
26.9236 	EXP 	image: autoDraw = True
26.9236 	EXP 	fixation: autoDraw = True
27.0108 	EXP 	image: autoDraw = False
27.0108 	EXP 	fixation: autoDraw = False
27.0108 	EXP 	image: autoDraw = False
27.0108 	EXP 	fixation: autoDraw = False
27.0236 	EXP 	image_2: autoDraw = True
27.0236 	EXP 	fixation_2: autoDraw = True
27.1087 	EXP 	New trial (rep=70, index=0): None
27.1126 	EXP 	image_2: autoDraw = False
27.1126 	EXP 	fixation_2: autoDraw = False
27.1126 	EXP 	image_2: autoDraw = False
27.1126 	EXP 	fixation_2: autoDraw = False
27.1235 	EXP 	image: autoDraw = True
27.1235 	EXP 	fixation: autoDraw = True
27.2106 	EXP 	image: autoDraw = False
27.2106 	EXP 	fixation: autoDraw = False
27.2106 	EXP 	image: autoDraw = False
27.2106 	EXP 	fixation: autoDraw = False
27.2235 	EXP 	image_2: autoDraw = True
27.2235 	EXP 	fixation_2: autoDraw = True
27.3086 	EXP 	New trial (rep=71, index=0): None
27.3124 	EXP 	image_2: autoDraw = False
27.3124 	EXP 	fixation_2: autoDraw = False
27.3124 	EXP 	image_2: autoDraw = False
27.3124 	EXP 	fixation_2: autoDraw = False
27.3235 	EXP 	image: autoDraw = True
27.3235 	EXP 	fixation: autoDraw = True
27.4108 	EXP 	image: autoDraw = False
27.4108 	EXP 	fixation: autoDraw = False
27.4108 	EXP 	image: autoDraw = False
27.4108 	EXP 	fixation: autoDraw = False
27.4235 	EXP 	image_2: autoDraw = True
27.4235 	EXP 	fixation_2: autoDraw = True
27.5085 	EXP 	New trial (rep=72, index=0): None
27.5126 	EXP 	image_2: autoDraw = False
27.5126 	EXP 	fixation_2: autoDraw = False
27.5126 	EXP 	image_2: autoDraw = False
27.5126 	EXP 	fixation_2: autoDraw = False
27.5235 	EXP 	image: autoDraw = True
27.5235 	EXP 	fixation: autoDraw = True
27.6108 	EXP 	image: autoDraw = False
27.6108 	EXP 	fixation: autoDraw = False
27.6108 	EXP 	image: autoDraw = False
27.6108 	EXP 	fixation: autoDraw = False
27.6236 	EXP 	image_2: autoDraw = True
27.6236 	EXP 	fixation_2: autoDraw = True
27.7086 	EXP 	New trial (rep=73, index=0): None
27.7124 	EXP 	image_2: autoDraw = False
27.7124 	EXP 	fixation_2: autoDraw = False
27.7124 	EXP 	image_2: autoDraw = False
27.7124 	EXP 	fixation_2: autoDraw = False
27.7233 	EXP 	image: autoDraw = True
27.7233 	EXP 	fixation: autoDraw = True
27.8108 	EXP 	image: autoDraw = False
27.8108 	EXP 	fixation: autoDraw = False
27.8108 	EXP 	image: autoDraw = False
27.8108 	EXP 	fixation: autoDraw = False
27.8235 	EXP 	image_2: autoDraw = True
27.8235 	EXP 	fixation_2: autoDraw = True
27.9089 	EXP 	New trial (rep=74, index=0): None
27.9127 	EXP 	image_2: autoDraw = False
27.9127 	EXP 	fixation_2: autoDraw = False
27.9127 	EXP 	image_2: autoDraw = False
27.9127 	EXP 	fixation_2: autoDraw = False
27.9234 	EXP 	image: autoDraw = True
27.9234 	EXP 	fixation: autoDraw = True
28.0114 	EXP 	image: autoDraw = False
28.0114 	EXP 	fixation: autoDraw = False
28.0114 	EXP 	image: autoDraw = False
28.0114 	EXP 	fixation: autoDraw = False
28.0235 	EXP 	image_2: autoDraw = True
28.0235 	EXP 	fixation_2: autoDraw = True
28.1104 	EXP 	image_2: autoDraw = False
28.1104 	EXP 	fixation_2: autoDraw = False
28.1104 	EXP 	image_2: autoDraw = False
28.1104 	EXP 	fixation_2: autoDraw = False
28.1575 	EXP 	window1: mouseVisible = True
