1.4490 	WARNING 	We strongly recommend you activate the PTB sound engine in PsychoPy prefs as the preferred audio engine. Its timing is vastly superior. Your prefs are currently set to use ['sounddevice', 'PTB', 'pyo', 'pygame'] (in that order).
6.2250 	WARNING 	User requested fullscreen with size [1024  768], but screen is actually [1440, 900]. Using actual size
7.5718 	WARNING 	Couldn't measure a consistent frame rate!
  - Is your graphics card set to sync to vertical blank?
  - Are you running other processes on your computer?

7.5732 	EXP 	Created window1 = Window(allowGUI=True, allowStencil=False, autoLog=True, backendConf=UNKNOWN, bitsMode=UNKNOWN, blendMode='avg', bpc=(8, 8, 8), color=array([0, 0, 0]), colorSpace='rgb', depthBits=8, fullscr=<method-wrapper '__getattribute__' of attributeSetter object at 0x7fcc29e23b50>, gamma=None, gammaErrorPolicy='raise', lms=UNKNOWN, monitor=<psychopy.monitors.calibTools.Monitor object at 0x7fcbbbce5610>, multiSample=False, name='window1', numSamples=2, pos=[360.0, 225.0], screen=0, size=array([2880, 1800]), stencilBits=0, stereo=False, units='height', useFBO=True, useRetina=True, viewOri=0.0, viewPos=None, viewScale=None, waitBlanking=True, winType='pyglet')
7.5739 	EXP 	window1: mouseVisible = True
7.5752 	EXP 	window1: mouseVisible = False
7.5752 	EXP 	window1: Attempting to measure frame rate of screen (0) ...
7.5753 	EXP 	window1: recordFrameIntervals = False
7.6548 	EXP 	window1: recordFrameIntervals = True
8.5119 	WARNING 	Couldn't measure a consistent frame rate!
  - Is your graphics card set to sync to vertical blank?
  - Are you running other processes on your computer?

10.4755 	EXP 	Created grating1 = GratingStim(__class__=<class 'psychopy.visual.grating.GratingStim'>, anchor='center', autoDraw=False, autoLog=True, blendmode='avg', color=array([1, 1, 1]), colorSpace='rgb', contrast=1.0, depth=-1.0, interpolate=True, mask=None, maskParams=None, name='grating1', opacity=1.0, ori=0.0, phase=array([0., 0.]), pos=array([0., 0.]), rgbPedestal=array([0., 0., 0.]), sf=array([10., 10.]), size=array([1.5, 1. ]), tex='sin', texRes=128.0, units='height', win=Window(...))
10.4834 	EXP 	Created fixation = ShapeStim(__class__=<class 'psychopy.visual.shape.ShapeStim'>, anchor=('center', 'center'), autoDraw=False, autoLog=True, closeShape=True, color=method-wrapper(...), colorSpace='rgb', contrast=None, depth=-2.0, fillColor=array([ 1, -1, -1]), fillColorSpace='rgb', fillRGB=array([ 1, -1, -1]), interpolate=True, lineColor=array([ 1, -1, -1]), lineColorSpace='rgb', lineRGB=array([ 1, -1, -1]), lineWidth=1.0, name='fixation', opacity=1.0, ori=0.0, pos=array([0., 0.]), size=array([0.01, 0.01]), units='height', vertices=ndarray(...), win=Window(...), windingRule=None)
10.4957 	EXP 	Created grating1_2 = GratingStim(__class__=<class 'psychopy.visual.grating.GratingStim'>, anchor='center', autoDraw=False, autoLog=True, blendmode='avg', color=array([1, 1, 1]), colorSpace='rgb', contrast=1.0, depth=-1.0, interpolate=True, mask=None, maskParams=None, name='grating1_2', opacity=1.0, ori=0.0, phase=array([0.5, 0.5]), pos=array([0., 0.]), rgbPedestal=array([0., 0., 0.]), sf=array([10., 10.]), size=array([1.5, 1. ]), tex='sin', texRes=128.0, units='height', win=Window(...))
10.4992 	EXP 	Created fixation_2 = ShapeStim(__class__=<class 'psychopy.visual.shape.ShapeStim'>, anchor=('center', 'center'), autoDraw=False, autoLog=True, closeShape=True, color=method-wrapper(...), colorSpace='rgb', contrast=None, depth=-2.0, fillColor=array([ 1, -1, -1]), fillColorSpace='rgb', fillRGB=array([ 1, -1, -1]), interpolate=True, lineColor=array([ 1, -1, -1]), lineColorSpace='rgb', lineRGB=array([ 1, -1, -1]), lineWidth=1.0, name='fixation_2', opacity=1.0, ori=0.0, pos=array([0., 0.]), size=array([0.01, 0.01]), units='height', vertices=ndarray(...), win=Window(...), windingRule=None)
10.5012 	EXP 	Created sequence: random, trialTypes=1, nReps=50, seed=None
10.5016 	EXP 	New trial (rep=0, index=0): None
10.5157 	WARNING 	t of last frame was 2004.11ms (=1/0)
10.5157 	EXP 	grating1: autoDraw = True
10.5157 	EXP 	fixation: autoDraw = True
10.5157 	EXP 	grating1: tex = 'sin'
11.0134 	EXP 	grating1: autoDraw = False
11.0134 	EXP 	fixation: autoDraw = False
11.0134 	EXP 	grating1_2: autoDraw = True
11.0134 	EXP 	fixation_2: autoDraw = True
11.0134 	EXP 	grating1_2: tex = 'sin'
11.4875 	WARNING 	t of last frame was 22.74ms (=1/43)
11.5065 	EXP 	New trial (rep=1, index=0): None
11.5169 	EXP 	grating1_2: autoDraw = False
11.5169 	EXP 	fixation_2: autoDraw = False
11.5169 	EXP 	grating1: autoDraw = True
11.5169 	EXP 	fixation: autoDraw = True
11.5875 	WARNING 	t of last frame was 22.39ms (=1/44)
11.6707 	WARNING 	t of last frame was 21.36ms (=1/46)
11.6909 	WARNING 	Multiple dropped frames have occurred - I'll stop bothering you about them!
12.0168 	EXP 	grating1: autoDraw = False
12.0168 	EXP 	fixation: autoDraw = False
12.0168 	EXP 	grating1_2: autoDraw = True
12.0168 	EXP 	fixation_2: autoDraw = True
12.5069 	EXP 	New trial (rep=2, index=0): None
12.5147 	EXP 	grating1_2: autoDraw = False
12.5147 	EXP 	fixation_2: autoDraw = False
12.5147 	EXP 	grating1: autoDraw = True
12.5147 	EXP 	fixation: autoDraw = True
13.0208 	EXP 	grating1: autoDraw = False
13.0208 	EXP 	fixation: autoDraw = False
13.0208 	EXP 	grating1_2: autoDraw = True
13.0208 	EXP 	fixation_2: autoDraw = True
13.5055 	EXP 	New trial (rep=3, index=0): None
13.5145 	EXP 	grating1_2: autoDraw = False
13.5145 	EXP 	fixation_2: autoDraw = False
13.5145 	EXP 	grating1: autoDraw = True
13.5145 	EXP 	fixation: autoDraw = True
14.0143 	EXP 	grating1: autoDraw = False
14.0143 	EXP 	fixation: autoDraw = False
14.0143 	EXP 	grating1_2: autoDraw = True
14.0143 	EXP 	fixation_2: autoDraw = True
14.4984 	EXP 	New trial (rep=4, index=0): None
14.5062 	EXP 	grating1_2: autoDraw = False
14.5062 	EXP 	fixation_2: autoDraw = False
14.5062 	EXP 	grating1_2: autoDraw = False
14.5062 	EXP 	fixation_2: autoDraw = False
14.5062 	EXP 	grating1: autoDraw = True
14.5062 	EXP 	fixation: autoDraw = True
15.0050 	EXP 	grating1: autoDraw = False
15.0050 	EXP 	fixation: autoDraw = False
15.0050 	EXP 	grating1: autoDraw = False
15.0050 	EXP 	fixation: autoDraw = False
15.0050 	EXP 	grating1_2: autoDraw = True
15.0050 	EXP 	fixation_2: autoDraw = True
15.4895 	EXP 	New trial (rep=5, index=0): None
15.4974 	EXP 	grating1_2: autoDraw = False
15.4974 	EXP 	fixation_2: autoDraw = False
15.4974 	EXP 	grating1_2: autoDraw = False
15.4974 	EXP 	fixation_2: autoDraw = False
15.4974 	EXP 	grating1: autoDraw = True
15.4974 	EXP 	fixation: autoDraw = True
15.9883 	EXP 	grating1: autoDraw = False
15.9883 	EXP 	fixation: autoDraw = False
15.9883 	EXP 	grating1: autoDraw = False
15.9883 	EXP 	fixation: autoDraw = False
15.9972 	EXP 	grating1_2: autoDraw = True
15.9972 	EXP 	fixation_2: autoDraw = True
16.4826 	EXP 	New trial (rep=6, index=0): None
16.4884 	EXP 	grating1_2: autoDraw = False
16.4884 	EXP 	fixation_2: autoDraw = False
16.4884 	EXP 	grating1_2: autoDraw = False
16.4884 	EXP 	fixation_2: autoDraw = False
16.4961 	EXP 	grating1: autoDraw = True
16.4961 	EXP 	fixation: autoDraw = True
16.9931 	EXP 	grating1: autoDraw = False
16.9931 	EXP 	fixation: autoDraw = False
16.9931 	EXP 	grating1: autoDraw = False
16.9931 	EXP 	fixation: autoDraw = False
16.9931 	EXP 	grating1_2: autoDraw = True
16.9931 	EXP 	fixation_2: autoDraw = True
17.4895 	EXP 	New trial (rep=7, index=0): None
17.5045 	EXP 	grating1_2: autoDraw = False
17.5045 	EXP 	fixation_2: autoDraw = False
17.5045 	EXP 	grating1_2: autoDraw = False
17.5045 	EXP 	fixation_2: autoDraw = False
17.5045 	EXP 	grating1: autoDraw = True
17.5045 	EXP 	fixation: autoDraw = True
17.9966 	EXP 	grating1: autoDraw = False
17.9966 	EXP 	fixation: autoDraw = False
17.9966 	EXP 	grating1: autoDraw = False
17.9966 	EXP 	fixation: autoDraw = False
17.9966 	EXP 	grating1_2: autoDraw = True
17.9966 	EXP 	fixation_2: autoDraw = True
18.4835 	EXP 	New trial (rep=8, index=0): None
18.4903 	EXP 	grating1_2: autoDraw = False
18.4903 	EXP 	fixation_2: autoDraw = False
18.4903 	EXP 	grating1_2: autoDraw = False
18.4903 	EXP 	fixation_2: autoDraw = False
18.5043 	EXP 	grating1: autoDraw = True
18.5043 	EXP 	fixation: autoDraw = True
18.9986 	EXP 	grating1: autoDraw = False
18.9986 	EXP 	fixation: autoDraw = False
18.9986 	EXP 	grating1: autoDraw = False
18.9986 	EXP 	fixation: autoDraw = False
18.9986 	EXP 	grating1_2: autoDraw = True
18.9986 	EXP 	fixation_2: autoDraw = True
19.4824 	EXP 	New trial (rep=9, index=0): None
19.4883 	EXP 	grating1_2: autoDraw = False
19.4883 	EXP 	fixation_2: autoDraw = False
19.4883 	EXP 	grating1_2: autoDraw = False
19.4883 	EXP 	fixation_2: autoDraw = False
19.4977 	EXP 	grating1: autoDraw = True
19.4977 	EXP 	fixation: autoDraw = True
19.9872 	EXP 	grating1: autoDraw = False
19.9872 	EXP 	fixation: autoDraw = False
19.9872 	EXP 	grating1: autoDraw = False
19.9872 	EXP 	fixation: autoDraw = False
19.9961 	EXP 	grating1_2: autoDraw = True
19.9961 	EXP 	fixation_2: autoDraw = True
20.4814 	EXP 	New trial (rep=10, index=0): None
20.4875 	EXP 	grating1_2: autoDraw = False
20.4875 	EXP 	fixation_2: autoDraw = False
20.4875 	EXP 	grating1_2: autoDraw = False
20.4875 	EXP 	fixation_2: autoDraw = False
20.4962 	EXP 	grating1: autoDraw = True
20.4962 	EXP 	fixation: autoDraw = True
20.9875 	EXP 	grating1: autoDraw = False
20.9875 	EXP 	fixation: autoDraw = False
20.9875 	EXP 	grating1: autoDraw = False
20.9875 	EXP 	fixation: autoDraw = False
20.9951 	EXP 	grating1_2: autoDraw = True
20.9951 	EXP 	fixation_2: autoDraw = True
21.4818 	EXP 	New trial (rep=11, index=0): None
21.4878 	EXP 	grating1_2: autoDraw = False
21.4878 	EXP 	fixation_2: autoDraw = False
21.4878 	EXP 	grating1_2: autoDraw = False
21.4878 	EXP 	fixation_2: autoDraw = False
21.4961 	EXP 	grating1: autoDraw = True
21.4961 	EXP 	fixation: autoDraw = True
21.9926 	EXP 	grating1: autoDraw = False
21.9926 	EXP 	fixation: autoDraw = False
21.9926 	EXP 	grating1: autoDraw = False
21.9926 	EXP 	fixation: autoDraw = False
21.9926 	EXP 	grating1_2: autoDraw = True
21.9926 	EXP 	fixation_2: autoDraw = True
22.4810 	EXP 	New trial (rep=12, index=0): None
22.4872 	EXP 	grating1_2: autoDraw = False
22.4872 	EXP 	fixation_2: autoDraw = False
22.4872 	EXP 	grating1_2: autoDraw = False
22.4872 	EXP 	fixation_2: autoDraw = False
22.4953 	EXP 	grating1: autoDraw = True
22.4953 	EXP 	fixation: autoDraw = True
22.9872 	EXP 	grating1: autoDraw = False
22.9872 	EXP 	fixation: autoDraw = False
22.9872 	EXP 	grating1: autoDraw = False
22.9872 	EXP 	fixation: autoDraw = False
22.9967 	EXP 	grating1_2: autoDraw = True
22.9967 	EXP 	fixation_2: autoDraw = True
23.4820 	EXP 	New trial (rep=13, index=0): None
23.4876 	EXP 	grating1_2: autoDraw = False
23.4876 	EXP 	fixation_2: autoDraw = False
23.4876 	EXP 	grating1_2: autoDraw = False
23.4876 	EXP 	fixation_2: autoDraw = False
23.4961 	EXP 	grating1: autoDraw = True
23.4961 	EXP 	fixation: autoDraw = True
23.9872 	EXP 	grating1: autoDraw = False
23.9872 	EXP 	fixation: autoDraw = False
23.9872 	EXP 	grating1: autoDraw = False
23.9872 	EXP 	fixation: autoDraw = False
23.9951 	EXP 	grating1_2: autoDraw = True
23.9951 	EXP 	fixation_2: autoDraw = True
24.4819 	EXP 	New trial (rep=14, index=0): None
24.4884 	EXP 	grating1_2: autoDraw = False
24.4884 	EXP 	fixation_2: autoDraw = False
24.4884 	EXP 	grating1_2: autoDraw = False
24.4884 	EXP 	fixation_2: autoDraw = False
24.4960 	EXP 	grating1: autoDraw = True
24.4960 	EXP 	fixation: autoDraw = True
24.9871 	EXP 	grating1: autoDraw = False
24.9871 	EXP 	fixation: autoDraw = False
24.9871 	EXP 	grating1: autoDraw = False
24.9871 	EXP 	fixation: autoDraw = False
24.9946 	EXP 	grating1_2: autoDraw = True
24.9946 	EXP 	fixation_2: autoDraw = True
25.4818 	EXP 	New trial (rep=15, index=0): None
25.4877 	EXP 	grating1_2: autoDraw = False
25.4877 	EXP 	fixation_2: autoDraw = False
25.4877 	EXP 	grating1_2: autoDraw = False
25.4877 	EXP 	fixation_2: autoDraw = False
25.4955 	EXP 	grating1: autoDraw = True
25.4955 	EXP 	fixation: autoDraw = True
25.9879 	EXP 	grating1: autoDraw = False
25.9879 	EXP 	fixation: autoDraw = False
25.9879 	EXP 	grating1: autoDraw = False
25.9879 	EXP 	fixation: autoDraw = False
25.9967 	EXP 	grating1_2: autoDraw = True
25.9967 	EXP 	fixation_2: autoDraw = True
26.4899 	EXP 	New trial (rep=16, index=0): None
26.4986 	EXP 	grating1_2: autoDraw = False
26.4986 	EXP 	fixation_2: autoDraw = False
26.4986 	EXP 	grating1_2: autoDraw = False
26.4986 	EXP 	fixation_2: autoDraw = False
26.4986 	EXP 	grating1: autoDraw = True
26.4986 	EXP 	fixation: autoDraw = True
26.9971 	EXP 	grating1: autoDraw = False
26.9971 	EXP 	fixation: autoDraw = False
26.9971 	EXP 	grating1: autoDraw = False
26.9971 	EXP 	fixation: autoDraw = False
26.9971 	EXP 	grating1_2: autoDraw = True
26.9971 	EXP 	fixation_2: autoDraw = True
27.4810 	EXP 	New trial (rep=17, index=0): None
27.4872 	EXP 	grating1_2: autoDraw = False
27.4872 	EXP 	fixation_2: autoDraw = False
27.4872 	EXP 	grating1_2: autoDraw = False
27.4872 	EXP 	fixation_2: autoDraw = False
27.4958 	EXP 	grating1: autoDraw = True
27.4958 	EXP 	fixation: autoDraw = True
27.9875 	EXP 	grating1: autoDraw = False
27.9875 	EXP 	fixation: autoDraw = False
27.9875 	EXP 	grating1: autoDraw = False
27.9875 	EXP 	fixation: autoDraw = False
27.9958 	EXP 	grating1_2: autoDraw = True
27.9958 	EXP 	fixation_2: autoDraw = True
28.4819 	EXP 	New trial (rep=18, index=0): None
28.4875 	EXP 	grating1_2: autoDraw = False
28.4875 	EXP 	fixation_2: autoDraw = False
28.4875 	EXP 	grating1_2: autoDraw = False
28.4875 	EXP 	fixation_2: autoDraw = False
28.4971 	EXP 	grating1: autoDraw = True
28.4971 	EXP 	fixation: autoDraw = True
28.9886 	EXP 	grating1: autoDraw = False
28.9886 	EXP 	fixation: autoDraw = False
28.9886 	EXP 	grating1: autoDraw = False
28.9886 	EXP 	fixation: autoDraw = False
28.9968 	EXP 	grating1_2: autoDraw = True
28.9968 	EXP 	fixation_2: autoDraw = True
29.4824 	EXP 	New trial (rep=19, index=0): None
29.4884 	EXP 	grating1_2: autoDraw = False
29.4884 	EXP 	fixation_2: autoDraw = False
29.4884 	EXP 	grating1_2: autoDraw = False
29.4884 	EXP 	fixation_2: autoDraw = False
29.4972 	EXP 	grating1: autoDraw = True
29.4972 	EXP 	fixation: autoDraw = True
29.9869 	EXP 	grating1: autoDraw = False
29.9869 	EXP 	fixation: autoDraw = False
29.9869 	EXP 	grating1: autoDraw = False
29.9869 	EXP 	fixation: autoDraw = False
29.9960 	EXP 	grating1_2: autoDraw = True
29.9960 	EXP 	fixation_2: autoDraw = True
30.4814 	EXP 	New trial (rep=20, index=0): None
30.4875 	EXP 	grating1_2: autoDraw = False
30.4875 	EXP 	fixation_2: autoDraw = False
30.4875 	EXP 	grating1_2: autoDraw = False
30.4875 	EXP 	fixation_2: autoDraw = False
30.4962 	EXP 	grating1: autoDraw = True
30.4962 	EXP 	fixation: autoDraw = True
30.9868 	EXP 	grating1: autoDraw = False
30.9868 	EXP 	fixation: autoDraw = False
30.9868 	EXP 	grating1: autoDraw = False
30.9868 	EXP 	fixation: autoDraw = False
30.9953 	EXP 	grating1_2: autoDraw = True
30.9953 	EXP 	fixation_2: autoDraw = True
31.4819 	EXP 	New trial (rep=21, index=0): None
31.4868 	EXP 	grating1_2: autoDraw = False
31.4868 	EXP 	fixation_2: autoDraw = False
31.4868 	EXP 	grating1_2: autoDraw = False
31.4868 	EXP 	fixation_2: autoDraw = False
31.4955 	EXP 	grating1: autoDraw = True
31.4955 	EXP 	fixation: autoDraw = True
31.9873 	EXP 	grating1: autoDraw = False
31.9873 	EXP 	fixation: autoDraw = False
31.9873 	EXP 	grating1: autoDraw = False
31.9873 	EXP 	fixation: autoDraw = False
31.9962 	EXP 	grating1_2: autoDraw = True
31.9962 	EXP 	fixation_2: autoDraw = True
32.4800 	EXP 	New trial (rep=22, index=0): None
32.4875 	EXP 	grating1_2: autoDraw = False
32.4875 	EXP 	fixation_2: autoDraw = False
32.4875 	EXP 	grating1_2: autoDraw = False
32.4875 	EXP 	fixation_2: autoDraw = False
32.4965 	EXP 	grating1: autoDraw = True
32.4965 	EXP 	fixation: autoDraw = True
32.9875 	EXP 	grating1: autoDraw = False
32.9875 	EXP 	fixation: autoDraw = False
32.9875 	EXP 	grating1: autoDraw = False
32.9875 	EXP 	fixation: autoDraw = False
32.9969 	EXP 	grating1_2: autoDraw = True
32.9969 	EXP 	fixation_2: autoDraw = True
33.4907 	EXP 	New trial (rep=23, index=0): None
33.4996 	EXP 	grating1_2: autoDraw = False
33.4996 	EXP 	fixation_2: autoDraw = False
33.4996 	EXP 	grating1_2: autoDraw = False
33.4996 	EXP 	fixation_2: autoDraw = False
33.4996 	EXP 	grating1: autoDraw = True
33.4996 	EXP 	fixation: autoDraw = True
33.9988 	EXP 	grating1: autoDraw = False
33.9988 	EXP 	fixation: autoDraw = False
33.9988 	EXP 	grating1: autoDraw = False
33.9988 	EXP 	fixation: autoDraw = False
33.9988 	EXP 	grating1_2: autoDraw = True
33.9988 	EXP 	fixation_2: autoDraw = True
34.4834 	EXP 	New trial (rep=24, index=0): None
34.4895 	EXP 	grating1_2: autoDraw = False
34.4895 	EXP 	fixation_2: autoDraw = False
34.4895 	EXP 	grating1_2: autoDraw = False
34.4895 	EXP 	fixation_2: autoDraw = False
34.5043 	EXP 	grating1: autoDraw = True
34.5043 	EXP 	fixation: autoDraw = True
34.9982 	EXP 	grating1: autoDraw = False
34.9982 	EXP 	fixation: autoDraw = False
34.9982 	EXP 	grating1: autoDraw = False
34.9982 	EXP 	fixation: autoDraw = False
34.9982 	EXP 	grating1_2: autoDraw = True
34.9982 	EXP 	fixation_2: autoDraw = True
35.4890 	EXP 	New trial (rep=25, index=0): None
35.4960 	EXP 	grating1_2: autoDraw = False
35.4960 	EXP 	fixation_2: autoDraw = False
35.4960 	EXP 	grating1_2: autoDraw = False
35.4960 	EXP 	fixation_2: autoDraw = False
35.4960 	EXP 	grating1: autoDraw = True
35.4960 	EXP 	fixation: autoDraw = True
35.9979 	EXP 	grating1: autoDraw = False
35.9979 	EXP 	fixation: autoDraw = False
35.9979 	EXP 	grating1: autoDraw = False
35.9979 	EXP 	fixation: autoDraw = False
35.9979 	EXP 	grating1_2: autoDraw = True
35.9979 	EXP 	fixation_2: autoDraw = True
36.4891 	EXP 	New trial (rep=26, index=0): None
36.4975 	EXP 	grating1_2: autoDraw = False
36.4975 	EXP 	fixation_2: autoDraw = False
36.4975 	EXP 	grating1_2: autoDraw = False
36.4975 	EXP 	fixation_2: autoDraw = False
36.4975 	EXP 	grating1: autoDraw = True
36.4975 	EXP 	fixation: autoDraw = True
36.9873 	EXP 	grating1: autoDraw = False
36.9873 	EXP 	fixation: autoDraw = False
36.9873 	EXP 	grating1: autoDraw = False
36.9873 	EXP 	fixation: autoDraw = False
36.9958 	EXP 	grating1_2: autoDraw = True
36.9958 	EXP 	fixation_2: autoDraw = True
37.4813 	EXP 	New trial (rep=27, index=0): None
37.4874 	EXP 	grating1_2: autoDraw = False
37.4874 	EXP 	fixation_2: autoDraw = False
37.4874 	EXP 	grating1_2: autoDraw = False
37.4874 	EXP 	fixation_2: autoDraw = False
37.4961 	EXP 	grating1: autoDraw = True
37.4961 	EXP 	fixation: autoDraw = True
37.9873 	EXP 	grating1: autoDraw = False
37.9873 	EXP 	fixation: autoDraw = False
37.9873 	EXP 	grating1: autoDraw = False
37.9873 	EXP 	fixation: autoDraw = False
37.9963 	EXP 	grating1_2: autoDraw = True
37.9963 	EXP 	fixation_2: autoDraw = True
38.4807 	EXP 	New trial (rep=28, index=0): None
38.4875 	EXP 	grating1_2: autoDraw = False
38.4875 	EXP 	fixation_2: autoDraw = False
38.4875 	EXP 	grating1_2: autoDraw = False
38.4875 	EXP 	fixation_2: autoDraw = False
38.4958 	EXP 	grating1: autoDraw = True
38.4958 	EXP 	fixation: autoDraw = True
38.9873 	EXP 	grating1: autoDraw = False
38.9873 	EXP 	fixation: autoDraw = False
38.9873 	EXP 	grating1: autoDraw = False
38.9873 	EXP 	fixation: autoDraw = False
38.9959 	EXP 	grating1_2: autoDraw = True
38.9959 	EXP 	fixation_2: autoDraw = True
39.4827 	EXP 	New trial (rep=29, index=0): None
39.5043 	EXP 	grating1_2: autoDraw = False
39.5043 	EXP 	fixation_2: autoDraw = False
39.5043 	EXP 	grating1_2: autoDraw = False
39.5043 	EXP 	fixation_2: autoDraw = False
39.5213 	EXP 	grating1: autoDraw = True
39.5213 	EXP 	fixation: autoDraw = True
40.0144 	EXP 	grating1: autoDraw = False
40.0144 	EXP 	fixation: autoDraw = False
40.0144 	EXP 	grating1_2: autoDraw = True
40.0144 	EXP 	fixation_2: autoDraw = True
40.4991 	EXP 	New trial (rep=30, index=0): None
40.5070 	EXP 	grating1_2: autoDraw = False
40.5070 	EXP 	fixation_2: autoDraw = False
40.5070 	EXP 	grating1_2: autoDraw = False
40.5070 	EXP 	fixation_2: autoDraw = False
40.5070 	EXP 	grating1: autoDraw = True
40.5070 	EXP 	fixation: autoDraw = True
41.0058 	EXP 	grating1: autoDraw = False
41.0058 	EXP 	fixation: autoDraw = False
41.0058 	EXP 	grating1: autoDraw = False
41.0058 	EXP 	fixation: autoDraw = False
41.0058 	EXP 	grating1_2: autoDraw = True
41.0058 	EXP 	fixation_2: autoDraw = True
41.4976 	EXP 	New trial (rep=31, index=0): None
41.5057 	EXP 	grating1_2: autoDraw = False
41.5057 	EXP 	fixation_2: autoDraw = False
41.5057 	EXP 	grating1_2: autoDraw = False
41.5057 	EXP 	fixation_2: autoDraw = False
41.5057 	EXP 	grating1: autoDraw = True
41.5057 	EXP 	fixation: autoDraw = True
41.9987 	EXP 	grating1: autoDraw = False
41.9987 	EXP 	fixation: autoDraw = False
41.9987 	EXP 	grating1: autoDraw = False
41.9987 	EXP 	fixation: autoDraw = False
41.9987 	EXP 	grating1_2: autoDraw = True
41.9987 	EXP 	fixation_2: autoDraw = True
42.4832 	EXP 	New trial (rep=32, index=0): None
42.4898 	EXP 	grating1_2: autoDraw = False
42.4898 	EXP 	fixation_2: autoDraw = False
42.4898 	EXP 	grating1_2: autoDraw = False
42.4898 	EXP 	fixation_2: autoDraw = False
42.5045 	EXP 	grating1: autoDraw = True
42.5045 	EXP 	fixation: autoDraw = True
42.9975 	EXP 	grating1: autoDraw = False
42.9975 	EXP 	fixation: autoDraw = False
42.9975 	EXP 	grating1: autoDraw = False
42.9975 	EXP 	fixation: autoDraw = False
42.9975 	EXP 	grating1_2: autoDraw = True
42.9975 	EXP 	fixation_2: autoDraw = True
43.4815 	EXP 	New trial (rep=33, index=0): None
43.4874 	EXP 	grating1_2: autoDraw = False
43.4874 	EXP 	fixation_2: autoDraw = False
43.4874 	EXP 	grating1_2: autoDraw = False
43.4874 	EXP 	fixation_2: autoDraw = False
43.4958 	EXP 	grating1: autoDraw = True
43.4958 	EXP 	fixation: autoDraw = True
43.9875 	EXP 	grating1: autoDraw = False
43.9875 	EXP 	fixation: autoDraw = False
43.9875 	EXP 	grating1: autoDraw = False
43.9875 	EXP 	fixation: autoDraw = False
43.9959 	EXP 	grating1_2: autoDraw = True
43.9959 	EXP 	fixation_2: autoDraw = True
44.4815 	EXP 	New trial (rep=34, index=0): None
44.4869 	EXP 	grating1_2: autoDraw = False
44.4869 	EXP 	fixation_2: autoDraw = False
44.4869 	EXP 	grating1_2: autoDraw = False
44.4869 	EXP 	fixation_2: autoDraw = False
44.4956 	EXP 	grating1: autoDraw = True
44.4956 	EXP 	fixation: autoDraw = True
44.9870 	EXP 	grating1: autoDraw = False
44.9870 	EXP 	fixation: autoDraw = False
44.9870 	EXP 	grating1: autoDraw = False
44.9870 	EXP 	fixation: autoDraw = False
44.9964 	EXP 	grating1_2: autoDraw = True
44.9964 	EXP 	fixation_2: autoDraw = True
45.4823 	EXP 	New trial (rep=35, index=0): None
45.4881 	EXP 	grating1_2: autoDraw = False
45.4881 	EXP 	fixation_2: autoDraw = False
45.4881 	EXP 	grating1_2: autoDraw = False
45.4881 	EXP 	fixation_2: autoDraw = False
45.4966 	EXP 	grating1: autoDraw = True
45.4966 	EXP 	fixation: autoDraw = True
45.9873 	EXP 	grating1: autoDraw = False
45.9873 	EXP 	fixation: autoDraw = False
45.9873 	EXP 	grating1: autoDraw = False
45.9873 	EXP 	fixation: autoDraw = False
45.9953 	EXP 	grating1_2: autoDraw = True
45.9953 	EXP 	fixation_2: autoDraw = True
46.4802 	EXP 	New trial (rep=36, index=0): None
46.4876 	EXP 	grating1_2: autoDraw = False
46.4876 	EXP 	fixation_2: autoDraw = False
46.4876 	EXP 	grating1_2: autoDraw = False
46.4876 	EXP 	fixation_2: autoDraw = False
46.4963 	EXP 	grating1: autoDraw = True
46.4963 	EXP 	fixation: autoDraw = True
46.9874 	EXP 	grating1: autoDraw = False
46.9874 	EXP 	fixation: autoDraw = False
46.9874 	EXP 	grating1: autoDraw = False
46.9874 	EXP 	fixation: autoDraw = False
46.9968 	EXP 	grating1_2: autoDraw = True
46.9968 	EXP 	fixation_2: autoDraw = True
47.4834 	EXP 	New trial (rep=37, index=0): None
47.4920 	EXP 	grating1_2: autoDraw = False
47.4920 	EXP 	fixation_2: autoDraw = False
47.4920 	EXP 	grating1_2: autoDraw = False
47.4920 	EXP 	fixation_2: autoDraw = False
47.4920 	EXP 	grating1: autoDraw = True
47.4920 	EXP 	fixation: autoDraw = True
47.9876 	EXP 	grating1: autoDraw = False
47.9876 	EXP 	fixation: autoDraw = False
47.9876 	EXP 	grating1: autoDraw = False
47.9876 	EXP 	fixation: autoDraw = False
47.9964 	EXP 	grating1_2: autoDraw = True
47.9964 	EXP 	fixation_2: autoDraw = True
48.4821 	EXP 	New trial (rep=38, index=0): None
48.4868 	EXP 	grating1_2: autoDraw = False
48.4868 	EXP 	fixation_2: autoDraw = False
48.4868 	EXP 	grating1_2: autoDraw = False
48.4868 	EXP 	fixation_2: autoDraw = False
48.4953 	EXP 	grating1: autoDraw = True
48.4953 	EXP 	fixation: autoDraw = True
48.9874 	EXP 	grating1: autoDraw = False
48.9874 	EXP 	fixation: autoDraw = False
48.9874 	EXP 	grating1: autoDraw = False
48.9874 	EXP 	fixation: autoDraw = False
48.9971 	EXP 	grating1_2: autoDraw = True
48.9971 	EXP 	fixation_2: autoDraw = True
49.4821 	EXP 	New trial (rep=39, index=0): None
49.4879 	EXP 	grating1_2: autoDraw = False
49.4879 	EXP 	fixation_2: autoDraw = False
49.4879 	EXP 	grating1_2: autoDraw = False
49.4879 	EXP 	fixation_2: autoDraw = False
49.4959 	EXP 	grating1: autoDraw = True
49.4959 	EXP 	fixation: autoDraw = True
49.9878 	EXP 	grating1: autoDraw = False
49.9878 	EXP 	fixation: autoDraw = False
49.9878 	EXP 	grating1: autoDraw = False
49.9878 	EXP 	fixation: autoDraw = False
49.9967 	EXP 	grating1_2: autoDraw = True
49.9967 	EXP 	fixation_2: autoDraw = True
50.4813 	EXP 	New trial (rep=40, index=0): None
50.4874 	EXP 	grating1_2: autoDraw = False
50.4874 	EXP 	fixation_2: autoDraw = False
50.4874 	EXP 	grating1_2: autoDraw = False
50.4874 	EXP 	fixation_2: autoDraw = False
50.4951 	EXP 	grating1: autoDraw = True
50.4951 	EXP 	fixation: autoDraw = True
50.9874 	EXP 	grating1: autoDraw = False
50.9874 	EXP 	fixation: autoDraw = False
50.9874 	EXP 	grating1: autoDraw = False
50.9874 	EXP 	fixation: autoDraw = False
50.9946 	EXP 	grating1_2: autoDraw = True
50.9946 	EXP 	fixation_2: autoDraw = True
51.4819 	EXP 	New trial (rep=41, index=0): None
51.4875 	EXP 	grating1_2: autoDraw = False
51.4875 	EXP 	fixation_2: autoDraw = False
51.4875 	EXP 	grating1_2: autoDraw = False
51.4875 	EXP 	fixation_2: autoDraw = False
51.4955 	EXP 	grating1: autoDraw = True
51.4955 	EXP 	fixation: autoDraw = True
51.9874 	EXP 	grating1: autoDraw = False
51.9874 	EXP 	fixation: autoDraw = False
51.9874 	EXP 	grating1: autoDraw = False
51.9874 	EXP 	fixation: autoDraw = False
51.9966 	EXP 	grating1_2: autoDraw = True
51.9966 	EXP 	fixation_2: autoDraw = True
52.4804 	EXP 	New trial (rep=42, index=0): None
52.4878 	EXP 	grating1_2: autoDraw = False
52.4878 	EXP 	fixation_2: autoDraw = False
52.4878 	EXP 	grating1_2: autoDraw = False
52.4878 	EXP 	fixation_2: autoDraw = False
52.4968 	EXP 	grating1: autoDraw = True
52.4968 	EXP 	fixation: autoDraw = True
52.9934 	EXP 	grating1: autoDraw = False
52.9934 	EXP 	fixation: autoDraw = False
52.9934 	EXP 	grating1: autoDraw = False
52.9934 	EXP 	fixation: autoDraw = False
52.9934 	EXP 	grating1_2: autoDraw = True
52.9934 	EXP 	fixation_2: autoDraw = True
53.4830 	EXP 	New trial (rep=43, index=0): None
53.5047 	EXP 	grating1_2: autoDraw = False
53.5047 	EXP 	fixation_2: autoDraw = False
53.5047 	EXP 	grating1_2: autoDraw = False
53.5047 	EXP 	fixation_2: autoDraw = False
53.5047 	EXP 	grating1: autoDraw = True
53.5047 	EXP 	fixation: autoDraw = True
53.9979 	EXP 	grating1: autoDraw = False
53.9979 	EXP 	fixation: autoDraw = False
53.9979 	EXP 	grating1: autoDraw = False
53.9979 	EXP 	fixation: autoDraw = False
53.9979 	EXP 	grating1_2: autoDraw = True
53.9979 	EXP 	fixation_2: autoDraw = True
54.4836 	EXP 	New trial (rep=44, index=0): None
54.4924 	EXP 	grating1_2: autoDraw = False
54.4924 	EXP 	fixation_2: autoDraw = False
54.4924 	EXP 	grating1_2: autoDraw = False
54.4924 	EXP 	fixation_2: autoDraw = False
54.4924 	EXP 	grating1: autoDraw = True
54.4924 	EXP 	fixation: autoDraw = True
54.9879 	EXP 	grating1: autoDraw = False
54.9879 	EXP 	fixation: autoDraw = False
54.9879 	EXP 	grating1: autoDraw = False
54.9879 	EXP 	fixation: autoDraw = False
54.9967 	EXP 	grating1_2: autoDraw = True
54.9967 	EXP 	fixation_2: autoDraw = True
55.4803 	EXP 	New trial (rep=45, index=0): None
55.4877 	EXP 	grating1_2: autoDraw = False
55.4877 	EXP 	fixation_2: autoDraw = False
55.4877 	EXP 	grating1_2: autoDraw = False
55.4877 	EXP 	fixation_2: autoDraw = False
55.4970 	EXP 	grating1: autoDraw = True
55.4970 	EXP 	fixation: autoDraw = True
55.9877 	EXP 	grating1: autoDraw = False
55.9877 	EXP 	fixation: autoDraw = False
55.9877 	EXP 	grating1: autoDraw = False
55.9877 	EXP 	fixation: autoDraw = False
55.9973 	EXP 	grating1_2: autoDraw = True
55.9973 	EXP 	fixation_2: autoDraw = True
56.4815 	EXP 	New trial (rep=46, index=0): None
56.4876 	EXP 	grating1_2: autoDraw = False
56.4876 	EXP 	fixation_2: autoDraw = False
56.4876 	EXP 	grating1_2: autoDraw = False
56.4876 	EXP 	fixation_2: autoDraw = False
56.4971 	EXP 	grating1: autoDraw = True
56.4971 	EXP 	fixation: autoDraw = True
56.9874 	EXP 	grating1: autoDraw = False
56.9874 	EXP 	fixation: autoDraw = False
56.9874 	EXP 	grating1: autoDraw = False
56.9874 	EXP 	fixation: autoDraw = False
56.9948 	EXP 	grating1_2: autoDraw = True
56.9948 	EXP 	fixation_2: autoDraw = True
57.4810 	EXP 	New trial (rep=47, index=0): None
57.4875 	EXP 	grating1_2: autoDraw = False
57.4875 	EXP 	fixation_2: autoDraw = False
57.4875 	EXP 	grating1_2: autoDraw = False
57.4875 	EXP 	fixation_2: autoDraw = False
57.4962 	EXP 	grating1: autoDraw = True
57.4962 	EXP 	fixation: autoDraw = True
57.9871 	EXP 	grating1: autoDraw = False
57.9871 	EXP 	fixation: autoDraw = False
57.9871 	EXP 	grating1: autoDraw = False
57.9871 	EXP 	fixation: autoDraw = False
57.9964 	EXP 	grating1_2: autoDraw = True
57.9964 	EXP 	fixation_2: autoDraw = True
58.4808 	EXP 	New trial (rep=48, index=0): None
58.4874 	EXP 	grating1_2: autoDraw = False
58.4874 	EXP 	fixation_2: autoDraw = False
58.4874 	EXP 	grating1_2: autoDraw = False
58.4874 	EXP 	fixation_2: autoDraw = False
58.4949 	EXP 	grating1: autoDraw = True
58.4949 	EXP 	fixation: autoDraw = True
59.0049 	EXP 	grating1: autoDraw = False
59.0049 	EXP 	fixation: autoDraw = False
59.0049 	EXP 	grating1: autoDraw = False
59.0049 	EXP 	fixation: autoDraw = False
59.0049 	EXP 	grating1_2: autoDraw = True
59.0049 	EXP 	fixation_2: autoDraw = True
59.4909 	EXP 	New trial (rep=49, index=0): None
59.4990 	EXP 	grating1_2: autoDraw = False
59.4990 	EXP 	fixation_2: autoDraw = False
59.4990 	EXP 	grating1_2: autoDraw = False
59.4990 	EXP 	fixation_2: autoDraw = False
59.4990 	EXP 	grating1: autoDraw = True
59.4990 	EXP 	fixation: autoDraw = True
59.9970 	EXP 	grating1: autoDraw = False
59.9970 	EXP 	fixation: autoDraw = False
59.9970 	EXP 	grating1: autoDraw = False
59.9970 	EXP 	fixation: autoDraw = False
59.9970 	EXP 	grating1_2: autoDraw = True
59.9970 	EXP 	fixation_2: autoDraw = True
60.4875 	EXP 	grating1_2: autoDraw = False
60.4875 	EXP 	fixation_2: autoDraw = False
60.4875 	EXP 	grating1_2: autoDraw = False
60.4875 	EXP 	fixation_2: autoDraw = False
60.5513 	EXP 	window1: mouseVisible = True
