1.3943 	WARNING 	We strongly recommend you activate the PTB sound engine in PsychoPy prefs as the preferred audio engine. Its timing is vastly superior. Your prefs are currently set to use ['sounddevice', 'PTB', 'pyo', 'pygame'] (in that order).
7.8198 	WARNING 	User requested fullscreen with size [1024  768], but screen is actually [1440, 900]. Using actual size
9.2109 	WARNING 	Couldn't measure a consistent frame rate!
  - Is your graphics card set to sync to vertical blank?
  - Are you running other processes on your computer?

9.2128 	EXP 	Created window1 = Window(allowGUI=True, allowStencil=False, autoLog=True, backendConf=UNKNOWN, bitsMode=UNKNOWN, blendMode='avg', bpc=(8, 8, 8), color=array([0, 0, 0]), colorSpace='rgb', depthBits=8, fullscr=<method-wrapper '__getattribute__' of attributeSetter object at 0x7fb5d335ebe0>, gamma=None, gammaErrorPolicy='raise', lms=UNKNOWN, monitor=<psychopy.monitors.calibTools.Monitor object at 0x7fb5b73ed550>, multiSample=False, name='window1', numSamples=2, pos=[360.0, 225.0], screen=0, size=array([2880, 1800]), stencilBits=0, stereo=False, units='height', useFBO=True, useRetina=True, viewOri=0.0, viewPos=None, viewScale=None, waitBlanking=True, winType='pyglet')
9.2132 	EXP 	window1: mouseVisible = True
9.2140 	EXP 	window1: mouseVisible = False
9.2141 	EXP 	window1: Attempting to measure frame rate of screen (0) ...
9.2141 	EXP 	window1: recordFrameIntervals = False
9.3070 	EXP 	window1: recordFrameIntervals = True
10.1510 	WARNING 	Couldn't measure a consistent frame rate!
  - Is your graphics card set to sync to vertical blank?
  - Are you running other processes on your computer?

12.6567 	EXP 	Created image = ImageStim(__class__=<class 'psychopy.visual.image.ImageStim'>, anchor=('center', 'center'), autoLog=True, color=array([1, 1, 1]), colorSpace='rgb', contrast=1.0, depth=-1.0, flipHoriz=False, flipVert=False, image=str(...), interpolate=True, mask=None, maskParams=None, name='image', opacity=1.0, ori=0.0, pos=array([0., 0.]), size=array([1.5, 1.5]), texRes=128.0, units='height', win=Window(...))
12.6647 	EXP 	Created fixation = ShapeStim(__class__=<class 'psychopy.visual.shape.ShapeStim'>, anchor=('center', 'center'), autoDraw=False, autoLog=True, closeShape=True, color=method-wrapper(...), colorSpace='rgb', contrast=None, depth=-2.0, fillColor=array([ 1, -1, -1]), fillColorSpace='rgb', fillRGB=array([ 1, -1, -1]), interpolate=True, lineColor=array([ 1, -1, -1]), lineColorSpace='rgb', lineRGB=array([ 1, -1, -1]), lineWidth=1.0, name='fixation', opacity=1.0, ori=0.0, pos=array([0., 0.]), size=array([0.01, 0.01]), units='height', vertices=ndarray(...), win=Window(...), windingRule=None)
12.9493 	EXP 	Created image_2 = ImageStim(__class__=<class 'psychopy.visual.image.ImageStim'>, anchor=('center', 'center'), autoLog=True, color=array([1, 1, 1]), colorSpace='rgb', contrast=1.0, depth=-1.0, flipHoriz=False, flipVert=False, image=str(...), interpolate=True, mask=None, maskParams=None, name='image_2', opacity=1.0, ori=0.0, pos=array([0., 0.]), size=array([1.5, 1.5]), texRes=128.0, units='height', win=Window(...))
12.9527 	EXP 	Created fixation_2 = ShapeStim(__class__=<class 'psychopy.visual.shape.ShapeStim'>, anchor=('center', 'center'), autoDraw=False, autoLog=True, closeShape=True, color=method-wrapper(...), colorSpace='rgb', contrast=None, depth=-2.0, fillColor=array([ 1, -1, -1]), fillColorSpace='rgb', fillRGB=array([ 1, -1, -1]), interpolate=True, lineColor=array([ 1, -1, -1]), lineColorSpace='rgb', lineRGB=array([ 1, -1, -1]), lineWidth=1.0, name='fixation_2', opacity=1.0, ori=0.0, pos=array([0., 0.]), size=array([0.01, 0.01]), units='height', vertices=ndarray(...), win=Window(...), windingRule=None)
12.9562 	EXP 	Created sequence: random, trialTypes=1, nReps=100, seed=None
12.9568 	EXP 	New trial (rep=0, index=0): None
13.0170 	WARNING 	t of last frame was 2866.28ms (=1/0)
13.0170 	EXP 	image: autoDraw = True
13.0170 	EXP 	fixation: autoDraw = True
13.2004 	WARNING 	t of last frame was 25.78ms (=1/38)
13.2004 	EXP 	image: autoDraw = False
13.2004 	EXP 	fixation: autoDraw = False
13.2004 	EXP 	image: autoDraw = False
13.2004 	EXP 	fixation: autoDraw = False
13.2004 	EXP 	image_2: autoDraw = True
13.2004 	EXP 	fixation_2: autoDraw = True
13.3509 	EXP 	New trial (rep=1, index=0): None
13.3586 	EXP 	image_2: autoDraw = False
13.3586 	EXP 	fixation_2: autoDraw = False
13.3586 	EXP 	image_2: autoDraw = False
13.3586 	EXP 	fixation_2: autoDraw = False
13.3586 	EXP 	image: autoDraw = True
13.3586 	EXP 	fixation: autoDraw = True
13.5260 	EXP 	image: autoDraw = False
13.5260 	EXP 	fixation: autoDraw = False
13.5260 	EXP 	image: autoDraw = False
13.5260 	EXP 	fixation: autoDraw = False
13.5260 	EXP 	image_2: autoDraw = True
13.5260 	EXP 	fixation_2: autoDraw = True
13.6593 	WARNING 	t of last frame was 22.13ms (=1/45)
13.6791 	EXP 	New trial (rep=2, index=0): None
13.6896 	EXP 	image_2: autoDraw = False
13.6896 	EXP 	fixation_2: autoDraw = False
13.6896 	EXP 	image_2: autoDraw = False
13.6896 	EXP 	fixation_2: autoDraw = False
13.6896 	EXP 	image: autoDraw = True
13.6896 	EXP 	fixation: autoDraw = True
13.8526 	EXP 	image: autoDraw = False
13.8526 	EXP 	fixation: autoDraw = False
13.8526 	EXP 	image: autoDraw = False
13.8526 	EXP 	fixation: autoDraw = False
13.8526 	EXP 	image_2: autoDraw = True
13.8526 	EXP 	fixation_2: autoDraw = True
13.9427 	WARNING 	t of last frame was 22.11ms (=1/45)
14.0074 	EXP 	New trial (rep=3, index=0): None
14.0165 	EXP 	image_2: autoDraw = False
14.0165 	EXP 	fixation_2: autoDraw = False
14.0165 	EXP 	image_2: autoDraw = False
14.0165 	EXP 	fixation_2: autoDraw = False
14.0165 	EXP 	image: autoDraw = True
14.0165 	EXP 	fixation: autoDraw = True
14.1942 	EXP 	image: autoDraw = False
14.1942 	EXP 	fixation: autoDraw = False
14.1942 	EXP 	image: autoDraw = False
14.1942 	EXP 	fixation: autoDraw = False
14.1942 	EXP 	image_2: autoDraw = True
14.1942 	EXP 	fixation_2: autoDraw = True
14.3499 	EXP 	New trial (rep=4, index=0): None
14.3594 	EXP 	image_2: autoDraw = False
14.3594 	EXP 	fixation_2: autoDraw = False
14.3594 	EXP 	image_2: autoDraw = False
14.3594 	EXP 	fixation_2: autoDraw = False
14.3594 	EXP 	image: autoDraw = True
14.3594 	EXP 	fixation: autoDraw = True
14.5189 	EXP 	image: autoDraw = False
14.5189 	EXP 	fixation: autoDraw = False
14.5189 	EXP 	image: autoDraw = False
14.5189 	EXP 	fixation: autoDraw = False
14.5189 	EXP 	image_2: autoDraw = True
14.5189 	EXP 	fixation_2: autoDraw = True
14.6707 	EXP 	New trial (rep=5, index=0): None
14.6783 	EXP 	image_2: autoDraw = False
14.6783 	EXP 	fixation_2: autoDraw = False
14.6783 	EXP 	image_2: autoDraw = False
14.6783 	EXP 	fixation_2: autoDraw = False
14.6783 	EXP 	image: autoDraw = True
14.6783 	EXP 	fixation: autoDraw = True
14.8449 	EXP 	image: autoDraw = False
14.8449 	EXP 	fixation: autoDraw = False
14.8449 	EXP 	image: autoDraw = False
14.8449 	EXP 	fixation: autoDraw = False
14.8449 	EXP 	image_2: autoDraw = True
14.8449 	EXP 	fixation_2: autoDraw = True
14.8761 	WARNING 	Multiple dropped frames have occurred - I'll stop bothering you about them!
14.9980 	EXP 	New trial (rep=6, index=0): None
15.0071 	EXP 	image_2: autoDraw = False
15.0071 	EXP 	fixation_2: autoDraw = False
15.0071 	EXP 	image_2: autoDraw = False
15.0071 	EXP 	fixation_2: autoDraw = False
15.0071 	EXP 	image: autoDraw = True
15.0071 	EXP 	fixation: autoDraw = True
15.1781 	EXP 	image: autoDraw = False
15.1781 	EXP 	fixation: autoDraw = False
15.1781 	EXP 	image: autoDraw = False
15.1781 	EXP 	fixation: autoDraw = False
15.1781 	EXP 	image_2: autoDraw = True
15.1781 	EXP 	fixation_2: autoDraw = True
15.3292 	EXP 	New trial (rep=7, index=0): None
15.3436 	EXP 	image_2: autoDraw = False
15.3436 	EXP 	fixation_2: autoDraw = False
15.3436 	EXP 	image_2: autoDraw = False
15.3436 	EXP 	fixation_2: autoDraw = False
15.3436 	EXP 	image: autoDraw = True
15.3436 	EXP 	fixation: autoDraw = True
15.5065 	EXP 	image: autoDraw = False
15.5065 	EXP 	fixation: autoDraw = False
15.5065 	EXP 	image: autoDraw = False
15.5065 	EXP 	fixation: autoDraw = False
15.5065 	EXP 	image_2: autoDraw = True
15.5065 	EXP 	fixation_2: autoDraw = True
15.6651 	EXP 	New trial (rep=8, index=0): None
15.6774 	EXP 	image_2: autoDraw = False
15.6774 	EXP 	fixation_2: autoDraw = False
15.6774 	EXP 	image_2: autoDraw = False
15.6774 	EXP 	fixation_2: autoDraw = False
15.6774 	EXP 	image: autoDraw = True
15.6774 	EXP 	fixation: autoDraw = True
15.8429 	EXP 	image: autoDraw = False
15.8429 	EXP 	fixation: autoDraw = False
15.8429 	EXP 	image: autoDraw = False
15.8429 	EXP 	fixation: autoDraw = False
15.8429 	EXP 	image_2: autoDraw = True
15.8429 	EXP 	fixation_2: autoDraw = True
15.9978 	EXP 	New trial (rep=9, index=0): None
16.0076 	EXP 	image_2: autoDraw = False
16.0076 	EXP 	fixation_2: autoDraw = False
16.0076 	EXP 	image_2: autoDraw = False
16.0076 	EXP 	fixation_2: autoDraw = False
16.0076 	EXP 	image: autoDraw = True
16.0076 	EXP 	fixation: autoDraw = True
16.1766 	EXP 	image: autoDraw = False
16.1766 	EXP 	fixation: autoDraw = False
16.1766 	EXP 	image: autoDraw = False
16.1766 	EXP 	fixation: autoDraw = False
16.1766 	EXP 	image_2: autoDraw = True
16.1766 	EXP 	fixation_2: autoDraw = True
16.3290 	EXP 	New trial (rep=10, index=0): None
16.3376 	EXP 	image_2: autoDraw = False
16.3376 	EXP 	fixation_2: autoDraw = False
16.3376 	EXP 	image_2: autoDraw = False
16.3376 	EXP 	fixation_2: autoDraw = False
16.3376 	EXP 	image: autoDraw = True
16.3376 	EXP 	fixation: autoDraw = True
16.5043 	EXP 	image: autoDraw = False
16.5043 	EXP 	fixation: autoDraw = False
16.5043 	EXP 	image: autoDraw = False
16.5043 	EXP 	fixation: autoDraw = False
16.5043 	EXP 	image_2: autoDraw = True
16.5043 	EXP 	fixation_2: autoDraw = True
16.6563 	EXP 	New trial (rep=11, index=0): None
16.6665 	EXP 	image_2: autoDraw = False
16.6665 	EXP 	fixation_2: autoDraw = False
16.6665 	EXP 	image_2: autoDraw = False
16.6665 	EXP 	fixation_2: autoDraw = False
16.6665 	EXP 	image: autoDraw = True
16.6665 	EXP 	fixation: autoDraw = True
16.8426 	EXP 	image: autoDraw = False
16.8426 	EXP 	fixation: autoDraw = False
16.8426 	EXP 	image: autoDraw = False
16.8426 	EXP 	fixation: autoDraw = False
16.8426 	EXP 	image_2: autoDraw = True
16.8426 	EXP 	fixation_2: autoDraw = True
16.9963 	EXP 	New trial (rep=12, index=0): None
17.0096 	EXP 	image_2: autoDraw = False
17.0096 	EXP 	fixation_2: autoDraw = False
17.0096 	EXP 	image_2: autoDraw = False
17.0096 	EXP 	fixation_2: autoDraw = False
17.0096 	EXP 	image: autoDraw = True
17.0096 	EXP 	fixation: autoDraw = True
17.1724 	EXP 	image: autoDraw = False
17.1724 	EXP 	fixation: autoDraw = False
17.1724 	EXP 	image: autoDraw = False
17.1724 	EXP 	fixation: autoDraw = False
17.1724 	EXP 	image_2: autoDraw = True
17.1724 	EXP 	fixation_2: autoDraw = True
17.3330 	EXP 	New trial (rep=13, index=0): None
17.3413 	EXP 	image_2: autoDraw = False
17.3413 	EXP 	fixation_2: autoDraw = False
17.3413 	EXP 	image_2: autoDraw = False
17.3413 	EXP 	fixation_2: autoDraw = False
17.3413 	EXP 	image: autoDraw = True
17.3413 	EXP 	fixation: autoDraw = True
17.5025 	EXP 	image: autoDraw = False
17.5025 	EXP 	fixation: autoDraw = False
17.5025 	EXP 	image: autoDraw = False
17.5025 	EXP 	fixation: autoDraw = False
17.5025 	EXP 	image_2: autoDraw = True
17.5025 	EXP 	fixation_2: autoDraw = True
17.6615 	EXP 	New trial (rep=14, index=0): None
17.6722 	EXP 	image_2: autoDraw = False
17.6722 	EXP 	fixation_2: autoDraw = False
17.6722 	EXP 	image_2: autoDraw = False
17.6722 	EXP 	fixation_2: autoDraw = False
17.6722 	EXP 	image: autoDraw = True
17.6722 	EXP 	fixation: autoDraw = True
17.8381 	EXP 	image: autoDraw = False
17.8381 	EXP 	fixation: autoDraw = False
17.8381 	EXP 	image: autoDraw = False
17.8381 	EXP 	fixation: autoDraw = False
17.8381 	EXP 	image_2: autoDraw = True
17.8381 	EXP 	fixation_2: autoDraw = True
17.9980 	EXP 	New trial (rep=15, index=0): None
18.0067 	EXP 	image_2: autoDraw = False
18.0067 	EXP 	fixation_2: autoDraw = False
18.0067 	EXP 	image_2: autoDraw = False
18.0067 	EXP 	fixation_2: autoDraw = False
18.0067 	EXP 	image: autoDraw = True
18.0067 	EXP 	fixation: autoDraw = True
18.1873 	EXP 	image: autoDraw = False
18.1873 	EXP 	fixation: autoDraw = False
18.1873 	EXP 	image: autoDraw = False
18.1873 	EXP 	fixation: autoDraw = False
18.1873 	EXP 	image_2: autoDraw = True
18.1873 	EXP 	fixation_2: autoDraw = True
18.3469 	EXP 	New trial (rep=16, index=0): None
18.3561 	EXP 	image_2: autoDraw = False
18.3561 	EXP 	fixation_2: autoDraw = False
18.3561 	EXP 	image_2: autoDraw = False
18.3561 	EXP 	fixation_2: autoDraw = False
18.3561 	EXP 	image: autoDraw = True
18.3561 	EXP 	fixation: autoDraw = True
18.5203 	EXP 	image: autoDraw = False
18.5203 	EXP 	fixation: autoDraw = False
18.5203 	EXP 	image: autoDraw = False
18.5203 	EXP 	fixation: autoDraw = False
18.5203 	EXP 	image_2: autoDraw = True
18.5203 	EXP 	fixation_2: autoDraw = True
18.6820 	EXP 	New trial (rep=17, index=0): None
18.6933 	EXP 	image_2: autoDraw = False
18.6933 	EXP 	fixation_2: autoDraw = False
18.6933 	EXP 	image_2: autoDraw = False
18.6933 	EXP 	fixation_2: autoDraw = False
18.6933 	EXP 	image: autoDraw = True
18.6933 	EXP 	fixation: autoDraw = True
18.8565 	EXP 	image: autoDraw = False
18.8565 	EXP 	fixation: autoDraw = False
18.8565 	EXP 	image: autoDraw = False
18.8565 	EXP 	fixation: autoDraw = False
18.8565 	EXP 	image_2: autoDraw = True
18.8565 	EXP 	fixation_2: autoDraw = True
19.0180 	EXP 	New trial (rep=18, index=0): None
19.0295 	EXP 	image_2: autoDraw = False
19.0295 	EXP 	fixation_2: autoDraw = False
19.0295 	EXP 	image_2: autoDraw = False
19.0295 	EXP 	fixation_2: autoDraw = False
19.0295 	EXP 	image: autoDraw = True
19.0295 	EXP 	fixation: autoDraw = True
19.1916 	EXP 	image: autoDraw = False
19.1916 	EXP 	fixation: autoDraw = False
19.1916 	EXP 	image: autoDraw = False
19.1916 	EXP 	fixation: autoDraw = False
19.1916 	EXP 	image_2: autoDraw = True
19.1916 	EXP 	fixation_2: autoDraw = True
19.3464 	EXP 	New trial (rep=19, index=0): None
19.3602 	EXP 	image_2: autoDraw = False
19.3602 	EXP 	fixation_2: autoDraw = False
19.3602 	EXP 	image_2: autoDraw = False
19.3602 	EXP 	fixation_2: autoDraw = False
19.3602 	EXP 	image: autoDraw = True
19.3602 	EXP 	fixation: autoDraw = True
19.5282 	EXP 	image: autoDraw = False
19.5282 	EXP 	fixation: autoDraw = False
19.5282 	EXP 	image: autoDraw = False
19.5282 	EXP 	fixation: autoDraw = False
19.5282 	EXP 	image_2: autoDraw = True
19.5282 	EXP 	fixation_2: autoDraw = True
19.6878 	EXP 	New trial (rep=20, index=0): None
19.6959 	EXP 	image_2: autoDraw = False
19.6959 	EXP 	fixation_2: autoDraw = False
19.6959 	EXP 	image_2: autoDraw = False
19.6959 	EXP 	fixation_2: autoDraw = False
19.6959 	EXP 	image: autoDraw = True
19.6959 	EXP 	fixation: autoDraw = True
19.8653 	EXP 	image: autoDraw = False
19.8653 	EXP 	fixation: autoDraw = False
19.8653 	EXP 	image: autoDraw = False
19.8653 	EXP 	fixation: autoDraw = False
19.8653 	EXP 	image_2: autoDraw = True
19.8653 	EXP 	fixation_2: autoDraw = True
20.0205 	EXP 	New trial (rep=21, index=0): None
20.0285 	EXP 	image_2: autoDraw = False
20.0285 	EXP 	fixation_2: autoDraw = False
20.0285 	EXP 	image_2: autoDraw = False
20.0285 	EXP 	fixation_2: autoDraw = False
20.0285 	EXP 	image: autoDraw = True
20.0285 	EXP 	fixation: autoDraw = True
20.1982 	EXP 	image: autoDraw = False
20.1982 	EXP 	fixation: autoDraw = False
20.1982 	EXP 	image: autoDraw = False
20.1982 	EXP 	fixation: autoDraw = False
20.1982 	EXP 	image_2: autoDraw = True
20.1982 	EXP 	fixation_2: autoDraw = True
20.3559 	EXP 	New trial (rep=22, index=0): None
20.3641 	EXP 	image_2: autoDraw = False
20.3641 	EXP 	fixation_2: autoDraw = False
20.3641 	EXP 	image_2: autoDraw = False
20.3641 	EXP 	fixation_2: autoDraw = False
20.3641 	EXP 	image: autoDraw = True
20.3641 	EXP 	fixation: autoDraw = True
20.5350 	EXP 	image: autoDraw = False
20.5350 	EXP 	fixation: autoDraw = False
20.5350 	EXP 	image: autoDraw = False
20.5350 	EXP 	fixation: autoDraw = False
20.5350 	EXP 	image_2: autoDraw = True
20.5350 	EXP 	fixation_2: autoDraw = True
20.6952 	EXP 	New trial (rep=23, index=0): None
20.7049 	EXP 	image_2: autoDraw = False
20.7049 	EXP 	fixation_2: autoDraw = False
20.7049 	EXP 	image_2: autoDraw = False
20.7049 	EXP 	fixation_2: autoDraw = False
20.7049 	EXP 	image: autoDraw = True
20.7049 	EXP 	fixation: autoDraw = True
20.8732 	EXP 	image: autoDraw = False
20.8732 	EXP 	fixation: autoDraw = False
20.8732 	EXP 	image: autoDraw = False
20.8732 	EXP 	fixation: autoDraw = False
20.8732 	EXP 	image_2: autoDraw = True
20.8732 	EXP 	fixation_2: autoDraw = True
21.0349 	EXP 	New trial (rep=24, index=0): None
21.0440 	EXP 	image_2: autoDraw = False
21.0440 	EXP 	fixation_2: autoDraw = False
21.0440 	EXP 	image_2: autoDraw = False
21.0440 	EXP 	fixation_2: autoDraw = False
21.0440 	EXP 	image: autoDraw = True
21.0440 	EXP 	fixation: autoDraw = True
21.2141 	EXP 	image: autoDraw = False
21.2141 	EXP 	fixation: autoDraw = False
21.2141 	EXP 	image: autoDraw = False
21.2141 	EXP 	fixation: autoDraw = False
21.2141 	EXP 	image_2: autoDraw = True
21.2141 	EXP 	fixation_2: autoDraw = True
21.3679 	EXP 	New trial (rep=25, index=0): None
21.3775 	EXP 	image_2: autoDraw = False
21.3775 	EXP 	fixation_2: autoDraw = False
21.3775 	EXP 	image_2: autoDraw = False
21.3775 	EXP 	fixation_2: autoDraw = False
21.3775 	EXP 	image: autoDraw = True
21.3775 	EXP 	fixation: autoDraw = True
21.5359 	EXP 	image: autoDraw = False
21.5359 	EXP 	fixation: autoDraw = False
21.5359 	EXP 	image: autoDraw = False
21.5359 	EXP 	fixation: autoDraw = False
21.5359 	EXP 	image_2: autoDraw = True
21.5359 	EXP 	fixation_2: autoDraw = True
21.6951 	EXP 	New trial (rep=26, index=0): None
21.7048 	EXP 	image_2: autoDraw = False
21.7048 	EXP 	fixation_2: autoDraw = False
21.7048 	EXP 	image_2: autoDraw = False
21.7048 	EXP 	fixation_2: autoDraw = False
21.7048 	EXP 	image: autoDraw = True
21.7048 	EXP 	fixation: autoDraw = True
21.8700 	EXP 	image: autoDraw = False
21.8700 	EXP 	fixation: autoDraw = False
21.8700 	EXP 	image: autoDraw = False
21.8700 	EXP 	fixation: autoDraw = False
21.8700 	EXP 	image_2: autoDraw = True
21.8700 	EXP 	fixation_2: autoDraw = True
22.0286 	EXP 	New trial (rep=27, index=0): None
22.0392 	EXP 	image_2: autoDraw = False
22.0392 	EXP 	fixation_2: autoDraw = False
22.0392 	EXP 	image_2: autoDraw = False
22.0392 	EXP 	fixation_2: autoDraw = False
22.0392 	EXP 	image: autoDraw = True
22.0392 	EXP 	fixation: autoDraw = True
22.2100 	EXP 	image: autoDraw = False
22.2100 	EXP 	fixation: autoDraw = False
22.2100 	EXP 	image: autoDraw = False
22.2100 	EXP 	fixation: autoDraw = False
22.2100 	EXP 	image_2: autoDraw = True
22.2100 	EXP 	fixation_2: autoDraw = True
22.3616 	EXP 	New trial (rep=28, index=0): None
22.3702 	EXP 	image_2: autoDraw = False
22.3702 	EXP 	fixation_2: autoDraw = False
22.3702 	EXP 	image_2: autoDraw = False
22.3702 	EXP 	fixation_2: autoDraw = False
22.3702 	EXP 	image: autoDraw = True
22.3702 	EXP 	fixation: autoDraw = True
22.5376 	EXP 	image: autoDraw = False
22.5376 	EXP 	fixation: autoDraw = False
22.5376 	EXP 	image: autoDraw = False
22.5376 	EXP 	fixation: autoDraw = False
22.5376 	EXP 	image_2: autoDraw = True
22.5376 	EXP 	fixation_2: autoDraw = True
22.6960 	EXP 	New trial (rep=29, index=0): None
22.7092 	EXP 	image_2: autoDraw = False
22.7092 	EXP 	fixation_2: autoDraw = False
22.7092 	EXP 	image_2: autoDraw = False
22.7092 	EXP 	fixation_2: autoDraw = False
22.7092 	EXP 	image: autoDraw = True
22.7092 	EXP 	fixation: autoDraw = True
22.8754 	EXP 	image: autoDraw = False
22.8754 	EXP 	fixation: autoDraw = False
22.8754 	EXP 	image: autoDraw = False
22.8754 	EXP 	fixation: autoDraw = False
22.8754 	EXP 	image_2: autoDraw = True
22.8754 	EXP 	fixation_2: autoDraw = True
23.0284 	EXP 	New trial (rep=30, index=0): None
23.0377 	EXP 	image_2: autoDraw = False
23.0377 	EXP 	fixation_2: autoDraw = False
23.0377 	EXP 	image_2: autoDraw = False
23.0377 	EXP 	fixation_2: autoDraw = False
23.0377 	EXP 	image: autoDraw = True
23.0377 	EXP 	fixation: autoDraw = True
23.2048 	EXP 	image: autoDraw = False
23.2048 	EXP 	fixation: autoDraw = False
23.2048 	EXP 	image: autoDraw = False
23.2048 	EXP 	fixation: autoDraw = False
23.2048 	EXP 	image_2: autoDraw = True
23.2048 	EXP 	fixation_2: autoDraw = True
23.3601 	EXP 	New trial (rep=31, index=0): None
23.3749 	EXP 	image_2: autoDraw = False
23.3749 	EXP 	fixation_2: autoDraw = False
23.3749 	EXP 	image_2: autoDraw = False
23.3749 	EXP 	fixation_2: autoDraw = False
23.3749 	EXP 	image: autoDraw = True
23.3749 	EXP 	fixation: autoDraw = True
23.5382 	EXP 	image: autoDraw = False
23.5382 	EXP 	fixation: autoDraw = False
23.5382 	EXP 	image: autoDraw = False
23.5382 	EXP 	fixation: autoDraw = False
23.5382 	EXP 	image_2: autoDraw = True
23.5382 	EXP 	fixation_2: autoDraw = True
23.6943 	EXP 	New trial (rep=32, index=0): None
23.7026 	EXP 	image_2: autoDraw = False
23.7026 	EXP 	fixation_2: autoDraw = False
23.7026 	EXP 	image_2: autoDraw = False
23.7026 	EXP 	fixation_2: autoDraw = False
23.7026 	EXP 	image: autoDraw = True
23.7026 	EXP 	fixation: autoDraw = True
23.8690 	EXP 	image: autoDraw = False
23.8690 	EXP 	fixation: autoDraw = False
23.8690 	EXP 	image: autoDraw = False
23.8690 	EXP 	fixation: autoDraw = False
23.8690 	EXP 	image_2: autoDraw = True
23.8690 	EXP 	fixation_2: autoDraw = True
24.0264 	EXP 	New trial (rep=33, index=0): None
24.0341 	EXP 	image_2: autoDraw = False
24.0341 	EXP 	fixation_2: autoDraw = False
24.0341 	EXP 	image_2: autoDraw = False
24.0341 	EXP 	fixation_2: autoDraw = False
24.0341 	EXP 	image: autoDraw = True
24.0341 	EXP 	fixation: autoDraw = True
24.1963 	EXP 	image: autoDraw = False
24.1963 	EXP 	fixation: autoDraw = False
24.1963 	EXP 	image: autoDraw = False
24.1963 	EXP 	fixation: autoDraw = False
24.1963 	EXP 	image_2: autoDraw = True
24.1963 	EXP 	fixation_2: autoDraw = True
24.3560 	EXP 	New trial (rep=34, index=0): None
24.3654 	EXP 	image_2: autoDraw = False
24.3654 	EXP 	fixation_2: autoDraw = False
24.3654 	EXP 	image_2: autoDraw = False
24.3654 	EXP 	fixation_2: autoDraw = False
24.3654 	EXP 	image: autoDraw = True
24.3654 	EXP 	fixation: autoDraw = True
24.5272 	EXP 	image: autoDraw = False
24.5272 	EXP 	fixation: autoDraw = False
24.5272 	EXP 	image: autoDraw = False
24.5272 	EXP 	fixation: autoDraw = False
24.5272 	EXP 	image_2: autoDraw = True
24.5272 	EXP 	fixation_2: autoDraw = True
24.6830 	EXP 	New trial (rep=35, index=0): None
24.6944 	EXP 	image_2: autoDraw = False
24.6944 	EXP 	fixation_2: autoDraw = False
24.6944 	EXP 	image_2: autoDraw = False
24.6944 	EXP 	fixation_2: autoDraw = False
24.6944 	EXP 	image: autoDraw = True
24.6944 	EXP 	fixation: autoDraw = True
24.8595 	EXP 	image: autoDraw = False
24.8595 	EXP 	fixation: autoDraw = False
24.8595 	EXP 	image: autoDraw = False
24.8595 	EXP 	fixation: autoDraw = False
24.8595 	EXP 	image_2: autoDraw = True
24.8595 	EXP 	fixation_2: autoDraw = True
25.0123 	EXP 	New trial (rep=36, index=0): None
25.0229 	EXP 	image_2: autoDraw = False
25.0229 	EXP 	fixation_2: autoDraw = False
25.0229 	EXP 	image_2: autoDraw = False
25.0229 	EXP 	fixation_2: autoDraw = False
25.0229 	EXP 	image: autoDraw = True
25.0229 	EXP 	fixation: autoDraw = True
25.1840 	EXP 	image: autoDraw = False
25.1840 	EXP 	fixation: autoDraw = False
25.1840 	EXP 	image: autoDraw = False
25.1840 	EXP 	fixation: autoDraw = False
25.1840 	EXP 	image_2: autoDraw = True
25.1840 	EXP 	fixation_2: autoDraw = True
25.3347 	EXP 	New trial (rep=37, index=0): None
25.3480 	EXP 	image_2: autoDraw = False
25.3480 	EXP 	fixation_2: autoDraw = False
25.3480 	EXP 	image_2: autoDraw = False
25.3480 	EXP 	fixation_2: autoDraw = False
25.3480 	EXP 	image: autoDraw = True
25.3480 	EXP 	fixation: autoDraw = True
25.5065 	EXP 	image: autoDraw = False
25.5065 	EXP 	fixation: autoDraw = False
25.5065 	EXP 	image: autoDraw = False
25.5065 	EXP 	fixation: autoDraw = False
25.5065 	EXP 	image_2: autoDraw = True
25.5065 	EXP 	fixation_2: autoDraw = True
25.6664 	EXP 	New trial (rep=38, index=0): None
25.6765 	EXP 	image_2: autoDraw = False
25.6765 	EXP 	fixation_2: autoDraw = False
25.6765 	EXP 	image_2: autoDraw = False
25.6765 	EXP 	fixation_2: autoDraw = False
25.6765 	EXP 	image: autoDraw = True
25.6765 	EXP 	fixation: autoDraw = True
25.8463 	EXP 	image: autoDraw = False
25.8463 	EXP 	fixation: autoDraw = False
25.8463 	EXP 	image: autoDraw = False
25.8463 	EXP 	fixation: autoDraw = False
25.8463 	EXP 	image_2: autoDraw = True
25.8463 	EXP 	fixation_2: autoDraw = True
25.9986 	EXP 	New trial (rep=39, index=0): None
26.0096 	EXP 	image_2: autoDraw = False
26.0096 	EXP 	fixation_2: autoDraw = False
26.0096 	EXP 	image_2: autoDraw = False
26.0096 	EXP 	fixation_2: autoDraw = False
26.0096 	EXP 	image: autoDraw = True
26.0096 	EXP 	fixation: autoDraw = True
26.1702 	EXP 	image: autoDraw = False
26.1702 	EXP 	fixation: autoDraw = False
26.1702 	EXP 	image: autoDraw = False
26.1702 	EXP 	fixation: autoDraw = False
26.1702 	EXP 	image_2: autoDraw = True
26.1702 	EXP 	fixation_2: autoDraw = True
26.3212 	EXP 	New trial (rep=40, index=0): None
26.3348 	EXP 	image_2: autoDraw = False
26.3348 	EXP 	fixation_2: autoDraw = False
26.3348 	EXP 	image_2: autoDraw = False
26.3348 	EXP 	fixation_2: autoDraw = False
26.3348 	EXP 	image: autoDraw = True
26.3348 	EXP 	fixation: autoDraw = True
26.5035 	EXP 	image: autoDraw = False
26.5035 	EXP 	fixation: autoDraw = False
26.5035 	EXP 	image: autoDraw = False
26.5035 	EXP 	fixation: autoDraw = False
26.5035 	EXP 	image_2: autoDraw = True
26.5035 	EXP 	fixation_2: autoDraw = True
26.6551 	EXP 	New trial (rep=41, index=0): None
26.6760 	EXP 	image_2: autoDraw = False
26.6760 	EXP 	fixation_2: autoDraw = False
26.6760 	EXP 	image_2: autoDraw = False
26.6760 	EXP 	fixation_2: autoDraw = False
26.6760 	EXP 	image: autoDraw = True
26.6760 	EXP 	fixation: autoDraw = True
26.8382 	EXP 	image: autoDraw = False
26.8382 	EXP 	fixation: autoDraw = False
26.8382 	EXP 	image: autoDraw = False
26.8382 	EXP 	fixation: autoDraw = False
26.8382 	EXP 	image_2: autoDraw = True
26.8382 	EXP 	fixation_2: autoDraw = True
26.9950 	EXP 	New trial (rep=42, index=0): None
27.0085 	EXP 	image_2: autoDraw = False
27.0085 	EXP 	fixation_2: autoDraw = False
27.0085 	EXP 	image_2: autoDraw = False
27.0085 	EXP 	fixation_2: autoDraw = False
27.0085 	EXP 	image: autoDraw = True
27.0085 	EXP 	fixation: autoDraw = True
27.1771 	EXP 	image: autoDraw = False
27.1771 	EXP 	fixation: autoDraw = False
27.1771 	EXP 	image: autoDraw = False
27.1771 	EXP 	fixation: autoDraw = False
27.1771 	EXP 	image_2: autoDraw = True
27.1771 	EXP 	fixation_2: autoDraw = True
27.3318 	EXP 	New trial (rep=43, index=0): None
27.3403 	EXP 	image_2: autoDraw = False
27.3403 	EXP 	fixation_2: autoDraw = False
27.3403 	EXP 	image_2: autoDraw = False
27.3403 	EXP 	fixation_2: autoDraw = False
27.3403 	EXP 	image: autoDraw = True
27.3403 	EXP 	fixation: autoDraw = True
27.5028 	EXP 	image: autoDraw = False
27.5028 	EXP 	fixation: autoDraw = False
27.5028 	EXP 	image: autoDraw = False
27.5028 	EXP 	fixation: autoDraw = False
27.5028 	EXP 	image_2: autoDraw = True
27.5028 	EXP 	fixation_2: autoDraw = True
27.6614 	EXP 	New trial (rep=44, index=0): None
27.6773 	EXP 	image_2: autoDraw = False
27.6773 	EXP 	fixation_2: autoDraw = False
27.6773 	EXP 	image_2: autoDraw = False
27.6773 	EXP 	fixation_2: autoDraw = False
27.6773 	EXP 	image: autoDraw = True
27.6773 	EXP 	fixation: autoDraw = True
27.8388 	EXP 	image: autoDraw = False
27.8388 	EXP 	fixation: autoDraw = False
27.8388 	EXP 	image: autoDraw = False
27.8388 	EXP 	fixation: autoDraw = False
27.8388 	EXP 	image_2: autoDraw = True
27.8388 	EXP 	fixation_2: autoDraw = True
27.9988 	EXP 	New trial (rep=45, index=0): None
28.0080 	EXP 	image_2: autoDraw = False
28.0080 	EXP 	fixation_2: autoDraw = False
28.0080 	EXP 	image_2: autoDraw = False
28.0080 	EXP 	fixation_2: autoDraw = False
28.0080 	EXP 	image: autoDraw = True
28.0080 	EXP 	fixation: autoDraw = True
28.1792 	EXP 	image: autoDraw = False
28.1792 	EXP 	fixation: autoDraw = False
28.1792 	EXP 	image: autoDraw = False
28.1792 	EXP 	fixation: autoDraw = False
28.1792 	EXP 	image_2: autoDraw = True
28.1792 	EXP 	fixation_2: autoDraw = True
28.3367 	EXP 	New trial (rep=46, index=0): None
28.3455 	EXP 	image_2: autoDraw = False
28.3455 	EXP 	fixation_2: autoDraw = False
28.3455 	EXP 	image_2: autoDraw = False
28.3455 	EXP 	fixation_2: autoDraw = False
28.3455 	EXP 	image: autoDraw = True
28.3455 	EXP 	fixation: autoDraw = True
28.5063 	EXP 	image: autoDraw = False
28.5063 	EXP 	fixation: autoDraw = False
28.5063 	EXP 	image: autoDraw = False
28.5063 	EXP 	fixation: autoDraw = False
28.5063 	EXP 	image_2: autoDraw = True
28.5063 	EXP 	fixation_2: autoDraw = True
28.6615 	EXP 	New trial (rep=47, index=0): None
28.6717 	EXP 	image_2: autoDraw = False
28.6717 	EXP 	fixation_2: autoDraw = False
28.6717 	EXP 	image_2: autoDraw = False
28.6717 	EXP 	fixation_2: autoDraw = False
28.6717 	EXP 	image: autoDraw = True
28.6717 	EXP 	fixation: autoDraw = True
28.8345 	EXP 	image: autoDraw = False
28.8345 	EXP 	fixation: autoDraw = False
28.8345 	EXP 	image: autoDraw = False
28.8345 	EXP 	fixation: autoDraw = False
28.8345 	EXP 	image_2: autoDraw = True
28.8345 	EXP 	fixation_2: autoDraw = True
28.9859 	EXP 	New trial (rep=48, index=0): None
28.9953 	EXP 	image_2: autoDraw = False
28.9953 	EXP 	fixation_2: autoDraw = False
28.9953 	EXP 	image_2: autoDraw = False
28.9953 	EXP 	fixation_2: autoDraw = False
28.9953 	EXP 	image: autoDraw = True
28.9953 	EXP 	fixation: autoDraw = True
29.1550 	EXP 	image: autoDraw = False
29.1550 	EXP 	fixation: autoDraw = False
29.1550 	EXP 	image: autoDraw = False
29.1550 	EXP 	fixation: autoDraw = False
29.1550 	EXP 	image_2: autoDraw = True
29.1550 	EXP 	fixation_2: autoDraw = True
29.3071 	EXP 	New trial (rep=49, index=0): None
29.3198 	EXP 	image_2: autoDraw = False
29.3198 	EXP 	fixation_2: autoDraw = False
29.3198 	EXP 	image_2: autoDraw = False
29.3198 	EXP 	fixation_2: autoDraw = False
29.3198 	EXP 	image: autoDraw = True
29.3198 	EXP 	fixation: autoDraw = True
29.4786 	EXP 	image: autoDraw = False
29.4786 	EXP 	fixation: autoDraw = False
29.4786 	EXP 	image: autoDraw = False
29.4786 	EXP 	fixation: autoDraw = False
29.4786 	EXP 	image_2: autoDraw = True
29.4786 	EXP 	fixation_2: autoDraw = True
29.6311 	EXP 	New trial (rep=50, index=0): None
29.6443 	EXP 	image_2: autoDraw = False
29.6443 	EXP 	fixation_2: autoDraw = False
29.6443 	EXP 	image_2: autoDraw = False
29.6443 	EXP 	fixation_2: autoDraw = False
29.6443 	EXP 	image: autoDraw = True
29.6443 	EXP 	fixation: autoDraw = True
29.8034 	EXP 	image: autoDraw = False
29.8034 	EXP 	fixation: autoDraw = False
29.8034 	EXP 	image: autoDraw = False
29.8034 	EXP 	fixation: autoDraw = False
29.8034 	EXP 	image_2: autoDraw = True
29.8034 	EXP 	fixation_2: autoDraw = True
29.9569 	EXP 	New trial (rep=51, index=0): None
29.9654 	EXP 	image_2: autoDraw = False
29.9654 	EXP 	fixation_2: autoDraw = False
29.9654 	EXP 	image_2: autoDraw = False
29.9654 	EXP 	fixation_2: autoDraw = False
29.9654 	EXP 	image: autoDraw = True
29.9654 	EXP 	fixation: autoDraw = True
30.1317 	EXP 	image: autoDraw = False
30.1317 	EXP 	fixation: autoDraw = False
30.1317 	EXP 	image: autoDraw = False
30.1317 	EXP 	fixation: autoDraw = False
30.1317 	EXP 	image_2: autoDraw = True
30.1317 	EXP 	fixation_2: autoDraw = True
30.2828 	EXP 	New trial (rep=52, index=0): None
30.2927 	EXP 	image_2: autoDraw = False
30.2927 	EXP 	fixation_2: autoDraw = False
30.2927 	EXP 	image_2: autoDraw = False
30.2927 	EXP 	fixation_2: autoDraw = False
30.2927 	EXP 	image: autoDraw = True
30.2927 	EXP 	fixation: autoDraw = True
30.4612 	EXP 	image: autoDraw = False
30.4612 	EXP 	fixation: autoDraw = False
30.4612 	EXP 	image: autoDraw = False
30.4612 	EXP 	fixation: autoDraw = False
30.4612 	EXP 	image_2: autoDraw = True
30.4612 	EXP 	fixation_2: autoDraw = True
30.6170 	EXP 	New trial (rep=53, index=0): None
30.6266 	EXP 	image_2: autoDraw = False
30.6266 	EXP 	fixation_2: autoDraw = False
30.6266 	EXP 	image_2: autoDraw = False
30.6266 	EXP 	fixation_2: autoDraw = False
30.6266 	EXP 	image: autoDraw = True
30.6266 	EXP 	fixation: autoDraw = True
30.8041 	EXP 	image: autoDraw = False
30.8041 	EXP 	fixation: autoDraw = False
30.8041 	EXP 	image: autoDraw = False
30.8041 	EXP 	fixation: autoDraw = False
30.8041 	EXP 	image_2: autoDraw = True
30.8041 	EXP 	fixation_2: autoDraw = True
30.9623 	EXP 	New trial (rep=54, index=0): None
30.9708 	EXP 	image_2: autoDraw = False
30.9708 	EXP 	fixation_2: autoDraw = False
30.9708 	EXP 	image_2: autoDraw = False
30.9708 	EXP 	fixation_2: autoDraw = False
30.9708 	EXP 	image: autoDraw = True
30.9708 	EXP 	fixation: autoDraw = True
31.1381 	EXP 	image: autoDraw = False
31.1381 	EXP 	fixation: autoDraw = False
31.1381 	EXP 	image: autoDraw = False
31.1381 	EXP 	fixation: autoDraw = False
31.1381 	EXP 	image_2: autoDraw = True
31.1381 	EXP 	fixation_2: autoDraw = True
31.2941 	EXP 	New trial (rep=55, index=0): None
31.3025 	EXP 	image_2: autoDraw = False
31.3025 	EXP 	fixation_2: autoDraw = False
31.3025 	EXP 	image_2: autoDraw = False
31.3025 	EXP 	fixation_2: autoDraw = False
31.3025 	EXP 	image: autoDraw = True
31.3025 	EXP 	fixation: autoDraw = True
31.4668 	EXP 	image: autoDraw = False
31.4668 	EXP 	fixation: autoDraw = False
31.4668 	EXP 	image: autoDraw = False
31.4668 	EXP 	fixation: autoDraw = False
31.4668 	EXP 	image_2: autoDraw = True
31.4668 	EXP 	fixation_2: autoDraw = True
31.6199 	EXP 	New trial (rep=56, index=0): None
31.6285 	EXP 	image_2: autoDraw = False
31.6285 	EXP 	fixation_2: autoDraw = False
31.6285 	EXP 	image_2: autoDraw = False
31.6285 	EXP 	fixation_2: autoDraw = False
31.6285 	EXP 	image: autoDraw = True
31.6285 	EXP 	fixation: autoDraw = True
31.7977 	EXP 	image: autoDraw = False
31.7977 	EXP 	fixation: autoDraw = False
31.7977 	EXP 	image: autoDraw = False
31.7977 	EXP 	fixation: autoDraw = False
31.7977 	EXP 	image_2: autoDraw = True
31.7977 	EXP 	fixation_2: autoDraw = True
31.9537 	EXP 	New trial (rep=57, index=0): None
31.9660 	EXP 	image_2: autoDraw = False
31.9660 	EXP 	fixation_2: autoDraw = False
31.9660 	EXP 	image_2: autoDraw = False
31.9660 	EXP 	fixation_2: autoDraw = False
31.9660 	EXP 	image: autoDraw = True
31.9660 	EXP 	fixation: autoDraw = True
32.1353 	EXP 	image: autoDraw = False
32.1353 	EXP 	fixation: autoDraw = False
32.1353 	EXP 	image: autoDraw = False
32.1353 	EXP 	fixation: autoDraw = False
32.1353 	EXP 	image_2: autoDraw = True
32.1353 	EXP 	fixation_2: autoDraw = True
32.2859 	EXP 	New trial (rep=58, index=0): None
32.2959 	EXP 	image_2: autoDraw = False
32.2959 	EXP 	fixation_2: autoDraw = False
32.2959 	EXP 	image_2: autoDraw = False
32.2959 	EXP 	fixation_2: autoDraw = False
32.2959 	EXP 	image: autoDraw = True
32.2959 	EXP 	fixation: autoDraw = True
32.4685 	EXP 	image: autoDraw = False
32.4685 	EXP 	fixation: autoDraw = False
32.4685 	EXP 	image: autoDraw = False
32.4685 	EXP 	fixation: autoDraw = False
32.4685 	EXP 	image_2: autoDraw = True
32.4685 	EXP 	fixation_2: autoDraw = True
32.6217 	EXP 	New trial (rep=59, index=0): None
32.6426 	EXP 	image_2: autoDraw = False
32.6426 	EXP 	fixation_2: autoDraw = False
32.6426 	EXP 	image_2: autoDraw = False
32.6426 	EXP 	fixation_2: autoDraw = False
32.6426 	EXP 	image: autoDraw = True
32.6426 	EXP 	fixation: autoDraw = True
32.8098 	EXP 	image: autoDraw = False
32.8098 	EXP 	fixation: autoDraw = False
32.8098 	EXP 	image: autoDraw = False
32.8098 	EXP 	fixation: autoDraw = False
32.8098 	EXP 	image_2: autoDraw = True
32.8098 	EXP 	fixation_2: autoDraw = True
32.9635 	EXP 	New trial (rep=60, index=0): None
32.9729 	EXP 	image_2: autoDraw = False
32.9729 	EXP 	fixation_2: autoDraw = False
32.9729 	EXP 	image_2: autoDraw = False
32.9729 	EXP 	fixation_2: autoDraw = False
32.9729 	EXP 	image: autoDraw = True
32.9729 	EXP 	fixation: autoDraw = True
33.1429 	EXP 	image: autoDraw = False
33.1429 	EXP 	fixation: autoDraw = False
33.1429 	EXP 	image: autoDraw = False
33.1429 	EXP 	fixation: autoDraw = False
33.1429 	EXP 	image_2: autoDraw = True
33.1429 	EXP 	fixation_2: autoDraw = True
33.2974 	EXP 	New trial (rep=61, index=0): None
33.3080 	EXP 	image_2: autoDraw = False
33.3080 	EXP 	fixation_2: autoDraw = False
33.3080 	EXP 	image_2: autoDraw = False
33.3080 	EXP 	fixation_2: autoDraw = False
33.3080 	EXP 	image: autoDraw = True
33.3080 	EXP 	fixation: autoDraw = True
33.4763 	EXP 	image: autoDraw = False
33.4763 	EXP 	fixation: autoDraw = False
33.4763 	EXP 	image: autoDraw = False
33.4763 	EXP 	fixation: autoDraw = False
33.4763 	EXP 	image_2: autoDraw = True
33.4763 	EXP 	fixation_2: autoDraw = True
33.6306 	EXP 	New trial (rep=62, index=0): None
33.6391 	EXP 	image_2: autoDraw = False
33.6391 	EXP 	fixation_2: autoDraw = False
33.6391 	EXP 	image_2: autoDraw = False
33.6391 	EXP 	fixation_2: autoDraw = False
33.6391 	EXP 	image: autoDraw = True
33.6391 	EXP 	fixation: autoDraw = True
33.8046 	EXP 	image: autoDraw = False
33.8046 	EXP 	fixation: autoDraw = False
33.8046 	EXP 	image: autoDraw = False
33.8046 	EXP 	fixation: autoDraw = False
33.8046 	EXP 	image_2: autoDraw = True
33.8046 	EXP 	fixation_2: autoDraw = True
33.9615 	EXP 	New trial (rep=63, index=0): None
33.9765 	EXP 	image_2: autoDraw = False
33.9765 	EXP 	fixation_2: autoDraw = False
33.9765 	EXP 	image_2: autoDraw = False
33.9765 	EXP 	fixation_2: autoDraw = False
33.9765 	EXP 	image: autoDraw = True
33.9765 	EXP 	fixation: autoDraw = True
34.1372 	EXP 	image: autoDraw = False
34.1372 	EXP 	fixation: autoDraw = False
34.1372 	EXP 	image: autoDraw = False
34.1372 	EXP 	fixation: autoDraw = False
34.1372 	EXP 	image_2: autoDraw = True
34.1372 	EXP 	fixation_2: autoDraw = True
34.2901 	EXP 	New trial (rep=64, index=0): None
34.2992 	EXP 	image_2: autoDraw = False
34.2992 	EXP 	fixation_2: autoDraw = False
34.2992 	EXP 	image_2: autoDraw = False
34.2992 	EXP 	fixation_2: autoDraw = False
34.2992 	EXP 	image: autoDraw = True
34.2992 	EXP 	fixation: autoDraw = True
34.4619 	EXP 	image: autoDraw = False
34.4619 	EXP 	fixation: autoDraw = False
34.4619 	EXP 	image: autoDraw = False
34.4619 	EXP 	fixation: autoDraw = False
34.4619 	EXP 	image_2: autoDraw = True
34.4619 	EXP 	fixation_2: autoDraw = True
34.6307 	EXP 	New trial (rep=65, index=0): None
34.6452 	EXP 	image_2: autoDraw = False
34.6452 	EXP 	fixation_2: autoDraw = False
34.6452 	EXP 	image_2: autoDraw = False
34.6452 	EXP 	fixation_2: autoDraw = False
34.6452 	EXP 	image: autoDraw = True
34.6452 	EXP 	fixation: autoDraw = True
34.8197 	EXP 	image: autoDraw = False
34.8197 	EXP 	fixation: autoDraw = False
34.8197 	EXP 	image: autoDraw = False
34.8197 	EXP 	fixation: autoDraw = False
34.8197 	EXP 	image_2: autoDraw = True
34.8197 	EXP 	fixation_2: autoDraw = True
34.9771 	EXP 	New trial (rep=66, index=0): None
34.9897 	EXP 	image_2: autoDraw = False
34.9897 	EXP 	fixation_2: autoDraw = False
34.9897 	EXP 	image_2: autoDraw = False
34.9897 	EXP 	fixation_2: autoDraw = False
34.9897 	EXP 	image: autoDraw = True
34.9897 	EXP 	fixation: autoDraw = True
35.1517 	EXP 	image: autoDraw = False
35.1517 	EXP 	fixation: autoDraw = False
35.1517 	EXP 	image: autoDraw = False
35.1517 	EXP 	fixation: autoDraw = False
35.1517 	EXP 	image_2: autoDraw = True
35.1517 	EXP 	fixation_2: autoDraw = True
35.3038 	EXP 	New trial (rep=67, index=0): None
35.3138 	EXP 	image_2: autoDraw = False
35.3138 	EXP 	fixation_2: autoDraw = False
35.3138 	EXP 	image_2: autoDraw = False
35.3138 	EXP 	fixation_2: autoDraw = False
35.3138 	EXP 	image: autoDraw = True
35.3138 	EXP 	fixation: autoDraw = True
35.4765 	EXP 	image: autoDraw = False
35.4765 	EXP 	fixation: autoDraw = False
35.4765 	EXP 	image: autoDraw = False
35.4765 	EXP 	fixation: autoDraw = False
35.4765 	EXP 	image_2: autoDraw = True
35.4765 	EXP 	fixation_2: autoDraw = True
35.6297 	EXP 	New trial (rep=68, index=0): None
35.6376 	EXP 	image_2: autoDraw = False
35.6376 	EXP 	fixation_2: autoDraw = False
35.6376 	EXP 	image_2: autoDraw = False
35.6376 	EXP 	fixation_2: autoDraw = False
35.6376 	EXP 	image: autoDraw = True
35.6376 	EXP 	fixation: autoDraw = True
35.7983 	EXP 	image: autoDraw = False
35.7983 	EXP 	fixation: autoDraw = False
35.7983 	EXP 	image: autoDraw = False
35.7983 	EXP 	fixation: autoDraw = False
35.7983 	EXP 	image_2: autoDraw = True
35.7983 	EXP 	fixation_2: autoDraw = True
35.9502 	EXP 	New trial (rep=69, index=0): None
35.9596 	EXP 	image_2: autoDraw = False
35.9596 	EXP 	fixation_2: autoDraw = False
35.9596 	EXP 	image_2: autoDraw = False
35.9596 	EXP 	fixation_2: autoDraw = False
35.9596 	EXP 	image: autoDraw = True
35.9596 	EXP 	fixation: autoDraw = True
36.1207 	EXP 	image: autoDraw = False
36.1207 	EXP 	fixation: autoDraw = False
36.1207 	EXP 	image: autoDraw = False
36.1207 	EXP 	fixation: autoDraw = False
36.1207 	EXP 	image_2: autoDraw = True
36.1207 	EXP 	fixation_2: autoDraw = True
36.2716 	EXP 	New trial (rep=70, index=0): None
36.2825 	EXP 	image_2: autoDraw = False
36.2825 	EXP 	fixation_2: autoDraw = False
36.2825 	EXP 	image_2: autoDraw = False
36.2825 	EXP 	fixation_2: autoDraw = False
36.2825 	EXP 	image: autoDraw = True
36.2825 	EXP 	fixation: autoDraw = True
36.4492 	EXP 	image: autoDraw = False
36.4492 	EXP 	fixation: autoDraw = False
36.4492 	EXP 	image: autoDraw = False
36.4492 	EXP 	fixation: autoDraw = False
36.4492 	EXP 	image_2: autoDraw = True
36.4492 	EXP 	fixation_2: autoDraw = True
36.6132 	EXP 	New trial (rep=71, index=0): None
36.6221 	EXP 	image_2: autoDraw = False
36.6221 	EXP 	fixation_2: autoDraw = False
36.6221 	EXP 	image_2: autoDraw = False
36.6221 	EXP 	fixation_2: autoDraw = False
36.6221 	EXP 	image: autoDraw = True
36.6221 	EXP 	fixation: autoDraw = True
36.7860 	EXP 	image: autoDraw = False
36.7860 	EXP 	fixation: autoDraw = False
36.7860 	EXP 	image: autoDraw = False
36.7860 	EXP 	fixation: autoDraw = False
36.7860 	EXP 	image_2: autoDraw = True
36.7860 	EXP 	fixation_2: autoDraw = True
36.9428 	EXP 	New trial (rep=72, index=0): None
36.9556 	EXP 	image_2: autoDraw = False
36.9556 	EXP 	fixation_2: autoDraw = False
36.9556 	EXP 	image_2: autoDraw = False
36.9556 	EXP 	fixation_2: autoDraw = False
36.9556 	EXP 	image: autoDraw = True
36.9556 	EXP 	fixation: autoDraw = True
37.1213 	EXP 	image: autoDraw = False
37.1213 	EXP 	fixation: autoDraw = False
37.1213 	EXP 	image: autoDraw = False
37.1213 	EXP 	fixation: autoDraw = False
37.1213 	EXP 	image_2: autoDraw = True
37.1213 	EXP 	fixation_2: autoDraw = True
37.2803 	EXP 	New trial (rep=73, index=0): None
37.2912 	EXP 	image_2: autoDraw = False
37.2912 	EXP 	fixation_2: autoDraw = False
37.2912 	EXP 	image_2: autoDraw = False
37.2912 	EXP 	fixation_2: autoDraw = False
37.2912 	EXP 	image: autoDraw = True
37.2912 	EXP 	fixation: autoDraw = True
37.4561 	EXP 	image: autoDraw = False
37.4561 	EXP 	fixation: autoDraw = False
37.4561 	EXP 	image: autoDraw = False
37.4561 	EXP 	fixation: autoDraw = False
37.4561 	EXP 	image_2: autoDraw = True
37.4561 	EXP 	fixation_2: autoDraw = True
37.6093 	EXP 	New trial (rep=74, index=0): None
37.6199 	EXP 	image_2: autoDraw = False
37.6199 	EXP 	fixation_2: autoDraw = False
37.6199 	EXP 	image_2: autoDraw = False
37.6199 	EXP 	fixation_2: autoDraw = False
37.6199 	EXP 	image: autoDraw = True
37.6199 	EXP 	fixation: autoDraw = True
37.7842 	EXP 	image: autoDraw = False
37.7842 	EXP 	fixation: autoDraw = False
37.7842 	EXP 	image: autoDraw = False
37.7842 	EXP 	fixation: autoDraw = False
37.7842 	EXP 	image_2: autoDraw = True
37.7842 	EXP 	fixation_2: autoDraw = True
37.9390 	EXP 	New trial (rep=75, index=0): None
37.9506 	EXP 	image_2: autoDraw = False
37.9506 	EXP 	fixation_2: autoDraw = False
37.9506 	EXP 	image_2: autoDraw = False
37.9506 	EXP 	fixation_2: autoDraw = False
37.9506 	EXP 	image: autoDraw = True
37.9506 	EXP 	fixation: autoDraw = True
38.1107 	EXP 	image: autoDraw = False
38.1107 	EXP 	fixation: autoDraw = False
38.1107 	EXP 	image: autoDraw = False
38.1107 	EXP 	fixation: autoDraw = False
38.1107 	EXP 	image_2: autoDraw = True
38.1107 	EXP 	fixation_2: autoDraw = True
38.2666 	EXP 	New trial (rep=76, index=0): None
38.2754 	EXP 	image_2: autoDraw = False
38.2754 	EXP 	fixation_2: autoDraw = False
38.2754 	EXP 	image_2: autoDraw = False
38.2754 	EXP 	fixation_2: autoDraw = False
38.2754 	EXP 	image: autoDraw = True
38.2754 	EXP 	fixation: autoDraw = True
38.4520 	EXP 	image: autoDraw = False
38.4520 	EXP 	fixation: autoDraw = False
38.4520 	EXP 	image: autoDraw = False
38.4520 	EXP 	fixation: autoDraw = False
38.4520 	EXP 	image_2: autoDraw = True
38.4520 	EXP 	fixation_2: autoDraw = True
38.6060 	EXP 	New trial (rep=77, index=0): None
38.6149 	EXP 	image_2: autoDraw = False
38.6149 	EXP 	fixation_2: autoDraw = False
38.6149 	EXP 	image_2: autoDraw = False
38.6149 	EXP 	fixation_2: autoDraw = False
38.6149 	EXP 	image: autoDraw = True
38.6149 	EXP 	fixation: autoDraw = True
38.7931 	EXP 	image: autoDraw = False
38.7931 	EXP 	fixation: autoDraw = False
38.7931 	EXP 	image: autoDraw = False
38.7931 	EXP 	fixation: autoDraw = False
38.7931 	EXP 	image_2: autoDraw = True
38.7931 	EXP 	fixation_2: autoDraw = True
38.9437 	EXP 	New trial (rep=78, index=0): None
38.9535 	EXP 	image_2: autoDraw = False
38.9535 	EXP 	fixation_2: autoDraw = False
38.9535 	EXP 	image_2: autoDraw = False
38.9535 	EXP 	fixation_2: autoDraw = False
38.9535 	EXP 	image: autoDraw = True
38.9535 	EXP 	fixation: autoDraw = True
39.1126 	EXP 	image: autoDraw = False
39.1126 	EXP 	fixation: autoDraw = False
39.1126 	EXP 	image: autoDraw = False
39.1126 	EXP 	fixation: autoDraw = False
39.1126 	EXP 	image_2: autoDraw = True
39.1126 	EXP 	fixation_2: autoDraw = True
39.2729 	EXP 	New trial (rep=79, index=0): None
39.2817 	EXP 	image_2: autoDraw = False
39.2817 	EXP 	fixation_2: autoDraw = False
39.2817 	EXP 	image_2: autoDraw = False
39.2817 	EXP 	fixation_2: autoDraw = False
39.2817 	EXP 	image: autoDraw = True
39.2817 	EXP 	fixation: autoDraw = True
39.4449 	EXP 	image: autoDraw = False
39.4449 	EXP 	fixation: autoDraw = False
39.4449 	EXP 	image: autoDraw = False
39.4449 	EXP 	fixation: autoDraw = False
39.4449 	EXP 	image_2: autoDraw = True
39.4449 	EXP 	fixation_2: autoDraw = True
39.5991 	EXP 	New trial (rep=80, index=0): None
39.6101 	EXP 	image_2: autoDraw = False
39.6101 	EXP 	fixation_2: autoDraw = False
39.6101 	EXP 	image_2: autoDraw = False
39.6101 	EXP 	fixation_2: autoDraw = False
39.6101 	EXP 	image: autoDraw = True
39.6101 	EXP 	fixation: autoDraw = True
39.7934 	EXP 	image: autoDraw = False
39.7934 	EXP 	fixation: autoDraw = False
39.7934 	EXP 	image: autoDraw = False
39.7934 	EXP 	fixation: autoDraw = False
39.7934 	EXP 	image_2: autoDraw = True
39.7934 	EXP 	fixation_2: autoDraw = True
39.9486 	EXP 	New trial (rep=81, index=0): None
39.9604 	EXP 	image_2: autoDraw = False
39.9604 	EXP 	fixation_2: autoDraw = False
39.9604 	EXP 	image_2: autoDraw = False
39.9604 	EXP 	fixation_2: autoDraw = False
39.9604 	EXP 	image: autoDraw = True
39.9604 	EXP 	fixation: autoDraw = True
40.1279 	EXP 	image: autoDraw = False
40.1279 	EXP 	fixation: autoDraw = False
40.1279 	EXP 	image: autoDraw = False
40.1279 	EXP 	fixation: autoDraw = False
40.1279 	EXP 	image_2: autoDraw = True
40.1279 	EXP 	fixation_2: autoDraw = True
40.2951 	EXP 	New trial (rep=82, index=0): None
40.3098 	EXP 	image_2: autoDraw = False
40.3098 	EXP 	fixation_2: autoDraw = False
40.3098 	EXP 	image_2: autoDraw = False
40.3098 	EXP 	fixation_2: autoDraw = False
40.3098 	EXP 	image: autoDraw = True
40.3098 	EXP 	fixation: autoDraw = True
40.4763 	EXP 	image: autoDraw = False
40.4763 	EXP 	fixation: autoDraw = False
40.4763 	EXP 	image: autoDraw = False
40.4763 	EXP 	fixation: autoDraw = False
40.4763 	EXP 	image_2: autoDraw = True
40.4763 	EXP 	fixation_2: autoDraw = True
40.6293 	EXP 	New trial (rep=83, index=0): None
40.6401 	EXP 	image_2: autoDraw = False
40.6401 	EXP 	fixation_2: autoDraw = False
40.6401 	EXP 	image_2: autoDraw = False
40.6401 	EXP 	fixation_2: autoDraw = False
40.6401 	EXP 	image: autoDraw = True
40.6401 	EXP 	fixation: autoDraw = True
40.8028 	EXP 	image: autoDraw = False
40.8028 	EXP 	fixation: autoDraw = False
40.8028 	EXP 	image: autoDraw = False
40.8028 	EXP 	fixation: autoDraw = False
40.8028 	EXP 	image_2: autoDraw = True
40.8028 	EXP 	fixation_2: autoDraw = True
40.9548 	EXP 	New trial (rep=84, index=0): None
40.9758 	EXP 	image_2: autoDraw = False
40.9758 	EXP 	fixation_2: autoDraw = False
40.9758 	EXP 	image_2: autoDraw = False
40.9758 	EXP 	fixation_2: autoDraw = False
40.9758 	EXP 	image: autoDraw = True
40.9758 	EXP 	fixation: autoDraw = True
41.1439 	EXP 	image: autoDraw = False
41.1439 	EXP 	fixation: autoDraw = False
41.1439 	EXP 	image: autoDraw = False
41.1439 	EXP 	fixation: autoDraw = False
41.1439 	EXP 	image_2: autoDraw = True
41.1439 	EXP 	fixation_2: autoDraw = True
41.2979 	EXP 	New trial (rep=85, index=0): None
41.3064 	EXP 	image_2: autoDraw = False
41.3064 	EXP 	fixation_2: autoDraw = False
41.3064 	EXP 	image_2: autoDraw = False
41.3064 	EXP 	fixation_2: autoDraw = False
41.3064 	EXP 	image: autoDraw = True
41.3064 	EXP 	fixation: autoDraw = True
41.4703 	EXP 	image: autoDraw = False
41.4703 	EXP 	fixation: autoDraw = False
41.4703 	EXP 	image: autoDraw = False
41.4703 	EXP 	fixation: autoDraw = False
41.4703 	EXP 	image_2: autoDraw = True
41.4703 	EXP 	fixation_2: autoDraw = True
41.6221 	EXP 	New trial (rep=86, index=0): None
41.6316 	EXP 	image_2: autoDraw = False
41.6316 	EXP 	fixation_2: autoDraw = False
41.6316 	EXP 	image_2: autoDraw = False
41.6316 	EXP 	fixation_2: autoDraw = False
41.6316 	EXP 	image: autoDraw = True
41.6316 	EXP 	fixation: autoDraw = True
41.8010 	EXP 	image: autoDraw = False
41.8010 	EXP 	fixation: autoDraw = False
41.8010 	EXP 	image: autoDraw = False
41.8010 	EXP 	fixation: autoDraw = False
41.8010 	EXP 	image_2: autoDraw = True
41.8010 	EXP 	fixation_2: autoDraw = True
41.9621 	EXP 	New trial (rep=87, index=0): None
41.9763 	EXP 	image_2: autoDraw = False
41.9763 	EXP 	fixation_2: autoDraw = False
41.9763 	EXP 	image_2: autoDraw = False
41.9763 	EXP 	fixation_2: autoDraw = False
41.9763 	EXP 	image: autoDraw = True
41.9763 	EXP 	fixation: autoDraw = True
42.1597 	EXP 	image: autoDraw = False
42.1597 	EXP 	fixation: autoDraw = False
42.1597 	EXP 	image: autoDraw = False
42.1597 	EXP 	fixation: autoDraw = False
42.1597 	EXP 	image_2: autoDraw = True
42.1597 	EXP 	fixation_2: autoDraw = True
42.3170 	EXP 	New trial (rep=88, index=0): None
42.3271 	EXP 	image_2: autoDraw = False
42.3271 	EXP 	fixation_2: autoDraw = False
42.3271 	EXP 	image_2: autoDraw = False
42.3271 	EXP 	fixation_2: autoDraw = False
42.3271 	EXP 	image: autoDraw = True
42.3271 	EXP 	fixation: autoDraw = True
42.4916 	EXP 	image: autoDraw = False
42.4916 	EXP 	fixation: autoDraw = False
42.4916 	EXP 	image: autoDraw = False
42.4916 	EXP 	fixation: autoDraw = False
42.4916 	EXP 	image_2: autoDraw = True
42.4916 	EXP 	fixation_2: autoDraw = True
42.6463 	EXP 	New trial (rep=89, index=0): None
42.6555 	EXP 	image_2: autoDraw = False
42.6555 	EXP 	fixation_2: autoDraw = False
42.6555 	EXP 	image_2: autoDraw = False
42.6555 	EXP 	fixation_2: autoDraw = False
42.6555 	EXP 	image: autoDraw = True
42.6555 	EXP 	fixation: autoDraw = True
42.8301 	EXP 	image: autoDraw = False
42.8301 	EXP 	fixation: autoDraw = False
42.8301 	EXP 	image: autoDraw = False
42.8301 	EXP 	fixation: autoDraw = False
42.8301 	EXP 	image_2: autoDraw = True
42.8301 	EXP 	fixation_2: autoDraw = True
42.9948 	EXP 	New trial (rep=90, index=0): None
43.0100 	EXP 	image_2: autoDraw = False
43.0100 	EXP 	fixation_2: autoDraw = False
43.0100 	EXP 	image_2: autoDraw = False
43.0100 	EXP 	fixation_2: autoDraw = False
43.0100 	EXP 	image: autoDraw = True
43.0100 	EXP 	fixation: autoDraw = True
43.1934 	EXP 	image: autoDraw = False
43.1934 	EXP 	fixation: autoDraw = False
43.1934 	EXP 	image: autoDraw = False
43.1934 	EXP 	fixation: autoDraw = False
43.1934 	EXP 	image_2: autoDraw = True
43.1934 	EXP 	fixation_2: autoDraw = True
43.3469 	EXP 	New trial (rep=91, index=0): None
43.3560 	EXP 	image_2: autoDraw = False
43.3560 	EXP 	fixation_2: autoDraw = False
43.3560 	EXP 	image_2: autoDraw = False
43.3560 	EXP 	fixation_2: autoDraw = False
43.3560 	EXP 	image: autoDraw = True
43.3560 	EXP 	fixation: autoDraw = True
43.5193 	EXP 	image: autoDraw = False
43.5193 	EXP 	fixation: autoDraw = False
43.5193 	EXP 	image: autoDraw = False
43.5193 	EXP 	fixation: autoDraw = False
43.5193 	EXP 	image_2: autoDraw = True
43.5193 	EXP 	fixation_2: autoDraw = True
43.6713 	EXP 	New trial (rep=92, index=0): None
43.6947 	EXP 	image_2: autoDraw = False
43.6947 	EXP 	fixation_2: autoDraw = False
43.6947 	EXP 	image_2: autoDraw = False
43.6947 	EXP 	fixation_2: autoDraw = False
43.6947 	EXP 	image: autoDraw = True
43.6947 	EXP 	fixation: autoDraw = True
43.8523 	EXP 	image: autoDraw = False
43.8523 	EXP 	fixation: autoDraw = False
43.8523 	EXP 	image: autoDraw = False
43.8523 	EXP 	fixation: autoDraw = False
43.8523 	EXP 	image_2: autoDraw = True
43.8523 	EXP 	fixation_2: autoDraw = True
44.0097 	EXP 	New trial (rep=93, index=0): None
44.0191 	EXP 	image_2: autoDraw = False
44.0191 	EXP 	fixation_2: autoDraw = False
44.0191 	EXP 	image_2: autoDraw = False
44.0191 	EXP 	fixation_2: autoDraw = False
44.0191 	EXP 	image: autoDraw = True
44.0191 	EXP 	fixation: autoDraw = True
44.1837 	EXP 	image: autoDraw = False
44.1837 	EXP 	fixation: autoDraw = False
44.1837 	EXP 	image: autoDraw = False
44.1837 	EXP 	fixation: autoDraw = False
44.1837 	EXP 	image_2: autoDraw = True
44.1837 	EXP 	fixation_2: autoDraw = True
44.3453 	EXP 	New trial (rep=94, index=0): None
44.3553 	EXP 	image_2: autoDraw = False
44.3553 	EXP 	fixation_2: autoDraw = False
44.3553 	EXP 	image_2: autoDraw = False
44.3553 	EXP 	fixation_2: autoDraw = False
44.3553 	EXP 	image: autoDraw = True
44.3553 	EXP 	fixation: autoDraw = True
44.5153 	EXP 	image: autoDraw = False
44.5153 	EXP 	fixation: autoDraw = False
44.5153 	EXP 	image: autoDraw = False
44.5153 	EXP 	fixation: autoDraw = False
44.5153 	EXP 	image_2: autoDraw = True
44.5153 	EXP 	fixation_2: autoDraw = True
44.6773 	EXP 	New trial (rep=95, index=0): None
44.6866 	EXP 	image_2: autoDraw = False
44.6866 	EXP 	fixation_2: autoDraw = False
44.6866 	EXP 	image_2: autoDraw = False
44.6866 	EXP 	fixation_2: autoDraw = False
44.6866 	EXP 	image: autoDraw = True
44.6866 	EXP 	fixation: autoDraw = True
44.8456 	EXP 	image: autoDraw = False
44.8456 	EXP 	fixation: autoDraw = False
44.8456 	EXP 	image: autoDraw = False
44.8456 	EXP 	fixation: autoDraw = False
44.8456 	EXP 	image_2: autoDraw = True
44.8456 	EXP 	fixation_2: autoDraw = True
45.0043 	EXP 	New trial (rep=96, index=0): None
45.0147 	EXP 	image_2: autoDraw = False
45.0147 	EXP 	fixation_2: autoDraw = False
45.0147 	EXP 	image_2: autoDraw = False
45.0147 	EXP 	fixation_2: autoDraw = False
45.0147 	EXP 	image: autoDraw = True
45.0147 	EXP 	fixation: autoDraw = True
45.1763 	EXP 	image: autoDraw = False
45.1763 	EXP 	fixation: autoDraw = False
45.1763 	EXP 	image: autoDraw = False
45.1763 	EXP 	fixation: autoDraw = False
45.1763 	EXP 	image_2: autoDraw = True
45.1763 	EXP 	fixation_2: autoDraw = True
45.3265 	EXP 	New trial (rep=97, index=0): None
45.3350 	EXP 	image_2: autoDraw = False
45.3350 	EXP 	fixation_2: autoDraw = False
45.3350 	EXP 	image_2: autoDraw = False
45.3350 	EXP 	fixation_2: autoDraw = False
45.3350 	EXP 	image: autoDraw = True
45.3350 	EXP 	fixation: autoDraw = True
45.4988 	EXP 	image: autoDraw = False
45.4988 	EXP 	fixation: autoDraw = False
45.4988 	EXP 	image: autoDraw = False
45.4988 	EXP 	fixation: autoDraw = False
45.4988 	EXP 	image_2: autoDraw = True
45.4988 	EXP 	fixation_2: autoDraw = True
45.6614 	EXP 	New trial (rep=98, index=0): None
45.6762 	EXP 	image_2: autoDraw = False
45.6762 	EXP 	fixation_2: autoDraw = False
45.6762 	EXP 	image_2: autoDraw = False
45.6762 	EXP 	fixation_2: autoDraw = False
45.6762 	EXP 	image: autoDraw = True
45.6762 	EXP 	fixation: autoDraw = True
45.8416 	EXP 	image: autoDraw = False
45.8416 	EXP 	fixation: autoDraw = False
45.8416 	EXP 	image: autoDraw = False
45.8416 	EXP 	fixation: autoDraw = False
45.8416 	EXP 	image_2: autoDraw = True
45.8416 	EXP 	fixation_2: autoDraw = True
45.9959 	EXP 	New trial (rep=99, index=0): None
46.0044 	EXP 	image_2: autoDraw = False
46.0044 	EXP 	fixation_2: autoDraw = False
46.0044 	EXP 	image_2: autoDraw = False
46.0044 	EXP 	fixation_2: autoDraw = False
46.0044 	EXP 	image: autoDraw = True
46.0044 	EXP 	fixation: autoDraw = True
46.1723 	EXP 	image: autoDraw = False
46.1723 	EXP 	fixation: autoDraw = False
46.1723 	EXP 	image: autoDraw = False
46.1723 	EXP 	fixation: autoDraw = False
46.1723 	EXP 	image_2: autoDraw = True
46.1723 	EXP 	fixation_2: autoDraw = True
46.3288 	EXP 	image_2: autoDraw = False
46.3288 	EXP 	fixation_2: autoDraw = False
46.3288 	EXP 	image_2: autoDraw = False
46.3288 	EXP 	fixation_2: autoDraw = False
46.3682 	EXP 	window1: mouseVisible = True
