1.2760 	WARNING 	We strongly recommend you activate the PTB sound engine in PsychoPy prefs as the preferred audio engine. Its timing is vastly superior. Your prefs are currently set to use ['sounddevice', 'PTB', 'pyo', 'pygame'] (in that order).
6.1385 	WARNING 	User requested fullscreen with size [1024  768], but screen is actually [1440, 900]. Using actual size
7.5321 	WARNING 	Couldn't measure a consistent frame rate!
  - Is your graphics card set to sync to vertical blank?
  - Are you running other processes on your computer?

7.5332 	EXP 	Created window1 = Window(allowGUI=True, allowStencil=False, autoLog=True, backendConf=UNKNOWN, bitsMode=UNKNOWN, blendMode='avg', bpc=(8, 8, 8), color=array([0, 0, 0]), colorSpace='rgb', depthBits=8, fullscr=<method-wrapper '__getattribute__' of attributeSetter object at 0x7f7a919ff910>, gamma=None, gammaErrorPolicy='raise', lms=UNKNOWN, monitor=<psychopy.monitors.calibTools.Monitor object at 0x7f7a7702f5b0>, multiSample=False, name='window1', numSamples=2, pos=[360.0, 225.0], screen=0, size=array([2880, 1800]), stencilBits=0, stereo=False, units='height', useFBO=True, useRetina=True, viewOri=0.0, viewPos=None, viewScale=None, waitBlanking=True, winType='pyglet')
7.5337 	EXP 	window1: mouseVisible = True
7.5349 	EXP 	window1: mouseVisible = False
7.5350 	EXP 	window1: Attempting to measure frame rate of screen (0) ...
7.5351 	EXP 	window1: recordFrameIntervals = False
7.6153 	EXP 	window1: recordFrameIntervals = True
8.4488 	WARNING 	Couldn't measure a consistent frame rate!
  - Is your graphics card set to sync to vertical blank?
  - Are you running other processes on your computer?

10.8025 	EXP 	Created image = ImageStim(__class__=<class 'psychopy.visual.image.ImageStim'>, anchor=('center', 'center'), autoLog=True, color=array([1, 1, 1]), colorSpace='rgb', contrast=1.0, depth=-1.0, flipHoriz=False, flipVert=False, image=str(...), interpolate=True, mask=None, maskParams=None, name='image', opacity=1.0, ori=0.0, pos=array([0., 0.]), size=array([1.5, 1.5]), texRes=128.0, units='height', win=Window(...))
10.8116 	EXP 	Created fixation = ShapeStim(__class__=<class 'psychopy.visual.shape.ShapeStim'>, anchor=('center', 'center'), autoDraw=False, autoLog=True, closeShape=True, color=method-wrapper(...), colorSpace='rgb', contrast=None, depth=-2.0, fillColor=array([ 1, -1, -1]), fillColorSpace='rgb', fillRGB=array([ 1, -1, -1]), interpolate=True, lineColor=array([ 1, -1, -1]), lineColorSpace='rgb', lineRGB=array([ 1, -1, -1]), lineWidth=1.0, name='fixation', opacity=1.0, ori=0.0, pos=array([0., 0.]), size=array([0.01, 0.01]), units='height', vertices=ndarray(...), win=Window(...), windingRule=None)
11.0662 	EXP 	Created image_2 = ImageStim(__class__=<class 'psychopy.visual.image.ImageStim'>, anchor=('center', 'center'), autoLog=True, color=array([1, 1, 1]), colorSpace='rgb', contrast=1.0, depth=-1.0, flipHoriz=False, flipVert=False, image=str(...), interpolate=True, mask=None, maskParams=None, name='image_2', opacity=1.0, ori=0.0, pos=array([0., 0.]), size=array([1.5, 1.5]), texRes=128.0, units='height', win=Window(...))
11.0692 	EXP 	Created fixation_2 = ShapeStim(__class__=<class 'psychopy.visual.shape.ShapeStim'>, anchor=('center', 'center'), autoDraw=False, autoLog=True, closeShape=True, color=method-wrapper(...), colorSpace='rgb', contrast=None, depth=-2.0, fillColor=array([ 1, -1, -1]), fillColorSpace='rgb', fillRGB=array([ 1, -1, -1]), interpolate=True, lineColor=array([ 1, -1, -1]), lineColorSpace='rgb', lineRGB=array([ 1, -1, -1]), lineWidth=1.0, name='fixation_2', opacity=1.0, ori=0.0, pos=array([0., 0.]), size=array([0.01, 0.01]), units='height', vertices=ndarray(...), win=Window(...), windingRule=None)
11.0728 	EXP 	Created sequence: random, trialTypes=1, nReps=100, seed=None
11.0732 	EXP 	New trial (rep=0, index=0): None
11.1224 	WARNING 	t of last frame was 2673.88ms (=1/0)
11.1224 	EXP 	image: autoDraw = True
11.1224 	EXP 	fixation: autoDraw = True
11.2307 	WARNING 	t of last frame was 20.15ms (=1/49)
11.2979 	WARNING 	t of last frame was 24.78ms (=1/40)
11.2979 	EXP 	image: autoDraw = False
11.2979 	EXP 	fixation: autoDraw = False
11.2979 	EXP 	image: autoDraw = False
11.2979 	EXP 	fixation: autoDraw = False
11.2979 	EXP 	image_2: autoDraw = True
11.2979 	EXP 	fixation_2: autoDraw = True
11.3810 	WARNING 	t of last frame was 20.63ms (=1/48)
11.4645 	WARNING 	Multiple dropped frames have occurred - I'll stop bothering you about them!
11.4659 	EXP 	New trial (rep=1, index=0): None
11.4815 	EXP 	image_2: autoDraw = False
11.4815 	EXP 	fixation_2: autoDraw = False
11.4815 	EXP 	image_2: autoDraw = False
11.4815 	EXP 	fixation_2: autoDraw = False
11.4815 	EXP 	image: autoDraw = True
11.4815 	EXP 	fixation: autoDraw = True
11.6424 	EXP 	image: autoDraw = False
11.6424 	EXP 	fixation: autoDraw = False
11.6424 	EXP 	image: autoDraw = False
11.6424 	EXP 	fixation: autoDraw = False
11.6424 	EXP 	image_2: autoDraw = True
11.6424 	EXP 	fixation_2: autoDraw = True
11.7968 	EXP 	New trial (rep=2, index=0): None
11.8057 	EXP 	image_2: autoDraw = False
11.8057 	EXP 	fixation_2: autoDraw = False
11.8057 	EXP 	image_2: autoDraw = False
11.8057 	EXP 	fixation_2: autoDraw = False
11.8057 	EXP 	image: autoDraw = True
11.8057 	EXP 	fixation: autoDraw = True
11.9698 	EXP 	image: autoDraw = False
11.9698 	EXP 	fixation: autoDraw = False
11.9698 	EXP 	image: autoDraw = False
11.9698 	EXP 	fixation: autoDraw = False
11.9698 	EXP 	image_2: autoDraw = True
11.9698 	EXP 	fixation_2: autoDraw = True
12.1270 	EXP 	New trial (rep=3, index=0): None
12.1482 	EXP 	image_2: autoDraw = False
12.1482 	EXP 	fixation_2: autoDraw = False
12.1482 	EXP 	image_2: autoDraw = False
12.1482 	EXP 	fixation_2: autoDraw = False
12.1482 	EXP 	image: autoDraw = True
12.1482 	EXP 	fixation: autoDraw = True
12.3194 	EXP 	image: autoDraw = False
12.3194 	EXP 	fixation: autoDraw = False
12.3194 	EXP 	image: autoDraw = False
12.3194 	EXP 	fixation: autoDraw = False
12.3194 	EXP 	image_2: autoDraw = True
12.3194 	EXP 	fixation_2: autoDraw = True
12.4786 	EXP 	New trial (rep=4, index=0): None
12.4899 	EXP 	image_2: autoDraw = False
12.4899 	EXP 	fixation_2: autoDraw = False
12.4899 	EXP 	image_2: autoDraw = False
12.4899 	EXP 	fixation_2: autoDraw = False
12.4899 	EXP 	image: autoDraw = True
12.4899 	EXP 	fixation: autoDraw = True
12.6573 	EXP 	image: autoDraw = False
12.6573 	EXP 	fixation: autoDraw = False
12.6573 	EXP 	image: autoDraw = False
12.6573 	EXP 	fixation: autoDraw = False
12.6573 	EXP 	image_2: autoDraw = True
12.6573 	EXP 	fixation_2: autoDraw = True
12.8118 	EXP 	New trial (rep=5, index=0): None
12.8208 	EXP 	image_2: autoDraw = False
12.8208 	EXP 	fixation_2: autoDraw = False
12.8208 	EXP 	image_2: autoDraw = False
12.8208 	EXP 	fixation_2: autoDraw = False
12.8208 	EXP 	image: autoDraw = True
12.8208 	EXP 	fixation: autoDraw = True
12.9978 	EXP 	image: autoDraw = False
12.9978 	EXP 	fixation: autoDraw = False
12.9978 	EXP 	image: autoDraw = False
12.9978 	EXP 	fixation: autoDraw = False
12.9978 	EXP 	image_2: autoDraw = True
12.9978 	EXP 	fixation_2: autoDraw = True
13.1532 	EXP 	New trial (rep=6, index=0): None
13.1693 	EXP 	image_2: autoDraw = False
13.1693 	EXP 	fixation_2: autoDraw = False
13.1693 	EXP 	image_2: autoDraw = False
13.1693 	EXP 	fixation_2: autoDraw = False
13.1693 	EXP 	image: autoDraw = True
13.1693 	EXP 	fixation: autoDraw = True
13.3482 	EXP 	image: autoDraw = False
13.3482 	EXP 	fixation: autoDraw = False
13.3482 	EXP 	image: autoDraw = False
13.3482 	EXP 	fixation: autoDraw = False
13.3482 	EXP 	image_2: autoDraw = True
13.3482 	EXP 	fixation_2: autoDraw = True
13.4999 	EXP 	New trial (rep=7, index=0): None
13.5090 	EXP 	image_2: autoDraw = False
13.5090 	EXP 	fixation_2: autoDraw = False
13.5090 	EXP 	image_2: autoDraw = False
13.5090 	EXP 	fixation_2: autoDraw = False
13.5090 	EXP 	image: autoDraw = True
13.5090 	EXP 	fixation: autoDraw = True
13.6703 	EXP 	image: autoDraw = False
13.6703 	EXP 	fixation: autoDraw = False
13.6703 	EXP 	image: autoDraw = False
13.6703 	EXP 	fixation: autoDraw = False
13.6703 	EXP 	image_2: autoDraw = True
13.6703 	EXP 	fixation_2: autoDraw = True
13.8218 	EXP 	New trial (rep=8, index=0): None
13.8316 	EXP 	image_2: autoDraw = False
13.8316 	EXP 	fixation_2: autoDraw = False
13.8316 	EXP 	image_2: autoDraw = False
13.8316 	EXP 	fixation_2: autoDraw = False
13.8316 	EXP 	image: autoDraw = True
13.8316 	EXP 	fixation: autoDraw = True
13.9997 	EXP 	image: autoDraw = False
13.9997 	EXP 	fixation: autoDraw = False
13.9997 	EXP 	image: autoDraw = False
13.9997 	EXP 	fixation: autoDraw = False
13.9997 	EXP 	image_2: autoDraw = True
13.9997 	EXP 	fixation_2: autoDraw = True
14.1520 	EXP 	New trial (rep=9, index=0): None
14.1616 	EXP 	image_2: autoDraw = False
14.1616 	EXP 	fixation_2: autoDraw = False
14.1616 	EXP 	image_2: autoDraw = False
14.1616 	EXP 	fixation_2: autoDraw = False
14.1616 	EXP 	image: autoDraw = True
14.1616 	EXP 	fixation: autoDraw = True
14.3256 	EXP 	image: autoDraw = False
14.3256 	EXP 	fixation: autoDraw = False
14.3256 	EXP 	image: autoDraw = False
14.3256 	EXP 	fixation: autoDraw = False
14.3256 	EXP 	image_2: autoDraw = True
14.3256 	EXP 	fixation_2: autoDraw = True
14.4865 	EXP 	New trial (rep=10, index=0): None
14.4961 	EXP 	image_2: autoDraw = False
14.4961 	EXP 	fixation_2: autoDraw = False
14.4961 	EXP 	image_2: autoDraw = False
14.4961 	EXP 	fixation_2: autoDraw = False
14.4961 	EXP 	image: autoDraw = True
14.4961 	EXP 	fixation: autoDraw = True
14.6816 	EXP 	image: autoDraw = False
14.6816 	EXP 	fixation: autoDraw = False
14.6816 	EXP 	image: autoDraw = False
14.6816 	EXP 	fixation: autoDraw = False
14.6816 	EXP 	image_2: autoDraw = True
14.6816 	EXP 	fixation_2: autoDraw = True
14.8341 	EXP 	New trial (rep=11, index=0): None
14.8434 	EXP 	image_2: autoDraw = False
14.8434 	EXP 	fixation_2: autoDraw = False
14.8434 	EXP 	image_2: autoDraw = False
14.8434 	EXP 	fixation_2: autoDraw = False
14.8434 	EXP 	image: autoDraw = True
14.8434 	EXP 	fixation: autoDraw = True
15.0051 	EXP 	image: autoDraw = False
15.0051 	EXP 	fixation: autoDraw = False
15.0051 	EXP 	image: autoDraw = False
15.0051 	EXP 	fixation: autoDraw = False
15.0051 	EXP 	image_2: autoDraw = True
15.0051 	EXP 	fixation_2: autoDraw = True
15.1666 	EXP 	New trial (rep=12, index=0): None
15.1814 	EXP 	image_2: autoDraw = False
15.1814 	EXP 	fixation_2: autoDraw = False
15.1814 	EXP 	image_2: autoDraw = False
15.1814 	EXP 	fixation_2: autoDraw = False
15.1814 	EXP 	image: autoDraw = True
15.1814 	EXP 	fixation: autoDraw = True
15.3481 	EXP 	image: autoDraw = False
15.3481 	EXP 	fixation: autoDraw = False
15.3481 	EXP 	image: autoDraw = False
15.3481 	EXP 	fixation: autoDraw = False
15.3481 	EXP 	image_2: autoDraw = True
15.3481 	EXP 	fixation_2: autoDraw = True
15.5009 	EXP 	New trial (rep=13, index=0): None
15.5096 	EXP 	image_2: autoDraw = False
15.5096 	EXP 	fixation_2: autoDraw = False
15.5096 	EXP 	image_2: autoDraw = False
15.5096 	EXP 	fixation_2: autoDraw = False
15.5096 	EXP 	image: autoDraw = True
15.5096 	EXP 	fixation: autoDraw = True
15.6815 	EXP 	image: autoDraw = False
15.6815 	EXP 	fixation: autoDraw = False
15.6815 	EXP 	image: autoDraw = False
15.6815 	EXP 	fixation: autoDraw = False
15.6815 	EXP 	image_2: autoDraw = True
15.6815 	EXP 	fixation_2: autoDraw = True
15.8337 	EXP 	New trial (rep=14, index=0): None
15.8428 	EXP 	image_2: autoDraw = False
15.8428 	EXP 	fixation_2: autoDraw = False
15.8428 	EXP 	image_2: autoDraw = False
15.8428 	EXP 	fixation_2: autoDraw = False
15.8428 	EXP 	image: autoDraw = True
15.8428 	EXP 	fixation: autoDraw = True
16.0100 	EXP 	image: autoDraw = False
16.0100 	EXP 	fixation: autoDraw = False
16.0100 	EXP 	image: autoDraw = False
16.0100 	EXP 	fixation: autoDraw = False
16.0100 	EXP 	image_2: autoDraw = True
16.0100 	EXP 	fixation_2: autoDraw = True
16.1658 	EXP 	New trial (rep=15, index=0): None
16.1742 	EXP 	image_2: autoDraw = False
16.1742 	EXP 	fixation_2: autoDraw = False
16.1742 	EXP 	image_2: autoDraw = False
16.1742 	EXP 	fixation_2: autoDraw = False
16.1742 	EXP 	image: autoDraw = True
16.1742 	EXP 	fixation: autoDraw = True
16.3380 	EXP 	image: autoDraw = False
16.3380 	EXP 	fixation: autoDraw = False
16.3380 	EXP 	image: autoDraw = False
16.3380 	EXP 	fixation: autoDraw = False
16.3380 	EXP 	image_2: autoDraw = True
16.3380 	EXP 	fixation_2: autoDraw = True
16.4964 	EXP 	New trial (rep=16, index=0): None
16.5049 	EXP 	image_2: autoDraw = False
16.5049 	EXP 	fixation_2: autoDraw = False
16.5049 	EXP 	image_2: autoDraw = False
16.5049 	EXP 	fixation_2: autoDraw = False
16.5049 	EXP 	image: autoDraw = True
16.5049 	EXP 	fixation: autoDraw = True
16.6731 	EXP 	image: autoDraw = False
16.6731 	EXP 	fixation: autoDraw = False
16.6731 	EXP 	image: autoDraw = False
16.6731 	EXP 	fixation: autoDraw = False
16.6731 	EXP 	image_2: autoDraw = True
16.6731 	EXP 	fixation_2: autoDraw = True
16.8321 	EXP 	New trial (rep=17, index=0): None
16.8404 	EXP 	image_2: autoDraw = False
16.8404 	EXP 	fixation_2: autoDraw = False
16.8404 	EXP 	image_2: autoDraw = False
16.8404 	EXP 	fixation_2: autoDraw = False
16.8404 	EXP 	image: autoDraw = True
16.8404 	EXP 	fixation: autoDraw = True
17.0044 	EXP 	image: autoDraw = False
17.0044 	EXP 	fixation: autoDraw = False
17.0044 	EXP 	image: autoDraw = False
17.0044 	EXP 	fixation: autoDraw = False
17.0044 	EXP 	image_2: autoDraw = True
17.0044 	EXP 	fixation_2: autoDraw = True
17.1633 	EXP 	New trial (rep=18, index=0): None
17.1723 	EXP 	image_2: autoDraw = False
17.1723 	EXP 	fixation_2: autoDraw = False
17.1723 	EXP 	image_2: autoDraw = False
17.1723 	EXP 	fixation_2: autoDraw = False
17.1723 	EXP 	image: autoDraw = True
17.1723 	EXP 	fixation: autoDraw = True
17.3316 	EXP 	image: autoDraw = False
17.3316 	EXP 	fixation: autoDraw = False
17.3316 	EXP 	image: autoDraw = False
17.3316 	EXP 	fixation: autoDraw = False
17.3316 	EXP 	image_2: autoDraw = True
17.3316 	EXP 	fixation_2: autoDraw = True
17.4873 	EXP 	New trial (rep=19, index=0): None
17.4965 	EXP 	image_2: autoDraw = False
17.4965 	EXP 	fixation_2: autoDraw = False
17.4965 	EXP 	image_2: autoDraw = False
17.4965 	EXP 	fixation_2: autoDraw = False
17.4965 	EXP 	image: autoDraw = True
17.4965 	EXP 	fixation: autoDraw = True
17.6581 	EXP 	image: autoDraw = False
17.6581 	EXP 	fixation: autoDraw = False
17.6581 	EXP 	image: autoDraw = False
17.6581 	EXP 	fixation: autoDraw = False
17.6581 	EXP 	image_2: autoDraw = True
17.6581 	EXP 	fixation_2: autoDraw = True
17.8138 	EXP 	New trial (rep=20, index=0): None
17.8237 	EXP 	image_2: autoDraw = False
17.8237 	EXP 	fixation_2: autoDraw = False
17.8237 	EXP 	image_2: autoDraw = False
17.8237 	EXP 	fixation_2: autoDraw = False
17.8237 	EXP 	image: autoDraw = True
17.8237 	EXP 	fixation: autoDraw = True
17.9891 	EXP 	image: autoDraw = False
17.9891 	EXP 	fixation: autoDraw = False
17.9891 	EXP 	image: autoDraw = False
17.9891 	EXP 	fixation: autoDraw = False
17.9891 	EXP 	image_2: autoDraw = True
17.9891 	EXP 	fixation_2: autoDraw = True
18.1434 	EXP 	New trial (rep=21, index=0): None
18.1645 	EXP 	image_2: autoDraw = False
18.1645 	EXP 	fixation_2: autoDraw = False
18.1645 	EXP 	image_2: autoDraw = False
18.1645 	EXP 	fixation_2: autoDraw = False
18.1645 	EXP 	image: autoDraw = True
18.1645 	EXP 	fixation: autoDraw = True
18.3266 	EXP 	image: autoDraw = False
18.3266 	EXP 	fixation: autoDraw = False
18.3266 	EXP 	image: autoDraw = False
18.3266 	EXP 	fixation: autoDraw = False
18.3266 	EXP 	image_2: autoDraw = True
18.3266 	EXP 	fixation_2: autoDraw = True
18.4788 	EXP 	New trial (rep=22, index=0): None
18.4880 	EXP 	image_2: autoDraw = False
18.4880 	EXP 	fixation_2: autoDraw = False
18.4880 	EXP 	image_2: autoDraw = False
18.4880 	EXP 	fixation_2: autoDraw = False
18.4880 	EXP 	image: autoDraw = True
18.4880 	EXP 	fixation: autoDraw = True
18.6480 	EXP 	image: autoDraw = False
18.6480 	EXP 	fixation: autoDraw = False
18.6480 	EXP 	image: autoDraw = False
18.6480 	EXP 	fixation: autoDraw = False
18.6480 	EXP 	image_2: autoDraw = True
18.6480 	EXP 	fixation_2: autoDraw = True
18.8003 	EXP 	New trial (rep=23, index=0): None
18.8095 	EXP 	image_2: autoDraw = False
18.8095 	EXP 	fixation_2: autoDraw = False
18.8095 	EXP 	image_2: autoDraw = False
18.8095 	EXP 	fixation_2: autoDraw = False
18.8095 	EXP 	image: autoDraw = True
18.8095 	EXP 	fixation: autoDraw = True
18.9728 	EXP 	image: autoDraw = False
18.9728 	EXP 	fixation: autoDraw = False
18.9728 	EXP 	image: autoDraw = False
18.9728 	EXP 	fixation: autoDraw = False
18.9728 	EXP 	image_2: autoDraw = True
18.9728 	EXP 	fixation_2: autoDraw = True
19.1251 	EXP 	New trial (rep=24, index=0): None
19.1339 	EXP 	image_2: autoDraw = False
19.1339 	EXP 	fixation_2: autoDraw = False
19.1339 	EXP 	image_2: autoDraw = False
19.1339 	EXP 	fixation_2: autoDraw = False
19.1339 	EXP 	image: autoDraw = True
19.1339 	EXP 	fixation: autoDraw = True
19.2951 	EXP 	image: autoDraw = False
19.2951 	EXP 	fixation: autoDraw = False
19.2951 	EXP 	image: autoDraw = False
19.2951 	EXP 	fixation: autoDraw = False
19.2951 	EXP 	image_2: autoDraw = True
19.2951 	EXP 	fixation_2: autoDraw = True
19.4482 	EXP 	New trial (rep=25, index=0): None
19.4567 	EXP 	image_2: autoDraw = False
19.4567 	EXP 	fixation_2: autoDraw = False
19.4567 	EXP 	image_2: autoDraw = False
19.4567 	EXP 	fixation_2: autoDraw = False
19.4567 	EXP 	image: autoDraw = True
19.4567 	EXP 	fixation: autoDraw = True
19.6315 	EXP 	image: autoDraw = False
19.6315 	EXP 	fixation: autoDraw = False
19.6315 	EXP 	image: autoDraw = False
19.6315 	EXP 	fixation: autoDraw = False
19.6315 	EXP 	image_2: autoDraw = True
19.6315 	EXP 	fixation_2: autoDraw = True
19.7864 	EXP 	New trial (rep=26, index=0): None
19.7952 	EXP 	image_2: autoDraw = False
19.7952 	EXP 	fixation_2: autoDraw = False
19.7952 	EXP 	image_2: autoDraw = False
19.7952 	EXP 	fixation_2: autoDraw = False
19.7952 	EXP 	image: autoDraw = True
19.7952 	EXP 	fixation: autoDraw = True
19.9600 	EXP 	image: autoDraw = False
19.9600 	EXP 	fixation: autoDraw = False
19.9600 	EXP 	image: autoDraw = False
19.9600 	EXP 	fixation: autoDraw = False
19.9600 	EXP 	image_2: autoDraw = True
19.9600 	EXP 	fixation_2: autoDraw = True
20.1188 	EXP 	New trial (rep=27, index=0): None
20.1276 	EXP 	image_2: autoDraw = False
20.1276 	EXP 	fixation_2: autoDraw = False
20.1276 	EXP 	image_2: autoDraw = False
20.1276 	EXP 	fixation_2: autoDraw = False
20.1276 	EXP 	image: autoDraw = True
20.1276 	EXP 	fixation: autoDraw = True
20.2965 	EXP 	image: autoDraw = False
20.2965 	EXP 	fixation: autoDraw = False
20.2965 	EXP 	image: autoDraw = False
20.2965 	EXP 	fixation: autoDraw = False
20.2965 	EXP 	image_2: autoDraw = True
20.2965 	EXP 	fixation_2: autoDraw = True
20.4516 	EXP 	New trial (rep=28, index=0): None
20.4603 	EXP 	image_2: autoDraw = False
20.4603 	EXP 	fixation_2: autoDraw = False
20.4603 	EXP 	image_2: autoDraw = False
20.4603 	EXP 	fixation_2: autoDraw = False
20.4603 	EXP 	image: autoDraw = True
20.4603 	EXP 	fixation: autoDraw = True
20.6216 	EXP 	image: autoDraw = False
20.6216 	EXP 	fixation: autoDraw = False
20.6216 	EXP 	image: autoDraw = False
20.6216 	EXP 	fixation: autoDraw = False
20.6216 	EXP 	image_2: autoDraw = True
20.6216 	EXP 	fixation_2: autoDraw = True
20.7752 	EXP 	New trial (rep=29, index=0): None
20.7852 	EXP 	image_2: autoDraw = False
20.7852 	EXP 	fixation_2: autoDraw = False
20.7852 	EXP 	image_2: autoDraw = False
20.7852 	EXP 	fixation_2: autoDraw = False
20.7852 	EXP 	image: autoDraw = True
20.7852 	EXP 	fixation: autoDraw = True
20.9592 	EXP 	image: autoDraw = False
20.9592 	EXP 	fixation: autoDraw = False
20.9592 	EXP 	image: autoDraw = False
20.9592 	EXP 	fixation: autoDraw = False
20.9592 	EXP 	image_2: autoDraw = True
20.9592 	EXP 	fixation_2: autoDraw = True
21.1170 	EXP 	New trial (rep=30, index=0): None
21.1258 	EXP 	image_2: autoDraw = False
21.1258 	EXP 	fixation_2: autoDraw = False
21.1258 	EXP 	image_2: autoDraw = False
21.1258 	EXP 	fixation_2: autoDraw = False
21.1258 	EXP 	image: autoDraw = True
21.1258 	EXP 	fixation: autoDraw = True
21.2880 	EXP 	image: autoDraw = False
21.2880 	EXP 	fixation: autoDraw = False
21.2880 	EXP 	image: autoDraw = False
21.2880 	EXP 	fixation: autoDraw = False
21.2880 	EXP 	image_2: autoDraw = True
21.2880 	EXP 	fixation_2: autoDraw = True
21.4388 	EXP 	New trial (rep=31, index=0): None
21.4488 	EXP 	image_2: autoDraw = False
21.4488 	EXP 	fixation_2: autoDraw = False
21.4488 	EXP 	image_2: autoDraw = False
21.4488 	EXP 	fixation_2: autoDraw = False
21.4488 	EXP 	image: autoDraw = True
21.4488 	EXP 	fixation: autoDraw = True
21.6128 	EXP 	image: autoDraw = False
21.6128 	EXP 	fixation: autoDraw = False
21.6128 	EXP 	image: autoDraw = False
21.6128 	EXP 	fixation: autoDraw = False
21.6128 	EXP 	image_2: autoDraw = True
21.6128 	EXP 	fixation_2: autoDraw = True
21.7718 	EXP 	New trial (rep=32, index=0): None
21.7813 	EXP 	image_2: autoDraw = False
21.7813 	EXP 	fixation_2: autoDraw = False
21.7813 	EXP 	image_2: autoDraw = False
21.7813 	EXP 	fixation_2: autoDraw = False
21.7813 	EXP 	image: autoDraw = True
21.7813 	EXP 	fixation: autoDraw = True
21.9649 	EXP 	image: autoDraw = False
21.9649 	EXP 	fixation: autoDraw = False
21.9649 	EXP 	image: autoDraw = False
21.9649 	EXP 	fixation: autoDraw = False
21.9649 	EXP 	image_2: autoDraw = True
21.9649 	EXP 	fixation_2: autoDraw = True
22.1190 	EXP 	New trial (rep=33, index=0): None
22.1281 	EXP 	image_2: autoDraw = False
22.1281 	EXP 	fixation_2: autoDraw = False
22.1281 	EXP 	image_2: autoDraw = False
22.1281 	EXP 	fixation_2: autoDraw = False
22.1281 	EXP 	image: autoDraw = True
22.1281 	EXP 	fixation: autoDraw = True
22.2948 	EXP 	image: autoDraw = False
22.2948 	EXP 	fixation: autoDraw = False
22.2948 	EXP 	image: autoDraw = False
22.2948 	EXP 	fixation: autoDraw = False
22.2948 	EXP 	image_2: autoDraw = True
22.2948 	EXP 	fixation_2: autoDraw = True
22.4504 	EXP 	New trial (rep=34, index=0): None
22.4604 	EXP 	image_2: autoDraw = False
22.4604 	EXP 	fixation_2: autoDraw = False
22.4604 	EXP 	image_2: autoDraw = False
22.4604 	EXP 	fixation_2: autoDraw = False
22.4604 	EXP 	image: autoDraw = True
22.4604 	EXP 	fixation: autoDraw = True
22.6254 	EXP 	image: autoDraw = False
22.6254 	EXP 	fixation: autoDraw = False
22.6254 	EXP 	image: autoDraw = False
22.6254 	EXP 	fixation: autoDraw = False
22.6254 	EXP 	image_2: autoDraw = True
22.6254 	EXP 	fixation_2: autoDraw = True
22.7805 	EXP 	New trial (rep=35, index=0): None
22.7886 	EXP 	image_2: autoDraw = False
22.7886 	EXP 	fixation_2: autoDraw = False
22.7886 	EXP 	image_2: autoDraw = False
22.7886 	EXP 	fixation_2: autoDraw = False
22.7886 	EXP 	image: autoDraw = True
22.7886 	EXP 	fixation: autoDraw = True
22.9504 	EXP 	image: autoDraw = False
22.9504 	EXP 	fixation: autoDraw = False
22.9504 	EXP 	image: autoDraw = False
22.9504 	EXP 	fixation: autoDraw = False
22.9504 	EXP 	image_2: autoDraw = True
22.9504 	EXP 	fixation_2: autoDraw = True
23.1014 	EXP 	New trial (rep=36, index=0): None
23.1104 	EXP 	image_2: autoDraw = False
23.1104 	EXP 	fixation_2: autoDraw = False
23.1104 	EXP 	image_2: autoDraw = False
23.1104 	EXP 	fixation_2: autoDraw = False
23.1104 	EXP 	image: autoDraw = True
23.1104 	EXP 	fixation: autoDraw = True
23.2745 	EXP 	image: autoDraw = False
23.2745 	EXP 	fixation: autoDraw = False
23.2745 	EXP 	image: autoDraw = False
23.2745 	EXP 	fixation: autoDraw = False
23.2745 	EXP 	image_2: autoDraw = True
23.2745 	EXP 	fixation_2: autoDraw = True
23.4266 	EXP 	New trial (rep=37, index=0): None
23.4362 	EXP 	image_2: autoDraw = False
23.4362 	EXP 	fixation_2: autoDraw = False
23.4362 	EXP 	image_2: autoDraw = False
23.4362 	EXP 	fixation_2: autoDraw = False
23.4362 	EXP 	image: autoDraw = True
23.4362 	EXP 	fixation: autoDraw = True
23.6145 	EXP 	image: autoDraw = False
23.6145 	EXP 	fixation: autoDraw = False
23.6145 	EXP 	image: autoDraw = False
23.6145 	EXP 	fixation: autoDraw = False
23.6145 	EXP 	image_2: autoDraw = True
23.6145 	EXP 	fixation_2: autoDraw = True
23.7700 	EXP 	New trial (rep=38, index=0): None
23.7793 	EXP 	image_2: autoDraw = False
23.7793 	EXP 	fixation_2: autoDraw = False
23.7793 	EXP 	image_2: autoDraw = False
23.7793 	EXP 	fixation_2: autoDraw = False
23.7793 	EXP 	image: autoDraw = True
23.7793 	EXP 	fixation: autoDraw = True
23.9435 	EXP 	image: autoDraw = False
23.9435 	EXP 	fixation: autoDraw = False
23.9435 	EXP 	image: autoDraw = False
23.9435 	EXP 	fixation: autoDraw = False
23.9435 	EXP 	image_2: autoDraw = True
23.9435 	EXP 	fixation_2: autoDraw = True
24.0972 	EXP 	New trial (rep=39, index=0): None
24.1068 	EXP 	image_2: autoDraw = False
24.1068 	EXP 	fixation_2: autoDraw = False
24.1068 	EXP 	image_2: autoDraw = False
24.1068 	EXP 	fixation_2: autoDraw = False
24.1068 	EXP 	image: autoDraw = True
24.1068 	EXP 	fixation: autoDraw = True
24.2730 	EXP 	image: autoDraw = False
24.2730 	EXP 	fixation: autoDraw = False
24.2730 	EXP 	image: autoDraw = False
24.2730 	EXP 	fixation: autoDraw = False
24.2730 	EXP 	image_2: autoDraw = True
24.2730 	EXP 	fixation_2: autoDraw = True
24.4318 	EXP 	New trial (rep=40, index=0): None
24.4404 	EXP 	image_2: autoDraw = False
24.4404 	EXP 	fixation_2: autoDraw = False
24.4404 	EXP 	image_2: autoDraw = False
24.4404 	EXP 	fixation_2: autoDraw = False
24.4404 	EXP 	image: autoDraw = True
24.4404 	EXP 	fixation: autoDraw = True
24.6044 	EXP 	image: autoDraw = False
24.6044 	EXP 	fixation: autoDraw = False
24.6044 	EXP 	image: autoDraw = False
24.6044 	EXP 	fixation: autoDraw = False
24.6044 	EXP 	image_2: autoDraw = True
24.6044 	EXP 	fixation_2: autoDraw = True
24.7635 	EXP 	New trial (rep=41, index=0): None
24.7728 	EXP 	image_2: autoDraw = False
24.7728 	EXP 	fixation_2: autoDraw = False
24.7728 	EXP 	image_2: autoDraw = False
24.7728 	EXP 	fixation_2: autoDraw = False
24.7728 	EXP 	image: autoDraw = True
24.7728 	EXP 	fixation: autoDraw = True
24.9372 	EXP 	image: autoDraw = False
24.9372 	EXP 	fixation: autoDraw = False
24.9372 	EXP 	image: autoDraw = False
24.9372 	EXP 	fixation: autoDraw = False
24.9372 	EXP 	image_2: autoDraw = True
24.9372 	EXP 	fixation_2: autoDraw = True
25.0941 	EXP 	New trial (rep=42, index=0): None
25.1036 	EXP 	image_2: autoDraw = False
25.1036 	EXP 	fixation_2: autoDraw = False
25.1036 	EXP 	image_2: autoDraw = False
25.1036 	EXP 	fixation_2: autoDraw = False
25.1036 	EXP 	image: autoDraw = True
25.1036 	EXP 	fixation: autoDraw = True
25.2646 	EXP 	image: autoDraw = False
25.2646 	EXP 	fixation: autoDraw = False
25.2646 	EXP 	image: autoDraw = False
25.2646 	EXP 	fixation: autoDraw = False
25.2646 	EXP 	image_2: autoDraw = True
25.2646 	EXP 	fixation_2: autoDraw = True
25.4186 	EXP 	New trial (rep=43, index=0): None
25.4278 	EXP 	image_2: autoDraw = False
25.4278 	EXP 	fixation_2: autoDraw = False
25.4278 	EXP 	image_2: autoDraw = False
25.4278 	EXP 	fixation_2: autoDraw = False
25.4278 	EXP 	image: autoDraw = True
25.4278 	EXP 	fixation: autoDraw = True
25.5977 	EXP 	image: autoDraw = False
25.5977 	EXP 	fixation: autoDraw = False
25.5977 	EXP 	image: autoDraw = False
25.5977 	EXP 	fixation: autoDraw = False
25.5977 	EXP 	image_2: autoDraw = True
25.5977 	EXP 	fixation_2: autoDraw = True
25.7530 	EXP 	New trial (rep=44, index=0): None
25.7630 	EXP 	image_2: autoDraw = False
25.7630 	EXP 	fixation_2: autoDraw = False
25.7630 	EXP 	image_2: autoDraw = False
25.7630 	EXP 	fixation_2: autoDraw = False
25.7630 	EXP 	image: autoDraw = True
25.7630 	EXP 	fixation: autoDraw = True
25.9323 	EXP 	image: autoDraw = False
25.9323 	EXP 	fixation: autoDraw = False
25.9323 	EXP 	image: autoDraw = False
25.9323 	EXP 	fixation: autoDraw = False
25.9323 	EXP 	image_2: autoDraw = True
25.9323 	EXP 	fixation_2: autoDraw = True
26.1001 	EXP 	New trial (rep=45, index=0): None
26.1147 	EXP 	image_2: autoDraw = False
26.1147 	EXP 	fixation_2: autoDraw = False
26.1147 	EXP 	image_2: autoDraw = False
26.1147 	EXP 	fixation_2: autoDraw = False
26.1147 	EXP 	image: autoDraw = True
26.1147 	EXP 	fixation: autoDraw = True
26.2754 	EXP 	image: autoDraw = False
26.2754 	EXP 	fixation: autoDraw = False
26.2754 	EXP 	image: autoDraw = False
26.2754 	EXP 	fixation: autoDraw = False
26.2754 	EXP 	image_2: autoDraw = True
26.2754 	EXP 	fixation_2: autoDraw = True
26.4323 	EXP 	New trial (rep=46, index=0): None
26.4403 	EXP 	image_2: autoDraw = False
26.4403 	EXP 	fixation_2: autoDraw = False
26.4403 	EXP 	image_2: autoDraw = False
26.4403 	EXP 	fixation_2: autoDraw = False
26.4403 	EXP 	image: autoDraw = True
26.4403 	EXP 	fixation: autoDraw = True
26.6053 	EXP 	image: autoDraw = False
26.6053 	EXP 	fixation: autoDraw = False
26.6053 	EXP 	image: autoDraw = False
26.6053 	EXP 	fixation: autoDraw = False
26.6053 	EXP 	image_2: autoDraw = True
26.6053 	EXP 	fixation_2: autoDraw = True
26.7630 	EXP 	New trial (rep=47, index=0): None
26.7724 	EXP 	image_2: autoDraw = False
26.7724 	EXP 	fixation_2: autoDraw = False
26.7724 	EXP 	image_2: autoDraw = False
26.7724 	EXP 	fixation_2: autoDraw = False
26.7724 	EXP 	image: autoDraw = True
26.7724 	EXP 	fixation: autoDraw = True
26.9344 	EXP 	image: autoDraw = False
26.9344 	EXP 	fixation: autoDraw = False
26.9344 	EXP 	image: autoDraw = False
26.9344 	EXP 	fixation: autoDraw = False
26.9344 	EXP 	image_2: autoDraw = True
26.9344 	EXP 	fixation_2: autoDraw = True
27.0864 	EXP 	New trial (rep=48, index=0): None
27.0961 	EXP 	image_2: autoDraw = False
27.0961 	EXP 	fixation_2: autoDraw = False
27.0961 	EXP 	image_2: autoDraw = False
27.0961 	EXP 	fixation_2: autoDraw = False
27.0961 	EXP 	image: autoDraw = True
27.0961 	EXP 	fixation: autoDraw = True
27.2583 	EXP 	image: autoDraw = False
27.2583 	EXP 	fixation: autoDraw = False
27.2583 	EXP 	image: autoDraw = False
27.2583 	EXP 	fixation: autoDraw = False
27.2583 	EXP 	image_2: autoDraw = True
27.2583 	EXP 	fixation_2: autoDraw = True
27.4129 	EXP 	New trial (rep=49, index=0): None
27.4224 	EXP 	image_2: autoDraw = False
27.4224 	EXP 	fixation_2: autoDraw = False
27.4224 	EXP 	image_2: autoDraw = False
27.4224 	EXP 	fixation_2: autoDraw = False
27.4224 	EXP 	image: autoDraw = True
27.4224 	EXP 	fixation: autoDraw = True
27.5819 	EXP 	image: autoDraw = False
27.5819 	EXP 	fixation: autoDraw = False
27.5819 	EXP 	image: autoDraw = False
27.5819 	EXP 	fixation: autoDraw = False
27.5819 	EXP 	image_2: autoDraw = True
27.5819 	EXP 	fixation_2: autoDraw = True
27.7369 	EXP 	New trial (rep=50, index=0): None
27.7469 	EXP 	image_2: autoDraw = False
27.7469 	EXP 	fixation_2: autoDraw = False
27.7469 	EXP 	image_2: autoDraw = False
27.7469 	EXP 	fixation_2: autoDraw = False
27.7469 	EXP 	image: autoDraw = True
27.7469 	EXP 	fixation: autoDraw = True
27.9148 	EXP 	image: autoDraw = False
27.9148 	EXP 	fixation: autoDraw = False
27.9148 	EXP 	image: autoDraw = False
27.9148 	EXP 	fixation: autoDraw = False
27.9148 	EXP 	image_2: autoDraw = True
27.9148 	EXP 	fixation_2: autoDraw = True
28.0679 	EXP 	New trial (rep=51, index=0): None
28.0772 	EXP 	image_2: autoDraw = False
28.0772 	EXP 	fixation_2: autoDraw = False
28.0772 	EXP 	image_2: autoDraw = False
28.0772 	EXP 	fixation_2: autoDraw = False
28.0772 	EXP 	image: autoDraw = True
28.0772 	EXP 	fixation: autoDraw = True
28.2389 	EXP 	image: autoDraw = False
28.2389 	EXP 	fixation: autoDraw = False
28.2389 	EXP 	image: autoDraw = False
28.2389 	EXP 	fixation: autoDraw = False
28.2389 	EXP 	image_2: autoDraw = True
28.2389 	EXP 	fixation_2: autoDraw = True
28.3970 	EXP 	New trial (rep=52, index=0): None
28.4070 	EXP 	image_2: autoDraw = False
28.4070 	EXP 	fixation_2: autoDraw = False
28.4070 	EXP 	image_2: autoDraw = False
28.4070 	EXP 	fixation_2: autoDraw = False
28.4070 	EXP 	image: autoDraw = True
28.4070 	EXP 	fixation: autoDraw = True
28.5706 	EXP 	image: autoDraw = False
28.5706 	EXP 	fixation: autoDraw = False
28.5706 	EXP 	image: autoDraw = False
28.5706 	EXP 	fixation: autoDraw = False
28.5706 	EXP 	image_2: autoDraw = True
28.5706 	EXP 	fixation_2: autoDraw = True
28.7215 	EXP 	New trial (rep=53, index=0): None
28.7315 	EXP 	image_2: autoDraw = False
28.7315 	EXP 	fixation_2: autoDraw = False
28.7315 	EXP 	image_2: autoDraw = False
28.7315 	EXP 	fixation_2: autoDraw = False
28.7315 	EXP 	image: autoDraw = True
28.7315 	EXP 	fixation: autoDraw = True
28.8982 	EXP 	image: autoDraw = False
28.8982 	EXP 	fixation: autoDraw = False
28.8982 	EXP 	image: autoDraw = False
28.8982 	EXP 	fixation: autoDraw = False
28.8982 	EXP 	image_2: autoDraw = True
28.8982 	EXP 	fixation_2: autoDraw = True
29.0576 	EXP 	New trial (rep=54, index=0): None
29.0669 	EXP 	image_2: autoDraw = False
29.0669 	EXP 	fixation_2: autoDraw = False
29.0669 	EXP 	image_2: autoDraw = False
29.0669 	EXP 	fixation_2: autoDraw = False
29.0669 	EXP 	image: autoDraw = True
29.0669 	EXP 	fixation: autoDraw = True
29.2338 	EXP 	image: autoDraw = False
29.2338 	EXP 	fixation: autoDraw = False
29.2338 	EXP 	image: autoDraw = False
29.2338 	EXP 	fixation: autoDraw = False
29.2338 	EXP 	image_2: autoDraw = True
29.2338 	EXP 	fixation_2: autoDraw = True
29.3871 	EXP 	New trial (rep=55, index=0): None
29.3968 	EXP 	image_2: autoDraw = False
29.3968 	EXP 	fixation_2: autoDraw = False
29.3968 	EXP 	image_2: autoDraw = False
29.3968 	EXP 	fixation_2: autoDraw = False
29.3968 	EXP 	image: autoDraw = True
29.3968 	EXP 	fixation: autoDraw = True
29.5594 	EXP 	image: autoDraw = False
29.5594 	EXP 	fixation: autoDraw = False
29.5594 	EXP 	image: autoDraw = False
29.5594 	EXP 	fixation: autoDraw = False
29.5594 	EXP 	image_2: autoDraw = True
29.5594 	EXP 	fixation_2: autoDraw = True
29.7132 	EXP 	New trial (rep=56, index=0): None
29.7215 	EXP 	image_2: autoDraw = False
29.7215 	EXP 	fixation_2: autoDraw = False
29.7215 	EXP 	image_2: autoDraw = False
29.7215 	EXP 	fixation_2: autoDraw = False
29.7215 	EXP 	image: autoDraw = True
29.7215 	EXP 	fixation: autoDraw = True
29.8894 	EXP 	image: autoDraw = False
29.8894 	EXP 	fixation: autoDraw = False
29.8894 	EXP 	image: autoDraw = False
29.8894 	EXP 	fixation: autoDraw = False
29.8894 	EXP 	image_2: autoDraw = True
29.8894 	EXP 	fixation_2: autoDraw = True
30.0477 	EXP 	New trial (rep=57, index=0): None
30.0564 	EXP 	image_2: autoDraw = False
30.0564 	EXP 	fixation_2: autoDraw = False
30.0564 	EXP 	image_2: autoDraw = False
30.0564 	EXP 	fixation_2: autoDraw = False
30.0564 	EXP 	image: autoDraw = True
30.0564 	EXP 	fixation: autoDraw = True
30.2211 	EXP 	image: autoDraw = False
30.2211 	EXP 	fixation: autoDraw = False
30.2211 	EXP 	image: autoDraw = False
30.2211 	EXP 	fixation: autoDraw = False
30.2211 	EXP 	image_2: autoDraw = True
30.2211 	EXP 	fixation_2: autoDraw = True
30.3775 	EXP 	New trial (rep=58, index=0): None
30.3872 	EXP 	image_2: autoDraw = False
30.3872 	EXP 	fixation_2: autoDraw = False
30.3872 	EXP 	image_2: autoDraw = False
30.3872 	EXP 	fixation_2: autoDraw = False
30.3872 	EXP 	image: autoDraw = True
30.3872 	EXP 	fixation: autoDraw = True
30.5511 	EXP 	image: autoDraw = False
30.5511 	EXP 	fixation: autoDraw = False
30.5511 	EXP 	image: autoDraw = False
30.5511 	EXP 	fixation: autoDraw = False
30.5511 	EXP 	image_2: autoDraw = True
30.5511 	EXP 	fixation_2: autoDraw = True
30.7055 	EXP 	New trial (rep=59, index=0): None
30.7153 	EXP 	image_2: autoDraw = False
30.7153 	EXP 	fixation_2: autoDraw = False
30.7153 	EXP 	image_2: autoDraw = False
30.7153 	EXP 	fixation_2: autoDraw = False
30.7153 	EXP 	image: autoDraw = True
30.7153 	EXP 	fixation: autoDraw = True
30.8842 	EXP 	image: autoDraw = False
30.8842 	EXP 	fixation: autoDraw = False
30.8842 	EXP 	image: autoDraw = False
30.8842 	EXP 	fixation: autoDraw = False
30.8842 	EXP 	image_2: autoDraw = True
30.8842 	EXP 	fixation_2: autoDraw = True
31.0410 	EXP 	New trial (rep=60, index=0): None
31.0504 	EXP 	image_2: autoDraw = False
31.0504 	EXP 	fixation_2: autoDraw = False
31.0504 	EXP 	image_2: autoDraw = False
31.0504 	EXP 	fixation_2: autoDraw = False
31.0504 	EXP 	image: autoDraw = True
31.0504 	EXP 	fixation: autoDraw = True
31.2163 	EXP 	image: autoDraw = False
31.2163 	EXP 	fixation: autoDraw = False
31.2163 	EXP 	image: autoDraw = False
31.2163 	EXP 	fixation: autoDraw = False
31.2163 	EXP 	image_2: autoDraw = True
31.2163 	EXP 	fixation_2: autoDraw = True
31.3844 	EXP 	New trial (rep=61, index=0): None
31.3946 	EXP 	image_2: autoDraw = False
31.3946 	EXP 	fixation_2: autoDraw = False
31.3946 	EXP 	image_2: autoDraw = False
31.3946 	EXP 	fixation_2: autoDraw = False
31.3946 	EXP 	image: autoDraw = True
31.3946 	EXP 	fixation: autoDraw = True
31.5603 	EXP 	image: autoDraw = False
31.5603 	EXP 	fixation: autoDraw = False
31.5603 	EXP 	image: autoDraw = False
31.5603 	EXP 	fixation: autoDraw = False
31.5603 	EXP 	image_2: autoDraw = True
31.5603 	EXP 	fixation_2: autoDraw = True
31.7187 	EXP 	New trial (rep=62, index=0): None
31.7282 	EXP 	image_2: autoDraw = False
31.7282 	EXP 	fixation_2: autoDraw = False
31.7282 	EXP 	image_2: autoDraw = False
31.7282 	EXP 	fixation_2: autoDraw = False
31.7282 	EXP 	image: autoDraw = True
31.7282 	EXP 	fixation: autoDraw = True
31.8896 	EXP 	image: autoDraw = False
31.8896 	EXP 	fixation: autoDraw = False
31.8896 	EXP 	image: autoDraw = False
31.8896 	EXP 	fixation: autoDraw = False
31.8896 	EXP 	image_2: autoDraw = True
31.8896 	EXP 	fixation_2: autoDraw = True
32.0438 	EXP 	New trial (rep=63, index=0): None
32.0535 	EXP 	image_2: autoDraw = False
32.0535 	EXP 	fixation_2: autoDraw = False
32.0535 	EXP 	image_2: autoDraw = False
32.0535 	EXP 	fixation_2: autoDraw = False
32.0535 	EXP 	image: autoDraw = True
32.0535 	EXP 	fixation: autoDraw = True
32.2213 	EXP 	image: autoDraw = False
32.2213 	EXP 	fixation: autoDraw = False
32.2213 	EXP 	image: autoDraw = False
32.2213 	EXP 	fixation: autoDraw = False
32.2213 	EXP 	image_2: autoDraw = True
32.2213 	EXP 	fixation_2: autoDraw = True
32.3786 	EXP 	New trial (rep=64, index=0): None
32.3878 	EXP 	image_2: autoDraw = False
32.3878 	EXP 	fixation_2: autoDraw = False
32.3878 	EXP 	image_2: autoDraw = False
32.3878 	EXP 	fixation_2: autoDraw = False
32.3878 	EXP 	image: autoDraw = True
32.3878 	EXP 	fixation: autoDraw = True
32.5557 	EXP 	image: autoDraw = False
32.5557 	EXP 	fixation: autoDraw = False
32.5557 	EXP 	image: autoDraw = False
32.5557 	EXP 	fixation: autoDraw = False
32.5557 	EXP 	image_2: autoDraw = True
32.5557 	EXP 	fixation_2: autoDraw = True
32.7156 	EXP 	New trial (rep=65, index=0): None
32.7238 	EXP 	image_2: autoDraw = False
32.7238 	EXP 	fixation_2: autoDraw = False
32.7238 	EXP 	image_2: autoDraw = False
32.7238 	EXP 	fixation_2: autoDraw = False
32.7238 	EXP 	image: autoDraw = True
32.7238 	EXP 	fixation: autoDraw = True
32.8873 	EXP 	image: autoDraw = False
32.8873 	EXP 	fixation: autoDraw = False
32.8873 	EXP 	image: autoDraw = False
32.8873 	EXP 	fixation: autoDraw = False
32.8873 	EXP 	image_2: autoDraw = True
32.8873 	EXP 	fixation_2: autoDraw = True
33.0435 	EXP 	New trial (rep=66, index=0): None
33.0645 	EXP 	image_2: autoDraw = False
33.0645 	EXP 	fixation_2: autoDraw = False
33.0645 	EXP 	image_2: autoDraw = False
33.0645 	EXP 	fixation_2: autoDraw = False
33.0645 	EXP 	image: autoDraw = True
33.0645 	EXP 	fixation: autoDraw = True
33.2232 	EXP 	image: autoDraw = False
33.2232 	EXP 	fixation: autoDraw = False
33.2232 	EXP 	image: autoDraw = False
33.2232 	EXP 	fixation: autoDraw = False
33.2232 	EXP 	image_2: autoDraw = True
33.2232 	EXP 	fixation_2: autoDraw = True
33.3760 	EXP 	New trial (rep=67, index=0): None
33.3862 	EXP 	image_2: autoDraw = False
33.3862 	EXP 	fixation_2: autoDraw = False
33.3862 	EXP 	image_2: autoDraw = False
33.3862 	EXP 	fixation_2: autoDraw = False
33.3862 	EXP 	image: autoDraw = True
33.3862 	EXP 	fixation: autoDraw = True
33.5524 	EXP 	image: autoDraw = False
33.5524 	EXP 	fixation: autoDraw = False
33.5524 	EXP 	image: autoDraw = False
33.5524 	EXP 	fixation: autoDraw = False
33.5524 	EXP 	image_2: autoDraw = True
33.5524 	EXP 	fixation_2: autoDraw = True
33.7113 	EXP 	New trial (rep=68, index=0): None
33.7210 	EXP 	image_2: autoDraw = False
33.7210 	EXP 	fixation_2: autoDraw = False
33.7210 	EXP 	image_2: autoDraw = False
33.7210 	EXP 	fixation_2: autoDraw = False
33.7210 	EXP 	image: autoDraw = True
33.7210 	EXP 	fixation: autoDraw = True
33.8980 	EXP 	image: autoDraw = False
33.8980 	EXP 	fixation: autoDraw = False
33.8980 	EXP 	image: autoDraw = False
33.8980 	EXP 	fixation: autoDraw = False
33.8980 	EXP 	image_2: autoDraw = True
33.8980 	EXP 	fixation_2: autoDraw = True
34.0539 	EXP 	New trial (rep=69, index=0): None
34.0636 	EXP 	image_2: autoDraw = False
34.0636 	EXP 	fixation_2: autoDraw = False
34.0636 	EXP 	image_2: autoDraw = False
34.0636 	EXP 	fixation_2: autoDraw = False
34.0636 	EXP 	image: autoDraw = True
34.0636 	EXP 	fixation: autoDraw = True
34.2295 	EXP 	image: autoDraw = False
34.2295 	EXP 	fixation: autoDraw = False
34.2295 	EXP 	image: autoDraw = False
34.2295 	EXP 	fixation: autoDraw = False
34.2295 	EXP 	image_2: autoDraw = True
34.2295 	EXP 	fixation_2: autoDraw = True
34.3839 	EXP 	New trial (rep=70, index=0): None
34.3982 	EXP 	image_2: autoDraw = False
34.3982 	EXP 	fixation_2: autoDraw = False
34.3982 	EXP 	image_2: autoDraw = False
34.3982 	EXP 	fixation_2: autoDraw = False
34.3982 	EXP 	image: autoDraw = True
34.3982 	EXP 	fixation: autoDraw = True
34.5630 	EXP 	image: autoDraw = False
34.5630 	EXP 	fixation: autoDraw = False
34.5630 	EXP 	image: autoDraw = False
34.5630 	EXP 	fixation: autoDraw = False
34.5630 	EXP 	image_2: autoDraw = True
34.5630 	EXP 	fixation_2: autoDraw = True
34.7167 	EXP 	New trial (rep=71, index=0): None
34.7258 	EXP 	image_2: autoDraw = False
34.7258 	EXP 	fixation_2: autoDraw = False
34.7258 	EXP 	image_2: autoDraw = False
34.7258 	EXP 	fixation_2: autoDraw = False
34.7258 	EXP 	image: autoDraw = True
34.7258 	EXP 	fixation: autoDraw = True
34.8921 	EXP 	image: autoDraw = False
34.8921 	EXP 	fixation: autoDraw = False
34.8921 	EXP 	image: autoDraw = False
34.8921 	EXP 	fixation: autoDraw = False
34.8921 	EXP 	image_2: autoDraw = True
34.8921 	EXP 	fixation_2: autoDraw = True
35.0434 	EXP 	New trial (rep=72, index=0): None
35.0534 	EXP 	image_2: autoDraw = False
35.0534 	EXP 	fixation_2: autoDraw = False
35.0534 	EXP 	image_2: autoDraw = False
35.0534 	EXP 	fixation_2: autoDraw = False
35.0534 	EXP 	image: autoDraw = True
35.0534 	EXP 	fixation: autoDraw = True
35.2202 	EXP 	image: autoDraw = False
35.2202 	EXP 	fixation: autoDraw = False
35.2202 	EXP 	image: autoDraw = False
35.2202 	EXP 	fixation: autoDraw = False
35.2202 	EXP 	image_2: autoDraw = True
35.2202 	EXP 	fixation_2: autoDraw = True
35.3770 	EXP 	New trial (rep=73, index=0): None
35.3978 	EXP 	image_2: autoDraw = False
35.3978 	EXP 	fixation_2: autoDraw = False
35.3978 	EXP 	image_2: autoDraw = False
35.3978 	EXP 	fixation_2: autoDraw = False
35.3978 	EXP 	image: autoDraw = True
35.3978 	EXP 	fixation: autoDraw = True
35.5655 	EXP 	image: autoDraw = False
35.5655 	EXP 	fixation: autoDraw = False
35.5655 	EXP 	image: autoDraw = False
35.5655 	EXP 	fixation: autoDraw = False
35.5655 	EXP 	image_2: autoDraw = True
35.5655 	EXP 	fixation_2: autoDraw = True
35.7156 	EXP 	New trial (rep=74, index=0): None
35.7241 	EXP 	image_2: autoDraw = False
35.7241 	EXP 	fixation_2: autoDraw = False
35.7241 	EXP 	image_2: autoDraw = False
35.7241 	EXP 	fixation_2: autoDraw = False
35.7241 	EXP 	image: autoDraw = True
35.7241 	EXP 	fixation: autoDraw = True
35.8982 	EXP 	image: autoDraw = False
35.8982 	EXP 	fixation: autoDraw = False
35.8982 	EXP 	image: autoDraw = False
35.8982 	EXP 	fixation: autoDraw = False
35.8982 	EXP 	image_2: autoDraw = True
35.8982 	EXP 	fixation_2: autoDraw = True
36.0510 	EXP 	New trial (rep=75, index=0): None
36.0606 	EXP 	image_2: autoDraw = False
36.0606 	EXP 	fixation_2: autoDraw = False
36.0606 	EXP 	image_2: autoDraw = False
36.0606 	EXP 	fixation_2: autoDraw = False
36.0606 	EXP 	image: autoDraw = True
36.0606 	EXP 	fixation: autoDraw = True
36.2483 	EXP 	image: autoDraw = False
36.2483 	EXP 	fixation: autoDraw = False
36.2483 	EXP 	image: autoDraw = False
36.2483 	EXP 	fixation: autoDraw = False
36.2483 	EXP 	image_2: autoDraw = True
36.2483 	EXP 	fixation_2: autoDraw = True
36.4064 	EXP 	New trial (rep=76, index=0): None
36.4161 	EXP 	image_2: autoDraw = False
36.4161 	EXP 	fixation_2: autoDraw = False
36.4161 	EXP 	image_2: autoDraw = False
36.4161 	EXP 	fixation_2: autoDraw = False
36.4161 	EXP 	image: autoDraw = True
36.4161 	EXP 	fixation: autoDraw = True
36.5771 	EXP 	image: autoDraw = False
36.5771 	EXP 	fixation: autoDraw = False
36.5771 	EXP 	image: autoDraw = False
36.5771 	EXP 	fixation: autoDraw = False
36.5771 	EXP 	image_2: autoDraw = True
36.5771 	EXP 	fixation_2: autoDraw = True
36.7366 	EXP 	New trial (rep=77, index=0): None
36.7461 	EXP 	image_2: autoDraw = False
36.7461 	EXP 	fixation_2: autoDraw = False
36.7461 	EXP 	image_2: autoDraw = False
36.7461 	EXP 	fixation_2: autoDraw = False
36.7461 	EXP 	image: autoDraw = True
36.7461 	EXP 	fixation: autoDraw = True
36.9091 	EXP 	image: autoDraw = False
36.9091 	EXP 	fixation: autoDraw = False
36.9091 	EXP 	image: autoDraw = False
36.9091 	EXP 	fixation: autoDraw = False
36.9091 	EXP 	image_2: autoDraw = True
36.9091 	EXP 	fixation_2: autoDraw = True
37.0669 	EXP 	New trial (rep=78, index=0): None
37.0766 	EXP 	image_2: autoDraw = False
37.0766 	EXP 	fixation_2: autoDraw = False
37.0766 	EXP 	image_2: autoDraw = False
37.0766 	EXP 	fixation_2: autoDraw = False
37.0766 	EXP 	image: autoDraw = True
37.0766 	EXP 	fixation: autoDraw = True
37.2376 	EXP 	image: autoDraw = False
37.2376 	EXP 	fixation: autoDraw = False
37.2376 	EXP 	image: autoDraw = False
37.2376 	EXP 	fixation: autoDraw = False
37.2376 	EXP 	image_2: autoDraw = True
37.2376 	EXP 	fixation_2: autoDraw = True
37.3948 	EXP 	New trial (rep=79, index=0): None
37.4044 	EXP 	image_2: autoDraw = False
37.4044 	EXP 	fixation_2: autoDraw = False
37.4044 	EXP 	image_2: autoDraw = False
37.4044 	EXP 	fixation_2: autoDraw = False
37.4044 	EXP 	image: autoDraw = True
37.4044 	EXP 	fixation: autoDraw = True
37.5652 	EXP 	image: autoDraw = False
37.5652 	EXP 	fixation: autoDraw = False
37.5652 	EXP 	image: autoDraw = False
37.5652 	EXP 	fixation: autoDraw = False
37.5652 	EXP 	image_2: autoDraw = True
37.5652 	EXP 	fixation_2: autoDraw = True
37.7186 	EXP 	New trial (rep=80, index=0): None
37.7290 	EXP 	image_2: autoDraw = False
37.7290 	EXP 	fixation_2: autoDraw = False
37.7290 	EXP 	image_2: autoDraw = False
37.7290 	EXP 	fixation_2: autoDraw = False
37.7290 	EXP 	image: autoDraw = True
37.7290 	EXP 	fixation: autoDraw = True
37.8938 	EXP 	image: autoDraw = False
37.8938 	EXP 	fixation: autoDraw = False
37.8938 	EXP 	image: autoDraw = False
37.8938 	EXP 	fixation: autoDraw = False
37.8938 	EXP 	image_2: autoDraw = True
37.8938 	EXP 	fixation_2: autoDraw = True
38.0549 	EXP 	New trial (rep=81, index=0): None
38.0648 	EXP 	image_2: autoDraw = False
38.0648 	EXP 	fixation_2: autoDraw = False
38.0648 	EXP 	image_2: autoDraw = False
38.0648 	EXP 	fixation_2: autoDraw = False
38.0648 	EXP 	image: autoDraw = True
38.0648 	EXP 	fixation: autoDraw = True
38.2264 	EXP 	image: autoDraw = False
38.2264 	EXP 	fixation: autoDraw = False
38.2264 	EXP 	image: autoDraw = False
38.2264 	EXP 	fixation: autoDraw = False
38.2264 	EXP 	image_2: autoDraw = True
38.2264 	EXP 	fixation_2: autoDraw = True
38.3858 	EXP 	New trial (rep=82, index=0): None
38.3957 	EXP 	image_2: autoDraw = False
38.3957 	EXP 	fixation_2: autoDraw = False
38.3957 	EXP 	image_2: autoDraw = False
38.3957 	EXP 	fixation_2: autoDraw = False
38.3957 	EXP 	image: autoDraw = True
38.3957 	EXP 	fixation: autoDraw = True
38.5557 	EXP 	image: autoDraw = False
38.5557 	EXP 	fixation: autoDraw = False
38.5557 	EXP 	image: autoDraw = False
38.5557 	EXP 	fixation: autoDraw = False
38.5557 	EXP 	image_2: autoDraw = True
38.5557 	EXP 	fixation_2: autoDraw = True
38.7212 	EXP 	New trial (rep=83, index=0): None
38.7312 	EXP 	image_2: autoDraw = False
38.7312 	EXP 	fixation_2: autoDraw = False
38.7312 	EXP 	image_2: autoDraw = False
38.7312 	EXP 	fixation_2: autoDraw = False
38.7312 	EXP 	image: autoDraw = True
38.7312 	EXP 	fixation: autoDraw = True
38.8987 	EXP 	image: autoDraw = False
38.8987 	EXP 	fixation: autoDraw = False
38.8987 	EXP 	image: autoDraw = False
38.8987 	EXP 	fixation: autoDraw = False
38.8987 	EXP 	image_2: autoDraw = True
38.8987 	EXP 	fixation_2: autoDraw = True
39.0490 	EXP 	New trial (rep=84, index=0): None
39.0571 	EXP 	image_2: autoDraw = False
39.0571 	EXP 	fixation_2: autoDraw = False
39.0571 	EXP 	image_2: autoDraw = False
39.0571 	EXP 	fixation_2: autoDraw = False
39.0571 	EXP 	image: autoDraw = True
39.0571 	EXP 	fixation: autoDraw = True
39.2316 	EXP 	image: autoDraw = False
39.2316 	EXP 	fixation: autoDraw = False
39.2316 	EXP 	image: autoDraw = False
39.2316 	EXP 	fixation: autoDraw = False
39.2316 	EXP 	image_2: autoDraw = True
39.2316 	EXP 	fixation_2: autoDraw = True
39.3863 	EXP 	New trial (rep=85, index=0): None
39.3953 	EXP 	image_2: autoDraw = False
39.3953 	EXP 	fixation_2: autoDraw = False
39.3953 	EXP 	image_2: autoDraw = False
39.3953 	EXP 	fixation_2: autoDraw = False
39.3953 	EXP 	image: autoDraw = True
39.3953 	EXP 	fixation: autoDraw = True
39.5587 	EXP 	image: autoDraw = False
39.5587 	EXP 	fixation: autoDraw = False
39.5587 	EXP 	image: autoDraw = False
39.5587 	EXP 	fixation: autoDraw = False
39.5587 	EXP 	image_2: autoDraw = True
39.5587 	EXP 	fixation_2: autoDraw = True
39.7169 	EXP 	New trial (rep=86, index=0): None
39.7316 	EXP 	image_2: autoDraw = False
39.7316 	EXP 	fixation_2: autoDraw = False
39.7316 	EXP 	image_2: autoDraw = False
39.7316 	EXP 	fixation_2: autoDraw = False
39.7316 	EXP 	image: autoDraw = True
39.7316 	EXP 	fixation: autoDraw = True
39.8980 	EXP 	image: autoDraw = False
39.8980 	EXP 	fixation: autoDraw = False
39.8980 	EXP 	image: autoDraw = False
39.8980 	EXP 	fixation: autoDraw = False
39.8980 	EXP 	image_2: autoDraw = True
39.8980 	EXP 	fixation_2: autoDraw = True
40.0502 	EXP 	New trial (rep=87, index=0): None
40.0595 	EXP 	image_2: autoDraw = False
40.0595 	EXP 	fixation_2: autoDraw = False
40.0595 	EXP 	image_2: autoDraw = False
40.0595 	EXP 	fixation_2: autoDraw = False
40.0595 	EXP 	image: autoDraw = True
40.0595 	EXP 	fixation: autoDraw = True
40.2227 	EXP 	image: autoDraw = False
40.2227 	EXP 	fixation: autoDraw = False
40.2227 	EXP 	image: autoDraw = False
40.2227 	EXP 	fixation: autoDraw = False
40.2227 	EXP 	image_2: autoDraw = True
40.2227 	EXP 	fixation_2: autoDraw = True
40.3820 	EXP 	New trial (rep=88, index=0): None
40.3914 	EXP 	image_2: autoDraw = False
40.3914 	EXP 	fixation_2: autoDraw = False
40.3914 	EXP 	image_2: autoDraw = False
40.3914 	EXP 	fixation_2: autoDraw = False
40.3914 	EXP 	image: autoDraw = True
40.3914 	EXP 	fixation: autoDraw = True
40.5537 	EXP 	image: autoDraw = False
40.5537 	EXP 	fixation: autoDraw = False
40.5537 	EXP 	image: autoDraw = False
40.5537 	EXP 	fixation: autoDraw = False
40.5537 	EXP 	image_2: autoDraw = True
40.5537 	EXP 	fixation_2: autoDraw = True
40.7076 	EXP 	New trial (rep=89, index=0): None
40.7163 	EXP 	image_2: autoDraw = False
40.7163 	EXP 	fixation_2: autoDraw = False
40.7163 	EXP 	image_2: autoDraw = False
40.7163 	EXP 	fixation_2: autoDraw = False
40.7163 	EXP 	image: autoDraw = True
40.7163 	EXP 	fixation: autoDraw = True
40.8772 	EXP 	image: autoDraw = False
40.8772 	EXP 	fixation: autoDraw = False
40.8772 	EXP 	image: autoDraw = False
40.8772 	EXP 	fixation: autoDraw = False
40.8772 	EXP 	image_2: autoDraw = True
40.8772 	EXP 	fixation_2: autoDraw = True
41.0340 	EXP 	New trial (rep=90, index=0): None
41.0427 	EXP 	image_2: autoDraw = False
41.0427 	EXP 	fixation_2: autoDraw = False
41.0427 	EXP 	image_2: autoDraw = False
41.0427 	EXP 	fixation_2: autoDraw = False
41.0427 	EXP 	image: autoDraw = True
41.0427 	EXP 	fixation: autoDraw = True
41.2064 	EXP 	image: autoDraw = False
41.2064 	EXP 	fixation: autoDraw = False
41.2064 	EXP 	image: autoDraw = False
41.2064 	EXP 	fixation: autoDraw = False
41.2064 	EXP 	image_2: autoDraw = True
41.2064 	EXP 	fixation_2: autoDraw = True
41.3558 	EXP 	New trial (rep=91, index=0): None
41.3656 	EXP 	image_2: autoDraw = False
41.3656 	EXP 	fixation_2: autoDraw = False
41.3656 	EXP 	image_2: autoDraw = False
41.3656 	EXP 	fixation_2: autoDraw = False
41.3656 	EXP 	image: autoDraw = True
41.3656 	EXP 	fixation: autoDraw = True
41.5307 	EXP 	image: autoDraw = False
41.5307 	EXP 	fixation: autoDraw = False
41.5307 	EXP 	image: autoDraw = False
41.5307 	EXP 	fixation: autoDraw = False
41.5307 	EXP 	image_2: autoDraw = True
41.5307 	EXP 	fixation_2: autoDraw = True
41.6878 	EXP 	New trial (rep=92, index=0): None
41.6979 	EXP 	image_2: autoDraw = False
41.6979 	EXP 	fixation_2: autoDraw = False
41.6979 	EXP 	image_2: autoDraw = False
41.6979 	EXP 	fixation_2: autoDraw = False
41.6979 	EXP 	image: autoDraw = True
41.6979 	EXP 	fixation: autoDraw = True
41.8595 	EXP 	image: autoDraw = False
41.8595 	EXP 	fixation: autoDraw = False
41.8595 	EXP 	image: autoDraw = False
41.8595 	EXP 	fixation: autoDraw = False
41.8595 	EXP 	image_2: autoDraw = True
41.8595 	EXP 	fixation_2: autoDraw = True
42.0177 	EXP 	New trial (rep=93, index=0): None
42.0276 	EXP 	image_2: autoDraw = False
42.0276 	EXP 	fixation_2: autoDraw = False
42.0276 	EXP 	image_2: autoDraw = False
42.0276 	EXP 	fixation_2: autoDraw = False
42.0276 	EXP 	image: autoDraw = True
42.0276 	EXP 	fixation: autoDraw = True
42.1926 	EXP 	image: autoDraw = False
42.1926 	EXP 	fixation: autoDraw = False
42.1926 	EXP 	image: autoDraw = False
42.1926 	EXP 	fixation: autoDraw = False
42.1926 	EXP 	image_2: autoDraw = True
42.1926 	EXP 	fixation_2: autoDraw = True
42.3453 	EXP 	New trial (rep=94, index=0): None
42.3543 	EXP 	image_2: autoDraw = False
42.3543 	EXP 	fixation_2: autoDraw = False
42.3543 	EXP 	image_2: autoDraw = False
42.3543 	EXP 	fixation_2: autoDraw = False
42.3543 	EXP 	image: autoDraw = True
42.3543 	EXP 	fixation: autoDraw = True
42.5180 	EXP 	image: autoDraw = False
42.5180 	EXP 	fixation: autoDraw = False
42.5180 	EXP 	image: autoDraw = False
42.5180 	EXP 	fixation: autoDraw = False
42.5180 	EXP 	image_2: autoDraw = True
42.5180 	EXP 	fixation_2: autoDraw = True
42.6735 	EXP 	New trial (rep=95, index=0): None
42.6833 	EXP 	image_2: autoDraw = False
42.6833 	EXP 	fixation_2: autoDraw = False
42.6833 	EXP 	image_2: autoDraw = False
42.6833 	EXP 	fixation_2: autoDraw = False
42.6833 	EXP 	image: autoDraw = True
42.6833 	EXP 	fixation: autoDraw = True
42.8479 	EXP 	image: autoDraw = False
42.8479 	EXP 	fixation: autoDraw = False
42.8479 	EXP 	image: autoDraw = False
42.8479 	EXP 	fixation: autoDraw = False
42.8479 	EXP 	image_2: autoDraw = True
42.8479 	EXP 	fixation_2: autoDraw = True
43.0048 	EXP 	New trial (rep=96, index=0): None
43.0146 	EXP 	image_2: autoDraw = False
43.0146 	EXP 	fixation_2: autoDraw = False
43.0146 	EXP 	image_2: autoDraw = False
43.0146 	EXP 	fixation_2: autoDraw = False
43.0146 	EXP 	image: autoDraw = True
43.0146 	EXP 	fixation: autoDraw = True
43.1786 	EXP 	image: autoDraw = False
43.1786 	EXP 	fixation: autoDraw = False
43.1786 	EXP 	image: autoDraw = False
43.1786 	EXP 	fixation: autoDraw = False
43.1786 	EXP 	image_2: autoDraw = True
43.1786 	EXP 	fixation_2: autoDraw = True
43.3324 	EXP 	New trial (rep=97, index=0): None
43.3413 	EXP 	image_2: autoDraw = False
43.3413 	EXP 	fixation_2: autoDraw = False
43.3413 	EXP 	image_2: autoDraw = False
43.3413 	EXP 	fixation_2: autoDraw = False
43.3413 	EXP 	image: autoDraw = True
43.3413 	EXP 	fixation: autoDraw = True
43.5095 	EXP 	image: autoDraw = False
43.5095 	EXP 	fixation: autoDraw = False
43.5095 	EXP 	image: autoDraw = False
43.5095 	EXP 	fixation: autoDraw = False
43.5095 	EXP 	image_2: autoDraw = True
43.5095 	EXP 	fixation_2: autoDraw = True
43.6668 	EXP 	New trial (rep=98, index=0): None
43.6762 	EXP 	image_2: autoDraw = False
43.6762 	EXP 	fixation_2: autoDraw = False
43.6762 	EXP 	image_2: autoDraw = False
43.6762 	EXP 	fixation_2: autoDraw = False
43.6762 	EXP 	image: autoDraw = True
43.6762 	EXP 	fixation: autoDraw = True
43.8478 	EXP 	image: autoDraw = False
43.8478 	EXP 	fixation: autoDraw = False
43.8478 	EXP 	image: autoDraw = False
43.8478 	EXP 	fixation: autoDraw = False
43.8478 	EXP 	image_2: autoDraw = True
43.8478 	EXP 	fixation_2: autoDraw = True
44.0039 	EXP 	New trial (rep=99, index=0): None
44.0138 	EXP 	image_2: autoDraw = False
44.0138 	EXP 	fixation_2: autoDraw = False
44.0138 	EXP 	image_2: autoDraw = False
44.0138 	EXP 	fixation_2: autoDraw = False
44.0138 	EXP 	image: autoDraw = True
44.0138 	EXP 	fixation: autoDraw = True
44.1745 	EXP 	image: autoDraw = False
44.1745 	EXP 	fixation: autoDraw = False
44.1745 	EXP 	image: autoDraw = False
44.1745 	EXP 	fixation: autoDraw = False
44.1745 	EXP 	image_2: autoDraw = True
44.1745 	EXP 	fixation_2: autoDraw = True
44.3379 	EXP 	image_2: autoDraw = False
44.3379 	EXP 	fixation_2: autoDraw = False
44.3379 	EXP 	image_2: autoDraw = False
44.3379 	EXP 	fixation_2: autoDraw = False
44.3741 	EXP 	window1: mouseVisible = True
