1.1593 	WARNING 	We strongly recommend you activate the PTB sound engine in PsychoPy prefs as the preferred audio engine. Its timing is vastly superior. Your prefs are currently set to use ['sounddevice', 'PTB', 'pyo', 'pygame'] (in that order).
5.5237 	WARNING 	User requested fullscreen with size [1024  768], but screen is actually [2560, 1080]. Using actual size
6.7248 	WARNING 	Couldn't measure a consistent frame rate!
  - Is your graphics card set to sync to vertical blank?
  - Are you running other processes on your computer?

6.7256 	EXP 	Created window1 = Window(allowGUI=True, allowStencil=False, autoLog=True, backendConf=UNKNOWN, bitsMode=UNKNOWN, blendMode='avg', bpc=(8, 8, 8), color=array([0, 0, 0]), colorSpace='rgb', depthBits=8, fullscr=<method-wrapper '__getattribute__' of attributeSetter object at 0x7fc0f398abb0>, gamma=None, gammaErrorPolicy='raise', lms=UNKNOWN, monitor=<psychopy.monitors.calibTools.Monitor object at 0x7fc0983f2730>, multiSample=False, name='window1', numSamples=2, pos=[0.0, 0.0], screen=0, size=array([2560, 1080]), stencilBits=0, stereo=False, units='height', useFBO=True, useRetina=False, viewOri=0.0, viewPos=None, viewScale=None, waitBlanking=True, winType='pyglet')
6.7260 	EXP 	window1: mouseVisible = True
6.7269 	EXP 	window1: mouseVisible = False
6.7269 	EXP 	window1: Attempting to measure frame rate of screen (0) ...
6.7269 	EXP 	window1: recordFrameIntervals = False
6.8080 	EXP 	window1: recordFrameIntervals = True
7.6415 	WARNING 	Couldn't measure a consistent frame rate!
  - Is your graphics card set to sync to vertical blank?
  - Are you running other processes on your computer?

9.9017 	EXP 	Created image = ImageStim(__class__=<class 'psychopy.visual.image.ImageStim'>, anchor=('center', 'center'), autoLog=True, color=array([1, 1, 1]), colorSpace='rgb', contrast=1.0, depth=-1.0, flipHoriz=False, flipVert=False, image=str(...), interpolate=True, mask=None, maskParams=None, name='image', opacity=1.0, ori=0.0, pos=array([0., 0.]), size=array([0.5, 0.5]), texRes=128.0, units='height', win=Window(...))
9.9082 	EXP 	Created fixation = ShapeStim(__class__=<class 'psychopy.visual.shape.ShapeStim'>, anchor=('center', 'center'), autoDraw=False, autoLog=True, closeShape=True, color=method-wrapper(...), colorSpace='rgb', contrast=None, depth=-2.0, fillColor=array([ 1, -1, -1]), fillColorSpace='rgb', fillRGB=array([ 1, -1, -1]), interpolate=True, lineColor=array([ 1, -1, -1]), lineColorSpace='rgb', lineRGB=array([ 1, -1, -1]), lineWidth=1.0, name='fixation', opacity=1.0, ori=0.0, pos=array([0., 0.]), size=array([0.01, 0.01]), units='height', vertices=ndarray(...), win=Window(...), windingRule=None)
10.1478 	EXP 	Created image_2 = ImageStim(__class__=<class 'psychopy.visual.image.ImageStim'>, anchor=('center', 'center'), autoLog=True, color=array([1, 1, 1]), colorSpace='rgb', contrast=1.0, depth=-1.0, flipHoriz=False, flipVert=False, image=str(...), interpolate=True, mask=None, maskParams=None, name='image_2', opacity=1.0, ori=0.0, pos=array([0., 0.]), size=array([0.5, 0.5]), texRes=128.0, units='height', win=Window(...))
10.1509 	EXP 	Created fixation_2 = ShapeStim(__class__=<class 'psychopy.visual.shape.ShapeStim'>, anchor=('center', 'center'), autoDraw=False, autoLog=True, closeShape=True, color=method-wrapper(...), colorSpace='rgb', contrast=None, depth=-2.0, fillColor=array([ 1, -1, -1]), fillColorSpace='rgb', fillRGB=array([ 1, -1, -1]), interpolate=True, lineColor=array([ 1, -1, -1]), lineColorSpace='rgb', lineRGB=array([ 1, -1, -1]), lineWidth=1.0, name='fixation_2', opacity=1.0, ori=0.0, pos=array([0., 0.]), size=array([0.01, 0.01]), units='height', vertices=ndarray(...), win=Window(...), windingRule=None)
10.1522 	EXP 	Created sequence: random, trialTypes=1, nReps=100, seed=None
10.1526 	EXP 	New trial (rep=0, index=0): None
10.1759 	WARNING 	t of last frame was 2534.77ms (=1/0)
10.1759 	EXP 	image: autoDraw = True
10.1759 	EXP 	fixation: autoDraw = True
10.3565 	WARNING 	t of last frame was 27.52ms (=1/36)
10.3565 	EXP 	image: autoDraw = False
10.3565 	EXP 	fixation: autoDraw = False
10.3565 	EXP 	image: autoDraw = False
10.3565 	EXP 	fixation: autoDraw = False
10.3565 	EXP 	image_2: autoDraw = True
10.3565 	EXP 	fixation_2: autoDraw = True
10.5084 	EXP 	New trial (rep=1, index=0): None
10.5126 	EXP 	image_2: autoDraw = False
10.5126 	EXP 	fixation_2: autoDraw = False
10.5126 	EXP 	image_2: autoDraw = False
10.5126 	EXP 	fixation_2: autoDraw = False
10.5126 	EXP 	image: autoDraw = True
10.5126 	EXP 	fixation: autoDraw = True
10.6802 	EXP 	image: autoDraw = False
10.6802 	EXP 	fixation: autoDraw = False
10.6802 	EXP 	image: autoDraw = False
10.6802 	EXP 	fixation: autoDraw = False
10.6802 	EXP 	image_2: autoDraw = True
10.6802 	EXP 	fixation_2: autoDraw = True
10.8307 	EXP 	New trial (rep=2, index=0): None
10.8407 	EXP 	image_2: autoDraw = False
10.8407 	EXP 	fixation_2: autoDraw = False
10.8407 	EXP 	image_2: autoDraw = False
10.8407 	EXP 	fixation_2: autoDraw = False
10.8407 	EXP 	image: autoDraw = True
10.8407 	EXP 	fixation: autoDraw = True
10.9962 	EXP 	image: autoDraw = False
10.9962 	EXP 	fixation: autoDraw = False
10.9962 	EXP 	image: autoDraw = False
10.9962 	EXP 	fixation: autoDraw = False
10.9962 	EXP 	image_2: autoDraw = True
10.9962 	EXP 	fixation_2: autoDraw = True
11.1472 	EXP 	New trial (rep=3, index=0): None
11.1572 	EXP 	image_2: autoDraw = False
11.1572 	EXP 	fixation_2: autoDraw = False
11.1572 	EXP 	image_2: autoDraw = False
11.1572 	EXP 	fixation_2: autoDraw = False
11.1572 	EXP 	image: autoDraw = True
11.1572 	EXP 	fixation: autoDraw = True
11.3132 	EXP 	image: autoDraw = False
11.3132 	EXP 	fixation: autoDraw = False
11.3132 	EXP 	image: autoDraw = False
11.3132 	EXP 	fixation: autoDraw = False
11.3132 	EXP 	image_2: autoDraw = True
11.3132 	EXP 	fixation_2: autoDraw = True
11.4640 	EXP 	New trial (rep=4, index=0): None
11.4738 	EXP 	image_2: autoDraw = False
11.4738 	EXP 	fixation_2: autoDraw = False
11.4738 	EXP 	image_2: autoDraw = False
11.4738 	EXP 	fixation_2: autoDraw = False
11.4738 	EXP 	image: autoDraw = True
11.4738 	EXP 	fixation: autoDraw = True
11.6301 	EXP 	image: autoDraw = False
11.6301 	EXP 	fixation: autoDraw = False
11.6301 	EXP 	image: autoDraw = False
11.6301 	EXP 	fixation: autoDraw = False
11.6301 	EXP 	image_2: autoDraw = True
11.6301 	EXP 	fixation_2: autoDraw = True
11.7812 	EXP 	New trial (rep=5, index=0): None
11.7906 	EXP 	image_2: autoDraw = False
11.7906 	EXP 	fixation_2: autoDraw = False
11.7906 	EXP 	image_2: autoDraw = False
11.7906 	EXP 	fixation_2: autoDraw = False
11.7906 	EXP 	image: autoDraw = True
11.7906 	EXP 	fixation: autoDraw = True
11.9463 	EXP 	image: autoDraw = False
11.9463 	EXP 	fixation: autoDraw = False
11.9463 	EXP 	image: autoDraw = False
11.9463 	EXP 	fixation: autoDraw = False
11.9463 	EXP 	image_2: autoDraw = True
11.9463 	EXP 	fixation_2: autoDraw = True
12.0979 	EXP 	New trial (rep=6, index=0): None
12.1074 	EXP 	image_2: autoDraw = False
12.1074 	EXP 	fixation_2: autoDraw = False
12.1074 	EXP 	image_2: autoDraw = False
12.1074 	EXP 	fixation_2: autoDraw = False
12.1074 	EXP 	image: autoDraw = True
12.1074 	EXP 	fixation: autoDraw = True
12.2641 	EXP 	image: autoDraw = False
12.2641 	EXP 	fixation: autoDraw = False
12.2641 	EXP 	image: autoDraw = False
12.2641 	EXP 	fixation: autoDraw = False
12.2641 	EXP 	image_2: autoDraw = True
12.2641 	EXP 	fixation_2: autoDraw = True
12.4251 	EXP 	New trial (rep=7, index=0): None
12.4297 	EXP 	image_2: autoDraw = False
12.4297 	EXP 	fixation_2: autoDraw = False
12.4297 	EXP 	image_2: autoDraw = False
12.4297 	EXP 	fixation_2: autoDraw = False
12.4297 	EXP 	image: autoDraw = True
12.4297 	EXP 	fixation: autoDraw = True
12.5906 	EXP 	image: autoDraw = False
12.5906 	EXP 	fixation: autoDraw = False
12.5906 	EXP 	image: autoDraw = False
12.5906 	EXP 	fixation: autoDraw = False
12.5906 	EXP 	image_2: autoDraw = True
12.5906 	EXP 	fixation_2: autoDraw = True
12.7426 	EXP 	New trial (rep=8, index=0): None
12.7471 	EXP 	image_2: autoDraw = False
12.7471 	EXP 	fixation_2: autoDraw = False
12.7471 	EXP 	image_2: autoDraw = False
12.7471 	EXP 	fixation_2: autoDraw = False
12.7471 	EXP 	image: autoDraw = True
12.7471 	EXP 	fixation: autoDraw = True
12.9131 	EXP 	image: autoDraw = False
12.9131 	EXP 	fixation: autoDraw = False
12.9131 	EXP 	image: autoDraw = False
12.9131 	EXP 	fixation: autoDraw = False
12.9131 	EXP 	image_2: autoDraw = True
12.9131 	EXP 	fixation_2: autoDraw = True
13.0639 	EXP 	New trial (rep=9, index=0): None
13.0739 	EXP 	image_2: autoDraw = False
13.0739 	EXP 	fixation_2: autoDraw = False
13.0739 	EXP 	image_2: autoDraw = False
13.0739 	EXP 	fixation_2: autoDraw = False
13.0739 	EXP 	image: autoDraw = True
13.0739 	EXP 	fixation: autoDraw = True
13.2286 	EXP 	image: autoDraw = False
13.2286 	EXP 	fixation: autoDraw = False
13.2286 	EXP 	image: autoDraw = False
13.2286 	EXP 	fixation: autoDraw = False
13.2286 	EXP 	image_2: autoDraw = True
13.2286 	EXP 	fixation_2: autoDraw = True
13.3804 	EXP 	New trial (rep=10, index=0): None
13.3906 	EXP 	image_2: autoDraw = False
13.3906 	EXP 	fixation_2: autoDraw = False
13.3906 	EXP 	image_2: autoDraw = False
13.3906 	EXP 	fixation_2: autoDraw = False
13.3906 	EXP 	image: autoDraw = True
13.3906 	EXP 	fixation: autoDraw = True
13.5468 	EXP 	image: autoDraw = False
13.5468 	EXP 	fixation: autoDraw = False
13.5468 	EXP 	image: autoDraw = False
13.5468 	EXP 	fixation: autoDraw = False
13.5468 	EXP 	image_2: autoDraw = True
13.5468 	EXP 	fixation_2: autoDraw = True
13.6973 	EXP 	New trial (rep=11, index=0): None
13.7072 	EXP 	image_2: autoDraw = False
13.7072 	EXP 	fixation_2: autoDraw = False
13.7072 	EXP 	image_2: autoDraw = False
13.7072 	EXP 	fixation_2: autoDraw = False
13.7072 	EXP 	image: autoDraw = True
13.7072 	EXP 	fixation: autoDraw = True
13.8634 	EXP 	image: autoDraw = False
13.8634 	EXP 	fixation: autoDraw = False
13.8634 	EXP 	image: autoDraw = False
13.8634 	EXP 	fixation: autoDraw = False
13.8634 	EXP 	image_2: autoDraw = True
13.8634 	EXP 	fixation_2: autoDraw = True
14.0138 	EXP 	New trial (rep=12, index=0): None
14.0239 	EXP 	image_2: autoDraw = False
14.0239 	EXP 	fixation_2: autoDraw = False
14.0239 	EXP 	image_2: autoDraw = False
14.0239 	EXP 	fixation_2: autoDraw = False
14.0239 	EXP 	image: autoDraw = True
14.0239 	EXP 	fixation: autoDraw = True
14.1799 	EXP 	image: autoDraw = False
14.1799 	EXP 	fixation: autoDraw = False
14.1799 	EXP 	image: autoDraw = False
14.1799 	EXP 	fixation: autoDraw = False
14.1799 	EXP 	image_2: autoDraw = True
14.1799 	EXP 	fixation_2: autoDraw = True
14.3292 	EXP 	New trial (rep=13, index=0): None
14.3407 	EXP 	image_2: autoDraw = False
14.3407 	EXP 	fixation_2: autoDraw = False
14.3407 	EXP 	image_2: autoDraw = False
14.3407 	EXP 	fixation_2: autoDraw = False
14.3407 	EXP 	image: autoDraw = True
14.3407 	EXP 	fixation: autoDraw = True
14.4960 	EXP 	image: autoDraw = False
14.4960 	EXP 	fixation: autoDraw = False
14.4960 	EXP 	image: autoDraw = False
14.4960 	EXP 	fixation: autoDraw = False
14.4960 	EXP 	image_2: autoDraw = True
14.4960 	EXP 	fixation_2: autoDraw = True
14.6471 	EXP 	New trial (rep=14, index=0): None
14.6573 	EXP 	image_2: autoDraw = False
14.6573 	EXP 	fixation_2: autoDraw = False
14.6573 	EXP 	image_2: autoDraw = False
14.6573 	EXP 	fixation_2: autoDraw = False
14.6573 	EXP 	image: autoDraw = True
14.6573 	EXP 	fixation: autoDraw = True
14.8130 	EXP 	image: autoDraw = False
14.8130 	EXP 	fixation: autoDraw = False
14.8130 	EXP 	image: autoDraw = False
14.8130 	EXP 	fixation: autoDraw = False
14.8130 	EXP 	image_2: autoDraw = True
14.8130 	EXP 	fixation_2: autoDraw = True
14.9641 	EXP 	New trial (rep=15, index=0): None
14.9739 	EXP 	image_2: autoDraw = False
14.9739 	EXP 	fixation_2: autoDraw = False
14.9739 	EXP 	image_2: autoDraw = False
14.9739 	EXP 	fixation_2: autoDraw = False
14.9739 	EXP 	image: autoDraw = True
14.9739 	EXP 	fixation: autoDraw = True
15.1298 	EXP 	image: autoDraw = False
15.1298 	EXP 	fixation: autoDraw = False
15.1298 	EXP 	image: autoDraw = False
15.1298 	EXP 	fixation: autoDraw = False
15.1298 	EXP 	image_2: autoDraw = True
15.1298 	EXP 	fixation_2: autoDraw = True
15.2810 	EXP 	New trial (rep=16, index=0): None
15.2906 	EXP 	image_2: autoDraw = False
15.2906 	EXP 	fixation_2: autoDraw = False
15.2906 	EXP 	image_2: autoDraw = False
15.2906 	EXP 	fixation_2: autoDraw = False
15.2906 	EXP 	image: autoDraw = True
15.2906 	EXP 	fixation: autoDraw = True
15.4575 	EXP 	image: autoDraw = False
15.4575 	EXP 	fixation: autoDraw = False
15.4575 	EXP 	image: autoDraw = False
15.4575 	EXP 	fixation: autoDraw = False
15.4575 	EXP 	image_2: autoDraw = True
15.4575 	EXP 	fixation_2: autoDraw = True
15.6096 	EXP 	New trial (rep=17, index=0): None
15.6139 	EXP 	image_2: autoDraw = False
15.6139 	EXP 	fixation_2: autoDraw = False
15.6139 	EXP 	image_2: autoDraw = False
15.6139 	EXP 	fixation_2: autoDraw = False
15.6139 	EXP 	image: autoDraw = True
15.6139 	EXP 	fixation: autoDraw = True
15.7740 	EXP 	image: autoDraw = False
15.7740 	EXP 	fixation: autoDraw = False
15.7740 	EXP 	image: autoDraw = False
15.7740 	EXP 	fixation: autoDraw = False
15.7740 	EXP 	image_2: autoDraw = True
15.7740 	EXP 	fixation_2: autoDraw = True
15.9261 	EXP 	New trial (rep=18, index=0): None
15.9306 	EXP 	image_2: autoDraw = False
15.9306 	EXP 	fixation_2: autoDraw = False
15.9306 	EXP 	image_2: autoDraw = False
15.9306 	EXP 	fixation_2: autoDraw = False
15.9306 	EXP 	image: autoDraw = True
15.9306 	EXP 	fixation: autoDraw = True
16.0906 	EXP 	image: autoDraw = False
16.0906 	EXP 	fixation: autoDraw = False
16.0906 	EXP 	image: autoDraw = False
16.0906 	EXP 	fixation: autoDraw = False
16.0906 	EXP 	image_2: autoDraw = True
16.0906 	EXP 	fixation_2: autoDraw = True
16.2426 	EXP 	New trial (rep=19, index=0): None
16.2469 	EXP 	image_2: autoDraw = False
16.2469 	EXP 	fixation_2: autoDraw = False
16.2469 	EXP 	image_2: autoDraw = False
16.2469 	EXP 	fixation_2: autoDraw = False
16.2469 	EXP 	image: autoDraw = True
16.2469 	EXP 	fixation: autoDraw = True
16.4074 	EXP 	image: autoDraw = False
16.4074 	EXP 	fixation: autoDraw = False
16.4074 	EXP 	image: autoDraw = False
16.4074 	EXP 	fixation: autoDraw = False
16.4074 	EXP 	image_2: autoDraw = True
16.4074 	EXP 	fixation_2: autoDraw = True
16.5602 	EXP 	New trial (rep=20, index=0): None
16.5648 	EXP 	image_2: autoDraw = False
16.5648 	EXP 	fixation_2: autoDraw = False
16.5648 	EXP 	image_2: autoDraw = False
16.5648 	EXP 	fixation_2: autoDraw = False
16.5648 	EXP 	image: autoDraw = True
16.5648 	EXP 	fixation: autoDraw = True
16.7308 	EXP 	image: autoDraw = False
16.7308 	EXP 	fixation: autoDraw = False
16.7308 	EXP 	image: autoDraw = False
16.7308 	EXP 	fixation: autoDraw = False
16.7308 	EXP 	image_2: autoDraw = True
16.7308 	EXP 	fixation_2: autoDraw = True
16.8918 	EXP 	New trial (rep=21, index=0): None
16.8964 	EXP 	image_2: autoDraw = False
16.8964 	EXP 	fixation_2: autoDraw = False
16.8964 	EXP 	image_2: autoDraw = False
16.8964 	EXP 	fixation_2: autoDraw = False
16.8964 	EXP 	image: autoDraw = True
16.8964 	EXP 	fixation: autoDraw = True
17.0573 	EXP 	image: autoDraw = False
17.0573 	EXP 	fixation: autoDraw = False
17.0573 	EXP 	image: autoDraw = False
17.0573 	EXP 	fixation: autoDraw = False
17.0573 	EXP 	image_2: autoDraw = True
17.0573 	EXP 	fixation_2: autoDraw = True
17.2086 	EXP 	New trial (rep=22, index=0): None
17.2132 	EXP 	image_2: autoDraw = False
17.2132 	EXP 	fixation_2: autoDraw = False
17.2132 	EXP 	image_2: autoDraw = False
17.2132 	EXP 	fixation_2: autoDraw = False
17.2132 	EXP 	image: autoDraw = True
17.2132 	EXP 	fixation: autoDraw = True
17.3740 	EXP 	image: autoDraw = False
17.3740 	EXP 	fixation: autoDraw = False
17.3740 	EXP 	image: autoDraw = False
17.3740 	EXP 	fixation: autoDraw = False
17.3740 	EXP 	image_2: autoDraw = True
17.3740 	EXP 	fixation_2: autoDraw = True
17.5267 	EXP 	New trial (rep=23, index=0): None
17.5321 	EXP 	image_2: autoDraw = False
17.5321 	EXP 	fixation_2: autoDraw = False
17.5321 	EXP 	image_2: autoDraw = False
17.5321 	EXP 	fixation_2: autoDraw = False
17.5321 	EXP 	image: autoDraw = True
17.5321 	EXP 	fixation: autoDraw = True
17.6969 	EXP 	image: autoDraw = False
17.6969 	EXP 	fixation: autoDraw = False
17.6969 	EXP 	image: autoDraw = False
17.6969 	EXP 	fixation: autoDraw = False
17.6969 	EXP 	image_2: autoDraw = True
17.6969 	EXP 	fixation_2: autoDraw = True
17.8473 	EXP 	New trial (rep=24, index=0): None
17.8573 	EXP 	image_2: autoDraw = False
17.8573 	EXP 	fixation_2: autoDraw = False
17.8573 	EXP 	image_2: autoDraw = False
17.8573 	EXP 	fixation_2: autoDraw = False
17.8573 	EXP 	image: autoDraw = True
17.8573 	EXP 	fixation: autoDraw = True
18.0137 	EXP 	image: autoDraw = False
18.0137 	EXP 	fixation: autoDraw = False
18.0137 	EXP 	image: autoDraw = False
18.0137 	EXP 	fixation: autoDraw = False
18.0137 	EXP 	image_2: autoDraw = True
18.0137 	EXP 	fixation_2: autoDraw = True
18.1635 	EXP 	New trial (rep=25, index=0): None
18.1741 	EXP 	image_2: autoDraw = False
18.1741 	EXP 	fixation_2: autoDraw = False
18.1741 	EXP 	image_2: autoDraw = False
18.1741 	EXP 	fixation_2: autoDraw = False
18.1741 	EXP 	image: autoDraw = True
18.1741 	EXP 	fixation: autoDraw = True
18.3300 	EXP 	image: autoDraw = False
18.3300 	EXP 	fixation: autoDraw = False
18.3300 	EXP 	image: autoDraw = False
18.3300 	EXP 	fixation: autoDraw = False
18.3300 	EXP 	image_2: autoDraw = True
18.3300 	EXP 	fixation_2: autoDraw = True
18.4803 	EXP 	New trial (rep=26, index=0): None
18.4904 	EXP 	image_2: autoDraw = False
18.4904 	EXP 	fixation_2: autoDraw = False
18.4904 	EXP 	image_2: autoDraw = False
18.4904 	EXP 	fixation_2: autoDraw = False
18.4904 	EXP 	image: autoDraw = True
18.4904 	EXP 	fixation: autoDraw = True
18.6461 	EXP 	image: autoDraw = False
18.6461 	EXP 	fixation: autoDraw = False
18.6461 	EXP 	image: autoDraw = False
18.6461 	EXP 	fixation: autoDraw = False
18.6461 	EXP 	image_2: autoDraw = True
18.6461 	EXP 	fixation_2: autoDraw = True
18.7979 	EXP 	New trial (rep=27, index=0): None
18.8072 	EXP 	image_2: autoDraw = False
18.8072 	EXP 	fixation_2: autoDraw = False
18.8072 	EXP 	image_2: autoDraw = False
18.8072 	EXP 	fixation_2: autoDraw = False
18.8072 	EXP 	image: autoDraw = True
18.8072 	EXP 	fixation: autoDraw = True
18.9639 	EXP 	image: autoDraw = False
18.9639 	EXP 	fixation: autoDraw = False
18.9639 	EXP 	image: autoDraw = False
18.9639 	EXP 	fixation: autoDraw = False
18.9639 	EXP 	image_2: autoDraw = True
18.9639 	EXP 	fixation_2: autoDraw = True
19.1139 	EXP 	New trial (rep=28, index=0): None
19.1240 	EXP 	image_2: autoDraw = False
19.1240 	EXP 	fixation_2: autoDraw = False
19.1240 	EXP 	image_2: autoDraw = False
19.1240 	EXP 	fixation_2: autoDraw = False
19.1240 	EXP 	image: autoDraw = True
19.1240 	EXP 	fixation: autoDraw = True
19.2787 	EXP 	image: autoDraw = False
19.2787 	EXP 	fixation: autoDraw = False
19.2787 	EXP 	image: autoDraw = False
19.2787 	EXP 	fixation: autoDraw = False
19.2787 	EXP 	image_2: autoDraw = True
19.2787 	EXP 	fixation_2: autoDraw = True
19.4303 	EXP 	New trial (rep=29, index=0): None
19.4406 	EXP 	image_2: autoDraw = False
19.4406 	EXP 	fixation_2: autoDraw = False
19.4406 	EXP 	image_2: autoDraw = False
19.4406 	EXP 	fixation_2: autoDraw = False
19.4406 	EXP 	image: autoDraw = True
19.4406 	EXP 	fixation: autoDraw = True
19.5964 	EXP 	image: autoDraw = False
19.5964 	EXP 	fixation: autoDraw = False
19.5964 	EXP 	image: autoDraw = False
19.5964 	EXP 	fixation: autoDraw = False
19.5964 	EXP 	image_2: autoDraw = True
19.5964 	EXP 	fixation_2: autoDraw = True
19.7475 	EXP 	New trial (rep=30, index=0): None
19.7571 	EXP 	image_2: autoDraw = False
19.7571 	EXP 	fixation_2: autoDraw = False
19.7571 	EXP 	image_2: autoDraw = False
19.7571 	EXP 	fixation_2: autoDraw = False
19.7571 	EXP 	image: autoDraw = True
19.7571 	EXP 	fixation: autoDraw = True
19.9132 	EXP 	image: autoDraw = False
19.9132 	EXP 	fixation: autoDraw = False
19.9132 	EXP 	image: autoDraw = False
19.9132 	EXP 	fixation: autoDraw = False
19.9132 	EXP 	image_2: autoDraw = True
19.9132 	EXP 	fixation_2: autoDraw = True
20.0641 	EXP 	New trial (rep=31, index=0): None
20.0740 	EXP 	image_2: autoDraw = False
20.0740 	EXP 	fixation_2: autoDraw = False
20.0740 	EXP 	image_2: autoDraw = False
20.0740 	EXP 	fixation_2: autoDraw = False
20.0740 	EXP 	image: autoDraw = True
20.0740 	EXP 	fixation: autoDraw = True
20.2300 	EXP 	image: autoDraw = False
20.2300 	EXP 	fixation: autoDraw = False
20.2300 	EXP 	image: autoDraw = False
20.2300 	EXP 	fixation: autoDraw = False
20.2300 	EXP 	image_2: autoDraw = True
20.2300 	EXP 	fixation_2: autoDraw = True
20.3807 	EXP 	New trial (rep=32, index=0): None
20.3905 	EXP 	image_2: autoDraw = False
20.3905 	EXP 	fixation_2: autoDraw = False
20.3905 	EXP 	image_2: autoDraw = False
20.3905 	EXP 	fixation_2: autoDraw = False
20.3905 	EXP 	image: autoDraw = True
20.3905 	EXP 	fixation: autoDraw = True
20.5531 	EXP 	image: autoDraw = False
20.5531 	EXP 	fixation: autoDraw = False
20.5531 	EXP 	image: autoDraw = False
20.5531 	EXP 	fixation: autoDraw = False
20.5531 	EXP 	image_2: autoDraw = True
20.5531 	EXP 	fixation_2: autoDraw = True
20.7093 	EXP 	New trial (rep=33, index=0): None
20.7139 	EXP 	image_2: autoDraw = False
20.7139 	EXP 	fixation_2: autoDraw = False
20.7139 	EXP 	image_2: autoDraw = False
20.7139 	EXP 	fixation_2: autoDraw = False
20.7139 	EXP 	image: autoDraw = True
20.7139 	EXP 	fixation: autoDraw = True
20.8739 	EXP 	image: autoDraw = False
20.8739 	EXP 	fixation: autoDraw = False
20.8739 	EXP 	image: autoDraw = False
20.8739 	EXP 	fixation: autoDraw = False
20.8739 	EXP 	image_2: autoDraw = True
20.8739 	EXP 	fixation_2: autoDraw = True
21.0256 	EXP 	New trial (rep=34, index=0): None
21.0299 	EXP 	image_2: autoDraw = False
21.0299 	EXP 	fixation_2: autoDraw = False
21.0299 	EXP 	image_2: autoDraw = False
21.0299 	EXP 	fixation_2: autoDraw = False
21.0299 	EXP 	image: autoDraw = True
21.0299 	EXP 	fixation: autoDraw = True
21.1964 	EXP 	image: autoDraw = False
21.1964 	EXP 	fixation: autoDraw = False
21.1964 	EXP 	image: autoDraw = False
21.1964 	EXP 	fixation: autoDraw = False
21.1964 	EXP 	image_2: autoDraw = True
21.1964 	EXP 	fixation_2: autoDraw = True
21.3470 	EXP 	New trial (rep=35, index=0): None
21.3573 	EXP 	image_2: autoDraw = False
21.3573 	EXP 	fixation_2: autoDraw = False
21.3573 	EXP 	image_2: autoDraw = False
21.3573 	EXP 	fixation_2: autoDraw = False
21.3573 	EXP 	image: autoDraw = True
21.3573 	EXP 	fixation: autoDraw = True
21.5131 	EXP 	image: autoDraw = False
21.5131 	EXP 	fixation: autoDraw = False
21.5131 	EXP 	image: autoDraw = False
21.5131 	EXP 	fixation: autoDraw = False
21.5131 	EXP 	image_2: autoDraw = True
21.5131 	EXP 	fixation_2: autoDraw = True
21.6637 	EXP 	New trial (rep=36, index=0): None
21.6739 	EXP 	image_2: autoDraw = False
21.6739 	EXP 	fixation_2: autoDraw = False
21.6739 	EXP 	image_2: autoDraw = False
21.6739 	EXP 	fixation_2: autoDraw = False
21.6739 	EXP 	image: autoDraw = True
21.6739 	EXP 	fixation: autoDraw = True
21.8300 	EXP 	image: autoDraw = False
21.8300 	EXP 	fixation: autoDraw = False
21.8300 	EXP 	image: autoDraw = False
21.8300 	EXP 	fixation: autoDraw = False
21.8300 	EXP 	image_2: autoDraw = True
21.8300 	EXP 	fixation_2: autoDraw = True
21.9805 	EXP 	New trial (rep=37, index=0): None
21.9906 	EXP 	image_2: autoDraw = False
21.9906 	EXP 	fixation_2: autoDraw = False
21.9906 	EXP 	image_2: autoDraw = False
21.9906 	EXP 	fixation_2: autoDraw = False
21.9906 	EXP 	image: autoDraw = True
21.9906 	EXP 	fixation: autoDraw = True
22.1466 	EXP 	image: autoDraw = False
22.1466 	EXP 	fixation: autoDraw = False
22.1466 	EXP 	image: autoDraw = False
22.1466 	EXP 	fixation: autoDraw = False
22.1466 	EXP 	image_2: autoDraw = True
22.1466 	EXP 	fixation_2: autoDraw = True
22.2970 	EXP 	New trial (rep=38, index=0): None
22.3073 	EXP 	image_2: autoDraw = False
22.3073 	EXP 	fixation_2: autoDraw = False
22.3073 	EXP 	image_2: autoDraw = False
22.3073 	EXP 	fixation_2: autoDraw = False
22.3073 	EXP 	image: autoDraw = True
22.3073 	EXP 	fixation: autoDraw = True
22.4633 	EXP 	image: autoDraw = False
22.4633 	EXP 	fixation: autoDraw = False
22.4633 	EXP 	image: autoDraw = False
22.4633 	EXP 	fixation: autoDraw = False
22.4633 	EXP 	image_2: autoDraw = True
22.4633 	EXP 	fixation_2: autoDraw = True
22.6140 	EXP 	New trial (rep=39, index=0): None
22.6240 	EXP 	image_2: autoDraw = False
22.6240 	EXP 	fixation_2: autoDraw = False
22.6240 	EXP 	image_2: autoDraw = False
22.6240 	EXP 	fixation_2: autoDraw = False
22.6240 	EXP 	image: autoDraw = True
22.6240 	EXP 	fixation: autoDraw = True
22.7802 	EXP 	image: autoDraw = False
22.7802 	EXP 	fixation: autoDraw = False
22.7802 	EXP 	image: autoDraw = False
22.7802 	EXP 	fixation: autoDraw = False
22.7802 	EXP 	image_2: autoDraw = True
22.7802 	EXP 	fixation_2: autoDraw = True
22.9305 	EXP 	New trial (rep=40, index=0): None
22.9406 	EXP 	image_2: autoDraw = False
22.9406 	EXP 	fixation_2: autoDraw = False
22.9406 	EXP 	image_2: autoDraw = False
22.9406 	EXP 	fixation_2: autoDraw = False
22.9406 	EXP 	image: autoDraw = True
22.9406 	EXP 	fixation: autoDraw = True
23.0966 	EXP 	image: autoDraw = False
23.0966 	EXP 	fixation: autoDraw = False
23.0966 	EXP 	image: autoDraw = False
23.0966 	EXP 	fixation: autoDraw = False
23.0966 	EXP 	image_2: autoDraw = True
23.0966 	EXP 	fixation_2: autoDraw = True
23.2471 	EXP 	New trial (rep=41, index=0): None
23.2572 	EXP 	image_2: autoDraw = False
23.2572 	EXP 	fixation_2: autoDraw = False
23.2572 	EXP 	image_2: autoDraw = False
23.2572 	EXP 	fixation_2: autoDraw = False
23.2572 	EXP 	image: autoDraw = True
23.2572 	EXP 	fixation: autoDraw = True
23.4133 	EXP 	image: autoDraw = False
23.4133 	EXP 	fixation: autoDraw = False
23.4133 	EXP 	image: autoDraw = False
23.4133 	EXP 	fixation: autoDraw = False
23.4133 	EXP 	image_2: autoDraw = True
23.4133 	EXP 	fixation_2: autoDraw = True
23.5635 	EXP 	New trial (rep=42, index=0): None
23.5740 	EXP 	image_2: autoDraw = False
23.5740 	EXP 	fixation_2: autoDraw = False
23.5740 	EXP 	image_2: autoDraw = False
23.5740 	EXP 	fixation_2: autoDraw = False
23.5740 	EXP 	image: autoDraw = True
23.5740 	EXP 	fixation: autoDraw = True
23.7290 	EXP 	image: autoDraw = False
23.7290 	EXP 	fixation: autoDraw = False
23.7290 	EXP 	image: autoDraw = False
23.7290 	EXP 	fixation: autoDraw = False
23.7290 	EXP 	image_2: autoDraw = True
23.7290 	EXP 	fixation_2: autoDraw = True
23.8804 	EXP 	New trial (rep=43, index=0): None
23.8906 	EXP 	image_2: autoDraw = False
23.8906 	EXP 	fixation_2: autoDraw = False
23.8906 	EXP 	image_2: autoDraw = False
23.8906 	EXP 	fixation_2: autoDraw = False
23.8906 	EXP 	image: autoDraw = True
23.8906 	EXP 	fixation: autoDraw = True
24.0466 	EXP 	image: autoDraw = False
24.0466 	EXP 	fixation: autoDraw = False
24.0466 	EXP 	image: autoDraw = False
24.0466 	EXP 	fixation: autoDraw = False
24.0466 	EXP 	image_2: autoDraw = True
24.0466 	EXP 	fixation_2: autoDraw = True
24.1985 	EXP 	New trial (rep=44, index=0): None
24.2072 	EXP 	image_2: autoDraw = False
24.2072 	EXP 	fixation_2: autoDraw = False
24.2072 	EXP 	image_2: autoDraw = False
24.2072 	EXP 	fixation_2: autoDraw = False
24.2072 	EXP 	image: autoDraw = True
24.2072 	EXP 	fixation: autoDraw = True
24.3634 	EXP 	image: autoDraw = False
24.3634 	EXP 	fixation: autoDraw = False
24.3634 	EXP 	image: autoDraw = False
24.3634 	EXP 	fixation: autoDraw = False
24.3634 	EXP 	image_2: autoDraw = True
24.3634 	EXP 	fixation_2: autoDraw = True
24.5138 	EXP 	New trial (rep=45, index=0): None
24.5240 	EXP 	image_2: autoDraw = False
24.5240 	EXP 	fixation_2: autoDraw = False
24.5240 	EXP 	image_2: autoDraw = False
24.5240 	EXP 	fixation_2: autoDraw = False
24.5240 	EXP 	image: autoDraw = True
24.5240 	EXP 	fixation: autoDraw = True
24.6785 	EXP 	image: autoDraw = False
24.6785 	EXP 	fixation: autoDraw = False
24.6785 	EXP 	image: autoDraw = False
24.6785 	EXP 	fixation: autoDraw = False
24.6785 	EXP 	image_2: autoDraw = True
24.6785 	EXP 	fixation_2: autoDraw = True
24.8301 	EXP 	New trial (rep=46, index=0): None
24.8406 	EXP 	image_2: autoDraw = False
24.8406 	EXP 	fixation_2: autoDraw = False
24.8406 	EXP 	image_2: autoDraw = False
24.8406 	EXP 	fixation_2: autoDraw = False
24.8406 	EXP 	image: autoDraw = True
24.8406 	EXP 	fixation: autoDraw = True
24.9965 	EXP 	image: autoDraw = False
24.9965 	EXP 	fixation: autoDraw = False
24.9965 	EXP 	image: autoDraw = False
24.9965 	EXP 	fixation: autoDraw = False
24.9965 	EXP 	image_2: autoDraw = True
24.9965 	EXP 	fixation_2: autoDraw = True
25.1459 	EXP 	New trial (rep=47, index=0): None
25.1573 	EXP 	image_2: autoDraw = False
25.1573 	EXP 	fixation_2: autoDraw = False
25.1573 	EXP 	image_2: autoDraw = False
25.1573 	EXP 	fixation_2: autoDraw = False
25.1573 	EXP 	image: autoDraw = True
25.1573 	EXP 	fixation: autoDraw = True
25.3137 	EXP 	image: autoDraw = False
25.3137 	EXP 	fixation: autoDraw = False
25.3137 	EXP 	image: autoDraw = False
25.3137 	EXP 	fixation: autoDraw = False
25.3137 	EXP 	image_2: autoDraw = True
25.3137 	EXP 	fixation_2: autoDraw = True
25.4637 	EXP 	New trial (rep=48, index=0): None
25.4739 	EXP 	image_2: autoDraw = False
25.4739 	EXP 	fixation_2: autoDraw = False
25.4739 	EXP 	image_2: autoDraw = False
25.4739 	EXP 	fixation_2: autoDraw = False
25.4739 	EXP 	image: autoDraw = True
25.4739 	EXP 	fixation: autoDraw = True
25.6284 	EXP 	image: autoDraw = False
25.6284 	EXP 	fixation: autoDraw = False
25.6284 	EXP 	image: autoDraw = False
25.6284 	EXP 	fixation: autoDraw = False
25.6284 	EXP 	image_2: autoDraw = True
25.6284 	EXP 	fixation_2: autoDraw = True
25.7808 	EXP 	New trial (rep=49, index=0): None
25.7908 	EXP 	image_2: autoDraw = False
25.7908 	EXP 	fixation_2: autoDraw = False
25.7908 	EXP 	image_2: autoDraw = False
25.7908 	EXP 	fixation_2: autoDraw = False
25.7908 	EXP 	image: autoDraw = True
25.7908 	EXP 	fixation: autoDraw = True
25.9466 	EXP 	image: autoDraw = False
25.9466 	EXP 	fixation: autoDraw = False
25.9466 	EXP 	image: autoDraw = False
25.9466 	EXP 	fixation: autoDraw = False
25.9466 	EXP 	image_2: autoDraw = True
25.9466 	EXP 	fixation_2: autoDraw = True
26.0972 	EXP 	New trial (rep=50, index=0): None
26.1073 	EXP 	image_2: autoDraw = False
26.1073 	EXP 	fixation_2: autoDraw = False
26.1073 	EXP 	image_2: autoDraw = False
26.1073 	EXP 	fixation_2: autoDraw = False
26.1073 	EXP 	image: autoDraw = True
26.1073 	EXP 	fixation: autoDraw = True
26.2635 	EXP 	image: autoDraw = False
26.2635 	EXP 	fixation: autoDraw = False
26.2635 	EXP 	image: autoDraw = False
26.2635 	EXP 	fixation: autoDraw = False
26.2635 	EXP 	image_2: autoDraw = True
26.2635 	EXP 	fixation_2: autoDraw = True
26.4140 	EXP 	New trial (rep=51, index=0): None
26.4239 	EXP 	image_2: autoDraw = False
26.4239 	EXP 	fixation_2: autoDraw = False
26.4239 	EXP 	image_2: autoDraw = False
26.4239 	EXP 	fixation_2: autoDraw = False
26.4239 	EXP 	image: autoDraw = True
26.4239 	EXP 	fixation: autoDraw = True
26.5801 	EXP 	image: autoDraw = False
26.5801 	EXP 	fixation: autoDraw = False
26.5801 	EXP 	image: autoDraw = False
26.5801 	EXP 	fixation: autoDraw = False
26.5801 	EXP 	image_2: autoDraw = True
26.5801 	EXP 	fixation_2: autoDraw = True
26.7427 	EXP 	New trial (rep=52, index=0): None
26.7472 	EXP 	image_2: autoDraw = False
26.7472 	EXP 	fixation_2: autoDraw = False
26.7472 	EXP 	image_2: autoDraw = False
26.7472 	EXP 	fixation_2: autoDraw = False
26.7472 	EXP 	image: autoDraw = True
26.7472 	EXP 	fixation: autoDraw = True
26.9073 	EXP 	image: autoDraw = False
26.9073 	EXP 	fixation: autoDraw = False
26.9073 	EXP 	image: autoDraw = False
26.9073 	EXP 	fixation: autoDraw = False
26.9073 	EXP 	image_2: autoDraw = True
26.9073 	EXP 	fixation_2: autoDraw = True
27.0594 	EXP 	New trial (rep=53, index=0): None
27.0643 	EXP 	image_2: autoDraw = False
27.0643 	EXP 	fixation_2: autoDraw = False
27.0643 	EXP 	image_2: autoDraw = False
27.0643 	EXP 	fixation_2: autoDraw = False
27.0643 	EXP 	image: autoDraw = True
27.0643 	EXP 	fixation: autoDraw = True
27.2300 	EXP 	image: autoDraw = False
27.2300 	EXP 	fixation: autoDraw = False
27.2300 	EXP 	image: autoDraw = False
27.2300 	EXP 	fixation: autoDraw = False
27.2300 	EXP 	image_2: autoDraw = True
27.2300 	EXP 	fixation_2: autoDraw = True
27.3803 	EXP 	New trial (rep=54, index=0): None
27.3906 	EXP 	image_2: autoDraw = False
27.3906 	EXP 	fixation_2: autoDraw = False
27.3906 	EXP 	image_2: autoDraw = False
27.3906 	EXP 	fixation_2: autoDraw = False
27.3906 	EXP 	image: autoDraw = True
27.3906 	EXP 	fixation: autoDraw = True
27.5466 	EXP 	image: autoDraw = False
27.5466 	EXP 	fixation: autoDraw = False
27.5466 	EXP 	image: autoDraw = False
27.5466 	EXP 	fixation: autoDraw = False
27.5466 	EXP 	image_2: autoDraw = True
27.5466 	EXP 	fixation_2: autoDraw = True
27.6972 	EXP 	New trial (rep=55, index=0): None
27.7073 	EXP 	image_2: autoDraw = False
27.7073 	EXP 	fixation_2: autoDraw = False
27.7073 	EXP 	image_2: autoDraw = False
27.7073 	EXP 	fixation_2: autoDraw = False
27.7073 	EXP 	image: autoDraw = True
27.7073 	EXP 	fixation: autoDraw = True
27.8637 	EXP 	image: autoDraw = False
27.8637 	EXP 	fixation: autoDraw = False
27.8637 	EXP 	image: autoDraw = False
27.8637 	EXP 	fixation: autoDraw = False
27.8637 	EXP 	image_2: autoDraw = True
27.8637 	EXP 	fixation_2: autoDraw = True
28.0137 	EXP 	New trial (rep=56, index=0): None
28.0240 	EXP 	image_2: autoDraw = False
28.0240 	EXP 	fixation_2: autoDraw = False
28.0240 	EXP 	image_2: autoDraw = False
28.0240 	EXP 	fixation_2: autoDraw = False
28.0240 	EXP 	image: autoDraw = True
28.0240 	EXP 	fixation: autoDraw = True
28.1796 	EXP 	image: autoDraw = False
28.1796 	EXP 	fixation: autoDraw = False
28.1796 	EXP 	image: autoDraw = False
28.1796 	EXP 	fixation: autoDraw = False
28.1796 	EXP 	image_2: autoDraw = True
28.1796 	EXP 	fixation_2: autoDraw = True
28.3306 	EXP 	New trial (rep=57, index=0): None
28.3408 	EXP 	image_2: autoDraw = False
28.3408 	EXP 	fixation_2: autoDraw = False
28.3408 	EXP 	image_2: autoDraw = False
28.3408 	EXP 	fixation_2: autoDraw = False
28.3408 	EXP 	image: autoDraw = True
28.3408 	EXP 	fixation: autoDraw = True
28.4969 	EXP 	image: autoDraw = False
28.4969 	EXP 	fixation: autoDraw = False
28.4969 	EXP 	image: autoDraw = False
28.4969 	EXP 	fixation: autoDraw = False
28.4969 	EXP 	image_2: autoDraw = True
28.4969 	EXP 	fixation_2: autoDraw = True
28.6472 	EXP 	New trial (rep=58, index=0): None
28.6572 	EXP 	image_2: autoDraw = False
28.6572 	EXP 	fixation_2: autoDraw = False
28.6572 	EXP 	image_2: autoDraw = False
28.6572 	EXP 	fixation_2: autoDraw = False
28.6572 	EXP 	image: autoDraw = True
28.6572 	EXP 	fixation: autoDraw = True
28.8132 	EXP 	image: autoDraw = False
28.8132 	EXP 	fixation: autoDraw = False
28.8132 	EXP 	image: autoDraw = False
28.8132 	EXP 	fixation: autoDraw = False
28.8132 	EXP 	image_2: autoDraw = True
28.8132 	EXP 	fixation_2: autoDraw = True
28.9638 	EXP 	New trial (rep=59, index=0): None
28.9738 	EXP 	image_2: autoDraw = False
28.9738 	EXP 	fixation_2: autoDraw = False
28.9738 	EXP 	image_2: autoDraw = False
28.9738 	EXP 	fixation_2: autoDraw = False
28.9738 	EXP 	image: autoDraw = True
28.9738 	EXP 	fixation: autoDraw = True
29.1298 	EXP 	image: autoDraw = False
29.1298 	EXP 	fixation: autoDraw = False
29.1298 	EXP 	image: autoDraw = False
29.1298 	EXP 	fixation: autoDraw = False
29.1298 	EXP 	image_2: autoDraw = True
29.1298 	EXP 	fixation_2: autoDraw = True
29.2809 	EXP 	New trial (rep=60, index=0): None
29.2906 	EXP 	image_2: autoDraw = False
29.2906 	EXP 	fixation_2: autoDraw = False
29.2906 	EXP 	image_2: autoDraw = False
29.2906 	EXP 	fixation_2: autoDraw = False
29.2906 	EXP 	image: autoDraw = True
29.2906 	EXP 	fixation: autoDraw = True
29.4451 	EXP 	image: autoDraw = False
29.4451 	EXP 	fixation: autoDraw = False
29.4451 	EXP 	image: autoDraw = False
29.4451 	EXP 	fixation: autoDraw = False
29.4451 	EXP 	image_2: autoDraw = True
29.4451 	EXP 	fixation_2: autoDraw = True
29.5970 	EXP 	New trial (rep=61, index=0): None
29.6073 	EXP 	image_2: autoDraw = False
29.6073 	EXP 	fixation_2: autoDraw = False
29.6073 	EXP 	image_2: autoDraw = False
29.6073 	EXP 	fixation_2: autoDraw = False
29.6073 	EXP 	image: autoDraw = True
29.6073 	EXP 	fixation: autoDraw = True
29.7634 	EXP 	image: autoDraw = False
29.7634 	EXP 	fixation: autoDraw = False
29.7634 	EXP 	image: autoDraw = False
29.7634 	EXP 	fixation: autoDraw = False
29.7634 	EXP 	image_2: autoDraw = True
29.7634 	EXP 	fixation_2: autoDraw = True
29.9138 	EXP 	New trial (rep=62, index=0): None
29.9239 	EXP 	image_2: autoDraw = False
29.9239 	EXP 	fixation_2: autoDraw = False
29.9239 	EXP 	image_2: autoDraw = False
29.9239 	EXP 	fixation_2: autoDraw = False
29.9239 	EXP 	image: autoDraw = True
29.9239 	EXP 	fixation: autoDraw = True
30.0796 	EXP 	image: autoDraw = False
30.0796 	EXP 	fixation: autoDraw = False
30.0796 	EXP 	image: autoDraw = False
30.0796 	EXP 	fixation: autoDraw = False
30.0796 	EXP 	image_2: autoDraw = True
30.0796 	EXP 	fixation_2: autoDraw = True
30.2302 	EXP 	New trial (rep=63, index=0): None
30.2407 	EXP 	image_2: autoDraw = False
30.2407 	EXP 	fixation_2: autoDraw = False
30.2407 	EXP 	image_2: autoDraw = False
30.2407 	EXP 	fixation_2: autoDraw = False
30.2407 	EXP 	image: autoDraw = True
30.2407 	EXP 	fixation: autoDraw = True
30.3967 	EXP 	image: autoDraw = False
30.3967 	EXP 	fixation: autoDraw = False
30.3967 	EXP 	image: autoDraw = False
30.3967 	EXP 	fixation: autoDraw = False
30.3967 	EXP 	image_2: autoDraw = True
30.3967 	EXP 	fixation_2: autoDraw = True
30.5472 	EXP 	New trial (rep=64, index=0): None
30.5574 	EXP 	image_2: autoDraw = False
30.5574 	EXP 	fixation_2: autoDraw = False
30.5574 	EXP 	image_2: autoDraw = False
30.5574 	EXP 	fixation_2: autoDraw = False
30.5574 	EXP 	image: autoDraw = True
30.5574 	EXP 	fixation: autoDraw = True
30.7128 	EXP 	image: autoDraw = False
30.7128 	EXP 	fixation: autoDraw = False
30.7128 	EXP 	image: autoDraw = False
30.7128 	EXP 	fixation: autoDraw = False
30.7128 	EXP 	image_2: autoDraw = True
30.7128 	EXP 	fixation_2: autoDraw = True
30.8642 	EXP 	New trial (rep=65, index=0): None
30.8740 	EXP 	image_2: autoDraw = False
30.8740 	EXP 	fixation_2: autoDraw = False
30.8740 	EXP 	image_2: autoDraw = False
30.8740 	EXP 	fixation_2: autoDraw = False
30.8740 	EXP 	image: autoDraw = True
30.8740 	EXP 	fixation: autoDraw = True
31.0299 	EXP 	image: autoDraw = False
31.0299 	EXP 	fixation: autoDraw = False
31.0299 	EXP 	image: autoDraw = False
31.0299 	EXP 	fixation: autoDraw = False
31.0299 	EXP 	image_2: autoDraw = True
31.0299 	EXP 	fixation_2: autoDraw = True
31.1793 	EXP 	New trial (rep=66, index=0): None
31.1906 	EXP 	image_2: autoDraw = False
31.1906 	EXP 	fixation_2: autoDraw = False
31.1906 	EXP 	image_2: autoDraw = False
31.1906 	EXP 	fixation_2: autoDraw = False
31.1906 	EXP 	image: autoDraw = True
31.1906 	EXP 	fixation: autoDraw = True
31.3467 	EXP 	image: autoDraw = False
31.3467 	EXP 	fixation: autoDraw = False
31.3467 	EXP 	image: autoDraw = False
31.3467 	EXP 	fixation: autoDraw = False
31.3467 	EXP 	image_2: autoDraw = True
31.3467 	EXP 	fixation_2: autoDraw = True
31.4972 	EXP 	New trial (rep=67, index=0): None
31.5073 	EXP 	image_2: autoDraw = False
31.5073 	EXP 	fixation_2: autoDraw = False
31.5073 	EXP 	image_2: autoDraw = False
31.5073 	EXP 	fixation_2: autoDraw = False
31.5073 	EXP 	image: autoDraw = True
31.5073 	EXP 	fixation: autoDraw = True
31.6617 	EXP 	image: autoDraw = False
31.6617 	EXP 	fixation: autoDraw = False
31.6617 	EXP 	image: autoDraw = False
31.6617 	EXP 	fixation: autoDraw = False
31.6617 	EXP 	image_2: autoDraw = True
31.6617 	EXP 	fixation_2: autoDraw = True
31.8139 	EXP 	New trial (rep=68, index=0): None
31.8239 	EXP 	image_2: autoDraw = False
31.8239 	EXP 	fixation_2: autoDraw = False
31.8239 	EXP 	image_2: autoDraw = False
31.8239 	EXP 	fixation_2: autoDraw = False
31.8239 	EXP 	image: autoDraw = True
31.8239 	EXP 	fixation: autoDraw = True
31.9797 	EXP 	image: autoDraw = False
31.9797 	EXP 	fixation: autoDraw = False
31.9797 	EXP 	image: autoDraw = False
31.9797 	EXP 	fixation: autoDraw = False
31.9797 	EXP 	image_2: autoDraw = True
31.9797 	EXP 	fixation_2: autoDraw = True
32.1310 	EXP 	New trial (rep=69, index=0): None
32.1406 	EXP 	image_2: autoDraw = False
32.1406 	EXP 	fixation_2: autoDraw = False
32.1406 	EXP 	image_2: autoDraw = False
32.1406 	EXP 	fixation_2: autoDraw = False
32.1406 	EXP 	image: autoDraw = True
32.1406 	EXP 	fixation: autoDraw = True
32.2968 	EXP 	image: autoDraw = False
32.2968 	EXP 	fixation: autoDraw = False
32.2968 	EXP 	image: autoDraw = False
32.2968 	EXP 	fixation: autoDraw = False
32.2968 	EXP 	image_2: autoDraw = True
32.2968 	EXP 	fixation_2: autoDraw = True
32.4470 	EXP 	New trial (rep=70, index=0): None
32.4572 	EXP 	image_2: autoDraw = False
32.4572 	EXP 	fixation_2: autoDraw = False
32.4572 	EXP 	image_2: autoDraw = False
32.4572 	EXP 	fixation_2: autoDraw = False
32.4572 	EXP 	image: autoDraw = True
32.4572 	EXP 	fixation: autoDraw = True
32.6118 	EXP 	image: autoDraw = False
32.6118 	EXP 	fixation: autoDraw = False
32.6118 	EXP 	image: autoDraw = False
32.6118 	EXP 	fixation: autoDraw = False
32.6118 	EXP 	image_2: autoDraw = True
32.6118 	EXP 	fixation_2: autoDraw = True
32.7640 	EXP 	New trial (rep=71, index=0): None
32.7738 	EXP 	image_2: autoDraw = False
32.7738 	EXP 	fixation_2: autoDraw = False
32.7738 	EXP 	image_2: autoDraw = False
32.7738 	EXP 	fixation_2: autoDraw = False
32.7738 	EXP 	image: autoDraw = True
32.7738 	EXP 	fixation: autoDraw = True
32.9288 	EXP 	image: autoDraw = False
32.9288 	EXP 	fixation: autoDraw = False
32.9288 	EXP 	image: autoDraw = False
32.9288 	EXP 	fixation: autoDraw = False
32.9288 	EXP 	image_2: autoDraw = True
32.9288 	EXP 	fixation_2: autoDraw = True
33.0806 	EXP 	New trial (rep=72, index=0): None
33.0905 	EXP 	image_2: autoDraw = False
33.0905 	EXP 	fixation_2: autoDraw = False
33.0905 	EXP 	image_2: autoDraw = False
33.0905 	EXP 	fixation_2: autoDraw = False
33.0905 	EXP 	image: autoDraw = True
33.0905 	EXP 	fixation: autoDraw = True
33.2451 	EXP 	image: autoDraw = False
33.2451 	EXP 	fixation: autoDraw = False
33.2451 	EXP 	image: autoDraw = False
33.2451 	EXP 	fixation: autoDraw = False
33.2451 	EXP 	image_2: autoDraw = True
33.2451 	EXP 	fixation_2: autoDraw = True
33.3972 	EXP 	New trial (rep=73, index=0): None
33.4073 	EXP 	image_2: autoDraw = False
33.4073 	EXP 	fixation_2: autoDraw = False
33.4073 	EXP 	image_2: autoDraw = False
33.4073 	EXP 	fixation_2: autoDraw = False
33.4073 	EXP 	image: autoDraw = True
33.4073 	EXP 	fixation: autoDraw = True
33.5633 	EXP 	image: autoDraw = False
33.5633 	EXP 	fixation: autoDraw = False
33.5633 	EXP 	image: autoDraw = False
33.5633 	EXP 	fixation: autoDraw = False
33.5633 	EXP 	image_2: autoDraw = True
33.5633 	EXP 	fixation_2: autoDraw = True
33.7142 	EXP 	New trial (rep=74, index=0): None
33.7240 	EXP 	image_2: autoDraw = False
33.7240 	EXP 	fixation_2: autoDraw = False
33.7240 	EXP 	image_2: autoDraw = False
33.7240 	EXP 	fixation_2: autoDraw = False
33.7240 	EXP 	image: autoDraw = True
33.7240 	EXP 	fixation: autoDraw = True
33.8808 	EXP 	image: autoDraw = False
33.8808 	EXP 	fixation: autoDraw = False
33.8808 	EXP 	image: autoDraw = False
33.8808 	EXP 	fixation: autoDraw = False
33.8808 	EXP 	image_2: autoDraw = True
33.8808 	EXP 	fixation_2: autoDraw = True
34.0417 	EXP 	New trial (rep=75, index=0): None
34.0458 	EXP 	image_2: autoDraw = False
34.0458 	EXP 	fixation_2: autoDraw = False
34.0458 	EXP 	image_2: autoDraw = False
34.0458 	EXP 	fixation_2: autoDraw = False
34.0458 	EXP 	image: autoDraw = True
34.0458 	EXP 	fixation: autoDraw = True
34.2072 	EXP 	image: autoDraw = False
34.2072 	EXP 	fixation: autoDraw = False
34.2072 	EXP 	image: autoDraw = False
34.2072 	EXP 	fixation: autoDraw = False
34.2072 	EXP 	image_2: autoDraw = True
34.2072 	EXP 	fixation_2: autoDraw = True
34.3585 	EXP 	New trial (rep=76, index=0): None
34.3627 	EXP 	image_2: autoDraw = False
34.3627 	EXP 	fixation_2: autoDraw = False
34.3627 	EXP 	image_2: autoDraw = False
34.3627 	EXP 	fixation_2: autoDraw = False
34.3627 	EXP 	image: autoDraw = True
34.3627 	EXP 	fixation: autoDraw = True
34.5249 	EXP 	image: autoDraw = False
34.5249 	EXP 	fixation: autoDraw = False
34.5249 	EXP 	image: autoDraw = False
34.5249 	EXP 	fixation: autoDraw = False
34.5249 	EXP 	image_2: autoDraw = True
34.5249 	EXP 	fixation_2: autoDraw = True
34.6748 	EXP 	New trial (rep=77, index=0): None
34.6797 	EXP 	image_2: autoDraw = False
34.6797 	EXP 	fixation_2: autoDraw = False
34.6797 	EXP 	image_2: autoDraw = False
34.6797 	EXP 	fixation_2: autoDraw = False
34.6797 	EXP 	image: autoDraw = True
34.6797 	EXP 	fixation: autoDraw = True
34.8406 	EXP 	image: autoDraw = False
34.8406 	EXP 	fixation: autoDraw = False
34.8406 	EXP 	image: autoDraw = False
34.8406 	EXP 	fixation: autoDraw = False
34.8406 	EXP 	image_2: autoDraw = True
34.8406 	EXP 	fixation_2: autoDraw = True
34.9926 	EXP 	New trial (rep=78, index=0): None
34.9972 	EXP 	image_2: autoDraw = False
34.9972 	EXP 	fixation_2: autoDraw = False
34.9972 	EXP 	image_2: autoDraw = False
34.9972 	EXP 	fixation_2: autoDraw = False
34.9972 	EXP 	image: autoDraw = True
34.9972 	EXP 	fixation: autoDraw = True
35.1573 	EXP 	image: autoDraw = False
35.1573 	EXP 	fixation: autoDraw = False
35.1573 	EXP 	image: autoDraw = False
35.1573 	EXP 	fixation: autoDraw = False
35.1573 	EXP 	image_2: autoDraw = True
35.1573 	EXP 	fixation_2: autoDraw = True
35.3098 	EXP 	New trial (rep=79, index=0): None
35.3147 	EXP 	image_2: autoDraw = False
35.3147 	EXP 	fixation_2: autoDraw = False
35.3147 	EXP 	image_2: autoDraw = False
35.3147 	EXP 	fixation_2: autoDraw = False
35.3147 	EXP 	image: autoDraw = True
35.3147 	EXP 	fixation: autoDraw = True
35.4797 	EXP 	image: autoDraw = False
35.4797 	EXP 	fixation: autoDraw = False
35.4797 	EXP 	image: autoDraw = False
35.4797 	EXP 	fixation: autoDraw = False
35.4797 	EXP 	image_2: autoDraw = True
35.4797 	EXP 	fixation_2: autoDraw = True
35.6305 	EXP 	New trial (rep=80, index=0): None
35.6405 	EXP 	image_2: autoDraw = False
35.6405 	EXP 	fixation_2: autoDraw = False
35.6405 	EXP 	image_2: autoDraw = False
35.6405 	EXP 	fixation_2: autoDraw = False
35.6405 	EXP 	image: autoDraw = True
35.6405 	EXP 	fixation: autoDraw = True
35.7967 	EXP 	image: autoDraw = False
35.7967 	EXP 	fixation: autoDraw = False
35.7967 	EXP 	image: autoDraw = False
35.7967 	EXP 	fixation: autoDraw = False
35.7967 	EXP 	image_2: autoDraw = True
35.7967 	EXP 	fixation_2: autoDraw = True
35.9473 	EXP 	New trial (rep=81, index=0): None
35.9576 	EXP 	image_2: autoDraw = False
35.9576 	EXP 	fixation_2: autoDraw = False
35.9576 	EXP 	image_2: autoDraw = False
35.9576 	EXP 	fixation_2: autoDraw = False
35.9576 	EXP 	image: autoDraw = True
35.9576 	EXP 	fixation: autoDraw = True
36.1133 	EXP 	image: autoDraw = False
36.1133 	EXP 	fixation: autoDraw = False
36.1133 	EXP 	image: autoDraw = False
36.1133 	EXP 	fixation: autoDraw = False
36.1133 	EXP 	image_2: autoDraw = True
36.1133 	EXP 	fixation_2: autoDraw = True
36.2630 	EXP 	New trial (rep=82, index=0): None
36.2739 	EXP 	image_2: autoDraw = False
36.2739 	EXP 	fixation_2: autoDraw = False
36.2739 	EXP 	image_2: autoDraw = False
36.2739 	EXP 	fixation_2: autoDraw = False
36.2739 	EXP 	image: autoDraw = True
36.2739 	EXP 	fixation: autoDraw = True
36.4301 	EXP 	image: autoDraw = False
36.4301 	EXP 	fixation: autoDraw = False
36.4301 	EXP 	image: autoDraw = False
36.4301 	EXP 	fixation: autoDraw = False
36.4301 	EXP 	image_2: autoDraw = True
36.4301 	EXP 	fixation_2: autoDraw = True
36.5918 	EXP 	New trial (rep=83, index=0): None
36.5959 	EXP 	image_2: autoDraw = False
36.5959 	EXP 	fixation_2: autoDraw = False
36.5959 	EXP 	image_2: autoDraw = False
36.5959 	EXP 	fixation_2: autoDraw = False
36.5959 	EXP 	image: autoDraw = True
36.5959 	EXP 	fixation: autoDraw = True
36.7572 	EXP 	image: autoDraw = False
36.7572 	EXP 	fixation: autoDraw = False
36.7572 	EXP 	image: autoDraw = False
36.7572 	EXP 	fixation: autoDraw = False
36.7572 	EXP 	image_2: autoDraw = True
36.7572 	EXP 	fixation_2: autoDraw = True
36.9094 	EXP 	New trial (rep=84, index=0): None
36.9140 	EXP 	image_2: autoDraw = False
36.9140 	EXP 	fixation_2: autoDraw = False
36.9140 	EXP 	image_2: autoDraw = False
36.9140 	EXP 	fixation_2: autoDraw = False
36.9140 	EXP 	image: autoDraw = True
36.9140 	EXP 	fixation: autoDraw = True
37.0740 	EXP 	image: autoDraw = False
37.0740 	EXP 	fixation: autoDraw = False
37.0740 	EXP 	image: autoDraw = False
37.0740 	EXP 	fixation: autoDraw = False
37.0740 	EXP 	image_2: autoDraw = True
37.0740 	EXP 	fixation_2: autoDraw = True
37.2260 	EXP 	New trial (rep=85, index=0): None
37.2308 	EXP 	image_2: autoDraw = False
37.2308 	EXP 	fixation_2: autoDraw = False
37.2308 	EXP 	image_2: autoDraw = False
37.2308 	EXP 	fixation_2: autoDraw = False
37.2308 	EXP 	image: autoDraw = True
37.2308 	EXP 	fixation: autoDraw = True
37.3908 	EXP 	image: autoDraw = False
37.3908 	EXP 	fixation: autoDraw = False
37.3908 	EXP 	image: autoDraw = False
37.3908 	EXP 	fixation: autoDraw = False
37.3908 	EXP 	image_2: autoDraw = True
37.3908 	EXP 	fixation_2: autoDraw = True
37.5427 	EXP 	New trial (rep=86, index=0): None
37.5476 	EXP 	image_2: autoDraw = False
37.5476 	EXP 	fixation_2: autoDraw = False
37.5476 	EXP 	image_2: autoDraw = False
37.5476 	EXP 	fixation_2: autoDraw = False
37.5476 	EXP 	image: autoDraw = True
37.5476 	EXP 	fixation: autoDraw = True
37.7072 	EXP 	image: autoDraw = False
37.7072 	EXP 	fixation: autoDraw = False
37.7072 	EXP 	image: autoDraw = False
37.7072 	EXP 	fixation: autoDraw = False
37.7072 	EXP 	image_2: autoDraw = True
37.7072 	EXP 	fixation_2: autoDraw = True
37.8594 	EXP 	New trial (rep=87, index=0): None
37.8639 	EXP 	image_2: autoDraw = False
37.8639 	EXP 	fixation_2: autoDraw = False
37.8639 	EXP 	image_2: autoDraw = False
37.8639 	EXP 	fixation_2: autoDraw = False
37.8639 	EXP 	image: autoDraw = True
37.8639 	EXP 	fixation: autoDraw = True
38.0240 	EXP 	image: autoDraw = False
38.0240 	EXP 	fixation: autoDraw = False
38.0240 	EXP 	image: autoDraw = False
38.0240 	EXP 	fixation: autoDraw = False
38.0240 	EXP 	image_2: autoDraw = True
38.0240 	EXP 	fixation_2: autoDraw = True
38.1759 	EXP 	New trial (rep=88, index=0): None
38.1803 	EXP 	image_2: autoDraw = False
38.1803 	EXP 	fixation_2: autoDraw = False
38.1803 	EXP 	image_2: autoDraw = False
38.1803 	EXP 	fixation_2: autoDraw = False
38.1803 	EXP 	image: autoDraw = True
38.1803 	EXP 	fixation: autoDraw = True
38.3466 	EXP 	image: autoDraw = False
38.3466 	EXP 	fixation: autoDraw = False
38.3466 	EXP 	image: autoDraw = False
38.3466 	EXP 	fixation: autoDraw = False
38.3466 	EXP 	image_2: autoDraw = True
38.3466 	EXP 	fixation_2: autoDraw = True
38.4961 	EXP 	New trial (rep=89, index=0): None
38.5072 	EXP 	image_2: autoDraw = False
38.5072 	EXP 	fixation_2: autoDraw = False
38.5072 	EXP 	image_2: autoDraw = False
38.5072 	EXP 	fixation_2: autoDraw = False
38.5072 	EXP 	image: autoDraw = True
38.5072 	EXP 	fixation: autoDraw = True
38.6633 	EXP 	image: autoDraw = False
38.6633 	EXP 	fixation: autoDraw = False
38.6633 	EXP 	image: autoDraw = False
38.6633 	EXP 	fixation: autoDraw = False
38.6633 	EXP 	image_2: autoDraw = True
38.6633 	EXP 	fixation_2: autoDraw = True
38.8139 	EXP 	New trial (rep=90, index=0): None
38.8239 	EXP 	image_2: autoDraw = False
38.8239 	EXP 	fixation_2: autoDraw = False
38.8239 	EXP 	image_2: autoDraw = False
38.8239 	EXP 	fixation_2: autoDraw = False
38.8239 	EXP 	image: autoDraw = True
38.8239 	EXP 	fixation: autoDraw = True
38.9796 	EXP 	image: autoDraw = False
38.9796 	EXP 	fixation: autoDraw = False
38.9796 	EXP 	image: autoDraw = False
38.9796 	EXP 	fixation: autoDraw = False
38.9796 	EXP 	image_2: autoDraw = True
38.9796 	EXP 	fixation_2: autoDraw = True
39.1305 	EXP 	New trial (rep=91, index=0): None
39.1407 	EXP 	image_2: autoDraw = False
39.1407 	EXP 	fixation_2: autoDraw = False
39.1407 	EXP 	image_2: autoDraw = False
39.1407 	EXP 	fixation_2: autoDraw = False
39.1407 	EXP 	image: autoDraw = True
39.1407 	EXP 	fixation: autoDraw = True
39.2955 	EXP 	image: autoDraw = False
39.2955 	EXP 	fixation: autoDraw = False
39.2955 	EXP 	image: autoDraw = False
39.2955 	EXP 	fixation: autoDraw = False
39.2955 	EXP 	image_2: autoDraw = True
39.2955 	EXP 	fixation_2: autoDraw = True
39.4471 	EXP 	New trial (rep=92, index=0): None
39.4572 	EXP 	image_2: autoDraw = False
39.4572 	EXP 	fixation_2: autoDraw = False
39.4572 	EXP 	image_2: autoDraw = False
39.4572 	EXP 	fixation_2: autoDraw = False
39.4572 	EXP 	image: autoDraw = True
39.4572 	EXP 	fixation: autoDraw = True
39.6132 	EXP 	image: autoDraw = False
39.6132 	EXP 	fixation: autoDraw = False
39.6132 	EXP 	image: autoDraw = False
39.6132 	EXP 	fixation: autoDraw = False
39.6132 	EXP 	image_2: autoDraw = True
39.6132 	EXP 	fixation_2: autoDraw = True
39.7638 	EXP 	New trial (rep=93, index=0): None
39.7742 	EXP 	image_2: autoDraw = False
39.7742 	EXP 	fixation_2: autoDraw = False
39.7742 	EXP 	image_2: autoDraw = False
39.7742 	EXP 	fixation_2: autoDraw = False
39.7742 	EXP 	image: autoDraw = True
39.7742 	EXP 	fixation: autoDraw = True
39.9300 	EXP 	image: autoDraw = False
39.9300 	EXP 	fixation: autoDraw = False
39.9300 	EXP 	image: autoDraw = False
39.9300 	EXP 	fixation: autoDraw = False
39.9300 	EXP 	image_2: autoDraw = True
39.9300 	EXP 	fixation_2: autoDraw = True
40.0805 	EXP 	New trial (rep=94, index=0): None
40.0907 	EXP 	image_2: autoDraw = False
40.0907 	EXP 	fixation_2: autoDraw = False
40.0907 	EXP 	image_2: autoDraw = False
40.0907 	EXP 	fixation_2: autoDraw = False
40.0907 	EXP 	image: autoDraw = True
40.0907 	EXP 	fixation: autoDraw = True
40.2464 	EXP 	image: autoDraw = False
40.2464 	EXP 	fixation: autoDraw = False
40.2464 	EXP 	image: autoDraw = False
40.2464 	EXP 	fixation: autoDraw = False
40.2464 	EXP 	image_2: autoDraw = True
40.2464 	EXP 	fixation_2: autoDraw = True
40.3971 	EXP 	New trial (rep=95, index=0): None
40.4071 	EXP 	image_2: autoDraw = False
40.4071 	EXP 	fixation_2: autoDraw = False
40.4071 	EXP 	image_2: autoDraw = False
40.4071 	EXP 	fixation_2: autoDraw = False
40.4071 	EXP 	image: autoDraw = True
40.4071 	EXP 	fixation: autoDraw = True
40.5630 	EXP 	image: autoDraw = False
40.5630 	EXP 	fixation: autoDraw = False
40.5630 	EXP 	image: autoDraw = False
40.5630 	EXP 	fixation: autoDraw = False
40.5630 	EXP 	image_2: autoDraw = True
40.5630 	EXP 	fixation_2: autoDraw = True
40.7137 	EXP 	New trial (rep=96, index=0): None
40.7239 	EXP 	image_2: autoDraw = False
40.7239 	EXP 	fixation_2: autoDraw = False
40.7239 	EXP 	image_2: autoDraw = False
40.7239 	EXP 	fixation_2: autoDraw = False
40.7239 	EXP 	image: autoDraw = True
40.7239 	EXP 	fixation: autoDraw = True
40.8800 	EXP 	image: autoDraw = False
40.8800 	EXP 	fixation: autoDraw = False
40.8800 	EXP 	image: autoDraw = False
40.8800 	EXP 	fixation: autoDraw = False
40.8800 	EXP 	image_2: autoDraw = True
40.8800 	EXP 	fixation_2: autoDraw = True
41.0304 	EXP 	New trial (rep=97, index=0): None
41.0407 	EXP 	image_2: autoDraw = False
41.0407 	EXP 	fixation_2: autoDraw = False
41.0407 	EXP 	image_2: autoDraw = False
41.0407 	EXP 	fixation_2: autoDraw = False
41.0407 	EXP 	image: autoDraw = True
41.0407 	EXP 	fixation: autoDraw = True
41.1967 	EXP 	image: autoDraw = False
41.1967 	EXP 	fixation: autoDraw = False
41.1967 	EXP 	image: autoDraw = False
41.1967 	EXP 	fixation: autoDraw = False
41.1967 	EXP 	image_2: autoDraw = True
41.1967 	EXP 	fixation_2: autoDraw = True
41.3470 	EXP 	New trial (rep=98, index=0): None
41.3573 	EXP 	image_2: autoDraw = False
41.3573 	EXP 	fixation_2: autoDraw = False
41.3573 	EXP 	image_2: autoDraw = False
41.3573 	EXP 	fixation_2: autoDraw = False
41.3573 	EXP 	image: autoDraw = True
41.3573 	EXP 	fixation: autoDraw = True
41.5134 	EXP 	image: autoDraw = False
41.5134 	EXP 	fixation: autoDraw = False
41.5134 	EXP 	image: autoDraw = False
41.5134 	EXP 	fixation: autoDraw = False
41.5134 	EXP 	image_2: autoDraw = True
41.5134 	EXP 	fixation_2: autoDraw = True
41.6639 	EXP 	New trial (rep=99, index=0): None
41.6739 	EXP 	image_2: autoDraw = False
41.6739 	EXP 	fixation_2: autoDraw = False
41.6739 	EXP 	image_2: autoDraw = False
41.6739 	EXP 	fixation_2: autoDraw = False
41.6739 	EXP 	image: autoDraw = True
41.6739 	EXP 	fixation: autoDraw = True
41.8298 	EXP 	image: autoDraw = False
41.8298 	EXP 	fixation: autoDraw = False
41.8298 	EXP 	image: autoDraw = False
41.8298 	EXP 	fixation: autoDraw = False
41.8298 	EXP 	image_2: autoDraw = True
41.8298 	EXP 	fixation_2: autoDraw = True
41.9907 	EXP 	image_2: autoDraw = False
41.9907 	EXP 	fixation_2: autoDraw = False
41.9907 	EXP 	image_2: autoDraw = False
41.9907 	EXP 	fixation_2: autoDraw = False
42.0235 	EXP 	window1: mouseVisible = True
