1.6208 	WARNING 	We strongly recommend you activate the PTB sound engine in PsychoPy prefs as the preferred audio engine. Its timing is vastly superior. Your prefs are currently set to use ['sounddevice', 'PTB', 'pyo', 'pygame'] (in that order).
6.9739 	WARNING 	User requested fullscreen with size [1024  768], but screen is actually [2560, 1080]. Using actual size
8.3396 	WARNING 	Couldn't measure a consistent frame rate!
  - Is your graphics card set to sync to vertical blank?
  - Are you running other processes on your computer?

8.3409 	EXP 	Created window1 = Window(allowGUI=True, allowStencil=False, autoLog=True, backendConf=UNKNOWN, bitsMode=UNKNOWN, blendMode='avg', bpc=(8, 8, 8), color=array([0, 0, 0]), colorSpace='rgb', depthBits=8, fullscr=<method-wrapper '__getattribute__' of attributeSetter object at 0x7f91bb7cab80>, gamma=None, gammaErrorPolicy='raise', lms=UNKNOWN, monitor=<psychopy.monitors.calibTools.Monitor object at 0x7f916a97b5b0>, multiSample=False, name='window1', numSamples=2, pos=[0.0, 0.0], screen=0, size=array([2560, 1080]), stencilBits=0, stereo=False, units='height', useFBO=True, useRetina=False, viewOri=0.0, viewPos=None, viewScale=None, waitBlanking=True, winType='pyglet')
8.3413 	EXP 	window1: mouseVisible = True
8.3421 	EXP 	window1: mouseVisible = False
8.3421 	EXP 	window1: Attempting to measure frame rate of screen (0) ...
8.3421 	EXP 	window1: recordFrameIntervals = False
8.4572 	EXP 	window1: recordFrameIntervals = True
9.3094 	WARNING 	Couldn't measure a consistent frame rate!
  - Is your graphics card set to sync to vertical blank?
  - Are you running other processes on your computer?

12.0308 	EXP 	Created image = ImageStim(__class__=<class 'psychopy.visual.image.ImageStim'>, anchor=('center', 'center'), autoLog=True, color=array([1, 1, 1]), colorSpace='rgb', contrast=1.0, depth=-1.0, flipHoriz=False, flipVert=False, image=str(...), interpolate=True, mask=None, maskParams=None, name='image', opacity=1.0, ori=0.0, pos=array([0., 0.]), size=array([0.5, 0.5]), texRes=128.0, units='height', win=Window(...))
12.0402 	EXP 	Created fixation = ShapeStim(__class__=<class 'psychopy.visual.shape.ShapeStim'>, anchor=('center', 'center'), autoDraw=False, autoLog=True, closeShape=True, color=method-wrapper(...), colorSpace='rgb', contrast=None, depth=-2.0, fillColor=array([ 1, -1, -1]), fillColorSpace='rgb', fillRGB=array([ 1, -1, -1]), interpolate=True, lineColor=array([ 1, -1, -1]), lineColorSpace='rgb', lineRGB=array([ 1, -1, -1]), lineWidth=1.0, name='fixation', opacity=1.0, ori=0.0, pos=array([0., 0.]), size=array([0.01, 0.01]), units='height', vertices=ndarray(...), win=Window(...), windingRule=None)
12.3377 	EXP 	Created image_2 = ImageStim(__class__=<class 'psychopy.visual.image.ImageStim'>, anchor=('center', 'center'), autoLog=True, color=array([1, 1, 1]), colorSpace='rgb', contrast=1.0, depth=-1.0, flipHoriz=False, flipVert=False, image=str(...), interpolate=True, mask=None, maskParams=None, name='image_2', opacity=1.0, ori=0.0, pos=array([0., 0.]), size=array([0.5, 0.5]), texRes=128.0, units='height', win=Window(...))
12.3410 	EXP 	Created fixation_2 = ShapeStim(__class__=<class 'psychopy.visual.shape.ShapeStim'>, anchor=('center', 'center'), autoDraw=False, autoLog=True, closeShape=True, color=method-wrapper(...), colorSpace='rgb', contrast=None, depth=-2.0, fillColor=array([ 1, -1, -1]), fillColorSpace='rgb', fillRGB=array([ 1, -1, -1]), interpolate=True, lineColor=array([ 1, -1, -1]), lineColorSpace='rgb', lineRGB=array([ 1, -1, -1]), lineWidth=1.0, name='fixation_2', opacity=1.0, ori=0.0, pos=array([0., 0.]), size=array([0.01, 0.01]), units='height', vertices=ndarray(...), win=Window(...), windingRule=None)
12.3445 	EXP 	Created sequence: random, trialTypes=1, nReps=100, seed=None
12.3449 	EXP 	New trial (rep=0, index=0): None
12.3990 	WARNING 	t of last frame was 3089.77ms (=1/0)
12.3990 	EXP 	image: autoDraw = True
12.3990 	EXP 	fixation: autoDraw = True
12.5720 	EXP 	image: autoDraw = False
12.5720 	EXP 	fixation: autoDraw = False
12.5720 	EXP 	image: autoDraw = False
12.5720 	EXP 	fixation: autoDraw = False
12.5720 	EXP 	image_2: autoDraw = True
12.5720 	EXP 	fixation_2: autoDraw = True
12.7234 	EXP 	New trial (rep=1, index=0): None
12.7276 	EXP 	image_2: autoDraw = False
12.7276 	EXP 	fixation_2: autoDraw = False
12.7276 	EXP 	image_2: autoDraw = False
12.7276 	EXP 	fixation_2: autoDraw = False
12.7276 	EXP 	image: autoDraw = True
12.7276 	EXP 	fixation: autoDraw = True
12.8890 	EXP 	image: autoDraw = False
12.8890 	EXP 	fixation: autoDraw = False
12.8890 	EXP 	image: autoDraw = False
12.8890 	EXP 	fixation: autoDraw = False
12.8890 	EXP 	image_2: autoDraw = True
12.8890 	EXP 	fixation_2: autoDraw = True
13.0421 	EXP 	New trial (rep=2, index=0): None
13.0556 	EXP 	image_2: autoDraw = False
13.0556 	EXP 	fixation_2: autoDraw = False
13.0556 	EXP 	image_2: autoDraw = False
13.0556 	EXP 	fixation_2: autoDraw = False
13.0556 	EXP 	image: autoDraw = True
13.0556 	EXP 	fixation: autoDraw = True
13.2105 	EXP 	image: autoDraw = False
13.2105 	EXP 	fixation: autoDraw = False
13.2105 	EXP 	image: autoDraw = False
13.2105 	EXP 	fixation: autoDraw = False
13.2105 	EXP 	image_2: autoDraw = True
13.2105 	EXP 	fixation_2: autoDraw = True
13.3663 	EXP 	New trial (rep=3, index=0): None
13.3720 	EXP 	image_2: autoDraw = False
13.3720 	EXP 	fixation_2: autoDraw = False
13.3720 	EXP 	image_2: autoDraw = False
13.3720 	EXP 	fixation_2: autoDraw = False
13.3720 	EXP 	image: autoDraw = True
13.3720 	EXP 	fixation: autoDraw = True
13.5277 	EXP 	image: autoDraw = False
13.5277 	EXP 	fixation: autoDraw = False
13.5277 	EXP 	image: autoDraw = False
13.5277 	EXP 	fixation: autoDraw = False
13.5277 	EXP 	image_2: autoDraw = True
13.5277 	EXP 	fixation_2: autoDraw = True
13.6797 	EXP 	New trial (rep=4, index=0): None
13.6888 	EXP 	image_2: autoDraw = False
13.6888 	EXP 	fixation_2: autoDraw = False
13.6888 	EXP 	image_2: autoDraw = False
13.6888 	EXP 	fixation_2: autoDraw = False
13.6888 	EXP 	image: autoDraw = True
13.6888 	EXP 	fixation: autoDraw = True
13.8457 	EXP 	image: autoDraw = False
13.8457 	EXP 	fixation: autoDraw = False
13.8457 	EXP 	image: autoDraw = False
13.8457 	EXP 	fixation: autoDraw = False
13.8457 	EXP 	image_2: autoDraw = True
13.8457 	EXP 	fixation_2: autoDraw = True
14.0021 	EXP 	New trial (rep=5, index=0): None
14.0067 	EXP 	image_2: autoDraw = False
14.0067 	EXP 	fixation_2: autoDraw = False
14.0067 	EXP 	image_2: autoDraw = False
14.0067 	EXP 	fixation_2: autoDraw = False
14.0067 	EXP 	image: autoDraw = True
14.0067 	EXP 	fixation: autoDraw = True
14.1598 	EXP 	image: autoDraw = False
14.1598 	EXP 	fixation: autoDraw = False
14.1598 	EXP 	image: autoDraw = False
14.1598 	EXP 	fixation: autoDraw = False
14.1598 	EXP 	image_2: autoDraw = True
14.1598 	EXP 	fixation_2: autoDraw = True
14.3121 	EXP 	New trial (rep=6, index=0): None
14.3222 	EXP 	image_2: autoDraw = False
14.3222 	EXP 	fixation_2: autoDraw = False
14.3222 	EXP 	image_2: autoDraw = False
14.3222 	EXP 	fixation_2: autoDraw = False
14.3222 	EXP 	image: autoDraw = True
14.3222 	EXP 	fixation: autoDraw = True
14.4784 	EXP 	image: autoDraw = False
14.4784 	EXP 	fixation: autoDraw = False
14.4784 	EXP 	image: autoDraw = False
14.4784 	EXP 	fixation: autoDraw = False
14.4784 	EXP 	image_2: autoDraw = True
14.4784 	EXP 	fixation_2: autoDraw = True
14.6303 	EXP 	New trial (rep=7, index=0): None
14.6388 	EXP 	image_2: autoDraw = False
14.6388 	EXP 	fixation_2: autoDraw = False
14.6388 	EXP 	image_2: autoDraw = False
14.6388 	EXP 	fixation_2: autoDraw = False
14.6388 	EXP 	image: autoDraw = True
14.6388 	EXP 	fixation: autoDraw = True
14.7953 	EXP 	image: autoDraw = False
14.7953 	EXP 	fixation: autoDraw = False
14.7953 	EXP 	image: autoDraw = False
14.7953 	EXP 	fixation: autoDraw = False
14.7953 	EXP 	image_2: autoDraw = True
14.7953 	EXP 	fixation_2: autoDraw = True
14.9589 	EXP 	New trial (rep=8, index=0): None
14.9725 	EXP 	image_2: autoDraw = False
14.9725 	EXP 	fixation_2: autoDraw = False
14.9725 	EXP 	image_2: autoDraw = False
14.9725 	EXP 	fixation_2: autoDraw = False
14.9725 	EXP 	image: autoDraw = True
14.9725 	EXP 	fixation: autoDraw = True
15.1289 	EXP 	image: autoDraw = False
15.1289 	EXP 	fixation: autoDraw = False
15.1289 	EXP 	image: autoDraw = False
15.1289 	EXP 	fixation: autoDraw = False
15.1289 	EXP 	image_2: autoDraw = True
15.1289 	EXP 	fixation_2: autoDraw = True
15.2797 	EXP 	New trial (rep=9, index=0): None
15.2906 	EXP 	image_2: autoDraw = False
15.2906 	EXP 	fixation_2: autoDraw = False
15.2906 	EXP 	image_2: autoDraw = False
15.2906 	EXP 	fixation_2: autoDraw = False
15.2906 	EXP 	image: autoDraw = True
15.2906 	EXP 	fixation: autoDraw = True
15.4450 	EXP 	image: autoDraw = False
15.4450 	EXP 	fixation: autoDraw = False
15.4450 	EXP 	image: autoDraw = False
15.4450 	EXP 	fixation: autoDraw = False
15.4450 	EXP 	image_2: autoDraw = True
15.4450 	EXP 	fixation_2: autoDraw = True
15.5987 	EXP 	New trial (rep=10, index=0): None
15.6056 	EXP 	image_2: autoDraw = False
15.6056 	EXP 	fixation_2: autoDraw = False
15.6056 	EXP 	image_2: autoDraw = False
15.6056 	EXP 	fixation_2: autoDraw = False
15.6056 	EXP 	image: autoDraw = True
15.6056 	EXP 	fixation: autoDraw = True
15.7627 	EXP 	image: autoDraw = False
15.7627 	EXP 	fixation: autoDraw = False
15.7627 	EXP 	image: autoDraw = False
15.7627 	EXP 	fixation: autoDraw = False
15.7627 	EXP 	image_2: autoDraw = True
15.7627 	EXP 	fixation_2: autoDraw = True
15.9125 	EXP 	New trial (rep=11, index=0): None
15.9224 	EXP 	image_2: autoDraw = False
15.9224 	EXP 	fixation_2: autoDraw = False
15.9224 	EXP 	image_2: autoDraw = False
15.9224 	EXP 	fixation_2: autoDraw = False
15.9224 	EXP 	image: autoDraw = True
15.9224 	EXP 	fixation: autoDraw = True
16.0779 	EXP 	image: autoDraw = False
16.0779 	EXP 	fixation: autoDraw = False
16.0779 	EXP 	image: autoDraw = False
16.0779 	EXP 	fixation: autoDraw = False
16.0779 	EXP 	image_2: autoDraw = True
16.0779 	EXP 	fixation_2: autoDraw = True
16.2290 	EXP 	New trial (rep=12, index=0): None
16.2388 	EXP 	image_2: autoDraw = False
16.2388 	EXP 	fixation_2: autoDraw = False
16.2388 	EXP 	image_2: autoDraw = False
16.2388 	EXP 	fixation_2: autoDraw = False
16.2388 	EXP 	image: autoDraw = True
16.2388 	EXP 	fixation: autoDraw = True
16.3951 	EXP 	image: autoDraw = False
16.3951 	EXP 	fixation: autoDraw = False
16.3951 	EXP 	image: autoDraw = False
16.3951 	EXP 	fixation: autoDraw = False
16.3951 	EXP 	image_2: autoDraw = True
16.3951 	EXP 	fixation_2: autoDraw = True
16.5450 	EXP 	New trial (rep=13, index=0): None
16.5564 	EXP 	image_2: autoDraw = False
16.5564 	EXP 	fixation_2: autoDraw = False
16.5564 	EXP 	image_2: autoDraw = False
16.5564 	EXP 	fixation_2: autoDraw = False
16.5564 	EXP 	image: autoDraw = True
16.5564 	EXP 	fixation: autoDraw = True
16.7164 	EXP 	image: autoDraw = False
16.7164 	EXP 	fixation: autoDraw = False
16.7164 	EXP 	image: autoDraw = False
16.7164 	EXP 	fixation: autoDraw = False
16.7164 	EXP 	image_2: autoDraw = True
16.7164 	EXP 	fixation_2: autoDraw = True
16.8749 	EXP 	New trial (rep=14, index=0): None
16.8796 	EXP 	image_2: autoDraw = False
16.8796 	EXP 	fixation_2: autoDraw = False
16.8796 	EXP 	image_2: autoDraw = False
16.8796 	EXP 	fixation_2: autoDraw = False
16.8796 	EXP 	image: autoDraw = True
16.8796 	EXP 	fixation: autoDraw = True
17.0391 	EXP 	image: autoDraw = False
17.0391 	EXP 	fixation: autoDraw = False
17.0391 	EXP 	image: autoDraw = False
17.0391 	EXP 	fixation: autoDraw = False
17.0391 	EXP 	image_2: autoDraw = True
17.0391 	EXP 	fixation_2: autoDraw = True
17.1911 	EXP 	New trial (rep=15, index=0): None
17.1960 	EXP 	image_2: autoDraw = False
17.1960 	EXP 	fixation_2: autoDraw = False
17.1960 	EXP 	image_2: autoDraw = False
17.1960 	EXP 	fixation_2: autoDraw = False
17.1960 	EXP 	image: autoDraw = True
17.1960 	EXP 	fixation: autoDraw = True
17.3557 	EXP 	image: autoDraw = False
17.3557 	EXP 	fixation: autoDraw = False
17.3557 	EXP 	image: autoDraw = False
17.3557 	EXP 	fixation: autoDraw = False
17.3557 	EXP 	image_2: autoDraw = True
17.3557 	EXP 	fixation_2: autoDraw = True
17.5076 	EXP 	New trial (rep=16, index=0): None
17.5118 	EXP 	image_2: autoDraw = False
17.5118 	EXP 	fixation_2: autoDraw = False
17.5118 	EXP 	image_2: autoDraw = False
17.5118 	EXP 	fixation_2: autoDraw = False
17.5118 	EXP 	image: autoDraw = True
17.5118 	EXP 	fixation: autoDraw = True
17.6720 	EXP 	image: autoDraw = False
17.6720 	EXP 	fixation: autoDraw = False
17.6720 	EXP 	image: autoDraw = False
17.6720 	EXP 	fixation: autoDraw = False
17.6720 	EXP 	image_2: autoDraw = True
17.6720 	EXP 	fixation_2: autoDraw = True
17.8245 	EXP 	New trial (rep=17, index=0): None
17.8290 	EXP 	image_2: autoDraw = False
17.8290 	EXP 	fixation_2: autoDraw = False
17.8290 	EXP 	image_2: autoDraw = False
17.8290 	EXP 	fixation_2: autoDraw = False
17.8290 	EXP 	image: autoDraw = True
17.8290 	EXP 	fixation: autoDraw = True
17.9888 	EXP 	image: autoDraw = False
17.9888 	EXP 	fixation: autoDraw = False
17.9888 	EXP 	image: autoDraw = False
17.9888 	EXP 	fixation: autoDraw = False
17.9888 	EXP 	image_2: autoDraw = True
17.9888 	EXP 	fixation_2: autoDraw = True
18.1407 	EXP 	New trial (rep=18, index=0): None
18.1449 	EXP 	image_2: autoDraw = False
18.1449 	EXP 	fixation_2: autoDraw = False
18.1449 	EXP 	image_2: autoDraw = False
18.1449 	EXP 	fixation_2: autoDraw = False
18.1449 	EXP 	image: autoDraw = True
18.1449 	EXP 	fixation: autoDraw = True
18.3055 	EXP 	image: autoDraw = False
18.3055 	EXP 	fixation: autoDraw = False
18.3055 	EXP 	image: autoDraw = False
18.3055 	EXP 	fixation: autoDraw = False
18.3055 	EXP 	image_2: autoDraw = True
18.3055 	EXP 	fixation_2: autoDraw = True
18.4580 	EXP 	New trial (rep=19, index=0): None
18.4628 	EXP 	image_2: autoDraw = False
18.4628 	EXP 	fixation_2: autoDraw = False
18.4628 	EXP 	image_2: autoDraw = False
18.4628 	EXP 	fixation_2: autoDraw = False
18.4628 	EXP 	image: autoDraw = True
18.4628 	EXP 	fixation: autoDraw = True
18.6222 	EXP 	image: autoDraw = False
18.6222 	EXP 	fixation: autoDraw = False
18.6222 	EXP 	image: autoDraw = False
18.6222 	EXP 	fixation: autoDraw = False
18.6222 	EXP 	image_2: autoDraw = True
18.6222 	EXP 	fixation_2: autoDraw = True
18.7732 	EXP 	New trial (rep=20, index=0): None
18.7770 	EXP 	image_2: autoDraw = False
18.7770 	EXP 	fixation_2: autoDraw = False
18.7770 	EXP 	image_2: autoDraw = False
18.7770 	EXP 	fixation_2: autoDraw = False
18.7770 	EXP 	image: autoDraw = True
18.7770 	EXP 	fixation: autoDraw = True
18.9390 	EXP 	image: autoDraw = False
18.9390 	EXP 	fixation: autoDraw = False
18.9390 	EXP 	image: autoDraw = False
18.9390 	EXP 	fixation: autoDraw = False
18.9390 	EXP 	image_2: autoDraw = True
18.9390 	EXP 	fixation_2: autoDraw = True
19.0900 	EXP 	New trial (rep=21, index=0): None
19.0943 	EXP 	image_2: autoDraw = False
19.0943 	EXP 	fixation_2: autoDraw = False
19.0943 	EXP 	image_2: autoDraw = False
19.0943 	EXP 	fixation_2: autoDraw = False
19.0943 	EXP 	image: autoDraw = True
19.0943 	EXP 	fixation: autoDraw = True
19.2555 	EXP 	image: autoDraw = False
19.2555 	EXP 	fixation: autoDraw = False
19.2555 	EXP 	image: autoDraw = False
19.2555 	EXP 	fixation: autoDraw = False
19.2555 	EXP 	image_2: autoDraw = True
19.2555 	EXP 	fixation_2: autoDraw = True
19.4080 	EXP 	New trial (rep=22, index=0): None
19.4124 	EXP 	image_2: autoDraw = False
19.4124 	EXP 	fixation_2: autoDraw = False
19.4124 	EXP 	image_2: autoDraw = False
19.4124 	EXP 	fixation_2: autoDraw = False
19.4124 	EXP 	image: autoDraw = True
19.4124 	EXP 	fixation: autoDraw = True
19.5722 	EXP 	image: autoDraw = False
19.5722 	EXP 	fixation: autoDraw = False
19.5722 	EXP 	image: autoDraw = False
19.5722 	EXP 	fixation: autoDraw = False
19.5722 	EXP 	image_2: autoDraw = True
19.5722 	EXP 	fixation_2: autoDraw = True
19.7228 	EXP 	New trial (rep=23, index=0): None
19.7265 	EXP 	image_2: autoDraw = False
19.7265 	EXP 	fixation_2: autoDraw = False
19.7265 	EXP 	image_2: autoDraw = False
19.7265 	EXP 	fixation_2: autoDraw = False
19.7265 	EXP 	image: autoDraw = True
19.7265 	EXP 	fixation: autoDraw = True
19.8889 	EXP 	image: autoDraw = False
19.8889 	EXP 	fixation: autoDraw = False
19.8889 	EXP 	image: autoDraw = False
19.8889 	EXP 	fixation: autoDraw = False
19.8889 	EXP 	image_2: autoDraw = True
19.8889 	EXP 	fixation_2: autoDraw = True
20.0412 	EXP 	New trial (rep=24, index=0): None
20.0464 	EXP 	image_2: autoDraw = False
20.0464 	EXP 	fixation_2: autoDraw = False
20.0464 	EXP 	image_2: autoDraw = False
20.0464 	EXP 	fixation_2: autoDraw = False
20.0464 	EXP 	image: autoDraw = True
20.0464 	EXP 	fixation: autoDraw = True
20.2117 	EXP 	image: autoDraw = False
20.2117 	EXP 	fixation: autoDraw = False
20.2117 	EXP 	image: autoDraw = False
20.2117 	EXP 	fixation: autoDraw = False
20.2117 	EXP 	image_2: autoDraw = True
20.2117 	EXP 	fixation_2: autoDraw = True
20.3631 	EXP 	New trial (rep=25, index=0): None
20.3723 	EXP 	image_2: autoDraw = False
20.3723 	EXP 	fixation_2: autoDraw = False
20.3723 	EXP 	image_2: autoDraw = False
20.3723 	EXP 	fixation_2: autoDraw = False
20.3723 	EXP 	image: autoDraw = True
20.3723 	EXP 	fixation: autoDraw = True
20.5287 	EXP 	image: autoDraw = False
20.5287 	EXP 	fixation: autoDraw = False
20.5287 	EXP 	image: autoDraw = False
20.5287 	EXP 	fixation: autoDraw = False
20.5287 	EXP 	image_2: autoDraw = True
20.5287 	EXP 	fixation_2: autoDraw = True
20.6830 	EXP 	New trial (rep=26, index=0): None
20.6886 	EXP 	image_2: autoDraw = False
20.6886 	EXP 	fixation_2: autoDraw = False
20.6886 	EXP 	image_2: autoDraw = False
20.6886 	EXP 	fixation_2: autoDraw = False
20.6886 	EXP 	image: autoDraw = True
20.6886 	EXP 	fixation: autoDraw = True
20.8454 	EXP 	image: autoDraw = False
20.8454 	EXP 	fixation: autoDraw = False
20.8454 	EXP 	image: autoDraw = False
20.8454 	EXP 	fixation: autoDraw = False
20.8454 	EXP 	image_2: autoDraw = True
20.8454 	EXP 	fixation_2: autoDraw = True
20.9955 	EXP 	New trial (rep=27, index=0): None
21.0057 	EXP 	image_2: autoDraw = False
21.0057 	EXP 	fixation_2: autoDraw = False
21.0057 	EXP 	image_2: autoDraw = False
21.0057 	EXP 	fixation_2: autoDraw = False
21.0057 	EXP 	image: autoDraw = True
21.0057 	EXP 	fixation: autoDraw = True
21.1612 	EXP 	image: autoDraw = False
21.1612 	EXP 	fixation: autoDraw = False
21.1612 	EXP 	image: autoDraw = False
21.1612 	EXP 	fixation: autoDraw = False
21.1612 	EXP 	image_2: autoDraw = True
21.1612 	EXP 	fixation_2: autoDraw = True
21.3131 	EXP 	New trial (rep=28, index=0): None
21.3221 	EXP 	image_2: autoDraw = False
21.3221 	EXP 	fixation_2: autoDraw = False
21.3221 	EXP 	image_2: autoDraw = False
21.3221 	EXP 	fixation_2: autoDraw = False
21.3221 	EXP 	image: autoDraw = True
21.3221 	EXP 	fixation: autoDraw = True
21.4789 	EXP 	image: autoDraw = False
21.4789 	EXP 	fixation: autoDraw = False
21.4789 	EXP 	image: autoDraw = False
21.4789 	EXP 	fixation: autoDraw = False
21.4789 	EXP 	image_2: autoDraw = True
21.4789 	EXP 	fixation_2: autoDraw = True
21.6288 	EXP 	New trial (rep=29, index=0): None
21.6388 	EXP 	image_2: autoDraw = False
21.6388 	EXP 	fixation_2: autoDraw = False
21.6388 	EXP 	image_2: autoDraw = False
21.6388 	EXP 	fixation_2: autoDraw = False
21.6388 	EXP 	image: autoDraw = True
21.6388 	EXP 	fixation: autoDraw = True
21.7947 	EXP 	image: autoDraw = False
21.7947 	EXP 	fixation: autoDraw = False
21.7947 	EXP 	image: autoDraw = False
21.7947 	EXP 	fixation: autoDraw = False
21.7947 	EXP 	image_2: autoDraw = True
21.7947 	EXP 	fixation_2: autoDraw = True
21.9456 	EXP 	New trial (rep=30, index=0): None
21.9555 	EXP 	image_2: autoDraw = False
21.9555 	EXP 	fixation_2: autoDraw = False
21.9555 	EXP 	image_2: autoDraw = False
21.9555 	EXP 	fixation_2: autoDraw = False
21.9555 	EXP 	image: autoDraw = True
21.9555 	EXP 	fixation: autoDraw = True
22.1131 	EXP 	image: autoDraw = False
22.1131 	EXP 	fixation: autoDraw = False
22.1131 	EXP 	image: autoDraw = False
22.1131 	EXP 	fixation: autoDraw = False
22.1131 	EXP 	image_2: autoDraw = True
22.1131 	EXP 	fixation_2: autoDraw = True
22.2631 	EXP 	New trial (rep=31, index=0): None
22.2723 	EXP 	image_2: autoDraw = False
22.2723 	EXP 	fixation_2: autoDraw = False
22.2723 	EXP 	image_2: autoDraw = False
22.2723 	EXP 	fixation_2: autoDraw = False
22.2723 	EXP 	image: autoDraw = True
22.2723 	EXP 	fixation: autoDraw = True
22.4302 	EXP 	image: autoDraw = False
22.4302 	EXP 	fixation: autoDraw = False
22.4302 	EXP 	image: autoDraw = False
22.4302 	EXP 	fixation: autoDraw = False
22.4302 	EXP 	image_2: autoDraw = True
22.4302 	EXP 	fixation_2: autoDraw = True
22.5914 	EXP 	New trial (rep=32, index=0): None
22.5960 	EXP 	image_2: autoDraw = False
22.5960 	EXP 	fixation_2: autoDraw = False
22.5960 	EXP 	image_2: autoDraw = False
22.5960 	EXP 	fixation_2: autoDraw = False
22.5960 	EXP 	image: autoDraw = True
22.5960 	EXP 	fixation: autoDraw = True
22.7561 	EXP 	image: autoDraw = False
22.7561 	EXP 	fixation: autoDraw = False
22.7561 	EXP 	image: autoDraw = False
22.7561 	EXP 	fixation: autoDraw = False
22.7561 	EXP 	image_2: autoDraw = True
22.7561 	EXP 	fixation_2: autoDraw = True
22.9076 	EXP 	New trial (rep=33, index=0): None
22.9117 	EXP 	image_2: autoDraw = False
22.9117 	EXP 	fixation_2: autoDraw = False
22.9117 	EXP 	image_2: autoDraw = False
22.9117 	EXP 	fixation_2: autoDraw = False
22.9117 	EXP 	image: autoDraw = True
22.9117 	EXP 	fixation: autoDraw = True
23.0721 	EXP 	image: autoDraw = False
23.0721 	EXP 	fixation: autoDraw = False
23.0721 	EXP 	image: autoDraw = False
23.0721 	EXP 	fixation: autoDraw = False
23.0721 	EXP 	image_2: autoDraw = True
23.0721 	EXP 	fixation_2: autoDraw = True
23.2232 	EXP 	New trial (rep=34, index=0): None
23.2271 	EXP 	image_2: autoDraw = False
23.2271 	EXP 	fixation_2: autoDraw = False
23.2271 	EXP 	image_2: autoDraw = False
23.2271 	EXP 	fixation_2: autoDraw = False
23.2271 	EXP 	image: autoDraw = True
23.2271 	EXP 	fixation: autoDraw = True
23.3889 	EXP 	image: autoDraw = False
23.3889 	EXP 	fixation: autoDraw = False
23.3889 	EXP 	image: autoDraw = False
23.3889 	EXP 	fixation: autoDraw = False
23.3889 	EXP 	image_2: autoDraw = True
23.3889 	EXP 	fixation_2: autoDraw = True
23.5411 	EXP 	New trial (rep=35, index=0): None
23.5461 	EXP 	image_2: autoDraw = False
23.5461 	EXP 	fixation_2: autoDraw = False
23.5461 	EXP 	image_2: autoDraw = False
23.5461 	EXP 	fixation_2: autoDraw = False
23.5461 	EXP 	image: autoDraw = True
23.5461 	EXP 	fixation: autoDraw = True
23.7098 	EXP 	image: autoDraw = False
23.7098 	EXP 	fixation: autoDraw = False
23.7098 	EXP 	image: autoDraw = False
23.7098 	EXP 	fixation: autoDraw = False
23.7098 	EXP 	image_2: autoDraw = True
23.7098 	EXP 	fixation_2: autoDraw = True
23.8627 	EXP 	New trial (rep=36, index=0): None
23.8723 	EXP 	image_2: autoDraw = False
23.8723 	EXP 	fixation_2: autoDraw = False
23.8723 	EXP 	image_2: autoDraw = False
23.8723 	EXP 	fixation_2: autoDraw = False
23.8723 	EXP 	image: autoDraw = True
23.8723 	EXP 	fixation: autoDraw = True
24.0268 	EXP 	image: autoDraw = False
24.0268 	EXP 	fixation: autoDraw = False
24.0268 	EXP 	image: autoDraw = False
24.0268 	EXP 	fixation: autoDraw = False
24.0268 	EXP 	image_2: autoDraw = True
24.0268 	EXP 	fixation_2: autoDraw = True
24.1803 	EXP 	New trial (rep=37, index=0): None
24.1891 	EXP 	image_2: autoDraw = False
24.1891 	EXP 	fixation_2: autoDraw = False
24.1891 	EXP 	image_2: autoDraw = False
24.1891 	EXP 	fixation_2: autoDraw = False
24.1891 	EXP 	image: autoDraw = True
24.1891 	EXP 	fixation: autoDraw = True
24.3452 	EXP 	image: autoDraw = False
24.3452 	EXP 	fixation: autoDraw = False
24.3452 	EXP 	image: autoDraw = False
24.3452 	EXP 	fixation: autoDraw = False
24.3452 	EXP 	image_2: autoDraw = True
24.3452 	EXP 	fixation_2: autoDraw = True
24.4969 	EXP 	New trial (rep=38, index=0): None
24.5074 	EXP 	image_2: autoDraw = False
24.5074 	EXP 	fixation_2: autoDraw = False
24.5074 	EXP 	image_2: autoDraw = False
24.5074 	EXP 	fixation_2: autoDraw = False
24.5074 	EXP 	image: autoDraw = True
24.5074 	EXP 	fixation: autoDraw = True
24.6720 	EXP 	image: autoDraw = False
24.6720 	EXP 	fixation: autoDraw = False
24.6720 	EXP 	image: autoDraw = False
24.6720 	EXP 	fixation: autoDraw = False
24.6720 	EXP 	image_2: autoDraw = True
24.6720 	EXP 	fixation_2: autoDraw = True
24.8239 	EXP 	New trial (rep=39, index=0): None
24.8285 	EXP 	image_2: autoDraw = False
24.8285 	EXP 	fixation_2: autoDraw = False
24.8285 	EXP 	image_2: autoDraw = False
24.8285 	EXP 	fixation_2: autoDraw = False
24.8285 	EXP 	image: autoDraw = True
24.8285 	EXP 	fixation: autoDraw = True
24.9922 	EXP 	image: autoDraw = False
24.9922 	EXP 	fixation: autoDraw = False
24.9922 	EXP 	image: autoDraw = False
24.9922 	EXP 	fixation: autoDraw = False
24.9922 	EXP 	image_2: autoDraw = True
24.9922 	EXP 	fixation_2: autoDraw = True
25.1466 	EXP 	New trial (rep=40, index=0): None
25.1555 	EXP 	image_2: autoDraw = False
25.1555 	EXP 	fixation_2: autoDraw = False
25.1555 	EXP 	image_2: autoDraw = False
25.1555 	EXP 	fixation_2: autoDraw = False
25.1555 	EXP 	image: autoDraw = True
25.1555 	EXP 	fixation: autoDraw = True
25.3119 	EXP 	image: autoDraw = False
25.3119 	EXP 	fixation: autoDraw = False
25.3119 	EXP 	image: autoDraw = False
25.3119 	EXP 	fixation: autoDraw = False
25.3119 	EXP 	image_2: autoDraw = True
25.3119 	EXP 	fixation_2: autoDraw = True
25.4623 	EXP 	New trial (rep=41, index=0): None
25.4719 	EXP 	image_2: autoDraw = False
25.4719 	EXP 	fixation_2: autoDraw = False
25.4719 	EXP 	image_2: autoDraw = False
25.4719 	EXP 	fixation_2: autoDraw = False
25.4719 	EXP 	image: autoDraw = True
25.4719 	EXP 	fixation: autoDraw = True
25.6284 	EXP 	image: autoDraw = False
25.6284 	EXP 	fixation: autoDraw = False
25.6284 	EXP 	image: autoDraw = False
25.6284 	EXP 	fixation: autoDraw = False
25.6284 	EXP 	image_2: autoDraw = True
25.6284 	EXP 	fixation_2: autoDraw = True
25.7783 	EXP 	New trial (rep=42, index=0): None
25.7892 	EXP 	image_2: autoDraw = False
25.7892 	EXP 	fixation_2: autoDraw = False
25.7892 	EXP 	image_2: autoDraw = False
25.7892 	EXP 	fixation_2: autoDraw = False
25.7892 	EXP 	image: autoDraw = True
25.7892 	EXP 	fixation: autoDraw = True
25.9467 	EXP 	image: autoDraw = False
25.9467 	EXP 	fixation: autoDraw = False
25.9467 	EXP 	image: autoDraw = False
25.9467 	EXP 	fixation: autoDraw = False
25.9467 	EXP 	image_2: autoDraw = True
25.9467 	EXP 	fixation_2: autoDraw = True
26.1083 	EXP 	New trial (rep=43, index=0): None
26.1142 	EXP 	image_2: autoDraw = False
26.1142 	EXP 	fixation_2: autoDraw = False
26.1142 	EXP 	image_2: autoDraw = False
26.1142 	EXP 	fixation_2: autoDraw = False
26.1142 	EXP 	image: autoDraw = True
26.1142 	EXP 	fixation: autoDraw = True
26.2764 	EXP 	image: autoDraw = False
26.2764 	EXP 	fixation: autoDraw = False
26.2764 	EXP 	image: autoDraw = False
26.2764 	EXP 	fixation: autoDraw = False
26.2764 	EXP 	image_2: autoDraw = True
26.2764 	EXP 	fixation_2: autoDraw = True
26.4290 	EXP 	New trial (rep=44, index=0): None
26.4388 	EXP 	image_2: autoDraw = False
26.4388 	EXP 	fixation_2: autoDraw = False
26.4388 	EXP 	image_2: autoDraw = False
26.4388 	EXP 	fixation_2: autoDraw = False
26.4388 	EXP 	image: autoDraw = True
26.4388 	EXP 	fixation: autoDraw = True
26.5949 	EXP 	image: autoDraw = False
26.5949 	EXP 	fixation: autoDraw = False
26.5949 	EXP 	image: autoDraw = False
26.5949 	EXP 	fixation: autoDraw = False
26.5949 	EXP 	image_2: autoDraw = True
26.5949 	EXP 	fixation_2: autoDraw = True
26.7463 	EXP 	New trial (rep=45, index=0): None
26.7554 	EXP 	image_2: autoDraw = False
26.7554 	EXP 	fixation_2: autoDraw = False
26.7554 	EXP 	image_2: autoDraw = False
26.7554 	EXP 	fixation_2: autoDraw = False
26.7554 	EXP 	image: autoDraw = True
26.7554 	EXP 	fixation: autoDraw = True
26.9128 	EXP 	image: autoDraw = False
26.9128 	EXP 	fixation: autoDraw = False
26.9128 	EXP 	image: autoDraw = False
26.9128 	EXP 	fixation: autoDraw = False
26.9128 	EXP 	image_2: autoDraw = True
26.9128 	EXP 	fixation_2: autoDraw = True
27.0629 	EXP 	New trial (rep=46, index=0): None
27.0723 	EXP 	image_2: autoDraw = False
27.0723 	EXP 	fixation_2: autoDraw = False
27.0723 	EXP 	image_2: autoDraw = False
27.0723 	EXP 	fixation_2: autoDraw = False
27.0723 	EXP 	image: autoDraw = True
27.0723 	EXP 	fixation: autoDraw = True
27.2273 	EXP 	image: autoDraw = False
27.2273 	EXP 	fixation: autoDraw = False
27.2273 	EXP 	image: autoDraw = False
27.2273 	EXP 	fixation: autoDraw = False
27.2273 	EXP 	image_2: autoDraw = True
27.2273 	EXP 	fixation_2: autoDraw = True
27.3788 	EXP 	New trial (rep=47, index=0): None
27.3889 	EXP 	image_2: autoDraw = False
27.3889 	EXP 	fixation_2: autoDraw = False
27.3889 	EXP 	image_2: autoDraw = False
27.3889 	EXP 	fixation_2: autoDraw = False
27.3889 	EXP 	image: autoDraw = True
27.3889 	EXP 	fixation: autoDraw = True
27.5456 	EXP 	image: autoDraw = False
27.5456 	EXP 	fixation: autoDraw = False
27.5456 	EXP 	image: autoDraw = False
27.5456 	EXP 	fixation: autoDraw = False
27.5456 	EXP 	image_2: autoDraw = True
27.5456 	EXP 	fixation_2: autoDraw = True
27.6965 	EXP 	New trial (rep=48, index=0): None
27.7064 	EXP 	image_2: autoDraw = False
27.7064 	EXP 	fixation_2: autoDraw = False
27.7064 	EXP 	image_2: autoDraw = False
27.7064 	EXP 	fixation_2: autoDraw = False
27.7064 	EXP 	image: autoDraw = True
27.7064 	EXP 	fixation: autoDraw = True
27.8598 	EXP 	image: autoDraw = False
27.8598 	EXP 	fixation: autoDraw = False
27.8598 	EXP 	image: autoDraw = False
27.8598 	EXP 	fixation: autoDraw = False
27.8598 	EXP 	image_2: autoDraw = True
27.8598 	EXP 	fixation_2: autoDraw = True
28.0105 	EXP 	New trial (rep=49, index=0): None
28.0221 	EXP 	image_2: autoDraw = False
28.0221 	EXP 	fixation_2: autoDraw = False
28.0221 	EXP 	image_2: autoDraw = False
28.0221 	EXP 	fixation_2: autoDraw = False
28.0221 	EXP 	image: autoDraw = True
28.0221 	EXP 	fixation: autoDraw = True
28.1783 	EXP 	image: autoDraw = False
28.1783 	EXP 	fixation: autoDraw = False
28.1783 	EXP 	image: autoDraw = False
28.1783 	EXP 	fixation: autoDraw = False
28.1783 	EXP 	image_2: autoDraw = True
28.1783 	EXP 	fixation_2: autoDraw = True
28.3290 	EXP 	New trial (rep=50, index=0): None
28.3395 	EXP 	image_2: autoDraw = False
28.3395 	EXP 	fixation_2: autoDraw = False
28.3395 	EXP 	image_2: autoDraw = False
28.3395 	EXP 	fixation_2: autoDraw = False
28.3395 	EXP 	image: autoDraw = True
28.3395 	EXP 	fixation: autoDraw = True
28.4984 	EXP 	image: autoDraw = False
28.4984 	EXP 	fixation: autoDraw = False
28.4984 	EXP 	image: autoDraw = False
28.4984 	EXP 	fixation: autoDraw = False
28.4984 	EXP 	image_2: autoDraw = True
28.4984 	EXP 	fixation_2: autoDraw = True
28.6564 	EXP 	New trial (rep=51, index=0): None
28.6602 	EXP 	image_2: autoDraw = False
28.6602 	EXP 	fixation_2: autoDraw = False
28.6602 	EXP 	image_2: autoDraw = False
28.6602 	EXP 	fixation_2: autoDraw = False
28.6602 	EXP 	image: autoDraw = True
28.6602 	EXP 	fixation: autoDraw = True
28.8227 	EXP 	image: autoDraw = False
28.8227 	EXP 	fixation: autoDraw = False
28.8227 	EXP 	image: autoDraw = False
28.8227 	EXP 	fixation: autoDraw = False
28.8227 	EXP 	image_2: autoDraw = True
28.8227 	EXP 	fixation_2: autoDraw = True
28.9743 	EXP 	New trial (rep=52, index=0): None
28.9808 	EXP 	image_2: autoDraw = False
28.9808 	EXP 	fixation_2: autoDraw = False
28.9808 	EXP 	image_2: autoDraw = False
28.9808 	EXP 	fixation_2: autoDraw = False
28.9808 	EXP 	image: autoDraw = True
28.9808 	EXP 	fixation: autoDraw = True
29.1443 	EXP 	image: autoDraw = False
29.1443 	EXP 	fixation: autoDraw = False
29.1443 	EXP 	image: autoDraw = False
29.1443 	EXP 	fixation: autoDraw = False
29.1443 	EXP 	image_2: autoDraw = True
29.1443 	EXP 	fixation_2: autoDraw = True
29.2964 	EXP 	New trial (rep=53, index=0): None
29.3055 	EXP 	image_2: autoDraw = False
29.3055 	EXP 	fixation_2: autoDraw = False
29.3055 	EXP 	image_2: autoDraw = False
29.3055 	EXP 	fixation_2: autoDraw = False
29.3055 	EXP 	image: autoDraw = True
29.3055 	EXP 	fixation: autoDraw = True
29.4616 	EXP 	image: autoDraw = False
29.4616 	EXP 	fixation: autoDraw = False
29.4616 	EXP 	image: autoDraw = False
29.4616 	EXP 	fixation: autoDraw = False
29.4616 	EXP 	image_2: autoDraw = True
29.4616 	EXP 	fixation_2: autoDraw = True
29.6150 	EXP 	New trial (rep=54, index=0): None
29.6220 	EXP 	image_2: autoDraw = False
29.6220 	EXP 	fixation_2: autoDraw = False
29.6220 	EXP 	image_2: autoDraw = False
29.6220 	EXP 	fixation_2: autoDraw = False
29.6220 	EXP 	image: autoDraw = True
29.6220 	EXP 	fixation: autoDraw = True
29.7778 	EXP 	image: autoDraw = False
29.7778 	EXP 	fixation: autoDraw = False
29.7778 	EXP 	image: autoDraw = False
29.7778 	EXP 	fixation: autoDraw = False
29.7778 	EXP 	image_2: autoDraw = True
29.7778 	EXP 	fixation_2: autoDraw = True
29.9299 	EXP 	New trial (rep=55, index=0): None
29.9393 	EXP 	image_2: autoDraw = False
29.9393 	EXP 	fixation_2: autoDraw = False
29.9393 	EXP 	image_2: autoDraw = False
29.9393 	EXP 	fixation_2: autoDraw = False
29.9393 	EXP 	image: autoDraw = True
29.9393 	EXP 	fixation: autoDraw = True
30.0970 	EXP 	image: autoDraw = False
30.0970 	EXP 	fixation: autoDraw = False
30.0970 	EXP 	image: autoDraw = False
30.0970 	EXP 	fixation: autoDraw = False
30.0970 	EXP 	image_2: autoDraw = True
30.0970 	EXP 	fixation_2: autoDraw = True
30.2581 	EXP 	New trial (rep=56, index=0): None
30.2622 	EXP 	image_2: autoDraw = False
30.2622 	EXP 	fixation_2: autoDraw = False
30.2622 	EXP 	image_2: autoDraw = False
30.2622 	EXP 	fixation_2: autoDraw = False
30.2622 	EXP 	image: autoDraw = True
30.2622 	EXP 	fixation: autoDraw = True
30.4236 	EXP 	image: autoDraw = False
30.4236 	EXP 	fixation: autoDraw = False
30.4236 	EXP 	image: autoDraw = False
30.4236 	EXP 	fixation: autoDraw = False
30.4236 	EXP 	image_2: autoDraw = True
30.4236 	EXP 	fixation_2: autoDraw = True
30.5746 	EXP 	New trial (rep=57, index=0): None
30.5791 	EXP 	image_2: autoDraw = False
30.5791 	EXP 	fixation_2: autoDraw = False
30.5791 	EXP 	image_2: autoDraw = False
30.5791 	EXP 	fixation_2: autoDraw = False
30.5791 	EXP 	image: autoDraw = True
30.5791 	EXP 	fixation: autoDraw = True
30.7391 	EXP 	image: autoDraw = False
30.7391 	EXP 	fixation: autoDraw = False
30.7391 	EXP 	image: autoDraw = False
30.7391 	EXP 	fixation: autoDraw = False
30.7391 	EXP 	image_2: autoDraw = True
30.7391 	EXP 	fixation_2: autoDraw = True
30.8909 	EXP 	New trial (rep=58, index=0): None
30.8955 	EXP 	image_2: autoDraw = False
30.8955 	EXP 	fixation_2: autoDraw = False
30.8955 	EXP 	image_2: autoDraw = False
30.8955 	EXP 	fixation_2: autoDraw = False
30.8955 	EXP 	image: autoDraw = True
30.8955 	EXP 	fixation: autoDraw = True
31.0618 	EXP 	image: autoDraw = False
31.0618 	EXP 	fixation: autoDraw = False
31.0618 	EXP 	image: autoDraw = False
31.0618 	EXP 	fixation: autoDraw = False
31.0618 	EXP 	image_2: autoDraw = True
31.0618 	EXP 	fixation_2: autoDraw = True
31.2127 	EXP 	New trial (rep=59, index=0): None
31.2222 	EXP 	image_2: autoDraw = False
31.2222 	EXP 	fixation_2: autoDraw = False
31.2222 	EXP 	image_2: autoDraw = False
31.2222 	EXP 	fixation_2: autoDraw = False
31.2222 	EXP 	image: autoDraw = True
31.2222 	EXP 	fixation: autoDraw = True
31.3789 	EXP 	image: autoDraw = False
31.3789 	EXP 	fixation: autoDraw = False
31.3789 	EXP 	image: autoDraw = False
31.3789 	EXP 	fixation: autoDraw = False
31.3789 	EXP 	image_2: autoDraw = True
31.3789 	EXP 	fixation_2: autoDraw = True
31.5291 	EXP 	New trial (rep=60, index=0): None
31.5396 	EXP 	image_2: autoDraw = False
31.5396 	EXP 	fixation_2: autoDraw = False
31.5396 	EXP 	image_2: autoDraw = False
31.5396 	EXP 	fixation_2: autoDraw = False
31.5396 	EXP 	image: autoDraw = True
31.5396 	EXP 	fixation: autoDraw = True
31.6955 	EXP 	image: autoDraw = False
31.6955 	EXP 	fixation: autoDraw = False
31.6955 	EXP 	image: autoDraw = False
31.6955 	EXP 	fixation: autoDraw = False
31.6955 	EXP 	image_2: autoDraw = True
31.6955 	EXP 	fixation_2: autoDraw = True
31.8459 	EXP 	New trial (rep=61, index=0): None
31.8556 	EXP 	image_2: autoDraw = False
31.8556 	EXP 	fixation_2: autoDraw = False
31.8556 	EXP 	image_2: autoDraw = False
31.8556 	EXP 	fixation_2: autoDraw = False
31.8556 	EXP 	image: autoDraw = True
31.8556 	EXP 	fixation: autoDraw = True
32.0109 	EXP 	image: autoDraw = False
32.0109 	EXP 	fixation: autoDraw = False
32.0109 	EXP 	image: autoDraw = False
32.0109 	EXP 	fixation: autoDraw = False
32.0109 	EXP 	image_2: autoDraw = True
32.0109 	EXP 	fixation_2: autoDraw = True
32.1624 	EXP 	New trial (rep=62, index=0): None
32.1720 	EXP 	image_2: autoDraw = False
32.1720 	EXP 	fixation_2: autoDraw = False
32.1720 	EXP 	image_2: autoDraw = False
32.1720 	EXP 	fixation_2: autoDraw = False
32.1720 	EXP 	image: autoDraw = True
32.1720 	EXP 	fixation: autoDraw = True
32.3277 	EXP 	image: autoDraw = False
32.3277 	EXP 	fixation: autoDraw = False
32.3277 	EXP 	image: autoDraw = False
32.3277 	EXP 	fixation: autoDraw = False
32.3277 	EXP 	image_2: autoDraw = True
32.3277 	EXP 	fixation_2: autoDraw = True
32.4792 	EXP 	New trial (rep=63, index=0): None
32.4888 	EXP 	image_2: autoDraw = False
32.4888 	EXP 	fixation_2: autoDraw = False
32.4888 	EXP 	image_2: autoDraw = False
32.4888 	EXP 	fixation_2: autoDraw = False
32.4888 	EXP 	image: autoDraw = True
32.4888 	EXP 	fixation: autoDraw = True
32.6457 	EXP 	image: autoDraw = False
32.6457 	EXP 	fixation: autoDraw = False
32.6457 	EXP 	image: autoDraw = False
32.6457 	EXP 	fixation: autoDraw = False
32.6457 	EXP 	image_2: autoDraw = True
32.6457 	EXP 	fixation_2: autoDraw = True
32.7956 	EXP 	New trial (rep=64, index=0): None
32.8055 	EXP 	image_2: autoDraw = False
32.8055 	EXP 	fixation_2: autoDraw = False
32.8055 	EXP 	image_2: autoDraw = False
32.8055 	EXP 	fixation_2: autoDraw = False
32.8055 	EXP 	image: autoDraw = True
32.8055 	EXP 	fixation: autoDraw = True
32.9617 	EXP 	image: autoDraw = False
32.9617 	EXP 	fixation: autoDraw = False
32.9617 	EXP 	image: autoDraw = False
32.9617 	EXP 	fixation: autoDraw = False
32.9617 	EXP 	image_2: autoDraw = True
32.9617 	EXP 	fixation_2: autoDraw = True
33.1136 	EXP 	New trial (rep=65, index=0): None
33.1221 	EXP 	image_2: autoDraw = False
33.1221 	EXP 	fixation_2: autoDraw = False
33.1221 	EXP 	image_2: autoDraw = False
33.1221 	EXP 	fixation_2: autoDraw = False
33.1221 	EXP 	image: autoDraw = True
33.1221 	EXP 	fixation: autoDraw = True
33.2769 	EXP 	image: autoDraw = False
33.2769 	EXP 	fixation: autoDraw = False
33.2769 	EXP 	image: autoDraw = False
33.2769 	EXP 	fixation: autoDraw = False
33.2769 	EXP 	image_2: autoDraw = True
33.2769 	EXP 	fixation_2: autoDraw = True
33.4296 	EXP 	New trial (rep=66, index=0): None
33.4388 	EXP 	image_2: autoDraw = False
33.4388 	EXP 	fixation_2: autoDraw = False
33.4388 	EXP 	image_2: autoDraw = False
33.4388 	EXP 	fixation_2: autoDraw = False
33.4388 	EXP 	image: autoDraw = True
33.4388 	EXP 	fixation: autoDraw = True
33.5939 	EXP 	image: autoDraw = False
33.5939 	EXP 	fixation: autoDraw = False
33.5939 	EXP 	image: autoDraw = False
33.5939 	EXP 	fixation: autoDraw = False
33.5939 	EXP 	image_2: autoDraw = True
33.5939 	EXP 	fixation_2: autoDraw = True
33.7449 	EXP 	New trial (rep=67, index=0): None
33.7554 	EXP 	image_2: autoDraw = False
33.7554 	EXP 	fixation_2: autoDraw = False
33.7554 	EXP 	image_2: autoDraw = False
33.7554 	EXP 	fixation_2: autoDraw = False
33.7554 	EXP 	image: autoDraw = True
33.7554 	EXP 	fixation: autoDraw = True
33.9127 	EXP 	image: autoDraw = False
33.9127 	EXP 	fixation: autoDraw = False
33.9127 	EXP 	image: autoDraw = False
33.9127 	EXP 	fixation: autoDraw = False
33.9127 	EXP 	image_2: autoDraw = True
33.9127 	EXP 	fixation_2: autoDraw = True
34.0630 	EXP 	New trial (rep=68, index=0): None
34.0721 	EXP 	image_2: autoDraw = False
34.0721 	EXP 	fixation_2: autoDraw = False
34.0721 	EXP 	image_2: autoDraw = False
34.0721 	EXP 	fixation_2: autoDraw = False
34.0721 	EXP 	image: autoDraw = True
34.0721 	EXP 	fixation: autoDraw = True
34.2288 	EXP 	image: autoDraw = False
34.2288 	EXP 	fixation: autoDraw = False
34.2288 	EXP 	image: autoDraw = False
34.2288 	EXP 	fixation: autoDraw = False
34.2288 	EXP 	image_2: autoDraw = True
34.2288 	EXP 	fixation_2: autoDraw = True
34.3911 	EXP 	New trial (rep=69, index=0): None
34.3952 	EXP 	image_2: autoDraw = False
34.3952 	EXP 	fixation_2: autoDraw = False
34.3952 	EXP 	image_2: autoDraw = False
34.3952 	EXP 	fixation_2: autoDraw = False
34.3952 	EXP 	image: autoDraw = True
34.3952 	EXP 	fixation: autoDraw = True
34.5556 	EXP 	image: autoDraw = False
34.5556 	EXP 	fixation: autoDraw = False
34.5556 	EXP 	image: autoDraw = False
34.5556 	EXP 	fixation: autoDraw = False
34.5556 	EXP 	image_2: autoDraw = True
34.5556 	EXP 	fixation_2: autoDraw = True
34.7064 	EXP 	New trial (rep=70, index=0): None
34.7103 	EXP 	image_2: autoDraw = False
34.7103 	EXP 	fixation_2: autoDraw = False
34.7103 	EXP 	image_2: autoDraw = False
34.7103 	EXP 	fixation_2: autoDraw = False
34.7103 	EXP 	image: autoDraw = True
34.7103 	EXP 	fixation: autoDraw = True
34.8722 	EXP 	image: autoDraw = False
34.8722 	EXP 	fixation: autoDraw = False
34.8722 	EXP 	image: autoDraw = False
34.8722 	EXP 	fixation: autoDraw = False
34.8722 	EXP 	image_2: autoDraw = True
34.8722 	EXP 	fixation_2: autoDraw = True
35.0248 	EXP 	New trial (rep=71, index=0): None
35.0297 	EXP 	image_2: autoDraw = False
35.0297 	EXP 	fixation_2: autoDraw = False
35.0297 	EXP 	image_2: autoDraw = False
35.0297 	EXP 	fixation_2: autoDraw = False
35.0297 	EXP 	image: autoDraw = True
35.0297 	EXP 	fixation: autoDraw = True
35.1893 	EXP 	image: autoDraw = False
35.1893 	EXP 	fixation: autoDraw = False
35.1893 	EXP 	image: autoDraw = False
35.1893 	EXP 	fixation: autoDraw = False
35.1893 	EXP 	image_2: autoDraw = True
35.1893 	EXP 	fixation_2: autoDraw = True
35.3410 	EXP 	New trial (rep=72, index=0): None
35.3459 	EXP 	image_2: autoDraw = False
35.3459 	EXP 	fixation_2: autoDraw = False
35.3459 	EXP 	image_2: autoDraw = False
35.3459 	EXP 	fixation_2: autoDraw = False
35.3459 	EXP 	image: autoDraw = True
35.3459 	EXP 	fixation: autoDraw = True
35.5127 	EXP 	image: autoDraw = False
35.5127 	EXP 	fixation: autoDraw = False
35.5127 	EXP 	image: autoDraw = False
35.5127 	EXP 	fixation: autoDraw = False
35.5127 	EXP 	image_2: autoDraw = True
35.5127 	EXP 	fixation_2: autoDraw = True
35.6625 	EXP 	New trial (rep=73, index=0): None
35.6724 	EXP 	image_2: autoDraw = False
35.6724 	EXP 	fixation_2: autoDraw = False
35.6724 	EXP 	image_2: autoDraw = False
35.6724 	EXP 	fixation_2: autoDraw = False
35.6724 	EXP 	image: autoDraw = True
35.6724 	EXP 	fixation: autoDraw = True
35.8288 	EXP 	image: autoDraw = False
35.8288 	EXP 	fixation: autoDraw = False
35.8288 	EXP 	image: autoDraw = False
35.8288 	EXP 	fixation: autoDraw = False
35.8288 	EXP 	image_2: autoDraw = True
35.8288 	EXP 	fixation_2: autoDraw = True
35.9912 	EXP 	New trial (rep=74, index=0): None
35.9972 	EXP 	image_2: autoDraw = False
35.9972 	EXP 	fixation_2: autoDraw = False
35.9972 	EXP 	image_2: autoDraw = False
35.9972 	EXP 	fixation_2: autoDraw = False
35.9972 	EXP 	image: autoDraw = True
35.9972 	EXP 	fixation: autoDraw = True
36.1615 	EXP 	image: autoDraw = False
36.1615 	EXP 	fixation: autoDraw = False
36.1615 	EXP 	image: autoDraw = False
36.1615 	EXP 	fixation: autoDraw = False
36.1615 	EXP 	image_2: autoDraw = True
36.1615 	EXP 	fixation_2: autoDraw = True
36.3112 	EXP 	New trial (rep=75, index=0): None
36.3225 	EXP 	image_2: autoDraw = False
36.3225 	EXP 	fixation_2: autoDraw = False
36.3225 	EXP 	image_2: autoDraw = False
36.3225 	EXP 	fixation_2: autoDraw = False
36.3225 	EXP 	image: autoDraw = True
36.3225 	EXP 	fixation: autoDraw = True
36.4788 	EXP 	image: autoDraw = False
36.4788 	EXP 	fixation: autoDraw = False
36.4788 	EXP 	image: autoDraw = False
36.4788 	EXP 	fixation: autoDraw = False
36.4788 	EXP 	image_2: autoDraw = True
36.4788 	EXP 	fixation_2: autoDraw = True
36.6296 	EXP 	New trial (rep=76, index=0): None
36.6390 	EXP 	image_2: autoDraw = False
36.6390 	EXP 	fixation_2: autoDraw = False
36.6390 	EXP 	image_2: autoDraw = False
36.6390 	EXP 	fixation_2: autoDraw = False
36.6390 	EXP 	image: autoDraw = True
36.6390 	EXP 	fixation: autoDraw = True
36.7980 	EXP 	image: autoDraw = False
36.7980 	EXP 	fixation: autoDraw = False
36.7980 	EXP 	image: autoDraw = False
36.7980 	EXP 	fixation: autoDraw = False
36.7980 	EXP 	image_2: autoDraw = True
36.7980 	EXP 	fixation_2: autoDraw = True
36.9579 	EXP 	New trial (rep=77, index=0): None
36.9617 	EXP 	image_2: autoDraw = False
36.9617 	EXP 	fixation_2: autoDraw = False
36.9617 	EXP 	image_2: autoDraw = False
36.9617 	EXP 	fixation_2: autoDraw = False
36.9617 	EXP 	image: autoDraw = True
36.9617 	EXP 	fixation: autoDraw = True
37.1223 	EXP 	image: autoDraw = False
37.1223 	EXP 	fixation: autoDraw = False
37.1223 	EXP 	image: autoDraw = False
37.1223 	EXP 	fixation: autoDraw = False
37.1223 	EXP 	image_2: autoDraw = True
37.1223 	EXP 	fixation_2: autoDraw = True
37.2746 	EXP 	New trial (rep=78, index=0): None
37.2792 	EXP 	image_2: autoDraw = False
37.2792 	EXP 	fixation_2: autoDraw = False
37.2792 	EXP 	image_2: autoDraw = False
37.2792 	EXP 	fixation_2: autoDraw = False
37.2792 	EXP 	image: autoDraw = True
37.2792 	EXP 	fixation: autoDraw = True
37.4389 	EXP 	image: autoDraw = False
37.4389 	EXP 	fixation: autoDraw = False
37.4389 	EXP 	image: autoDraw = False
37.4389 	EXP 	fixation: autoDraw = False
37.4389 	EXP 	image_2: autoDraw = True
37.4389 	EXP 	fixation_2: autoDraw = True
37.5912 	EXP 	New trial (rep=79, index=0): None
37.5959 	EXP 	image_2: autoDraw = False
37.5959 	EXP 	fixation_2: autoDraw = False
37.5959 	EXP 	image_2: autoDraw = False
37.5959 	EXP 	fixation_2: autoDraw = False
37.5959 	EXP 	image: autoDraw = True
37.5959 	EXP 	fixation: autoDraw = True
37.7562 	EXP 	image: autoDraw = False
37.7562 	EXP 	fixation: autoDraw = False
37.7562 	EXP 	image: autoDraw = False
37.7562 	EXP 	fixation: autoDraw = False
37.7562 	EXP 	image_2: autoDraw = True
37.7562 	EXP 	fixation_2: autoDraw = True
37.9089 	EXP 	New trial (rep=80, index=0): None
37.9133 	EXP 	image_2: autoDraw = False
37.9133 	EXP 	fixation_2: autoDraw = False
37.9133 	EXP 	image_2: autoDraw = False
37.9133 	EXP 	fixation_2: autoDraw = False
37.9133 	EXP 	image: autoDraw = True
37.9133 	EXP 	fixation: autoDraw = True
38.0898 	EXP 	image: autoDraw = False
38.0898 	EXP 	fixation: autoDraw = False
38.0898 	EXP 	image: autoDraw = False
38.0898 	EXP 	fixation: autoDraw = False
38.0898 	EXP 	image_2: autoDraw = True
38.0898 	EXP 	fixation_2: autoDraw = True
38.2409 	EXP 	New trial (rep=81, index=0): None
38.2454 	EXP 	image_2: autoDraw = False
38.2454 	EXP 	fixation_2: autoDraw = False
38.2454 	EXP 	image_2: autoDraw = False
38.2454 	EXP 	fixation_2: autoDraw = False
38.2454 	EXP 	image: autoDraw = True
38.2454 	EXP 	fixation: autoDraw = True
38.4083 	EXP 	image: autoDraw = False
38.4083 	EXP 	fixation: autoDraw = False
38.4083 	EXP 	image: autoDraw = False
38.4083 	EXP 	fixation: autoDraw = False
38.4083 	EXP 	image_2: autoDraw = True
38.4083 	EXP 	fixation_2: autoDraw = True
38.5606 	EXP 	New trial (rep=82, index=0): None
38.5725 	EXP 	image_2: autoDraw = False
38.5725 	EXP 	fixation_2: autoDraw = False
38.5725 	EXP 	image_2: autoDraw = False
38.5725 	EXP 	fixation_2: autoDraw = False
38.5725 	EXP 	image: autoDraw = True
38.5725 	EXP 	fixation: autoDraw = True
38.7281 	EXP 	image: autoDraw = False
38.7281 	EXP 	fixation: autoDraw = False
38.7281 	EXP 	image: autoDraw = False
38.7281 	EXP 	fixation: autoDraw = False
38.7281 	EXP 	image_2: autoDraw = True
38.7281 	EXP 	fixation_2: autoDraw = True
38.8906 	EXP 	New trial (rep=83, index=0): None
38.8979 	EXP 	image_2: autoDraw = False
38.8979 	EXP 	fixation_2: autoDraw = False
38.8979 	EXP 	image_2: autoDraw = False
38.8979 	EXP 	fixation_2: autoDraw = False
38.8979 	EXP 	image: autoDraw = True
38.8979 	EXP 	fixation: autoDraw = True
39.0610 	EXP 	image: autoDraw = False
39.0610 	EXP 	fixation: autoDraw = False
39.0610 	EXP 	image: autoDraw = False
39.0610 	EXP 	fixation: autoDraw = False
39.0610 	EXP 	image_2: autoDraw = True
39.0610 	EXP 	fixation_2: autoDraw = True
39.2122 	EXP 	New trial (rep=84, index=0): None
39.2221 	EXP 	image_2: autoDraw = False
39.2221 	EXP 	fixation_2: autoDraw = False
39.2221 	EXP 	image_2: autoDraw = False
39.2221 	EXP 	fixation_2: autoDraw = False
39.2221 	EXP 	image: autoDraw = True
39.2221 	EXP 	fixation: autoDraw = True
39.3781 	EXP 	image: autoDraw = False
39.3781 	EXP 	fixation: autoDraw = False
39.3781 	EXP 	image: autoDraw = False
39.3781 	EXP 	fixation: autoDraw = False
39.3781 	EXP 	image_2: autoDraw = True
39.3781 	EXP 	fixation_2: autoDraw = True
39.5292 	EXP 	New trial (rep=85, index=0): None
39.5399 	EXP 	image_2: autoDraw = False
39.5399 	EXP 	fixation_2: autoDraw = False
39.5399 	EXP 	image_2: autoDraw = False
39.5399 	EXP 	fixation_2: autoDraw = False
39.5399 	EXP 	image: autoDraw = True
39.5399 	EXP 	fixation: autoDraw = True
39.6952 	EXP 	image: autoDraw = False
39.6952 	EXP 	fixation: autoDraw = False
39.6952 	EXP 	image: autoDraw = False
39.6952 	EXP 	fixation: autoDraw = False
39.6952 	EXP 	image_2: autoDraw = True
39.6952 	EXP 	fixation_2: autoDraw = True
39.8456 	EXP 	New trial (rep=86, index=0): None
39.8558 	EXP 	image_2: autoDraw = False
39.8558 	EXP 	fixation_2: autoDraw = False
39.8558 	EXP 	image_2: autoDraw = False
39.8558 	EXP 	fixation_2: autoDraw = False
39.8558 	EXP 	image: autoDraw = True
39.8558 	EXP 	fixation: autoDraw = True
40.0148 	EXP 	image: autoDraw = False
40.0148 	EXP 	fixation: autoDraw = False
40.0148 	EXP 	image: autoDraw = False
40.0148 	EXP 	fixation: autoDraw = False
40.0148 	EXP 	image_2: autoDraw = True
40.0148 	EXP 	fixation_2: autoDraw = True
40.1746 	EXP 	New trial (rep=87, index=0): None
40.1796 	EXP 	image_2: autoDraw = False
40.1796 	EXP 	fixation_2: autoDraw = False
40.1796 	EXP 	image_2: autoDraw = False
40.1796 	EXP 	fixation_2: autoDraw = False
40.1796 	EXP 	image: autoDraw = True
40.1796 	EXP 	fixation: autoDraw = True
40.3393 	EXP 	image: autoDraw = False
40.3393 	EXP 	fixation: autoDraw = False
40.3393 	EXP 	image: autoDraw = False
40.3393 	EXP 	fixation: autoDraw = False
40.3393 	EXP 	image_2: autoDraw = True
40.3393 	EXP 	fixation_2: autoDraw = True
40.4899 	EXP 	New trial (rep=88, index=0): None
40.4956 	EXP 	image_2: autoDraw = False
40.4956 	EXP 	fixation_2: autoDraw = False
40.4956 	EXP 	image_2: autoDraw = False
40.4956 	EXP 	fixation_2: autoDraw = False
40.4956 	EXP 	image: autoDraw = True
40.4956 	EXP 	fixation: autoDraw = True
40.6562 	EXP 	image: autoDraw = False
40.6562 	EXP 	fixation: autoDraw = False
40.6562 	EXP 	image: autoDraw = False
40.6562 	EXP 	fixation: autoDraw = False
40.6562 	EXP 	image_2: autoDraw = True
40.6562 	EXP 	fixation_2: autoDraw = True
40.8084 	EXP 	New trial (rep=89, index=0): None
40.8137 	EXP 	image_2: autoDraw = False
40.8137 	EXP 	fixation_2: autoDraw = False
40.8137 	EXP 	image_2: autoDraw = False
40.8137 	EXP 	fixation_2: autoDraw = False
40.8137 	EXP 	image: autoDraw = True
40.8137 	EXP 	fixation: autoDraw = True
40.9796 	EXP 	image: autoDraw = False
40.9796 	EXP 	fixation: autoDraw = False
40.9796 	EXP 	image: autoDraw = False
40.9796 	EXP 	fixation: autoDraw = False
40.9796 	EXP 	image_2: autoDraw = True
40.9796 	EXP 	fixation_2: autoDraw = True
41.1289 	EXP 	New trial (rep=90, index=0): None
41.1395 	EXP 	image_2: autoDraw = False
41.1395 	EXP 	fixation_2: autoDraw = False
41.1395 	EXP 	image_2: autoDraw = False
41.1395 	EXP 	fixation_2: autoDraw = False
41.1395 	EXP 	image: autoDraw = True
41.1395 	EXP 	fixation: autoDraw = True
41.2956 	EXP 	image: autoDraw = False
41.2956 	EXP 	fixation: autoDraw = False
41.2956 	EXP 	image: autoDraw = False
41.2956 	EXP 	fixation: autoDraw = False
41.2956 	EXP 	image_2: autoDraw = True
41.2956 	EXP 	fixation_2: autoDraw = True
41.4459 	EXP 	New trial (rep=91, index=0): None
41.4557 	EXP 	image_2: autoDraw = False
41.4557 	EXP 	fixation_2: autoDraw = False
41.4557 	EXP 	image_2: autoDraw = False
41.4557 	EXP 	fixation_2: autoDraw = False
41.4557 	EXP 	image: autoDraw = True
41.4557 	EXP 	fixation: autoDraw = True
41.6098 	EXP 	image: autoDraw = False
41.6098 	EXP 	fixation: autoDraw = False
41.6098 	EXP 	image: autoDraw = False
41.6098 	EXP 	fixation: autoDraw = False
41.6098 	EXP 	image_2: autoDraw = True
41.6098 	EXP 	fixation_2: autoDraw = True
41.7662 	EXP 	New trial (rep=92, index=0): None
41.7723 	EXP 	image_2: autoDraw = False
41.7723 	EXP 	fixation_2: autoDraw = False
41.7723 	EXP 	image_2: autoDraw = False
41.7723 	EXP 	fixation_2: autoDraw = False
41.7723 	EXP 	image: autoDraw = True
41.7723 	EXP 	fixation: autoDraw = True
41.9287 	EXP 	image: autoDraw = False
41.9287 	EXP 	fixation: autoDraw = False
41.9287 	EXP 	image: autoDraw = False
41.9287 	EXP 	fixation: autoDraw = False
41.9287 	EXP 	image_2: autoDraw = True
41.9287 	EXP 	fixation_2: autoDraw = True
42.0913 	EXP 	New trial (rep=93, index=0): None
42.0956 	EXP 	image_2: autoDraw = False
42.0956 	EXP 	fixation_2: autoDraw = False
42.0956 	EXP 	image_2: autoDraw = False
42.0956 	EXP 	fixation_2: autoDraw = False
42.0956 	EXP 	image: autoDraw = True
42.0956 	EXP 	fixation: autoDraw = True
42.2558 	EXP 	image: autoDraw = False
42.2558 	EXP 	fixation: autoDraw = False
42.2558 	EXP 	image: autoDraw = False
42.2558 	EXP 	fixation: autoDraw = False
42.2558 	EXP 	image_2: autoDraw = True
42.2558 	EXP 	fixation_2: autoDraw = True
42.4065 	EXP 	New trial (rep=94, index=0): None
42.4106 	EXP 	image_2: autoDraw = False
42.4106 	EXP 	fixation_2: autoDraw = False
42.4106 	EXP 	image_2: autoDraw = False
42.4106 	EXP 	fixation_2: autoDraw = False
42.4106 	EXP 	image: autoDraw = True
42.4106 	EXP 	fixation: autoDraw = True
42.5723 	EXP 	image: autoDraw = False
42.5723 	EXP 	fixation: autoDraw = False
42.5723 	EXP 	image: autoDraw = False
42.5723 	EXP 	fixation: autoDraw = False
42.5723 	EXP 	image_2: autoDraw = True
42.5723 	EXP 	fixation_2: autoDraw = True
42.7229 	EXP 	New trial (rep=95, index=0): None
42.7286 	EXP 	image_2: autoDraw = False
42.7286 	EXP 	fixation_2: autoDraw = False
42.7286 	EXP 	image_2: autoDraw = False
42.7286 	EXP 	fixation_2: autoDraw = False
42.7286 	EXP 	image: autoDraw = True
42.7286 	EXP 	fixation: autoDraw = True
42.8895 	EXP 	image: autoDraw = False
42.8895 	EXP 	fixation: autoDraw = False
42.8895 	EXP 	image: autoDraw = False
42.8895 	EXP 	fixation: autoDraw = False
42.8895 	EXP 	image_2: autoDraw = True
42.8895 	EXP 	fixation_2: autoDraw = True
43.0413 	EXP 	New trial (rep=96, index=0): None
43.0457 	EXP 	image_2: autoDraw = False
43.0457 	EXP 	fixation_2: autoDraw = False
43.0457 	EXP 	image_2: autoDraw = False
43.0457 	EXP 	fixation_2: autoDraw = False
43.0457 	EXP 	image: autoDraw = True
43.0457 	EXP 	fixation: autoDraw = True
43.2068 	EXP 	image: autoDraw = False
43.2068 	EXP 	fixation: autoDraw = False
43.2068 	EXP 	image: autoDraw = False
43.2068 	EXP 	fixation: autoDraw = False
43.2068 	EXP 	image_2: autoDraw = True
43.2068 	EXP 	fixation_2: autoDraw = True
43.3572 	EXP 	New trial (rep=97, index=0): None
43.3614 	EXP 	image_2: autoDraw = False
43.3614 	EXP 	fixation_2: autoDraw = False
43.3614 	EXP 	image_2: autoDraw = False
43.3614 	EXP 	fixation_2: autoDraw = False
43.3614 	EXP 	image: autoDraw = True
43.3614 	EXP 	fixation: autoDraw = True
43.5223 	EXP 	image: autoDraw = False
43.5223 	EXP 	fixation: autoDraw = False
43.5223 	EXP 	image: autoDraw = False
43.5223 	EXP 	fixation: autoDraw = False
43.5223 	EXP 	image_2: autoDraw = True
43.5223 	EXP 	fixation_2: autoDraw = True
43.6744 	EXP 	New trial (rep=98, index=0): None
43.6788 	EXP 	image_2: autoDraw = False
43.6788 	EXP 	fixation_2: autoDraw = False
43.6788 	EXP 	image_2: autoDraw = False
43.6788 	EXP 	fixation_2: autoDraw = False
43.6788 	EXP 	image: autoDraw = True
43.6788 	EXP 	fixation: autoDraw = True
43.8389 	EXP 	image: autoDraw = False
43.8389 	EXP 	fixation: autoDraw = False
43.8389 	EXP 	image: autoDraw = False
43.8389 	EXP 	fixation: autoDraw = False
43.8389 	EXP 	image_2: autoDraw = True
43.8389 	EXP 	fixation_2: autoDraw = True
43.9916 	EXP 	New trial (rep=99, index=0): None
44.0018 	EXP 	image_2: autoDraw = False
44.0018 	EXP 	fixation_2: autoDraw = False
44.0018 	EXP 	image_2: autoDraw = False
44.0018 	EXP 	fixation_2: autoDraw = False
44.0018 	EXP 	image: autoDraw = True
44.0018 	EXP 	fixation: autoDraw = True
44.1612 	EXP 	image: autoDraw = False
44.1612 	EXP 	fixation: autoDraw = False
44.1612 	EXP 	image: autoDraw = False
44.1612 	EXP 	fixation: autoDraw = False
44.1612 	EXP 	image_2: autoDraw = True
44.1612 	EXP 	fixation_2: autoDraw = True
44.3223 	EXP 	image_2: autoDraw = False
44.3223 	EXP 	fixation_2: autoDraw = False
44.3223 	EXP 	image_2: autoDraw = False
44.3223 	EXP 	fixation_2: autoDraw = False
44.3644 	EXP 	window1: mouseVisible = True
