1.1783 	WARNING 	We strongly recommend you activate the PTB sound engine in PsychoPy prefs as the preferred audio engine. Its timing is vastly superior. Your prefs are currently set to use ['sounddevice', 'PTB', 'pyo', 'pygame'] (in that order).
7.7940 	WARNING 	User requested fullscreen with size [1024  768], but screen is actually [1440, 900]. Using actual size
9.1710 	WARNING 	Couldn't measure a consistent frame rate!
  - Is your graphics card set to sync to vertical blank?
  - Are you running other processes on your computer?

9.1727 	EXP 	Created window1 = Window(allowGUI=True, allowStencil=False, autoLog=True, backendConf=UNKNOWN, bitsMode=UNKNOWN, blendMode='avg', bpc=(8, 8, 8), color=array([0, 0, 0]), colorSpace='rgb', depthBits=8, fullscr=<method-wrapper '__getattribute__' of attributeSetter object at 0x7f89bc3218e0>, gamma=None, gammaErrorPolicy='raise', lms=UNKNOWN, monitor=<psychopy.monitors.calibTools.Monitor object at 0x7f89a85ca4c0>, multiSample=False, name='window1', numSamples=2, pos=[360.0, 225.0], screen=0, size=array([2880, 1800]), stencilBits=0, stereo=False, units='height', useFBO=True, useRetina=True, viewOri=0.0, viewPos=None, viewScale=None, waitBlanking=True, winType='pyglet')
9.1732 	EXP 	window1: mouseVisible = True
9.1742 	EXP 	window1: mouseVisible = False
9.1743 	EXP 	window1: Attempting to measure frame rate of screen (0) ...
9.1743 	EXP 	window1: recordFrameIntervals = False
9.2540 	EXP 	window1: recordFrameIntervals = True
10.0879 	WARNING 	Couldn't measure a consistent frame rate!
  - Is your graphics card set to sync to vertical blank?
  - Are you running other processes on your computer?

12.0432 	EXP 	Created stimulus = ShapeStim(__class__=<class 'psychopy.visual.shape.ShapeStim'>, anchor=('center', 'center'), autoDraw=False, autoLog=True, closeShape=True, color=method-wrapper(...), colorSpace='rgb', contrast=None, depth=0.0, fillColor=array([1, 1, 1]), fillColorSpace='rgb', fillRGB=array([1, 1, 1]), interpolate=True, lineColor=array([1, 1, 1]), lineColorSpace='rgb', lineRGB=array([1, 1, 1]), lineWidth=1.0, name='stimulus', opacity=1.0, ori=0.0, pos=array([0., 0.]), size=array([0.5, 0.5]), units='height', vertices=ndarray(...), win=Window(...), windingRule=None)
12.0462 	EXP 	Created blank = ShapeStim(__class__=<class 'psychopy.visual.shape.ShapeStim'>, anchor=('center', 'center'), autoDraw=False, autoLog=True, closeShape=True, color=method-wrapper(...), colorSpace='rgb', contrast=None, depth=0.0, fillColor=array([0.00392157, 0.00392157, 0.00392157]), fillColorSpace='rgb', fillRGB=array([0.00392157, 0.00392157, 0.00392157]), interpolate=True, lineColor=array([0.00392157, 0.00392157, 0.00392157]), lineColorSpace='rgb', lineRGB=array([0.00392157, 0.00392157, 0.00392157]), lineWidth=1.0, name='blank', opacity=1.0, ori=0.0, pos=array([0., 0.]), size=array([0.5, 0.5]), units='height', vertices=ndarray(...), win=Window(...), windingRule=None)
12.0524 	EXP 	Imported StimList.xlsx as conditions, 8 conditions, 2 params
12.0545 	EXP 	Created sequence: random, trialTypes=8, nReps=10, seed=None
12.0547 	EXP 	New trial (rep=0, index=0): {'color': 'white', 'trigger': 1}
12.0664 	WARNING 	t of last frame was 1978.80ms (=1/0)
12.0664 	EXP 	stimulus: fillColor = <psychopy.colors.Color: white, alpha=1.0>
12.0664 	EXP 	stimulus: borderColor = <psychopy.colors.Color: white, alpha=1.0>
12.0664 	EXP 	stimulus: autoDraw = True
12.3103 	EXP 	stimulus: autoDraw = False
12.3103 	EXP 	blank: autoDraw = True
13.2946 	EXP 	New trial (rep=0, index=1): {'color': 'white', 'trigger': 1}
13.3035 	EXP 	blank: autoDraw = False
13.3035 	EXP 	blank: autoDraw = False
13.3035 	EXP 	stimulus: fillColor = <psychopy.colors.Color: white, alpha=1.0>
13.3035 	EXP 	stimulus: borderColor = <psychopy.colors.Color: white, alpha=1.0>
13.3035 	EXP 	stimulus: autoDraw = True
13.5440 	EXP 	stimulus: autoDraw = False
13.5440 	EXP 	stimulus: autoDraw = False
13.5440 	EXP 	blank: autoDraw = True
14.5286 	EXP 	New trial (rep=0, index=2): {'color': 'white', 'trigger': 1}
14.5369 	EXP 	blank: autoDraw = False
14.5369 	EXP 	blank: autoDraw = False
14.5369 	EXP 	stimulus: fillColor = <psychopy.colors.Color: white, alpha=1.0>
14.5369 	EXP 	stimulus: borderColor = <psychopy.colors.Color: white, alpha=1.0>
14.5433 	EXP 	stimulus: autoDraw = True
14.7873 	EXP 	stimulus: autoDraw = False
14.7873 	EXP 	stimulus: autoDraw = False
14.7948 	EXP 	blank: autoDraw = True
15.7885 	EXP 	New trial (rep=0, index=3): {'color': 'gray', 'trigger': 2}
15.7964 	EXP 	blank: autoDraw = False
15.7964 	EXP 	blank: autoDraw = False
15.7964 	EXP 	stimulus: fillColor = <psychopy.colors.Color: gray, alpha=1.0>
15.7964 	EXP 	stimulus: borderColor = <psychopy.colors.Color: gray, alpha=1.0>
15.7964 	EXP 	stimulus: autoDraw = True
16.0440 	EXP 	stimulus: autoDraw = False
16.0440 	EXP 	stimulus: autoDraw = False
16.0440 	EXP 	blank: autoDraw = True
17.0290 	EXP 	New trial (rep=0, index=4): {'color': 'gray', 'trigger': 2}
17.0372 	EXP 	blank: autoDraw = False
17.0372 	EXP 	blank: autoDraw = False
17.0372 	EXP 	stimulus: fillColor = <psychopy.colors.Color: gray, alpha=1.0>
17.0372 	EXP 	stimulus: borderColor = <psychopy.colors.Color: gray, alpha=1.0>
17.0434 	EXP 	stimulus: autoDraw = True
17.2872 	EXP 	stimulus: autoDraw = False
17.2872 	EXP 	stimulus: autoDraw = False
17.2934 	EXP 	blank: autoDraw = True
18.2776 	EXP 	New trial (rep=0, index=5): {'color': 'gray', 'trigger': 2}
18.2869 	EXP 	blank: autoDraw = False
18.2869 	EXP 	blank: autoDraw = False
18.2869 	EXP 	stimulus: fillColor = <psychopy.colors.Color: gray, alpha=1.0>
18.2869 	EXP 	stimulus: borderColor = <psychopy.colors.Color: gray, alpha=1.0>
18.2929 	EXP 	stimulus: autoDraw = True
18.5378 	EXP 	stimulus: autoDraw = False
18.5378 	EXP 	stimulus: autoDraw = False
18.5445 	EXP 	blank: autoDraw = True
19.5285 	EXP 	New trial (rep=0, index=6): {'color': 'gray', 'trigger': 2}
19.5369 	EXP 	blank: autoDraw = False
19.5369 	EXP 	blank: autoDraw = False
19.5369 	EXP 	stimulus: fillColor = <psychopy.colors.Color: gray, alpha=1.0>
19.5369 	EXP 	stimulus: borderColor = <psychopy.colors.Color: gray, alpha=1.0>
19.5433 	EXP 	stimulus: autoDraw = True
19.7873 	EXP 	stimulus: autoDraw = False
19.7873 	EXP 	stimulus: autoDraw = False
19.7939 	EXP 	blank: autoDraw = True
20.7785 	EXP 	New trial (rep=0, index=7): {'color': 'white', 'trigger': 1}
20.7869 	EXP 	blank: autoDraw = False
20.7869 	EXP 	blank: autoDraw = False
20.7869 	EXP 	stimulus: fillColor = <psychopy.colors.Color: white, alpha=1.0>
20.7869 	EXP 	stimulus: borderColor = <psychopy.colors.Color: white, alpha=1.0>
20.7927 	EXP 	stimulus: autoDraw = True
21.0375 	EXP 	stimulus: autoDraw = False
21.0375 	EXP 	stimulus: autoDraw = False
21.0436 	EXP 	blank: autoDraw = True
22.0282 	EXP 	New trial (rep=1, index=0): {'color': 'white', 'trigger': 1}
22.0369 	EXP 	blank: autoDraw = False
22.0369 	EXP 	blank: autoDraw = False
22.0369 	EXP 	stimulus: fillColor = <psychopy.colors.Color: white, alpha=1.0>
22.0369 	EXP 	stimulus: borderColor = <psychopy.colors.Color: white, alpha=1.0>
22.0425 	EXP 	stimulus: autoDraw = True
22.2874 	EXP 	stimulus: autoDraw = False
22.2874 	EXP 	stimulus: autoDraw = False
22.2934 	EXP 	blank: autoDraw = True
23.2776 	EXP 	New trial (rep=1, index=1): {'color': 'gray', 'trigger': 2}
23.2869 	EXP 	blank: autoDraw = False
23.2869 	EXP 	blank: autoDraw = False
23.2869 	EXP 	stimulus: fillColor = <psychopy.colors.Color: gray, alpha=1.0>
23.2869 	EXP 	stimulus: borderColor = <psychopy.colors.Color: gray, alpha=1.0>
23.2933 	EXP 	stimulus: autoDraw = True
23.5375 	EXP 	stimulus: autoDraw = False
23.5375 	EXP 	stimulus: autoDraw = False
23.5435 	EXP 	blank: autoDraw = True
24.5276 	EXP 	New trial (rep=1, index=2): {'color': 'white', 'trigger': 1}
24.5372 	EXP 	blank: autoDraw = False
24.5372 	EXP 	blank: autoDraw = False
24.5372 	EXP 	stimulus: fillColor = <psychopy.colors.Color: white, alpha=1.0>
24.5372 	EXP 	stimulus: borderColor = <psychopy.colors.Color: white, alpha=1.0>
24.5436 	EXP 	stimulus: autoDraw = True
24.7873 	EXP 	stimulus: autoDraw = False
24.7873 	EXP 	stimulus: autoDraw = False
24.7931 	EXP 	blank: autoDraw = True
25.7788 	EXP 	New trial (rep=1, index=3): {'color': 'gray', 'trigger': 2}
25.7871 	EXP 	blank: autoDraw = False
25.7871 	EXP 	blank: autoDraw = False
25.7871 	EXP 	stimulus: fillColor = <psychopy.colors.Color: gray, alpha=1.0>
25.7871 	EXP 	stimulus: borderColor = <psychopy.colors.Color: gray, alpha=1.0>
25.7935 	EXP 	stimulus: autoDraw = True
26.0374 	EXP 	stimulus: autoDraw = False
26.0374 	EXP 	stimulus: autoDraw = False
26.0435 	EXP 	blank: autoDraw = True
27.0276 	EXP 	New trial (rep=1, index=4): {'color': 'gray', 'trigger': 2}
27.0372 	EXP 	blank: autoDraw = False
27.0372 	EXP 	blank: autoDraw = False
27.0372 	EXP 	stimulus: fillColor = <psychopy.colors.Color: gray, alpha=1.0>
27.0372 	EXP 	stimulus: borderColor = <psychopy.colors.Color: gray, alpha=1.0>
27.0430 	EXP 	stimulus: autoDraw = True
27.2872 	EXP 	stimulus: autoDraw = False
27.2872 	EXP 	stimulus: autoDraw = False
27.2928 	EXP 	blank: autoDraw = True
28.2781 	EXP 	New trial (rep=1, index=5): {'color': 'white', 'trigger': 1}
28.2870 	EXP 	blank: autoDraw = False
28.2870 	EXP 	blank: autoDraw = False
28.2870 	EXP 	stimulus: fillColor = <psychopy.colors.Color: white, alpha=1.0>
28.2870 	EXP 	stimulus: borderColor = <psychopy.colors.Color: white, alpha=1.0>
28.2928 	EXP 	stimulus: autoDraw = True
28.5372 	EXP 	stimulus: autoDraw = False
28.5372 	EXP 	stimulus: autoDraw = False
28.5432 	EXP 	blank: autoDraw = True
29.5278 	EXP 	New trial (rep=1, index=6): {'color': 'gray', 'trigger': 2}
29.5370 	EXP 	blank: autoDraw = False
29.5370 	EXP 	blank: autoDraw = False
29.5370 	EXP 	stimulus: fillColor = <psychopy.colors.Color: gray, alpha=1.0>
29.5370 	EXP 	stimulus: borderColor = <psychopy.colors.Color: gray, alpha=1.0>
29.5430 	EXP 	stimulus: autoDraw = True
29.7874 	EXP 	stimulus: autoDraw = False
29.7874 	EXP 	stimulus: autoDraw = False
29.7939 	EXP 	blank: autoDraw = True
30.7785 	EXP 	New trial (rep=1, index=7): {'color': 'white', 'trigger': 1}
30.7871 	EXP 	blank: autoDraw = False
30.7871 	EXP 	blank: autoDraw = False
30.7871 	EXP 	stimulus: fillColor = <psychopy.colors.Color: white, alpha=1.0>
30.7871 	EXP 	stimulus: borderColor = <psychopy.colors.Color: white, alpha=1.0>
30.7932 	EXP 	stimulus: autoDraw = True
31.0375 	EXP 	stimulus: autoDraw = False
31.0375 	EXP 	stimulus: autoDraw = False
31.0432 	EXP 	blank: autoDraw = True
32.0274 	EXP 	New trial (rep=2, index=0): {'color': 'white', 'trigger': 1}
32.0372 	EXP 	blank: autoDraw = False
32.0372 	EXP 	blank: autoDraw = False
32.0372 	EXP 	stimulus: fillColor = <psychopy.colors.Color: white, alpha=1.0>
32.0372 	EXP 	stimulus: borderColor = <psychopy.colors.Color: white, alpha=1.0>
32.0430 	EXP 	stimulus: autoDraw = True
32.2874 	EXP 	stimulus: autoDraw = False
32.2874 	EXP 	stimulus: autoDraw = False
32.2935 	EXP 	blank: autoDraw = True
33.2778 	EXP 	New trial (rep=2, index=1): {'color': 'white', 'trigger': 1}
33.2871 	EXP 	blank: autoDraw = False
33.2871 	EXP 	blank: autoDraw = False
33.2871 	EXP 	stimulus: fillColor = <psychopy.colors.Color: white, alpha=1.0>
33.2871 	EXP 	stimulus: borderColor = <psychopy.colors.Color: white, alpha=1.0>
33.2930 	EXP 	stimulus: autoDraw = True
33.5373 	EXP 	stimulus: autoDraw = False
33.5373 	EXP 	stimulus: autoDraw = False
33.5433 	EXP 	blank: autoDraw = True
34.5282 	EXP 	New trial (rep=2, index=2): {'color': 'gray', 'trigger': 2}
34.5370 	EXP 	blank: autoDraw = False
34.5370 	EXP 	blank: autoDraw = False
34.5370 	EXP 	stimulus: fillColor = <psychopy.colors.Color: gray, alpha=1.0>
34.5370 	EXP 	stimulus: borderColor = <psychopy.colors.Color: gray, alpha=1.0>
34.5428 	EXP 	stimulus: autoDraw = True
34.7879 	EXP 	stimulus: autoDraw = False
34.7879 	EXP 	stimulus: autoDraw = False
34.7951 	EXP 	blank: autoDraw = True
35.7890 	EXP 	New trial (rep=2, index=3): {'color': 'gray', 'trigger': 2}
35.7966 	EXP 	blank: autoDraw = False
35.7966 	EXP 	blank: autoDraw = False
35.7966 	EXP 	stimulus: fillColor = <psychopy.colors.Color: gray, alpha=1.0>
35.7966 	EXP 	stimulus: borderColor = <psychopy.colors.Color: gray, alpha=1.0>
35.7966 	EXP 	stimulus: autoDraw = True
36.0442 	EXP 	stimulus: autoDraw = False
36.0442 	EXP 	stimulus: autoDraw = False
36.0442 	EXP 	blank: autoDraw = True
37.0389 	EXP 	New trial (rep=2, index=4): {'color': 'white', 'trigger': 1}
37.0462 	EXP 	blank: autoDraw = False
37.0462 	EXP 	blank: autoDraw = False
37.0462 	EXP 	stimulus: fillColor = <psychopy.colors.Color: white, alpha=1.0>
37.0462 	EXP 	stimulus: borderColor = <psychopy.colors.Color: white, alpha=1.0>
37.0462 	EXP 	stimulus: autoDraw = True
37.3044 	EXP 	stimulus: autoDraw = False
37.3044 	EXP 	stimulus: autoDraw = False
37.3044 	EXP 	blank: autoDraw = True
38.2891 	EXP 	New trial (rep=2, index=5): {'color': 'gray', 'trigger': 2}
38.2968 	EXP 	blank: autoDraw = False
38.2968 	EXP 	blank: autoDraw = False
38.2968 	EXP 	stimulus: fillColor = <psychopy.colors.Color: gray, alpha=1.0>
38.2968 	EXP 	stimulus: borderColor = <psychopy.colors.Color: gray, alpha=1.0>
38.2968 	EXP 	stimulus: autoDraw = True
38.5451 	EXP 	stimulus: autoDraw = False
38.5451 	EXP 	stimulus: autoDraw = False
38.5451 	EXP 	blank: autoDraw = True
39.5288 	EXP 	New trial (rep=2, index=6): {'color': 'white', 'trigger': 1}
39.5371 	EXP 	blank: autoDraw = False
39.5371 	EXP 	blank: autoDraw = False
39.5371 	EXP 	stimulus: fillColor = <psychopy.colors.Color: white, alpha=1.0>
39.5371 	EXP 	stimulus: borderColor = <psychopy.colors.Color: white, alpha=1.0>
39.5428 	EXP 	stimulus: autoDraw = True
39.7877 	EXP 	stimulus: autoDraw = False
39.7877 	EXP 	stimulus: autoDraw = False
39.7937 	EXP 	blank: autoDraw = True
40.7780 	EXP 	New trial (rep=2, index=7): {'color': 'gray', 'trigger': 2}
40.7872 	EXP 	blank: autoDraw = False
40.7872 	EXP 	blank: autoDraw = False
40.7872 	EXP 	stimulus: fillColor = <psychopy.colors.Color: gray, alpha=1.0>
40.7872 	EXP 	stimulus: borderColor = <psychopy.colors.Color: gray, alpha=1.0>
40.7934 	EXP 	stimulus: autoDraw = True
41.0377 	EXP 	stimulus: autoDraw = False
41.0377 	EXP 	stimulus: autoDraw = False
41.0436 	EXP 	blank: autoDraw = True
42.0281 	EXP 	New trial (rep=3, index=0): {'color': 'gray', 'trigger': 2}
42.0373 	EXP 	blank: autoDraw = False
42.0373 	EXP 	blank: autoDraw = False
42.0373 	EXP 	stimulus: fillColor = <psychopy.colors.Color: gray, alpha=1.0>
42.0373 	EXP 	stimulus: borderColor = <psychopy.colors.Color: gray, alpha=1.0>
42.0437 	EXP 	stimulus: autoDraw = True
42.2875 	EXP 	stimulus: autoDraw = False
42.2875 	EXP 	stimulus: autoDraw = False
42.2944 	EXP 	blank: autoDraw = True
43.2888 	EXP 	New trial (rep=3, index=1): {'color': 'gray', 'trigger': 2}
43.2963 	EXP 	blank: autoDraw = False
43.2963 	EXP 	blank: autoDraw = False
43.2963 	EXP 	stimulus: fillColor = <psychopy.colors.Color: gray, alpha=1.0>
43.2963 	EXP 	stimulus: borderColor = <psychopy.colors.Color: gray, alpha=1.0>
43.2963 	EXP 	stimulus: autoDraw = True
43.5450 	EXP 	stimulus: autoDraw = False
43.5450 	EXP 	stimulus: autoDraw = False
43.5450 	EXP 	blank: autoDraw = True
44.5390 	EXP 	New trial (rep=3, index=2): {'color': 'white', 'trigger': 1}
44.5463 	EXP 	blank: autoDraw = False
44.5463 	EXP 	blank: autoDraw = False
44.5463 	EXP 	stimulus: fillColor = <psychopy.colors.Color: white, alpha=1.0>
44.5463 	EXP 	stimulus: borderColor = <psychopy.colors.Color: white, alpha=1.0>
44.5463 	EXP 	stimulus: autoDraw = True
44.7937 	EXP 	stimulus: autoDraw = False
44.7937 	EXP 	stimulus: autoDraw = False
44.7937 	EXP 	blank: autoDraw = True
45.7792 	EXP 	New trial (rep=3, index=3): {'color': 'white', 'trigger': 1}
45.7872 	EXP 	blank: autoDraw = False
45.7872 	EXP 	blank: autoDraw = False
45.7872 	EXP 	stimulus: fillColor = <psychopy.colors.Color: white, alpha=1.0>
45.7872 	EXP 	stimulus: borderColor = <psychopy.colors.Color: white, alpha=1.0>
45.7927 	EXP 	stimulus: autoDraw = True
46.0374 	EXP 	stimulus: autoDraw = False
46.0374 	EXP 	stimulus: autoDraw = False
46.0440 	EXP 	blank: autoDraw = True
47.0274 	EXP 	New trial (rep=3, index=4): {'color': 'gray', 'trigger': 2}
47.0374 	EXP 	blank: autoDraw = False
47.0374 	EXP 	blank: autoDraw = False
47.0374 	EXP 	stimulus: fillColor = <psychopy.colors.Color: gray, alpha=1.0>
47.0374 	EXP 	stimulus: borderColor = <psychopy.colors.Color: gray, alpha=1.0>
47.0433 	EXP 	stimulus: autoDraw = True
47.2878 	EXP 	stimulus: autoDraw = False
47.2878 	EXP 	stimulus: autoDraw = False
47.2950 	EXP 	blank: autoDraw = True
48.2785 	EXP 	New trial (rep=3, index=5): {'color': 'white', 'trigger': 1}
48.2871 	EXP 	blank: autoDraw = False
48.2871 	EXP 	blank: autoDraw = False
48.2871 	EXP 	stimulus: fillColor = <psychopy.colors.Color: white, alpha=1.0>
48.2871 	EXP 	stimulus: borderColor = <psychopy.colors.Color: white, alpha=1.0>
48.2931 	EXP 	stimulus: autoDraw = True
48.5377 	EXP 	stimulus: autoDraw = False
48.5377 	EXP 	stimulus: autoDraw = False
48.5438 	EXP 	blank: autoDraw = True
49.5286 	EXP 	New trial (rep=3, index=6): {'color': 'white', 'trigger': 1}
49.5373 	EXP 	blank: autoDraw = False
49.5373 	EXP 	blank: autoDraw = False
49.5373 	EXP 	stimulus: fillColor = <psychopy.colors.Color: white, alpha=1.0>
49.5373 	EXP 	stimulus: borderColor = <psychopy.colors.Color: white, alpha=1.0>
49.5434 	EXP 	stimulus: autoDraw = True
49.7875 	EXP 	stimulus: autoDraw = False
49.7875 	EXP 	stimulus: autoDraw = False
49.7935 	EXP 	blank: autoDraw = True
50.7790 	EXP 	New trial (rep=3, index=7): {'color': 'gray', 'trigger': 2}
50.7872 	EXP 	blank: autoDraw = False
50.7872 	EXP 	blank: autoDraw = False
50.7872 	EXP 	stimulus: fillColor = <psychopy.colors.Color: gray, alpha=1.0>
50.7872 	EXP 	stimulus: borderColor = <psychopy.colors.Color: gray, alpha=1.0>
50.7940 	EXP 	stimulus: autoDraw = True
51.0376 	EXP 	stimulus: autoDraw = False
51.0376 	EXP 	stimulus: autoDraw = False
51.0443 	EXP 	blank: autoDraw = True
52.0293 	EXP 	New trial (rep=4, index=0): {'color': 'gray', 'trigger': 2}
52.0372 	EXP 	blank: autoDraw = False
52.0372 	EXP 	blank: autoDraw = False
52.0372 	EXP 	stimulus: fillColor = <psychopy.colors.Color: gray, alpha=1.0>
52.0372 	EXP 	stimulus: borderColor = <psychopy.colors.Color: gray, alpha=1.0>
52.0428 	EXP 	stimulus: autoDraw = True
52.2877 	EXP 	stimulus: autoDraw = False
52.2877 	EXP 	stimulus: autoDraw = False
52.2937 	EXP 	blank: autoDraw = True
53.2786 	EXP 	New trial (rep=4, index=1): {'color': 'gray', 'trigger': 2}
53.2874 	EXP 	blank: autoDraw = False
53.2874 	EXP 	blank: autoDraw = False
53.2874 	EXP 	stimulus: fillColor = <psychopy.colors.Color: gray, alpha=1.0>
53.2874 	EXP 	stimulus: borderColor = <psychopy.colors.Color: gray, alpha=1.0>
53.2936 	EXP 	stimulus: autoDraw = True
53.5375 	EXP 	stimulus: autoDraw = False
53.5375 	EXP 	stimulus: autoDraw = False
53.5435 	EXP 	blank: autoDraw = True
54.5274 	EXP 	New trial (rep=4, index=2): {'color': 'gray', 'trigger': 2}
54.5375 	EXP 	blank: autoDraw = False
54.5375 	EXP 	blank: autoDraw = False
54.5375 	EXP 	stimulus: fillColor = <psychopy.colors.Color: gray, alpha=1.0>
54.5375 	EXP 	stimulus: borderColor = <psychopy.colors.Color: gray, alpha=1.0>
54.5433 	EXP 	stimulus: autoDraw = True
54.7878 	EXP 	stimulus: autoDraw = False
54.7878 	EXP 	stimulus: autoDraw = False
54.7944 	EXP 	blank: autoDraw = True
55.7785 	EXP 	New trial (rep=4, index=3): {'color': 'gray', 'trigger': 2}
55.7872 	EXP 	blank: autoDraw = False
55.7872 	EXP 	blank: autoDraw = False
55.7872 	EXP 	stimulus: fillColor = <psychopy.colors.Color: gray, alpha=1.0>
55.7872 	EXP 	stimulus: borderColor = <psychopy.colors.Color: gray, alpha=1.0>
55.7938 	EXP 	stimulus: autoDraw = True
56.0378 	EXP 	stimulus: autoDraw = False
56.0378 	EXP 	stimulus: autoDraw = False
56.0435 	EXP 	blank: autoDraw = True
57.0279 	EXP 	New trial (rep=4, index=4): {'color': 'white', 'trigger': 1}
57.0374 	EXP 	blank: autoDraw = False
57.0374 	EXP 	blank: autoDraw = False
57.0374 	EXP 	stimulus: fillColor = <psychopy.colors.Color: white, alpha=1.0>
57.0374 	EXP 	stimulus: borderColor = <psychopy.colors.Color: white, alpha=1.0>
57.0433 	EXP 	stimulus: autoDraw = True
57.2872 	EXP 	stimulus: autoDraw = False
57.2872 	EXP 	stimulus: autoDraw = False
57.2872 	EXP 	blank: autoDraw = True
58.2723 	EXP 	New trial (rep=4, index=5): {'color': 'white', 'trigger': 1}
58.2799 	EXP 	blank: autoDraw = False
58.2799 	EXP 	blank: autoDraw = False
58.2799 	EXP 	stimulus: fillColor = <psychopy.colors.Color: white, alpha=1.0>
58.2799 	EXP 	stimulus: borderColor = <psychopy.colors.Color: white, alpha=1.0>
58.2873 	EXP 	stimulus: autoDraw = True
58.5279 	EXP 	stimulus: autoDraw = False
58.5279 	EXP 	stimulus: autoDraw = False
58.5442 	EXP 	blank: autoDraw = True
59.5286 	EXP 	New trial (rep=4, index=6): {'color': 'white', 'trigger': 1}
59.5374 	EXP 	blank: autoDraw = False
59.5374 	EXP 	blank: autoDraw = False
59.5374 	EXP 	stimulus: fillColor = <psychopy.colors.Color: white, alpha=1.0>
59.5374 	EXP 	stimulus: borderColor = <psychopy.colors.Color: white, alpha=1.0>
59.5436 	EXP 	stimulus: autoDraw = True
59.7879 	EXP 	stimulus: autoDraw = False
59.7879 	EXP 	stimulus: autoDraw = False
59.7938 	EXP 	blank: autoDraw = True
60.7791 	EXP 	New trial (rep=4, index=7): {'color': 'white', 'trigger': 1}
60.7872 	EXP 	blank: autoDraw = False
60.7872 	EXP 	blank: autoDraw = False
60.7872 	EXP 	stimulus: fillColor = <psychopy.colors.Color: white, alpha=1.0>
60.7872 	EXP 	stimulus: borderColor = <psychopy.colors.Color: white, alpha=1.0>
60.7933 	EXP 	stimulus: autoDraw = True
61.0376 	EXP 	stimulus: autoDraw = False
61.0376 	EXP 	stimulus: autoDraw = False
61.0448 	EXP 	blank: autoDraw = True
62.0284 	EXP 	New trial (rep=5, index=0): {'color': 'gray', 'trigger': 2}
62.0373 	EXP 	blank: autoDraw = False
62.0373 	EXP 	blank: autoDraw = False
62.0373 	EXP 	stimulus: fillColor = <psychopy.colors.Color: gray, alpha=1.0>
62.0373 	EXP 	stimulus: borderColor = <psychopy.colors.Color: gray, alpha=1.0>
62.0429 	EXP 	stimulus: autoDraw = True
62.2875 	EXP 	stimulus: autoDraw = False
62.2875 	EXP 	stimulus: autoDraw = False
62.2934 	EXP 	blank: autoDraw = True
63.2787 	EXP 	New trial (rep=5, index=1): {'color': 'white', 'trigger': 1}
63.2874 	EXP 	blank: autoDraw = False
63.2874 	EXP 	blank: autoDraw = False
63.2874 	EXP 	stimulus: fillColor = <psychopy.colors.Color: white, alpha=1.0>
63.2874 	EXP 	stimulus: borderColor = <psychopy.colors.Color: white, alpha=1.0>
63.2936 	EXP 	stimulus: autoDraw = True
63.5379 	EXP 	stimulus: autoDraw = False
63.5379 	EXP 	stimulus: autoDraw = False
63.5445 	EXP 	blank: autoDraw = True
64.5288 	EXP 	New trial (rep=5, index=2): {'color': 'white', 'trigger': 1}
64.5373 	EXP 	blank: autoDraw = False
64.5373 	EXP 	blank: autoDraw = False
64.5373 	EXP 	stimulus: fillColor = <psychopy.colors.Color: white, alpha=1.0>
64.5373 	EXP 	stimulus: borderColor = <psychopy.colors.Color: white, alpha=1.0>
64.5435 	EXP 	stimulus: autoDraw = True
64.7880 	EXP 	stimulus: autoDraw = False
64.7880 	EXP 	stimulus: autoDraw = False
64.7940 	EXP 	blank: autoDraw = True
65.7780 	EXP 	New trial (rep=5, index=3): {'color': 'white', 'trigger': 1}
65.7876 	EXP 	blank: autoDraw = False
65.7876 	EXP 	blank: autoDraw = False
65.7876 	EXP 	stimulus: fillColor = <psychopy.colors.Color: white, alpha=1.0>
65.7876 	EXP 	stimulus: borderColor = <psychopy.colors.Color: white, alpha=1.0>
65.7933 	EXP 	stimulus: autoDraw = True
66.0380 	EXP 	stimulus: autoDraw = False
66.0380 	EXP 	stimulus: autoDraw = False
66.0443 	EXP 	blank: autoDraw = True
67.0292 	EXP 	New trial (rep=5, index=4): {'color': 'gray', 'trigger': 2}
67.0375 	EXP 	blank: autoDraw = False
67.0375 	EXP 	blank: autoDraw = False
67.0375 	EXP 	stimulus: fillColor = <psychopy.colors.Color: gray, alpha=1.0>
67.0375 	EXP 	stimulus: borderColor = <psychopy.colors.Color: gray, alpha=1.0>
67.0434 	EXP 	stimulus: autoDraw = True
67.2880 	EXP 	stimulus: autoDraw = False
67.2880 	EXP 	stimulus: autoDraw = False
67.2943 	EXP 	blank: autoDraw = True
68.2781 	EXP 	New trial (rep=5, index=5): {'color': 'gray', 'trigger': 2}
68.2872 	EXP 	blank: autoDraw = False
68.2872 	EXP 	blank: autoDraw = False
68.2872 	EXP 	stimulus: fillColor = <psychopy.colors.Color: gray, alpha=1.0>
68.2872 	EXP 	stimulus: borderColor = <psychopy.colors.Color: gray, alpha=1.0>
68.2930 	EXP 	stimulus: autoDraw = True
68.5380 	EXP 	stimulus: autoDraw = False
68.5380 	EXP 	stimulus: autoDraw = False
68.5443 	EXP 	blank: autoDraw = True
69.5295 	EXP 	New trial (rep=5, index=6): {'color': 'white', 'trigger': 1}
69.5375 	EXP 	blank: autoDraw = False
69.5375 	EXP 	blank: autoDraw = False
69.5375 	EXP 	stimulus: fillColor = <psychopy.colors.Color: white, alpha=1.0>
69.5375 	EXP 	stimulus: borderColor = <psychopy.colors.Color: white, alpha=1.0>
69.5444 	EXP 	stimulus: autoDraw = True
69.7880 	EXP 	stimulus: autoDraw = False
69.7880 	EXP 	stimulus: autoDraw = False
69.7938 	EXP 	blank: autoDraw = True
70.7779 	EXP 	New trial (rep=5, index=7): {'color': 'gray', 'trigger': 2}
70.7876 	EXP 	blank: autoDraw = False
70.7876 	EXP 	blank: autoDraw = False
70.7876 	EXP 	stimulus: fillColor = <psychopy.colors.Color: gray, alpha=1.0>
70.7876 	EXP 	stimulus: borderColor = <psychopy.colors.Color: gray, alpha=1.0>
70.7935 	EXP 	stimulus: autoDraw = True
71.0377 	EXP 	stimulus: autoDraw = False
71.0377 	EXP 	stimulus: autoDraw = False
71.0442 	EXP 	blank: autoDraw = True
72.0292 	EXP 	New trial (rep=6, index=0): {'color': 'gray', 'trigger': 2}
72.0375 	EXP 	blank: autoDraw = False
72.0375 	EXP 	blank: autoDraw = False
72.0375 	EXP 	stimulus: fillColor = <psychopy.colors.Color: gray, alpha=1.0>
72.0375 	EXP 	stimulus: borderColor = <psychopy.colors.Color: gray, alpha=1.0>
72.0438 	EXP 	stimulus: autoDraw = True
72.2882 	EXP 	stimulus: autoDraw = False
72.2882 	EXP 	stimulus: autoDraw = False
72.2954 	EXP 	blank: autoDraw = True
73.2887 	EXP 	New trial (rep=6, index=1): {'color': 'white', 'trigger': 1}
73.2958 	EXP 	blank: autoDraw = False
73.2958 	EXP 	blank: autoDraw = False
73.2958 	EXP 	stimulus: fillColor = <psychopy.colors.Color: white, alpha=1.0>
73.2958 	EXP 	stimulus: borderColor = <psychopy.colors.Color: white, alpha=1.0>
73.2958 	EXP 	stimulus: autoDraw = True
73.5444 	EXP 	stimulus: autoDraw = False
73.5444 	EXP 	stimulus: autoDraw = False
73.5444 	EXP 	blank: autoDraw = True
74.5282 	EXP 	New trial (rep=6, index=2): {'color': 'gray', 'trigger': 2}
74.5376 	EXP 	blank: autoDraw = False
74.5376 	EXP 	blank: autoDraw = False
74.5376 	EXP 	stimulus: fillColor = <psychopy.colors.Color: gray, alpha=1.0>
74.5376 	EXP 	stimulus: borderColor = <psychopy.colors.Color: gray, alpha=1.0>
74.5433 	EXP 	stimulus: autoDraw = True
74.7877 	EXP 	stimulus: autoDraw = False
74.7877 	EXP 	stimulus: autoDraw = False
74.7937 	EXP 	blank: autoDraw = True
75.7780 	EXP 	New trial (rep=6, index=3): {'color': 'white', 'trigger': 1}
75.7875 	EXP 	blank: autoDraw = False
75.7875 	EXP 	blank: autoDraw = False
75.7875 	EXP 	stimulus: fillColor = <psychopy.colors.Color: white, alpha=1.0>
75.7875 	EXP 	stimulus: borderColor = <psychopy.colors.Color: white, alpha=1.0>
75.7944 	EXP 	stimulus: autoDraw = True
76.0378 	EXP 	stimulus: autoDraw = False
76.0378 	EXP 	stimulus: autoDraw = False
76.0447 	EXP 	blank: autoDraw = True
77.0293 	EXP 	New trial (rep=6, index=4): {'color': 'gray', 'trigger': 2}
77.0375 	EXP 	blank: autoDraw = False
77.0375 	EXP 	blank: autoDraw = False
77.0375 	EXP 	stimulus: fillColor = <psychopy.colors.Color: gray, alpha=1.0>
77.0375 	EXP 	stimulus: borderColor = <psychopy.colors.Color: gray, alpha=1.0>
77.0437 	EXP 	stimulus: autoDraw = True
77.2877 	EXP 	stimulus: autoDraw = False
77.2877 	EXP 	stimulus: autoDraw = False
77.2949 	EXP 	blank: autoDraw = True
78.2786 	EXP 	New trial (rep=6, index=5): {'color': 'white', 'trigger': 1}
78.2874 	EXP 	blank: autoDraw = False
78.2874 	EXP 	blank: autoDraw = False
78.2874 	EXP 	stimulus: fillColor = <psychopy.colors.Color: white, alpha=1.0>
78.2874 	EXP 	stimulus: borderColor = <psychopy.colors.Color: white, alpha=1.0>
78.2936 	EXP 	stimulus: autoDraw = True
78.5381 	EXP 	stimulus: autoDraw = False
78.5381 	EXP 	stimulus: autoDraw = False
78.5439 	EXP 	blank: autoDraw = True
79.5281 	EXP 	New trial (rep=6, index=6): {'color': 'gray', 'trigger': 2}
79.5377 	EXP 	blank: autoDraw = False
79.5377 	EXP 	blank: autoDraw = False
79.5377 	EXP 	stimulus: fillColor = <psychopy.colors.Color: gray, alpha=1.0>
79.5377 	EXP 	stimulus: borderColor = <psychopy.colors.Color: gray, alpha=1.0>
79.5435 	EXP 	stimulus: autoDraw = True
79.7883 	EXP 	stimulus: autoDraw = False
79.7883 	EXP 	stimulus: autoDraw = False
79.7952 	EXP 	blank: autoDraw = True
80.7892 	EXP 	New trial (rep=6, index=7): {'color': 'white', 'trigger': 1}
80.7966 	EXP 	blank: autoDraw = False
80.7966 	EXP 	blank: autoDraw = False
80.7966 	EXP 	stimulus: fillColor = <psychopy.colors.Color: white, alpha=1.0>
80.7966 	EXP 	stimulus: borderColor = <psychopy.colors.Color: white, alpha=1.0>
80.7966 	EXP 	stimulus: autoDraw = True
81.0446 	EXP 	stimulus: autoDraw = False
81.0446 	EXP 	stimulus: autoDraw = False
81.0446 	EXP 	blank: autoDraw = True
82.0391 	EXP 	New trial (rep=7, index=0): {'color': 'gray', 'trigger': 2}
82.0465 	EXP 	blank: autoDraw = False
82.0465 	EXP 	blank: autoDraw = False
82.0465 	EXP 	stimulus: fillColor = <psychopy.colors.Color: gray, alpha=1.0>
82.0465 	EXP 	stimulus: borderColor = <psychopy.colors.Color: gray, alpha=1.0>
82.0465 	EXP 	stimulus: autoDraw = True
82.2949 	EXP 	stimulus: autoDraw = False
82.2949 	EXP 	stimulus: autoDraw = False
82.2949 	EXP 	blank: autoDraw = True
82.8263 	WARNING 	t of last frame was 30.95ms (=1/32)
82.9080 	WARNING 	t of last frame was 20.59ms (=1/48)
83.2786 	EXP 	New trial (rep=7, index=1): {'color': 'white', 'trigger': 1}
83.2874 	EXP 	blank: autoDraw = False
83.2874 	EXP 	blank: autoDraw = False
83.2874 	EXP 	stimulus: fillColor = <psychopy.colors.Color: white, alpha=1.0>
83.2874 	EXP 	stimulus: borderColor = <psychopy.colors.Color: white, alpha=1.0>
83.2937 	EXP 	stimulus: autoDraw = True
83.5369 	EXP 	stimulus: autoDraw = False
83.5369 	EXP 	stimulus: autoDraw = False
83.5369 	EXP 	blank: autoDraw = True
84.5225 	EXP 	New trial (rep=7, index=2): {'color': 'gray', 'trigger': 2}
84.5302 	EXP 	blank: autoDraw = False
84.5302 	EXP 	blank: autoDraw = False
84.5302 	EXP 	stimulus: fillColor = <psychopy.colors.Color: gray, alpha=1.0>
84.5302 	EXP 	stimulus: borderColor = <psychopy.colors.Color: gray, alpha=1.0>
84.5377 	EXP 	stimulus: autoDraw = True
84.7781 	EXP 	stimulus: autoDraw = False
84.7781 	EXP 	stimulus: autoDraw = False
84.7948 	EXP 	blank: autoDraw = True
85.7788 	EXP 	New trial (rep=7, index=3): {'color': 'white', 'trigger': 1}
85.7875 	EXP 	blank: autoDraw = False
85.7875 	EXP 	blank: autoDraw = False
85.7875 	EXP 	stimulus: fillColor = <psychopy.colors.Color: white, alpha=1.0>
85.7875 	EXP 	stimulus: borderColor = <psychopy.colors.Color: white, alpha=1.0>
85.7935 	EXP 	stimulus: autoDraw = True
86.0379 	EXP 	stimulus: autoDraw = False
86.0379 	EXP 	stimulus: autoDraw = False
86.0443 	EXP 	blank: autoDraw = True
87.0390 	EXP 	New trial (rep=7, index=4): {'color': 'gray', 'trigger': 2}
87.0462 	EXP 	blank: autoDraw = False
87.0462 	EXP 	blank: autoDraw = False
87.0462 	EXP 	stimulus: fillColor = <psychopy.colors.Color: gray, alpha=1.0>
87.0462 	EXP 	stimulus: borderColor = <psychopy.colors.Color: gray, alpha=1.0>
87.0462 	EXP 	stimulus: autoDraw = True
87.2950 	EXP 	stimulus: autoDraw = False
87.2950 	EXP 	stimulus: autoDraw = False
87.2950 	EXP 	blank: autoDraw = True
88.2788 	EXP 	New trial (rep=7, index=5): {'color': 'white', 'trigger': 1}
88.2876 	EXP 	blank: autoDraw = False
88.2876 	EXP 	blank: autoDraw = False
88.2876 	EXP 	stimulus: fillColor = <psychopy.colors.Color: white, alpha=1.0>
88.2876 	EXP 	stimulus: borderColor = <psychopy.colors.Color: white, alpha=1.0>
88.2934 	EXP 	stimulus: autoDraw = True
88.5378 	EXP 	stimulus: autoDraw = False
88.5378 	EXP 	stimulus: autoDraw = False
88.5437 	EXP 	blank: autoDraw = True
89.5281 	EXP 	New trial (rep=7, index=6): {'color': 'gray', 'trigger': 2}
89.5375 	EXP 	blank: autoDraw = False
89.5375 	EXP 	blank: autoDraw = False
89.5375 	EXP 	stimulus: fillColor = <psychopy.colors.Color: gray, alpha=1.0>
89.5375 	EXP 	stimulus: borderColor = <psychopy.colors.Color: gray, alpha=1.0>
89.5435 	EXP 	stimulus: autoDraw = True
89.7874 	EXP 	stimulus: autoDraw = False
89.7874 	EXP 	stimulus: autoDraw = False
89.7874 	EXP 	blank: autoDraw = True
90.7724 	EXP 	New trial (rep=7, index=7): {'color': 'white', 'trigger': 1}
90.7799 	EXP 	blank: autoDraw = False
90.7799 	EXP 	blank: autoDraw = False
90.7799 	EXP 	stimulus: fillColor = <psychopy.colors.Color: white, alpha=1.0>
90.7799 	EXP 	stimulus: borderColor = <psychopy.colors.Color: white, alpha=1.0>
90.7875 	EXP 	stimulus: autoDraw = True
91.0278 	EXP 	stimulus: autoDraw = False
91.0278 	EXP 	stimulus: autoDraw = False
91.0437 	EXP 	blank: autoDraw = True
92.0291 	EXP 	New trial (rep=8, index=0): {'color': 'white', 'trigger': 1}
92.0376 	EXP 	blank: autoDraw = False
92.0376 	EXP 	blank: autoDraw = False
92.0376 	EXP 	stimulus: fillColor = <psychopy.colors.Color: white, alpha=1.0>
92.0376 	EXP 	stimulus: borderColor = <psychopy.colors.Color: white, alpha=1.0>
92.0435 	EXP 	stimulus: autoDraw = True
92.2881 	EXP 	stimulus: autoDraw = False
92.2881 	EXP 	stimulus: autoDraw = False
92.2942 	EXP 	blank: autoDraw = True
93.2795 	EXP 	New trial (rep=8, index=1): {'color': 'white', 'trigger': 1}
93.2875 	EXP 	blank: autoDraw = False
93.2875 	EXP 	blank: autoDraw = False
93.2875 	EXP 	stimulus: fillColor = <psychopy.colors.Color: white, alpha=1.0>
93.2875 	EXP 	stimulus: borderColor = <psychopy.colors.Color: white, alpha=1.0>
93.2932 	EXP 	stimulus: autoDraw = True
93.5382 	EXP 	stimulus: autoDraw = False
93.5382 	EXP 	stimulus: autoDraw = False
93.5446 	EXP 	blank: autoDraw = True
94.5286 	EXP 	New trial (rep=8, index=2): {'color': 'white', 'trigger': 1}
94.5375 	EXP 	blank: autoDraw = False
94.5375 	EXP 	blank: autoDraw = False
94.5375 	EXP 	stimulus: fillColor = <psychopy.colors.Color: white, alpha=1.0>
94.5375 	EXP 	stimulus: borderColor = <psychopy.colors.Color: white, alpha=1.0>
94.5431 	EXP 	stimulus: autoDraw = True
94.7882 	EXP 	stimulus: autoDraw = False
94.7882 	EXP 	stimulus: autoDraw = False
94.7945 	EXP 	blank: autoDraw = True
95.7784 	EXP 	New trial (rep=8, index=3): {'color': 'gray', 'trigger': 2}
95.7875 	EXP 	blank: autoDraw = False
95.7875 	EXP 	blank: autoDraw = False
95.7875 	EXP 	stimulus: fillColor = <psychopy.colors.Color: gray, alpha=1.0>
95.7875 	EXP 	stimulus: borderColor = <psychopy.colors.Color: gray, alpha=1.0>
95.7933 	EXP 	stimulus: autoDraw = True
96.0381 	EXP 	stimulus: autoDraw = False
96.0381 	EXP 	stimulus: autoDraw = False
96.0448 	EXP 	blank: autoDraw = True
97.0286 	EXP 	New trial (rep=8, index=4): {'color': 'gray', 'trigger': 2}
97.0375 	EXP 	blank: autoDraw = False
97.0375 	EXP 	blank: autoDraw = False
97.0375 	EXP 	stimulus: fillColor = <psychopy.colors.Color: gray, alpha=1.0>
97.0375 	EXP 	stimulus: borderColor = <psychopy.colors.Color: gray, alpha=1.0>
97.0438 	EXP 	stimulus: autoDraw = True
97.2879 	EXP 	stimulus: autoDraw = False
97.2879 	EXP 	stimulus: autoDraw = False
97.2945 	EXP 	blank: autoDraw = True
98.2781 	EXP 	New trial (rep=8, index=5): {'color': 'gray', 'trigger': 2}
98.2878 	EXP 	blank: autoDraw = False
98.2878 	EXP 	blank: autoDraw = False
98.2878 	EXP 	stimulus: fillColor = <psychopy.colors.Color: gray, alpha=1.0>
98.2878 	EXP 	stimulus: borderColor = <psychopy.colors.Color: gray, alpha=1.0>
98.2936 	EXP 	stimulus: autoDraw = True
98.5379 	EXP 	stimulus: autoDraw = False
98.5379 	EXP 	stimulus: autoDraw = False
98.5438 	EXP 	blank: autoDraw = True
99.5294 	EXP 	New trial (rep=8, index=6): {'color': 'gray', 'trigger': 2}
99.5376 	EXP 	blank: autoDraw = False
99.5376 	EXP 	blank: autoDraw = False
99.5376 	EXP 	stimulus: fillColor = <psychopy.colors.Color: gray, alpha=1.0>
99.5376 	EXP 	stimulus: borderColor = <psychopy.colors.Color: gray, alpha=1.0>
99.5432 	EXP 	stimulus: autoDraw = True
99.7881 	EXP 	stimulus: autoDraw = False
99.7881 	EXP 	stimulus: autoDraw = False
99.7946 	EXP 	blank: autoDraw = True
100.7789 	EXP 	New trial (rep=8, index=7): {'color': 'white', 'trigger': 1}
100.7876 	EXP 	blank: autoDraw = False
100.7876 	EXP 	blank: autoDraw = False
100.7876 	EXP 	stimulus: fillColor = <psychopy.colors.Color: white, alpha=1.0>
100.7876 	EXP 	stimulus: borderColor = <psychopy.colors.Color: white, alpha=1.0>
100.7939 	EXP 	stimulus: autoDraw = True
101.0384 	EXP 	stimulus: autoDraw = False
101.0384 	EXP 	stimulus: autoDraw = False
101.0456 	EXP 	blank: autoDraw = True
102.0394 	EXP 	New trial (rep=9, index=0): {'color': 'white', 'trigger': 1}
102.0471 	EXP 	blank: autoDraw = False
102.0471 	EXP 	blank: autoDraw = False
102.0471 	EXP 	stimulus: fillColor = <psychopy.colors.Color: white, alpha=1.0>
102.0471 	EXP 	stimulus: borderColor = <psychopy.colors.Color: white, alpha=1.0>
102.0471 	EXP 	stimulus: autoDraw = True
102.2953 	EXP 	stimulus: autoDraw = False
102.2953 	EXP 	stimulus: autoDraw = False
102.2953 	EXP 	blank: autoDraw = True
103.2894 	EXP 	New trial (rep=9, index=1): {'color': 'white', 'trigger': 1}
103.2965 	EXP 	blank: autoDraw = False
103.2965 	EXP 	blank: autoDraw = False
103.2965 	EXP 	stimulus: fillColor = <psychopy.colors.Color: white, alpha=1.0>
103.2965 	EXP 	stimulus: borderColor = <psychopy.colors.Color: white, alpha=1.0>
103.2965 	EXP 	stimulus: autoDraw = True
103.5452 	EXP 	stimulus: autoDraw = False
103.5452 	EXP 	stimulus: autoDraw = False
103.5452 	EXP 	blank: autoDraw = True
104.5397 	EXP 	New trial (rep=9, index=2): {'color': 'white', 'trigger': 1}
104.5476 	EXP 	blank: autoDraw = False
104.5476 	EXP 	blank: autoDraw = False
104.5476 	EXP 	stimulus: fillColor = <psychopy.colors.Color: white, alpha=1.0>
104.5476 	EXP 	stimulus: borderColor = <psychopy.colors.Color: white, alpha=1.0>
104.5476 	EXP 	stimulus: autoDraw = True
104.7947 	EXP 	stimulus: autoDraw = False
104.7947 	EXP 	stimulus: autoDraw = False
104.7947 	EXP 	blank: autoDraw = True
105.7788 	EXP 	New trial (rep=9, index=3): {'color': 'gray', 'trigger': 2}
105.7877 	EXP 	blank: autoDraw = False
105.7877 	EXP 	blank: autoDraw = False
105.7877 	EXP 	stimulus: fillColor = <psychopy.colors.Color: gray, alpha=1.0>
105.7877 	EXP 	stimulus: borderColor = <psychopy.colors.Color: gray, alpha=1.0>
105.7939 	EXP 	stimulus: autoDraw = True
106.0382 	EXP 	stimulus: autoDraw = False
106.0382 	EXP 	stimulus: autoDraw = False
106.0446 	EXP 	blank: autoDraw = True
107.0290 	EXP 	New trial (rep=9, index=4): {'color': 'gray', 'trigger': 2}
107.0376 	EXP 	blank: autoDraw = False
107.0376 	EXP 	blank: autoDraw = False
107.0376 	EXP 	stimulus: fillColor = <psychopy.colors.Color: gray, alpha=1.0>
107.0376 	EXP 	stimulus: borderColor = <psychopy.colors.Color: gray, alpha=1.0>
107.0435 	EXP 	stimulus: autoDraw = True
107.2883 	EXP 	stimulus: autoDraw = False
107.2883 	EXP 	stimulus: autoDraw = False
107.2951 	EXP 	blank: autoDraw = True
108.2788 	EXP 	New trial (rep=9, index=5): {'color': 'white', 'trigger': 1}
108.2876 	EXP 	blank: autoDraw = False
108.2876 	EXP 	blank: autoDraw = False
108.2876 	EXP 	stimulus: fillColor = <psychopy.colors.Color: white, alpha=1.0>
108.2876 	EXP 	stimulus: borderColor = <psychopy.colors.Color: white, alpha=1.0>
108.2932 	EXP 	stimulus: autoDraw = True
108.5381 	EXP 	stimulus: autoDraw = False
108.5381 	EXP 	stimulus: autoDraw = False
108.5449 	EXP 	blank: autoDraw = True
109.5290 	EXP 	New trial (rep=9, index=6): {'color': 'gray', 'trigger': 2}
109.5376 	EXP 	blank: autoDraw = False
109.5376 	EXP 	blank: autoDraw = False
109.5376 	EXP 	stimulus: fillColor = <psychopy.colors.Color: gray, alpha=1.0>
109.5376 	EXP 	stimulus: borderColor = <psychopy.colors.Color: gray, alpha=1.0>
109.5437 	EXP 	stimulus: autoDraw = True
109.7883 	EXP 	stimulus: autoDraw = False
109.7883 	EXP 	stimulus: autoDraw = False
109.7945 	EXP 	blank: autoDraw = True
110.7784 	EXP 	New trial (rep=9, index=7): {'color': 'gray', 'trigger': 2}
110.7876 	EXP 	blank: autoDraw = False
110.7876 	EXP 	blank: autoDraw = False
110.7876 	EXP 	stimulus: fillColor = <psychopy.colors.Color: gray, alpha=1.0>
110.7876 	EXP 	stimulus: borderColor = <psychopy.colors.Color: gray, alpha=1.0>
110.7937 	EXP 	stimulus: autoDraw = True
111.0383 	EXP 	stimulus: autoDraw = False
111.0383 	EXP 	stimulus: autoDraw = False
111.0441 	EXP 	blank: autoDraw = True
112.0382 	EXP 	blank: autoDraw = False
112.0382 	EXP 	blank: autoDraw = False
112.1110 	EXP 	window1: mouseVisible = True
