1.1207 	WARNING 	We strongly recommend you activate the PTB sound engine in PsychoPy prefs as the preferred audio engine. Its timing is vastly superior. Your prefs are currently set to use ['sounddevice', 'PTB', 'pyo', 'pygame'] (in that order).
6.3331 	WARNING 	User requested fullscreen with size [1024  768], but screen is actually [1440, 900]. Using actual size
7.5814 	WARNING 	Couldn't measure a consistent frame rate!
  - Is your graphics card set to sync to vertical blank?
  - Are you running other processes on your computer?

7.5826 	EXP 	Created window1 = Window(allowGUI=True, allowStencil=False, autoLog=True, backendConf=UNKNOWN, bitsMode=UNKNOWN, blendMode='avg', bpc=(8, 8, 8), color=array([0, 0, 0]), colorSpace='rgb', depthBits=8, fullscr=<method-wrapper '__getattribute__' of attributeSetter object at 0x7fe823e50b80>, gamma=None, gammaErrorPolicy='raise', lms=UNKNOWN, monitor=<psychopy.monitors.calibTools.Monitor object at 0x7fe7edac24f0>, multiSample=False, name='window1', numSamples=2, pos=[360.0, 225.0], screen=0, size=array([2880, 1800]), stencilBits=0, stereo=False, units='height', useFBO=True, useRetina=True, viewOri=0.0, viewPos=None, viewScale=None, waitBlanking=True, winType='pyglet')
7.5831 	EXP 	window1: mouseVisible = True
7.5843 	EXP 	window1: mouseVisible = False
7.5844 	EXP 	window1: Attempting to measure frame rate of screen (0) ...
7.5844 	EXP 	window1: recordFrameIntervals = False
7.6641 	EXP 	window1: recordFrameIntervals = True
8.4980 	WARNING 	Couldn't measure a consistent frame rate!
  - Is your graphics card set to sync to vertical blank?
  - Are you running other processes on your computer?

10.4880 	EXP 	Created stimulus = ShapeStim(__class__=<class 'psychopy.visual.shape.ShapeStim'>, anchor=('center', 'center'), autoDraw=False, autoLog=True, closeShape=True, color=method-wrapper(...), colorSpace='rgb', contrast=None, depth=0.0, fillColor=array([1, 1, 1]), fillColorSpace='rgb', fillRGB=array([1, 1, 1]), interpolate=True, lineColor=array([1, 1, 1]), lineColorSpace='rgb', lineRGB=array([1, 1, 1]), lineWidth=1.0, name='stimulus', opacity=1.0, ori=0.0, pos=array([0., 0.]), size=array([0.5, 0.5]), units='height', vertices=ndarray(...), win=Window(...), windingRule=None)
10.4913 	EXP 	Created blank = ShapeStim(__class__=<class 'psychopy.visual.shape.ShapeStim'>, anchor=('center', 'center'), autoDraw=False, autoLog=True, closeShape=True, color=method-wrapper(...), colorSpace='rgb', contrast=None, depth=0.0, fillColor=array([0.00392157, 0.00392157, 0.00392157]), fillColorSpace='rgb', fillRGB=array([0.00392157, 0.00392157, 0.00392157]), interpolate=True, lineColor=array([0.00392157, 0.00392157, 0.00392157]), lineColorSpace='rgb', lineRGB=array([0.00392157, 0.00392157, 0.00392157]), lineWidth=1.0, name='blank', opacity=1.0, ori=0.0, pos=array([0., 0.]), size=array([0.5, 0.5]), units='height', vertices=ndarray(...), win=Window(...), windingRule=None)
10.4971 	EXP 	Imported StimList.xlsx as conditions, 8 conditions, 2 params
10.4978 	EXP 	Created sequence: random, trialTypes=8, nReps=5, seed=None
10.4980 	EXP 	New trial (rep=0, index=0): {'color': 'gray', 'trigger': 2}
10.5105 	WARNING 	t of last frame was 2012.82ms (=1/0)
10.5105 	EXP 	stimulus: fillColor = <psychopy.colors.Color: gray, alpha=1.0>
10.5105 	EXP 	stimulus: borderColor = <psychopy.colors.Color: gray, alpha=1.0>
10.5105 	EXP 	stimulus: autoDraw = True
10.7532 	EXP 	stimulus: autoDraw = False
10.7532 	EXP 	blank: autoDraw = True
12.2378 	EXP 	New trial (rep=0, index=1): {'color': 'white', 'trigger': 1}
12.2469 	EXP 	blank: autoDraw = False
12.2469 	EXP 	blank: autoDraw = False
12.2469 	EXP 	stimulus: fillColor = <psychopy.colors.Color: white, alpha=1.0>
12.2469 	EXP 	stimulus: borderColor = <psychopy.colors.Color: white, alpha=1.0>
12.2469 	EXP 	stimulus: autoDraw = True
12.4871 	EXP 	stimulus: autoDraw = False
12.4871 	EXP 	stimulus: autoDraw = False
12.4871 	EXP 	blank: autoDraw = True
13.9712 	EXP 	New trial (rep=0, index=2): {'color': 'white', 'trigger': 1}
13.9805 	EXP 	blank: autoDraw = False
13.9805 	EXP 	blank: autoDraw = False
13.9805 	EXP 	stimulus: fillColor = <psychopy.colors.Color: white, alpha=1.0>
13.9805 	EXP 	stimulus: borderColor = <psychopy.colors.Color: white, alpha=1.0>
13.9873 	EXP 	stimulus: autoDraw = True
14.0344 	DATA 	Keypress: escape
14.0396 	WARNING 	t of last frame was 52.33ms (=1/19)
14.6798 	EXP 	window1: mouseVisible = True
