1.5228 	WARNING 	We strongly recommend you activate the PTB sound engine in PsychoPy prefs as the preferred audio engine. Its timing is vastly superior. Your prefs are currently set to use ['sounddevice', 'PTB', 'pyo', 'pygame'] (in that order).
6.0363 	WARNING 	User requested fullscreen with size [1024  768], but screen is actually [1440, 900]. Using actual size
7.5191 	WARNING 	Couldn't measure a consistent frame rate!
  - Is your graphics card set to sync to vertical blank?
  - Are you running other processes on your computer?

7.5210 	EXP 	Created window1 = Window(allowGUI=True, allowStencil=False, autoLog=True, backendConf=UNKNOWN, bitsMode=UNKNOWN, blendMode='avg', bpc=(8, 8, 8), color=array([0, 0, 0]), colorSpace='rgb', depthBits=8, fullscr=<method-wrapper '__getattribute__' of attributeSetter object at 0x7fad02c3dbe0>, gamma=None, gammaErrorPolicy='raise', lms=UNKNOWN, monitor=<psychopy.monitors.calibTools.Monitor object at 0x7facb6c52610>, multiSample=False, name='window1', numSamples=2, pos=[360.0, 225.0], screen=0, size=array([2880, 1800]), stencilBits=0, stereo=False, units='height', useFBO=True, useRetina=True, viewOri=0.0, viewPos=None, viewScale=None, waitBlanking=True, winType='pyglet')
7.5216 	EXP 	window1: mouseVisible = True
7.5225 	EXP 	window1: mouseVisible = False
7.5226 	EXP 	window1: Attempting to measure frame rate of screen (0) ...
7.5226 	EXP 	window1: recordFrameIntervals = False
7.6022 	EXP 	window1: recordFrameIntervals = True
8.4356 	WARNING 	Couldn't measure a consistent frame rate!
  - Is your graphics card set to sync to vertical blank?
  - Are you running other processes on your computer?

10.9816 	EXP 	Created image = ImageStim(__class__=<class 'psychopy.visual.image.ImageStim'>, anchor=('center', 'center'), autoLog=True, color=array([1, 1, 1]), colorSpace='rgb', contrast=1.0, depth=-1.0, flipHoriz=False, flipVert=False, image=str(...), interpolate=True, mask=None, maskParams=None, name='image', opacity=1.0, ori=0.0, pos=array([0., 0.]), size=array([1.5, 1.5]), texRes=128.0, units='height', win=Window(...))
10.9880 	EXP 	Created fixation = ShapeStim(__class__=<class 'psychopy.visual.shape.ShapeStim'>, anchor=('center', 'center'), autoDraw=False, autoLog=True, closeShape=True, color=method-wrapper(...), colorSpace='rgb', contrast=None, depth=-2.0, fillColor=array([ 1, -1, -1]), fillColorSpace='rgb', fillRGB=array([ 1, -1, -1]), interpolate=True, lineColor=array([ 1, -1, -1]), lineColorSpace='rgb', lineRGB=array([ 1, -1, -1]), lineWidth=1.0, name='fixation', opacity=1.0, ori=0.0, pos=array([0., 0.]), size=array([0.01, 0.01]), units='height', vertices=ndarray(...), win=Window(...), windingRule=None)
11.2804 	EXP 	Created image_2 = ImageStim(__class__=<class 'psychopy.visual.image.ImageStim'>, anchor=('center', 'center'), autoLog=True, color=array([1, 1, 1]), colorSpace='rgb', contrast=1.0, depth=-1.0, flipHoriz=False, flipVert=False, image=str(...), interpolate=True, mask=None, maskParams=None, name='image_2', opacity=1.0, ori=0.0, pos=array([0., 0.]), size=array([1.5, 1.5]), texRes=128.0, units='height', win=Window(...))
11.2866 	EXP 	Created fixation_2 = ShapeStim(__class__=<class 'psychopy.visual.shape.ShapeStim'>, anchor=('center', 'center'), autoDraw=False, autoLog=True, closeShape=True, color=method-wrapper(...), colorSpace='rgb', contrast=None, depth=-2.0, fillColor=array([ 1, -1, -1]), fillColorSpace='rgb', fillRGB=array([ 1, -1, -1]), interpolate=True, lineColor=array([ 1, -1, -1]), lineColorSpace='rgb', lineRGB=array([ 1, -1, -1]), lineWidth=1.0, name='fixation_2', opacity=1.0, ori=0.0, pos=array([0., 0.]), size=array([0.01, 0.01]), units='height', vertices=ndarray(...), win=Window(...), windingRule=None)
11.2895 	EXP 	Created sequence: random, trialTypes=1, nReps=100, seed=None
11.2900 	EXP 	New trial (rep=0, index=0): None
11.3631 	WARNING 	t of last frame was 2927.84ms (=1/0)
11.3631 	EXP 	image: autoDraw = True
11.3631 	EXP 	fixation: autoDraw = True
11.3950 	WARNING 	t of last frame was 31.85ms (=1/31)
11.5449 	WARNING 	t of last frame was 28.82ms (=1/34)
11.5449 	EXP 	image: autoDraw = False
11.5449 	EXP 	fixation: autoDraw = False
11.5449 	EXP 	image: autoDraw = False
11.5449 	EXP 	fixation: autoDraw = False
11.5449 	EXP 	image_2: autoDraw = True
11.5449 	EXP 	fixation_2: autoDraw = True
11.6346 	WARNING 	t of last frame was 21.03ms (=1/47)
11.6980 	EXP 	New trial (rep=1, index=0): None
11.7115 	EXP 	image_2: autoDraw = False
11.7115 	EXP 	fixation_2: autoDraw = False
11.7115 	EXP 	image_2: autoDraw = False
11.7115 	EXP 	fixation_2: autoDraw = False
11.7115 	EXP 	image: autoDraw = True
11.7115 	EXP 	fixation: autoDraw = True
11.8704 	EXP 	image: autoDraw = False
11.8704 	EXP 	fixation: autoDraw = False
11.8704 	EXP 	image: autoDraw = False
11.8704 	EXP 	fixation: autoDraw = False
11.8704 	EXP 	image_2: autoDraw = True
11.8704 	EXP 	fixation_2: autoDraw = True
11.9846 	WARNING 	Multiple dropped frames have occurred - I'll stop bothering you about them!
12.0223 	EXP 	New trial (rep=2, index=0): None
12.0307 	EXP 	image_2: autoDraw = False
12.0307 	EXP 	fixation_2: autoDraw = False
12.0307 	EXP 	image_2: autoDraw = False
12.0307 	EXP 	fixation_2: autoDraw = False
12.0307 	EXP 	image: autoDraw = True
12.0307 	EXP 	fixation: autoDraw = True
12.1944 	EXP 	image: autoDraw = False
12.1944 	EXP 	fixation: autoDraw = False
12.1944 	EXP 	image: autoDraw = False
12.1944 	EXP 	fixation: autoDraw = False
12.1944 	EXP 	image_2: autoDraw = True
12.1944 	EXP 	fixation_2: autoDraw = True
12.3533 	EXP 	New trial (rep=3, index=0): None
12.3668 	EXP 	image_2: autoDraw = False
12.3668 	EXP 	fixation_2: autoDraw = False
12.3668 	EXP 	image_2: autoDraw = False
12.3668 	EXP 	fixation_2: autoDraw = False
12.3668 	EXP 	image: autoDraw = True
12.3668 	EXP 	fixation: autoDraw = True
12.5355 	EXP 	image: autoDraw = False
12.5355 	EXP 	fixation: autoDraw = False
12.5355 	EXP 	image: autoDraw = False
12.5355 	EXP 	fixation: autoDraw = False
12.5355 	EXP 	image_2: autoDraw = True
12.5355 	EXP 	fixation_2: autoDraw = True
12.6887 	EXP 	New trial (rep=4, index=0): None
12.7017 	EXP 	image_2: autoDraw = False
12.7017 	EXP 	fixation_2: autoDraw = False
12.7017 	EXP 	image_2: autoDraw = False
12.7017 	EXP 	fixation_2: autoDraw = False
12.7017 	EXP 	image: autoDraw = True
12.7017 	EXP 	fixation: autoDraw = True
12.8630 	EXP 	image: autoDraw = False
12.8630 	EXP 	fixation: autoDraw = False
12.8630 	EXP 	image: autoDraw = False
12.8630 	EXP 	fixation: autoDraw = False
12.8630 	EXP 	image_2: autoDraw = True
12.8630 	EXP 	fixation_2: autoDraw = True
13.0237 	EXP 	New trial (rep=5, index=0): None
13.0334 	EXP 	image_2: autoDraw = False
13.0334 	EXP 	fixation_2: autoDraw = False
13.0334 	EXP 	image_2: autoDraw = False
13.0334 	EXP 	fixation_2: autoDraw = False
13.0334 	EXP 	image: autoDraw = True
13.0334 	EXP 	fixation: autoDraw = True
13.2037 	EXP 	image: autoDraw = False
13.2037 	EXP 	fixation: autoDraw = False
13.2037 	EXP 	image: autoDraw = False
13.2037 	EXP 	fixation: autoDraw = False
13.2037 	EXP 	image_2: autoDraw = True
13.2037 	EXP 	fixation_2: autoDraw = True
13.3536 	EXP 	New trial (rep=6, index=0): None
13.3627 	EXP 	image_2: autoDraw = False
13.3627 	EXP 	fixation_2: autoDraw = False
13.3627 	EXP 	image_2: autoDraw = False
13.3627 	EXP 	fixation_2: autoDraw = False
13.3627 	EXP 	image: autoDraw = True
13.3627 	EXP 	fixation: autoDraw = True
13.5255 	EXP 	image: autoDraw = False
13.5255 	EXP 	fixation: autoDraw = False
13.5255 	EXP 	image: autoDraw = False
13.5255 	EXP 	fixation: autoDraw = False
13.5255 	EXP 	image_2: autoDraw = True
13.5255 	EXP 	fixation_2: autoDraw = True
13.6753 	EXP 	New trial (rep=7, index=0): None
13.6875 	EXP 	image_2: autoDraw = False
13.6875 	EXP 	fixation_2: autoDraw = False
13.6875 	EXP 	image_2: autoDraw = False
13.6875 	EXP 	fixation_2: autoDraw = False
13.6875 	EXP 	image: autoDraw = True
13.6875 	EXP 	fixation: autoDraw = True
13.8541 	EXP 	image: autoDraw = False
13.8541 	EXP 	fixation: autoDraw = False
13.8541 	EXP 	image: autoDraw = False
13.8541 	EXP 	fixation: autoDraw = False
13.8541 	EXP 	image_2: autoDraw = True
13.8541 	EXP 	fixation_2: autoDraw = True
14.0080 	EXP 	New trial (rep=8, index=0): None
14.0175 	EXP 	image_2: autoDraw = False
14.0175 	EXP 	fixation_2: autoDraw = False
14.0175 	EXP 	image_2: autoDraw = False
14.0175 	EXP 	fixation_2: autoDraw = False
14.0175 	EXP 	image: autoDraw = True
14.0175 	EXP 	fixation: autoDraw = True
14.1900 	EXP 	image: autoDraw = False
14.1900 	EXP 	fixation: autoDraw = False
14.1900 	EXP 	image: autoDraw = False
14.1900 	EXP 	fixation: autoDraw = False
14.1900 	EXP 	image_2: autoDraw = True
14.1900 	EXP 	fixation_2: autoDraw = True
14.3501 	EXP 	New trial (rep=9, index=0): None
14.3630 	EXP 	image_2: autoDraw = False
14.3630 	EXP 	fixation_2: autoDraw = False
14.3630 	EXP 	image_2: autoDraw = False
14.3630 	EXP 	fixation_2: autoDraw = False
14.3630 	EXP 	image: autoDraw = True
14.3630 	EXP 	fixation: autoDraw = True
14.5283 	EXP 	image: autoDraw = False
14.5283 	EXP 	fixation: autoDraw = False
14.5283 	EXP 	image: autoDraw = False
14.5283 	EXP 	fixation: autoDraw = False
14.5283 	EXP 	image_2: autoDraw = True
14.5283 	EXP 	fixation_2: autoDraw = True
14.6824 	EXP 	New trial (rep=10, index=0): None
14.6955 	EXP 	image_2: autoDraw = False
14.6955 	EXP 	fixation_2: autoDraw = False
14.6955 	EXP 	image_2: autoDraw = False
14.6955 	EXP 	fixation_2: autoDraw = False
14.6955 	EXP 	image: autoDraw = True
14.6955 	EXP 	fixation: autoDraw = True
14.8570 	EXP 	image: autoDraw = False
14.8570 	EXP 	fixation: autoDraw = False
14.8570 	EXP 	image: autoDraw = False
14.8570 	EXP 	fixation: autoDraw = False
14.8570 	EXP 	image_2: autoDraw = True
14.8570 	EXP 	fixation_2: autoDraw = True
15.0178 	EXP 	New trial (rep=11, index=0): None
15.0263 	EXP 	image_2: autoDraw = False
15.0263 	EXP 	fixation_2: autoDraw = False
15.0263 	EXP 	image_2: autoDraw = False
15.0263 	EXP 	fixation_2: autoDraw = False
15.0263 	EXP 	image: autoDraw = True
15.0263 	EXP 	fixation: autoDraw = True
15.1896 	EXP 	image: autoDraw = False
15.1896 	EXP 	fixation: autoDraw = False
15.1896 	EXP 	image: autoDraw = False
15.1896 	EXP 	fixation: autoDraw = False
15.1896 	EXP 	image_2: autoDraw = True
15.1896 	EXP 	fixation_2: autoDraw = True
15.3473 	EXP 	New trial (rep=12, index=0): None
15.3589 	EXP 	image_2: autoDraw = False
15.3589 	EXP 	fixation_2: autoDraw = False
15.3589 	EXP 	image_2: autoDraw = False
15.3589 	EXP 	fixation_2: autoDraw = False
15.3589 	EXP 	image: autoDraw = True
15.3589 	EXP 	fixation: autoDraw = True
15.5200 	EXP 	image: autoDraw = False
15.5200 	EXP 	fixation: autoDraw = False
15.5200 	EXP 	image: autoDraw = False
15.5200 	EXP 	fixation: autoDraw = False
15.5200 	EXP 	image_2: autoDraw = True
15.5200 	EXP 	fixation_2: autoDraw = True
15.6783 	EXP 	New trial (rep=13, index=0): None
15.6877 	EXP 	image_2: autoDraw = False
15.6877 	EXP 	fixation_2: autoDraw = False
15.6877 	EXP 	image_2: autoDraw = False
15.6877 	EXP 	fixation_2: autoDraw = False
15.6877 	EXP 	image: autoDraw = True
15.6877 	EXP 	fixation: autoDraw = True
15.8625 	EXP 	image: autoDraw = False
15.8625 	EXP 	fixation: autoDraw = False
15.8625 	EXP 	image: autoDraw = False
15.8625 	EXP 	fixation: autoDraw = False
15.8625 	EXP 	image_2: autoDraw = True
15.8625 	EXP 	fixation_2: autoDraw = True
16.0185 	EXP 	New trial (rep=14, index=0): None
16.0276 	EXP 	image_2: autoDraw = False
16.0276 	EXP 	fixation_2: autoDraw = False
16.0276 	EXP 	image_2: autoDraw = False
16.0276 	EXP 	fixation_2: autoDraw = False
16.0276 	EXP 	image: autoDraw = True
16.0276 	EXP 	fixation: autoDraw = True
16.1862 	EXP 	image: autoDraw = False
16.1862 	EXP 	fixation: autoDraw = False
16.1862 	EXP 	image: autoDraw = False
16.1862 	EXP 	fixation: autoDraw = False
16.1862 	EXP 	image_2: autoDraw = True
16.1862 	EXP 	fixation_2: autoDraw = True
16.3421 	EXP 	New trial (rep=15, index=0): None
16.3524 	EXP 	image_2: autoDraw = False
16.3524 	EXP 	fixation_2: autoDraw = False
16.3524 	EXP 	image_2: autoDraw = False
16.3524 	EXP 	fixation_2: autoDraw = False
16.3524 	EXP 	image: autoDraw = True
16.3524 	EXP 	fixation: autoDraw = True
16.5124 	EXP 	image: autoDraw = False
16.5124 	EXP 	fixation: autoDraw = False
16.5124 	EXP 	image: autoDraw = False
16.5124 	EXP 	fixation: autoDraw = False
16.5124 	EXP 	image_2: autoDraw = True
16.5124 	EXP 	fixation_2: autoDraw = True
16.6635 	EXP 	New trial (rep=16, index=0): None
16.6851 	EXP 	image_2: autoDraw = False
16.6851 	EXP 	fixation_2: autoDraw = False
16.6851 	EXP 	image_2: autoDraw = False
16.6851 	EXP 	fixation_2: autoDraw = False
16.6851 	EXP 	image: autoDraw = True
16.6851 	EXP 	fixation: autoDraw = True
16.8442 	EXP 	image: autoDraw = False
16.8442 	EXP 	fixation: autoDraw = False
16.8442 	EXP 	image: autoDraw = False
16.8442 	EXP 	fixation: autoDraw = False
16.8442 	EXP 	image_2: autoDraw = True
16.8442 	EXP 	fixation_2: autoDraw = True
16.9986 	EXP 	New trial (rep=17, index=0): None
17.0110 	EXP 	image_2: autoDraw = False
17.0110 	EXP 	fixation_2: autoDraw = False
17.0110 	EXP 	image_2: autoDraw = False
17.0110 	EXP 	fixation_2: autoDraw = False
17.0110 	EXP 	image: autoDraw = True
17.0110 	EXP 	fixation: autoDraw = True
17.1727 	EXP 	image: autoDraw = False
17.1727 	EXP 	fixation: autoDraw = False
17.1727 	EXP 	image: autoDraw = False
17.1727 	EXP 	fixation: autoDraw = False
17.1727 	EXP 	image_2: autoDraw = True
17.1727 	EXP 	fixation_2: autoDraw = True
17.3260 	EXP 	New trial (rep=18, index=0): None
17.3356 	EXP 	image_2: autoDraw = False
17.3356 	EXP 	fixation_2: autoDraw = False
17.3356 	EXP 	image_2: autoDraw = False
17.3356 	EXP 	fixation_2: autoDraw = False
17.3356 	EXP 	image: autoDraw = True
17.3356 	EXP 	fixation: autoDraw = True
17.5022 	EXP 	image: autoDraw = False
17.5022 	EXP 	fixation: autoDraw = False
17.5022 	EXP 	image: autoDraw = False
17.5022 	EXP 	fixation: autoDraw = False
17.5022 	EXP 	image_2: autoDraw = True
17.5022 	EXP 	fixation_2: autoDraw = True
17.6607 	EXP 	New trial (rep=19, index=0): None
17.6703 	EXP 	image_2: autoDraw = False
17.6703 	EXP 	fixation_2: autoDraw = False
17.6703 	EXP 	image_2: autoDraw = False
17.6703 	EXP 	fixation_2: autoDraw = False
17.6703 	EXP 	image: autoDraw = True
17.6703 	EXP 	fixation: autoDraw = True
17.8521 	EXP 	image: autoDraw = False
17.8521 	EXP 	fixation: autoDraw = False
17.8521 	EXP 	image: autoDraw = False
17.8521 	EXP 	fixation: autoDraw = False
17.8521 	EXP 	image_2: autoDraw = True
17.8521 	EXP 	fixation_2: autoDraw = True
18.0070 	EXP 	New trial (rep=20, index=0): None
18.0153 	EXP 	image_2: autoDraw = False
18.0153 	EXP 	fixation_2: autoDraw = False
18.0153 	EXP 	image_2: autoDraw = False
18.0153 	EXP 	fixation_2: autoDraw = False
18.0153 	EXP 	image: autoDraw = True
18.0153 	EXP 	fixation: autoDraw = True
18.1816 	EXP 	image: autoDraw = False
18.1816 	EXP 	fixation: autoDraw = False
18.1816 	EXP 	image: autoDraw = False
18.1816 	EXP 	fixation: autoDraw = False
18.1816 	EXP 	image_2: autoDraw = True
18.1816 	EXP 	fixation_2: autoDraw = True
18.3356 	EXP 	New trial (rep=21, index=0): None
18.3440 	EXP 	image_2: autoDraw = False
18.3440 	EXP 	fixation_2: autoDraw = False
18.3440 	EXP 	image_2: autoDraw = False
18.3440 	EXP 	fixation_2: autoDraw = False
18.3440 	EXP 	image: autoDraw = True
18.3440 	EXP 	fixation: autoDraw = True
18.5047 	EXP 	image: autoDraw = False
18.5047 	EXP 	fixation: autoDraw = False
18.5047 	EXP 	image: autoDraw = False
18.5047 	EXP 	fixation: autoDraw = False
18.5047 	EXP 	image_2: autoDraw = True
18.5047 	EXP 	fixation_2: autoDraw = True
18.6628 	EXP 	New trial (rep=22, index=0): None
18.6712 	EXP 	image_2: autoDraw = False
18.6712 	EXP 	fixation_2: autoDraw = False
18.6712 	EXP 	image_2: autoDraw = False
18.6712 	EXP 	fixation_2: autoDraw = False
18.6712 	EXP 	image: autoDraw = True
18.6712 	EXP 	fixation: autoDraw = True
18.8405 	EXP 	image: autoDraw = False
18.8405 	EXP 	fixation: autoDraw = False
18.8405 	EXP 	image: autoDraw = False
18.8405 	EXP 	fixation: autoDraw = False
18.8405 	EXP 	image_2: autoDraw = True
18.8405 	EXP 	fixation_2: autoDraw = True
19.0004 	EXP 	New trial (rep=23, index=0): None
19.0097 	EXP 	image_2: autoDraw = False
19.0097 	EXP 	fixation_2: autoDraw = False
19.0097 	EXP 	image_2: autoDraw = False
19.0097 	EXP 	fixation_2: autoDraw = False
19.0097 	EXP 	image: autoDraw = True
19.0097 	EXP 	fixation: autoDraw = True
19.1738 	EXP 	image: autoDraw = False
19.1738 	EXP 	fixation: autoDraw = False
19.1738 	EXP 	image: autoDraw = False
19.1738 	EXP 	fixation: autoDraw = False
19.1738 	EXP 	image_2: autoDraw = True
19.1738 	EXP 	fixation_2: autoDraw = True
19.3271 	EXP 	New trial (rep=24, index=0): None
19.3366 	EXP 	image_2: autoDraw = False
19.3366 	EXP 	fixation_2: autoDraw = False
19.3366 	EXP 	image_2: autoDraw = False
19.3366 	EXP 	fixation_2: autoDraw = False
19.3366 	EXP 	image: autoDraw = True
19.3366 	EXP 	fixation: autoDraw = True
19.4961 	EXP 	image: autoDraw = False
19.4961 	EXP 	fixation: autoDraw = False
19.4961 	EXP 	image: autoDraw = False
19.4961 	EXP 	fixation: autoDraw = False
19.4961 	EXP 	image_2: autoDraw = True
19.4961 	EXP 	fixation_2: autoDraw = True
19.6547 	EXP 	New trial (rep=25, index=0): None
19.6685 	EXP 	image_2: autoDraw = False
19.6685 	EXP 	fixation_2: autoDraw = False
19.6685 	EXP 	image_2: autoDraw = False
19.6685 	EXP 	fixation_2: autoDraw = False
19.6685 	EXP 	image: autoDraw = True
19.6685 	EXP 	fixation: autoDraw = True
19.8348 	EXP 	image: autoDraw = False
19.8348 	EXP 	fixation: autoDraw = False
19.8348 	EXP 	image: autoDraw = False
19.8348 	EXP 	fixation: autoDraw = False
19.8348 	EXP 	image_2: autoDraw = True
19.8348 	EXP 	fixation_2: autoDraw = True
19.9871 	EXP 	New trial (rep=26, index=0): None
20.0021 	EXP 	image_2: autoDraw = False
20.0021 	EXP 	fixation_2: autoDraw = False
20.0021 	EXP 	image_2: autoDraw = False
20.0021 	EXP 	fixation_2: autoDraw = False
20.0021 	EXP 	image: autoDraw = True
20.0021 	EXP 	fixation: autoDraw = True
20.1654 	EXP 	image: autoDraw = False
20.1654 	EXP 	fixation: autoDraw = False
20.1654 	EXP 	image: autoDraw = False
20.1654 	EXP 	fixation: autoDraw = False
20.1654 	EXP 	image_2: autoDraw = True
20.1654 	EXP 	fixation_2: autoDraw = True
20.3225 	EXP 	New trial (rep=27, index=0): None
20.3352 	EXP 	image_2: autoDraw = False
20.3352 	EXP 	fixation_2: autoDraw = False
20.3352 	EXP 	image_2: autoDraw = False
20.3352 	EXP 	fixation_2: autoDraw = False
20.3352 	EXP 	image: autoDraw = True
20.3352 	EXP 	fixation: autoDraw = True
20.5017 	EXP 	image: autoDraw = False
20.5017 	EXP 	fixation: autoDraw = False
20.5017 	EXP 	image: autoDraw = False
20.5017 	EXP 	fixation: autoDraw = False
20.5017 	EXP 	image_2: autoDraw = True
20.5017 	EXP 	fixation_2: autoDraw = True
20.6552 	EXP 	New trial (rep=28, index=0): None
20.6637 	EXP 	image_2: autoDraw = False
20.6637 	EXP 	fixation_2: autoDraw = False
20.6637 	EXP 	image_2: autoDraw = False
20.6637 	EXP 	fixation_2: autoDraw = False
20.6637 	EXP 	image: autoDraw = True
20.6637 	EXP 	fixation: autoDraw = True
20.8230 	EXP 	image: autoDraw = False
20.8230 	EXP 	fixation: autoDraw = False
20.8230 	EXP 	image: autoDraw = False
20.8230 	EXP 	fixation: autoDraw = False
20.8230 	EXP 	image_2: autoDraw = True
20.8230 	EXP 	fixation_2: autoDraw = True
20.9759 	EXP 	New trial (rep=29, index=0): None
20.9850 	EXP 	image_2: autoDraw = False
20.9850 	EXP 	fixation_2: autoDraw = False
20.9850 	EXP 	image_2: autoDraw = False
20.9850 	EXP 	fixation_2: autoDraw = False
20.9850 	EXP 	image: autoDraw = True
20.9850 	EXP 	fixation: autoDraw = True
21.1463 	EXP 	image: autoDraw = False
21.1463 	EXP 	fixation: autoDraw = False
21.1463 	EXP 	image: autoDraw = False
21.1463 	EXP 	fixation: autoDraw = False
21.1463 	EXP 	image_2: autoDraw = True
21.1463 	EXP 	fixation_2: autoDraw = True
21.2976 	EXP 	New trial (rep=30, index=0): None
21.3106 	EXP 	image_2: autoDraw = False
21.3106 	EXP 	fixation_2: autoDraw = False
21.3106 	EXP 	image_2: autoDraw = False
21.3106 	EXP 	fixation_2: autoDraw = False
21.3106 	EXP 	image: autoDraw = True
21.3106 	EXP 	fixation: autoDraw = True
21.4705 	EXP 	image: autoDraw = False
21.4705 	EXP 	fixation: autoDraw = False
21.4705 	EXP 	image: autoDraw = False
21.4705 	EXP 	fixation: autoDraw = False
21.4705 	EXP 	image_2: autoDraw = True
21.4705 	EXP 	fixation_2: autoDraw = True
21.6276 	EXP 	New trial (rep=31, index=0): None
21.6357 	EXP 	image_2: autoDraw = False
21.6357 	EXP 	fixation_2: autoDraw = False
21.6357 	EXP 	image_2: autoDraw = False
21.6357 	EXP 	fixation_2: autoDraw = False
21.6357 	EXP 	image: autoDraw = True
21.6357 	EXP 	fixation: autoDraw = True
21.8035 	EXP 	image: autoDraw = False
21.8035 	EXP 	fixation: autoDraw = False
21.8035 	EXP 	image: autoDraw = False
21.8035 	EXP 	fixation: autoDraw = False
21.8035 	EXP 	image_2: autoDraw = True
21.8035 	EXP 	fixation_2: autoDraw = True
21.9547 	EXP 	New trial (rep=32, index=0): None
21.9670 	EXP 	image_2: autoDraw = False
21.9670 	EXP 	fixation_2: autoDraw = False
21.9670 	EXP 	image_2: autoDraw = False
21.9670 	EXP 	fixation_2: autoDraw = False
21.9670 	EXP 	image: autoDraw = True
21.9670 	EXP 	fixation: autoDraw = True
22.1298 	EXP 	image: autoDraw = False
22.1298 	EXP 	fixation: autoDraw = False
22.1298 	EXP 	image: autoDraw = False
22.1298 	EXP 	fixation: autoDraw = False
22.1298 	EXP 	image_2: autoDraw = True
22.1298 	EXP 	fixation_2: autoDraw = True
22.2794 	EXP 	New trial (rep=33, index=0): None
22.2913 	EXP 	image_2: autoDraw = False
22.2913 	EXP 	fixation_2: autoDraw = False
22.2913 	EXP 	image_2: autoDraw = False
22.2913 	EXP 	fixation_2: autoDraw = False
22.2913 	EXP 	image: autoDraw = True
22.2913 	EXP 	fixation: autoDraw = True
22.4514 	EXP 	image: autoDraw = False
22.4514 	EXP 	fixation: autoDraw = False
22.4514 	EXP 	image: autoDraw = False
22.4514 	EXP 	fixation: autoDraw = False
22.4514 	EXP 	image_2: autoDraw = True
22.4514 	EXP 	fixation_2: autoDraw = True
22.6094 	EXP 	New trial (rep=34, index=0): None
22.6191 	EXP 	image_2: autoDraw = False
22.6191 	EXP 	fixation_2: autoDraw = False
22.6191 	EXP 	image_2: autoDraw = False
22.6191 	EXP 	fixation_2: autoDraw = False
22.6191 	EXP 	image: autoDraw = True
22.6191 	EXP 	fixation: autoDraw = True
22.7862 	EXP 	image: autoDraw = False
22.7862 	EXP 	fixation: autoDraw = False
22.7862 	EXP 	image: autoDraw = False
22.7862 	EXP 	fixation: autoDraw = False
22.7862 	EXP 	image_2: autoDraw = True
22.7862 	EXP 	fixation_2: autoDraw = True
22.9393 	EXP 	New trial (rep=35, index=0): None
22.9487 	EXP 	image_2: autoDraw = False
22.9487 	EXP 	fixation_2: autoDraw = False
22.9487 	EXP 	image_2: autoDraw = False
22.9487 	EXP 	fixation_2: autoDraw = False
22.9487 	EXP 	image: autoDraw = True
22.9487 	EXP 	fixation: autoDraw = True
23.1077 	EXP 	image: autoDraw = False
23.1077 	EXP 	fixation: autoDraw = False
23.1077 	EXP 	image: autoDraw = False
23.1077 	EXP 	fixation: autoDraw = False
23.1077 	EXP 	image_2: autoDraw = True
23.1077 	EXP 	fixation_2: autoDraw = True
23.2584 	EXP 	New trial (rep=36, index=0): None
23.2679 	EXP 	image_2: autoDraw = False
23.2679 	EXP 	fixation_2: autoDraw = False
23.2679 	EXP 	image_2: autoDraw = False
23.2679 	EXP 	fixation_2: autoDraw = False
23.2679 	EXP 	image: autoDraw = True
23.2679 	EXP 	fixation: autoDraw = True
23.4340 	EXP 	image: autoDraw = False
23.4340 	EXP 	fixation: autoDraw = False
23.4340 	EXP 	image: autoDraw = False
23.4340 	EXP 	fixation: autoDraw = False
23.4340 	EXP 	image_2: autoDraw = True
23.4340 	EXP 	fixation_2: autoDraw = True
23.5881 	EXP 	New trial (rep=37, index=0): None
23.5971 	EXP 	image_2: autoDraw = False
23.5971 	EXP 	fixation_2: autoDraw = False
23.5971 	EXP 	image_2: autoDraw = False
23.5971 	EXP 	fixation_2: autoDraw = False
23.5971 	EXP 	image: autoDraw = True
23.5971 	EXP 	fixation: autoDraw = True
23.7683 	EXP 	image: autoDraw = False
23.7683 	EXP 	fixation: autoDraw = False
23.7683 	EXP 	image: autoDraw = False
23.7683 	EXP 	fixation: autoDraw = False
23.7683 	EXP 	image_2: autoDraw = True
23.7683 	EXP 	fixation_2: autoDraw = True
23.9203 	EXP 	New trial (rep=38, index=0): None
23.9352 	EXP 	image_2: autoDraw = False
23.9352 	EXP 	fixation_2: autoDraw = False
23.9352 	EXP 	image_2: autoDraw = False
23.9352 	EXP 	fixation_2: autoDraw = False
23.9352 	EXP 	image: autoDraw = True
23.9352 	EXP 	fixation: autoDraw = True
24.0963 	EXP 	image: autoDraw = False
24.0963 	EXP 	fixation: autoDraw = False
24.0963 	EXP 	image: autoDraw = False
24.0963 	EXP 	fixation: autoDraw = False
24.0963 	EXP 	image_2: autoDraw = True
24.0963 	EXP 	fixation_2: autoDraw = True
24.2471 	EXP 	New trial (rep=39, index=0): None
24.2683 	EXP 	image_2: autoDraw = False
24.2683 	EXP 	fixation_2: autoDraw = False
24.2683 	EXP 	image_2: autoDraw = False
24.2683 	EXP 	fixation_2: autoDraw = False
24.2683 	EXP 	image: autoDraw = True
24.2683 	EXP 	fixation: autoDraw = True
24.4362 	EXP 	image: autoDraw = False
24.4362 	EXP 	fixation: autoDraw = False
24.4362 	EXP 	image: autoDraw = False
24.4362 	EXP 	fixation: autoDraw = False
24.4362 	EXP 	image_2: autoDraw = True
24.4362 	EXP 	fixation_2: autoDraw = True
24.5908 	EXP 	New trial (rep=40, index=0): None
24.6016 	EXP 	image_2: autoDraw = False
24.6016 	EXP 	fixation_2: autoDraw = False
24.6016 	EXP 	image_2: autoDraw = False
24.6016 	EXP 	fixation_2: autoDraw = False
24.6016 	EXP 	image: autoDraw = True
24.6016 	EXP 	fixation: autoDraw = True
24.7617 	EXP 	image: autoDraw = False
24.7617 	EXP 	fixation: autoDraw = False
24.7617 	EXP 	image: autoDraw = False
24.7617 	EXP 	fixation: autoDraw = False
24.7617 	EXP 	image_2: autoDraw = True
24.7617 	EXP 	fixation_2: autoDraw = True
24.9139 	EXP 	New trial (rep=41, index=0): None
24.9247 	EXP 	image_2: autoDraw = False
24.9247 	EXP 	fixation_2: autoDraw = False
24.9247 	EXP 	image_2: autoDraw = False
24.9247 	EXP 	fixation_2: autoDraw = False
24.9247 	EXP 	image: autoDraw = True
24.9247 	EXP 	fixation: autoDraw = True
25.0880 	EXP 	image: autoDraw = False
25.0880 	EXP 	fixation: autoDraw = False
25.0880 	EXP 	image: autoDraw = False
25.0880 	EXP 	fixation: autoDraw = False
25.0880 	EXP 	image_2: autoDraw = True
25.0880 	EXP 	fixation_2: autoDraw = True
25.2540 	EXP 	New trial (rep=42, index=0): None
25.2654 	EXP 	image_2: autoDraw = False
25.2654 	EXP 	fixation_2: autoDraw = False
25.2654 	EXP 	image_2: autoDraw = False
25.2654 	EXP 	fixation_2: autoDraw = False
25.2654 	EXP 	image: autoDraw = True
25.2654 	EXP 	fixation: autoDraw = True
25.4304 	EXP 	image: autoDraw = False
25.4304 	EXP 	fixation: autoDraw = False
25.4304 	EXP 	image: autoDraw = False
25.4304 	EXP 	fixation: autoDraw = False
25.4304 	EXP 	image_2: autoDraw = True
25.4304 	EXP 	fixation_2: autoDraw = True
25.5809 	EXP 	New trial (rep=43, index=0): None
25.5937 	EXP 	image_2: autoDraw = False
25.5937 	EXP 	fixation_2: autoDraw = False
25.5937 	EXP 	image_2: autoDraw = False
25.5937 	EXP 	fixation_2: autoDraw = False
25.5937 	EXP 	image: autoDraw = True
25.5937 	EXP 	fixation: autoDraw = True
25.7527 	EXP 	image: autoDraw = False
25.7527 	EXP 	fixation: autoDraw = False
25.7527 	EXP 	image: autoDraw = False
25.7527 	EXP 	fixation: autoDraw = False
25.7527 	EXP 	image_2: autoDraw = True
25.7527 	EXP 	fixation_2: autoDraw = True
25.9036 	EXP 	New trial (rep=44, index=0): None
25.9191 	EXP 	image_2: autoDraw = False
25.9191 	EXP 	fixation_2: autoDraw = False
25.9191 	EXP 	image_2: autoDraw = False
25.9191 	EXP 	fixation_2: autoDraw = False
25.9191 	EXP 	image: autoDraw = True
25.9191 	EXP 	fixation: autoDraw = True
26.0811 	EXP 	image: autoDraw = False
26.0811 	EXP 	fixation: autoDraw = False
26.0811 	EXP 	image: autoDraw = False
26.0811 	EXP 	fixation: autoDraw = False
26.0811 	EXP 	image_2: autoDraw = True
26.0811 	EXP 	fixation_2: autoDraw = True
26.2400 	EXP 	New trial (rep=45, index=0): None
26.2481 	EXP 	image_2: autoDraw = False
26.2481 	EXP 	fixation_2: autoDraw = False
26.2481 	EXP 	image_2: autoDraw = False
26.2481 	EXP 	fixation_2: autoDraw = False
26.2481 	EXP 	image: autoDraw = True
26.2481 	EXP 	fixation: autoDraw = True
26.4195 	EXP 	image: autoDraw = False
26.4195 	EXP 	fixation: autoDraw = False
26.4195 	EXP 	image: autoDraw = False
26.4195 	EXP 	fixation: autoDraw = False
26.4195 	EXP 	image_2: autoDraw = True
26.4195 	EXP 	fixation_2: autoDraw = True
26.5709 	EXP 	New trial (rep=46, index=0): None
26.5793 	EXP 	image_2: autoDraw = False
26.5793 	EXP 	fixation_2: autoDraw = False
26.5793 	EXP 	image_2: autoDraw = False
26.5793 	EXP 	fixation_2: autoDraw = False
26.5793 	EXP 	image: autoDraw = True
26.5793 	EXP 	fixation: autoDraw = True
26.7461 	EXP 	image: autoDraw = False
26.7461 	EXP 	fixation: autoDraw = False
26.7461 	EXP 	image: autoDraw = False
26.7461 	EXP 	fixation: autoDraw = False
26.7461 	EXP 	image_2: autoDraw = True
26.7461 	EXP 	fixation_2: autoDraw = True
26.9051 	EXP 	New trial (rep=47, index=0): None
26.9149 	EXP 	image_2: autoDraw = False
26.9149 	EXP 	fixation_2: autoDraw = False
26.9149 	EXP 	image_2: autoDraw = False
26.9149 	EXP 	fixation_2: autoDraw = False
26.9149 	EXP 	image: autoDraw = True
26.9149 	EXP 	fixation: autoDraw = True
27.0797 	EXP 	image: autoDraw = False
27.0797 	EXP 	fixation: autoDraw = False
27.0797 	EXP 	image: autoDraw = False
27.0797 	EXP 	fixation: autoDraw = False
27.0797 	EXP 	image_2: autoDraw = True
27.0797 	EXP 	fixation_2: autoDraw = True
27.2324 	EXP 	New trial (rep=48, index=0): None
27.2410 	EXP 	image_2: autoDraw = False
27.2410 	EXP 	fixation_2: autoDraw = False
27.2410 	EXP 	image_2: autoDraw = False
27.2410 	EXP 	fixation_2: autoDraw = False
27.2410 	EXP 	image: autoDraw = True
27.2410 	EXP 	fixation: autoDraw = True
27.4038 	EXP 	image: autoDraw = False
27.4038 	EXP 	fixation: autoDraw = False
27.4038 	EXP 	image: autoDraw = False
27.4038 	EXP 	fixation: autoDraw = False
27.4038 	EXP 	image_2: autoDraw = True
27.4038 	EXP 	fixation_2: autoDraw = True
27.5596 	EXP 	New trial (rep=49, index=0): None
27.5698 	EXP 	image_2: autoDraw = False
27.5698 	EXP 	fixation_2: autoDraw = False
27.5698 	EXP 	image_2: autoDraw = False
27.5698 	EXP 	fixation_2: autoDraw = False
27.5698 	EXP 	image: autoDraw = True
27.5698 	EXP 	fixation: autoDraw = True
27.7300 	EXP 	image: autoDraw = False
27.7300 	EXP 	fixation: autoDraw = False
27.7300 	EXP 	image: autoDraw = False
27.7300 	EXP 	fixation: autoDraw = False
27.7300 	EXP 	image_2: autoDraw = True
27.7300 	EXP 	fixation_2: autoDraw = True
27.8908 	EXP 	New trial (rep=50, index=0): None
27.9044 	EXP 	image_2: autoDraw = False
27.9044 	EXP 	fixation_2: autoDraw = False
27.9044 	EXP 	image_2: autoDraw = False
27.9044 	EXP 	fixation_2: autoDraw = False
27.9044 	EXP 	image: autoDraw = True
27.9044 	EXP 	fixation: autoDraw = True
28.0851 	EXP 	image: autoDraw = False
28.0851 	EXP 	fixation: autoDraw = False
28.0851 	EXP 	image: autoDraw = False
28.0851 	EXP 	fixation: autoDraw = False
28.0851 	EXP 	image_2: autoDraw = True
28.0851 	EXP 	fixation_2: autoDraw = True
28.2415 	EXP 	New trial (rep=51, index=0): None
28.2545 	EXP 	image_2: autoDraw = False
28.2545 	EXP 	fixation_2: autoDraw = False
28.2545 	EXP 	image_2: autoDraw = False
28.2545 	EXP 	fixation_2: autoDraw = False
28.2545 	EXP 	image: autoDraw = True
28.2545 	EXP 	fixation: autoDraw = True
28.4247 	EXP 	image: autoDraw = False
28.4247 	EXP 	fixation: autoDraw = False
28.4247 	EXP 	image: autoDraw = False
28.4247 	EXP 	fixation: autoDraw = False
28.4247 	EXP 	image_2: autoDraw = True
28.4247 	EXP 	fixation_2: autoDraw = True
28.5826 	EXP 	New trial (rep=52, index=0): None
28.5937 	EXP 	image_2: autoDraw = False
28.5937 	EXP 	fixation_2: autoDraw = False
28.5937 	EXP 	image_2: autoDraw = False
28.5937 	EXP 	fixation_2: autoDraw = False
28.5937 	EXP 	image: autoDraw = True
28.5937 	EXP 	fixation: autoDraw = True
28.7573 	EXP 	image: autoDraw = False
28.7573 	EXP 	fixation: autoDraw = False
28.7573 	EXP 	image: autoDraw = False
28.7573 	EXP 	fixation: autoDraw = False
28.7573 	EXP 	image_2: autoDraw = True
28.7573 	EXP 	fixation_2: autoDraw = True
28.9112 	EXP 	New trial (rep=53, index=0): None
28.9224 	EXP 	image_2: autoDraw = False
28.9224 	EXP 	fixation_2: autoDraw = False
28.9224 	EXP 	image_2: autoDraw = False
28.9224 	EXP 	fixation_2: autoDraw = False
28.9224 	EXP 	image: autoDraw = True
28.9224 	EXP 	fixation: autoDraw = True
29.0849 	EXP 	image: autoDraw = False
29.0849 	EXP 	fixation: autoDraw = False
29.0849 	EXP 	image: autoDraw = False
29.0849 	EXP 	fixation: autoDraw = False
29.0849 	EXP 	image_2: autoDraw = True
29.0849 	EXP 	fixation_2: autoDraw = True
29.2375 	EXP 	New trial (rep=54, index=0): None
29.2460 	EXP 	image_2: autoDraw = False
29.2460 	EXP 	fixation_2: autoDraw = False
29.2460 	EXP 	image_2: autoDraw = False
29.2460 	EXP 	fixation_2: autoDraw = False
29.2460 	EXP 	image: autoDraw = True
29.2460 	EXP 	fixation: autoDraw = True
29.4144 	EXP 	image: autoDraw = False
29.4144 	EXP 	fixation: autoDraw = False
29.4144 	EXP 	image: autoDraw = False
29.4144 	EXP 	fixation: autoDraw = False
29.4144 	EXP 	image_2: autoDraw = True
29.4144 	EXP 	fixation_2: autoDraw = True
29.5713 	EXP 	New trial (rep=55, index=0): None
29.5800 	EXP 	image_2: autoDraw = False
29.5800 	EXP 	fixation_2: autoDraw = False
29.5800 	EXP 	image_2: autoDraw = False
29.5800 	EXP 	fixation_2: autoDraw = False
29.5800 	EXP 	image: autoDraw = True
29.5800 	EXP 	fixation: autoDraw = True
29.7521 	EXP 	image: autoDraw = False
29.7521 	EXP 	fixation: autoDraw = False
29.7521 	EXP 	image: autoDraw = False
29.7521 	EXP 	fixation: autoDraw = False
29.7521 	EXP 	image_2: autoDraw = True
29.7521 	EXP 	fixation_2: autoDraw = True
29.9038 	EXP 	New trial (rep=56, index=0): None
29.9185 	EXP 	image_2: autoDraw = False
29.9185 	EXP 	fixation_2: autoDraw = False
29.9185 	EXP 	image_2: autoDraw = False
29.9185 	EXP 	fixation_2: autoDraw = False
29.9185 	EXP 	image: autoDraw = True
29.9185 	EXP 	fixation: autoDraw = True
30.0852 	EXP 	image: autoDraw = False
30.0852 	EXP 	fixation: autoDraw = False
30.0852 	EXP 	image: autoDraw = False
30.0852 	EXP 	fixation: autoDraw = False
30.0852 	EXP 	image_2: autoDraw = True
30.0852 	EXP 	fixation_2: autoDraw = True
30.2397 	EXP 	New trial (rep=57, index=0): None
30.2485 	EXP 	image_2: autoDraw = False
30.2485 	EXP 	fixation_2: autoDraw = False
30.2485 	EXP 	image_2: autoDraw = False
30.2485 	EXP 	fixation_2: autoDraw = False
30.2485 	EXP 	image: autoDraw = True
30.2485 	EXP 	fixation: autoDraw = True
30.4138 	EXP 	image: autoDraw = False
30.4138 	EXP 	fixation: autoDraw = False
30.4138 	EXP 	image: autoDraw = False
30.4138 	EXP 	fixation: autoDraw = False
30.4138 	EXP 	image_2: autoDraw = True
30.4138 	EXP 	fixation_2: autoDraw = True
30.5678 	EXP 	New trial (rep=58, index=0): None
30.5762 	EXP 	image_2: autoDraw = False
30.5762 	EXP 	fixation_2: autoDraw = False
30.5762 	EXP 	image_2: autoDraw = False
30.5762 	EXP 	fixation_2: autoDraw = False
30.5762 	EXP 	image: autoDraw = True
30.5762 	EXP 	fixation: autoDraw = True
30.7393 	EXP 	image: autoDraw = False
30.7393 	EXP 	fixation: autoDraw = False
30.7393 	EXP 	image: autoDraw = False
30.7393 	EXP 	fixation: autoDraw = False
30.7393 	EXP 	image_2: autoDraw = True
30.7393 	EXP 	fixation_2: autoDraw = True
30.8929 	EXP 	New trial (rep=59, index=0): None
30.9049 	EXP 	image_2: autoDraw = False
30.9049 	EXP 	fixation_2: autoDraw = False
30.9049 	EXP 	image_2: autoDraw = False
30.9049 	EXP 	fixation_2: autoDraw = False
30.9049 	EXP 	image: autoDraw = True
30.9049 	EXP 	fixation: autoDraw = True
31.0691 	EXP 	image: autoDraw = False
31.0691 	EXP 	fixation: autoDraw = False
31.0691 	EXP 	image: autoDraw = False
31.0691 	EXP 	fixation: autoDraw = False
31.0691 	EXP 	image_2: autoDraw = True
31.0691 	EXP 	fixation_2: autoDraw = True
31.2208 	EXP 	New trial (rep=60, index=0): None
31.2311 	EXP 	image_2: autoDraw = False
31.2311 	EXP 	fixation_2: autoDraw = False
31.2311 	EXP 	image_2: autoDraw = False
31.2311 	EXP 	fixation_2: autoDraw = False
31.2311 	EXP 	image: autoDraw = True
31.2311 	EXP 	fixation: autoDraw = True
31.3922 	EXP 	image: autoDraw = False
31.3922 	EXP 	fixation: autoDraw = False
31.3922 	EXP 	image: autoDraw = False
31.3922 	EXP 	fixation: autoDraw = False
31.3922 	EXP 	image_2: autoDraw = True
31.3922 	EXP 	fixation_2: autoDraw = True
31.5552 	EXP 	New trial (rep=61, index=0): None
31.5686 	EXP 	image_2: autoDraw = False
31.5686 	EXP 	fixation_2: autoDraw = False
31.5686 	EXP 	image_2: autoDraw = False
31.5686 	EXP 	fixation_2: autoDraw = False
31.5686 	EXP 	image: autoDraw = True
31.5686 	EXP 	fixation: autoDraw = True
31.7257 	EXP 	image: autoDraw = False
31.7257 	EXP 	fixation: autoDraw = False
31.7257 	EXP 	image: autoDraw = False
31.7257 	EXP 	fixation: autoDraw = False
31.7257 	EXP 	image_2: autoDraw = True
31.7257 	EXP 	fixation_2: autoDraw = True
31.8860 	EXP 	New trial (rep=62, index=0): None
31.8950 	EXP 	image_2: autoDraw = False
31.8950 	EXP 	fixation_2: autoDraw = False
31.8950 	EXP 	image_2: autoDraw = False
31.8950 	EXP 	fixation_2: autoDraw = False
31.8950 	EXP 	image: autoDraw = True
31.8950 	EXP 	fixation: autoDraw = True
32.0582 	EXP 	image: autoDraw = False
32.0582 	EXP 	fixation: autoDraw = False
32.0582 	EXP 	image: autoDraw = False
32.0582 	EXP 	fixation: autoDraw = False
32.0582 	EXP 	image_2: autoDraw = True
32.0582 	EXP 	fixation_2: autoDraw = True
32.2177 	EXP 	New trial (rep=63, index=0): None
32.2293 	EXP 	image_2: autoDraw = False
32.2293 	EXP 	fixation_2: autoDraw = False
32.2293 	EXP 	image_2: autoDraw = False
32.2293 	EXP 	fixation_2: autoDraw = False
32.2293 	EXP 	image: autoDraw = True
32.2293 	EXP 	fixation: autoDraw = True
32.3879 	EXP 	image: autoDraw = False
32.3879 	EXP 	fixation: autoDraw = False
32.3879 	EXP 	image: autoDraw = False
32.3879 	EXP 	fixation: autoDraw = False
32.3879 	EXP 	image_2: autoDraw = True
32.3879 	EXP 	fixation_2: autoDraw = True
32.5462 	EXP 	New trial (rep=64, index=0): None
32.5569 	EXP 	image_2: autoDraw = False
32.5569 	EXP 	fixation_2: autoDraw = False
32.5569 	EXP 	image_2: autoDraw = False
32.5569 	EXP 	fixation_2: autoDraw = False
32.5569 	EXP 	image: autoDraw = True
32.5569 	EXP 	fixation: autoDraw = True
32.7184 	EXP 	image: autoDraw = False
32.7184 	EXP 	fixation: autoDraw = False
32.7184 	EXP 	image: autoDraw = False
32.7184 	EXP 	fixation: autoDraw = False
32.7184 	EXP 	image_2: autoDraw = True
32.7184 	EXP 	fixation_2: autoDraw = True
32.8710 	EXP 	New trial (rep=65, index=0): None
32.8810 	EXP 	image_2: autoDraw = False
32.8810 	EXP 	fixation_2: autoDraw = False
32.8810 	EXP 	image_2: autoDraw = False
32.8810 	EXP 	fixation_2: autoDraw = False
32.8810 	EXP 	image: autoDraw = True
32.8810 	EXP 	fixation: autoDraw = True
33.0407 	EXP 	image: autoDraw = False
33.0407 	EXP 	fixation: autoDraw = False
33.0407 	EXP 	image: autoDraw = False
33.0407 	EXP 	fixation: autoDraw = False
33.0407 	EXP 	image_2: autoDraw = True
33.0407 	EXP 	fixation_2: autoDraw = True
33.2026 	EXP 	New trial (rep=66, index=0): None
33.2141 	EXP 	image_2: autoDraw = False
33.2141 	EXP 	fixation_2: autoDraw = False
33.2141 	EXP 	image_2: autoDraw = False
33.2141 	EXP 	fixation_2: autoDraw = False
33.2141 	EXP 	image: autoDraw = True
33.2141 	EXP 	fixation: autoDraw = True
33.3793 	EXP 	image: autoDraw = False
33.3793 	EXP 	fixation: autoDraw = False
33.3793 	EXP 	image: autoDraw = False
33.3793 	EXP 	fixation: autoDraw = False
33.3793 	EXP 	image_2: autoDraw = True
33.3793 	EXP 	fixation_2: autoDraw = True
33.5369 	EXP 	New trial (rep=67, index=0): None
33.5468 	EXP 	image_2: autoDraw = False
33.5468 	EXP 	fixation_2: autoDraw = False
33.5468 	EXP 	image_2: autoDraw = False
33.5468 	EXP 	fixation_2: autoDraw = False
33.5468 	EXP 	image: autoDraw = True
33.5468 	EXP 	fixation: autoDraw = True
33.7165 	EXP 	image: autoDraw = False
33.7165 	EXP 	fixation: autoDraw = False
33.7165 	EXP 	image: autoDraw = False
33.7165 	EXP 	fixation: autoDraw = False
33.7165 	EXP 	image_2: autoDraw = True
33.7165 	EXP 	fixation_2: autoDraw = True
33.8718 	EXP 	New trial (rep=68, index=0): None
33.8805 	EXP 	image_2: autoDraw = False
33.8805 	EXP 	fixation_2: autoDraw = False
33.8805 	EXP 	image_2: autoDraw = False
33.8805 	EXP 	fixation_2: autoDraw = False
33.8805 	EXP 	image: autoDraw = True
33.8805 	EXP 	fixation: autoDraw = True
34.0518 	EXP 	image: autoDraw = False
34.0518 	EXP 	fixation: autoDraw = False
34.0518 	EXP 	image: autoDraw = False
34.0518 	EXP 	fixation: autoDraw = False
34.0518 	EXP 	image_2: autoDraw = True
34.0518 	EXP 	fixation_2: autoDraw = True
34.2041 	EXP 	New trial (rep=69, index=0): None
34.2139 	EXP 	image_2: autoDraw = False
34.2139 	EXP 	fixation_2: autoDraw = False
34.2139 	EXP 	image_2: autoDraw = False
34.2139 	EXP 	fixation_2: autoDraw = False
34.2139 	EXP 	image: autoDraw = True
34.2139 	EXP 	fixation: autoDraw = True
34.3794 	EXP 	image: autoDraw = False
34.3794 	EXP 	fixation: autoDraw = False
34.3794 	EXP 	image: autoDraw = False
34.3794 	EXP 	fixation: autoDraw = False
34.3794 	EXP 	image_2: autoDraw = True
34.3794 	EXP 	fixation_2: autoDraw = True
34.5299 	EXP 	New trial (rep=70, index=0): None
34.5379 	EXP 	image_2: autoDraw = False
34.5379 	EXP 	fixation_2: autoDraw = False
34.5379 	EXP 	image_2: autoDraw = False
34.5379 	EXP 	fixation_2: autoDraw = False
34.5379 	EXP 	image: autoDraw = True
34.5379 	EXP 	fixation: autoDraw = True
34.7187 	EXP 	image: autoDraw = False
34.7187 	EXP 	fixation: autoDraw = False
34.7187 	EXP 	image: autoDraw = False
34.7187 	EXP 	fixation: autoDraw = False
34.7187 	EXP 	image_2: autoDraw = True
34.7187 	EXP 	fixation_2: autoDraw = True
34.8704 	EXP 	New trial (rep=71, index=0): None
34.8800 	EXP 	image_2: autoDraw = False
34.8800 	EXP 	fixation_2: autoDraw = False
34.8800 	EXP 	image_2: autoDraw = False
34.8800 	EXP 	fixation_2: autoDraw = False
34.8800 	EXP 	image: autoDraw = True
34.8800 	EXP 	fixation: autoDraw = True
35.0495 	EXP 	image: autoDraw = False
35.0495 	EXP 	fixation: autoDraw = False
35.0495 	EXP 	image: autoDraw = False
35.0495 	EXP 	fixation: autoDraw = False
35.0495 	EXP 	image_2: autoDraw = True
35.0495 	EXP 	fixation_2: autoDraw = True
35.2082 	EXP 	New trial (rep=72, index=0): None
35.2172 	EXP 	image_2: autoDraw = False
35.2172 	EXP 	fixation_2: autoDraw = False
35.2172 	EXP 	image_2: autoDraw = False
35.2172 	EXP 	fixation_2: autoDraw = False
35.2172 	EXP 	image: autoDraw = True
35.2172 	EXP 	fixation: autoDraw = True
35.3896 	EXP 	image: autoDraw = False
35.3896 	EXP 	fixation: autoDraw = False
35.3896 	EXP 	image: autoDraw = False
35.3896 	EXP 	fixation: autoDraw = False
35.3896 	EXP 	image_2: autoDraw = True
35.3896 	EXP 	fixation_2: autoDraw = True
35.5474 	EXP 	New trial (rep=73, index=0): None
35.5575 	EXP 	image_2: autoDraw = False
35.5575 	EXP 	fixation_2: autoDraw = False
35.5575 	EXP 	image_2: autoDraw = False
35.5575 	EXP 	fixation_2: autoDraw = False
35.5575 	EXP 	image: autoDraw = True
35.5575 	EXP 	fixation: autoDraw = True
35.7277 	EXP 	image: autoDraw = False
35.7277 	EXP 	fixation: autoDraw = False
35.7277 	EXP 	image: autoDraw = False
35.7277 	EXP 	fixation: autoDraw = False
35.7277 	EXP 	image_2: autoDraw = True
35.7277 	EXP 	fixation_2: autoDraw = True
35.8816 	EXP 	New trial (rep=74, index=0): None
35.8913 	EXP 	image_2: autoDraw = False
35.8913 	EXP 	fixation_2: autoDraw = False
35.8913 	EXP 	image_2: autoDraw = False
35.8913 	EXP 	fixation_2: autoDraw = False
35.8913 	EXP 	image: autoDraw = True
35.8913 	EXP 	fixation: autoDraw = True
36.0686 	EXP 	image: autoDraw = False
36.0686 	EXP 	fixation: autoDraw = False
36.0686 	EXP 	image: autoDraw = False
36.0686 	EXP 	fixation: autoDraw = False
36.0686 	EXP 	image_2: autoDraw = True
36.0686 	EXP 	fixation_2: autoDraw = True
36.2193 	EXP 	New trial (rep=75, index=0): None
36.2272 	EXP 	image_2: autoDraw = False
36.2272 	EXP 	fixation_2: autoDraw = False
36.2272 	EXP 	image_2: autoDraw = False
36.2272 	EXP 	fixation_2: autoDraw = False
36.2272 	EXP 	image: autoDraw = True
36.2272 	EXP 	fixation: autoDraw = True
36.3870 	EXP 	image: autoDraw = False
36.3870 	EXP 	fixation: autoDraw = False
36.3870 	EXP 	image: autoDraw = False
36.3870 	EXP 	fixation: autoDraw = False
36.3870 	EXP 	image_2: autoDraw = True
36.3870 	EXP 	fixation_2: autoDraw = True
36.5374 	EXP 	New trial (rep=76, index=0): None
36.5473 	EXP 	image_2: autoDraw = False
36.5473 	EXP 	fixation_2: autoDraw = False
36.5473 	EXP 	image_2: autoDraw = False
36.5473 	EXP 	fixation_2: autoDraw = False
36.5473 	EXP 	image: autoDraw = True
36.5473 	EXP 	fixation: autoDraw = True
36.7190 	EXP 	image: autoDraw = False
36.7190 	EXP 	fixation: autoDraw = False
36.7190 	EXP 	image: autoDraw = False
36.7190 	EXP 	fixation: autoDraw = False
36.7190 	EXP 	image_2: autoDraw = True
36.7190 	EXP 	fixation_2: autoDraw = True
36.8792 	EXP 	New trial (rep=77, index=0): None
36.8891 	EXP 	image_2: autoDraw = False
36.8891 	EXP 	fixation_2: autoDraw = False
36.8891 	EXP 	image_2: autoDraw = False
36.8891 	EXP 	fixation_2: autoDraw = False
36.8891 	EXP 	image: autoDraw = True
36.8891 	EXP 	fixation: autoDraw = True
37.0690 	EXP 	image: autoDraw = False
37.0690 	EXP 	fixation: autoDraw = False
37.0690 	EXP 	image: autoDraw = False
37.0690 	EXP 	fixation: autoDraw = False
37.0690 	EXP 	image_2: autoDraw = True
37.0690 	EXP 	fixation_2: autoDraw = True
37.2252 	EXP 	New trial (rep=78, index=0): None
37.2351 	EXP 	image_2: autoDraw = False
37.2351 	EXP 	fixation_2: autoDraw = False
37.2351 	EXP 	image_2: autoDraw = False
37.2351 	EXP 	fixation_2: autoDraw = False
37.2351 	EXP 	image: autoDraw = True
37.2351 	EXP 	fixation: autoDraw = True
37.4043 	EXP 	image: autoDraw = False
37.4043 	EXP 	fixation: autoDraw = False
37.4043 	EXP 	image: autoDraw = False
37.4043 	EXP 	fixation: autoDraw = False
37.4043 	EXP 	image_2: autoDraw = True
37.4043 	EXP 	fixation_2: autoDraw = True
37.5628 	EXP 	New trial (rep=79, index=0): None
37.5724 	EXP 	image_2: autoDraw = False
37.5724 	EXP 	fixation_2: autoDraw = False
37.5724 	EXP 	image_2: autoDraw = False
37.5724 	EXP 	fixation_2: autoDraw = False
37.5724 	EXP 	image: autoDraw = True
37.5724 	EXP 	fixation: autoDraw = True
37.7467 	EXP 	image: autoDraw = False
37.7467 	EXP 	fixation: autoDraw = False
37.7467 	EXP 	image: autoDraw = False
37.7467 	EXP 	fixation: autoDraw = False
37.7467 	EXP 	image_2: autoDraw = True
37.7467 	EXP 	fixation_2: autoDraw = True
37.9055 	EXP 	New trial (rep=80, index=0): None
37.9175 	EXP 	image_2: autoDraw = False
37.9175 	EXP 	fixation_2: autoDraw = False
37.9175 	EXP 	image_2: autoDraw = False
37.9175 	EXP 	fixation_2: autoDraw = False
37.9175 	EXP 	image: autoDraw = True
37.9175 	EXP 	fixation: autoDraw = True
38.1021 	EXP 	image: autoDraw = False
38.1021 	EXP 	fixation: autoDraw = False
38.1021 	EXP 	image: autoDraw = False
38.1021 	EXP 	fixation: autoDraw = False
38.1021 	EXP 	image_2: autoDraw = True
38.1021 	EXP 	fixation_2: autoDraw = True
38.2627 	EXP 	New trial (rep=81, index=0): None
38.2709 	EXP 	image_2: autoDraw = False
38.2709 	EXP 	fixation_2: autoDraw = False
38.2709 	EXP 	image_2: autoDraw = False
38.2709 	EXP 	fixation_2: autoDraw = False
38.2709 	EXP 	image: autoDraw = True
38.2709 	EXP 	fixation: autoDraw = True
38.4335 	EXP 	image: autoDraw = False
38.4335 	EXP 	fixation: autoDraw = False
38.4335 	EXP 	image: autoDraw = False
38.4335 	EXP 	fixation: autoDraw = False
38.4335 	EXP 	image_2: autoDraw = True
38.4335 	EXP 	fixation_2: autoDraw = True
38.5855 	EXP 	New trial (rep=82, index=0): None
38.5950 	EXP 	image_2: autoDraw = False
38.5950 	EXP 	fixation_2: autoDraw = False
38.5950 	EXP 	image_2: autoDraw = False
38.5950 	EXP 	fixation_2: autoDraw = False
38.5950 	EXP 	image: autoDraw = True
38.5950 	EXP 	fixation: autoDraw = True
38.7582 	EXP 	image: autoDraw = False
38.7582 	EXP 	fixation: autoDraw = False
38.7582 	EXP 	image: autoDraw = False
38.7582 	EXP 	fixation: autoDraw = False
38.7582 	EXP 	image_2: autoDraw = True
38.7582 	EXP 	fixation_2: autoDraw = True
38.9134 	EXP 	New trial (rep=83, index=0): None
38.9221 	EXP 	image_2: autoDraw = False
38.9221 	EXP 	fixation_2: autoDraw = False
38.9221 	EXP 	image_2: autoDraw = False
38.9221 	EXP 	fixation_2: autoDraw = False
38.9221 	EXP 	image: autoDraw = True
38.9221 	EXP 	fixation: autoDraw = True
39.0858 	EXP 	image: autoDraw = False
39.0858 	EXP 	fixation: autoDraw = False
39.0858 	EXP 	image: autoDraw = False
39.0858 	EXP 	fixation: autoDraw = False
39.0858 	EXP 	image_2: autoDraw = True
39.0858 	EXP 	fixation_2: autoDraw = True
39.2538 	EXP 	New trial (rep=84, index=0): None
39.2719 	EXP 	image_2: autoDraw = False
39.2719 	EXP 	fixation_2: autoDraw = False
39.2719 	EXP 	image_2: autoDraw = False
39.2719 	EXP 	fixation_2: autoDraw = False
39.2719 	EXP 	image: autoDraw = True
39.2719 	EXP 	fixation: autoDraw = True
39.4363 	EXP 	image: autoDraw = False
39.4363 	EXP 	fixation: autoDraw = False
39.4363 	EXP 	image: autoDraw = False
39.4363 	EXP 	fixation: autoDraw = False
39.4363 	EXP 	image_2: autoDraw = True
39.4363 	EXP 	fixation_2: autoDraw = True
39.5915 	EXP 	New trial (rep=85, index=0): None
39.6072 	EXP 	image_2: autoDraw = False
39.6072 	EXP 	fixation_2: autoDraw = False
39.6072 	EXP 	image_2: autoDraw = False
39.6072 	EXP 	fixation_2: autoDraw = False
39.6072 	EXP 	image: autoDraw = True
39.6072 	EXP 	fixation: autoDraw = True
39.7679 	EXP 	image: autoDraw = False
39.7679 	EXP 	fixation: autoDraw = False
39.7679 	EXP 	image: autoDraw = False
39.7679 	EXP 	fixation: autoDraw = False
39.7679 	EXP 	image_2: autoDraw = True
39.7679 	EXP 	fixation_2: autoDraw = True
39.9209 	EXP 	New trial (rep=86, index=0): None
39.9299 	EXP 	image_2: autoDraw = False
39.9299 	EXP 	fixation_2: autoDraw = False
39.9299 	EXP 	image_2: autoDraw = False
39.9299 	EXP 	fixation_2: autoDraw = False
39.9299 	EXP 	image: autoDraw = True
39.9299 	EXP 	fixation: autoDraw = True
40.0966 	EXP 	image: autoDraw = False
40.0966 	EXP 	fixation: autoDraw = False
40.0966 	EXP 	image: autoDraw = False
40.0966 	EXP 	fixation: autoDraw = False
40.0966 	EXP 	image_2: autoDraw = True
40.0966 	EXP 	fixation_2: autoDraw = True
40.2503 	EXP 	New trial (rep=87, index=0): None
40.2583 	EXP 	image_2: autoDraw = False
40.2583 	EXP 	fixation_2: autoDraw = False
40.2583 	EXP 	image_2: autoDraw = False
40.2583 	EXP 	fixation_2: autoDraw = False
40.2583 	EXP 	image: autoDraw = True
40.2583 	EXP 	fixation: autoDraw = True
40.4350 	EXP 	image: autoDraw = False
40.4350 	EXP 	fixation: autoDraw = False
40.4350 	EXP 	image: autoDraw = False
40.4350 	EXP 	fixation: autoDraw = False
40.4350 	EXP 	image_2: autoDraw = True
40.4350 	EXP 	fixation_2: autoDraw = True
40.5855 	EXP 	New trial (rep=88, index=0): None
40.5944 	EXP 	image_2: autoDraw = False
40.5944 	EXP 	fixation_2: autoDraw = False
40.5944 	EXP 	image_2: autoDraw = False
40.5944 	EXP 	fixation_2: autoDraw = False
40.5944 	EXP 	image: autoDraw = True
40.5944 	EXP 	fixation: autoDraw = True
40.7642 	EXP 	image: autoDraw = False
40.7642 	EXP 	fixation: autoDraw = False
40.7642 	EXP 	image: autoDraw = False
40.7642 	EXP 	fixation: autoDraw = False
40.7642 	EXP 	image_2: autoDraw = True
40.7642 	EXP 	fixation_2: autoDraw = True
40.9157 	EXP 	New trial (rep=89, index=0): None
40.9239 	EXP 	image_2: autoDraw = False
40.9239 	EXP 	fixation_2: autoDraw = False
40.9239 	EXP 	image_2: autoDraw = False
40.9239 	EXP 	fixation_2: autoDraw = False
40.9239 	EXP 	image: autoDraw = True
40.9239 	EXP 	fixation: autoDraw = True
41.1020 	EXP 	image: autoDraw = False
41.1020 	EXP 	fixation: autoDraw = False
41.1020 	EXP 	image: autoDraw = False
41.1020 	EXP 	fixation: autoDraw = False
41.1020 	EXP 	image_2: autoDraw = True
41.1020 	EXP 	fixation_2: autoDraw = True
41.2539 	EXP 	New trial (rep=90, index=0): None
41.2631 	EXP 	image_2: autoDraw = False
41.2631 	EXP 	fixation_2: autoDraw = False
41.2631 	EXP 	image_2: autoDraw = False
41.2631 	EXP 	fixation_2: autoDraw = False
41.2631 	EXP 	image: autoDraw = True
41.2631 	EXP 	fixation: autoDraw = True
41.4216 	EXP 	image: autoDraw = False
41.4216 	EXP 	fixation: autoDraw = False
41.4216 	EXP 	image: autoDraw = False
41.4216 	EXP 	fixation: autoDraw = False
41.4216 	EXP 	image_2: autoDraw = True
41.4216 	EXP 	fixation_2: autoDraw = True
41.5727 	EXP 	New trial (rep=91, index=0): None
41.5828 	EXP 	image_2: autoDraw = False
41.5828 	EXP 	fixation_2: autoDraw = False
41.5828 	EXP 	image_2: autoDraw = False
41.5828 	EXP 	fixation_2: autoDraw = False
41.5828 	EXP 	image: autoDraw = True
41.5828 	EXP 	fixation: autoDraw = True
41.7492 	EXP 	image: autoDraw = False
41.7492 	EXP 	fixation: autoDraw = False
41.7492 	EXP 	image: autoDraw = False
41.7492 	EXP 	fixation: autoDraw = False
41.7492 	EXP 	image_2: autoDraw = True
41.7492 	EXP 	fixation_2: autoDraw = True
41.9007 	EXP 	New trial (rep=92, index=0): None
41.9123 	EXP 	image_2: autoDraw = False
41.9123 	EXP 	fixation_2: autoDraw = False
41.9123 	EXP 	image_2: autoDraw = False
41.9123 	EXP 	fixation_2: autoDraw = False
41.9123 	EXP 	image: autoDraw = True
41.9123 	EXP 	fixation: autoDraw = True
42.0852 	EXP 	image: autoDraw = False
42.0852 	EXP 	fixation: autoDraw = False
42.0852 	EXP 	image: autoDraw = False
42.0852 	EXP 	fixation: autoDraw = False
42.0852 	EXP 	image_2: autoDraw = True
42.0852 	EXP 	fixation_2: autoDraw = True
42.2369 	EXP 	New trial (rep=93, index=0): None
42.2495 	EXP 	image_2: autoDraw = False
42.2495 	EXP 	fixation_2: autoDraw = False
42.2495 	EXP 	image_2: autoDraw = False
42.2495 	EXP 	fixation_2: autoDraw = False
42.2495 	EXP 	image: autoDraw = True
42.2495 	EXP 	fixation: autoDraw = True
42.4137 	EXP 	image: autoDraw = False
42.4137 	EXP 	fixation: autoDraw = False
42.4137 	EXP 	image: autoDraw = False
42.4137 	EXP 	fixation: autoDraw = False
42.4137 	EXP 	image_2: autoDraw = True
42.4137 	EXP 	fixation_2: autoDraw = True
42.5677 	EXP 	New trial (rep=94, index=0): None
42.5760 	EXP 	image_2: autoDraw = False
42.5760 	EXP 	fixation_2: autoDraw = False
42.5760 	EXP 	image_2: autoDraw = False
42.5760 	EXP 	fixation_2: autoDraw = False
42.5760 	EXP 	image: autoDraw = True
42.5760 	EXP 	fixation: autoDraw = True
42.7439 	EXP 	image: autoDraw = False
42.7439 	EXP 	fixation: autoDraw = False
42.7439 	EXP 	image: autoDraw = False
42.7439 	EXP 	fixation: autoDraw = False
42.7439 	EXP 	image_2: autoDraw = True
42.7439 	EXP 	fixation_2: autoDraw = True
42.8970 	EXP 	New trial (rep=95, index=0): None
42.9063 	EXP 	image_2: autoDraw = False
42.9063 	EXP 	fixation_2: autoDraw = False
42.9063 	EXP 	image_2: autoDraw = False
42.9063 	EXP 	fixation_2: autoDraw = False
42.9063 	EXP 	image: autoDraw = True
42.9063 	EXP 	fixation: autoDraw = True
43.0717 	EXP 	image: autoDraw = False
43.0717 	EXP 	fixation: autoDraw = False
43.0717 	EXP 	image: autoDraw = False
43.0717 	EXP 	fixation: autoDraw = False
43.0717 	EXP 	image_2: autoDraw = True
43.0717 	EXP 	fixation_2: autoDraw = True
43.2291 	EXP 	New trial (rep=96, index=0): None
43.2390 	EXP 	image_2: autoDraw = False
43.2390 	EXP 	fixation_2: autoDraw = False
43.2390 	EXP 	image_2: autoDraw = False
43.2390 	EXP 	fixation_2: autoDraw = False
43.2390 	EXP 	image: autoDraw = True
43.2390 	EXP 	fixation: autoDraw = True
43.4124 	EXP 	image: autoDraw = False
43.4124 	EXP 	fixation: autoDraw = False
43.4124 	EXP 	image: autoDraw = False
43.4124 	EXP 	fixation: autoDraw = False
43.4124 	EXP 	image_2: autoDraw = True
43.4124 	EXP 	fixation_2: autoDraw = True
43.5638 	EXP 	New trial (rep=97, index=0): None
43.5729 	EXP 	image_2: autoDraw = False
43.5729 	EXP 	fixation_2: autoDraw = False
43.5729 	EXP 	image_2: autoDraw = False
43.5729 	EXP 	fixation_2: autoDraw = False
43.5729 	EXP 	image: autoDraw = True
43.5729 	EXP 	fixation: autoDraw = True
43.7483 	EXP 	image: autoDraw = False
43.7483 	EXP 	fixation: autoDraw = False
43.7483 	EXP 	image: autoDraw = False
43.7483 	EXP 	fixation: autoDraw = False
43.7483 	EXP 	image_2: autoDraw = True
43.7483 	EXP 	fixation_2: autoDraw = True
43.9065 	EXP 	New trial (rep=98, index=0): None
43.9149 	EXP 	image_2: autoDraw = False
43.9149 	EXP 	fixation_2: autoDraw = False
43.9149 	EXP 	image_2: autoDraw = False
43.9149 	EXP 	fixation_2: autoDraw = False
43.9149 	EXP 	image: autoDraw = True
43.9149 	EXP 	fixation: autoDraw = True
44.0807 	EXP 	image: autoDraw = False
44.0807 	EXP 	fixation: autoDraw = False
44.0807 	EXP 	image: autoDraw = False
44.0807 	EXP 	fixation: autoDraw = False
44.0807 	EXP 	image_2: autoDraw = True
44.0807 	EXP 	fixation_2: autoDraw = True
44.2397 	EXP 	New trial (rep=99, index=0): None
44.2489 	EXP 	image_2: autoDraw = False
44.2489 	EXP 	fixation_2: autoDraw = False
44.2489 	EXP 	image_2: autoDraw = False
44.2489 	EXP 	fixation_2: autoDraw = False
44.2489 	EXP 	image: autoDraw = True
44.2489 	EXP 	fixation: autoDraw = True
44.4184 	EXP 	image: autoDraw = False
44.4184 	EXP 	fixation: autoDraw = False
44.4184 	EXP 	image: autoDraw = False
44.4184 	EXP 	fixation: autoDraw = False
44.4184 	EXP 	image_2: autoDraw = True
44.4184 	EXP 	fixation_2: autoDraw = True
44.5779 	EXP 	image_2: autoDraw = False
44.5779 	EXP 	fixation_2: autoDraw = False
44.5779 	EXP 	image_2: autoDraw = False
44.5779 	EXP 	fixation_2: autoDraw = False
44.6164 	EXP 	window1: mouseVisible = True
