1.4268 	WARNING 	We strongly recommend you activate the PTB sound engine in PsychoPy prefs as the preferred audio engine. Its timing is vastly superior. Your prefs are currently set to use ['sounddevice', 'PTB', 'pyo', 'pygame'] (in that order).
5.2831 	WARNING 	User requested fullscreen with size [1024  768], but screen is actually [1440, 900]. Using actual size
6.6330 	WARNING 	Couldn't measure a consistent frame rate!
  - Is your graphics card set to sync to vertical blank?
  - Are you running other processes on your computer?

6.6340 	EXP 	Created window1 = Window(allowGUI=True, allowStencil=False, autoLog=True, backendConf=UNKNOWN, bitsMode=UNKNOWN, blendMode='avg', bpc=(8, 8, 8), color=array([0, 0, 0]), colorSpace='rgb', depthBits=8, fullscr=<method-wrapper '__getattribute__' of attributeSetter object at 0x7fa2e51a5bb0>, gamma=None, gammaErrorPolicy='raise', lms=UNKNOWN, monitor=<psychopy.monitors.calibTools.Monitor object at 0x7fa285e1a700>, multiSample=False, name='window1', numSamples=2, pos=[360.0, 225.0], screen=0, size=array([2880, 1800]), stencilBits=0, stereo=False, units='height', useFBO=True, useRetina=True, viewOri=0.0, viewPos=None, viewScale=None, waitBlanking=True, winType='pyglet')
6.6344 	EXP 	window1: mouseVisible = True
6.6354 	EXP 	window1: mouseVisible = False
6.6354 	EXP 	window1: Attempting to measure frame rate of screen (0) ...
6.6355 	EXP 	window1: recordFrameIntervals = False
6.7161 	EXP 	window1: recordFrameIntervals = True
7.5826 	WARNING 	Couldn't measure a consistent frame rate!
  - Is your graphics card set to sync to vertical blank?
  - Are you running other processes on your computer?

9.8219 	EXP 	Created image = ImageStim(__class__=<class 'psychopy.visual.image.ImageStim'>, anchor=('center', 'center'), autoLog=True, color=array([1, 1, 1]), colorSpace='rgb', contrast=1.0, depth=-1.0, flipHoriz=False, flipVert=False, image=str(...), interpolate=True, mask=None, maskParams=None, name='image', opacity=1.0, ori=0.0, pos=array([0., 0.]), size=array([1.5, 1.5]), texRes=128.0, units='height', win=Window(...))
9.8279 	EXP 	Created fixation = ShapeStim(__class__=<class 'psychopy.visual.shape.ShapeStim'>, anchor=('center', 'center'), autoDraw=False, autoLog=True, closeShape=True, color=method-wrapper(...), colorSpace='rgb', contrast=None, depth=-2.0, fillColor=array([ 1, -1, -1]), fillColorSpace='rgb', fillRGB=array([ 1, -1, -1]), interpolate=True, lineColor=array([ 1, -1, -1]), lineColorSpace='rgb', lineRGB=array([ 1, -1, -1]), lineWidth=1.0, name='fixation', opacity=1.0, ori=0.0, pos=array([0., 0.]), size=array([0.01, 0.01]), units='height', vertices=ndarray(...), win=Window(...), windingRule=None)
10.0562 	EXP 	Created image_2 = ImageStim(__class__=<class 'psychopy.visual.image.ImageStim'>, anchor=('center', 'center'), autoLog=True, color=array([1, 1, 1]), colorSpace='rgb', contrast=1.0, depth=-1.0, flipHoriz=False, flipVert=False, image=str(...), interpolate=True, mask=None, maskParams=None, name='image_2', opacity=1.0, ori=0.0, pos=array([0., 0.]), size=array([1.5, 1.5]), texRes=128.0, units='height', win=Window(...))
10.0613 	EXP 	Created fixation_2 = ShapeStim(__class__=<class 'psychopy.visual.shape.ShapeStim'>, anchor=('center', 'center'), autoDraw=False, autoLog=True, closeShape=True, color=method-wrapper(...), colorSpace='rgb', contrast=None, depth=-2.0, fillColor=array([ 1, -1, -1]), fillColorSpace='rgb', fillRGB=array([ 1, -1, -1]), interpolate=True, lineColor=array([ 1, -1, -1]), lineColorSpace='rgb', lineRGB=array([ 1, -1, -1]), lineWidth=1.0, name='fixation_2', opacity=1.0, ori=0.0, pos=array([0., 0.]), size=array([0.01, 0.01]), units='height', vertices=ndarray(...), win=Window(...), windingRule=None)
10.0642 	EXP 	Created sequence: random, trialTypes=1, nReps=100, seed=None
10.0646 	EXP 	New trial (rep=0, index=0): None
10.1055 	WARNING 	t of last frame was 2523.15ms (=1/0)
10.1055 	EXP 	image: autoDraw = True
10.1055 	EXP 	fixation: autoDraw = True
10.2873 	WARNING 	t of last frame was 27.77ms (=1/36)
10.2873 	EXP 	image: autoDraw = False
10.2873 	EXP 	fixation: autoDraw = False
10.2873 	EXP 	image: autoDraw = False
10.2873 	EXP 	fixation: autoDraw = False
10.2873 	EXP 	image_2: autoDraw = True
10.2873 	EXP 	fixation_2: autoDraw = True
10.3422 	WARNING 	t of last frame was 20.31ms (=1/49)
10.4453 	EXP 	New trial (rep=1, index=0): None
10.4537 	EXP 	image_2: autoDraw = False
10.4537 	EXP 	fixation_2: autoDraw = False
10.4537 	EXP 	image_2: autoDraw = False
10.4537 	EXP 	fixation_2: autoDraw = False
10.4537 	EXP 	image: autoDraw = True
10.4537 	EXP 	fixation: autoDraw = True
10.6143 	EXP 	image: autoDraw = False
10.6143 	EXP 	fixation: autoDraw = False
10.6143 	EXP 	image: autoDraw = False
10.6143 	EXP 	fixation: autoDraw = False
10.6143 	EXP 	image_2: autoDraw = True
10.6143 	EXP 	fixation_2: autoDraw = True
10.7426 	WARNING 	t of last frame was 21.90ms (=1/45)
10.7719 	EXP 	New trial (rep=2, index=0): None
10.7824 	EXP 	image_2: autoDraw = False
10.7824 	EXP 	fixation_2: autoDraw = False
10.7824 	EXP 	image_2: autoDraw = False
10.7824 	EXP 	fixation_2: autoDraw = False
10.7824 	EXP 	image: autoDraw = True
10.7824 	EXP 	fixation: autoDraw = True
10.8595 	WARNING 	Multiple dropped frames have occurred - I'll stop bothering you about them!
10.9455 	EXP 	image: autoDraw = False
10.9455 	EXP 	fixation: autoDraw = False
10.9455 	EXP 	image: autoDraw = False
10.9455 	EXP 	fixation: autoDraw = False
10.9455 	EXP 	image_2: autoDraw = True
10.9455 	EXP 	fixation_2: autoDraw = True
11.1117 	EXP 	New trial (rep=3, index=0): None
11.1263 	EXP 	image_2: autoDraw = False
11.1263 	EXP 	fixation_2: autoDraw = False
11.1263 	EXP 	image_2: autoDraw = False
11.1263 	EXP 	fixation_2: autoDraw = False
11.1263 	EXP 	image: autoDraw = True
11.1263 	EXP 	fixation: autoDraw = True
11.2927 	EXP 	image: autoDraw = False
11.2927 	EXP 	fixation: autoDraw = False
11.2927 	EXP 	image: autoDraw = False
11.2927 	EXP 	fixation: autoDraw = False
11.2927 	EXP 	image_2: autoDraw = True
11.2927 	EXP 	fixation_2: autoDraw = True
11.4451 	EXP 	New trial (rep=4, index=0): None
11.4540 	EXP 	image_2: autoDraw = False
11.4540 	EXP 	fixation_2: autoDraw = False
11.4540 	EXP 	image_2: autoDraw = False
11.4540 	EXP 	fixation_2: autoDraw = False
11.4540 	EXP 	image: autoDraw = True
11.4540 	EXP 	fixation: autoDraw = True
11.6144 	EXP 	image: autoDraw = False
11.6144 	EXP 	fixation: autoDraw = False
11.6144 	EXP 	image: autoDraw = False
11.6144 	EXP 	fixation: autoDraw = False
11.6144 	EXP 	image_2: autoDraw = True
11.6144 	EXP 	fixation_2: autoDraw = True
11.7699 	EXP 	New trial (rep=5, index=0): None
11.7812 	EXP 	image_2: autoDraw = False
11.7812 	EXP 	fixation_2: autoDraw = False
11.7812 	EXP 	image_2: autoDraw = False
11.7812 	EXP 	fixation_2: autoDraw = False
11.7812 	EXP 	image: autoDraw = True
11.7812 	EXP 	fixation: autoDraw = True
11.9504 	EXP 	image: autoDraw = False
11.9504 	EXP 	fixation: autoDraw = False
11.9504 	EXP 	image: autoDraw = False
11.9504 	EXP 	fixation: autoDraw = False
11.9504 	EXP 	image_2: autoDraw = True
11.9504 	EXP 	fixation_2: autoDraw = True
12.1069 	EXP 	New trial (rep=6, index=0): None
12.1157 	EXP 	image_2: autoDraw = False
12.1157 	EXP 	fixation_2: autoDraw = False
12.1157 	EXP 	image_2: autoDraw = False
12.1157 	EXP 	fixation_2: autoDraw = False
12.1157 	EXP 	image: autoDraw = True
12.1157 	EXP 	fixation: autoDraw = True
12.2786 	EXP 	image: autoDraw = False
12.2786 	EXP 	fixation: autoDraw = False
12.2786 	EXP 	image: autoDraw = False
12.2786 	EXP 	fixation: autoDraw = False
12.2786 	EXP 	image_2: autoDraw = True
12.2786 	EXP 	fixation_2: autoDraw = True
12.4305 	EXP 	New trial (rep=7, index=0): None
12.4397 	EXP 	image_2: autoDraw = False
12.4397 	EXP 	fixation_2: autoDraw = False
12.4397 	EXP 	image_2: autoDraw = False
12.4397 	EXP 	fixation_2: autoDraw = False
12.4397 	EXP 	image: autoDraw = True
12.4397 	EXP 	fixation: autoDraw = True
12.6089 	EXP 	image: autoDraw = False
12.6089 	EXP 	fixation: autoDraw = False
12.6089 	EXP 	image: autoDraw = False
12.6089 	EXP 	fixation: autoDraw = False
12.6089 	EXP 	image_2: autoDraw = True
12.6089 	EXP 	fixation_2: autoDraw = True
12.7628 	EXP 	New trial (rep=8, index=0): None
12.7716 	EXP 	image_2: autoDraw = False
12.7716 	EXP 	fixation_2: autoDraw = False
12.7716 	EXP 	image_2: autoDraw = False
12.7716 	EXP 	fixation_2: autoDraw = False
12.7716 	EXP 	image: autoDraw = True
12.7716 	EXP 	fixation: autoDraw = True
12.9349 	EXP 	image: autoDraw = False
12.9349 	EXP 	fixation: autoDraw = False
12.9349 	EXP 	image: autoDraw = False
12.9349 	EXP 	fixation: autoDraw = False
12.9349 	EXP 	image_2: autoDraw = True
12.9349 	EXP 	fixation_2: autoDraw = True
13.0897 	EXP 	New trial (rep=9, index=0): None
13.0987 	EXP 	image_2: autoDraw = False
13.0987 	EXP 	fixation_2: autoDraw = False
13.0987 	EXP 	image_2: autoDraw = False
13.0987 	EXP 	fixation_2: autoDraw = False
13.0987 	EXP 	image: autoDraw = True
13.0987 	EXP 	fixation: autoDraw = True
13.2628 	EXP 	image: autoDraw = False
13.2628 	EXP 	fixation: autoDraw = False
13.2628 	EXP 	image: autoDraw = False
13.2628 	EXP 	fixation: autoDraw = False
13.2628 	EXP 	image_2: autoDraw = True
13.2628 	EXP 	fixation_2: autoDraw = True
13.4220 	EXP 	New trial (rep=10, index=0): None
13.4313 	EXP 	image_2: autoDraw = False
13.4313 	EXP 	fixation_2: autoDraw = False
13.4313 	EXP 	image_2: autoDraw = False
13.4313 	EXP 	fixation_2: autoDraw = False
13.4313 	EXP 	image: autoDraw = True
13.4313 	EXP 	fixation: autoDraw = True
13.6093 	EXP 	image: autoDraw = False
13.6093 	EXP 	fixation: autoDraw = False
13.6093 	EXP 	image: autoDraw = False
13.6093 	EXP 	fixation: autoDraw = False
13.6093 	EXP 	image_2: autoDraw = True
13.6093 	EXP 	fixation_2: autoDraw = True
13.7627 	EXP 	New trial (rep=11, index=0): None
13.7706 	EXP 	image_2: autoDraw = False
13.7706 	EXP 	fixation_2: autoDraw = False
13.7706 	EXP 	image_2: autoDraw = False
13.7706 	EXP 	fixation_2: autoDraw = False
13.7706 	EXP 	image: autoDraw = True
13.7706 	EXP 	fixation: autoDraw = True
13.9314 	EXP 	image: autoDraw = False
13.9314 	EXP 	fixation: autoDraw = False
13.9314 	EXP 	image: autoDraw = False
13.9314 	EXP 	fixation: autoDraw = False
13.9314 	EXP 	image_2: autoDraw = True
13.9314 	EXP 	fixation_2: autoDraw = True
14.0868 	EXP 	New trial (rep=12, index=0): None
14.0961 	EXP 	image_2: autoDraw = False
14.0961 	EXP 	fixation_2: autoDraw = False
14.0961 	EXP 	image_2: autoDraw = False
14.0961 	EXP 	fixation_2: autoDraw = False
14.0961 	EXP 	image: autoDraw = True
14.0961 	EXP 	fixation: autoDraw = True
14.2570 	EXP 	image: autoDraw = False
14.2570 	EXP 	fixation: autoDraw = False
14.2570 	EXP 	image: autoDraw = False
14.2570 	EXP 	fixation: autoDraw = False
14.2570 	EXP 	image_2: autoDraw = True
14.2570 	EXP 	fixation_2: autoDraw = True
14.4136 	EXP 	New trial (rep=13, index=0): None
14.4230 	EXP 	image_2: autoDraw = False
14.4230 	EXP 	fixation_2: autoDraw = False
14.4230 	EXP 	image_2: autoDraw = False
14.4230 	EXP 	fixation_2: autoDraw = False
14.4230 	EXP 	image: autoDraw = True
14.4230 	EXP 	fixation: autoDraw = True
14.5872 	EXP 	image: autoDraw = False
14.5872 	EXP 	fixation: autoDraw = False
14.5872 	EXP 	image: autoDraw = False
14.5872 	EXP 	fixation: autoDraw = False
14.5872 	EXP 	image_2: autoDraw = True
14.5872 	EXP 	fixation_2: autoDraw = True
14.7392 	EXP 	New trial (rep=14, index=0): None
14.7483 	EXP 	image_2: autoDraw = False
14.7483 	EXP 	fixation_2: autoDraw = False
14.7483 	EXP 	image_2: autoDraw = False
14.7483 	EXP 	fixation_2: autoDraw = False
14.7483 	EXP 	image: autoDraw = True
14.7483 	EXP 	fixation: autoDraw = True
14.9180 	EXP 	image: autoDraw = False
14.9180 	EXP 	fixation: autoDraw = False
14.9180 	EXP 	image: autoDraw = False
14.9180 	EXP 	fixation: autoDraw = False
14.9180 	EXP 	image_2: autoDraw = True
14.9180 	EXP 	fixation_2: autoDraw = True
15.0772 	EXP 	New trial (rep=15, index=0): None
15.0855 	EXP 	image_2: autoDraw = False
15.0855 	EXP 	fixation_2: autoDraw = False
15.0855 	EXP 	image_2: autoDraw = False
15.0855 	EXP 	fixation_2: autoDraw = False
15.0855 	EXP 	image: autoDraw = True
15.0855 	EXP 	fixation: autoDraw = True
15.2446 	EXP 	image: autoDraw = False
15.2446 	EXP 	fixation: autoDraw = False
15.2446 	EXP 	image: autoDraw = False
15.2446 	EXP 	fixation: autoDraw = False
15.2446 	EXP 	image_2: autoDraw = True
15.2446 	EXP 	fixation_2: autoDraw = True
15.4008 	EXP 	New trial (rep=16, index=0): None
15.4097 	EXP 	image_2: autoDraw = False
15.4097 	EXP 	fixation_2: autoDraw = False
15.4097 	EXP 	image_2: autoDraw = False
15.4097 	EXP 	fixation_2: autoDraw = False
15.4097 	EXP 	image: autoDraw = True
15.4097 	EXP 	fixation: autoDraw = True
15.5767 	EXP 	image: autoDraw = False
15.5767 	EXP 	fixation: autoDraw = False
15.5767 	EXP 	image: autoDraw = False
15.5767 	EXP 	fixation: autoDraw = False
15.5767 	EXP 	image_2: autoDraw = True
15.5767 	EXP 	fixation_2: autoDraw = True
15.7279 	EXP 	New trial (rep=17, index=0): None
15.7371 	EXP 	image_2: autoDraw = False
15.7371 	EXP 	fixation_2: autoDraw = False
15.7371 	EXP 	image_2: autoDraw = False
15.7371 	EXP 	fixation_2: autoDraw = False
15.7371 	EXP 	image: autoDraw = True
15.7371 	EXP 	fixation: autoDraw = True
15.8986 	EXP 	image: autoDraw = False
15.8986 	EXP 	fixation: autoDraw = False
15.8986 	EXP 	image: autoDraw = False
15.8986 	EXP 	fixation: autoDraw = False
15.8986 	EXP 	image_2: autoDraw = True
15.8986 	EXP 	fixation_2: autoDraw = True
16.0597 	EXP 	New trial (rep=18, index=0): None
16.0680 	EXP 	image_2: autoDraw = False
16.0680 	EXP 	fixation_2: autoDraw = False
16.0680 	EXP 	image_2: autoDraw = False
16.0680 	EXP 	fixation_2: autoDraw = False
16.0680 	EXP 	image: autoDraw = True
16.0680 	EXP 	fixation: autoDraw = True
16.2369 	EXP 	image: autoDraw = False
16.2369 	EXP 	fixation: autoDraw = False
16.2369 	EXP 	image: autoDraw = False
16.2369 	EXP 	fixation: autoDraw = False
16.2369 	EXP 	image_2: autoDraw = True
16.2369 	EXP 	fixation_2: autoDraw = True
16.3946 	EXP 	New trial (rep=19, index=0): None
16.4098 	EXP 	image_2: autoDraw = False
16.4098 	EXP 	fixation_2: autoDraw = False
16.4098 	EXP 	image_2: autoDraw = False
16.4098 	EXP 	fixation_2: autoDraw = False
16.4098 	EXP 	image: autoDraw = True
16.4098 	EXP 	fixation: autoDraw = True
16.5934 	EXP 	image: autoDraw = False
16.5934 	EXP 	fixation: autoDraw = False
16.5934 	EXP 	image: autoDraw = False
16.5934 	EXP 	fixation: autoDraw = False
16.5934 	EXP 	image_2: autoDraw = True
16.5934 	EXP 	fixation_2: autoDraw = True
16.7456 	EXP 	New trial (rep=20, index=0): None
16.7558 	EXP 	image_2: autoDraw = False
16.7558 	EXP 	fixation_2: autoDraw = False
16.7558 	EXP 	image_2: autoDraw = False
16.7558 	EXP 	fixation_2: autoDraw = False
16.7558 	EXP 	image: autoDraw = True
16.7558 	EXP 	fixation: autoDraw = True
16.9235 	EXP 	image: autoDraw = False
16.9235 	EXP 	fixation: autoDraw = False
16.9235 	EXP 	image: autoDraw = False
16.9235 	EXP 	fixation: autoDraw = False
16.9235 	EXP 	image_2: autoDraw = True
16.9235 	EXP 	fixation_2: autoDraw = True
17.0802 	EXP 	New trial (rep=21, index=0): None
17.0898 	EXP 	image_2: autoDraw = False
17.0898 	EXP 	fixation_2: autoDraw = False
17.0898 	EXP 	image_2: autoDraw = False
17.0898 	EXP 	fixation_2: autoDraw = False
17.0898 	EXP 	image: autoDraw = True
17.0898 	EXP 	fixation: autoDraw = True
17.2494 	EXP 	image: autoDraw = False
17.2494 	EXP 	fixation: autoDraw = False
17.2494 	EXP 	image: autoDraw = False
17.2494 	EXP 	fixation: autoDraw = False
17.2494 	EXP 	image_2: autoDraw = True
17.2494 	EXP 	fixation_2: autoDraw = True
17.4057 	EXP 	New trial (rep=22, index=0): None
17.4151 	EXP 	image_2: autoDraw = False
17.4151 	EXP 	fixation_2: autoDraw = False
17.4151 	EXP 	image_2: autoDraw = False
17.4151 	EXP 	fixation_2: autoDraw = False
17.4151 	EXP 	image: autoDraw = True
17.4151 	EXP 	fixation: autoDraw = True
17.5933 	EXP 	image: autoDraw = False
17.5933 	EXP 	fixation: autoDraw = False
17.5933 	EXP 	image: autoDraw = False
17.5933 	EXP 	fixation: autoDraw = False
17.5933 	EXP 	image_2: autoDraw = True
17.5933 	EXP 	fixation_2: autoDraw = True
17.7494 	EXP 	New trial (rep=23, index=0): None
17.7583 	EXP 	image_2: autoDraw = False
17.7583 	EXP 	fixation_2: autoDraw = False
17.7583 	EXP 	image_2: autoDraw = False
17.7583 	EXP 	fixation_2: autoDraw = False
17.7583 	EXP 	image: autoDraw = True
17.7583 	EXP 	fixation: autoDraw = True
17.9432 	EXP 	image: autoDraw = False
17.9432 	EXP 	fixation: autoDraw = False
17.9432 	EXP 	image: autoDraw = False
17.9432 	EXP 	fixation: autoDraw = False
17.9432 	EXP 	image_2: autoDraw = True
17.9432 	EXP 	fixation_2: autoDraw = True
18.0978 	EXP 	New trial (rep=24, index=0): None
18.1078 	EXP 	image_2: autoDraw = False
18.1078 	EXP 	fixation_2: autoDraw = False
18.1078 	EXP 	image_2: autoDraw = False
18.1078 	EXP 	fixation_2: autoDraw = False
18.1078 	EXP 	image: autoDraw = True
18.1078 	EXP 	fixation: autoDraw = True
18.2666 	EXP 	image: autoDraw = False
18.2666 	EXP 	fixation: autoDraw = False
18.2666 	EXP 	image: autoDraw = False
18.2666 	EXP 	fixation: autoDraw = False
18.2666 	EXP 	image_2: autoDraw = True
18.2666 	EXP 	fixation_2: autoDraw = True
18.4213 	EXP 	New trial (rep=25, index=0): None
18.4425 	EXP 	image_2: autoDraw = False
18.4425 	EXP 	fixation_2: autoDraw = False
18.4425 	EXP 	image_2: autoDraw = False
18.4425 	EXP 	fixation_2: autoDraw = False
18.4425 	EXP 	image: autoDraw = True
18.4425 	EXP 	fixation: autoDraw = True
18.6073 	EXP 	image: autoDraw = False
18.6073 	EXP 	fixation: autoDraw = False
18.6073 	EXP 	image: autoDraw = False
18.6073 	EXP 	fixation: autoDraw = False
18.6073 	EXP 	image_2: autoDraw = True
18.6073 	EXP 	fixation_2: autoDraw = True
18.7621 	EXP 	New trial (rep=26, index=0): None
18.7716 	EXP 	image_2: autoDraw = False
18.7716 	EXP 	fixation_2: autoDraw = False
18.7716 	EXP 	image_2: autoDraw = False
18.7716 	EXP 	fixation_2: autoDraw = False
18.7716 	EXP 	image: autoDraw = True
18.7716 	EXP 	fixation: autoDraw = True
18.9330 	EXP 	image: autoDraw = False
18.9330 	EXP 	fixation: autoDraw = False
18.9330 	EXP 	image: autoDraw = False
18.9330 	EXP 	fixation: autoDraw = False
18.9330 	EXP 	image_2: autoDraw = True
18.9330 	EXP 	fixation_2: autoDraw = True
19.0953 	EXP 	New trial (rep=27, index=0): None
19.1047 	EXP 	image_2: autoDraw = False
19.1047 	EXP 	fixation_2: autoDraw = False
19.1047 	EXP 	image_2: autoDraw = False
19.1047 	EXP 	fixation_2: autoDraw = False
19.1047 	EXP 	image: autoDraw = True
19.1047 	EXP 	fixation: autoDraw = True
19.2719 	EXP 	image: autoDraw = False
19.2719 	EXP 	fixation: autoDraw = False
19.2719 	EXP 	image: autoDraw = False
19.2719 	EXP 	fixation: autoDraw = False
19.2719 	EXP 	image_2: autoDraw = True
19.2719 	EXP 	fixation_2: autoDraw = True
19.4285 	EXP 	New trial (rep=28, index=0): None
19.4368 	EXP 	image_2: autoDraw = False
19.4368 	EXP 	fixation_2: autoDraw = False
19.4368 	EXP 	image_2: autoDraw = False
19.4368 	EXP 	fixation_2: autoDraw = False
19.4368 	EXP 	image: autoDraw = True
19.4368 	EXP 	fixation: autoDraw = True
19.5961 	EXP 	image: autoDraw = False
19.5961 	EXP 	fixation: autoDraw = False
19.5961 	EXP 	image: autoDraw = False
19.5961 	EXP 	fixation: autoDraw = False
19.5961 	EXP 	image_2: autoDraw = True
19.5961 	EXP 	fixation_2: autoDraw = True
19.7550 	EXP 	New trial (rep=29, index=0): None
19.7647 	EXP 	image_2: autoDraw = False
19.7647 	EXP 	fixation_2: autoDraw = False
19.7647 	EXP 	image_2: autoDraw = False
19.7647 	EXP 	fixation_2: autoDraw = False
19.7647 	EXP 	image: autoDraw = True
19.7647 	EXP 	fixation: autoDraw = True
19.9427 	EXP 	image: autoDraw = False
19.9427 	EXP 	fixation: autoDraw = False
19.9427 	EXP 	image: autoDraw = False
19.9427 	EXP 	fixation: autoDraw = False
19.9427 	EXP 	image_2: autoDraw = True
19.9427 	EXP 	fixation_2: autoDraw = True
20.0950 	EXP 	New trial (rep=30, index=0): None
20.1096 	EXP 	image_2: autoDraw = False
20.1096 	EXP 	fixation_2: autoDraw = False
20.1096 	EXP 	image_2: autoDraw = False
20.1096 	EXP 	fixation_2: autoDraw = False
20.1096 	EXP 	image: autoDraw = True
20.1096 	EXP 	fixation: autoDraw = True
20.2709 	EXP 	image: autoDraw = False
20.2709 	EXP 	fixation: autoDraw = False
20.2709 	EXP 	image: autoDraw = False
20.2709 	EXP 	fixation: autoDraw = False
20.2709 	EXP 	image_2: autoDraw = True
20.2709 	EXP 	fixation_2: autoDraw = True
20.4239 	EXP 	New trial (rep=31, index=0): None
20.4335 	EXP 	image_2: autoDraw = False
20.4335 	EXP 	fixation_2: autoDraw = False
20.4335 	EXP 	image_2: autoDraw = False
20.4335 	EXP 	fixation_2: autoDraw = False
20.4335 	EXP 	image: autoDraw = True
20.4335 	EXP 	fixation: autoDraw = True
20.5976 	EXP 	image: autoDraw = False
20.5976 	EXP 	fixation: autoDraw = False
20.5976 	EXP 	image: autoDraw = False
20.5976 	EXP 	fixation: autoDraw = False
20.5976 	EXP 	image_2: autoDraw = True
20.5976 	EXP 	fixation_2: autoDraw = True
20.7561 	EXP 	New trial (rep=32, index=0): None
20.7653 	EXP 	image_2: autoDraw = False
20.7653 	EXP 	fixation_2: autoDraw = False
20.7653 	EXP 	image_2: autoDraw = False
20.7653 	EXP 	fixation_2: autoDraw = False
20.7653 	EXP 	image: autoDraw = True
20.7653 	EXP 	fixation: autoDraw = True
20.9313 	EXP 	image: autoDraw = False
20.9313 	EXP 	fixation: autoDraw = False
20.9313 	EXP 	image: autoDraw = False
20.9313 	EXP 	fixation: autoDraw = False
20.9313 	EXP 	image_2: autoDraw = True
20.9313 	EXP 	fixation_2: autoDraw = True
21.0849 	EXP 	New trial (rep=33, index=0): None
21.0942 	EXP 	image_2: autoDraw = False
21.0942 	EXP 	fixation_2: autoDraw = False
21.0942 	EXP 	image_2: autoDraw = False
21.0942 	EXP 	fixation_2: autoDraw = False
21.0942 	EXP 	image: autoDraw = True
21.0942 	EXP 	fixation: autoDraw = True
21.2531 	EXP 	image: autoDraw = False
21.2531 	EXP 	fixation: autoDraw = False
21.2531 	EXP 	image: autoDraw = False
21.2531 	EXP 	fixation: autoDraw = False
21.2531 	EXP 	image_2: autoDraw = True
21.2531 	EXP 	fixation_2: autoDraw = True
21.4043 	EXP 	New trial (rep=34, index=0): None
21.4258 	EXP 	image_2: autoDraw = False
21.4258 	EXP 	fixation_2: autoDraw = False
21.4258 	EXP 	image_2: autoDraw = False
21.4258 	EXP 	fixation_2: autoDraw = False
21.4258 	EXP 	image: autoDraw = True
21.4258 	EXP 	fixation: autoDraw = True
21.5921 	EXP 	image: autoDraw = False
21.5921 	EXP 	fixation: autoDraw = False
21.5921 	EXP 	image: autoDraw = False
21.5921 	EXP 	fixation: autoDraw = False
21.5921 	EXP 	image_2: autoDraw = True
21.5921 	EXP 	fixation_2: autoDraw = True
21.7498 	EXP 	New trial (rep=35, index=0): None
21.7596 	EXP 	image_2: autoDraw = False
21.7596 	EXP 	fixation_2: autoDraw = False
21.7596 	EXP 	image_2: autoDraw = False
21.7596 	EXP 	fixation_2: autoDraw = False
21.7596 	EXP 	image: autoDraw = True
21.7596 	EXP 	fixation: autoDraw = True
21.9234 	EXP 	image: autoDraw = False
21.9234 	EXP 	fixation: autoDraw = False
21.9234 	EXP 	image: autoDraw = False
21.9234 	EXP 	fixation: autoDraw = False
21.9234 	EXP 	image_2: autoDraw = True
21.9234 	EXP 	fixation_2: autoDraw = True
22.0776 	EXP 	New trial (rep=36, index=0): None
22.0868 	EXP 	image_2: autoDraw = False
22.0868 	EXP 	fixation_2: autoDraw = False
22.0868 	EXP 	image_2: autoDraw = False
22.0868 	EXP 	fixation_2: autoDraw = False
22.0868 	EXP 	image: autoDraw = True
22.0868 	EXP 	fixation: autoDraw = True
22.2473 	EXP 	image: autoDraw = False
22.2473 	EXP 	fixation: autoDraw = False
22.2473 	EXP 	image: autoDraw = False
22.2473 	EXP 	fixation: autoDraw = False
22.2473 	EXP 	image_2: autoDraw = True
22.2473 	EXP 	fixation_2: autoDraw = True
22.4054 	EXP 	New trial (rep=37, index=0): None
22.4155 	EXP 	image_2: autoDraw = False
22.4155 	EXP 	fixation_2: autoDraw = False
22.4155 	EXP 	image_2: autoDraw = False
22.4155 	EXP 	fixation_2: autoDraw = False
22.4155 	EXP 	image: autoDraw = True
22.4155 	EXP 	fixation: autoDraw = True
22.5759 	EXP 	image: autoDraw = False
22.5759 	EXP 	fixation: autoDraw = False
22.5759 	EXP 	image: autoDraw = False
22.5759 	EXP 	fixation: autoDraw = False
22.5759 	EXP 	image_2: autoDraw = True
22.5759 	EXP 	fixation_2: autoDraw = True
22.7287 	EXP 	New trial (rep=38, index=0): None
22.7429 	EXP 	image_2: autoDraw = False
22.7429 	EXP 	fixation_2: autoDraw = False
22.7429 	EXP 	image_2: autoDraw = False
22.7429 	EXP 	fixation_2: autoDraw = False
22.7429 	EXP 	image: autoDraw = True
22.7429 	EXP 	fixation: autoDraw = True
22.9096 	EXP 	image: autoDraw = False
22.9096 	EXP 	fixation: autoDraw = False
22.9096 	EXP 	image: autoDraw = False
22.9096 	EXP 	fixation: autoDraw = False
22.9096 	EXP 	image_2: autoDraw = True
22.9096 	EXP 	fixation_2: autoDraw = True
23.0619 	EXP 	New trial (rep=39, index=0): None
23.0702 	EXP 	image_2: autoDraw = False
23.0702 	EXP 	fixation_2: autoDraw = False
23.0702 	EXP 	image_2: autoDraw = False
23.0702 	EXP 	fixation_2: autoDraw = False
23.0702 	EXP 	image: autoDraw = True
23.0702 	EXP 	fixation: autoDraw = True
23.2368 	EXP 	image: autoDraw = False
23.2368 	EXP 	fixation: autoDraw = False
23.2368 	EXP 	image: autoDraw = False
23.2368 	EXP 	fixation: autoDraw = False
23.2368 	EXP 	image_2: autoDraw = True
23.2368 	EXP 	fixation_2: autoDraw = True
23.3947 	EXP 	New trial (rep=40, index=0): None
23.4038 	EXP 	image_2: autoDraw = False
23.4038 	EXP 	fixation_2: autoDraw = False
23.4038 	EXP 	image_2: autoDraw = False
23.4038 	EXP 	fixation_2: autoDraw = False
23.4038 	EXP 	image: autoDraw = True
23.4038 	EXP 	fixation: autoDraw = True
23.5617 	EXP 	image: autoDraw = False
23.5617 	EXP 	fixation: autoDraw = False
23.5617 	EXP 	image: autoDraw = False
23.5617 	EXP 	fixation: autoDraw = False
23.5617 	EXP 	image_2: autoDraw = True
23.5617 	EXP 	fixation_2: autoDraw = True
23.7217 	EXP 	New trial (rep=41, index=0): None
23.7311 	EXP 	image_2: autoDraw = False
23.7311 	EXP 	fixation_2: autoDraw = False
23.7311 	EXP 	image_2: autoDraw = False
23.7311 	EXP 	fixation_2: autoDraw = False
23.7311 	EXP 	image: autoDraw = True
23.7311 	EXP 	fixation: autoDraw = True
23.8979 	EXP 	image: autoDraw = False
23.8979 	EXP 	fixation: autoDraw = False
23.8979 	EXP 	image: autoDraw = False
23.8979 	EXP 	fixation: autoDraw = False
23.8979 	EXP 	image_2: autoDraw = True
23.8979 	EXP 	fixation_2: autoDraw = True
24.0533 	EXP 	New trial (rep=42, index=0): None
24.0627 	EXP 	image_2: autoDraw = False
24.0627 	EXP 	fixation_2: autoDraw = False
24.0627 	EXP 	image_2: autoDraw = False
24.0627 	EXP 	fixation_2: autoDraw = False
24.0627 	EXP 	image: autoDraw = True
24.0627 	EXP 	fixation: autoDraw = True
24.2329 	EXP 	image: autoDraw = False
24.2329 	EXP 	fixation: autoDraw = False
24.2329 	EXP 	image: autoDraw = False
24.2329 	EXP 	fixation: autoDraw = False
24.2329 	EXP 	image_2: autoDraw = True
24.2329 	EXP 	fixation_2: autoDraw = True
24.3881 	EXP 	New trial (rep=43, index=0): None
24.4095 	EXP 	image_2: autoDraw = False
24.4095 	EXP 	fixation_2: autoDraw = False
24.4095 	EXP 	image_2: autoDraw = False
24.4095 	EXP 	fixation_2: autoDraw = False
24.4095 	EXP 	image: autoDraw = True
24.4095 	EXP 	fixation: autoDraw = True
24.5708 	EXP 	image: autoDraw = False
24.5708 	EXP 	fixation: autoDraw = False
24.5708 	EXP 	image: autoDraw = False
24.5708 	EXP 	fixation: autoDraw = False
24.5708 	EXP 	image_2: autoDraw = True
24.5708 	EXP 	fixation_2: autoDraw = True
24.7227 	EXP 	New trial (rep=44, index=0): None
24.7329 	EXP 	image_2: autoDraw = False
24.7329 	EXP 	fixation_2: autoDraw = False
24.7329 	EXP 	image_2: autoDraw = False
24.7329 	EXP 	fixation_2: autoDraw = False
24.7329 	EXP 	image: autoDraw = True
24.7329 	EXP 	fixation: autoDraw = True
24.9026 	EXP 	image: autoDraw = False
24.9026 	EXP 	fixation: autoDraw = False
24.9026 	EXP 	image: autoDraw = False
24.9026 	EXP 	fixation: autoDraw = False
24.9026 	EXP 	image_2: autoDraw = True
24.9026 	EXP 	fixation_2: autoDraw = True
25.0621 	EXP 	New trial (rep=45, index=0): None
25.0721 	EXP 	image_2: autoDraw = False
25.0721 	EXP 	fixation_2: autoDraw = False
25.0721 	EXP 	image_2: autoDraw = False
25.0721 	EXP 	fixation_2: autoDraw = False
25.0721 	EXP 	image: autoDraw = True
25.0721 	EXP 	fixation: autoDraw = True
25.2320 	EXP 	image: autoDraw = False
25.2320 	EXP 	fixation: autoDraw = False
25.2320 	EXP 	image: autoDraw = False
25.2320 	EXP 	fixation: autoDraw = False
25.2320 	EXP 	image_2: autoDraw = True
25.2320 	EXP 	fixation_2: autoDraw = True
25.3839 	EXP 	New trial (rep=46, index=0): None
25.3928 	EXP 	image_2: autoDraw = False
25.3928 	EXP 	fixation_2: autoDraw = False
25.3928 	EXP 	image_2: autoDraw = False
25.3928 	EXP 	fixation_2: autoDraw = False
25.3928 	EXP 	image: autoDraw = True
25.3928 	EXP 	fixation: autoDraw = True
25.5522 	EXP 	image: autoDraw = False
25.5522 	EXP 	fixation: autoDraw = False
25.5522 	EXP 	image: autoDraw = False
25.5522 	EXP 	fixation: autoDraw = False
25.5522 	EXP 	image_2: autoDraw = True
25.5522 	EXP 	fixation_2: autoDraw = True
25.7040 	EXP 	New trial (rep=47, index=0): None
25.7138 	EXP 	image_2: autoDraw = False
25.7138 	EXP 	fixation_2: autoDraw = False
25.7138 	EXP 	image_2: autoDraw = False
25.7138 	EXP 	fixation_2: autoDraw = False
25.7138 	EXP 	image: autoDraw = True
25.7138 	EXP 	fixation: autoDraw = True
25.8727 	EXP 	image: autoDraw = False
25.8727 	EXP 	fixation: autoDraw = False
25.8727 	EXP 	image: autoDraw = False
25.8727 	EXP 	fixation: autoDraw = False
25.8727 	EXP 	image_2: autoDraw = True
25.8727 	EXP 	fixation_2: autoDraw = True
26.0228 	EXP 	New trial (rep=48, index=0): None
26.0326 	EXP 	image_2: autoDraw = False
26.0326 	EXP 	fixation_2: autoDraw = False
26.0326 	EXP 	image_2: autoDraw = False
26.0326 	EXP 	fixation_2: autoDraw = False
26.0326 	EXP 	image: autoDraw = True
26.0326 	EXP 	fixation: autoDraw = True
26.2055 	EXP 	image: autoDraw = False
26.2055 	EXP 	fixation: autoDraw = False
26.2055 	EXP 	image: autoDraw = False
26.2055 	EXP 	fixation: autoDraw = False
26.2055 	EXP 	image_2: autoDraw = True
26.2055 	EXP 	fixation_2: autoDraw = True
26.3635 	EXP 	New trial (rep=49, index=0): None
26.3725 	EXP 	image_2: autoDraw = False
26.3725 	EXP 	fixation_2: autoDraw = False
26.3725 	EXP 	image_2: autoDraw = False
26.3725 	EXP 	fixation_2: autoDraw = False
26.3725 	EXP 	image: autoDraw = True
26.3725 	EXP 	fixation: autoDraw = True
26.5338 	EXP 	image: autoDraw = False
26.5338 	EXP 	fixation: autoDraw = False
26.5338 	EXP 	image: autoDraw = False
26.5338 	EXP 	fixation: autoDraw = False
26.5338 	EXP 	image_2: autoDraw = True
26.5338 	EXP 	fixation_2: autoDraw = True
26.6888 	EXP 	New trial (rep=50, index=0): None
26.6984 	EXP 	image_2: autoDraw = False
26.6984 	EXP 	fixation_2: autoDraw = False
26.6984 	EXP 	image_2: autoDraw = False
26.6984 	EXP 	fixation_2: autoDraw = False
26.6984 	EXP 	image: autoDraw = True
26.6984 	EXP 	fixation: autoDraw = True
26.8638 	EXP 	image: autoDraw = False
26.8638 	EXP 	fixation: autoDraw = False
26.8638 	EXP 	image: autoDraw = False
26.8638 	EXP 	fixation: autoDraw = False
26.8638 	EXP 	image_2: autoDraw = True
26.8638 	EXP 	fixation_2: autoDraw = True
27.0161 	EXP 	New trial (rep=51, index=0): None
27.0263 	EXP 	image_2: autoDraw = False
27.0263 	EXP 	fixation_2: autoDraw = False
27.0263 	EXP 	image_2: autoDraw = False
27.0263 	EXP 	fixation_2: autoDraw = False
27.0263 	EXP 	image: autoDraw = True
27.0263 	EXP 	fixation: autoDraw = True
27.1899 	EXP 	image: autoDraw = False
27.1899 	EXP 	fixation: autoDraw = False
27.1899 	EXP 	image: autoDraw = False
27.1899 	EXP 	fixation: autoDraw = False
27.1899 	EXP 	image_2: autoDraw = True
27.1899 	EXP 	fixation_2: autoDraw = True
27.3486 	EXP 	New trial (rep=52, index=0): None
27.3587 	EXP 	image_2: autoDraw = False
27.3587 	EXP 	fixation_2: autoDraw = False
27.3587 	EXP 	image_2: autoDraw = False
27.3587 	EXP 	fixation_2: autoDraw = False
27.3587 	EXP 	image: autoDraw = True
27.3587 	EXP 	fixation: autoDraw = True
27.5222 	EXP 	image: autoDraw = False
27.5222 	EXP 	fixation: autoDraw = False
27.5222 	EXP 	image: autoDraw = False
27.5222 	EXP 	fixation: autoDraw = False
27.5222 	EXP 	image_2: autoDraw = True
27.5222 	EXP 	fixation_2: autoDraw = True
27.6821 	EXP 	New trial (rep=53, index=0): None
27.6910 	EXP 	image_2: autoDraw = False
27.6910 	EXP 	fixation_2: autoDraw = False
27.6910 	EXP 	image_2: autoDraw = False
27.6910 	EXP 	fixation_2: autoDraw = False
27.6910 	EXP 	image: autoDraw = True
27.6910 	EXP 	fixation: autoDraw = True
27.8598 	EXP 	image: autoDraw = False
27.8598 	EXP 	fixation: autoDraw = False
27.8598 	EXP 	image: autoDraw = False
27.8598 	EXP 	fixation: autoDraw = False
27.8598 	EXP 	image_2: autoDraw = True
27.8598 	EXP 	fixation_2: autoDraw = True
28.0125 	EXP 	New trial (rep=54, index=0): None
28.0220 	EXP 	image_2: autoDraw = False
28.0220 	EXP 	fixation_2: autoDraw = False
28.0220 	EXP 	image_2: autoDraw = False
28.0220 	EXP 	fixation_2: autoDraw = False
28.0220 	EXP 	image: autoDraw = True
28.0220 	EXP 	fixation: autoDraw = True
28.1879 	EXP 	image: autoDraw = False
28.1879 	EXP 	fixation: autoDraw = False
28.1879 	EXP 	image: autoDraw = False
28.1879 	EXP 	fixation: autoDraw = False
28.1879 	EXP 	image_2: autoDraw = True
28.1879 	EXP 	fixation_2: autoDraw = True
28.3392 	EXP 	New trial (rep=55, index=0): None
28.3495 	EXP 	image_2: autoDraw = False
28.3495 	EXP 	fixation_2: autoDraw = False
28.3495 	EXP 	image_2: autoDraw = False
28.3495 	EXP 	fixation_2: autoDraw = False
28.3495 	EXP 	image: autoDraw = True
28.3495 	EXP 	fixation: autoDraw = True
28.5204 	EXP 	image: autoDraw = False
28.5204 	EXP 	fixation: autoDraw = False
28.5204 	EXP 	image: autoDraw = False
28.5204 	EXP 	fixation: autoDraw = False
28.5204 	EXP 	image_2: autoDraw = True
28.5204 	EXP 	fixation_2: autoDraw = True
28.6785 	EXP 	New trial (rep=56, index=0): None
28.6878 	EXP 	image_2: autoDraw = False
28.6878 	EXP 	fixation_2: autoDraw = False
28.6878 	EXP 	image_2: autoDraw = False
28.6878 	EXP 	fixation_2: autoDraw = False
28.6878 	EXP 	image: autoDraw = True
28.6878 	EXP 	fixation: autoDraw = True
28.8592 	EXP 	image: autoDraw = False
28.8592 	EXP 	fixation: autoDraw = False
28.8592 	EXP 	image: autoDraw = False
28.8592 	EXP 	fixation: autoDraw = False
28.8592 	EXP 	image_2: autoDraw = True
28.8592 	EXP 	fixation_2: autoDraw = True
29.0173 	EXP 	New trial (rep=57, index=0): None
29.0278 	EXP 	image_2: autoDraw = False
29.0278 	EXP 	fixation_2: autoDraw = False
29.0278 	EXP 	image_2: autoDraw = False
29.0278 	EXP 	fixation_2: autoDraw = False
29.0278 	EXP 	image: autoDraw = True
29.0278 	EXP 	fixation: autoDraw = True
29.1882 	EXP 	image: autoDraw = False
29.1882 	EXP 	fixation: autoDraw = False
29.1882 	EXP 	image: autoDraw = False
29.1882 	EXP 	fixation: autoDraw = False
29.1882 	EXP 	image_2: autoDraw = True
29.1882 	EXP 	fixation_2: autoDraw = True
29.3471 	EXP 	New trial (rep=58, index=0): None
29.3565 	EXP 	image_2: autoDraw = False
29.3565 	EXP 	fixation_2: autoDraw = False
29.3565 	EXP 	image_2: autoDraw = False
29.3565 	EXP 	fixation_2: autoDraw = False
29.3565 	EXP 	image: autoDraw = True
29.3565 	EXP 	fixation: autoDraw = True
29.5191 	EXP 	image: autoDraw = False
29.5191 	EXP 	fixation: autoDraw = False
29.5191 	EXP 	image: autoDraw = False
29.5191 	EXP 	fixation: autoDraw = False
29.5191 	EXP 	image_2: autoDraw = True
29.5191 	EXP 	fixation_2: autoDraw = True
29.6791 	EXP 	New trial (rep=59, index=0): None
29.6889 	EXP 	image_2: autoDraw = False
29.6889 	EXP 	fixation_2: autoDraw = False
29.6889 	EXP 	image_2: autoDraw = False
29.6889 	EXP 	fixation_2: autoDraw = False
29.6889 	EXP 	image: autoDraw = True
29.6889 	EXP 	fixation: autoDraw = True
29.8578 	EXP 	image: autoDraw = False
29.8578 	EXP 	fixation: autoDraw = False
29.8578 	EXP 	image: autoDraw = False
29.8578 	EXP 	fixation: autoDraw = False
29.8578 	EXP 	image_2: autoDraw = True
29.8578 	EXP 	fixation_2: autoDraw = True
30.0143 	EXP 	New trial (rep=60, index=0): None
30.0227 	EXP 	image_2: autoDraw = False
30.0227 	EXP 	fixation_2: autoDraw = False
30.0227 	EXP 	image_2: autoDraw = False
30.0227 	EXP 	fixation_2: autoDraw = False
30.0227 	EXP 	image: autoDraw = True
30.0227 	EXP 	fixation: autoDraw = True
30.1872 	EXP 	image: autoDraw = False
30.1872 	EXP 	fixation: autoDraw = False
30.1872 	EXP 	image: autoDraw = False
30.1872 	EXP 	fixation: autoDraw = False
30.1872 	EXP 	image_2: autoDraw = True
30.1872 	EXP 	fixation_2: autoDraw = True
30.3458 	EXP 	New trial (rep=61, index=0): None
30.3548 	EXP 	image_2: autoDraw = False
30.3548 	EXP 	fixation_2: autoDraw = False
30.3548 	EXP 	image_2: autoDraw = False
30.3548 	EXP 	fixation_2: autoDraw = False
30.3548 	EXP 	image: autoDraw = True
30.3548 	EXP 	fixation: autoDraw = True
30.5151 	EXP 	image: autoDraw = False
30.5151 	EXP 	fixation: autoDraw = False
30.5151 	EXP 	image: autoDraw = False
30.5151 	EXP 	fixation: autoDraw = False
30.5151 	EXP 	image_2: autoDraw = True
30.5151 	EXP 	fixation_2: autoDraw = True
30.6782 	EXP 	New trial (rep=62, index=0): None
30.6932 	EXP 	image_2: autoDraw = False
30.6932 	EXP 	fixation_2: autoDraw = False
30.6932 	EXP 	image_2: autoDraw = False
30.6932 	EXP 	fixation_2: autoDraw = False
30.6932 	EXP 	image: autoDraw = True
30.6932 	EXP 	fixation: autoDraw = True
30.8545 	EXP 	image: autoDraw = False
30.8545 	EXP 	fixation: autoDraw = False
30.8545 	EXP 	image: autoDraw = False
30.8545 	EXP 	fixation: autoDraw = False
30.8545 	EXP 	image_2: autoDraw = True
30.8545 	EXP 	fixation_2: autoDraw = True
31.0115 	EXP 	New trial (rep=63, index=0): None
31.0198 	EXP 	image_2: autoDraw = False
31.0198 	EXP 	fixation_2: autoDraw = False
31.0198 	EXP 	image_2: autoDraw = False
31.0198 	EXP 	fixation_2: autoDraw = False
31.0198 	EXP 	image: autoDraw = True
31.0198 	EXP 	fixation: autoDraw = True
31.1877 	EXP 	image: autoDraw = False
31.1877 	EXP 	fixation: autoDraw = False
31.1877 	EXP 	image: autoDraw = False
31.1877 	EXP 	fixation: autoDraw = False
31.1877 	EXP 	image_2: autoDraw = True
31.1877 	EXP 	fixation_2: autoDraw = True
31.3407 	EXP 	New trial (rep=64, index=0): None
31.3494 	EXP 	image_2: autoDraw = False
31.3494 	EXP 	fixation_2: autoDraw = False
31.3494 	EXP 	image_2: autoDraw = False
31.3494 	EXP 	fixation_2: autoDraw = False
31.3494 	EXP 	image: autoDraw = True
31.3494 	EXP 	fixation: autoDraw = True
31.5096 	EXP 	image: autoDraw = False
31.5096 	EXP 	fixation: autoDraw = False
31.5096 	EXP 	image: autoDraw = False
31.5096 	EXP 	fixation: autoDraw = False
31.5096 	EXP 	image_2: autoDraw = True
31.5096 	EXP 	fixation_2: autoDraw = True
31.6659 	EXP 	New trial (rep=65, index=0): None
31.6761 	EXP 	image_2: autoDraw = False
31.6761 	EXP 	fixation_2: autoDraw = False
31.6761 	EXP 	image_2: autoDraw = False
31.6761 	EXP 	fixation_2: autoDraw = False
31.6761 	EXP 	image: autoDraw = True
31.6761 	EXP 	fixation: autoDraw = True
31.8433 	EXP 	image: autoDraw = False
31.8433 	EXP 	fixation: autoDraw = False
31.8433 	EXP 	image: autoDraw = False
31.8433 	EXP 	fixation: autoDraw = False
31.8433 	EXP 	image_2: autoDraw = True
31.8433 	EXP 	fixation_2: autoDraw = True
31.9950 	EXP 	New trial (rep=66, index=0): None
32.0050 	EXP 	image_2: autoDraw = False
32.0050 	EXP 	fixation_2: autoDraw = False
32.0050 	EXP 	image_2: autoDraw = False
32.0050 	EXP 	fixation_2: autoDraw = False
32.0050 	EXP 	image: autoDraw = True
32.0050 	EXP 	fixation: autoDraw = True
32.1702 	EXP 	image: autoDraw = False
32.1702 	EXP 	fixation: autoDraw = False
32.1702 	EXP 	image: autoDraw = False
32.1702 	EXP 	fixation: autoDraw = False
32.1702 	EXP 	image_2: autoDraw = True
32.1702 	EXP 	fixation_2: autoDraw = True
32.3228 	EXP 	New trial (rep=67, index=0): None
32.3388 	EXP 	image_2: autoDraw = False
32.3388 	EXP 	fixation_2: autoDraw = False
32.3388 	EXP 	image_2: autoDraw = False
32.3388 	EXP 	fixation_2: autoDraw = False
32.3388 	EXP 	image: autoDraw = True
32.3388 	EXP 	fixation: autoDraw = True
32.5046 	EXP 	image: autoDraw = False
32.5046 	EXP 	fixation: autoDraw = False
32.5046 	EXP 	image: autoDraw = False
32.5046 	EXP 	fixation: autoDraw = False
32.5046 	EXP 	image_2: autoDraw = True
32.5046 	EXP 	fixation_2: autoDraw = True
32.6644 	EXP 	New trial (rep=68, index=0): None
32.6744 	EXP 	image_2: autoDraw = False
32.6744 	EXP 	fixation_2: autoDraw = False
32.6744 	EXP 	image_2: autoDraw = False
32.6744 	EXP 	fixation_2: autoDraw = False
32.6744 	EXP 	image: autoDraw = True
32.6744 	EXP 	fixation: autoDraw = True
32.8362 	EXP 	image: autoDraw = False
32.8362 	EXP 	fixation: autoDraw = False
32.8362 	EXP 	image: autoDraw = False
32.8362 	EXP 	fixation: autoDraw = False
32.8362 	EXP 	image_2: autoDraw = True
32.8362 	EXP 	fixation_2: autoDraw = True
32.9883 	EXP 	New trial (rep=69, index=0): None
32.9981 	EXP 	image_2: autoDraw = False
32.9981 	EXP 	fixation_2: autoDraw = False
32.9981 	EXP 	image_2: autoDraw = False
32.9981 	EXP 	fixation_2: autoDraw = False
32.9981 	EXP 	image: autoDraw = True
32.9981 	EXP 	fixation: autoDraw = True
33.1763 	EXP 	image: autoDraw = False
33.1763 	EXP 	fixation: autoDraw = False
33.1763 	EXP 	image: autoDraw = False
33.1763 	EXP 	fixation: autoDraw = False
33.1763 	EXP 	image_2: autoDraw = True
33.1763 	EXP 	fixation_2: autoDraw = True
33.3318 	EXP 	New trial (rep=70, index=0): None
33.3406 	EXP 	image_2: autoDraw = False
33.3406 	EXP 	fixation_2: autoDraw = False
33.3406 	EXP 	image_2: autoDraw = False
33.3406 	EXP 	fixation_2: autoDraw = False
33.3406 	EXP 	image: autoDraw = True
33.3406 	EXP 	fixation: autoDraw = True
33.5023 	EXP 	image: autoDraw = False
33.5023 	EXP 	fixation: autoDraw = False
33.5023 	EXP 	image: autoDraw = False
33.5023 	EXP 	fixation: autoDraw = False
33.5023 	EXP 	image_2: autoDraw = True
33.5023 	EXP 	fixation_2: autoDraw = True
33.6549 	EXP 	New trial (rep=71, index=0): None
33.6761 	EXP 	image_2: autoDraw = False
33.6761 	EXP 	fixation_2: autoDraw = False
33.6761 	EXP 	image_2: autoDraw = False
33.6761 	EXP 	fixation_2: autoDraw = False
33.6761 	EXP 	image: autoDraw = True
33.6761 	EXP 	fixation: autoDraw = True
33.8601 	EXP 	image: autoDraw = False
33.8601 	EXP 	fixation: autoDraw = False
33.8601 	EXP 	image: autoDraw = False
33.8601 	EXP 	fixation: autoDraw = False
33.8601 	EXP 	image_2: autoDraw = True
33.8601 	EXP 	fixation_2: autoDraw = True
34.0145 	EXP 	New trial (rep=72, index=0): None
34.0233 	EXP 	image_2: autoDraw = False
34.0233 	EXP 	fixation_2: autoDraw = False
34.0233 	EXP 	image_2: autoDraw = False
34.0233 	EXP 	fixation_2: autoDraw = False
34.0233 	EXP 	image: autoDraw = True
34.0233 	EXP 	fixation: autoDraw = True
34.1869 	EXP 	image: autoDraw = False
34.1869 	EXP 	fixation: autoDraw = False
34.1869 	EXP 	image: autoDraw = False
34.1869 	EXP 	fixation: autoDraw = False
34.1869 	EXP 	image_2: autoDraw = True
34.1869 	EXP 	fixation_2: autoDraw = True
34.3412 	EXP 	New trial (rep=73, index=0): None
34.3498 	EXP 	image_2: autoDraw = False
34.3498 	EXP 	fixation_2: autoDraw = False
34.3498 	EXP 	image_2: autoDraw = False
34.3498 	EXP 	fixation_2: autoDraw = False
34.3498 	EXP 	image: autoDraw = True
34.3498 	EXP 	fixation: autoDraw = True
34.5153 	EXP 	image: autoDraw = False
34.5153 	EXP 	fixation: autoDraw = False
34.5153 	EXP 	image: autoDraw = False
34.5153 	EXP 	fixation: autoDraw = False
34.5153 	EXP 	image_2: autoDraw = True
34.5153 	EXP 	fixation_2: autoDraw = True
34.6652 	EXP 	New trial (rep=74, index=0): None
34.6758 	EXP 	image_2: autoDraw = False
34.6758 	EXP 	fixation_2: autoDraw = False
34.6758 	EXP 	image_2: autoDraw = False
34.6758 	EXP 	fixation_2: autoDraw = False
34.6758 	EXP 	image: autoDraw = True
34.6758 	EXP 	fixation: autoDraw = True
34.8358 	EXP 	image: autoDraw = False
34.8358 	EXP 	fixation: autoDraw = False
34.8358 	EXP 	image: autoDraw = False
34.8358 	EXP 	fixation: autoDraw = False
34.8358 	EXP 	image_2: autoDraw = True
34.8358 	EXP 	fixation_2: autoDraw = True
34.9893 	EXP 	New trial (rep=75, index=0): None
34.9991 	EXP 	image_2: autoDraw = False
34.9991 	EXP 	fixation_2: autoDraw = False
34.9991 	EXP 	image_2: autoDraw = False
34.9991 	EXP 	fixation_2: autoDraw = False
34.9991 	EXP 	image: autoDraw = True
34.9991 	EXP 	fixation: autoDraw = True
35.1619 	EXP 	image: autoDraw = False
35.1619 	EXP 	fixation: autoDraw = False
35.1619 	EXP 	image: autoDraw = False
35.1619 	EXP 	fixation: autoDraw = False
35.1619 	EXP 	image_2: autoDraw = True
35.1619 	EXP 	fixation_2: autoDraw = True
35.3192 	EXP 	New trial (rep=76, index=0): None
35.3292 	EXP 	image_2: autoDraw = False
35.3292 	EXP 	fixation_2: autoDraw = False
35.3292 	EXP 	image_2: autoDraw = False
35.3292 	EXP 	fixation_2: autoDraw = False
35.3292 	EXP 	image: autoDraw = True
35.3292 	EXP 	fixation: autoDraw = True
35.4957 	EXP 	image: autoDraw = False
35.4957 	EXP 	fixation: autoDraw = False
35.4957 	EXP 	image: autoDraw = False
35.4957 	EXP 	fixation: autoDraw = False
35.4957 	EXP 	image_2: autoDraw = True
35.4957 	EXP 	fixation_2: autoDraw = True
35.6532 	EXP 	New trial (rep=77, index=0): None
35.6635 	EXP 	image_2: autoDraw = False
35.6635 	EXP 	fixation_2: autoDraw = False
35.6635 	EXP 	image_2: autoDraw = False
35.6635 	EXP 	fixation_2: autoDraw = False
35.6635 	EXP 	image: autoDraw = True
35.6635 	EXP 	fixation: autoDraw = True
35.8427 	EXP 	image: autoDraw = False
35.8427 	EXP 	fixation: autoDraw = False
35.8427 	EXP 	image: autoDraw = False
35.8427 	EXP 	fixation: autoDraw = False
35.8427 	EXP 	image_2: autoDraw = True
35.8427 	EXP 	fixation_2: autoDraw = True
35.9941 	EXP 	New trial (rep=78, index=0): None
36.0027 	EXP 	image_2: autoDraw = False
36.0027 	EXP 	fixation_2: autoDraw = False
36.0027 	EXP 	image_2: autoDraw = False
36.0027 	EXP 	fixation_2: autoDraw = False
36.0027 	EXP 	image: autoDraw = True
36.0027 	EXP 	fixation: autoDraw = True
36.1609 	EXP 	image: autoDraw = False
36.1609 	EXP 	fixation: autoDraw = False
36.1609 	EXP 	image: autoDraw = False
36.1609 	EXP 	fixation: autoDraw = False
36.1609 	EXP 	image_2: autoDraw = True
36.1609 	EXP 	fixation_2: autoDraw = True
36.3143 	EXP 	New trial (rep=79, index=0): None
36.3241 	EXP 	image_2: autoDraw = False
36.3241 	EXP 	fixation_2: autoDraw = False
36.3241 	EXP 	image_2: autoDraw = False
36.3241 	EXP 	fixation_2: autoDraw = False
36.3241 	EXP 	image: autoDraw = True
36.3241 	EXP 	fixation: autoDraw = True
36.4820 	EXP 	image: autoDraw = False
36.4820 	EXP 	fixation: autoDraw = False
36.4820 	EXP 	image: autoDraw = False
36.4820 	EXP 	fixation: autoDraw = False
36.4820 	EXP 	image_2: autoDraw = True
36.4820 	EXP 	fixation_2: autoDraw = True
36.6369 	EXP 	New trial (rep=80, index=0): None
36.6457 	EXP 	image_2: autoDraw = False
36.6457 	EXP 	fixation_2: autoDraw = False
36.6457 	EXP 	image_2: autoDraw = False
36.6457 	EXP 	fixation_2: autoDraw = False
36.6457 	EXP 	image: autoDraw = True
36.6457 	EXP 	fixation: autoDraw = True
36.8067 	EXP 	image: autoDraw = False
36.8067 	EXP 	fixation: autoDraw = False
36.8067 	EXP 	image: autoDraw = False
36.8067 	EXP 	fixation: autoDraw = False
36.8067 	EXP 	image_2: autoDraw = True
36.8067 	EXP 	fixation_2: autoDraw = True
36.9783 	EXP 	New trial (rep=81, index=0): None
36.9931 	EXP 	image_2: autoDraw = False
36.9931 	EXP 	fixation_2: autoDraw = False
36.9931 	EXP 	image_2: autoDraw = False
36.9931 	EXP 	fixation_2: autoDraw = False
36.9931 	EXP 	image: autoDraw = True
36.9931 	EXP 	fixation: autoDraw = True
37.1540 	EXP 	image: autoDraw = False
37.1540 	EXP 	fixation: autoDraw = False
37.1540 	EXP 	image: autoDraw = False
37.1540 	EXP 	fixation: autoDraw = False
37.1540 	EXP 	image_2: autoDraw = True
37.1540 	EXP 	fixation_2: autoDraw = True
37.3046 	EXP 	New trial (rep=82, index=0): None
37.3146 	EXP 	image_2: autoDraw = False
37.3146 	EXP 	fixation_2: autoDraw = False
37.3146 	EXP 	image_2: autoDraw = False
37.3146 	EXP 	fixation_2: autoDraw = False
37.3146 	EXP 	image: autoDraw = True
37.3146 	EXP 	fixation: autoDraw = True
37.4790 	EXP 	image: autoDraw = False
37.4790 	EXP 	fixation: autoDraw = False
37.4790 	EXP 	image: autoDraw = False
37.4790 	EXP 	fixation: autoDraw = False
37.4790 	EXP 	image_2: autoDraw = True
37.4790 	EXP 	fixation_2: autoDraw = True
37.6381 	EXP 	New trial (rep=83, index=0): None
37.6485 	EXP 	image_2: autoDraw = False
37.6485 	EXP 	fixation_2: autoDraw = False
37.6485 	EXP 	image_2: autoDraw = False
37.6485 	EXP 	fixation_2: autoDraw = False
37.6485 	EXP 	image: autoDraw = True
37.6485 	EXP 	fixation: autoDraw = True
37.8111 	EXP 	image: autoDraw = False
37.8111 	EXP 	fixation: autoDraw = False
37.8111 	EXP 	image: autoDraw = False
37.8111 	EXP 	fixation: autoDraw = False
37.8111 	EXP 	image_2: autoDraw = True
37.8111 	EXP 	fixation_2: autoDraw = True
37.9666 	EXP 	New trial (rep=84, index=0): None
37.9762 	EXP 	image_2: autoDraw = False
37.9762 	EXP 	fixation_2: autoDraw = False
37.9762 	EXP 	image_2: autoDraw = False
37.9762 	EXP 	fixation_2: autoDraw = False
37.9762 	EXP 	image: autoDraw = True
37.9762 	EXP 	fixation: autoDraw = True
38.1392 	EXP 	image: autoDraw = False
38.1392 	EXP 	fixation: autoDraw = False
38.1392 	EXP 	image: autoDraw = False
38.1392 	EXP 	fixation: autoDraw = False
38.1392 	EXP 	image_2: autoDraw = True
38.1392 	EXP 	fixation_2: autoDraw = True
38.2909 	EXP 	New trial (rep=85, index=0): None
38.2991 	EXP 	image_2: autoDraw = False
38.2991 	EXP 	fixation_2: autoDraw = False
38.2991 	EXP 	image_2: autoDraw = False
38.2991 	EXP 	fixation_2: autoDraw = False
38.2991 	EXP 	image: autoDraw = True
38.2991 	EXP 	fixation: autoDraw = True
38.4705 	EXP 	image: autoDraw = False
38.4705 	EXP 	fixation: autoDraw = False
38.4705 	EXP 	image: autoDraw = False
38.4705 	EXP 	fixation: autoDraw = False
38.4705 	EXP 	image_2: autoDraw = True
38.4705 	EXP 	fixation_2: autoDraw = True
38.6277 	EXP 	New trial (rep=86, index=0): None
38.6366 	EXP 	image_2: autoDraw = False
38.6366 	EXP 	fixation_2: autoDraw = False
38.6366 	EXP 	image_2: autoDraw = False
38.6366 	EXP 	fixation_2: autoDraw = False
38.6366 	EXP 	image: autoDraw = True
38.6366 	EXP 	fixation: autoDraw = True
38.7955 	EXP 	image: autoDraw = False
38.7955 	EXP 	fixation: autoDraw = False
38.7955 	EXP 	image: autoDraw = False
38.7955 	EXP 	fixation: autoDraw = False
38.7955 	EXP 	image_2: autoDraw = True
38.7955 	EXP 	fixation_2: autoDraw = True
38.9469 	EXP 	New trial (rep=87, index=0): None
38.9566 	EXP 	image_2: autoDraw = False
38.9566 	EXP 	fixation_2: autoDraw = False
38.9566 	EXP 	image_2: autoDraw = False
38.9566 	EXP 	fixation_2: autoDraw = False
38.9566 	EXP 	image: autoDraw = True
38.9566 	EXP 	fixation: autoDraw = True
39.1168 	EXP 	image: autoDraw = False
39.1168 	EXP 	fixation: autoDraw = False
39.1168 	EXP 	image: autoDraw = False
39.1168 	EXP 	fixation: autoDraw = False
39.1168 	EXP 	image_2: autoDraw = True
39.1168 	EXP 	fixation_2: autoDraw = True
39.2723 	EXP 	New trial (rep=88, index=0): None
39.2925 	EXP 	image_2: autoDraw = False
39.2925 	EXP 	fixation_2: autoDraw = False
39.2925 	EXP 	image_2: autoDraw = False
39.2925 	EXP 	fixation_2: autoDraw = False
39.2925 	EXP 	image: autoDraw = True
39.2925 	EXP 	fixation: autoDraw = True
39.4529 	EXP 	image: autoDraw = False
39.4529 	EXP 	fixation: autoDraw = False
39.4529 	EXP 	image: autoDraw = False
39.4529 	EXP 	fixation: autoDraw = False
39.4529 	EXP 	image_2: autoDraw = True
39.4529 	EXP 	fixation_2: autoDraw = True
39.6060 	EXP 	New trial (rep=89, index=0): None
39.6158 	EXP 	image_2: autoDraw = False
39.6158 	EXP 	fixation_2: autoDraw = False
39.6158 	EXP 	image_2: autoDraw = False
39.6158 	EXP 	fixation_2: autoDraw = False
39.6158 	EXP 	image: autoDraw = True
39.6158 	EXP 	fixation: autoDraw = True
39.7802 	EXP 	image: autoDraw = False
39.7802 	EXP 	fixation: autoDraw = False
39.7802 	EXP 	image: autoDraw = False
39.7802 	EXP 	fixation: autoDraw = False
39.7802 	EXP 	image_2: autoDraw = True
39.7802 	EXP 	fixation_2: autoDraw = True
39.9396 	EXP 	New trial (rep=90, index=0): None
39.9495 	EXP 	image_2: autoDraw = False
39.9495 	EXP 	fixation_2: autoDraw = False
39.9495 	EXP 	image_2: autoDraw = False
39.9495 	EXP 	fixation_2: autoDraw = False
39.9495 	EXP 	image: autoDraw = True
39.9495 	EXP 	fixation: autoDraw = True
40.1121 	EXP 	image: autoDraw = False
40.1121 	EXP 	fixation: autoDraw = False
40.1121 	EXP 	image: autoDraw = False
40.1121 	EXP 	fixation: autoDraw = False
40.1121 	EXP 	image_2: autoDraw = True
40.1121 	EXP 	fixation_2: autoDraw = True
40.2720 	EXP 	New trial (rep=91, index=0): None
40.2821 	EXP 	image_2: autoDraw = False
40.2821 	EXP 	fixation_2: autoDraw = False
40.2821 	EXP 	image_2: autoDraw = False
40.2821 	EXP 	fixation_2: autoDraw = False
40.2821 	EXP 	image: autoDraw = True
40.2821 	EXP 	fixation: autoDraw = True
40.4467 	EXP 	image: autoDraw = False
40.4467 	EXP 	fixation: autoDraw = False
40.4467 	EXP 	image: autoDraw = False
40.4467 	EXP 	fixation: autoDraw = False
40.4467 	EXP 	image_2: autoDraw = True
40.4467 	EXP 	fixation_2: autoDraw = True
40.6046 	EXP 	New trial (rep=92, index=0): None
40.6264 	EXP 	image_2: autoDraw = False
40.6264 	EXP 	fixation_2: autoDraw = False
40.6264 	EXP 	image_2: autoDraw = False
40.6264 	EXP 	fixation_2: autoDraw = False
40.6264 	EXP 	image: autoDraw = True
40.6264 	EXP 	fixation: autoDraw = True
40.7861 	EXP 	image: autoDraw = False
40.7861 	EXP 	fixation: autoDraw = False
40.7861 	EXP 	image: autoDraw = False
40.7861 	EXP 	fixation: autoDraw = False
40.7861 	EXP 	image_2: autoDraw = True
40.7861 	EXP 	fixation_2: autoDraw = True
40.9450 	EXP 	New trial (rep=93, index=0): None
40.9598 	EXP 	image_2: autoDraw = False
40.9598 	EXP 	fixation_2: autoDraw = False
40.9598 	EXP 	image_2: autoDraw = False
40.9598 	EXP 	fixation_2: autoDraw = False
40.9598 	EXP 	image: autoDraw = True
40.9598 	EXP 	fixation: autoDraw = True
41.1194 	EXP 	image: autoDraw = False
41.1194 	EXP 	fixation: autoDraw = False
41.1194 	EXP 	image: autoDraw = False
41.1194 	EXP 	fixation: autoDraw = False
41.1194 	EXP 	image_2: autoDraw = True
41.1194 	EXP 	fixation_2: autoDraw = True
41.2721 	EXP 	New trial (rep=94, index=0): None
41.2815 	EXP 	image_2: autoDraw = False
41.2815 	EXP 	fixation_2: autoDraw = False
41.2815 	EXP 	image_2: autoDraw = False
41.2815 	EXP 	fixation_2: autoDraw = False
41.2815 	EXP 	image: autoDraw = True
41.2815 	EXP 	fixation: autoDraw = True
41.4440 	EXP 	image: autoDraw = False
41.4440 	EXP 	fixation: autoDraw = False
41.4440 	EXP 	image: autoDraw = False
41.4440 	EXP 	fixation: autoDraw = False
41.4440 	EXP 	image_2: autoDraw = True
41.4440 	EXP 	fixation_2: autoDraw = True
41.5969 	EXP 	New trial (rep=95, index=0): None
41.6056 	EXP 	image_2: autoDraw = False
41.6056 	EXP 	fixation_2: autoDraw = False
41.6056 	EXP 	image_2: autoDraw = False
41.6056 	EXP 	fixation_2: autoDraw = False
41.6056 	EXP 	image: autoDraw = True
41.6056 	EXP 	fixation: autoDraw = True
41.7762 	EXP 	image: autoDraw = False
41.7762 	EXP 	fixation: autoDraw = False
41.7762 	EXP 	image: autoDraw = False
41.7762 	EXP 	fixation: autoDraw = False
41.7762 	EXP 	image_2: autoDraw = True
41.7762 	EXP 	fixation_2: autoDraw = True
41.9286 	EXP 	New trial (rep=96, index=0): None
41.9432 	EXP 	image_2: autoDraw = False
41.9432 	EXP 	fixation_2: autoDraw = False
41.9432 	EXP 	image_2: autoDraw = False
41.9432 	EXP 	fixation_2: autoDraw = False
41.9432 	EXP 	image: autoDraw = True
41.9432 	EXP 	fixation: autoDraw = True
42.1033 	EXP 	image: autoDraw = False
42.1033 	EXP 	fixation: autoDraw = False
42.1033 	EXP 	image: autoDraw = False
42.1033 	EXP 	fixation: autoDraw = False
42.1033 	EXP 	image_2: autoDraw = True
42.1033 	EXP 	fixation_2: autoDraw = True
42.2627 	EXP 	New trial (rep=97, index=0): None
42.2727 	EXP 	image_2: autoDraw = False
42.2727 	EXP 	fixation_2: autoDraw = False
42.2727 	EXP 	image_2: autoDraw = False
42.2727 	EXP 	fixation_2: autoDraw = False
42.2727 	EXP 	image: autoDraw = True
42.2727 	EXP 	fixation: autoDraw = True
42.4364 	EXP 	image: autoDraw = False
42.4364 	EXP 	fixation: autoDraw = False
42.4364 	EXP 	image: autoDraw = False
42.4364 	EXP 	fixation: autoDraw = False
42.4364 	EXP 	image_2: autoDraw = True
42.4364 	EXP 	fixation_2: autoDraw = True
42.5950 	EXP 	New trial (rep=98, index=0): None
42.6098 	EXP 	image_2: autoDraw = False
42.6098 	EXP 	fixation_2: autoDraw = False
42.6098 	EXP 	image_2: autoDraw = False
42.6098 	EXP 	fixation_2: autoDraw = False
42.6098 	EXP 	image: autoDraw = True
42.6098 	EXP 	fixation: autoDraw = True
42.7693 	EXP 	image: autoDraw = False
42.7693 	EXP 	fixation: autoDraw = False
42.7693 	EXP 	image: autoDraw = False
42.7693 	EXP 	fixation: autoDraw = False
42.7693 	EXP 	image_2: autoDraw = True
42.7693 	EXP 	fixation_2: autoDraw = True
42.9227 	EXP 	New trial (rep=99, index=0): None
42.9318 	EXP 	image_2: autoDraw = False
42.9318 	EXP 	fixation_2: autoDraw = False
42.9318 	EXP 	image_2: autoDraw = False
42.9318 	EXP 	fixation_2: autoDraw = False
42.9318 	EXP 	image: autoDraw = True
42.9318 	EXP 	fixation: autoDraw = True
43.0990 	EXP 	image: autoDraw = False
43.0990 	EXP 	fixation: autoDraw = False
43.0990 	EXP 	image: autoDraw = False
43.0990 	EXP 	fixation: autoDraw = False
43.0990 	EXP 	image_2: autoDraw = True
43.0990 	EXP 	fixation_2: autoDraw = True
43.2596 	EXP 	image_2: autoDraw = False
43.2596 	EXP 	fixation_2: autoDraw = False
43.2596 	EXP 	image_2: autoDraw = False
43.2596 	EXP 	fixation_2: autoDraw = False
43.3376 	EXP 	window1: mouseVisible = True
