1.6043 	WARNING 	We strongly recommend you activate the PTB sound engine in PsychoPy prefs as the preferred audio engine. Its timing is vastly superior. Your prefs are currently set to use ['sounddevice', 'PTB', 'pyo', 'pygame'] (in that order).
7.1902 	WARNING 	User requested fullscreen with size [1024  768], but screen is actually [1440, 900]. Using actual size
8.5550 	WARNING 	Couldn't measure a consistent frame rate!
  - Is your graphics card set to sync to vertical blank?
  - Are you running other processes on your computer?

8.5561 	EXP 	Created window1 = Window(allowGUI=True, allowStencil=False, autoLog=True, backendConf=UNKNOWN, bitsMode=UNKNOWN, blendMode='avg', bpc=(8, 8, 8), color=array([0, 0, 0]), colorSpace='rgb', depthBits=8, fullscr=<method-wrapper '__getattribute__' of attributeSetter object at 0x7f93b47b7910>, gamma=None, gammaErrorPolicy='raise', lms=UNKNOWN, monitor=<psychopy.monitors.calibTools.Monitor object at 0x7f93735f9700>, multiSample=False, name='window1', numSamples=2, pos=[360.0, 225.0], screen=0, size=array([2880, 1800]), stencilBits=0, stereo=False, units='height', useFBO=True, useRetina=True, viewOri=0.0, viewPos=None, viewScale=None, waitBlanking=True, winType='pyglet')
8.5565 	EXP 	window1: mouseVisible = True
8.5575 	EXP 	window1: mouseVisible = False
8.5576 	EXP 	window1: Attempting to measure frame rate of screen (0) ...
8.5576 	EXP 	window1: recordFrameIntervals = False
8.6371 	EXP 	window1: recordFrameIntervals = True
9.4715 	WARNING 	Couldn't measure a consistent frame rate!
  - Is your graphics card set to sync to vertical blank?
  - Are you running other processes on your computer?

11.6994 	EXP 	Created grating1 = GratingStim(__class__=<class 'psychopy.visual.grating.GratingStim'>, anchor='center', autoDraw=False, autoLog=True, blendmode='avg', color=array([1, 1, 1]), colorSpace='rgb', contrast=1.0, depth=-1.0, interpolate=True, mask=None, maskParams=None, name='grating1', opacity=1.0, ori=0.0, phase=array([0., 0.]), pos=array([0., 0.]), rgbPedestal=array([0., 0., 0.]), sf=array([10., 10.]), size=array([1.5, 1. ]), tex='sin', texRes=128.0, units='height', win=Window(...))
11.7074 	EXP 	Created fixation = ShapeStim(__class__=<class 'psychopy.visual.shape.ShapeStim'>, anchor=('center', 'center'), autoDraw=False, autoLog=True, closeShape=True, color=method-wrapper(...), colorSpace='rgb', contrast=None, depth=-2.0, fillColor=array([ 1, -1, -1]), fillColorSpace='rgb', fillRGB=array([ 1, -1, -1]), interpolate=True, lineColor=array([ 1, -1, -1]), lineColorSpace='rgb', lineRGB=array([ 1, -1, -1]), lineWidth=1.0, name='fixation', opacity=1.0, ori=0.0, pos=array([0., 0.]), size=array([0.01, 0.01]), units='height', vertices=ndarray(...), win=Window(...), windingRule=None)
11.7207 	EXP 	Created grating1_2 = GratingStim(__class__=<class 'psychopy.visual.grating.GratingStim'>, anchor='center', autoDraw=False, autoLog=True, blendmode='avg', color=array([1, 1, 1]), colorSpace='rgb', contrast=1.0, depth=-1.0, interpolate=True, mask=None, maskParams=None, name='grating1_2', opacity=1.0, ori=0.0, phase=array([0.5, 0.5]), pos=array([0., 0.]), rgbPedestal=array([0., 0., 0.]), sf=array([10., 10.]), size=array([1.5, 1. ]), tex='sin', texRes=128.0, units='height', win=Window(...))
11.7244 	EXP 	Created fixation_2 = ShapeStim(__class__=<class 'psychopy.visual.shape.ShapeStim'>, anchor=('center', 'center'), autoDraw=False, autoLog=True, closeShape=True, color=method-wrapper(...), colorSpace='rgb', contrast=None, depth=-2.0, fillColor=array([ 1, -1, -1]), fillColorSpace='rgb', fillRGB=array([ 1, -1, -1]), interpolate=True, lineColor=array([ 1, -1, -1]), lineColorSpace='rgb', lineRGB=array([ 1, -1, -1]), lineWidth=1.0, name='fixation_2', opacity=1.0, ori=0.0, pos=array([0., 0.]), size=array([0.01, 0.01]), units='height', vertices=ndarray(...), win=Window(...), windingRule=None)
11.7265 	EXP 	Created sequence: random, trialTypes=1, nReps=75, seed=None
11.7269 	EXP 	New trial (rep=0, index=0): None
11.7443 	WARNING 	t of last frame was 2273.06ms (=1/0)
11.7443 	EXP 	grating1: autoDraw = True
11.7443 	EXP 	fixation: autoDraw = True
11.7443 	EXP 	grating1: tex = 'sin'
12.1474 	WARNING 	t of last frame was 21.90ms (=1/45)
12.2475 	WARNING 	t of last frame was 22.86ms (=1/43)
12.2475 	EXP 	grating1: autoDraw = False
12.2475 	EXP 	fixation: autoDraw = False
12.2475 	EXP 	grating1_2: autoDraw = True
12.2475 	EXP 	fixation_2: autoDraw = True
12.2475 	EXP 	grating1_2: tex = 'sin'
12.3477 	WARNING 	t of last frame was 22.37ms (=1/44)
12.4145 	WARNING 	Multiple dropped frames have occurred - I'll stop bothering you about them!
12.7260 	EXP 	New trial (rep=1, index=0): None
12.7473 	EXP 	grating1_2: autoDraw = False
12.7473 	EXP 	fixation_2: autoDraw = False
12.7473 	EXP 	grating1: autoDraw = True
12.7473 	EXP 	fixation: autoDraw = True
13.2474 	EXP 	grating1: autoDraw = False
13.2474 	EXP 	fixation: autoDraw = False
13.2474 	EXP 	grating1_2: autoDraw = True
13.2474 	EXP 	fixation_2: autoDraw = True
13.7273 	EXP 	New trial (rep=2, index=0): None
13.7383 	EXP 	grating1_2: autoDraw = False
13.7383 	EXP 	fixation_2: autoDraw = False
13.7383 	EXP 	grating1: autoDraw = True
13.7383 	EXP 	fixation: autoDraw = True
14.2399 	EXP 	grating1: autoDraw = False
14.2399 	EXP 	fixation: autoDraw = False
14.2399 	EXP 	grating1_2: autoDraw = True
14.2399 	EXP 	fixation_2: autoDraw = True
14.7350 	EXP 	New trial (rep=3, index=0): None
14.7447 	EXP 	grating1_2: autoDraw = False
14.7447 	EXP 	fixation_2: autoDraw = False
14.7447 	EXP 	grating1: autoDraw = True
14.7447 	EXP 	fixation: autoDraw = True
15.2387 	EXP 	grating1: autoDraw = False
15.2387 	EXP 	fixation: autoDraw = False
15.2387 	EXP 	grating1_2: autoDraw = True
15.2387 	EXP 	fixation_2: autoDraw = True
15.7240 	EXP 	New trial (rep=4, index=0): None
15.7332 	EXP 	grating1_2: autoDraw = False
15.7332 	EXP 	fixation_2: autoDraw = False
15.7332 	EXP 	grating1_2: autoDraw = False
15.7332 	EXP 	fixation_2: autoDraw = False
15.7332 	EXP 	grating1: autoDraw = True
15.7332 	EXP 	fixation: autoDraw = True
16.2319 	EXP 	grating1: autoDraw = False
16.2319 	EXP 	fixation: autoDraw = False
16.2319 	EXP 	grating1: autoDraw = False
16.2319 	EXP 	fixation: autoDraw = False
16.2319 	EXP 	grating1_2: autoDraw = True
16.2319 	EXP 	fixation_2: autoDraw = True
16.7172 	EXP 	New trial (rep=5, index=0): None
16.7249 	EXP 	grating1_2: autoDraw = False
16.7249 	EXP 	fixation_2: autoDraw = False
16.7249 	EXP 	grating1_2: autoDraw = False
16.7249 	EXP 	fixation_2: autoDraw = False
16.7249 	EXP 	grating1: autoDraw = True
16.7249 	EXP 	fixation: autoDraw = True
17.2154 	EXP 	grating1: autoDraw = False
17.2154 	EXP 	fixation: autoDraw = False
17.2154 	EXP 	grating1: autoDraw = False
17.2154 	EXP 	fixation: autoDraw = False
17.2154 	EXP 	grating1_2: autoDraw = True
17.2154 	EXP 	fixation_2: autoDraw = True
17.7006 	EXP 	New trial (rep=6, index=0): None
17.7059 	EXP 	grating1_2: autoDraw = False
17.7059 	EXP 	fixation_2: autoDraw = False
17.7059 	EXP 	grating1_2: autoDraw = False
17.7059 	EXP 	fixation_2: autoDraw = False
17.7225 	EXP 	grating1: autoDraw = True
17.7225 	EXP 	fixation: autoDraw = True
18.2141 	EXP 	grating1: autoDraw = False
18.2141 	EXP 	fixation: autoDraw = False
18.2141 	EXP 	grating1: autoDraw = False
18.2141 	EXP 	fixation: autoDraw = False
18.2230 	EXP 	grating1_2: autoDraw = True
18.2230 	EXP 	fixation_2: autoDraw = True
18.7166 	EXP 	New trial (rep=7, index=0): None
18.7261 	EXP 	grating1_2: autoDraw = False
18.7261 	EXP 	fixation_2: autoDraw = False
18.7261 	EXP 	grating1_2: autoDraw = False
18.7261 	EXP 	fixation_2: autoDraw = False
18.7261 	EXP 	grating1: autoDraw = True
18.7261 	EXP 	fixation: autoDraw = True
19.2244 	EXP 	grating1: autoDraw = False
19.2244 	EXP 	fixation: autoDraw = False
19.2244 	EXP 	grating1: autoDraw = False
19.2244 	EXP 	fixation: autoDraw = False
19.2244 	EXP 	grating1_2: autoDraw = True
19.2244 	EXP 	fixation_2: autoDraw = True
19.7092 	EXP 	New trial (rep=8, index=0): None
19.7169 	EXP 	grating1_2: autoDraw = False
19.7169 	EXP 	fixation_2: autoDraw = False
19.7169 	EXP 	grating1_2: autoDraw = False
19.7169 	EXP 	fixation_2: autoDraw = False
19.7169 	EXP 	grating1: autoDraw = True
19.7169 	EXP 	fixation: autoDraw = True
20.2060 	EXP 	grating1: autoDraw = False
20.2060 	EXP 	fixation: autoDraw = False
20.2060 	EXP 	grating1: autoDraw = False
20.2060 	EXP 	fixation: autoDraw = False
20.2225 	EXP 	grating1_2: autoDraw = True
20.2225 	EXP 	fixation_2: autoDraw = True
20.7068 	EXP 	New trial (rep=9, index=0): None
20.7141 	EXP 	grating1_2: autoDraw = False
20.7141 	EXP 	fixation_2: autoDraw = False
20.7141 	EXP 	grating1_2: autoDraw = False
20.7141 	EXP 	fixation_2: autoDraw = False
20.7222 	EXP 	grating1: autoDraw = True
20.7222 	EXP 	fixation: autoDraw = True
21.2247 	EXP 	grating1: autoDraw = False
21.2247 	EXP 	fixation: autoDraw = False
21.2247 	EXP 	grating1: autoDraw = False
21.2247 	EXP 	fixation: autoDraw = False
21.2247 	EXP 	grating1_2: autoDraw = True
21.2247 	EXP 	fixation_2: autoDraw = True
21.7103 	EXP 	New trial (rep=10, index=0): None
21.7190 	EXP 	grating1_2: autoDraw = False
21.7190 	EXP 	fixation_2: autoDraw = False
21.7190 	EXP 	grating1_2: autoDraw = False
21.7190 	EXP 	fixation_2: autoDraw = False
21.7190 	EXP 	grating1: autoDraw = True
21.7190 	EXP 	fixation: autoDraw = True
22.2485 	EXP 	grating1: autoDraw = False
22.2485 	EXP 	fixation: autoDraw = False
22.2485 	EXP 	grating1: autoDraw = False
22.2485 	EXP 	fixation: autoDraw = False
22.2485 	EXP 	grating1_2: autoDraw = True
22.2485 	EXP 	fixation_2: autoDraw = True
22.7271 	EXP 	New trial (rep=11, index=0): None
22.7355 	EXP 	grating1_2: autoDraw = False
22.7355 	EXP 	fixation_2: autoDraw = False
22.7355 	EXP 	grating1: autoDraw = True
22.7355 	EXP 	fixation: autoDraw = True
23.2311 	EXP 	grating1: autoDraw = False
23.2311 	EXP 	fixation: autoDraw = False
23.2311 	EXP 	grating1: autoDraw = False
23.2311 	EXP 	fixation: autoDraw = False
23.2311 	EXP 	grating1_2: autoDraw = True
23.2311 	EXP 	fixation_2: autoDraw = True
23.7171 	EXP 	New trial (rep=12, index=0): None
23.7260 	EXP 	grating1_2: autoDraw = False
23.7260 	EXP 	fixation_2: autoDraw = False
23.7260 	EXP 	grating1_2: autoDraw = False
23.7260 	EXP 	fixation_2: autoDraw = False
23.7260 	EXP 	grating1: autoDraw = True
23.7260 	EXP 	fixation: autoDraw = True
24.2484 	EXP 	grating1: autoDraw = False
24.2484 	EXP 	fixation: autoDraw = False
24.2484 	EXP 	grating1_2: autoDraw = True
24.2484 	EXP 	fixation_2: autoDraw = True
24.7336 	EXP 	New trial (rep=13, index=0): None
24.7420 	EXP 	grating1_2: autoDraw = False
24.7420 	EXP 	fixation_2: autoDraw = False
24.7420 	EXP 	grating1: autoDraw = True
24.7420 	EXP 	fixation: autoDraw = True
25.2419 	EXP 	grating1: autoDraw = False
25.2419 	EXP 	fixation: autoDraw = False
25.2419 	EXP 	grating1_2: autoDraw = True
25.2419 	EXP 	fixation_2: autoDraw = True
25.7331 	EXP 	New trial (rep=14, index=0): None
25.7413 	EXP 	grating1_2: autoDraw = False
25.7413 	EXP 	fixation_2: autoDraw = False
25.7413 	EXP 	grating1: autoDraw = True
25.7413 	EXP 	fixation: autoDraw = True
26.2415 	EXP 	grating1: autoDraw = False
26.2415 	EXP 	fixation: autoDraw = False
26.2415 	EXP 	grating1_2: autoDraw = True
26.2415 	EXP 	fixation_2: autoDraw = True
26.7333 	EXP 	New trial (rep=15, index=0): None
26.7413 	EXP 	grating1_2: autoDraw = False
26.7413 	EXP 	fixation_2: autoDraw = False
26.7413 	EXP 	grating1: autoDraw = True
26.7413 	EXP 	fixation: autoDraw = True
27.2397 	EXP 	grating1: autoDraw = False
27.2397 	EXP 	fixation: autoDraw = False
27.2397 	EXP 	grating1_2: autoDraw = True
27.2397 	EXP 	fixation_2: autoDraw = True
27.7246 	EXP 	New trial (rep=16, index=0): None
27.7323 	EXP 	grating1_2: autoDraw = False
27.7323 	EXP 	fixation_2: autoDraw = False
27.7323 	EXP 	grating1_2: autoDraw = False
27.7323 	EXP 	fixation_2: autoDraw = False
27.7323 	EXP 	grating1: autoDraw = True
27.7323 	EXP 	fixation: autoDraw = True
28.2316 	EXP 	grating1: autoDraw = False
28.2316 	EXP 	fixation: autoDraw = False
28.2316 	EXP 	grating1: autoDraw = False
28.2316 	EXP 	fixation: autoDraw = False
28.2316 	EXP 	grating1_2: autoDraw = True
28.2316 	EXP 	fixation_2: autoDraw = True
28.7172 	EXP 	New trial (rep=17, index=0): None
28.7249 	EXP 	grating1_2: autoDraw = False
28.7249 	EXP 	fixation_2: autoDraw = False
28.7249 	EXP 	grating1_2: autoDraw = False
28.7249 	EXP 	fixation_2: autoDraw = False
28.7249 	EXP 	grating1: autoDraw = True
28.7249 	EXP 	fixation: autoDraw = True
29.2158 	EXP 	grating1: autoDraw = False
29.2158 	EXP 	fixation: autoDraw = False
29.2158 	EXP 	grating1: autoDraw = False
29.2158 	EXP 	fixation: autoDraw = False
29.2158 	EXP 	grating1_2: autoDraw = True
29.2158 	EXP 	fixation_2: autoDraw = True
29.7167 	EXP 	New trial (rep=18, index=0): None
29.7316 	EXP 	grating1_2: autoDraw = False
29.7316 	EXP 	fixation_2: autoDraw = False
29.7316 	EXP 	grating1_2: autoDraw = False
29.7316 	EXP 	fixation_2: autoDraw = False
29.7316 	EXP 	grating1: autoDraw = True
29.7316 	EXP 	fixation: autoDraw = True
30.2233 	EXP 	grating1: autoDraw = False
30.2233 	EXP 	fixation: autoDraw = False
30.2233 	EXP 	grating1: autoDraw = False
30.2233 	EXP 	fixation: autoDraw = False
30.2233 	EXP 	grating1_2: autoDraw = True
30.2233 	EXP 	fixation_2: autoDraw = True
30.7178 	EXP 	New trial (rep=19, index=0): None
30.7258 	EXP 	grating1_2: autoDraw = False
30.7258 	EXP 	fixation_2: autoDraw = False
30.7258 	EXP 	grating1_2: autoDraw = False
30.7258 	EXP 	fixation_2: autoDraw = False
30.7258 	EXP 	grating1: autoDraw = True
30.7258 	EXP 	fixation: autoDraw = True
31.2239 	EXP 	grating1: autoDraw = False
31.2239 	EXP 	fixation: autoDraw = False
31.2239 	EXP 	grating1: autoDraw = False
31.2239 	EXP 	fixation: autoDraw = False
31.2239 	EXP 	grating1_2: autoDraw = True
31.2239 	EXP 	fixation_2: autoDraw = True
31.7078 	EXP 	New trial (rep=20, index=0): None
31.7142 	EXP 	grating1_2: autoDraw = False
31.7142 	EXP 	fixation_2: autoDraw = False
31.7142 	EXP 	grating1_2: autoDraw = False
31.7142 	EXP 	fixation_2: autoDraw = False
31.7230 	EXP 	grating1: autoDraw = True
31.7230 	EXP 	fixation: autoDraw = True
32.2147 	EXP 	grating1: autoDraw = False
32.2147 	EXP 	fixation: autoDraw = False
32.2147 	EXP 	grating1: autoDraw = False
32.2147 	EXP 	fixation: autoDraw = False
32.2236 	EXP 	grating1_2: autoDraw = True
32.2236 	EXP 	fixation_2: autoDraw = True
32.7088 	EXP 	New trial (rep=21, index=0): None
32.7167 	EXP 	grating1_2: autoDraw = False
32.7167 	EXP 	fixation_2: autoDraw = False
32.7167 	EXP 	grating1_2: autoDraw = False
32.7167 	EXP 	fixation_2: autoDraw = False
32.7167 	EXP 	grating1: autoDraw = True
32.7167 	EXP 	fixation: autoDraw = True
33.2056 	EXP 	grating1: autoDraw = False
33.2056 	EXP 	fixation: autoDraw = False
33.2056 	EXP 	grating1: autoDraw = False
33.2056 	EXP 	fixation: autoDraw = False
33.2235 	EXP 	grating1_2: autoDraw = True
33.2235 	EXP 	fixation_2: autoDraw = True
33.7090 	EXP 	New trial (rep=22, index=0): None
33.7166 	EXP 	grating1_2: autoDraw = False
33.7166 	EXP 	fixation_2: autoDraw = False
33.7166 	EXP 	grating1_2: autoDraw = False
33.7166 	EXP 	fixation_2: autoDraw = False
33.7166 	EXP 	grating1: autoDraw = True
33.7166 	EXP 	fixation: autoDraw = True
34.2150 	EXP 	grating1: autoDraw = False
34.2150 	EXP 	fixation: autoDraw = False
34.2150 	EXP 	grating1: autoDraw = False
34.2150 	EXP 	fixation: autoDraw = False
34.2150 	EXP 	grating1_2: autoDraw = True
34.2150 	EXP 	fixation_2: autoDraw = True
34.7014 	EXP 	New trial (rep=23, index=0): None
34.7073 	EXP 	grating1_2: autoDraw = False
34.7073 	EXP 	fixation_2: autoDraw = False
34.7073 	EXP 	grating1_2: autoDraw = False
34.7073 	EXP 	fixation_2: autoDraw = False
34.7151 	EXP 	grating1: autoDraw = True
34.7151 	EXP 	fixation: autoDraw = True
35.2146 	EXP 	grating1: autoDraw = False
35.2146 	EXP 	fixation: autoDraw = False
35.2146 	EXP 	grating1: autoDraw = False
35.2146 	EXP 	fixation: autoDraw = False
35.2247 	EXP 	grating1_2: autoDraw = True
35.2247 	EXP 	fixation_2: autoDraw = True
35.7088 	EXP 	New trial (rep=24, index=0): None
35.7164 	EXP 	grating1_2: autoDraw = False
35.7164 	EXP 	fixation_2: autoDraw = False
35.7164 	EXP 	grating1_2: autoDraw = False
35.7164 	EXP 	fixation_2: autoDraw = False
35.7164 	EXP 	grating1: autoDraw = True
35.7164 	EXP 	fixation: autoDraw = True
36.2145 	EXP 	grating1: autoDraw = False
36.2145 	EXP 	fixation: autoDraw = False
36.2145 	EXP 	grating1: autoDraw = False
36.2145 	EXP 	fixation: autoDraw = False
36.2232 	EXP 	grating1_2: autoDraw = True
36.2232 	EXP 	fixation_2: autoDraw = True
36.7081 	EXP 	New trial (rep=25, index=0): None
36.7158 	EXP 	grating1_2: autoDraw = False
36.7158 	EXP 	fixation_2: autoDraw = False
36.7158 	EXP 	grating1_2: autoDraw = False
36.7158 	EXP 	fixation_2: autoDraw = False
36.7158 	EXP 	grating1: autoDraw = True
36.7158 	EXP 	fixation: autoDraw = True
37.2056 	EXP 	grating1: autoDraw = False
37.2056 	EXP 	fixation: autoDraw = False
37.2056 	EXP 	grating1: autoDraw = False
37.2056 	EXP 	fixation: autoDraw = False
37.2245 	EXP 	grating1_2: autoDraw = True
37.2245 	EXP 	fixation_2: autoDraw = True
37.7095 	EXP 	New trial (rep=26, index=0): None
37.7310 	EXP 	grating1_2: autoDraw = False
37.7310 	EXP 	fixation_2: autoDraw = False
37.7310 	EXP 	grating1_2: autoDraw = False
37.7310 	EXP 	fixation_2: autoDraw = False
37.7310 	EXP 	grating1: autoDraw = True
37.7310 	EXP 	fixation: autoDraw = True
38.2261 	EXP 	grating1: autoDraw = False
38.2261 	EXP 	fixation: autoDraw = False
38.2261 	EXP 	grating1: autoDraw = False
38.2261 	EXP 	fixation: autoDraw = False
38.2261 	EXP 	grating1_2: autoDraw = True
38.2261 	EXP 	fixation_2: autoDraw = True
38.7163 	EXP 	New trial (rep=27, index=0): None
38.7243 	EXP 	grating1_2: autoDraw = False
38.7243 	EXP 	fixation_2: autoDraw = False
38.7243 	EXP 	grating1_2: autoDraw = False
38.7243 	EXP 	fixation_2: autoDraw = False
38.7243 	EXP 	grating1: autoDraw = True
38.7243 	EXP 	fixation: autoDraw = True
39.2167 	EXP 	grating1: autoDraw = False
39.2167 	EXP 	fixation: autoDraw = False
39.2167 	EXP 	grating1: autoDraw = False
39.2167 	EXP 	fixation: autoDraw = False
39.2167 	EXP 	grating1_2: autoDraw = True
39.2167 	EXP 	fixation_2: autoDraw = True
39.7084 	EXP 	New trial (rep=28, index=0): None
39.7135 	EXP 	grating1_2: autoDraw = False
39.7135 	EXP 	fixation_2: autoDraw = False
39.7135 	EXP 	grating1_2: autoDraw = False
39.7135 	EXP 	fixation_2: autoDraw = False
39.7210 	EXP 	grating1: autoDraw = True
39.7210 	EXP 	fixation: autoDraw = True
40.2168 	EXP 	grating1: autoDraw = False
40.2168 	EXP 	fixation: autoDraw = False
40.2168 	EXP 	grating1: autoDraw = False
40.2168 	EXP 	fixation: autoDraw = False
40.2168 	EXP 	grating1_2: autoDraw = True
40.2168 	EXP 	fixation_2: autoDraw = True
40.7090 	EXP 	New trial (rep=29, index=0): None
40.7167 	EXP 	grating1_2: autoDraw = False
40.7167 	EXP 	fixation_2: autoDraw = False
40.7167 	EXP 	grating1_2: autoDraw = False
40.7167 	EXP 	fixation_2: autoDraw = False
40.7167 	EXP 	grating1: autoDraw = True
40.7167 	EXP 	fixation: autoDraw = True
41.2058 	EXP 	grating1: autoDraw = False
41.2058 	EXP 	fixation: autoDraw = False
41.2058 	EXP 	grating1: autoDraw = False
41.2058 	EXP 	fixation: autoDraw = False
41.2237 	EXP 	grating1_2: autoDraw = True
41.2237 	EXP 	fixation_2: autoDraw = True
41.7094 	EXP 	New trial (rep=30, index=0): None
41.7168 	EXP 	grating1_2: autoDraw = False
41.7168 	EXP 	fixation_2: autoDraw = False
41.7168 	EXP 	grating1_2: autoDraw = False
41.7168 	EXP 	fixation_2: autoDraw = False
41.7168 	EXP 	grating1: autoDraw = True
41.7168 	EXP 	fixation: autoDraw = True
42.2159 	EXP 	grating1: autoDraw = False
42.2159 	EXP 	fixation: autoDraw = False
42.2159 	EXP 	grating1: autoDraw = False
42.2159 	EXP 	fixation: autoDraw = False
42.2159 	EXP 	grating1_2: autoDraw = True
42.2159 	EXP 	fixation_2: autoDraw = True
42.7077 	EXP 	New trial (rep=31, index=0): None
42.7142 	EXP 	grating1_2: autoDraw = False
42.7142 	EXP 	fixation_2: autoDraw = False
42.7142 	EXP 	grating1_2: autoDraw = False
42.7142 	EXP 	fixation_2: autoDraw = False
42.7216 	EXP 	grating1: autoDraw = True
42.7216 	EXP 	fixation: autoDraw = True
43.2145 	EXP 	grating1: autoDraw = False
43.2145 	EXP 	fixation: autoDraw = False
43.2145 	EXP 	grating1: autoDraw = False
43.2145 	EXP 	fixation: autoDraw = False
43.2220 	EXP 	grating1_2: autoDraw = True
43.2220 	EXP 	fixation_2: autoDraw = True
43.7101 	EXP 	New trial (rep=32, index=0): None
43.7188 	EXP 	grating1_2: autoDraw = False
43.7188 	EXP 	fixation_2: autoDraw = False
43.7188 	EXP 	grating1_2: autoDraw = False
43.7188 	EXP 	fixation_2: autoDraw = False
43.7188 	EXP 	grating1: autoDraw = True
43.7188 	EXP 	fixation: autoDraw = True
44.2145 	EXP 	grating1: autoDraw = False
44.2145 	EXP 	fixation: autoDraw = False
44.2145 	EXP 	grating1: autoDraw = False
44.2145 	EXP 	fixation: autoDraw = False
44.2222 	EXP 	grating1_2: autoDraw = True
44.2222 	EXP 	fixation_2: autoDraw = True
44.7089 	EXP 	New trial (rep=33, index=0): None
44.7165 	EXP 	grating1_2: autoDraw = False
44.7165 	EXP 	fixation_2: autoDraw = False
44.7165 	EXP 	grating1_2: autoDraw = False
44.7165 	EXP 	fixation_2: autoDraw = False
44.7165 	EXP 	grating1: autoDraw = True
44.7165 	EXP 	fixation: autoDraw = True
45.2152 	EXP 	grating1: autoDraw = False
45.2152 	EXP 	fixation: autoDraw = False
45.2152 	EXP 	grating1: autoDraw = False
45.2152 	EXP 	fixation: autoDraw = False
45.2152 	EXP 	grating1_2: autoDraw = True
45.2152 	EXP 	fixation_2: autoDraw = True
45.7035 	EXP 	New trial (rep=34, index=0): None
45.7085 	EXP 	grating1_2: autoDraw = False
45.7085 	EXP 	fixation_2: autoDraw = False
45.7085 	EXP 	grating1_2: autoDraw = False
45.7085 	EXP 	fixation_2: autoDraw = False
45.7171 	EXP 	grating1: autoDraw = True
45.7171 	EXP 	fixation: autoDraw = True
46.2163 	EXP 	grating1: autoDraw = False
46.2163 	EXP 	fixation: autoDraw = False
46.2163 	EXP 	grating1: autoDraw = False
46.2163 	EXP 	fixation: autoDraw = False
46.2163 	EXP 	grating1_2: autoDraw = True
46.2163 	EXP 	fixation_2: autoDraw = True
46.6996 	EXP 	New trial (rep=35, index=0): None
46.7042 	EXP 	grating1_2: autoDraw = False
46.7042 	EXP 	fixation_2: autoDraw = False
46.7042 	EXP 	grating1_2: autoDraw = False
46.7042 	EXP 	fixation_2: autoDraw = False
46.7214 	EXP 	grating1: autoDraw = True
46.7214 	EXP 	fixation: autoDraw = True
47.2315 	EXP 	grating1: autoDraw = False
47.2315 	EXP 	fixation: autoDraw = False
47.2315 	EXP 	grating1: autoDraw = False
47.2315 	EXP 	fixation: autoDraw = False
47.2315 	EXP 	grating1_2: autoDraw = True
47.2315 	EXP 	fixation_2: autoDraw = True
47.7180 	EXP 	New trial (rep=36, index=0): None
47.7255 	EXP 	grating1_2: autoDraw = False
47.7255 	EXP 	fixation_2: autoDraw = False
47.7255 	EXP 	grating1_2: autoDraw = False
47.7255 	EXP 	fixation_2: autoDraw = False
47.7255 	EXP 	grating1: autoDraw = True
47.7255 	EXP 	fixation: autoDraw = True
48.2162 	EXP 	grating1: autoDraw = False
48.2162 	EXP 	fixation: autoDraw = False
48.2162 	EXP 	grating1: autoDraw = False
48.2162 	EXP 	fixation: autoDraw = False
48.2162 	EXP 	grating1_2: autoDraw = True
48.2162 	EXP 	fixation_2: autoDraw = True
48.7083 	EXP 	New trial (rep=37, index=0): None
48.7159 	EXP 	grating1_2: autoDraw = False
48.7159 	EXP 	fixation_2: autoDraw = False
48.7159 	EXP 	grating1_2: autoDraw = False
48.7159 	EXP 	fixation_2: autoDraw = False
48.7159 	EXP 	grating1: autoDraw = True
48.7159 	EXP 	fixation: autoDraw = True
49.2052 	EXP 	grating1: autoDraw = False
49.2052 	EXP 	fixation: autoDraw = False
49.2052 	EXP 	grating1: autoDraw = False
49.2052 	EXP 	fixation: autoDraw = False
49.2238 	EXP 	grating1_2: autoDraw = True
49.2238 	EXP 	fixation_2: autoDraw = True
49.7086 	EXP 	New trial (rep=38, index=0): None
49.7162 	EXP 	grating1_2: autoDraw = False
49.7162 	EXP 	fixation_2: autoDraw = False
49.7162 	EXP 	grating1_2: autoDraw = False
49.7162 	EXP 	fixation_2: autoDraw = False
49.7162 	EXP 	grating1: autoDraw = True
49.7162 	EXP 	fixation: autoDraw = True
50.2151 	EXP 	grating1: autoDraw = False
50.2151 	EXP 	fixation: autoDraw = False
50.2151 	EXP 	grating1: autoDraw = False
50.2151 	EXP 	fixation: autoDraw = False
50.2151 	EXP 	grating1_2: autoDraw = True
50.2151 	EXP 	fixation_2: autoDraw = True
50.7004 	EXP 	New trial (rep=39, index=0): None
50.7053 	EXP 	grating1_2: autoDraw = False
50.7053 	EXP 	fixation_2: autoDraw = False
50.7053 	EXP 	grating1_2: autoDraw = False
50.7053 	EXP 	fixation_2: autoDraw = False
50.7237 	EXP 	grating1: autoDraw = True
50.7237 	EXP 	fixation: autoDraw = True
51.2224 	EXP 	grating1: autoDraw = False
51.2224 	EXP 	fixation: autoDraw = False
51.2224 	EXP 	grating1: autoDraw = False
51.2224 	EXP 	fixation: autoDraw = False
51.2224 	EXP 	grating1_2: autoDraw = True
51.2224 	EXP 	fixation_2: autoDraw = True
51.7169 	EXP 	New trial (rep=40, index=0): None
51.7244 	EXP 	grating1_2: autoDraw = False
51.7244 	EXP 	fixation_2: autoDraw = False
51.7244 	EXP 	grating1_2: autoDraw = False
51.7244 	EXP 	fixation_2: autoDraw = False
51.7244 	EXP 	grating1: autoDraw = True
51.7244 	EXP 	fixation: autoDraw = True
52.2161 	EXP 	grating1: autoDraw = False
52.2161 	EXP 	fixation: autoDraw = False
52.2161 	EXP 	grating1: autoDraw = False
52.2161 	EXP 	fixation: autoDraw = False
52.2161 	EXP 	grating1_2: autoDraw = True
52.2161 	EXP 	fixation_2: autoDraw = True
52.7003 	EXP 	New trial (rep=41, index=0): None
52.7052 	EXP 	grating1_2: autoDraw = False
52.7052 	EXP 	fixation_2: autoDraw = False
52.7052 	EXP 	grating1_2: autoDraw = False
52.7052 	EXP 	fixation_2: autoDraw = False
52.7242 	EXP 	grating1: autoDraw = True
52.7242 	EXP 	fixation: autoDraw = True
53.2241 	EXP 	grating1: autoDraw = False
53.2241 	EXP 	fixation: autoDraw = False
53.2241 	EXP 	grating1: autoDraw = False
53.2241 	EXP 	fixation: autoDraw = False
53.2241 	EXP 	grating1_2: autoDraw = True
53.2241 	EXP 	fixation_2: autoDraw = True
53.7112 	EXP 	New trial (rep=42, index=0): None
53.7202 	EXP 	grating1_2: autoDraw = False
53.7202 	EXP 	fixation_2: autoDraw = False
53.7202 	EXP 	grating1_2: autoDraw = False
53.7202 	EXP 	fixation_2: autoDraw = False
53.7202 	EXP 	grating1: autoDraw = True
53.7202 	EXP 	fixation: autoDraw = True
54.2143 	EXP 	grating1: autoDraw = False
54.2143 	EXP 	fixation: autoDraw = False
54.2143 	EXP 	grating1: autoDraw = False
54.2143 	EXP 	fixation: autoDraw = False
54.2217 	EXP 	grating1_2: autoDraw = True
54.2217 	EXP 	fixation_2: autoDraw = True
54.7104 	EXP 	New trial (rep=43, index=0): None
54.7186 	EXP 	grating1_2: autoDraw = False
54.7186 	EXP 	fixation_2: autoDraw = False
54.7186 	EXP 	grating1_2: autoDraw = False
54.7186 	EXP 	fixation_2: autoDraw = False
54.7186 	EXP 	grating1: autoDraw = True
54.7186 	EXP 	fixation: autoDraw = True
55.2153 	EXP 	grating1: autoDraw = False
55.2153 	EXP 	fixation: autoDraw = False
55.2153 	EXP 	grating1: autoDraw = False
55.2153 	EXP 	fixation: autoDraw = False
55.2153 	EXP 	grating1_2: autoDraw = True
55.2153 	EXP 	fixation_2: autoDraw = True
55.7005 	EXP 	New trial (rep=44, index=0): None
55.7061 	EXP 	grating1_2: autoDraw = False
55.7061 	EXP 	fixation_2: autoDraw = False
55.7061 	EXP 	grating1_2: autoDraw = False
55.7061 	EXP 	fixation_2: autoDraw = False
55.7241 	EXP 	grating1: autoDraw = True
55.7241 	EXP 	fixation: autoDraw = True
56.2245 	EXP 	grating1: autoDraw = False
56.2245 	EXP 	fixation: autoDraw = False
56.2245 	EXP 	grating1: autoDraw = False
56.2245 	EXP 	fixation: autoDraw = False
56.2245 	EXP 	grating1_2: autoDraw = True
56.2245 	EXP 	fixation_2: autoDraw = True
56.7172 	EXP 	New trial (rep=45, index=0): None
56.7252 	EXP 	grating1_2: autoDraw = False
56.7252 	EXP 	fixation_2: autoDraw = False
56.7252 	EXP 	grating1_2: autoDraw = False
56.7252 	EXP 	fixation_2: autoDraw = False
56.7252 	EXP 	grating1: autoDraw = True
56.7252 	EXP 	fixation: autoDraw = True
57.2233 	EXP 	grating1: autoDraw = False
57.2233 	EXP 	fixation: autoDraw = False
57.2233 	EXP 	grating1: autoDraw = False
57.2233 	EXP 	fixation: autoDraw = False
57.2233 	EXP 	grating1_2: autoDraw = True
57.2233 	EXP 	fixation_2: autoDraw = True
57.7072 	EXP 	New trial (rep=46, index=0): None
57.7145 	EXP 	grating1_2: autoDraw = False
57.7145 	EXP 	fixation_2: autoDraw = False
57.7145 	EXP 	grating1_2: autoDraw = False
57.7145 	EXP 	fixation_2: autoDraw = False
57.7232 	EXP 	grating1: autoDraw = True
57.7232 	EXP 	fixation: autoDraw = True
58.2240 	EXP 	grating1: autoDraw = False
58.2240 	EXP 	fixation: autoDraw = False
58.2240 	EXP 	grating1: autoDraw = False
58.2240 	EXP 	fixation: autoDraw = False
58.2240 	EXP 	grating1_2: autoDraw = True
58.2240 	EXP 	fixation_2: autoDraw = True
58.7086 	EXP 	New trial (rep=47, index=0): None
58.7163 	EXP 	grating1_2: autoDraw = False
58.7163 	EXP 	fixation_2: autoDraw = False
58.7163 	EXP 	grating1_2: autoDraw = False
58.7163 	EXP 	fixation_2: autoDraw = False
58.7163 	EXP 	grating1: autoDraw = True
58.7163 	EXP 	fixation: autoDraw = True
59.2165 	EXP 	grating1: autoDraw = False
59.2165 	EXP 	fixation: autoDraw = False
59.2165 	EXP 	grating1: autoDraw = False
59.2165 	EXP 	fixation: autoDraw = False
59.2165 	EXP 	grating1_2: autoDraw = True
59.2165 	EXP 	fixation_2: autoDraw = True
59.7087 	EXP 	New trial (rep=48, index=0): None
59.7162 	EXP 	grating1_2: autoDraw = False
59.7162 	EXP 	fixation_2: autoDraw = False
59.7162 	EXP 	grating1_2: autoDraw = False
59.7162 	EXP 	fixation_2: autoDraw = False
59.7162 	EXP 	grating1: autoDraw = True
59.7162 	EXP 	fixation: autoDraw = True
60.2150 	EXP 	grating1: autoDraw = False
60.2150 	EXP 	fixation: autoDraw = False
60.2150 	EXP 	grating1: autoDraw = False
60.2150 	EXP 	fixation: autoDraw = False
60.2150 	EXP 	grating1_2: autoDraw = True
60.2150 	EXP 	fixation_2: autoDraw = True
60.7010 	EXP 	New trial (rep=49, index=0): None
60.7055 	EXP 	grating1_2: autoDraw = False
60.7055 	EXP 	fixation_2: autoDraw = False
60.7055 	EXP 	grating1_2: autoDraw = False
60.7055 	EXP 	fixation_2: autoDraw = False
60.7245 	EXP 	grating1: autoDraw = True
60.7245 	EXP 	fixation: autoDraw = True
61.2161 	EXP 	grating1: autoDraw = False
61.2161 	EXP 	fixation: autoDraw = False
61.2161 	EXP 	grating1: autoDraw = False
61.2161 	EXP 	fixation: autoDraw = False
61.2161 	EXP 	grating1_2: autoDraw = True
61.2161 	EXP 	fixation_2: autoDraw = True
61.7079 	EXP 	New trial (rep=50, index=0): None
61.7160 	EXP 	grating1_2: autoDraw = False
61.7160 	EXP 	fixation_2: autoDraw = False
61.7160 	EXP 	grating1_2: autoDraw = False
61.7160 	EXP 	fixation_2: autoDraw = False
61.7160 	EXP 	grating1: autoDraw = True
61.7160 	EXP 	fixation: autoDraw = True
62.2044 	EXP 	grating1: autoDraw = False
62.2044 	EXP 	fixation: autoDraw = False
62.2044 	EXP 	grating1: autoDraw = False
62.2044 	EXP 	fixation: autoDraw = False
62.2239 	EXP 	grating1_2: autoDraw = True
62.2239 	EXP 	fixation_2: autoDraw = True
62.7076 	EXP 	New trial (rep=51, index=0): None
62.7146 	EXP 	grating1_2: autoDraw = False
62.7146 	EXP 	fixation_2: autoDraw = False
62.7146 	EXP 	grating1_2: autoDraw = False
62.7146 	EXP 	fixation_2: autoDraw = False
62.7237 	EXP 	grating1: autoDraw = True
62.7237 	EXP 	fixation: autoDraw = True
63.2316 	EXP 	grating1: autoDraw = False
63.2316 	EXP 	fixation: autoDraw = False
63.2316 	EXP 	grating1: autoDraw = False
63.2316 	EXP 	fixation: autoDraw = False
63.2316 	EXP 	grating1_2: autoDraw = True
63.2316 	EXP 	fixation_2: autoDraw = True
63.7175 	EXP 	New trial (rep=52, index=0): None
63.7253 	EXP 	grating1_2: autoDraw = False
63.7253 	EXP 	fixation_2: autoDraw = False
63.7253 	EXP 	grating1_2: autoDraw = False
63.7253 	EXP 	fixation_2: autoDraw = False
63.7253 	EXP 	grating1: autoDraw = True
63.7253 	EXP 	fixation: autoDraw = True
64.2239 	EXP 	grating1: autoDraw = False
64.2239 	EXP 	fixation: autoDraw = False
64.2239 	EXP 	grating1: autoDraw = False
64.2239 	EXP 	fixation: autoDraw = False
64.2239 	EXP 	grating1_2: autoDraw = True
64.2239 	EXP 	fixation_2: autoDraw = True
64.7108 	EXP 	New trial (rep=53, index=0): None
64.7198 	EXP 	grating1_2: autoDraw = False
64.7198 	EXP 	fixation_2: autoDraw = False
64.7198 	EXP 	grating1_2: autoDraw = False
64.7198 	EXP 	fixation_2: autoDraw = False
64.7198 	EXP 	grating1: autoDraw = True
64.7198 	EXP 	fixation: autoDraw = True
65.2165 	EXP 	grating1: autoDraw = False
65.2165 	EXP 	fixation: autoDraw = False
65.2165 	EXP 	grating1: autoDraw = False
65.2165 	EXP 	fixation: autoDraw = False
65.2165 	EXP 	grating1_2: autoDraw = True
65.2165 	EXP 	fixation_2: autoDraw = True
66.2405 	EXP 	New trial (rep=54, index=0): None
66.2520 	EXP 	grating1_2: autoDraw = False
66.2520 	EXP 	fixation_2: autoDraw = False
66.2520 	EXP 	grating1_2: autoDraw = False
66.2520 	EXP 	fixation_2: autoDraw = False
66.2520 	EXP 	grating1: autoDraw = False
66.2520 	EXP 	fixation: autoDraw = False
66.2520 	EXP 	grating1_2: autoDraw = True
66.2520 	EXP 	fixation_2: autoDraw = True
66.7337 	EXP 	New trial (rep=55, index=0): None
66.7487 	EXP 	grating1_2: autoDraw = False
66.7487 	EXP 	fixation_2: autoDraw = False
66.7487 	EXP 	grating1: autoDraw = True
66.7487 	EXP 	fixation: autoDraw = True
67.2352 	EXP 	grating1: autoDraw = False
67.2352 	EXP 	fixation: autoDraw = False
67.2352 	EXP 	grating1_2: autoDraw = True
67.2352 	EXP 	fixation_2: autoDraw = True
67.7201 	EXP 	New trial (rep=56, index=0): None
67.7286 	EXP 	grating1_2: autoDraw = False
67.7286 	EXP 	fixation_2: autoDraw = False
67.7286 	EXP 	grating1_2: autoDraw = False
67.7286 	EXP 	fixation_2: autoDraw = False
67.7286 	EXP 	grating1: autoDraw = True
67.7286 	EXP 	fixation: autoDraw = True
68.2236 	EXP 	grating1: autoDraw = False
68.2236 	EXP 	fixation: autoDraw = False
68.2236 	EXP 	grating1: autoDraw = False
68.2236 	EXP 	fixation: autoDraw = False
68.2236 	EXP 	grating1_2: autoDraw = True
68.2236 	EXP 	fixation_2: autoDraw = True
68.7113 	EXP 	New trial (rep=57, index=0): None
68.7219 	EXP 	grating1_2: autoDraw = False
68.7219 	EXP 	fixation_2: autoDraw = False
68.7219 	EXP 	grating1_2: autoDraw = False
68.7219 	EXP 	fixation_2: autoDraw = False
68.7219 	EXP 	grating1: autoDraw = True
68.7219 	EXP 	fixation: autoDraw = True
69.2163 	EXP 	grating1: autoDraw = False
69.2163 	EXP 	fixation: autoDraw = False
69.2163 	EXP 	grating1: autoDraw = False
69.2163 	EXP 	fixation: autoDraw = False
69.2163 	EXP 	grating1_2: autoDraw = True
69.2163 	EXP 	fixation_2: autoDraw = True
69.7019 	EXP 	New trial (rep=58, index=0): None
69.7070 	EXP 	grating1_2: autoDraw = False
69.7070 	EXP 	fixation_2: autoDraw = False
69.7070 	EXP 	grating1_2: autoDraw = False
69.7070 	EXP 	fixation_2: autoDraw = False
69.7159 	EXP 	grating1: autoDraw = True
69.7159 	EXP 	fixation: autoDraw = True
70.2056 	EXP 	grating1: autoDraw = False
70.2056 	EXP 	fixation: autoDraw = False
70.2056 	EXP 	grating1: autoDraw = False
70.2056 	EXP 	fixation: autoDraw = False
70.2235 	EXP 	grating1_2: autoDraw = True
70.2235 	EXP 	fixation_2: autoDraw = True
70.7092 	EXP 	New trial (rep=59, index=0): None
70.7172 	EXP 	grating1_2: autoDraw = False
70.7172 	EXP 	fixation_2: autoDraw = False
70.7172 	EXP 	grating1_2: autoDraw = False
70.7172 	EXP 	fixation_2: autoDraw = False
70.7172 	EXP 	grating1: autoDraw = True
70.7172 	EXP 	fixation: autoDraw = True
71.2152 	EXP 	grating1: autoDraw = False
71.2152 	EXP 	fixation: autoDraw = False
71.2152 	EXP 	grating1: autoDraw = False
71.2152 	EXP 	fixation: autoDraw = False
71.2152 	EXP 	grating1_2: autoDraw = True
71.2152 	EXP 	fixation_2: autoDraw = True
71.7020 	EXP 	New trial (rep=60, index=0): None
71.7073 	EXP 	grating1_2: autoDraw = False
71.7073 	EXP 	fixation_2: autoDraw = False
71.7073 	EXP 	grating1_2: autoDraw = False
71.7073 	EXP 	fixation_2: autoDraw = False
71.7152 	EXP 	grating1: autoDraw = True
71.7152 	EXP 	fixation: autoDraw = True
72.2056 	EXP 	grating1: autoDraw = False
72.2056 	EXP 	fixation: autoDraw = False
72.2056 	EXP 	grating1: autoDraw = False
72.2056 	EXP 	fixation: autoDraw = False
72.2245 	EXP 	grating1_2: autoDraw = True
72.2245 	EXP 	fixation_2: autoDraw = True
72.7084 	EXP 	New trial (rep=61, index=0): None
72.7162 	EXP 	grating1_2: autoDraw = False
72.7162 	EXP 	fixation_2: autoDraw = False
72.7162 	EXP 	grating1_2: autoDraw = False
72.7162 	EXP 	fixation_2: autoDraw = False
72.7162 	EXP 	grating1: autoDraw = True
72.7162 	EXP 	fixation: autoDraw = True
73.2152 	EXP 	grating1: autoDraw = False
73.2152 	EXP 	fixation: autoDraw = False
73.2152 	EXP 	grating1: autoDraw = False
73.2152 	EXP 	fixation: autoDraw = False
73.2319 	EXP 	grating1_2: autoDraw = True
73.2319 	EXP 	fixation_2: autoDraw = True
73.7331 	EXP 	New trial (rep=62, index=0): None
73.7483 	EXP 	grating1_2: autoDraw = False
73.7483 	EXP 	fixation_2: autoDraw = False
73.7483 	EXP 	grating1: autoDraw = True
73.7483 	EXP 	fixation: autoDraw = True
74.2414 	EXP 	grating1: autoDraw = False
74.2414 	EXP 	fixation: autoDraw = False
74.2414 	EXP 	grating1_2: autoDraw = True
74.2414 	EXP 	fixation_2: autoDraw = True
74.7341 	EXP 	New trial (rep=63, index=0): None
74.7422 	EXP 	grating1_2: autoDraw = False
74.7422 	EXP 	fixation_2: autoDraw = False
74.7422 	EXP 	grating1: autoDraw = True
74.7422 	EXP 	fixation: autoDraw = True
75.2332 	EXP 	grating1: autoDraw = False
75.2332 	EXP 	fixation: autoDraw = False
75.2332 	EXP 	grating1_2: autoDraw = True
75.2332 	EXP 	fixation_2: autoDraw = True
75.7178 	EXP 	New trial (rep=64, index=0): None
75.7262 	EXP 	grating1_2: autoDraw = False
75.7262 	EXP 	fixation_2: autoDraw = False
75.7262 	EXP 	grating1_2: autoDraw = False
75.7262 	EXP 	fixation_2: autoDraw = False
75.7262 	EXP 	grating1: autoDraw = True
75.7262 	EXP 	fixation: autoDraw = True
76.2251 	EXP 	grating1: autoDraw = False
76.2251 	EXP 	fixation: autoDraw = False
76.2251 	EXP 	grating1: autoDraw = False
76.2251 	EXP 	fixation: autoDraw = False
76.2251 	EXP 	grating1_2: autoDraw = True
76.2251 	EXP 	fixation_2: autoDraw = True
76.7112 	EXP 	New trial (rep=65, index=0): None
76.7197 	EXP 	grating1_2: autoDraw = False
76.7197 	EXP 	fixation_2: autoDraw = False
76.7197 	EXP 	grating1_2: autoDraw = False
76.7197 	EXP 	fixation_2: autoDraw = False
76.7197 	EXP 	grating1: autoDraw = True
76.7197 	EXP 	fixation: autoDraw = True
77.2147 	EXP 	grating1: autoDraw = False
77.2147 	EXP 	fixation: autoDraw = False
77.2147 	EXP 	grating1: autoDraw = False
77.2147 	EXP 	fixation: autoDraw = False
77.2236 	EXP 	grating1_2: autoDraw = True
77.2236 	EXP 	fixation_2: autoDraw = True
77.7170 	EXP 	New trial (rep=66, index=0): None
77.7253 	EXP 	grating1_2: autoDraw = False
77.7253 	EXP 	fixation_2: autoDraw = False
77.7253 	EXP 	grating1_2: autoDraw = False
77.7253 	EXP 	fixation_2: autoDraw = False
77.7253 	EXP 	grating1: autoDraw = True
77.7253 	EXP 	fixation: autoDraw = True
78.2355 	EXP 	grating1: autoDraw = False
78.2355 	EXP 	fixation: autoDraw = False
78.2355 	EXP 	grating1_2: autoDraw = True
78.2355 	EXP 	fixation_2: autoDraw = True
78.7249 	EXP 	New trial (rep=67, index=0): None
78.7327 	EXP 	grating1_2: autoDraw = False
78.7327 	EXP 	fixation_2: autoDraw = False
78.7327 	EXP 	grating1_2: autoDraw = False
78.7327 	EXP 	fixation_2: autoDraw = False
78.7327 	EXP 	grating1: autoDraw = True
78.7327 	EXP 	fixation: autoDraw = True
79.2249 	EXP 	grating1: autoDraw = False
79.2249 	EXP 	fixation: autoDraw = False
79.2249 	EXP 	grating1: autoDraw = False
79.2249 	EXP 	fixation: autoDraw = False
79.2249 	EXP 	grating1_2: autoDraw = True
79.2249 	EXP 	fixation_2: autoDraw = True
79.7131 	EXP 	New trial (rep=68, index=0): None
79.7217 	EXP 	grating1_2: autoDraw = False
79.7217 	EXP 	fixation_2: autoDraw = False
79.7217 	EXP 	grating1_2: autoDraw = False
79.7217 	EXP 	fixation_2: autoDraw = False
79.7217 	EXP 	grating1: autoDraw = True
79.7217 	EXP 	fixation: autoDraw = True
80.2181 	EXP 	grating1: autoDraw = False
80.2181 	EXP 	fixation: autoDraw = False
80.2181 	EXP 	grating1: autoDraw = False
80.2181 	EXP 	fixation: autoDraw = False
80.2181 	EXP 	grating1_2: autoDraw = True
80.2181 	EXP 	fixation_2: autoDraw = True
80.7086 	EXP 	New trial (rep=69, index=0): None
80.7164 	EXP 	grating1_2: autoDraw = False
80.7164 	EXP 	fixation_2: autoDraw = False
80.7164 	EXP 	grating1_2: autoDraw = False
80.7164 	EXP 	fixation_2: autoDraw = False
80.7164 	EXP 	grating1: autoDraw = True
80.7164 	EXP 	fixation: autoDraw = True
81.2052 	EXP 	grating1: autoDraw = False
81.2052 	EXP 	fixation: autoDraw = False
81.2052 	EXP 	grating1: autoDraw = False
81.2052 	EXP 	fixation: autoDraw = False
81.2225 	EXP 	grating1_2: autoDraw = True
81.2225 	EXP 	fixation_2: autoDraw = True
81.7085 	EXP 	New trial (rep=70, index=0): None
81.7159 	EXP 	grating1_2: autoDraw = False
81.7159 	EXP 	fixation_2: autoDraw = False
81.7159 	EXP 	grating1_2: autoDraw = False
81.7159 	EXP 	fixation_2: autoDraw = False
81.7159 	EXP 	grating1: autoDraw = True
81.7159 	EXP 	fixation: autoDraw = True
82.3702 	EXP 	grating1: autoDraw = False
82.3702 	EXP 	fixation: autoDraw = False
82.3702 	EXP 	grating1_2: autoDraw = True
82.3702 	EXP 	fixation_2: autoDraw = True
82.7335 	EXP 	New trial (rep=71, index=0): None
82.7413 	EXP 	grating1_2: autoDraw = False
82.7413 	EXP 	fixation_2: autoDraw = False
82.7413 	EXP 	grating1: autoDraw = True
82.7413 	EXP 	fixation: autoDraw = True
83.2324 	EXP 	grating1: autoDraw = False
83.2324 	EXP 	fixation: autoDraw = False
83.2324 	EXP 	grating1: autoDraw = False
83.2324 	EXP 	fixation: autoDraw = False
83.2324 	EXP 	grating1_2: autoDraw = True
83.2324 	EXP 	fixation_2: autoDraw = True
83.7334 	EXP 	New trial (rep=72, index=0): None
83.7430 	EXP 	grating1_2: autoDraw = False
83.7430 	EXP 	fixation_2: autoDraw = False
83.7430 	EXP 	grating1: autoDraw = True
83.7430 	EXP 	fixation: autoDraw = True
84.2421 	EXP 	grating1: autoDraw = False
84.2421 	EXP 	fixation: autoDraw = False
84.2421 	EXP 	grating1_2: autoDraw = True
84.2421 	EXP 	fixation_2: autoDraw = True
84.7333 	EXP 	New trial (rep=73, index=0): None
84.7413 	EXP 	grating1_2: autoDraw = False
84.7413 	EXP 	fixation_2: autoDraw = False
84.7413 	EXP 	grating1: autoDraw = True
84.7413 	EXP 	fixation: autoDraw = True
85.2416 	EXP 	grating1: autoDraw = False
85.2416 	EXP 	fixation: autoDraw = False
85.2416 	EXP 	grating1_2: autoDraw = True
85.2416 	EXP 	fixation_2: autoDraw = True
85.7336 	EXP 	New trial (rep=74, index=0): None
85.7425 	EXP 	grating1_2: autoDraw = False
85.7425 	EXP 	fixation_2: autoDraw = False
85.7425 	EXP 	grating1: autoDraw = True
85.7425 	EXP 	fixation: autoDraw = True
86.2411 	EXP 	grating1: autoDraw = False
86.2411 	EXP 	fixation: autoDraw = False
86.2411 	EXP 	grating1_2: autoDraw = True
86.2411 	EXP 	fixation_2: autoDraw = True
86.7309 	EXP 	grating1_2: autoDraw = False
86.7309 	EXP 	fixation_2: autoDraw = False
86.8957 	EXP 	window1: mouseVisible = True
